[2026-04-30T21:47:19.526+0000] {taskinstance.py:1956} INFO - Dependencies all met for dep_context=non-requeueable deps ti=<TaskInstance: fetch_market_data.check_market_open scheduled__2026-04-30T21:30:00+00:00 [queued]>
[2026-04-30T21:47:19.533+0000] {taskinstance.py:1956} INFO - Dependencies all met for dep_context=requeueable deps ti=<TaskInstance: fetch_market_data.check_market_open scheduled__2026-04-30T21:30:00+00:00 [queued]>
[2026-04-30T21:47:19.533+0000] {taskinstance.py:2170} INFO - Starting attempt 1 of 3
[2026-04-30T21:47:19.543+0000] {taskinstance.py:2191} INFO - Executing <Task(MarketOpenSensor): check_market_open> on 2026-04-30 21:30:00+00:00
[2026-04-30T21:47:19.550+0000] {standard_task_runner.py:60} INFO - Started process 633308 to run task
[2026-04-30T21:47:19.553+0000] {standard_task_runner.py:87} INFO - Running: ['airflow', 'tasks', 'run', 'fetch_market_data', 'check_market_open', 'scheduled__2026-04-30T21:30:00+00:00', '--job-id', '270', '--raw', '--subdir', 'DAGS_FOLDER/fetch_market_data.py', '--cfg-path', '/tmp/tmpm064y84t']
[2026-04-30T21:47:19.555+0000] {standard_task_runner.py:88} INFO - Job 270: Subtask check_market_open
[2026-04-30T21:47:19.632+0000] {task_command.py:423} INFO - Running <TaskInstance: fetch_market_data.check_market_open scheduled__2026-04-30T21:30:00+00:00 [running]> on host reddit-pipeline-vm
[2026-04-30T21:47:19.742+0000] {taskinstance.py:2480} INFO - Exporting env vars: AIRFLOW_CTX_DAG_OWNER='pipeline' AIRFLOW_CTX_DAG_ID='fetch_market_data' AIRFLOW_CTX_TASK_ID='check_market_open' AIRFLOW_CTX_EXECUTION_DATE='2026-04-30T21:30:00+00:00' AIRFLOW_CTX_TRY_NUMBER='1' AIRFLOW_CTX_DAG_RUN_ID='scheduled__2026-04-30T21:30:00+00:00'
[2026-04-30T21:47:19.759+0000] {sensors.py:45} INFO - Market open check at 2026-04-30 17:47 ET: False
[2026-04-30T21:47:19.785+0000] {taskinstance.py:2658} INFO - Rescheduling task, marking task as UP_FOR_RESCHEDULE
[2026-04-30T21:47:19.806+0000] {local_task_job_runner.py:234} INFO - Task exited with return code 0
[2026-04-30T21:47:19.848+0000] {taskinstance.py:3280} INFO - 0 downstream tasks scheduled from follow-on schedule check
[2026-04-30T21:48:21.126+0000] {taskinstance.py:1956} INFO - Dependencies all met for dep_context=non-requeueable deps ti=<TaskInstance: fetch_market_data.check_market_open scheduled__2026-04-30T21:30:00+00:00 [queued]>
[2026-04-30T21:48:21.134+0000] {taskinstance.py:1956} INFO - Dependencies all met for dep_context=requeueable deps ti=<TaskInstance: fetch_market_data.check_market_open scheduled__2026-04-30T21:30:00+00:00 [queued]>
[2026-04-30T21:48:21.134+0000] {taskinstance.py:2170} INFO - Starting attempt 1 of 3
[2026-04-30T21:48:21.145+0000] {taskinstance.py:2191} INFO - Executing <Task(MarketOpenSensor): check_market_open> on 2026-04-30 21:30:00+00:00
[2026-04-30T21:48:21.152+0000] {standard_task_runner.py:60} INFO - Started process 633381 to run task
[2026-04-30T21:48:21.156+0000] {standard_task_runner.py:87} INFO - Running: ['airflow', 'tasks', 'run', 'fetch_market_data', 'check_market_open', 'scheduled__2026-04-30T21:30:00+00:00', '--job-id', '271', '--raw', '--subdir', 'DAGS_FOLDER/fetch_market_data.py', '--cfg-path', '/tmp/tmpopfveg7f']
[2026-04-30T21:48:21.158+0000] {standard_task_runner.py:88} INFO - Job 271: Subtask check_market_open
[2026-04-30T21:48:21.233+0000] {task_command.py:423} INFO - Running <TaskInstance: fetch_market_data.check_market_open scheduled__2026-04-30T21:30:00+00:00 [running]> on host reddit-pipeline-vm
[2026-04-30T21:48:21.341+0000] {taskinstance.py:2480} INFO - Exporting env vars: AIRFLOW_CTX_DAG_OWNER='pipeline' AIRFLOW_CTX_DAG_ID='fetch_market_data' AIRFLOW_CTX_TASK_ID='check_market_open' AIRFLOW_CTX_EXECUTION_DATE='2026-04-30T21:30:00+00:00' AIRFLOW_CTX_TRY_NUMBER='1' AIRFLOW_CTX_DAG_RUN_ID='scheduled__2026-04-30T21:30:00+00:00'
[2026-04-30T21:48:21.359+0000] {sensors.py:45} INFO - Market open check at 2026-04-30 17:48 ET: False
[2026-04-30T21:48:21.385+0000] {taskinstance.py:2658} INFO - Rescheduling task, marking task as UP_FOR_RESCHEDULE
[2026-04-30T21:48:21.408+0000] {local_task_job_runner.py:234} INFO - Task exited with return code 0
[2026-04-30T21:48:21.448+0000] {taskinstance.py:3280} INFO - 0 downstream tasks scheduled from follow-on schedule check
[2026-04-30T21:49:22.701+0000] {taskinstance.py:1956} INFO - Dependencies all met for dep_context=non-requeueable deps ti=<TaskInstance: fetch_market_data.check_market_open scheduled__2026-04-30T21:30:00+00:00 [queued]>
[2026-04-30T21:49:22.708+0000] {taskinstance.py:1956} INFO - Dependencies all met for dep_context=requeueable deps ti=<TaskInstance: fetch_market_data.check_market_open scheduled__2026-04-30T21:30:00+00:00 [queued]>
[2026-04-30T21:49:22.708+0000] {taskinstance.py:2170} INFO - Starting attempt 1 of 3
[2026-04-30T21:49:22.718+0000] {taskinstance.py:2191} INFO - Executing <Task(MarketOpenSensor): check_market_open> on 2026-04-30 21:30:00+00:00
[2026-04-30T21:49:22.725+0000] {standard_task_runner.py:60} INFO - Started process 633454 to run task
[2026-04-30T21:49:22.728+0000] {standard_task_runner.py:87} INFO - Running: ['airflow', 'tasks', 'run', 'fetch_market_data', 'check_market_open', 'scheduled__2026-04-30T21:30:00+00:00', '--job-id', '272', '--raw', '--subdir', 'DAGS_FOLDER/fetch_market_data.py', '--cfg-path', '/tmp/tmp66vsx8ee']
[2026-04-30T21:49:22.730+0000] {standard_task_runner.py:88} INFO - Job 272: Subtask check_market_open
[2026-04-30T21:49:22.804+0000] {task_command.py:423} INFO - Running <TaskInstance: fetch_market_data.check_market_open scheduled__2026-04-30T21:30:00+00:00 [running]> on host reddit-pipeline-vm
[2026-04-30T21:49:22.913+0000] {taskinstance.py:2480} INFO - Exporting env vars: AIRFLOW_CTX_DAG_OWNER='pipeline' AIRFLOW_CTX_DAG_ID='fetch_market_data' AIRFLOW_CTX_TASK_ID='check_market_open' AIRFLOW_CTX_EXECUTION_DATE='2026-04-30T21:30:00+00:00' AIRFLOW_CTX_TRY_NUMBER='1' AIRFLOW_CTX_DAG_RUN_ID='scheduled__2026-04-30T21:30:00+00:00'
[2026-04-30T21:49:22.930+0000] {sensors.py:45} INFO - Market open check at 2026-04-30 17:49 ET: False
[2026-04-30T21:49:22.956+0000] {taskinstance.py:2658} INFO - Rescheduling task, marking task as UP_FOR_RESCHEDULE
[2026-04-30T21:49:22.981+0000] {local_task_job_runner.py:234} INFO - Task exited with return code 0
[2026-04-30T21:49:23.020+0000] {taskinstance.py:3280} INFO - 0 downstream tasks scheduled from follow-on schedule check
[2026-04-30T21:50:24.127+0000] {taskinstance.py:1956} INFO - Dependencies all met for dep_context=non-requeueable deps ti=<TaskInstance: fetch_market_data.check_market_open scheduled__2026-04-30T21:30:00+00:00 [queued]>
[2026-04-30T21:50:24.135+0000] {taskinstance.py:1956} INFO - Dependencies all met for dep_context=requeueable deps ti=<TaskInstance: fetch_market_data.check_market_open scheduled__2026-04-30T21:30:00+00:00 [queued]>
[2026-04-30T21:50:24.135+0000] {taskinstance.py:2170} INFO - Starting attempt 1 of 3
[2026-04-30T21:50:24.145+0000] {taskinstance.py:2191} INFO - Executing <Task(MarketOpenSensor): check_market_open> on 2026-04-30 21:30:00+00:00
[2026-04-30T21:50:24.151+0000] {standard_task_runner.py:60} INFO - Started process 633525 to run task
[2026-04-30T21:50:24.154+0000] {standard_task_runner.py:87} INFO - Running: ['airflow', 'tasks', 'run', 'fetch_market_data', 'check_market_open', 'scheduled__2026-04-30T21:30:00+00:00', '--job-id', '273', '--raw', '--subdir', 'DAGS_FOLDER/fetch_market_data.py', '--cfg-path', '/tmp/tmpa4_yp0a6']
[2026-04-30T21:50:24.156+0000] {standard_task_runner.py:88} INFO - Job 273: Subtask check_market_open
[2026-04-30T21:50:24.232+0000] {task_command.py:423} INFO - Running <TaskInstance: fetch_market_data.check_market_open scheduled__2026-04-30T21:30:00+00:00 [running]> on host reddit-pipeline-vm
[2026-04-30T21:50:24.340+0000] {taskinstance.py:2480} INFO - Exporting env vars: AIRFLOW_CTX_DAG_OWNER='pipeline' AIRFLOW_CTX_DAG_ID='fetch_market_data' AIRFLOW_CTX_TASK_ID='check_market_open' AIRFLOW_CTX_EXECUTION_DATE='2026-04-30T21:30:00+00:00' AIRFLOW_CTX_TRY_NUMBER='1' AIRFLOW_CTX_DAG_RUN_ID='scheduled__2026-04-30T21:30:00+00:00'
[2026-04-30T21:50:24.358+0000] {sensors.py:45} INFO - Market open check at 2026-04-30 17:50 ET: False
[2026-04-30T21:50:24.384+0000] {taskinstance.py:2658} INFO - Rescheduling task, marking task as UP_FOR_RESCHEDULE
[2026-04-30T21:50:24.408+0000] {local_task_job_runner.py:234} INFO - Task exited with return code 0
[2026-04-30T21:50:24.448+0000] {taskinstance.py:3280} INFO - 0 downstream tasks scheduled from follow-on schedule check
[2026-04-30T21:51:25.414+0000] {taskinstance.py:1956} INFO - Dependencies all met for dep_context=non-requeueable deps ti=<TaskInstance: fetch_market_data.check_market_open scheduled__2026-04-30T21:30:00+00:00 [queued]>
[2026-04-30T21:51:25.421+0000] {taskinstance.py:1956} INFO - Dependencies all met for dep_context=requeueable deps ti=<TaskInstance: fetch_market_data.check_market_open scheduled__2026-04-30T21:30:00+00:00 [queued]>
[2026-04-30T21:51:25.422+0000] {taskinstance.py:2170} INFO - Starting attempt 1 of 3
[2026-04-30T21:51:25.431+0000] {taskinstance.py:2191} INFO - Executing <Task(MarketOpenSensor): check_market_open> on 2026-04-30 21:30:00+00:00
[2026-04-30T21:51:25.438+0000] {standard_task_runner.py:60} INFO - Started process 633597 to run task
[2026-04-30T21:51:25.441+0000] {standard_task_runner.py:87} INFO - Running: ['airflow', 'tasks', 'run', 'fetch_market_data', 'check_market_open', 'scheduled__2026-04-30T21:30:00+00:00', '--job-id', '274', '--raw', '--subdir', 'DAGS_FOLDER/fetch_market_data.py', '--cfg-path', '/tmp/tmp0s48r39m']
[2026-04-30T21:51:25.443+0000] {standard_task_runner.py:88} INFO - Job 274: Subtask check_market_open
[2026-04-30T21:51:25.517+0000] {task_command.py:423} INFO - Running <TaskInstance: fetch_market_data.check_market_open scheduled__2026-04-30T21:30:00+00:00 [running]> on host reddit-pipeline-vm
[2026-04-30T21:51:25.626+0000] {taskinstance.py:2480} INFO - Exporting env vars: AIRFLOW_CTX_DAG_OWNER='pipeline' AIRFLOW_CTX_DAG_ID='fetch_market_data' AIRFLOW_CTX_TASK_ID='check_market_open' AIRFLOW_CTX_EXECUTION_DATE='2026-04-30T21:30:00+00:00' AIRFLOW_CTX_TRY_NUMBER='1' AIRFLOW_CTX_DAG_RUN_ID='scheduled__2026-04-30T21:30:00+00:00'
[2026-04-30T21:51:25.643+0000] {sensors.py:45} INFO - Market open check at 2026-04-30 17:51 ET: False
[2026-04-30T21:51:25.669+0000] {taskinstance.py:2658} INFO - Rescheduling task, marking task as UP_FOR_RESCHEDULE
[2026-04-30T21:51:25.693+0000] {local_task_job_runner.py:234} INFO - Task exited with return code 0
[2026-04-30T21:51:25.734+0000] {taskinstance.py:3280} INFO - 0 downstream tasks scheduled from follow-on schedule check
[2026-04-30T21:52:26.434+0000] {taskinstance.py:1956} INFO - Dependencies all met for dep_context=non-requeueable deps ti=<TaskInstance: fetch_market_data.check_market_open scheduled__2026-04-30T21:30:00+00:00 [queued]>
[2026-04-30T21:52:26.441+0000] {taskinstance.py:1956} INFO - Dependencies all met for dep_context=requeueable deps ti=<TaskInstance: fetch_market_data.check_market_open scheduled__2026-04-30T21:30:00+00:00 [queued]>
[2026-04-30T21:52:26.441+0000] {taskinstance.py:2170} INFO - Starting attempt 1 of 3
[2026-04-30T21:52:26.451+0000] {taskinstance.py:2191} INFO - Executing <Task(MarketOpenSensor): check_market_open> on 2026-04-30 21:30:00+00:00
[2026-04-30T21:52:26.457+0000] {standard_task_runner.py:60} INFO - Started process 633668 to run task
[2026-04-30T21:52:26.460+0000] {standard_task_runner.py:87} INFO - Running: ['airflow', 'tasks', 'run', 'fetch_market_data', 'check_market_open', 'scheduled__2026-04-30T21:30:00+00:00', '--job-id', '275', '--raw', '--subdir', 'DAGS_FOLDER/fetch_market_data.py', '--cfg-path', '/tmp/tmpco__qpd4']
[2026-04-30T21:52:26.462+0000] {standard_task_runner.py:88} INFO - Job 275: Subtask check_market_open
[2026-04-30T21:52:26.537+0000] {task_command.py:423} INFO - Running <TaskInstance: fetch_market_data.check_market_open scheduled__2026-04-30T21:30:00+00:00 [running]> on host reddit-pipeline-vm
[2026-04-30T21:52:26.645+0000] {taskinstance.py:2480} INFO - Exporting env vars: AIRFLOW_CTX_DAG_OWNER='pipeline' AIRFLOW_CTX_DAG_ID='fetch_market_data' AIRFLOW_CTX_TASK_ID='check_market_open' AIRFLOW_CTX_EXECUTION_DATE='2026-04-30T21:30:00+00:00' AIRFLOW_CTX_TRY_NUMBER='1' AIRFLOW_CTX_DAG_RUN_ID='scheduled__2026-04-30T21:30:00+00:00'
[2026-04-30T21:52:26.663+0000] {sensors.py:45} INFO - Market open check at 2026-04-30 17:52 ET: False
[2026-04-30T21:52:26.689+0000] {taskinstance.py:2658} INFO - Rescheduling task, marking task as UP_FOR_RESCHEDULE
[2026-04-30T21:52:26.714+0000] {local_task_job_runner.py:234} INFO - Task exited with return code 0
[2026-04-30T21:52:26.753+0000] {taskinstance.py:3280} INFO - 0 downstream tasks scheduled from follow-on schedule check
[2026-04-30T21:53:27.644+0000] {taskinstance.py:1956} INFO - Dependencies all met for dep_context=non-requeueable deps ti=<TaskInstance: fetch_market_data.check_market_open scheduled__2026-04-30T21:30:00+00:00 [queued]>
[2026-04-30T21:53:27.651+0000] {taskinstance.py:1956} INFO - Dependencies all met for dep_context=requeueable deps ti=<TaskInstance: fetch_market_data.check_market_open scheduled__2026-04-30T21:30:00+00:00 [queued]>
[2026-04-30T21:53:27.651+0000] {taskinstance.py:2170} INFO - Starting attempt 1 of 3
[2026-04-30T21:53:27.661+0000] {taskinstance.py:2191} INFO - Executing <Task(MarketOpenSensor): check_market_open> on 2026-04-30 21:30:00+00:00
[2026-04-30T21:53:27.667+0000] {standard_task_runner.py:60} INFO - Started process 633744 to run task
[2026-04-30T21:53:27.670+0000] {standard_task_runner.py:87} INFO - Running: ['airflow', 'tasks', 'run', 'fetch_market_data', 'check_market_open', 'scheduled__2026-04-30T21:30:00+00:00', '--job-id', '276', '--raw', '--subdir', 'DAGS_FOLDER/fetch_market_data.py', '--cfg-path', '/tmp/tmpixzcp4nx']
[2026-04-30T21:53:27.672+0000] {standard_task_runner.py:88} INFO - Job 276: Subtask check_market_open
[2026-04-30T21:53:27.746+0000] {task_command.py:423} INFO - Running <TaskInstance: fetch_market_data.check_market_open scheduled__2026-04-30T21:30:00+00:00 [running]> on host reddit-pipeline-vm
[2026-04-30T21:53:27.854+0000] {taskinstance.py:2480} INFO - Exporting env vars: AIRFLOW_CTX_DAG_OWNER='pipeline' AIRFLOW_CTX_DAG_ID='fetch_market_data' AIRFLOW_CTX_TASK_ID='check_market_open' AIRFLOW_CTX_EXECUTION_DATE='2026-04-30T21:30:00+00:00' AIRFLOW_CTX_TRY_NUMBER='1' AIRFLOW_CTX_DAG_RUN_ID='scheduled__2026-04-30T21:30:00+00:00'
[2026-04-30T21:53:27.873+0000] {sensors.py:45} INFO - Market open check at 2026-04-30 17:53 ET: False
[2026-04-30T21:53:27.899+0000] {taskinstance.py:2658} INFO - Rescheduling task, marking task as UP_FOR_RESCHEDULE
[2026-04-30T21:53:27.923+0000] {local_task_job_runner.py:234} INFO - Task exited with return code 0
[2026-04-30T21:53:27.963+0000] {taskinstance.py:3280} INFO - 0 downstream tasks scheduled from follow-on schedule check
[2026-04-30T21:54:29.475+0000] {taskinstance.py:1956} INFO - Dependencies all met for dep_context=non-requeueable deps ti=<TaskInstance: fetch_market_data.check_market_open scheduled__2026-04-30T21:30:00+00:00 [queued]>
[2026-04-30T21:54:29.482+0000] {taskinstance.py:1956} INFO - Dependencies all met for dep_context=requeueable deps ti=<TaskInstance: fetch_market_data.check_market_open scheduled__2026-04-30T21:30:00+00:00 [queued]>
[2026-04-30T21:54:29.482+0000] {taskinstance.py:2170} INFO - Starting attempt 1 of 3
[2026-04-30T21:54:29.492+0000] {taskinstance.py:2191} INFO - Executing <Task(MarketOpenSensor): check_market_open> on 2026-04-30 21:30:00+00:00
[2026-04-30T21:54:29.499+0000] {standard_task_runner.py:60} INFO - Started process 633812 to run task
[2026-04-30T21:54:29.502+0000] {standard_task_runner.py:87} INFO - Running: ['airflow', 'tasks', 'run', 'fetch_market_data', 'check_market_open', 'scheduled__2026-04-30T21:30:00+00:00', '--job-id', '277', '--raw', '--subdir', 'DAGS_FOLDER/fetch_market_data.py', '--cfg-path', '/tmp/tmp7w2wg382']
[2026-04-30T21:54:29.504+0000] {standard_task_runner.py:88} INFO - Job 277: Subtask check_market_open
[2026-04-30T21:54:29.579+0000] {task_command.py:423} INFO - Running <TaskInstance: fetch_market_data.check_market_open scheduled__2026-04-30T21:30:00+00:00 [running]> on host reddit-pipeline-vm
[2026-04-30T21:54:29.688+0000] {taskinstance.py:2480} INFO - Exporting env vars: AIRFLOW_CTX_DAG_OWNER='pipeline' AIRFLOW_CTX_DAG_ID='fetch_market_data' AIRFLOW_CTX_TASK_ID='check_market_open' AIRFLOW_CTX_EXECUTION_DATE='2026-04-30T21:30:00+00:00' AIRFLOW_CTX_TRY_NUMBER='1' AIRFLOW_CTX_DAG_RUN_ID='scheduled__2026-04-30T21:30:00+00:00'
[2026-04-30T21:54:29.706+0000] {sensors.py:45} INFO - Market open check at 2026-04-30 17:54 ET: False
[2026-04-30T21:54:29.731+0000] {taskinstance.py:2658} INFO - Rescheduling task, marking task as UP_FOR_RESCHEDULE
[2026-04-30T21:54:29.755+0000] {local_task_job_runner.py:234} INFO - Task exited with return code 0
[2026-04-30T21:54:29.794+0000] {taskinstance.py:3280} INFO - 0 downstream tasks scheduled from follow-on schedule check
[2026-04-30T21:55:31.039+0000] {taskinstance.py:1956} INFO - Dependencies all met for dep_context=non-requeueable deps ti=<TaskInstance: fetch_market_data.check_market_open scheduled__2026-04-30T21:30:00+00:00 [queued]>
[2026-04-30T21:55:31.046+0000] {taskinstance.py:1956} INFO - Dependencies all met for dep_context=requeueable deps ti=<TaskInstance: fetch_market_data.check_market_open scheduled__2026-04-30T21:30:00+00:00 [queued]>
[2026-04-30T21:55:31.047+0000] {taskinstance.py:2170} INFO - Starting attempt 1 of 3
[2026-04-30T21:55:31.056+0000] {taskinstance.py:2191} INFO - Executing <Task(MarketOpenSensor): check_market_open> on 2026-04-30 21:30:00+00:00
[2026-04-30T21:55:31.063+0000] {standard_task_runner.py:60} INFO - Started process 633878 to run task
[2026-04-30T21:55:31.067+0000] {standard_task_runner.py:87} INFO - Running: ['airflow', 'tasks', 'run', 'fetch_market_data', 'check_market_open', 'scheduled__2026-04-30T21:30:00+00:00', '--job-id', '278', '--raw', '--subdir', 'DAGS_FOLDER/fetch_market_data.py', '--cfg-path', '/tmp/tmpv44h1lh9']
[2026-04-30T21:55:31.069+0000] {standard_task_runner.py:88} INFO - Job 278: Subtask check_market_open
[2026-04-30T21:55:31.143+0000] {task_command.py:423} INFO - Running <TaskInstance: fetch_market_data.check_market_open scheduled__2026-04-30T21:30:00+00:00 [running]> on host reddit-pipeline-vm
[2026-04-30T21:55:31.250+0000] {taskinstance.py:2480} INFO - Exporting env vars: AIRFLOW_CTX_DAG_OWNER='pipeline' AIRFLOW_CTX_DAG_ID='fetch_market_data' AIRFLOW_CTX_TASK_ID='check_market_open' AIRFLOW_CTX_EXECUTION_DATE='2026-04-30T21:30:00+00:00' AIRFLOW_CTX_TRY_NUMBER='1' AIRFLOW_CTX_DAG_RUN_ID='scheduled__2026-04-30T21:30:00+00:00'
[2026-04-30T21:55:31.268+0000] {sensors.py:45} INFO - Market open check at 2026-04-30 17:55 ET: False
[2026-04-30T21:55:31.294+0000] {taskinstance.py:2658} INFO - Rescheduling task, marking task as UP_FOR_RESCHEDULE
[2026-04-30T21:55:31.319+0000] {local_task_job_runner.py:234} INFO - Task exited with return code 0
[2026-04-30T21:55:31.359+0000] {taskinstance.py:3280} INFO - 0 downstream tasks scheduled from follow-on schedule check
[2026-04-30T21:56:32.573+0000] {taskinstance.py:1956} INFO - Dependencies all met for dep_context=non-requeueable deps ti=<TaskInstance: fetch_market_data.check_market_open scheduled__2026-04-30T21:30:00+00:00 [queued]>
[2026-04-30T21:56:32.581+0000] {taskinstance.py:1956} INFO - Dependencies all met for dep_context=requeueable deps ti=<TaskInstance: fetch_market_data.check_market_open scheduled__2026-04-30T21:30:00+00:00 [queued]>
[2026-04-30T21:56:32.581+0000] {taskinstance.py:2170} INFO - Starting attempt 1 of 3
[2026-04-30T21:56:32.591+0000] {taskinstance.py:2191} INFO - Executing <Task(MarketOpenSensor): check_market_open> on 2026-04-30 21:30:00+00:00
[2026-04-30T21:56:32.598+0000] {standard_task_runner.py:60} INFO - Started process 633951 to run task
[2026-04-30T21:56:32.601+0000] {standard_task_runner.py:87} INFO - Running: ['airflow', 'tasks', 'run', 'fetch_market_data', 'check_market_open', 'scheduled__2026-04-30T21:30:00+00:00', '--job-id', '279', '--raw', '--subdir', 'DAGS_FOLDER/fetch_market_data.py', '--cfg-path', '/tmp/tmptlvkpmqn']
[2026-04-30T21:56:32.603+0000] {standard_task_runner.py:88} INFO - Job 279: Subtask check_market_open
[2026-04-30T21:56:32.678+0000] {task_command.py:423} INFO - Running <TaskInstance: fetch_market_data.check_market_open scheduled__2026-04-30T21:30:00+00:00 [running]> on host reddit-pipeline-vm
[2026-04-30T21:56:32.786+0000] {taskinstance.py:2480} INFO - Exporting env vars: AIRFLOW_CTX_DAG_OWNER='pipeline' AIRFLOW_CTX_DAG_ID='fetch_market_data' AIRFLOW_CTX_TASK_ID='check_market_open' AIRFLOW_CTX_EXECUTION_DATE='2026-04-30T21:30:00+00:00' AIRFLOW_CTX_TRY_NUMBER='1' AIRFLOW_CTX_DAG_RUN_ID='scheduled__2026-04-30T21:30:00+00:00'
[2026-04-30T21:56:32.805+0000] {sensors.py:45} INFO - Market open check at 2026-04-30 17:56 ET: False
[2026-04-30T21:56:32.831+0000] {taskinstance.py:2658} INFO - Rescheduling task, marking task as UP_FOR_RESCHEDULE
[2026-04-30T21:56:32.854+0000] {local_task_job_runner.py:234} INFO - Task exited with return code 0
[2026-04-30T21:56:32.894+0000] {taskinstance.py:3280} INFO - 0 downstream tasks scheduled from follow-on schedule check
[2026-04-30T21:57:34.138+0000] {taskinstance.py:1956} INFO - Dependencies all met for dep_context=non-requeueable deps ti=<TaskInstance: fetch_market_data.check_market_open scheduled__2026-04-30T21:30:00+00:00 [queued]>
[2026-04-30T21:57:34.145+0000] {taskinstance.py:1956} INFO - Dependencies all met for dep_context=requeueable deps ti=<TaskInstance: fetch_market_data.check_market_open scheduled__2026-04-30T21:30:00+00:00 [queued]>
[2026-04-30T21:57:34.145+0000] {taskinstance.py:2170} INFO - Starting attempt 1 of 3
[2026-04-30T21:57:34.155+0000] {taskinstance.py:2191} INFO - Executing <Task(MarketOpenSensor): check_market_open> on 2026-04-30 21:30:00+00:00
[2026-04-30T21:57:34.161+0000] {standard_task_runner.py:60} INFO - Started process 634016 to run task
[2026-04-30T21:57:34.164+0000] {standard_task_runner.py:87} INFO - Running: ['airflow', 'tasks', 'run', 'fetch_market_data', 'check_market_open', 'scheduled__2026-04-30T21:30:00+00:00', '--job-id', '280', '--raw', '--subdir', 'DAGS_FOLDER/fetch_market_data.py', '--cfg-path', '/tmp/tmp8xch107l']
[2026-04-30T21:57:34.166+0000] {standard_task_runner.py:88} INFO - Job 280: Subtask check_market_open
[2026-04-30T21:57:34.240+0000] {task_command.py:423} INFO - Running <TaskInstance: fetch_market_data.check_market_open scheduled__2026-04-30T21:30:00+00:00 [running]> on host reddit-pipeline-vm
[2026-04-30T21:57:34.351+0000] {taskinstance.py:2480} INFO - Exporting env vars: AIRFLOW_CTX_DAG_OWNER='pipeline' AIRFLOW_CTX_DAG_ID='fetch_market_data' AIRFLOW_CTX_TASK_ID='check_market_open' AIRFLOW_CTX_EXECUTION_DATE='2026-04-30T21:30:00+00:00' AIRFLOW_CTX_TRY_NUMBER='1' AIRFLOW_CTX_DAG_RUN_ID='scheduled__2026-04-30T21:30:00+00:00'
[2026-04-30T21:57:34.369+0000] {sensors.py:45} INFO - Market open check at 2026-04-30 17:57 ET: False
[2026-04-30T21:57:34.395+0000] {taskinstance.py:2658} INFO - Rescheduling task, marking task as UP_FOR_RESCHEDULE
[2026-04-30T21:57:34.418+0000] {local_task_job_runner.py:234} INFO - Task exited with return code 0
[2026-04-30T21:57:34.461+0000] {taskinstance.py:3280} INFO - 0 downstream tasks scheduled from follow-on schedule check
[2026-04-30T21:58:35.548+0000] {taskinstance.py:1956} INFO - Dependencies all met for dep_context=non-requeueable deps ti=<TaskInstance: fetch_market_data.check_market_open scheduled__2026-04-30T21:30:00+00:00 [queued]>
[2026-04-30T21:58:35.556+0000] {taskinstance.py:1956} INFO - Dependencies all met for dep_context=requeueable deps ti=<TaskInstance: fetch_market_data.check_market_open scheduled__2026-04-30T21:30:00+00:00 [queued]>
[2026-04-30T21:58:35.556+0000] {taskinstance.py:2170} INFO - Starting attempt 1 of 3
[2026-04-30T21:58:35.566+0000] {taskinstance.py:2191} INFO - Executing <Task(MarketOpenSensor): check_market_open> on 2026-04-30 21:30:00+00:00
[2026-04-30T21:58:35.574+0000] {standard_task_runner.py:60} INFO - Started process 634089 to run task
[2026-04-30T21:58:35.578+0000] {standard_task_runner.py:87} INFO - Running: ['airflow', 'tasks', 'run', 'fetch_market_data', 'check_market_open', 'scheduled__2026-04-30T21:30:00+00:00', '--job-id', '281', '--raw', '--subdir', 'DAGS_FOLDER/fetch_market_data.py', '--cfg-path', '/tmp/tmpep63hjvl']
[2026-04-30T21:58:35.580+0000] {standard_task_runner.py:88} INFO - Job 281: Subtask check_market_open
[2026-04-30T21:58:35.656+0000] {task_command.py:423} INFO - Running <TaskInstance: fetch_market_data.check_market_open scheduled__2026-04-30T21:30:00+00:00 [running]> on host reddit-pipeline-vm
[2026-04-30T21:58:35.763+0000] {taskinstance.py:2480} INFO - Exporting env vars: AIRFLOW_CTX_DAG_OWNER='pipeline' AIRFLOW_CTX_DAG_ID='fetch_market_data' AIRFLOW_CTX_TASK_ID='check_market_open' AIRFLOW_CTX_EXECUTION_DATE='2026-04-30T21:30:00+00:00' AIRFLOW_CTX_TRY_NUMBER='1' AIRFLOW_CTX_DAG_RUN_ID='scheduled__2026-04-30T21:30:00+00:00'
[2026-04-30T21:58:35.782+0000] {sensors.py:45} INFO - Market open check at 2026-04-30 17:58 ET: False
[2026-04-30T21:58:35.808+0000] {taskinstance.py:2658} INFO - Rescheduling task, marking task as UP_FOR_RESCHEDULE
[2026-04-30T21:58:35.832+0000] {local_task_job_runner.py:234} INFO - Task exited with return code 0
[2026-04-30T21:58:35.872+0000] {taskinstance.py:3280} INFO - 0 downstream tasks scheduled from follow-on schedule check
[2026-04-30T21:59:36.366+0000] {taskinstance.py:1956} INFO - Dependencies all met for dep_context=non-requeueable deps ti=<TaskInstance: fetch_market_data.check_market_open scheduled__2026-04-30T21:30:00+00:00 [queued]>
[2026-04-30T21:59:36.373+0000] {taskinstance.py:1956} INFO - Dependencies all met for dep_context=requeueable deps ti=<TaskInstance: fetch_market_data.check_market_open scheduled__2026-04-30T21:30:00+00:00 [queued]>
[2026-04-30T21:59:36.373+0000] {taskinstance.py:2170} INFO - Starting attempt 1 of 3
[2026-04-30T21:59:36.383+0000] {taskinstance.py:2191} INFO - Executing <Task(MarketOpenSensor): check_market_open> on 2026-04-30 21:30:00+00:00
[2026-04-30T21:59:36.390+0000] {standard_task_runner.py:60} INFO - Started process 634162 to run task
[2026-04-30T21:59:36.393+0000] {standard_task_runner.py:87} INFO - Running: ['airflow', 'tasks', 'run', 'fetch_market_data', 'check_market_open', 'scheduled__2026-04-30T21:30:00+00:00', '--job-id', '282', '--raw', '--subdir', 'DAGS_FOLDER/fetch_market_data.py', '--cfg-path', '/tmp/tmpii7pzrzm']
[2026-04-30T21:59:36.395+0000] {standard_task_runner.py:88} INFO - Job 282: Subtask check_market_open
[2026-04-30T21:59:36.470+0000] {task_command.py:423} INFO - Running <TaskInstance: fetch_market_data.check_market_open scheduled__2026-04-30T21:30:00+00:00 [running]> on host reddit-pipeline-vm
[2026-04-30T21:59:36.578+0000] {taskinstance.py:2480} INFO - Exporting env vars: AIRFLOW_CTX_DAG_OWNER='pipeline' AIRFLOW_CTX_DAG_ID='fetch_market_data' AIRFLOW_CTX_TASK_ID='check_market_open' AIRFLOW_CTX_EXECUTION_DATE='2026-04-30T21:30:00+00:00' AIRFLOW_CTX_TRY_NUMBER='1' AIRFLOW_CTX_DAG_RUN_ID='scheduled__2026-04-30T21:30:00+00:00'
[2026-04-30T21:59:36.596+0000] {sensors.py:45} INFO - Market open check at 2026-04-30 17:59 ET: False
[2026-04-30T21:59:36.623+0000] {taskinstance.py:2658} INFO - Rescheduling task, marking task as UP_FOR_RESCHEDULE
[2026-04-30T21:59:36.646+0000] {local_task_job_runner.py:234} INFO - Task exited with return code 0
[2026-04-30T21:59:36.686+0000] {taskinstance.py:3280} INFO - 0 downstream tasks scheduled from follow-on schedule check
[2026-04-30T22:00:37.659+0000] {taskinstance.py:1956} INFO - Dependencies all met for dep_context=non-requeueable deps ti=<TaskInstance: fetch_market_data.check_market_open scheduled__2026-04-30T21:30:00+00:00 [queued]>
[2026-04-30T22:00:37.666+0000] {taskinstance.py:1956} INFO - Dependencies all met for dep_context=requeueable deps ti=<TaskInstance: fetch_market_data.check_market_open scheduled__2026-04-30T21:30:00+00:00 [queued]>
[2026-04-30T22:00:37.666+0000] {taskinstance.py:2170} INFO - Starting attempt 1 of 3
[2026-04-30T22:00:37.676+0000] {taskinstance.py:2191} INFO - Executing <Task(MarketOpenSensor): check_market_open> on 2026-04-30 21:30:00+00:00
[2026-04-30T22:00:37.683+0000] {standard_task_runner.py:60} INFO - Started process 634228 to run task
[2026-04-30T22:00:37.686+0000] {standard_task_runner.py:87} INFO - Running: ['airflow', 'tasks', 'run', 'fetch_market_data', 'check_market_open', 'scheduled__2026-04-30T21:30:00+00:00', '--job-id', '283', '--raw', '--subdir', 'DAGS_FOLDER/fetch_market_data.py', '--cfg-path', '/tmp/tmp27rma5ob']
[2026-04-30T22:00:37.688+0000] {standard_task_runner.py:88} INFO - Job 283: Subtask check_market_open
[2026-04-30T22:00:37.763+0000] {task_command.py:423} INFO - Running <TaskInstance: fetch_market_data.check_market_open scheduled__2026-04-30T21:30:00+00:00 [running]> on host reddit-pipeline-vm
[2026-04-30T22:00:37.871+0000] {taskinstance.py:2480} INFO - Exporting env vars: AIRFLOW_CTX_DAG_OWNER='pipeline' AIRFLOW_CTX_DAG_ID='fetch_market_data' AIRFLOW_CTX_TASK_ID='check_market_open' AIRFLOW_CTX_EXECUTION_DATE='2026-04-30T21:30:00+00:00' AIRFLOW_CTX_TRY_NUMBER='1' AIRFLOW_CTX_DAG_RUN_ID='scheduled__2026-04-30T21:30:00+00:00'
[2026-04-30T22:00:37.889+0000] {sensors.py:45} INFO - Market open check at 2026-04-30 18:00 ET: False
[2026-04-30T22:00:37.915+0000] {taskinstance.py:2658} INFO - Rescheduling task, marking task as UP_FOR_RESCHEDULE
[2026-04-30T22:00:37.939+0000] {local_task_job_runner.py:234} INFO - Task exited with return code 0
[2026-04-30T22:00:37.978+0000] {taskinstance.py:3280} INFO - 0 downstream tasks scheduled from follow-on schedule check
[2026-04-30T22:01:39.224+0000] {taskinstance.py:1956} INFO - Dependencies all met for dep_context=non-requeueable deps ti=<TaskInstance: fetch_market_data.check_market_open scheduled__2026-04-30T21:30:00+00:00 [queued]>
[2026-04-30T22:01:39.231+0000] {taskinstance.py:1956} INFO - Dependencies all met for dep_context=requeueable deps ti=<TaskInstance: fetch_market_data.check_market_open scheduled__2026-04-30T21:30:00+00:00 [queued]>
[2026-04-30T22:01:39.231+0000] {taskinstance.py:2170} INFO - Starting attempt 1 of 3
[2026-04-30T22:01:39.241+0000] {taskinstance.py:2191} INFO - Executing <Task(MarketOpenSensor): check_market_open> on 2026-04-30 21:30:00+00:00
[2026-04-30T22:01:39.247+0000] {standard_task_runner.py:60} INFO - Started process 634307 to run task
[2026-04-30T22:01:39.250+0000] {standard_task_runner.py:87} INFO - Running: ['airflow', 'tasks', 'run', 'fetch_market_data', 'check_market_open', 'scheduled__2026-04-30T21:30:00+00:00', '--job-id', '284', '--raw', '--subdir', 'DAGS_FOLDER/fetch_market_data.py', '--cfg-path', '/tmp/tmpzgh87qsn']
[2026-04-30T22:01:39.252+0000] {standard_task_runner.py:88} INFO - Job 284: Subtask check_market_open
[2026-04-30T22:01:39.327+0000] {task_command.py:423} INFO - Running <TaskInstance: fetch_market_data.check_market_open scheduled__2026-04-30T21:30:00+00:00 [running]> on host reddit-pipeline-vm
[2026-04-30T22:01:39.435+0000] {taskinstance.py:2480} INFO - Exporting env vars: AIRFLOW_CTX_DAG_OWNER='pipeline' AIRFLOW_CTX_DAG_ID='fetch_market_data' AIRFLOW_CTX_TASK_ID='check_market_open' AIRFLOW_CTX_EXECUTION_DATE='2026-04-30T21:30:00+00:00' AIRFLOW_CTX_TRY_NUMBER='1' AIRFLOW_CTX_DAG_RUN_ID='scheduled__2026-04-30T21:30:00+00:00'
[2026-04-30T22:01:39.453+0000] {sensors.py:45} INFO - Market open check at 2026-04-30 18:01 ET: False
[2026-04-30T22:01:39.479+0000] {taskinstance.py:2658} INFO - Rescheduling task, marking task as UP_FOR_RESCHEDULE
[2026-04-30T22:01:39.503+0000] {local_task_job_runner.py:234} INFO - Task exited with return code 0
[2026-04-30T22:01:39.543+0000] {taskinstance.py:3280} INFO - 0 downstream tasks scheduled from follow-on schedule check
[2026-04-30T22:02:40.796+0000] {taskinstance.py:1956} INFO - Dependencies all met for dep_context=non-requeueable deps ti=<TaskInstance: fetch_market_data.check_market_open scheduled__2026-04-30T21:30:00+00:00 [queued]>
[2026-04-30T22:02:40.803+0000] {taskinstance.py:1956} INFO - Dependencies all met for dep_context=requeueable deps ti=<TaskInstance: fetch_market_data.check_market_open scheduled__2026-04-30T21:30:00+00:00 [queued]>
[2026-04-30T22:02:40.803+0000] {taskinstance.py:2170} INFO - Starting attempt 1 of 3
[2026-04-30T22:02:40.813+0000] {taskinstance.py:2191} INFO - Executing <Task(MarketOpenSensor): check_market_open> on 2026-04-30 21:30:00+00:00
[2026-04-30T22:02:40.819+0000] {standard_task_runner.py:60} INFO - Started process 634380 to run task
[2026-04-30T22:02:40.822+0000] {standard_task_runner.py:87} INFO - Running: ['airflow', 'tasks', 'run', 'fetch_market_data', 'check_market_open', 'scheduled__2026-04-30T21:30:00+00:00', '--job-id', '285', '--raw', '--subdir', 'DAGS_FOLDER/fetch_market_data.py', '--cfg-path', '/tmp/tmp88wc_5ak']
[2026-04-30T22:02:40.824+0000] {standard_task_runner.py:88} INFO - Job 285: Subtask check_market_open
[2026-04-30T22:02:40.900+0000] {task_command.py:423} INFO - Running <TaskInstance: fetch_market_data.check_market_open scheduled__2026-04-30T21:30:00+00:00 [running]> on host reddit-pipeline-vm
[2026-04-30T22:02:41.009+0000] {taskinstance.py:2480} INFO - Exporting env vars: AIRFLOW_CTX_DAG_OWNER='pipeline' AIRFLOW_CTX_DAG_ID='fetch_market_data' AIRFLOW_CTX_TASK_ID='check_market_open' AIRFLOW_CTX_EXECUTION_DATE='2026-04-30T21:30:00+00:00' AIRFLOW_CTX_TRY_NUMBER='1' AIRFLOW_CTX_DAG_RUN_ID='scheduled__2026-04-30T21:30:00+00:00'
[2026-04-30T22:02:41.027+0000] {sensors.py:45} INFO - Market open check at 2026-04-30 18:02 ET: False
[2026-04-30T22:02:41.027+0000] {taskinstance.py:2698} ERROR - Task failed with exception
Traceback (most recent call last):
  File "/home/ubuntu/github_repo/Stock-Market-Intelligence-Pipeline/venv/lib/python3.11/site-packages/airflow/models/taskinstance.py", line 433, in _execute_task
    result = execute_callable(context=context, **execute_callable_kwargs)
             ^^^^^^^^^^^^^^^^^^^^^^^^^^^^^^^^^^^^^^^^^^^^^^^^^^^^^^^^^^^^
  File "/home/ubuntu/github_repo/Stock-Market-Intelligence-Pipeline/venv/lib/python3.11/site-packages/airflow/sensors/base.py", line 282, in execute
    raise AirflowSensorTimeout(message)
airflow.exceptions.AirflowSensorTimeout: Sensor has timed out; run duration of 921.361232 seconds exceeds the specified timeout of 900.0.
[2026-04-30T22:02:41.044+0000] {taskinstance.py:1138} INFO - Immediate failure requested. Marking task as FAILED. dag_id=fetch_market_data, task_id=check_market_open, execution_date=20260430T213000, start_date=20260430T220240, end_date=20260430T220241
[2026-04-30T22:02:41.054+0000] {standard_task_runner.py:107} ERROR - Failed to execute job 285 for task check_market_open (Sensor has timed out; run duration of 921.361232 seconds exceeds the specified timeout of 900.0.; 634380)
[2026-04-30T22:02:41.075+0000] {local_task_job_runner.py:234} INFO - Task exited with return code 1
[2026-04-30T22:02:41.126+0000] {taskinstance.py:3280} INFO - 0 downstream tasks scheduled from follow-on schedule check
