[2026-05-12T00:00:34.671+0000] {taskinstance.py:1956} INFO - Dependencies all met for dep_context=non-requeueable deps ti=<TaskInstance: fetch_market_data.check_market_open scheduled__2026-05-11T23:00:00+00:00 [queued]>
[2026-05-12T00:00:34.677+0000] {taskinstance.py:1956} INFO - Dependencies all met for dep_context=requeueable deps ti=<TaskInstance: fetch_market_data.check_market_open scheduled__2026-05-11T23:00:00+00:00 [queued]>
[2026-05-12T00:00:34.678+0000] {taskinstance.py:2170} INFO - Starting attempt 1 of 3
[2026-05-12T00:00:34.689+0000] {taskinstance.py:2191} INFO - Executing <Task(MarketOpenSensor): check_market_open> on 2026-05-11 23:00:00+00:00
[2026-05-12T00:00:34.695+0000] {standard_task_runner.py:60} INFO - Started process 1549117 to run task
[2026-05-12T00:00:34.698+0000] {standard_task_runner.py:87} INFO - Running: ['airflow', 'tasks', 'run', 'fetch_market_data', 'check_market_open', 'scheduled__2026-05-11T23:00:00+00:00', '--job-id', '1930', '--raw', '--subdir', 'DAGS_FOLDER/fetch_market_data.py', '--cfg-path', '/tmp/tmpoi1lf5vn']
[2026-05-12T00:00:34.700+0000] {standard_task_runner.py:88} INFO - Job 1930: Subtask check_market_open
[2026-05-12T00:00:34.767+0000] {task_command.py:423} INFO - Running <TaskInstance: fetch_market_data.check_market_open scheduled__2026-05-11T23:00:00+00:00 [running]> on host reddit-pipeline-vm
[2026-05-12T00:00:34.862+0000] {taskinstance.py:2480} INFO - Exporting env vars: AIRFLOW_CTX_DAG_OWNER='pipeline' AIRFLOW_CTX_DAG_ID='fetch_market_data' AIRFLOW_CTX_TASK_ID='check_market_open' AIRFLOW_CTX_EXECUTION_DATE='2026-05-11T23:00:00+00:00' AIRFLOW_CTX_TRY_NUMBER='1' AIRFLOW_CTX_DAG_RUN_ID='scheduled__2026-05-11T23:00:00+00:00'
[2026-05-12T00:00:34.877+0000] {sensors.py:45} INFO - Market open check at 2026-05-11 20:00 ET: False
[2026-05-12T00:00:34.900+0000] {taskinstance.py:2658} INFO - Rescheduling task, marking task as UP_FOR_RESCHEDULE
[2026-05-12T00:00:34.911+0000] {local_task_job_runner.py:234} INFO - Task exited with return code 0
[2026-05-12T00:00:34.945+0000] {taskinstance.py:3280} INFO - 0 downstream tasks scheduled from follow-on schedule check
[2026-05-12T00:15:35.488+0000] {taskinstance.py:1956} INFO - Dependencies all met for dep_context=non-requeueable deps ti=<TaskInstance: fetch_market_data.check_market_open scheduled__2026-05-11T23:00:00+00:00 [queued]>
[2026-05-12T00:15:35.495+0000] {taskinstance.py:1956} INFO - Dependencies all met for dep_context=requeueable deps ti=<TaskInstance: fetch_market_data.check_market_open scheduled__2026-05-11T23:00:00+00:00 [queued]>
[2026-05-12T00:15:35.495+0000] {taskinstance.py:2170} INFO - Starting attempt 1 of 3
[2026-05-12T00:15:35.507+0000] {taskinstance.py:2191} INFO - Executing <Task(MarketOpenSensor): check_market_open> on 2026-05-11 23:00:00+00:00
[2026-05-12T00:15:35.515+0000] {standard_task_runner.py:60} INFO - Started process 1550078 to run task
[2026-05-12T00:15:35.518+0000] {standard_task_runner.py:87} INFO - Running: ['airflow', 'tasks', 'run', 'fetch_market_data', 'check_market_open', 'scheduled__2026-05-11T23:00:00+00:00', '--job-id', '1931', '--raw', '--subdir', 'DAGS_FOLDER/fetch_market_data.py', '--cfg-path', '/tmp/tmph5781s33']
[2026-05-12T00:15:35.520+0000] {standard_task_runner.py:88} INFO - Job 1931: Subtask check_market_open
[2026-05-12T00:15:35.583+0000] {task_command.py:423} INFO - Running <TaskInstance: fetch_market_data.check_market_open scheduled__2026-05-11T23:00:00+00:00 [running]> on host reddit-pipeline-vm
[2026-05-12T00:15:35.677+0000] {taskinstance.py:2480} INFO - Exporting env vars: AIRFLOW_CTX_DAG_OWNER='pipeline' AIRFLOW_CTX_DAG_ID='fetch_market_data' AIRFLOW_CTX_TASK_ID='check_market_open' AIRFLOW_CTX_EXECUTION_DATE='2026-05-11T23:00:00+00:00' AIRFLOW_CTX_TRY_NUMBER='1' AIRFLOW_CTX_DAG_RUN_ID='scheduled__2026-05-11T23:00:00+00:00'
[2026-05-12T00:15:35.691+0000] {sensors.py:45} INFO - Market open check at 2026-05-11 20:15 ET: False
[2026-05-12T00:15:35.714+0000] {taskinstance.py:2658} INFO - Rescheduling task, marking task as UP_FOR_RESCHEDULE
[2026-05-12T00:15:35.731+0000] {local_task_job_runner.py:234} INFO - Task exited with return code 0
[2026-05-12T00:15:35.764+0000] {taskinstance.py:3280} INFO - 0 downstream tasks scheduled from follow-on schedule check
[2026-05-12T00:30:37.093+0000] {taskinstance.py:1956} INFO - Dependencies all met for dep_context=non-requeueable deps ti=<TaskInstance: fetch_market_data.check_market_open scheduled__2026-05-11T23:00:00+00:00 [queued]>
[2026-05-12T00:30:37.101+0000] {taskinstance.py:1956} INFO - Dependencies all met for dep_context=requeueable deps ti=<TaskInstance: fetch_market_data.check_market_open scheduled__2026-05-11T23:00:00+00:00 [queued]>
[2026-05-12T00:30:37.101+0000] {taskinstance.py:2170} INFO - Starting attempt 1 of 3
[2026-05-12T00:30:37.112+0000] {taskinstance.py:2191} INFO - Executing <Task(MarketOpenSensor): check_market_open> on 2026-05-11 23:00:00+00:00
[2026-05-12T00:30:37.118+0000] {standard_task_runner.py:60} INFO - Started process 1551045 to run task
[2026-05-12T00:30:37.122+0000] {standard_task_runner.py:87} INFO - Running: ['airflow', 'tasks', 'run', 'fetch_market_data', 'check_market_open', 'scheduled__2026-05-11T23:00:00+00:00', '--job-id', '1932', '--raw', '--subdir', 'DAGS_FOLDER/fetch_market_data.py', '--cfg-path', '/tmp/tmpe7ahybzk']
[2026-05-12T00:30:37.124+0000] {standard_task_runner.py:88} INFO - Job 1932: Subtask check_market_open
[2026-05-12T00:30:37.189+0000] {task_command.py:423} INFO - Running <TaskInstance: fetch_market_data.check_market_open scheduled__2026-05-11T23:00:00+00:00 [running]> on host reddit-pipeline-vm
[2026-05-12T00:30:37.283+0000] {taskinstance.py:2480} INFO - Exporting env vars: AIRFLOW_CTX_DAG_OWNER='pipeline' AIRFLOW_CTX_DAG_ID='fetch_market_data' AIRFLOW_CTX_TASK_ID='check_market_open' AIRFLOW_CTX_EXECUTION_DATE='2026-05-11T23:00:00+00:00' AIRFLOW_CTX_TRY_NUMBER='1' AIRFLOW_CTX_DAG_RUN_ID='scheduled__2026-05-11T23:00:00+00:00'
[2026-05-12T00:30:37.298+0000] {sensors.py:45} INFO - Market open check at 2026-05-11 20:30 ET: False
[2026-05-12T00:30:37.321+0000] {taskinstance.py:2658} INFO - Rescheduling task, marking task as UP_FOR_RESCHEDULE
[2026-05-12T00:30:37.334+0000] {local_task_job_runner.py:234} INFO - Task exited with return code 0
[2026-05-12T00:30:37.368+0000] {taskinstance.py:3280} INFO - 0 downstream tasks scheduled from follow-on schedule check
[2026-05-12T00:45:38.045+0000] {taskinstance.py:1956} INFO - Dependencies all met for dep_context=non-requeueable deps ti=<TaskInstance: fetch_market_data.check_market_open scheduled__2026-05-11T23:00:00+00:00 [queued]>
[2026-05-12T00:45:38.052+0000] {taskinstance.py:1956} INFO - Dependencies all met for dep_context=requeueable deps ti=<TaskInstance: fetch_market_data.check_market_open scheduled__2026-05-11T23:00:00+00:00 [queued]>
[2026-05-12T00:45:38.052+0000] {taskinstance.py:2170} INFO - Starting attempt 1 of 3
[2026-05-12T00:45:38.064+0000] {taskinstance.py:2191} INFO - Executing <Task(MarketOpenSensor): check_market_open> on 2026-05-11 23:00:00+00:00
[2026-05-12T00:45:38.071+0000] {standard_task_runner.py:60} INFO - Started process 1552025 to run task
[2026-05-12T00:45:38.074+0000] {standard_task_runner.py:87} INFO - Running: ['airflow', 'tasks', 'run', 'fetch_market_data', 'check_market_open', 'scheduled__2026-05-11T23:00:00+00:00', '--job-id', '1933', '--raw', '--subdir', 'DAGS_FOLDER/fetch_market_data.py', '--cfg-path', '/tmp/tmpc3ymnp1h']
[2026-05-12T00:45:38.077+0000] {standard_task_runner.py:88} INFO - Job 1933: Subtask check_market_open
[2026-05-12T00:45:38.145+0000] {task_command.py:423} INFO - Running <TaskInstance: fetch_market_data.check_market_open scheduled__2026-05-11T23:00:00+00:00 [running]> on host reddit-pipeline-vm
[2026-05-12T00:45:38.244+0000] {taskinstance.py:2480} INFO - Exporting env vars: AIRFLOW_CTX_DAG_OWNER='pipeline' AIRFLOW_CTX_DAG_ID='fetch_market_data' AIRFLOW_CTX_TASK_ID='check_market_open' AIRFLOW_CTX_EXECUTION_DATE='2026-05-11T23:00:00+00:00' AIRFLOW_CTX_TRY_NUMBER='1' AIRFLOW_CTX_DAG_RUN_ID='scheduled__2026-05-11T23:00:00+00:00'
[2026-05-12T00:45:38.260+0000] {sensors.py:45} INFO - Market open check at 2026-05-11 20:45 ET: False
[2026-05-12T00:45:38.283+0000] {taskinstance.py:2658} INFO - Rescheduling task, marking task as UP_FOR_RESCHEDULE
[2026-05-12T00:45:38.327+0000] {local_task_job_runner.py:234} INFO - Task exited with return code 0
[2026-05-12T00:45:38.360+0000] {taskinstance.py:3280} INFO - 0 downstream tasks scheduled from follow-on schedule check
[2026-05-12T01:00:39.375+0000] {taskinstance.py:1956} INFO - Dependencies all met for dep_context=non-requeueable deps ti=<TaskInstance: fetch_market_data.check_market_open scheduled__2026-05-11T23:00:00+00:00 [queued]>
[2026-05-12T01:00:39.385+0000] {taskinstance.py:1956} INFO - Dependencies all met for dep_context=requeueable deps ti=<TaskInstance: fetch_market_data.check_market_open scheduled__2026-05-11T23:00:00+00:00 [queued]>
[2026-05-12T01:00:39.385+0000] {taskinstance.py:2170} INFO - Starting attempt 1 of 3
[2026-05-12T01:00:39.396+0000] {taskinstance.py:2191} INFO - Executing <Task(MarketOpenSensor): check_market_open> on 2026-05-11 23:00:00+00:00
[2026-05-12T01:00:39.403+0000] {standard_task_runner.py:60} INFO - Started process 1552992 to run task
[2026-05-12T01:00:39.406+0000] {standard_task_runner.py:87} INFO - Running: ['airflow', 'tasks', 'run', 'fetch_market_data', 'check_market_open', 'scheduled__2026-05-11T23:00:00+00:00', '--job-id', '1934', '--raw', '--subdir', 'DAGS_FOLDER/fetch_market_data.py', '--cfg-path', '/tmp/tmpfy7v0glg']
[2026-05-12T01:00:39.408+0000] {standard_task_runner.py:88} INFO - Job 1934: Subtask check_market_open
[2026-05-12T01:00:39.474+0000] {task_command.py:423} INFO - Running <TaskInstance: fetch_market_data.check_market_open scheduled__2026-05-11T23:00:00+00:00 [running]> on host reddit-pipeline-vm
[2026-05-12T01:00:39.566+0000] {taskinstance.py:2480} INFO - Exporting env vars: AIRFLOW_CTX_DAG_OWNER='pipeline' AIRFLOW_CTX_DAG_ID='fetch_market_data' AIRFLOW_CTX_TASK_ID='check_market_open' AIRFLOW_CTX_EXECUTION_DATE='2026-05-11T23:00:00+00:00' AIRFLOW_CTX_TRY_NUMBER='1' AIRFLOW_CTX_DAG_RUN_ID='scheduled__2026-05-11T23:00:00+00:00'
[2026-05-12T01:00:39.582+0000] {sensors.py:45} INFO - Market open check at 2026-05-11 21:00 ET: False
[2026-05-12T01:00:39.582+0000] {taskinstance.py:2360} INFO - Sensor has timed out; run duration of 3604.787119 seconds exceeds the specified timeout of 3600.0.
[2026-05-12T01:00:39.596+0000] {taskinstance.py:1138} INFO - Marking task as SKIPPED. dag_id=fetch_market_data, task_id=check_market_open, execution_date=20260511T230000, start_date=20260512T010039, end_date=20260512T010039
[2026-05-12T01:00:39.618+0000] {local_task_job_runner.py:234} INFO - Task exited with return code 0
[2026-05-12T01:00:39.664+0000] {taskinstance.py:3280} INFO - 0 downstream tasks scheduled from follow-on schedule check
