[2026-05-04T16:00:23.904+0000] {taskinstance.py:1956} INFO - Dependencies all met for dep_context=non-requeueable deps ti=<TaskInstance: run_dbt_models.dbt_run manual__2026-05-04T16:00:23.394404+00:00 [queued]>
[2026-05-04T16:00:23.911+0000] {taskinstance.py:1956} INFO - Dependencies all met for dep_context=requeueable deps ti=<TaskInstance: run_dbt_models.dbt_run manual__2026-05-04T16:00:23.394404+00:00 [queued]>
[2026-05-04T16:00:23.911+0000] {taskinstance.py:2170} INFO - Starting attempt 1 of 2
[2026-05-04T16:00:23.923+0000] {taskinstance.py:2191} INFO - Executing <Task(BashOperator): dbt_run> on 2026-05-04 16:00:23.394404+00:00
[2026-05-04T16:00:23.928+0000] {standard_task_runner.py:60} INFO - Started process 925313 to run task
[2026-05-04T16:00:23.932+0000] {standard_task_runner.py:87} INFO - Running: ['airflow', 'tasks', 'run', 'run_dbt_models', 'dbt_run', 'manual__2026-05-04T16:00:23.394404+00:00', '--job-id', '1158', '--raw', '--subdir', 'DAGS_FOLDER/run_dbt_models.py', '--cfg-path', '/tmp/tmpo6ltq06r']
[2026-05-04T16:00:23.934+0000] {standard_task_runner.py:88} INFO - Job 1158: Subtask dbt_run
[2026-05-04T16:00:24.006+0000] {task_command.py:423} INFO - Running <TaskInstance: run_dbt_models.dbt_run manual__2026-05-04T16:00:23.394404+00:00 [running]> on host reddit-pipeline-vm
[2026-05-04T16:00:24.114+0000] {taskinstance.py:2480} INFO - Exporting env vars: AIRFLOW_CTX_DAG_OWNER='pipeline' AIRFLOW_CTX_DAG_ID='run_dbt_models' AIRFLOW_CTX_TASK_ID='dbt_run' AIRFLOW_CTX_EXECUTION_DATE='2026-05-04T16:00:23.394404+00:00' AIRFLOW_CTX_TRY_NUMBER='1' AIRFLOW_CTX_DAG_RUN_ID='manual__2026-05-04T16:00:23.394404+00:00'
[2026-05-04T16:00:24.114+0000] {subprocess.py:63} INFO - Tmp dir root location: /tmp
[2026-05-04T16:00:24.115+0000] {subprocess.py:75} INFO - Running command: ['/usr/bin/bash', '-c', 'cd /home/ubuntu/github_repo/Stock-Market-Intelligence-Pipeline/dbt_project && /home/ubuntu/github_repo/Stock-Market-Intelligence-Pipeline/venv/bin/dbt run --profiles-dir /home/ubuntu/github_repo/Stock-Market-Intelligence-Pipeline/dbt_project']
[2026-05-04T16:00:24.125+0000] {subprocess.py:86} INFO - Output:
[2026-05-04T16:00:25.893+0000] {subprocess.py:93} INFO - [0m16:00:25  Running with dbt=1.7.0
[2026-05-04T16:00:26.135+0000] {subprocess.py:93} INFO - [0m16:00:26  Registered adapter: postgres=1.7.0
[2026-05-04T16:00:26.181+0000] {subprocess.py:93} INFO - [0m16:00:26  Found 5 models, 8 tests, 0 sources, 0 exposures, 0 metrics, 401 macros, 0 groups, 0 semantic models
[2026-05-04T16:00:26.183+0000] {subprocess.py:93} INFO - [0m16:00:26
[2026-05-04T16:00:26.308+0000] {subprocess.py:93} INFO - [0m16:00:26  Concurrency: 2 threads (target='dev')
[2026-05-04T16:00:26.310+0000] {subprocess.py:93} INFO - [0m16:00:26
[2026-05-04T16:00:26.312+0000] {subprocess.py:93} INFO - [0m16:00:26  1 of 5 START sql view model public_staging.stg_prices .......................... [RUN]
[2026-05-04T16:00:26.420+0000] {subprocess.py:93} INFO - [0m16:00:26  1 of 5 OK created sql view model public_staging.stg_prices ..................... [[32mCREATE VIEW[0m in 0.11s]
[2026-05-04T16:00:26.423+0000] {subprocess.py:93} INFO - [0m16:00:26  2 of 5 START sql view model public_staging.int_price_with_returns .............. [RUN]
[2026-05-04T16:00:26.471+0000] {subprocess.py:93} INFO - [0m16:00:26  2 of 5 OK created sql view model public_staging.int_price_with_returns ......... [[32mCREATE VIEW[0m in 0.05s]
[2026-05-04T16:00:26.474+0000] {subprocess.py:93} INFO - [0m16:00:26  3 of 5 START sql table model public.fact_prices ................................ [RUN]
[2026-05-04T16:00:26.563+0000] {subprocess.py:93} INFO - [0m16:00:26  3 of 5 OK created sql table model public.fact_prices ........................... [[32mSELECT 3626[0m in 0.09s]
[2026-05-04T16:00:26.566+0000] {subprocess.py:93} INFO - [0m16:00:26  4 of 5 START sql table model public.fact_indicators ............................ [RUN]
[2026-05-04T16:00:26.758+0000] {subprocess.py:93} INFO - [0m16:00:26  4 of 5 OK created sql table model public.fact_indicators ....................... [[32mSELECT 3626[0m in 0.19s]
[2026-05-04T16:00:26.760+0000] {subprocess.py:93} INFO - [0m16:00:26  5 of 5 START sql table model public.fact_alerts ................................ [RUN]
[2026-05-04T16:00:26.836+0000] {subprocess.py:93} INFO - [0m16:00:26  5 of 5 OK created sql table model public.fact_alerts ........................... [[32mSELECT 2093[0m in 0.07s]
[2026-05-04T16:00:26.856+0000] {subprocess.py:93} INFO - [0m16:00:26
[2026-05-04T16:00:26.857+0000] {subprocess.py:93} INFO - [0m16:00:26  Finished running 2 view models, 3 table models in 0 hours 0 minutes and 0.67 seconds (0.67s).
[2026-05-04T16:00:26.866+0000] {subprocess.py:93} INFO - [0m16:00:26
[2026-05-04T16:00:26.867+0000] {subprocess.py:93} INFO - [0m16:00:26  [32mCompleted successfully[0m
[2026-05-04T16:00:26.867+0000] {subprocess.py:93} INFO - [0m16:00:26
[2026-05-04T16:00:26.868+0000] {subprocess.py:93} INFO - [0m16:00:26  Done. PASS=5 WARN=0 ERROR=0 SKIP=0 TOTAL=5
[2026-05-04T16:00:28.743+0000] {subprocess.py:97} INFO - Command exited with return code 0
[2026-05-04T16:00:28.789+0000] {taskinstance.py:1138} INFO - Marking task as SUCCESS. dag_id=run_dbt_models, task_id=dbt_run, execution_date=20260504T160023, start_date=20260504T160023, end_date=20260504T160028
[2026-05-04T16:00:28.840+0000] {local_task_job_runner.py:234} INFO - Task exited with return code 0
[2026-05-04T16:00:28.872+0000] {taskinstance.py:3280} INFO - 1 downstream tasks scheduled from follow-on schedule check
