[2026-05-06T19:09:18.121+0000] {taskinstance.py:1956} INFO - Dependencies all met for dep_context=non-requeueable deps ti=<TaskInstance: monthly_maintenance.create_next_partition manual__2026-05-06T19:09:14.331736+00:00 [queued]>
[2026-05-06T19:09:18.133+0000] {taskinstance.py:1956} INFO - Dependencies all met for dep_context=requeueable deps ti=<TaskInstance: monthly_maintenance.create_next_partition manual__2026-05-06T19:09:14.331736+00:00 [queued]>
[2026-05-06T19:09:18.133+0000] {taskinstance.py:2170} INFO - Starting attempt 1 of 1
[2026-05-06T19:09:18.147+0000] {taskinstance.py:2191} INFO - Executing <Task(PostgresOperator): create_next_partition> on 2026-05-06 19:09:14.331736+00:00
[2026-05-06T19:09:18.153+0000] {standard_task_runner.py:60} INFO - Started process 1047493 to run task
[2026-05-06T19:09:18.159+0000] {standard_task_runner.py:87} INFO - Running: ['airflow', 'tasks', 'run', 'monthly_maintenance', 'create_next_partition', 'manual__2026-05-06T19:09:14.331736+00:00', '--job-id', '1393', '--raw', '--subdir', 'DAGS_FOLDER/monthly_maintenance.py', '--cfg-path', '/tmp/tmpusgk5aht']
[2026-05-06T19:09:18.162+0000] {standard_task_runner.py:88} INFO - Job 1393: Subtask create_next_partition
[2026-05-06T19:09:18.244+0000] {task_command.py:423} INFO - Running <TaskInstance: monthly_maintenance.create_next_partition manual__2026-05-06T19:09:14.331736+00:00 [running]> on host reddit-pipeline-vm
[2026-05-06T19:09:18.335+0000] {taskinstance.py:2480} INFO - Exporting env vars: AIRFLOW_CTX_DAG_OWNER='airflow' AIRFLOW_CTX_DAG_ID='monthly_maintenance' AIRFLOW_CTX_TASK_ID='create_next_partition' AIRFLOW_CTX_EXECUTION_DATE='2026-05-06T19:09:14.331736+00:00' AIRFLOW_CTX_TRY_NUMBER='1' AIRFLOW_CTX_DAG_RUN_ID='manual__2026-05-06T19:09:14.331736+00:00'
[2026-05-06T19:09:18.335+0000] {sql.py:276} INFO - Executing: 
            DO $$
            DECLARE
                next_month DATE := DATE_TRUNC('month', NOW() + INTERVAL '1 month')::DATE;
                month_end  DATE := (next_month + INTERVAL '1 month')::DATE;
                tbl_name   TEXT := 'fact_prices_' || TO_CHAR(next_month, 'YYYY_MM');
            BEGIN
                IF NOT EXISTS (SELECT 1 FROM pg_tables WHERE tablename = tbl_name) THEN
                    EXECUTE FORMAT(
                        'CREATE TABLE %I PARTITION OF fact_prices FOR VALUES FROM (%L) TO (%L)',
                        tbl_name, next_month, month_end
                    );
                END IF;
            END $$;
        
[2026-05-06T19:09:18.349+0000] {base.py:83} INFO - Using connection ID 'market_db' for task execution.
[2026-05-06T19:09:18.365+0000] {base.py:83} INFO - Using connection ID 'market_db' for task execution.
[2026-05-06T19:09:18.378+0000] {sql.py:450} INFO - Running statement: 
            DO $$
            DECLARE
                next_month DATE := DATE_TRUNC('month', NOW() + INTERVAL '1 month')::DATE;
                month_end  DATE := (next_month + INTERVAL '1 month')::DATE;
                tbl_name   TEXT := 'fact_prices_' || TO_CHAR(next_month, 'YYYY_MM');
            BEGIN
                IF NOT EXISTS (SELECT 1 FROM pg_tables WHERE tablename = tbl_name) THEN
                    EXECUTE FORMAT(
                        'CREATE TABLE %I PARTITION OF fact_prices FOR VALUES FROM (%L) TO (%L)',
                        tbl_name, next_month, month_end
                    );
                END IF;
            END $$;
        , parameters: None
[2026-05-06T19:09:18.383+0000] {taskinstance.py:2698} ERROR - Task failed with exception
Traceback (most recent call last):
  File "/home/ubuntu/github_repo/Stock-Market-Intelligence-Pipeline/venv/lib/python3.11/site-packages/airflow/models/taskinstance.py", line 433, in _execute_task
    result = execute_callable(context=context, **execute_callable_kwargs)
             ^^^^^^^^^^^^^^^^^^^^^^^^^^^^^^^^^^^^^^^^^^^^^^^^^^^^^^^^^^^^
  File "/home/ubuntu/github_repo/Stock-Market-Intelligence-Pipeline/venv/lib/python3.11/site-packages/airflow/providers/common/sql/operators/sql.py", line 282, in execute
    output = hook.run(
             ^^^^^^^^^
  File "/home/ubuntu/github_repo/Stock-Market-Intelligence-Pipeline/venv/lib/python3.11/site-packages/airflow/providers/common/sql/hooks/sql.py", line 398, in run
    self._run_command(cur, sql_statement, parameters)
  File "/home/ubuntu/github_repo/Stock-Market-Intelligence-Pipeline/venv/lib/python3.11/site-packages/airflow/providers/common/sql/hooks/sql.py", line 455, in _run_command
    cur.execute(sql_statement)
psycopg2.errors.InvalidObjectDefinition: "fact_prices" is not partitioned
CONTEXT:  SQL statement "CREATE TABLE fact_prices_2026_06 PARTITION OF fact_prices FOR VALUES FROM ('2026-06-01') TO ('2026-07-01')"
PL/pgSQL function inline_code_block line 8 at EXECUTE

[2026-05-06T19:09:18.397+0000] {taskinstance.py:1138} INFO - Marking task as FAILED. dag_id=monthly_maintenance, task_id=create_next_partition, execution_date=20260506T190914, start_date=20260506T190918, end_date=20260506T190918
[2026-05-06T19:09:18.408+0000] {standard_task_runner.py:107} ERROR - Failed to execute job 1393 for task create_next_partition ("fact_prices" is not partitioned
CONTEXT:  SQL statement "CREATE TABLE fact_prices_2026_06 PARTITION OF fact_prices FOR VALUES FROM ('2026-06-01') TO ('2026-07-01')"
PL/pgSQL function inline_code_block line 8 at EXECUTE
; 1047493)
[2026-05-06T19:09:18.422+0000] {local_task_job_runner.py:234} INFO - Task exited with return code 1
[2026-05-06T19:09:18.445+0000] {taskinstance.py:3280} INFO - 0 downstream tasks scheduled from follow-on schedule check
