[2026-05-05T04:00:59.059+0000] {taskinstance.py:1956} INFO - Dependencies all met for dep_context=non-requeueable deps ti=<TaskInstance: fetch_market_data.check_market_open scheduled__2026-05-05T03:00:00+00:00 [queued]>
[2026-05-05T04:00:59.068+0000] {taskinstance.py:1956} INFO - Dependencies all met for dep_context=requeueable deps ti=<TaskInstance: fetch_market_data.check_market_open scheduled__2026-05-05T03:00:00+00:00 [queued]>
[2026-05-05T04:00:59.068+0000] {taskinstance.py:2170} INFO - Starting attempt 1 of 3
[2026-05-05T04:00:59.081+0000] {taskinstance.py:2191} INFO - Executing <Task(MarketOpenSensor): check_market_open> on 2026-05-05 03:00:00+00:00
[2026-05-05T04:00:59.088+0000] {standard_task_runner.py:60} INFO - Started process 961755 to run task
[2026-05-05T04:00:59.092+0000] {standard_task_runner.py:87} INFO - Running: ['airflow', 'tasks', 'run', 'fetch_market_data', 'check_market_open', 'scheduled__2026-05-05T03:00:00+00:00', '--job-id', '1239', '--raw', '--subdir', 'DAGS_FOLDER/fetch_market_data.py', '--cfg-path', '/tmp/tmp6bgf5qcd']
[2026-05-05T04:00:59.094+0000] {standard_task_runner.py:88} INFO - Job 1239: Subtask check_market_open
[2026-05-05T04:00:59.181+0000] {task_command.py:423} INFO - Running <TaskInstance: fetch_market_data.check_market_open scheduled__2026-05-05T03:00:00+00:00 [running]> on host reddit-pipeline-vm
[2026-05-05T04:00:59.313+0000] {taskinstance.py:2480} INFO - Exporting env vars: AIRFLOW_CTX_DAG_OWNER='pipeline' AIRFLOW_CTX_DAG_ID='fetch_market_data' AIRFLOW_CTX_TASK_ID='check_market_open' AIRFLOW_CTX_EXECUTION_DATE='2026-05-05T03:00:00+00:00' AIRFLOW_CTX_TRY_NUMBER='1' AIRFLOW_CTX_DAG_RUN_ID='scheduled__2026-05-05T03:00:00+00:00'
[2026-05-05T04:00:59.334+0000] {sensors.py:45} INFO - Market open check at 2026-05-05 00:00 ET: False
[2026-05-05T04:00:59.365+0000] {taskinstance.py:2658} INFO - Rescheduling task, marking task as UP_FOR_RESCHEDULE
[2026-05-05T04:00:59.386+0000] {local_task_job_runner.py:234} INFO - Task exited with return code 0
[2026-05-05T04:00:59.432+0000] {taskinstance.py:3280} INFO - 0 downstream tasks scheduled from follow-on schedule check
[2026-05-05T04:16:00.912+0000] {taskinstance.py:1956} INFO - Dependencies all met for dep_context=non-requeueable deps ti=<TaskInstance: fetch_market_data.check_market_open scheduled__2026-05-05T03:00:00+00:00 [queued]>
[2026-05-05T04:16:00.922+0000] {taskinstance.py:1956} INFO - Dependencies all met for dep_context=requeueable deps ti=<TaskInstance: fetch_market_data.check_market_open scheduled__2026-05-05T03:00:00+00:00 [queued]>
[2026-05-05T04:16:00.922+0000] {taskinstance.py:2170} INFO - Starting attempt 1 of 3
[2026-05-05T04:16:00.935+0000] {taskinstance.py:2191} INFO - Executing <Task(MarketOpenSensor): check_market_open> on 2026-05-05 03:00:00+00:00
[2026-05-05T04:16:00.942+0000] {standard_task_runner.py:60} INFO - Started process 962486 to run task
[2026-05-05T04:16:00.946+0000] {standard_task_runner.py:87} INFO - Running: ['airflow', 'tasks', 'run', 'fetch_market_data', 'check_market_open', 'scheduled__2026-05-05T03:00:00+00:00', '--job-id', '1240', '--raw', '--subdir', 'DAGS_FOLDER/fetch_market_data.py', '--cfg-path', '/tmp/tmpr4lcmaw7']
[2026-05-05T04:16:00.948+0000] {standard_task_runner.py:88} INFO - Job 1240: Subtask check_market_open
[2026-05-05T04:16:01.032+0000] {task_command.py:423} INFO - Running <TaskInstance: fetch_market_data.check_market_open scheduled__2026-05-05T03:00:00+00:00 [running]> on host reddit-pipeline-vm
[2026-05-05T04:16:01.156+0000] {taskinstance.py:2480} INFO - Exporting env vars: AIRFLOW_CTX_DAG_OWNER='pipeline' AIRFLOW_CTX_DAG_ID='fetch_market_data' AIRFLOW_CTX_TASK_ID='check_market_open' AIRFLOW_CTX_EXECUTION_DATE='2026-05-05T03:00:00+00:00' AIRFLOW_CTX_TRY_NUMBER='1' AIRFLOW_CTX_DAG_RUN_ID='scheduled__2026-05-05T03:00:00+00:00'
[2026-05-05T04:16:01.177+0000] {sensors.py:45} INFO - Market open check at 2026-05-05 00:16 ET: False
[2026-05-05T04:16:01.208+0000] {taskinstance.py:2658} INFO - Rescheduling task, marking task as UP_FOR_RESCHEDULE
[2026-05-05T04:16:01.242+0000] {local_task_job_runner.py:234} INFO - Task exited with return code 0
[2026-05-05T04:16:01.286+0000] {taskinstance.py:3280} INFO - 0 downstream tasks scheduled from follow-on schedule check
[2026-05-05T04:31:02.051+0000] {taskinstance.py:1956} INFO - Dependencies all met for dep_context=non-requeueable deps ti=<TaskInstance: fetch_market_data.check_market_open scheduled__2026-05-05T03:00:00+00:00 [queued]>
[2026-05-05T04:31:02.061+0000] {taskinstance.py:1956} INFO - Dependencies all met for dep_context=requeueable deps ti=<TaskInstance: fetch_market_data.check_market_open scheduled__2026-05-05T03:00:00+00:00 [queued]>
[2026-05-05T04:31:02.061+0000] {taskinstance.py:2170} INFO - Starting attempt 1 of 3
[2026-05-05T04:31:02.073+0000] {taskinstance.py:2191} INFO - Executing <Task(MarketOpenSensor): check_market_open> on 2026-05-05 03:00:00+00:00
[2026-05-05T04:31:02.080+0000] {standard_task_runner.py:60} INFO - Started process 963246 to run task
[2026-05-05T04:31:02.084+0000] {standard_task_runner.py:87} INFO - Running: ['airflow', 'tasks', 'run', 'fetch_market_data', 'check_market_open', 'scheduled__2026-05-05T03:00:00+00:00', '--job-id', '1241', '--raw', '--subdir', 'DAGS_FOLDER/fetch_market_data.py', '--cfg-path', '/tmp/tmpx8jen6p3']
[2026-05-05T04:31:02.086+0000] {standard_task_runner.py:88} INFO - Job 1241: Subtask check_market_open
[2026-05-05T04:31:02.172+0000] {task_command.py:423} INFO - Running <TaskInstance: fetch_market_data.check_market_open scheduled__2026-05-05T03:00:00+00:00 [running]> on host reddit-pipeline-vm
[2026-05-05T04:31:02.299+0000] {taskinstance.py:2480} INFO - Exporting env vars: AIRFLOW_CTX_DAG_OWNER='pipeline' AIRFLOW_CTX_DAG_ID='fetch_market_data' AIRFLOW_CTX_TASK_ID='check_market_open' AIRFLOW_CTX_EXECUTION_DATE='2026-05-05T03:00:00+00:00' AIRFLOW_CTX_TRY_NUMBER='1' AIRFLOW_CTX_DAG_RUN_ID='scheduled__2026-05-05T03:00:00+00:00'
[2026-05-05T04:31:02.320+0000] {sensors.py:45} INFO - Market open check at 2026-05-05 00:31 ET: False
[2026-05-05T04:31:02.350+0000] {taskinstance.py:2658} INFO - Rescheduling task, marking task as UP_FOR_RESCHEDULE
[2026-05-05T04:31:02.377+0000] {local_task_job_runner.py:234} INFO - Task exited with return code 0
[2026-05-05T04:31:02.423+0000] {taskinstance.py:3280} INFO - 0 downstream tasks scheduled from follow-on schedule check
[2026-05-05T04:46:03.392+0000] {taskinstance.py:1956} INFO - Dependencies all met for dep_context=non-requeueable deps ti=<TaskInstance: fetch_market_data.check_market_open scheduled__2026-05-05T03:00:00+00:00 [queued]>
[2026-05-05T04:46:03.402+0000] {taskinstance.py:1956} INFO - Dependencies all met for dep_context=requeueable deps ti=<TaskInstance: fetch_market_data.check_market_open scheduled__2026-05-05T03:00:00+00:00 [queued]>
[2026-05-05T04:46:03.402+0000] {taskinstance.py:2170} INFO - Starting attempt 1 of 3
[2026-05-05T04:46:03.414+0000] {taskinstance.py:2191} INFO - Executing <Task(MarketOpenSensor): check_market_open> on 2026-05-05 03:00:00+00:00
[2026-05-05T04:46:03.422+0000] {standard_task_runner.py:60} INFO - Started process 963976 to run task
[2026-05-05T04:46:03.425+0000] {standard_task_runner.py:87} INFO - Running: ['airflow', 'tasks', 'run', 'fetch_market_data', 'check_market_open', 'scheduled__2026-05-05T03:00:00+00:00', '--job-id', '1242', '--raw', '--subdir', 'DAGS_FOLDER/fetch_market_data.py', '--cfg-path', '/tmp/tmphn0f0gyz']
[2026-05-05T04:46:03.428+0000] {standard_task_runner.py:88} INFO - Job 1242: Subtask check_market_open
[2026-05-05T04:46:03.510+0000] {task_command.py:423} INFO - Running <TaskInstance: fetch_market_data.check_market_open scheduled__2026-05-05T03:00:00+00:00 [running]> on host reddit-pipeline-vm
[2026-05-05T04:46:03.632+0000] {taskinstance.py:2480} INFO - Exporting env vars: AIRFLOW_CTX_DAG_OWNER='pipeline' AIRFLOW_CTX_DAG_ID='fetch_market_data' AIRFLOW_CTX_TASK_ID='check_market_open' AIRFLOW_CTX_EXECUTION_DATE='2026-05-05T03:00:00+00:00' AIRFLOW_CTX_TRY_NUMBER='1' AIRFLOW_CTX_DAG_RUN_ID='scheduled__2026-05-05T03:00:00+00:00'
[2026-05-05T04:46:03.651+0000] {sensors.py:45} INFO - Market open check at 2026-05-05 00:46 ET: False
[2026-05-05T04:46:03.680+0000] {taskinstance.py:2658} INFO - Rescheduling task, marking task as UP_FOR_RESCHEDULE
[2026-05-05T04:46:03.722+0000] {local_task_job_runner.py:234} INFO - Task exited with return code 0
[2026-05-05T04:46:03.766+0000] {taskinstance.py:3280} INFO - 0 downstream tasks scheduled from follow-on schedule check
[2026-05-05T05:01:04.682+0000] {taskinstance.py:1956} INFO - Dependencies all met for dep_context=non-requeueable deps ti=<TaskInstance: fetch_market_data.check_market_open scheduled__2026-05-05T03:00:00+00:00 [queued]>
[2026-05-05T05:01:04.692+0000] {taskinstance.py:1956} INFO - Dependencies all met for dep_context=requeueable deps ti=<TaskInstance: fetch_market_data.check_market_open scheduled__2026-05-05T03:00:00+00:00 [queued]>
[2026-05-05T05:01:04.692+0000] {taskinstance.py:2170} INFO - Starting attempt 1 of 3
[2026-05-05T05:01:04.705+0000] {taskinstance.py:2191} INFO - Executing <Task(MarketOpenSensor): check_market_open> on 2026-05-05 03:00:00+00:00
[2026-05-05T05:01:04.712+0000] {standard_task_runner.py:60} INFO - Started process 964776 to run task
[2026-05-05T05:01:04.716+0000] {standard_task_runner.py:87} INFO - Running: ['airflow', 'tasks', 'run', 'fetch_market_data', 'check_market_open', 'scheduled__2026-05-05T03:00:00+00:00', '--job-id', '1243', '--raw', '--subdir', 'DAGS_FOLDER/fetch_market_data.py', '--cfg-path', '/tmp/tmpxq0dfdos']
[2026-05-05T05:01:04.718+0000] {standard_task_runner.py:88} INFO - Job 1243: Subtask check_market_open
[2026-05-05T05:01:04.804+0000] {task_command.py:423} INFO - Running <TaskInstance: fetch_market_data.check_market_open scheduled__2026-05-05T03:00:00+00:00 [running]> on host reddit-pipeline-vm
[2026-05-05T05:01:04.931+0000] {taskinstance.py:2480} INFO - Exporting env vars: AIRFLOW_CTX_DAG_OWNER='pipeline' AIRFLOW_CTX_DAG_ID='fetch_market_data' AIRFLOW_CTX_TASK_ID='check_market_open' AIRFLOW_CTX_EXECUTION_DATE='2026-05-05T03:00:00+00:00' AIRFLOW_CTX_TRY_NUMBER='1' AIRFLOW_CTX_DAG_RUN_ID='scheduled__2026-05-05T03:00:00+00:00'
[2026-05-05T05:01:04.951+0000] {sensors.py:45} INFO - Market open check at 2026-05-05 01:01 ET: False
[2026-05-05T05:01:04.952+0000] {taskinstance.py:2360} INFO - Sensor has timed out; run duration of 3605.729585 seconds exceeds the specified timeout of 3600.0.
[2026-05-05T05:01:04.970+0000] {taskinstance.py:1138} INFO - Marking task as SKIPPED. dag_id=fetch_market_data, task_id=check_market_open, execution_date=20260505T030000, start_date=20260505T050104, end_date=20260505T050104
[2026-05-05T05:01:05.012+0000] {local_task_job_runner.py:234} INFO - Task exited with return code 0
[2026-05-05T05:01:05.069+0000] {taskinstance.py:3280} INFO - 0 downstream tasks scheduled from follow-on schedule check
