[2026-05-07T05:01:06.006+0000] {taskinstance.py:1956} INFO - Dependencies all met for dep_context=non-requeueable deps ti=<TaskInstance: fetch_market_data.check_market_open scheduled__2026-05-07T04:00:00+00:00 [queued]>
[2026-05-07T05:01:06.014+0000] {taskinstance.py:1956} INFO - Dependencies all met for dep_context=requeueable deps ti=<TaskInstance: fetch_market_data.check_market_open scheduled__2026-05-07T04:00:00+00:00 [queued]>
[2026-05-07T05:01:06.014+0000] {taskinstance.py:2170} INFO - Starting attempt 1 of 3
[2026-05-07T05:01:06.028+0000] {taskinstance.py:2191} INFO - Executing <Task(MarketOpenSensor): check_market_open> on 2026-05-07 04:00:00+00:00
[2026-05-07T05:01:06.035+0000] {standard_task_runner.py:60} INFO - Started process 1088321 to run task
[2026-05-07T05:01:06.038+0000] {standard_task_runner.py:87} INFO - Running: ['airflow', 'tasks', 'run', 'fetch_market_data', 'check_market_open', 'scheduled__2026-05-07T04:00:00+00:00', '--job-id', '1463', '--raw', '--subdir', 'DAGS_FOLDER/fetch_market_data.py', '--cfg-path', '/tmp/tmpzic86zas']
[2026-05-07T05:01:06.040+0000] {standard_task_runner.py:88} INFO - Job 1463: Subtask check_market_open
[2026-05-07T05:01:06.113+0000] {task_command.py:423} INFO - Running <TaskInstance: fetch_market_data.check_market_open scheduled__2026-05-07T04:00:00+00:00 [running]> on host reddit-pipeline-vm
[2026-05-07T05:01:06.224+0000] {taskinstance.py:2480} INFO - Exporting env vars: AIRFLOW_CTX_DAG_OWNER='pipeline' AIRFLOW_CTX_DAG_ID='fetch_market_data' AIRFLOW_CTX_TASK_ID='check_market_open' AIRFLOW_CTX_EXECUTION_DATE='2026-05-07T04:00:00+00:00' AIRFLOW_CTX_TRY_NUMBER='1' AIRFLOW_CTX_DAG_RUN_ID='scheduled__2026-05-07T04:00:00+00:00'
[2026-05-07T05:01:06.245+0000] {sensors.py:45} INFO - Market open check at 2026-05-07 01:01 ET: False
[2026-05-07T05:01:06.270+0000] {taskinstance.py:2658} INFO - Rescheduling task, marking task as UP_FOR_RESCHEDULE
[2026-05-07T05:01:06.292+0000] {local_task_job_runner.py:234} INFO - Task exited with return code 0
[2026-05-07T05:01:06.329+0000] {taskinstance.py:3280} INFO - 0 downstream tasks scheduled from follow-on schedule check
[2026-05-07T05:16:07.014+0000] {taskinstance.py:1956} INFO - Dependencies all met for dep_context=non-requeueable deps ti=<TaskInstance: fetch_market_data.check_market_open scheduled__2026-05-07T04:00:00+00:00 [queued]>
[2026-05-07T05:16:07.023+0000] {taskinstance.py:1956} INFO - Dependencies all met for dep_context=requeueable deps ti=<TaskInstance: fetch_market_data.check_market_open scheduled__2026-05-07T04:00:00+00:00 [queued]>
[2026-05-07T05:16:07.023+0000] {taskinstance.py:2170} INFO - Starting attempt 1 of 3
[2026-05-07T05:16:07.038+0000] {taskinstance.py:2191} INFO - Executing <Task(MarketOpenSensor): check_market_open> on 2026-05-07 04:00:00+00:00
[2026-05-07T05:16:07.045+0000] {standard_task_runner.py:60} INFO - Started process 1089305 to run task
[2026-05-07T05:16:07.048+0000] {standard_task_runner.py:87} INFO - Running: ['airflow', 'tasks', 'run', 'fetch_market_data', 'check_market_open', 'scheduled__2026-05-07T04:00:00+00:00', '--job-id', '1464', '--raw', '--subdir', 'DAGS_FOLDER/fetch_market_data.py', '--cfg-path', '/tmp/tmpewb5xz83']
[2026-05-07T05:16:07.051+0000] {standard_task_runner.py:88} INFO - Job 1464: Subtask check_market_open
[2026-05-07T05:16:07.121+0000] {task_command.py:423} INFO - Running <TaskInstance: fetch_market_data.check_market_open scheduled__2026-05-07T04:00:00+00:00 [running]> on host reddit-pipeline-vm
[2026-05-07T05:16:07.230+0000] {taskinstance.py:2480} INFO - Exporting env vars: AIRFLOW_CTX_DAG_OWNER='pipeline' AIRFLOW_CTX_DAG_ID='fetch_market_data' AIRFLOW_CTX_TASK_ID='check_market_open' AIRFLOW_CTX_EXECUTION_DATE='2026-05-07T04:00:00+00:00' AIRFLOW_CTX_TRY_NUMBER='1' AIRFLOW_CTX_DAG_RUN_ID='scheduled__2026-05-07T04:00:00+00:00'
[2026-05-07T05:16:07.247+0000] {sensors.py:45} INFO - Market open check at 2026-05-07 01:16 ET: False
[2026-05-07T05:16:07.274+0000] {taskinstance.py:2658} INFO - Rescheduling task, marking task as UP_FOR_RESCHEDULE
[2026-05-07T05:16:07.301+0000] {local_task_job_runner.py:234} INFO - Task exited with return code 0
[2026-05-07T05:16:07.339+0000] {taskinstance.py:3280} INFO - 0 downstream tasks scheduled from follow-on schedule check
[2026-05-07T05:31:08.507+0000] {taskinstance.py:1956} INFO - Dependencies all met for dep_context=non-requeueable deps ti=<TaskInstance: fetch_market_data.check_market_open scheduled__2026-05-07T04:00:00+00:00 [queued]>
[2026-05-07T05:31:08.515+0000] {taskinstance.py:1956} INFO - Dependencies all met for dep_context=requeueable deps ti=<TaskInstance: fetch_market_data.check_market_open scheduled__2026-05-07T04:00:00+00:00 [queued]>
[2026-05-07T05:31:08.515+0000] {taskinstance.py:2170} INFO - Starting attempt 1 of 3
[2026-05-07T05:31:08.530+0000] {taskinstance.py:2191} INFO - Executing <Task(MarketOpenSensor): check_market_open> on 2026-05-07 04:00:00+00:00
[2026-05-07T05:31:08.536+0000] {standard_task_runner.py:60} INFO - Started process 1090307 to run task
[2026-05-07T05:31:08.540+0000] {standard_task_runner.py:87} INFO - Running: ['airflow', 'tasks', 'run', 'fetch_market_data', 'check_market_open', 'scheduled__2026-05-07T04:00:00+00:00', '--job-id', '1465', '--raw', '--subdir', 'DAGS_FOLDER/fetch_market_data.py', '--cfg-path', '/tmp/tmpr8f0x0w8']
[2026-05-07T05:31:08.542+0000] {standard_task_runner.py:88} INFO - Job 1465: Subtask check_market_open
[2026-05-07T05:31:08.611+0000] {task_command.py:423} INFO - Running <TaskInstance: fetch_market_data.check_market_open scheduled__2026-05-07T04:00:00+00:00 [running]> on host reddit-pipeline-vm
[2026-05-07T05:31:08.728+0000] {taskinstance.py:2480} INFO - Exporting env vars: AIRFLOW_CTX_DAG_OWNER='pipeline' AIRFLOW_CTX_DAG_ID='fetch_market_data' AIRFLOW_CTX_TASK_ID='check_market_open' AIRFLOW_CTX_EXECUTION_DATE='2026-05-07T04:00:00+00:00' AIRFLOW_CTX_TRY_NUMBER='1' AIRFLOW_CTX_DAG_RUN_ID='scheduled__2026-05-07T04:00:00+00:00'
[2026-05-07T05:31:08.745+0000] {sensors.py:45} INFO - Market open check at 2026-05-07 01:31 ET: False
[2026-05-07T05:31:08.776+0000] {taskinstance.py:2658} INFO - Rescheduling task, marking task as UP_FOR_RESCHEDULE
[2026-05-07T05:31:08.795+0000] {local_task_job_runner.py:234} INFO - Task exited with return code 0
[2026-05-07T05:31:08.833+0000] {taskinstance.py:3280} INFO - 0 downstream tasks scheduled from follow-on schedule check
[2026-05-07T05:46:09.448+0000] {taskinstance.py:1956} INFO - Dependencies all met for dep_context=non-requeueable deps ti=<TaskInstance: fetch_market_data.check_market_open scheduled__2026-05-07T04:00:00+00:00 [queued]>
[2026-05-07T05:46:09.458+0000] {taskinstance.py:1956} INFO - Dependencies all met for dep_context=requeueable deps ti=<TaskInstance: fetch_market_data.check_market_open scheduled__2026-05-07T04:00:00+00:00 [queued]>
[2026-05-07T05:46:09.458+0000] {taskinstance.py:2170} INFO - Starting attempt 1 of 3
[2026-05-07T05:46:09.471+0000] {taskinstance.py:2191} INFO - Executing <Task(MarketOpenSensor): check_market_open> on 2026-05-07 04:00:00+00:00
[2026-05-07T05:46:09.477+0000] {standard_task_runner.py:60} INFO - Started process 1091260 to run task
[2026-05-07T05:46:09.481+0000] {standard_task_runner.py:87} INFO - Running: ['airflow', 'tasks', 'run', 'fetch_market_data', 'check_market_open', 'scheduled__2026-05-07T04:00:00+00:00', '--job-id', '1466', '--raw', '--subdir', 'DAGS_FOLDER/fetch_market_data.py', '--cfg-path', '/tmp/tmp_d3zl_j0']
[2026-05-07T05:46:09.483+0000] {standard_task_runner.py:88} INFO - Job 1466: Subtask check_market_open
[2026-05-07T05:46:09.553+0000] {task_command.py:423} INFO - Running <TaskInstance: fetch_market_data.check_market_open scheduled__2026-05-07T04:00:00+00:00 [running]> on host reddit-pipeline-vm
[2026-05-07T05:46:09.656+0000] {taskinstance.py:2480} INFO - Exporting env vars: AIRFLOW_CTX_DAG_OWNER='pipeline' AIRFLOW_CTX_DAG_ID='fetch_market_data' AIRFLOW_CTX_TASK_ID='check_market_open' AIRFLOW_CTX_EXECUTION_DATE='2026-05-07T04:00:00+00:00' AIRFLOW_CTX_TRY_NUMBER='1' AIRFLOW_CTX_DAG_RUN_ID='scheduled__2026-05-07T04:00:00+00:00'
[2026-05-07T05:46:09.675+0000] {sensors.py:45} INFO - Market open check at 2026-05-07 01:46 ET: False
[2026-05-07T05:46:09.700+0000] {taskinstance.py:2658} INFO - Rescheduling task, marking task as UP_FOR_RESCHEDULE
[2026-05-07T05:46:09.734+0000] {local_task_job_runner.py:234} INFO - Task exited with return code 0
[2026-05-07T05:46:09.771+0000] {taskinstance.py:3280} INFO - 0 downstream tasks scheduled from follow-on schedule check
[2026-05-07T06:01:10.409+0000] {taskinstance.py:1956} INFO - Dependencies all met for dep_context=non-requeueable deps ti=<TaskInstance: fetch_market_data.check_market_open scheduled__2026-05-07T04:00:00+00:00 [queued]>
[2026-05-07T06:01:10.417+0000] {taskinstance.py:1956} INFO - Dependencies all met for dep_context=requeueable deps ti=<TaskInstance: fetch_market_data.check_market_open scheduled__2026-05-07T04:00:00+00:00 [queued]>
[2026-05-07T06:01:10.418+0000] {taskinstance.py:2170} INFO - Starting attempt 1 of 3
[2026-05-07T06:01:10.432+0000] {taskinstance.py:2191} INFO - Executing <Task(MarketOpenSensor): check_market_open> on 2026-05-07 04:00:00+00:00
[2026-05-07T06:01:10.439+0000] {standard_task_runner.py:60} INFO - Started process 1092271 to run task
[2026-05-07T06:01:10.442+0000] {standard_task_runner.py:87} INFO - Running: ['airflow', 'tasks', 'run', 'fetch_market_data', 'check_market_open', 'scheduled__2026-05-07T04:00:00+00:00', '--job-id', '1467', '--raw', '--subdir', 'DAGS_FOLDER/fetch_market_data.py', '--cfg-path', '/tmp/tmp2stosz3t']
[2026-05-07T06:01:10.444+0000] {standard_task_runner.py:88} INFO - Job 1467: Subtask check_market_open
[2026-05-07T06:01:10.515+0000] {task_command.py:423} INFO - Running <TaskInstance: fetch_market_data.check_market_open scheduled__2026-05-07T04:00:00+00:00 [running]> on host reddit-pipeline-vm
[2026-05-07T06:01:10.622+0000] {taskinstance.py:2480} INFO - Exporting env vars: AIRFLOW_CTX_DAG_OWNER='pipeline' AIRFLOW_CTX_DAG_ID='fetch_market_data' AIRFLOW_CTX_TASK_ID='check_market_open' AIRFLOW_CTX_EXECUTION_DATE='2026-05-07T04:00:00+00:00' AIRFLOW_CTX_TRY_NUMBER='1' AIRFLOW_CTX_DAG_RUN_ID='scheduled__2026-05-07T04:00:00+00:00'
[2026-05-07T06:01:10.639+0000] {sensors.py:45} INFO - Market open check at 2026-05-07 02:01 ET: False
[2026-05-07T06:01:10.639+0000] {taskinstance.py:2360} INFO - Sensor has timed out; run duration of 3604.493831 seconds exceeds the specified timeout of 3600.0.
[2026-05-07T06:01:10.655+0000] {taskinstance.py:1138} INFO - Marking task as SKIPPED. dag_id=fetch_market_data, task_id=check_market_open, execution_date=20260507T040000, start_date=20260507T060110, end_date=20260507T060110
[2026-05-07T06:01:10.695+0000] {local_task_job_runner.py:234} INFO - Task exited with return code 0
[2026-05-07T06:01:10.743+0000] {taskinstance.py:3280} INFO - 0 downstream tasks scheduled from follow-on schedule check
