[2026-05-04T21:00:00.817+0000] {taskinstance.py:1956} INFO - Dependencies all met for dep_context=non-requeueable deps ti=<TaskInstance: fetch_market_data.check_market_open scheduled__2026-05-04T20:00:00+00:00 [queued]>
[2026-05-04T21:00:00.824+0000] {taskinstance.py:1956} INFO - Dependencies all met for dep_context=requeueable deps ti=<TaskInstance: fetch_market_data.check_market_open scheduled__2026-05-04T20:00:00+00:00 [queued]>
[2026-05-04T21:00:00.824+0000] {taskinstance.py:2170} INFO - Starting attempt 1 of 3
[2026-05-04T21:00:00.834+0000] {taskinstance.py:2191} INFO - Executing <Task(MarketOpenSensor): check_market_open> on 2026-05-04 20:00:00+00:00
[2026-05-04T21:00:00.840+0000] {standard_task_runner.py:60} INFO - Started process 940789 to run task
[2026-05-04T21:00:00.844+0000] {standard_task_runner.py:87} INFO - Running: ['airflow', 'tasks', 'run', 'fetch_market_data', 'check_market_open', 'scheduled__2026-05-04T20:00:00+00:00', '--job-id', '1204', '--raw', '--subdir', 'DAGS_FOLDER/fetch_market_data.py', '--cfg-path', '/tmp/tmp1bmvg2zi']
[2026-05-04T21:00:00.846+0000] {standard_task_runner.py:88} INFO - Job 1204: Subtask check_market_open
[2026-05-04T21:00:00.921+0000] {task_command.py:423} INFO - Running <TaskInstance: fetch_market_data.check_market_open scheduled__2026-05-04T20:00:00+00:00 [running]> on host reddit-pipeline-vm
[2026-05-04T21:00:01.034+0000] {taskinstance.py:2480} INFO - Exporting env vars: AIRFLOW_CTX_DAG_OWNER='pipeline' AIRFLOW_CTX_DAG_ID='fetch_market_data' AIRFLOW_CTX_TASK_ID='check_market_open' AIRFLOW_CTX_EXECUTION_DATE='2026-05-04T20:00:00+00:00' AIRFLOW_CTX_TRY_NUMBER='1' AIRFLOW_CTX_DAG_RUN_ID='scheduled__2026-05-04T20:00:00+00:00'
[2026-05-04T21:00:01.051+0000] {sensors.py:45} INFO - Market open check at 2026-05-04 17:00 ET: False
[2026-05-04T21:00:01.078+0000] {taskinstance.py:2658} INFO - Rescheduling task, marking task as UP_FOR_RESCHEDULE
[2026-05-04T21:00:01.096+0000] {local_task_job_runner.py:234} INFO - Task exited with return code 0
[2026-05-04T21:00:01.137+0000] {taskinstance.py:3280} INFO - 0 downstream tasks scheduled from follow-on schedule check
[2026-05-04T21:15:02.519+0000] {taskinstance.py:1956} INFO - Dependencies all met for dep_context=non-requeueable deps ti=<TaskInstance: fetch_market_data.check_market_open scheduled__2026-05-04T20:00:00+00:00 [queued]>
[2026-05-04T21:15:02.528+0000] {taskinstance.py:1956} INFO - Dependencies all met for dep_context=requeueable deps ti=<TaskInstance: fetch_market_data.check_market_open scheduled__2026-05-04T20:00:00+00:00 [queued]>
[2026-05-04T21:15:02.528+0000] {taskinstance.py:2170} INFO - Starting attempt 1 of 3
[2026-05-04T21:15:02.540+0000] {taskinstance.py:2191} INFO - Executing <Task(MarketOpenSensor): check_market_open> on 2026-05-04 20:00:00+00:00
[2026-05-04T21:15:02.547+0000] {standard_task_runner.py:60} INFO - Started process 941526 to run task
[2026-05-04T21:15:02.551+0000] {standard_task_runner.py:87} INFO - Running: ['airflow', 'tasks', 'run', 'fetch_market_data', 'check_market_open', 'scheduled__2026-05-04T20:00:00+00:00', '--job-id', '1205', '--raw', '--subdir', 'DAGS_FOLDER/fetch_market_data.py', '--cfg-path', '/tmp/tmpiulgnxhp']
[2026-05-04T21:15:02.553+0000] {standard_task_runner.py:88} INFO - Job 1205: Subtask check_market_open
[2026-05-04T21:15:02.634+0000] {task_command.py:423} INFO - Running <TaskInstance: fetch_market_data.check_market_open scheduled__2026-05-04T20:00:00+00:00 [running]> on host reddit-pipeline-vm
[2026-05-04T21:15:02.753+0000] {taskinstance.py:2480} INFO - Exporting env vars: AIRFLOW_CTX_DAG_OWNER='pipeline' AIRFLOW_CTX_DAG_ID='fetch_market_data' AIRFLOW_CTX_TASK_ID='check_market_open' AIRFLOW_CTX_EXECUTION_DATE='2026-05-04T20:00:00+00:00' AIRFLOW_CTX_TRY_NUMBER='1' AIRFLOW_CTX_DAG_RUN_ID='scheduled__2026-05-04T20:00:00+00:00'
[2026-05-04T21:15:02.772+0000] {sensors.py:45} INFO - Market open check at 2026-05-04 17:15 ET: False
[2026-05-04T21:15:02.801+0000] {taskinstance.py:2658} INFO - Rescheduling task, marking task as UP_FOR_RESCHEDULE
[2026-05-04T21:15:02.845+0000] {local_task_job_runner.py:234} INFO - Task exited with return code 0
[2026-05-04T21:15:02.890+0000] {taskinstance.py:3280} INFO - 0 downstream tasks scheduled from follow-on schedule check
[2026-05-04T21:30:04.232+0000] {taskinstance.py:1956} INFO - Dependencies all met for dep_context=non-requeueable deps ti=<TaskInstance: fetch_market_data.check_market_open scheduled__2026-05-04T20:00:00+00:00 [queued]>
[2026-05-04T21:30:04.242+0000] {taskinstance.py:1956} INFO - Dependencies all met for dep_context=requeueable deps ti=<TaskInstance: fetch_market_data.check_market_open scheduled__2026-05-04T20:00:00+00:00 [queued]>
[2026-05-04T21:30:04.242+0000] {taskinstance.py:2170} INFO - Starting attempt 1 of 3
[2026-05-04T21:30:04.255+0000] {taskinstance.py:2191} INFO - Executing <Task(MarketOpenSensor): check_market_open> on 2026-05-04 20:00:00+00:00
[2026-05-04T21:30:04.262+0000] {standard_task_runner.py:60} INFO - Started process 942271 to run task
[2026-05-04T21:30:04.270+0000] {standard_task_runner.py:87} INFO - Running: ['airflow', 'tasks', 'run', 'fetch_market_data', 'check_market_open', 'scheduled__2026-05-04T20:00:00+00:00', '--job-id', '1206', '--raw', '--subdir', 'DAGS_FOLDER/fetch_market_data.py', '--cfg-path', '/tmp/tmpvjc2pebu']
[2026-05-04T21:30:04.273+0000] {standard_task_runner.py:88} INFO - Job 1206: Subtask check_market_open
[2026-05-04T21:30:04.364+0000] {task_command.py:423} INFO - Running <TaskInstance: fetch_market_data.check_market_open scheduled__2026-05-04T20:00:00+00:00 [running]> on host reddit-pipeline-vm
[2026-05-04T21:30:04.484+0000] {taskinstance.py:2480} INFO - Exporting env vars: AIRFLOW_CTX_DAG_OWNER='pipeline' AIRFLOW_CTX_DAG_ID='fetch_market_data' AIRFLOW_CTX_TASK_ID='check_market_open' AIRFLOW_CTX_EXECUTION_DATE='2026-05-04T20:00:00+00:00' AIRFLOW_CTX_TRY_NUMBER='1' AIRFLOW_CTX_DAG_RUN_ID='scheduled__2026-05-04T20:00:00+00:00'
[2026-05-04T21:30:04.502+0000] {sensors.py:45} INFO - Market open check at 2026-05-04 17:30 ET: False
[2026-05-04T21:30:04.531+0000] {taskinstance.py:2658} INFO - Rescheduling task, marking task as UP_FOR_RESCHEDULE
[2026-05-04T21:30:04.567+0000] {local_task_job_runner.py:234} INFO - Task exited with return code 0
[2026-05-04T21:30:04.608+0000] {taskinstance.py:3280} INFO - 0 downstream tasks scheduled from follow-on schedule check
[2026-05-04T21:45:05.740+0000] {taskinstance.py:1956} INFO - Dependencies all met for dep_context=non-requeueable deps ti=<TaskInstance: fetch_market_data.check_market_open scheduled__2026-05-04T20:00:00+00:00 [queued]>
[2026-05-04T21:45:05.750+0000] {taskinstance.py:1956} INFO - Dependencies all met for dep_context=requeueable deps ti=<TaskInstance: fetch_market_data.check_market_open scheduled__2026-05-04T20:00:00+00:00 [queued]>
[2026-05-04T21:45:05.751+0000] {taskinstance.py:2170} INFO - Starting attempt 1 of 3
[2026-05-04T21:45:05.763+0000] {taskinstance.py:2191} INFO - Executing <Task(MarketOpenSensor): check_market_open> on 2026-05-04 20:00:00+00:00
[2026-05-04T21:45:05.770+0000] {standard_task_runner.py:60} INFO - Started process 943034 to run task
[2026-05-04T21:45:05.774+0000] {standard_task_runner.py:87} INFO - Running: ['airflow', 'tasks', 'run', 'fetch_market_data', 'check_market_open', 'scheduled__2026-05-04T20:00:00+00:00', '--job-id', '1207', '--raw', '--subdir', 'DAGS_FOLDER/fetch_market_data.py', '--cfg-path', '/tmp/tmpnvwlce5f']
[2026-05-04T21:45:05.777+0000] {standard_task_runner.py:88} INFO - Job 1207: Subtask check_market_open
[2026-05-04T21:45:05.859+0000] {task_command.py:423} INFO - Running <TaskInstance: fetch_market_data.check_market_open scheduled__2026-05-04T20:00:00+00:00 [running]> on host reddit-pipeline-vm
[2026-05-04T21:45:05.978+0000] {taskinstance.py:2480} INFO - Exporting env vars: AIRFLOW_CTX_DAG_OWNER='pipeline' AIRFLOW_CTX_DAG_ID='fetch_market_data' AIRFLOW_CTX_TASK_ID='check_market_open' AIRFLOW_CTX_EXECUTION_DATE='2026-05-04T20:00:00+00:00' AIRFLOW_CTX_TRY_NUMBER='1' AIRFLOW_CTX_DAG_RUN_ID='scheduled__2026-05-04T20:00:00+00:00'
[2026-05-04T21:45:05.998+0000] {sensors.py:45} INFO - Market open check at 2026-05-04 17:45 ET: False
[2026-05-04T21:45:06.026+0000] {taskinstance.py:2658} INFO - Rescheduling task, marking task as UP_FOR_RESCHEDULE
[2026-05-04T21:45:06.069+0000] {local_task_job_runner.py:234} INFO - Task exited with return code 0
[2026-05-04T21:45:06.109+0000] {taskinstance.py:3280} INFO - 0 downstream tasks scheduled from follow-on schedule check
[2026-05-04T22:00:07.370+0000] {taskinstance.py:1956} INFO - Dependencies all met for dep_context=non-requeueable deps ti=<TaskInstance: fetch_market_data.check_market_open scheduled__2026-05-04T20:00:00+00:00 [queued]>
[2026-05-04T22:00:07.379+0000] {taskinstance.py:1956} INFO - Dependencies all met for dep_context=requeueable deps ti=<TaskInstance: fetch_market_data.check_market_open scheduled__2026-05-04T20:00:00+00:00 [queued]>
[2026-05-04T22:00:07.379+0000] {taskinstance.py:2170} INFO - Starting attempt 1 of 3
[2026-05-04T22:00:07.390+0000] {taskinstance.py:2191} INFO - Executing <Task(MarketOpenSensor): check_market_open> on 2026-05-04 20:00:00+00:00
[2026-05-04T22:00:07.397+0000] {standard_task_runner.py:60} INFO - Started process 943780 to run task
[2026-05-04T22:00:07.401+0000] {standard_task_runner.py:87} INFO - Running: ['airflow', 'tasks', 'run', 'fetch_market_data', 'check_market_open', 'scheduled__2026-05-04T20:00:00+00:00', '--job-id', '1208', '--raw', '--subdir', 'DAGS_FOLDER/fetch_market_data.py', '--cfg-path', '/tmp/tmpue8ujx9m']
[2026-05-04T22:00:07.403+0000] {standard_task_runner.py:88} INFO - Job 1208: Subtask check_market_open
[2026-05-04T22:00:07.485+0000] {task_command.py:423} INFO - Running <TaskInstance: fetch_market_data.check_market_open scheduled__2026-05-04T20:00:00+00:00 [running]> on host reddit-pipeline-vm
[2026-05-04T22:00:07.605+0000] {taskinstance.py:2480} INFO - Exporting env vars: AIRFLOW_CTX_DAG_OWNER='pipeline' AIRFLOW_CTX_DAG_ID='fetch_market_data' AIRFLOW_CTX_TASK_ID='check_market_open' AIRFLOW_CTX_EXECUTION_DATE='2026-05-04T20:00:00+00:00' AIRFLOW_CTX_TRY_NUMBER='1' AIRFLOW_CTX_DAG_RUN_ID='scheduled__2026-05-04T20:00:00+00:00'
[2026-05-04T22:00:07.630+0000] {sensors.py:45} INFO - Market open check at 2026-05-04 18:00 ET: False
[2026-05-04T22:00:07.630+0000] {taskinstance.py:2360} INFO - Sensor has timed out; run duration of 3606.674325 seconds exceeds the specified timeout of 3600.0.
[2026-05-04T22:00:07.650+0000] {taskinstance.py:1138} INFO - Marking task as SKIPPED. dag_id=fetch_market_data, task_id=check_market_open, execution_date=20260504T200000, start_date=20260504T220007, end_date=20260504T220007
[2026-05-04T22:00:07.696+0000] {local_task_job_runner.py:234} INFO - Task exited with return code 0
[2026-05-04T22:00:07.734+0000] {taskinstance.py:3280} INFO - 0 downstream tasks scheduled from follow-on schedule check
