[2026-05-04T12:01:43.248+0000] {taskinstance.py:1956} INFO - Dependencies all met for dep_context=non-requeueable deps ti=<TaskInstance: fetch_market_data.check_market_open scheduled__2026-05-04T11:00:00+00:00 [queued]>
[2026-05-04T12:01:43.254+0000] {taskinstance.py:1956} INFO - Dependencies all met for dep_context=requeueable deps ti=<TaskInstance: fetch_market_data.check_market_open scheduled__2026-05-04T11:00:00+00:00 [queued]>
[2026-05-04T12:01:43.254+0000] {taskinstance.py:2170} INFO - Starting attempt 1 of 3
[2026-05-04T12:01:43.264+0000] {taskinstance.py:2191} INFO - Executing <Task(MarketOpenSensor): check_market_open> on 2026-05-04 11:00:00+00:00
[2026-05-04T12:01:43.271+0000] {standard_task_runner.py:60} INFO - Started process 912708 to run task
[2026-05-04T12:01:43.274+0000] {standard_task_runner.py:87} INFO - Running: ['airflow', 'tasks', 'run', 'fetch_market_data', 'check_market_open', 'scheduled__2026-05-04T11:00:00+00:00', '--job-id', '1109', '--raw', '--subdir', 'DAGS_FOLDER/fetch_market_data.py', '--cfg-path', '/tmp/tmp3qnzmhu5']
[2026-05-04T12:01:43.276+0000] {standard_task_runner.py:88} INFO - Job 1109: Subtask check_market_open
[2026-05-04T12:01:43.351+0000] {task_command.py:423} INFO - Running <TaskInstance: fetch_market_data.check_market_open scheduled__2026-05-04T11:00:00+00:00 [running]> on host reddit-pipeline-vm
[2026-05-04T12:01:43.461+0000] {taskinstance.py:2480} INFO - Exporting env vars: AIRFLOW_CTX_DAG_OWNER='pipeline' AIRFLOW_CTX_DAG_ID='fetch_market_data' AIRFLOW_CTX_TASK_ID='check_market_open' AIRFLOW_CTX_EXECUTION_DATE='2026-05-04T11:00:00+00:00' AIRFLOW_CTX_TRY_NUMBER='1' AIRFLOW_CTX_DAG_RUN_ID='scheduled__2026-05-04T11:00:00+00:00'
[2026-05-04T12:01:43.479+0000] {sensors.py:45} INFO - Market open check at 2026-05-04 08:01 ET: False
[2026-05-04T12:01:43.505+0000] {taskinstance.py:2658} INFO - Rescheduling task, marking task as UP_FOR_RESCHEDULE
[2026-05-04T12:01:43.528+0000] {local_task_job_runner.py:234} INFO - Task exited with return code 0
[2026-05-04T12:01:43.568+0000] {taskinstance.py:3280} INFO - 0 downstream tasks scheduled from follow-on schedule check
[2026-05-04T12:16:44.324+0000] {taskinstance.py:1956} INFO - Dependencies all met for dep_context=non-requeueable deps ti=<TaskInstance: fetch_market_data.check_market_open scheduled__2026-05-04T11:00:00+00:00 [queued]>
[2026-05-04T12:16:44.332+0000] {taskinstance.py:1956} INFO - Dependencies all met for dep_context=requeueable deps ti=<TaskInstance: fetch_market_data.check_market_open scheduled__2026-05-04T11:00:00+00:00 [queued]>
[2026-05-04T12:16:44.332+0000] {taskinstance.py:2170} INFO - Starting attempt 1 of 3
[2026-05-04T12:16:44.342+0000] {taskinstance.py:2191} INFO - Executing <Task(MarketOpenSensor): check_market_open> on 2026-05-04 11:00:00+00:00
[2026-05-04T12:16:44.349+0000] {standard_task_runner.py:60} INFO - Started process 913440 to run task
[2026-05-04T12:16:44.352+0000] {standard_task_runner.py:87} INFO - Running: ['airflow', 'tasks', 'run', 'fetch_market_data', 'check_market_open', 'scheduled__2026-05-04T11:00:00+00:00', '--job-id', '1110', '--raw', '--subdir', 'DAGS_FOLDER/fetch_market_data.py', '--cfg-path', '/tmp/tmpohjxztlb']
[2026-05-04T12:16:44.354+0000] {standard_task_runner.py:88} INFO - Job 1110: Subtask check_market_open
[2026-05-04T12:16:44.430+0000] {task_command.py:423} INFO - Running <TaskInstance: fetch_market_data.check_market_open scheduled__2026-05-04T11:00:00+00:00 [running]> on host reddit-pipeline-vm
[2026-05-04T12:16:44.538+0000] {taskinstance.py:2480} INFO - Exporting env vars: AIRFLOW_CTX_DAG_OWNER='pipeline' AIRFLOW_CTX_DAG_ID='fetch_market_data' AIRFLOW_CTX_TASK_ID='check_market_open' AIRFLOW_CTX_EXECUTION_DATE='2026-05-04T11:00:00+00:00' AIRFLOW_CTX_TRY_NUMBER='1' AIRFLOW_CTX_DAG_RUN_ID='scheduled__2026-05-04T11:00:00+00:00'
[2026-05-04T12:16:44.556+0000] {sensors.py:45} INFO - Market open check at 2026-05-04 08:16 ET: False
[2026-05-04T12:16:44.583+0000] {taskinstance.py:2658} INFO - Rescheduling task, marking task as UP_FOR_RESCHEDULE
[2026-05-04T12:16:44.606+0000] {local_task_job_runner.py:234} INFO - Task exited with return code 0
[2026-05-04T12:16:44.646+0000] {taskinstance.py:3280} INFO - 0 downstream tasks scheduled from follow-on schedule check
[2026-05-04T12:31:45.139+0000] {taskinstance.py:1956} INFO - Dependencies all met for dep_context=non-requeueable deps ti=<TaskInstance: fetch_market_data.check_market_open scheduled__2026-05-04T11:00:00+00:00 [queued]>
[2026-05-04T12:31:45.147+0000] {taskinstance.py:1956} INFO - Dependencies all met for dep_context=requeueable deps ti=<TaskInstance: fetch_market_data.check_market_open scheduled__2026-05-04T11:00:00+00:00 [queued]>
[2026-05-04T12:31:45.147+0000] {taskinstance.py:2170} INFO - Starting attempt 1 of 3
[2026-05-04T12:31:45.157+0000] {taskinstance.py:2191} INFO - Executing <Task(MarketOpenSensor): check_market_open> on 2026-05-04 11:00:00+00:00
[2026-05-04T12:31:45.164+0000] {standard_task_runner.py:60} INFO - Started process 914181 to run task
[2026-05-04T12:31:45.167+0000] {standard_task_runner.py:87} INFO - Running: ['airflow', 'tasks', 'run', 'fetch_market_data', 'check_market_open', 'scheduled__2026-05-04T11:00:00+00:00', '--job-id', '1111', '--raw', '--subdir', 'DAGS_FOLDER/fetch_market_data.py', '--cfg-path', '/tmp/tmpc7nfwz36']
[2026-05-04T12:31:45.169+0000] {standard_task_runner.py:88} INFO - Job 1111: Subtask check_market_open
[2026-05-04T12:31:45.245+0000] {task_command.py:423} INFO - Running <TaskInstance: fetch_market_data.check_market_open scheduled__2026-05-04T11:00:00+00:00 [running]> on host reddit-pipeline-vm
[2026-05-04T12:31:45.356+0000] {taskinstance.py:2480} INFO - Exporting env vars: AIRFLOW_CTX_DAG_OWNER='pipeline' AIRFLOW_CTX_DAG_ID='fetch_market_data' AIRFLOW_CTX_TASK_ID='check_market_open' AIRFLOW_CTX_EXECUTION_DATE='2026-05-04T11:00:00+00:00' AIRFLOW_CTX_TRY_NUMBER='1' AIRFLOW_CTX_DAG_RUN_ID='scheduled__2026-05-04T11:00:00+00:00'
[2026-05-04T12:31:45.375+0000] {sensors.py:45} INFO - Market open check at 2026-05-04 08:31 ET: False
[2026-05-04T12:31:45.401+0000] {taskinstance.py:2658} INFO - Rescheduling task, marking task as UP_FOR_RESCHEDULE
[2026-05-04T12:31:45.421+0000] {local_task_job_runner.py:234} INFO - Task exited with return code 0
[2026-05-04T12:31:45.462+0000] {taskinstance.py:3280} INFO - 0 downstream tasks scheduled from follow-on schedule check
[2026-05-04T12:46:46.222+0000] {taskinstance.py:1956} INFO - Dependencies all met for dep_context=non-requeueable deps ti=<TaskInstance: fetch_market_data.check_market_open scheduled__2026-05-04T11:00:00+00:00 [queued]>
[2026-05-04T12:46:46.230+0000] {taskinstance.py:1956} INFO - Dependencies all met for dep_context=requeueable deps ti=<TaskInstance: fetch_market_data.check_market_open scheduled__2026-05-04T11:00:00+00:00 [queued]>
[2026-05-04T12:46:46.230+0000] {taskinstance.py:2170} INFO - Starting attempt 1 of 3
[2026-05-04T12:46:46.240+0000] {taskinstance.py:2191} INFO - Executing <Task(MarketOpenSensor): check_market_open> on 2026-05-04 11:00:00+00:00
[2026-05-04T12:46:46.246+0000] {standard_task_runner.py:60} INFO - Started process 914907 to run task
[2026-05-04T12:46:46.250+0000] {standard_task_runner.py:87} INFO - Running: ['airflow', 'tasks', 'run', 'fetch_market_data', 'check_market_open', 'scheduled__2026-05-04T11:00:00+00:00', '--job-id', '1112', '--raw', '--subdir', 'DAGS_FOLDER/fetch_market_data.py', '--cfg-path', '/tmp/tmpp8u_toht']
[2026-05-04T12:46:46.252+0000] {standard_task_runner.py:88} INFO - Job 1112: Subtask check_market_open
[2026-05-04T12:46:46.327+0000] {task_command.py:423} INFO - Running <TaskInstance: fetch_market_data.check_market_open scheduled__2026-05-04T11:00:00+00:00 [running]> on host reddit-pipeline-vm
[2026-05-04T12:46:46.438+0000] {taskinstance.py:2480} INFO - Exporting env vars: AIRFLOW_CTX_DAG_OWNER='pipeline' AIRFLOW_CTX_DAG_ID='fetch_market_data' AIRFLOW_CTX_TASK_ID='check_market_open' AIRFLOW_CTX_EXECUTION_DATE='2026-05-04T11:00:00+00:00' AIRFLOW_CTX_TRY_NUMBER='1' AIRFLOW_CTX_DAG_RUN_ID='scheduled__2026-05-04T11:00:00+00:00'
[2026-05-04T12:46:46.456+0000] {sensors.py:45} INFO - Market open check at 2026-05-04 08:46 ET: False
[2026-05-04T12:46:46.483+0000] {taskinstance.py:2658} INFO - Rescheduling task, marking task as UP_FOR_RESCHEDULE
[2026-05-04T12:46:46.503+0000] {local_task_job_runner.py:234} INFO - Task exited with return code 0
[2026-05-04T12:46:46.544+0000] {taskinstance.py:3280} INFO - 0 downstream tasks scheduled from follow-on schedule check
[2026-05-04T13:01:47.471+0000] {taskinstance.py:1956} INFO - Dependencies all met for dep_context=non-requeueable deps ti=<TaskInstance: fetch_market_data.check_market_open scheduled__2026-05-04T11:00:00+00:00 [queued]>
[2026-05-04T13:01:47.478+0000] {taskinstance.py:1956} INFO - Dependencies all met for dep_context=requeueable deps ti=<TaskInstance: fetch_market_data.check_market_open scheduled__2026-05-04T11:00:00+00:00 [queued]>
[2026-05-04T13:01:47.479+0000] {taskinstance.py:2170} INFO - Starting attempt 1 of 3
[2026-05-04T13:01:47.489+0000] {taskinstance.py:2191} INFO - Executing <Task(MarketOpenSensor): check_market_open> on 2026-05-04 11:00:00+00:00
[2026-05-04T13:01:47.495+0000] {standard_task_runner.py:60} INFO - Started process 915624 to run task
[2026-05-04T13:01:47.499+0000] {standard_task_runner.py:87} INFO - Running: ['airflow', 'tasks', 'run', 'fetch_market_data', 'check_market_open', 'scheduled__2026-05-04T11:00:00+00:00', '--job-id', '1113', '--raw', '--subdir', 'DAGS_FOLDER/fetch_market_data.py', '--cfg-path', '/tmp/tmpalpuqas7']
[2026-05-04T13:01:47.500+0000] {standard_task_runner.py:88} INFO - Job 1113: Subtask check_market_open
[2026-05-04T13:01:47.576+0000] {task_command.py:423} INFO - Running <TaskInstance: fetch_market_data.check_market_open scheduled__2026-05-04T11:00:00+00:00 [running]> on host reddit-pipeline-vm
[2026-05-04T13:01:47.684+0000] {taskinstance.py:2480} INFO - Exporting env vars: AIRFLOW_CTX_DAG_OWNER='pipeline' AIRFLOW_CTX_DAG_ID='fetch_market_data' AIRFLOW_CTX_TASK_ID='check_market_open' AIRFLOW_CTX_EXECUTION_DATE='2026-05-04T11:00:00+00:00' AIRFLOW_CTX_TRY_NUMBER='1' AIRFLOW_CTX_DAG_RUN_ID='scheduled__2026-05-04T11:00:00+00:00'
[2026-05-04T13:01:47.703+0000] {sensors.py:45} INFO - Market open check at 2026-05-04 09:01 ET: False
[2026-05-04T13:01:47.703+0000] {taskinstance.py:2360} INFO - Sensor has timed out; run duration of 3604.318965 seconds exceeds the specified timeout of 3600.0.
[2026-05-04T13:01:47.720+0000] {taskinstance.py:1138} INFO - Marking task as SKIPPED. dag_id=fetch_market_data, task_id=check_market_open, execution_date=20260504T110000, start_date=20260504T130147, end_date=20260504T130147
[2026-05-04T13:01:47.751+0000] {local_task_job_runner.py:234} INFO - Task exited with return code 0
[2026-05-04T13:01:47.802+0000] {taskinstance.py:3280} INFO - 0 downstream tasks scheduled from follow-on schedule check
