[2026-05-04T07:01:00.555+0000] {taskinstance.py:1956} INFO - Dependencies all met for dep_context=non-requeueable deps ti=<TaskInstance: fetch_market_data.check_market_open scheduled__2026-05-04T06:00:00+00:00 [queued]>
[2026-05-04T07:01:00.561+0000] {taskinstance.py:1956} INFO - Dependencies all met for dep_context=requeueable deps ti=<TaskInstance: fetch_market_data.check_market_open scheduled__2026-05-04T06:00:00+00:00 [queued]>
[2026-05-04T07:01:00.561+0000] {taskinstance.py:2170} INFO - Starting attempt 1 of 3
[2026-05-04T07:01:00.571+0000] {taskinstance.py:2191} INFO - Executing <Task(MarketOpenSensor): check_market_open> on 2026-05-04 06:00:00+00:00
[2026-05-04T07:01:00.577+0000] {standard_task_runner.py:60} INFO - Started process 897636 to run task
[2026-05-04T07:01:00.581+0000] {standard_task_runner.py:87} INFO - Running: ['airflow', 'tasks', 'run', 'fetch_market_data', 'check_market_open', 'scheduled__2026-05-04T06:00:00+00:00', '--job-id', '1084', '--raw', '--subdir', 'DAGS_FOLDER/fetch_market_data.py', '--cfg-path', '/tmp/tmp3arok4h5']
[2026-05-04T07:01:00.583+0000] {standard_task_runner.py:88} INFO - Job 1084: Subtask check_market_open
[2026-05-04T07:01:00.659+0000] {task_command.py:423} INFO - Running <TaskInstance: fetch_market_data.check_market_open scheduled__2026-05-04T06:00:00+00:00 [running]> on host reddit-pipeline-vm
[2026-05-04T07:01:00.772+0000] {taskinstance.py:2480} INFO - Exporting env vars: AIRFLOW_CTX_DAG_OWNER='pipeline' AIRFLOW_CTX_DAG_ID='fetch_market_data' AIRFLOW_CTX_TASK_ID='check_market_open' AIRFLOW_CTX_EXECUTION_DATE='2026-05-04T06:00:00+00:00' AIRFLOW_CTX_TRY_NUMBER='1' AIRFLOW_CTX_DAG_RUN_ID='scheduled__2026-05-04T06:00:00+00:00'
[2026-05-04T07:01:00.789+0000] {sensors.py:45} INFO - Market open check at 2026-05-04 03:01 ET: False
[2026-05-04T07:01:00.816+0000] {taskinstance.py:2658} INFO - Rescheduling task, marking task as UP_FOR_RESCHEDULE
[2026-05-04T07:01:00.834+0000] {local_task_job_runner.py:234} INFO - Task exited with return code 0
[2026-05-04T07:01:00.874+0000] {taskinstance.py:3280} INFO - 0 downstream tasks scheduled from follow-on schedule check
[2026-05-04T07:16:01.661+0000] {taskinstance.py:1956} INFO - Dependencies all met for dep_context=non-requeueable deps ti=<TaskInstance: fetch_market_data.check_market_open scheduled__2026-05-04T06:00:00+00:00 [queued]>
[2026-05-04T07:16:01.669+0000] {taskinstance.py:1956} INFO - Dependencies all met for dep_context=requeueable deps ti=<TaskInstance: fetch_market_data.check_market_open scheduled__2026-05-04T06:00:00+00:00 [queued]>
[2026-05-04T07:16:01.669+0000] {taskinstance.py:2170} INFO - Starting attempt 1 of 3
[2026-05-04T07:16:01.679+0000] {taskinstance.py:2191} INFO - Executing <Task(MarketOpenSensor): check_market_open> on 2026-05-04 06:00:00+00:00
[2026-05-04T07:16:01.685+0000] {standard_task_runner.py:60} INFO - Started process 898395 to run task
[2026-05-04T07:16:01.689+0000] {standard_task_runner.py:87} INFO - Running: ['airflow', 'tasks', 'run', 'fetch_market_data', 'check_market_open', 'scheduled__2026-05-04T06:00:00+00:00', '--job-id', '1085', '--raw', '--subdir', 'DAGS_FOLDER/fetch_market_data.py', '--cfg-path', '/tmp/tmpzl55e4mr']
[2026-05-04T07:16:01.690+0000] {standard_task_runner.py:88} INFO - Job 1085: Subtask check_market_open
[2026-05-04T07:16:01.766+0000] {task_command.py:423} INFO - Running <TaskInstance: fetch_market_data.check_market_open scheduled__2026-05-04T06:00:00+00:00 [running]> on host reddit-pipeline-vm
[2026-05-04T07:16:01.878+0000] {taskinstance.py:2480} INFO - Exporting env vars: AIRFLOW_CTX_DAG_OWNER='pipeline' AIRFLOW_CTX_DAG_ID='fetch_market_data' AIRFLOW_CTX_TASK_ID='check_market_open' AIRFLOW_CTX_EXECUTION_DATE='2026-05-04T06:00:00+00:00' AIRFLOW_CTX_TRY_NUMBER='1' AIRFLOW_CTX_DAG_RUN_ID='scheduled__2026-05-04T06:00:00+00:00'
[2026-05-04T07:16:01.897+0000] {sensors.py:45} INFO - Market open check at 2026-05-04 03:16 ET: False
[2026-05-04T07:16:01.925+0000] {taskinstance.py:2658} INFO - Rescheduling task, marking task as UP_FOR_RESCHEDULE
[2026-05-04T07:16:01.941+0000] {local_task_job_runner.py:234} INFO - Task exited with return code 0
[2026-05-04T07:16:01.985+0000] {taskinstance.py:3280} INFO - 0 downstream tasks scheduled from follow-on schedule check
[2026-05-04T07:31:03.364+0000] {taskinstance.py:1956} INFO - Dependencies all met for dep_context=non-requeueable deps ti=<TaskInstance: fetch_market_data.check_market_open scheduled__2026-05-04T06:00:00+00:00 [queued]>
[2026-05-04T07:31:03.373+0000] {taskinstance.py:1956} INFO - Dependencies all met for dep_context=requeueable deps ti=<TaskInstance: fetch_market_data.check_market_open scheduled__2026-05-04T06:00:00+00:00 [queued]>
[2026-05-04T07:31:03.373+0000] {taskinstance.py:2170} INFO - Starting attempt 1 of 3
[2026-05-04T07:31:03.384+0000] {taskinstance.py:2191} INFO - Executing <Task(MarketOpenSensor): check_market_open> on 2026-05-04 06:00:00+00:00
[2026-05-04T07:31:03.391+0000] {standard_task_runner.py:60} INFO - Started process 899134 to run task
[2026-05-04T07:31:03.394+0000] {standard_task_runner.py:87} INFO - Running: ['airflow', 'tasks', 'run', 'fetch_market_data', 'check_market_open', 'scheduled__2026-05-04T06:00:00+00:00', '--job-id', '1086', '--raw', '--subdir', 'DAGS_FOLDER/fetch_market_data.py', '--cfg-path', '/tmp/tmp2hw4f096']
[2026-05-04T07:31:03.396+0000] {standard_task_runner.py:88} INFO - Job 1086: Subtask check_market_open
[2026-05-04T07:31:03.475+0000] {task_command.py:423} INFO - Running <TaskInstance: fetch_market_data.check_market_open scheduled__2026-05-04T06:00:00+00:00 [running]> on host reddit-pipeline-vm
[2026-05-04T07:31:03.591+0000] {taskinstance.py:2480} INFO - Exporting env vars: AIRFLOW_CTX_DAG_OWNER='pipeline' AIRFLOW_CTX_DAG_ID='fetch_market_data' AIRFLOW_CTX_TASK_ID='check_market_open' AIRFLOW_CTX_EXECUTION_DATE='2026-05-04T06:00:00+00:00' AIRFLOW_CTX_TRY_NUMBER='1' AIRFLOW_CTX_DAG_RUN_ID='scheduled__2026-05-04T06:00:00+00:00'
[2026-05-04T07:31:03.610+0000] {sensors.py:45} INFO - Market open check at 2026-05-04 03:31 ET: False
[2026-05-04T07:31:03.638+0000] {taskinstance.py:2658} INFO - Rescheduling task, marking task as UP_FOR_RESCHEDULE
[2026-05-04T07:31:03.648+0000] {local_task_job_runner.py:234} INFO - Task exited with return code 0
[2026-05-04T07:31:03.692+0000] {taskinstance.py:3280} INFO - 0 downstream tasks scheduled from follow-on schedule check
[2026-05-04T07:46:04.953+0000] {taskinstance.py:1956} INFO - Dependencies all met for dep_context=non-requeueable deps ti=<TaskInstance: fetch_market_data.check_market_open scheduled__2026-05-04T06:00:00+00:00 [queued]>
[2026-05-04T07:46:04.961+0000] {taskinstance.py:1956} INFO - Dependencies all met for dep_context=requeueable deps ti=<TaskInstance: fetch_market_data.check_market_open scheduled__2026-05-04T06:00:00+00:00 [queued]>
[2026-05-04T07:46:04.962+0000] {taskinstance.py:2170} INFO - Starting attempt 1 of 3
[2026-05-04T07:46:04.972+0000] {taskinstance.py:2191} INFO - Executing <Task(MarketOpenSensor): check_market_open> on 2026-05-04 06:00:00+00:00
[2026-05-04T07:46:04.979+0000] {standard_task_runner.py:60} INFO - Started process 899894 to run task
[2026-05-04T07:46:04.983+0000] {standard_task_runner.py:87} INFO - Running: ['airflow', 'tasks', 'run', 'fetch_market_data', 'check_market_open', 'scheduled__2026-05-04T06:00:00+00:00', '--job-id', '1087', '--raw', '--subdir', 'DAGS_FOLDER/fetch_market_data.py', '--cfg-path', '/tmp/tmpvohji693']
[2026-05-04T07:46:04.986+0000] {standard_task_runner.py:88} INFO - Job 1087: Subtask check_market_open
[2026-05-04T07:46:05.068+0000] {task_command.py:423} INFO - Running <TaskInstance: fetch_market_data.check_market_open scheduled__2026-05-04T06:00:00+00:00 [running]> on host reddit-pipeline-vm
[2026-05-04T07:46:05.189+0000] {taskinstance.py:2480} INFO - Exporting env vars: AIRFLOW_CTX_DAG_OWNER='pipeline' AIRFLOW_CTX_DAG_ID='fetch_market_data' AIRFLOW_CTX_TASK_ID='check_market_open' AIRFLOW_CTX_EXECUTION_DATE='2026-05-04T06:00:00+00:00' AIRFLOW_CTX_TRY_NUMBER='1' AIRFLOW_CTX_DAG_RUN_ID='scheduled__2026-05-04T06:00:00+00:00'
[2026-05-04T07:46:05.210+0000] {sensors.py:45} INFO - Market open check at 2026-05-04 03:46 ET: False
[2026-05-04T07:46:05.240+0000] {taskinstance.py:2658} INFO - Rescheduling task, marking task as UP_FOR_RESCHEDULE
[2026-05-04T07:46:05.277+0000] {local_task_job_runner.py:234} INFO - Task exited with return code 0
[2026-05-04T07:46:05.322+0000] {taskinstance.py:3280} INFO - 0 downstream tasks scheduled from follow-on schedule check
[2026-05-04T08:01:06.379+0000] {taskinstance.py:1956} INFO - Dependencies all met for dep_context=non-requeueable deps ti=<TaskInstance: fetch_market_data.check_market_open scheduled__2026-05-04T06:00:00+00:00 [queued]>
[2026-05-04T08:01:06.386+0000] {taskinstance.py:1956} INFO - Dependencies all met for dep_context=requeueable deps ti=<TaskInstance: fetch_market_data.check_market_open scheduled__2026-05-04T06:00:00+00:00 [queued]>
[2026-05-04T08:01:06.387+0000] {taskinstance.py:2170} INFO - Starting attempt 1 of 3
[2026-05-04T08:01:06.397+0000] {taskinstance.py:2191} INFO - Executing <Task(MarketOpenSensor): check_market_open> on 2026-05-04 06:00:00+00:00
[2026-05-04T08:01:06.403+0000] {standard_task_runner.py:60} INFO - Started process 900652 to run task
[2026-05-04T08:01:06.407+0000] {standard_task_runner.py:87} INFO - Running: ['airflow', 'tasks', 'run', 'fetch_market_data', 'check_market_open', 'scheduled__2026-05-04T06:00:00+00:00', '--job-id', '1088', '--raw', '--subdir', 'DAGS_FOLDER/fetch_market_data.py', '--cfg-path', '/tmp/tmp8elpk4a3']
[2026-05-04T08:01:06.409+0000] {standard_task_runner.py:88} INFO - Job 1088: Subtask check_market_open
[2026-05-04T08:01:06.481+0000] {task_command.py:423} INFO - Running <TaskInstance: fetch_market_data.check_market_open scheduled__2026-05-04T06:00:00+00:00 [running]> on host reddit-pipeline-vm
[2026-05-04T08:01:06.591+0000] {taskinstance.py:2480} INFO - Exporting env vars: AIRFLOW_CTX_DAG_OWNER='pipeline' AIRFLOW_CTX_DAG_ID='fetch_market_data' AIRFLOW_CTX_TASK_ID='check_market_open' AIRFLOW_CTX_EXECUTION_DATE='2026-05-04T06:00:00+00:00' AIRFLOW_CTX_TRY_NUMBER='1' AIRFLOW_CTX_DAG_RUN_ID='scheduled__2026-05-04T06:00:00+00:00'
[2026-05-04T08:01:06.609+0000] {sensors.py:45} INFO - Market open check at 2026-05-04 04:01 ET: False
[2026-05-04T08:01:06.609+0000] {taskinstance.py:2360} INFO - Sensor has timed out; run duration of 3605.915556 seconds exceeds the specified timeout of 3600.0.
[2026-05-04T08:01:06.627+0000] {taskinstance.py:1138} INFO - Marking task as SKIPPED. dag_id=fetch_market_data, task_id=check_market_open, execution_date=20260504T060000, start_date=20260504T080106, end_date=20260504T080106
[2026-05-04T08:01:06.659+0000] {local_task_job_runner.py:234} INFO - Task exited with return code 0
[2026-05-04T08:01:06.710+0000] {taskinstance.py:3280} INFO - 0 downstream tasks scheduled from follow-on schedule check
