[2026-05-11T03:00:27.515+0000] {taskinstance.py:1956} INFO - Dependencies all met for dep_context=non-requeueable deps ti=<TaskInstance: fetch_market_data.check_market_open scheduled__2026-05-11T02:00:00+00:00 [queued]>
[2026-05-11T03:00:27.522+0000] {taskinstance.py:1956} INFO - Dependencies all met for dep_context=requeueable deps ti=<TaskInstance: fetch_market_data.check_market_open scheduled__2026-05-11T02:00:00+00:00 [queued]>
[2026-05-11T03:00:27.522+0000] {taskinstance.py:2170} INFO - Starting attempt 1 of 3
[2026-05-11T03:00:27.534+0000] {taskinstance.py:2191} INFO - Executing <Task(MarketOpenSensor): check_market_open> on 2026-05-11 02:00:00+00:00
[2026-05-11T03:00:27.540+0000] {standard_task_runner.py:60} INFO - Started process 1465069 to run task
[2026-05-11T03:00:27.544+0000] {standard_task_runner.py:87} INFO - Running: ['airflow', 'tasks', 'run', 'fetch_market_data', 'check_market_open', 'scheduled__2026-05-11T02:00:00+00:00', '--job-id', '1781', '--raw', '--subdir', 'DAGS_FOLDER/fetch_market_data.py', '--cfg-path', '/tmp/tmpyhr_gbup']
[2026-05-11T03:00:27.546+0000] {standard_task_runner.py:88} INFO - Job 1781: Subtask check_market_open
[2026-05-11T03:00:27.610+0000] {task_command.py:423} INFO - Running <TaskInstance: fetch_market_data.check_market_open scheduled__2026-05-11T02:00:00+00:00 [running]> on host reddit-pipeline-vm
[2026-05-11T03:00:27.708+0000] {taskinstance.py:2480} INFO - Exporting env vars: AIRFLOW_CTX_DAG_OWNER='pipeline' AIRFLOW_CTX_DAG_ID='fetch_market_data' AIRFLOW_CTX_TASK_ID='check_market_open' AIRFLOW_CTX_EXECUTION_DATE='2026-05-11T02:00:00+00:00' AIRFLOW_CTX_TRY_NUMBER='1' AIRFLOW_CTX_DAG_RUN_ID='scheduled__2026-05-11T02:00:00+00:00'
[2026-05-11T03:00:27.723+0000] {sensors.py:45} INFO - Market open check at 2026-05-10 23:00 ET: False
[2026-05-11T03:00:27.746+0000] {taskinstance.py:2658} INFO - Rescheduling task, marking task as UP_FOR_RESCHEDULE
[2026-05-11T03:00:27.757+0000] {local_task_job_runner.py:234} INFO - Task exited with return code 0
[2026-05-11T03:00:27.791+0000] {taskinstance.py:3280} INFO - 0 downstream tasks scheduled from follow-on schedule check
[2026-05-11T03:15:28.954+0000] {taskinstance.py:1956} INFO - Dependencies all met for dep_context=non-requeueable deps ti=<TaskInstance: fetch_market_data.check_market_open scheduled__2026-05-11T02:00:00+00:00 [queued]>
[2026-05-11T03:15:28.962+0000] {taskinstance.py:1956} INFO - Dependencies all met for dep_context=requeueable deps ti=<TaskInstance: fetch_market_data.check_market_open scheduled__2026-05-11T02:00:00+00:00 [queued]>
[2026-05-11T03:15:28.962+0000] {taskinstance.py:2170} INFO - Starting attempt 1 of 3
[2026-05-11T03:15:28.973+0000] {taskinstance.py:2191} INFO - Executing <Task(MarketOpenSensor): check_market_open> on 2026-05-11 02:00:00+00:00
[2026-05-11T03:15:28.979+0000] {standard_task_runner.py:60} INFO - Started process 1466065 to run task
[2026-05-11T03:15:28.982+0000] {standard_task_runner.py:87} INFO - Running: ['airflow', 'tasks', 'run', 'fetch_market_data', 'check_market_open', 'scheduled__2026-05-11T02:00:00+00:00', '--job-id', '1782', '--raw', '--subdir', 'DAGS_FOLDER/fetch_market_data.py', '--cfg-path', '/tmp/tmp9e0kuubq']
[2026-05-11T03:15:28.984+0000] {standard_task_runner.py:88} INFO - Job 1782: Subtask check_market_open
[2026-05-11T03:15:29.049+0000] {task_command.py:423} INFO - Running <TaskInstance: fetch_market_data.check_market_open scheduled__2026-05-11T02:00:00+00:00 [running]> on host reddit-pipeline-vm
[2026-05-11T03:15:29.141+0000] {taskinstance.py:2480} INFO - Exporting env vars: AIRFLOW_CTX_DAG_OWNER='pipeline' AIRFLOW_CTX_DAG_ID='fetch_market_data' AIRFLOW_CTX_TASK_ID='check_market_open' AIRFLOW_CTX_EXECUTION_DATE='2026-05-11T02:00:00+00:00' AIRFLOW_CTX_TRY_NUMBER='1' AIRFLOW_CTX_DAG_RUN_ID='scheduled__2026-05-11T02:00:00+00:00'
[2026-05-11T03:15:29.156+0000] {sensors.py:45} INFO - Market open check at 2026-05-10 23:15 ET: False
[2026-05-11T03:15:29.178+0000] {taskinstance.py:2658} INFO - Rescheduling task, marking task as UP_FOR_RESCHEDULE
[2026-05-11T03:15:29.197+0000] {local_task_job_runner.py:234} INFO - Task exited with return code 0
[2026-05-11T03:15:29.231+0000] {taskinstance.py:3280} INFO - 0 downstream tasks scheduled from follow-on schedule check
[2026-05-11T03:30:30.732+0000] {taskinstance.py:1956} INFO - Dependencies all met for dep_context=non-requeueable deps ti=<TaskInstance: fetch_market_data.check_market_open scheduled__2026-05-11T02:00:00+00:00 [queued]>
[2026-05-11T03:30:30.739+0000] {taskinstance.py:1956} INFO - Dependencies all met for dep_context=requeueable deps ti=<TaskInstance: fetch_market_data.check_market_open scheduled__2026-05-11T02:00:00+00:00 [queued]>
[2026-05-11T03:30:30.739+0000] {taskinstance.py:2170} INFO - Starting attempt 1 of 3
[2026-05-11T03:30:30.750+0000] {taskinstance.py:2191} INFO - Executing <Task(MarketOpenSensor): check_market_open> on 2026-05-11 02:00:00+00:00
[2026-05-11T03:30:30.756+0000] {standard_task_runner.py:60} INFO - Started process 1467047 to run task
[2026-05-11T03:30:30.759+0000] {standard_task_runner.py:87} INFO - Running: ['airflow', 'tasks', 'run', 'fetch_market_data', 'check_market_open', 'scheduled__2026-05-11T02:00:00+00:00', '--job-id', '1783', '--raw', '--subdir', 'DAGS_FOLDER/fetch_market_data.py', '--cfg-path', '/tmp/tmpg_6bi1m2']
[2026-05-11T03:30:30.761+0000] {standard_task_runner.py:88} INFO - Job 1783: Subtask check_market_open
[2026-05-11T03:30:30.824+0000] {task_command.py:423} INFO - Running <TaskInstance: fetch_market_data.check_market_open scheduled__2026-05-11T02:00:00+00:00 [running]> on host reddit-pipeline-vm
[2026-05-11T03:30:30.916+0000] {taskinstance.py:2480} INFO - Exporting env vars: AIRFLOW_CTX_DAG_OWNER='pipeline' AIRFLOW_CTX_DAG_ID='fetch_market_data' AIRFLOW_CTX_TASK_ID='check_market_open' AIRFLOW_CTX_EXECUTION_DATE='2026-05-11T02:00:00+00:00' AIRFLOW_CTX_TRY_NUMBER='1' AIRFLOW_CTX_DAG_RUN_ID='scheduled__2026-05-11T02:00:00+00:00'
[2026-05-11T03:30:30.931+0000] {sensors.py:45} INFO - Market open check at 2026-05-10 23:30 ET: False
[2026-05-11T03:30:30.955+0000] {taskinstance.py:2658} INFO - Rescheduling task, marking task as UP_FOR_RESCHEDULE
[2026-05-11T03:30:30.974+0000] {local_task_job_runner.py:234} INFO - Task exited with return code 0
[2026-05-11T03:30:31.007+0000] {taskinstance.py:3280} INFO - 0 downstream tasks scheduled from follow-on schedule check
[2026-05-11T03:45:32.380+0000] {taskinstance.py:1956} INFO - Dependencies all met for dep_context=non-requeueable deps ti=<TaskInstance: fetch_market_data.check_market_open scheduled__2026-05-11T02:00:00+00:00 [queued]>
[2026-05-11T03:45:32.387+0000] {taskinstance.py:1956} INFO - Dependencies all met for dep_context=requeueable deps ti=<TaskInstance: fetch_market_data.check_market_open scheduled__2026-05-11T02:00:00+00:00 [queued]>
[2026-05-11T03:45:32.387+0000] {taskinstance.py:2170} INFO - Starting attempt 1 of 3
[2026-05-11T03:45:32.399+0000] {taskinstance.py:2191} INFO - Executing <Task(MarketOpenSensor): check_market_open> on 2026-05-11 02:00:00+00:00
[2026-05-11T03:45:32.405+0000] {standard_task_runner.py:60} INFO - Started process 1468006 to run task
[2026-05-11T03:45:32.408+0000] {standard_task_runner.py:87} INFO - Running: ['airflow', 'tasks', 'run', 'fetch_market_data', 'check_market_open', 'scheduled__2026-05-11T02:00:00+00:00', '--job-id', '1784', '--raw', '--subdir', 'DAGS_FOLDER/fetch_market_data.py', '--cfg-path', '/tmp/tmpew3mhrtp']
[2026-05-11T03:45:32.410+0000] {standard_task_runner.py:88} INFO - Job 1784: Subtask check_market_open
[2026-05-11T03:45:32.474+0000] {task_command.py:423} INFO - Running <TaskInstance: fetch_market_data.check_market_open scheduled__2026-05-11T02:00:00+00:00 [running]> on host reddit-pipeline-vm
[2026-05-11T03:45:32.567+0000] {taskinstance.py:2480} INFO - Exporting env vars: AIRFLOW_CTX_DAG_OWNER='pipeline' AIRFLOW_CTX_DAG_ID='fetch_market_data' AIRFLOW_CTX_TASK_ID='check_market_open' AIRFLOW_CTX_EXECUTION_DATE='2026-05-11T02:00:00+00:00' AIRFLOW_CTX_TRY_NUMBER='1' AIRFLOW_CTX_DAG_RUN_ID='scheduled__2026-05-11T02:00:00+00:00'
[2026-05-11T03:45:32.582+0000] {sensors.py:45} INFO - Market open check at 2026-05-10 23:45 ET: False
[2026-05-11T03:45:32.605+0000] {taskinstance.py:2658} INFO - Rescheduling task, marking task as UP_FOR_RESCHEDULE
[2026-05-11T03:45:32.622+0000] {local_task_job_runner.py:234} INFO - Task exited with return code 0
[2026-05-11T03:45:32.655+0000] {taskinstance.py:3280} INFO - 0 downstream tasks scheduled from follow-on schedule check
[2026-05-11T04:00:33.600+0000] {taskinstance.py:1956} INFO - Dependencies all met for dep_context=non-requeueable deps ti=<TaskInstance: fetch_market_data.check_market_open scheduled__2026-05-11T02:00:00+00:00 [queued]>
[2026-05-11T04:00:33.607+0000] {taskinstance.py:1956} INFO - Dependencies all met for dep_context=requeueable deps ti=<TaskInstance: fetch_market_data.check_market_open scheduled__2026-05-11T02:00:00+00:00 [queued]>
[2026-05-11T04:00:33.608+0000] {taskinstance.py:2170} INFO - Starting attempt 1 of 3
[2026-05-11T04:00:33.620+0000] {taskinstance.py:2191} INFO - Executing <Task(MarketOpenSensor): check_market_open> on 2026-05-11 02:00:00+00:00
[2026-05-11T04:00:33.628+0000] {standard_task_runner.py:60} INFO - Started process 1469031 to run task
[2026-05-11T04:00:33.631+0000] {standard_task_runner.py:87} INFO - Running: ['airflow', 'tasks', 'run', 'fetch_market_data', 'check_market_open', 'scheduled__2026-05-11T02:00:00+00:00', '--job-id', '1785', '--raw', '--subdir', 'DAGS_FOLDER/fetch_market_data.py', '--cfg-path', '/tmp/tmpfmtavtzh']
[2026-05-11T04:00:33.634+0000] {standard_task_runner.py:88} INFO - Job 1785: Subtask check_market_open
[2026-05-11T04:00:33.705+0000] {task_command.py:423} INFO - Running <TaskInstance: fetch_market_data.check_market_open scheduled__2026-05-11T02:00:00+00:00 [running]> on host reddit-pipeline-vm
[2026-05-11T04:00:33.811+0000] {taskinstance.py:2480} INFO - Exporting env vars: AIRFLOW_CTX_DAG_OWNER='pipeline' AIRFLOW_CTX_DAG_ID='fetch_market_data' AIRFLOW_CTX_TASK_ID='check_market_open' AIRFLOW_CTX_EXECUTION_DATE='2026-05-11T02:00:00+00:00' AIRFLOW_CTX_TRY_NUMBER='1' AIRFLOW_CTX_DAG_RUN_ID='scheduled__2026-05-11T02:00:00+00:00'
[2026-05-11T04:00:33.829+0000] {sensors.py:45} INFO - Market open check at 2026-05-11 00:00 ET: False
[2026-05-11T04:00:33.830+0000] {taskinstance.py:2360} INFO - Sensor has timed out; run duration of 3606.18871 seconds exceeds the specified timeout of 3600.0.
[2026-05-11T04:00:33.847+0000] {taskinstance.py:1138} INFO - Marking task as SKIPPED. dag_id=fetch_market_data, task_id=check_market_open, execution_date=20260511T020000, start_date=20260511T040033, end_date=20260511T040033
[2026-05-11T04:00:33.884+0000] {local_task_job_runner.py:234} INFO - Task exited with return code 0
[2026-05-11T04:00:33.931+0000] {taskinstance.py:3280} INFO - 0 downstream tasks scheduled from follow-on schedule check
