[2026-05-06T19:16:55.390+0000] {taskinstance.py:1956} INFO - Dependencies all met for dep_context=non-requeueable deps ti=<TaskInstance: run_dbt_models.dbt_run manual__2026-05-06T19:16:54.525748+00:00 [queued]>
[2026-05-06T19:16:55.397+0000] {taskinstance.py:1956} INFO - Dependencies all met for dep_context=requeueable deps ti=<TaskInstance: run_dbt_models.dbt_run manual__2026-05-06T19:16:54.525748+00:00 [queued]>
[2026-05-06T19:16:55.398+0000] {taskinstance.py:2170} INFO - Starting attempt 1 of 2
[2026-05-06T19:16:55.408+0000] {taskinstance.py:2191} INFO - Executing <Task(BashOperator): dbt_run> on 2026-05-06 19:16:54.525748+00:00
[2026-05-06T19:16:55.413+0000] {standard_task_runner.py:60} INFO - Started process 1048061 to run task
[2026-05-06T19:16:55.416+0000] {standard_task_runner.py:87} INFO - Running: ['airflow', 'tasks', 'run', 'run_dbt_models', 'dbt_run', 'manual__2026-05-06T19:16:54.525748+00:00', '--job-id', '1394', '--raw', '--subdir', 'DAGS_FOLDER/run_dbt_models.py', '--cfg-path', '/tmp/tmpcujp17ys']
[2026-05-06T19:16:55.418+0000] {standard_task_runner.py:88} INFO - Job 1394: Subtask dbt_run
[2026-05-06T19:16:55.479+0000] {task_command.py:423} INFO - Running <TaskInstance: run_dbt_models.dbt_run manual__2026-05-06T19:16:54.525748+00:00 [running]> on host reddit-pipeline-vm
[2026-05-06T19:16:55.575+0000] {taskinstance.py:2480} INFO - Exporting env vars: AIRFLOW_CTX_DAG_OWNER='pipeline' AIRFLOW_CTX_DAG_ID='run_dbt_models' AIRFLOW_CTX_TASK_ID='dbt_run' AIRFLOW_CTX_EXECUTION_DATE='2026-05-06T19:16:54.525748+00:00' AIRFLOW_CTX_TRY_NUMBER='1' AIRFLOW_CTX_DAG_RUN_ID='manual__2026-05-06T19:16:54.525748+00:00'
[2026-05-06T19:16:55.576+0000] {subprocess.py:63} INFO - Tmp dir root location: /tmp
[2026-05-06T19:16:55.576+0000] {subprocess.py:75} INFO - Running command: ['/usr/bin/bash', '-c', 'cd /home/ubuntu/github_repo/Stock-Market-Intelligence-Pipeline/dbt_project && /home/ubuntu/github_repo/Stock-Market-Intelligence-Pipeline/venv/bin/dbt run --profiles-dir /home/ubuntu/github_repo/Stock-Market-Intelligence-Pipeline/dbt_project']
[2026-05-06T19:16:55.585+0000] {subprocess.py:86} INFO - Output:
[2026-05-06T19:16:57.347+0000] {subprocess.py:93} INFO - [0m19:16:57  Running with dbt=1.7.0
[2026-05-06T19:16:57.587+0000] {subprocess.py:93} INFO - [0m19:16:57  Registered adapter: postgres=1.7.0
[2026-05-06T19:16:57.635+0000] {subprocess.py:93} INFO - [0m19:16:57  Found 5 models, 8 tests, 0 sources, 0 exposures, 0 metrics, 401 macros, 0 groups, 0 semantic models
[2026-05-06T19:16:57.638+0000] {subprocess.py:93} INFO - [0m19:16:57
[2026-05-06T19:16:57.748+0000] {subprocess.py:93} INFO - [0m19:16:57  Concurrency: 2 threads (target='dev')
[2026-05-06T19:16:57.749+0000] {subprocess.py:93} INFO - [0m19:16:57
[2026-05-06T19:16:57.752+0000] {subprocess.py:93} INFO - [0m19:16:57  1 of 5 START sql view model public_staging.stg_prices .......................... [RUN]
[2026-05-06T19:16:57.856+0000] {subprocess.py:93} INFO - [0m19:16:57  1 of 5 OK created sql view model public_staging.stg_prices ..................... [[32mCREATE VIEW[0m in 0.10s]
[2026-05-06T19:16:57.860+0000] {subprocess.py:93} INFO - [0m19:16:57  2 of 5 START sql view model public_staging.int_price_with_returns .............. [RUN]
[2026-05-06T19:16:57.904+0000] {subprocess.py:93} INFO - [0m19:16:57  2 of 5 OK created sql view model public_staging.int_price_with_returns ......... [[32mCREATE VIEW[0m in 0.04s]
[2026-05-06T19:16:57.906+0000] {subprocess.py:93} INFO - [0m19:16:57  3 of 5 START sql table model public.fact_prices ................................ [RUN]
[2026-05-06T19:16:57.990+0000] {subprocess.py:93} INFO - [0m19:16:57  3 of 5 OK created sql table model public.fact_prices ........................... [[32mSELECT 3745[0m in 0.08s]
[2026-05-06T19:16:57.992+0000] {subprocess.py:93} INFO - [0m19:16:57  4 of 5 START sql table model public.fact_indicators ............................ [RUN]
[2026-05-06T19:16:58.181+0000] {subprocess.py:93} INFO - [0m19:16:58  4 of 5 OK created sql table model public.fact_indicators ....................... [[32mSELECT 3745[0m in 0.19s]
[2026-05-06T19:16:58.182+0000] {subprocess.py:93} INFO - [0m19:16:58  5 of 5 START sql table model public.fact_alerts ................................ [RUN]
[2026-05-06T19:16:58.255+0000] {subprocess.py:93} INFO - [0m19:16:58  5 of 5 OK created sql table model public.fact_alerts ........................... [[32mSELECT 2139[0m in 0.07s]
[2026-05-06T19:16:58.272+0000] {subprocess.py:93} INFO - [0m19:16:58
[2026-05-06T19:16:58.273+0000] {subprocess.py:93} INFO - [0m19:16:58  Finished running 2 view models, 3 table models in 0 hours 0 minutes and 0.63 seconds (0.63s).
[2026-05-06T19:16:58.284+0000] {subprocess.py:93} INFO - [0m19:16:58
[2026-05-06T19:16:58.284+0000] {subprocess.py:93} INFO - [0m19:16:58  [32mCompleted successfully[0m
[2026-05-06T19:16:58.285+0000] {subprocess.py:93} INFO - [0m19:16:58
[2026-05-06T19:16:58.285+0000] {subprocess.py:93} INFO - [0m19:16:58  Done. PASS=5 WARN=0 ERROR=0 SKIP=0 TOTAL=5
[2026-05-06T19:17:00.687+0000] {subprocess.py:97} INFO - Command exited with return code 0
[2026-05-06T19:17:00.726+0000] {taskinstance.py:1138} INFO - Marking task as SUCCESS. dag_id=run_dbt_models, task_id=dbt_run, execution_date=20260506T191654, start_date=20260506T191655, end_date=20260506T191700
[2026-05-06T19:17:00.750+0000] {local_task_job_runner.py:234} INFO - Task exited with return code 0
[2026-05-06T19:17:00.773+0000] {taskinstance.py:3280} INFO - 1 downstream tasks scheduled from follow-on schedule check
