[2026-05-12T05:01:13.218+0000] {taskinstance.py:1956} INFO - Dependencies all met for dep_context=non-requeueable deps ti=<TaskInstance: fetch_market_data.check_market_open scheduled__2026-05-12T04:00:00+00:00 [queued]>
[2026-05-12T05:01:13.226+0000] {taskinstance.py:1956} INFO - Dependencies all met for dep_context=requeueable deps ti=<TaskInstance: fetch_market_data.check_market_open scheduled__2026-05-12T04:00:00+00:00 [queued]>
[2026-05-12T05:01:13.227+0000] {taskinstance.py:2170} INFO - Starting attempt 1 of 3
[2026-05-12T05:01:13.240+0000] {taskinstance.py:2191} INFO - Executing <Task(MarketOpenSensor): check_market_open> on 2026-05-12 04:00:00+00:00
[2026-05-12T05:01:13.247+0000] {standard_task_runner.py:60} INFO - Started process 1568853 to run task
[2026-05-12T05:01:13.251+0000] {standard_task_runner.py:87} INFO - Running: ['airflow', 'tasks', 'run', 'fetch_market_data', 'check_market_open', 'scheduled__2026-05-12T04:00:00+00:00', '--job-id', '1955', '--raw', '--subdir', 'DAGS_FOLDER/fetch_market_data.py', '--cfg-path', '/tmp/tmpzgy4b2n4']
[2026-05-12T05:01:13.253+0000] {standard_task_runner.py:88} INFO - Job 1955: Subtask check_market_open
[2026-05-12T05:01:13.327+0000] {task_command.py:423} INFO - Running <TaskInstance: fetch_market_data.check_market_open scheduled__2026-05-12T04:00:00+00:00 [running]> on host reddit-pipeline-vm
[2026-05-12T05:01:13.440+0000] {taskinstance.py:2480} INFO - Exporting env vars: AIRFLOW_CTX_DAG_OWNER='pipeline' AIRFLOW_CTX_DAG_ID='fetch_market_data' AIRFLOW_CTX_TASK_ID='check_market_open' AIRFLOW_CTX_EXECUTION_DATE='2026-05-12T04:00:00+00:00' AIRFLOW_CTX_TRY_NUMBER='1' AIRFLOW_CTX_DAG_RUN_ID='scheduled__2026-05-12T04:00:00+00:00'
[2026-05-12T05:01:13.457+0000] {sensors.py:45} INFO - Market open check at 2026-05-12 01:01 ET: False
[2026-05-12T05:01:13.485+0000] {taskinstance.py:2658} INFO - Rescheduling task, marking task as UP_FOR_RESCHEDULE
[2026-05-12T05:01:13.503+0000] {local_task_job_runner.py:234} INFO - Task exited with return code 0
[2026-05-12T05:01:13.542+0000] {taskinstance.py:3280} INFO - 0 downstream tasks scheduled from follow-on schedule check
[2026-05-12T05:16:15.001+0000] {taskinstance.py:1956} INFO - Dependencies all met for dep_context=non-requeueable deps ti=<TaskInstance: fetch_market_data.check_market_open scheduled__2026-05-12T04:00:00+00:00 [queued]>
[2026-05-12T05:16:15.012+0000] {taskinstance.py:1956} INFO - Dependencies all met for dep_context=requeueable deps ti=<TaskInstance: fetch_market_data.check_market_open scheduled__2026-05-12T04:00:00+00:00 [queued]>
[2026-05-12T05:16:15.012+0000] {taskinstance.py:2170} INFO - Starting attempt 1 of 3
[2026-05-12T05:16:15.025+0000] {taskinstance.py:2191} INFO - Executing <Task(MarketOpenSensor): check_market_open> on 2026-05-12 04:00:00+00:00
[2026-05-12T05:16:15.032+0000] {standard_task_runner.py:60} INFO - Started process 1569833 to run task
[2026-05-12T05:16:15.036+0000] {standard_task_runner.py:87} INFO - Running: ['airflow', 'tasks', 'run', 'fetch_market_data', 'check_market_open', 'scheduled__2026-05-12T04:00:00+00:00', '--job-id', '1956', '--raw', '--subdir', 'DAGS_FOLDER/fetch_market_data.py', '--cfg-path', '/tmp/tmpup89nwj7']
[2026-05-12T05:16:15.038+0000] {standard_task_runner.py:88} INFO - Job 1956: Subtask check_market_open
[2026-05-12T05:16:15.112+0000] {task_command.py:423} INFO - Running <TaskInstance: fetch_market_data.check_market_open scheduled__2026-05-12T04:00:00+00:00 [running]> on host reddit-pipeline-vm
[2026-05-12T05:16:15.219+0000] {taskinstance.py:2480} INFO - Exporting env vars: AIRFLOW_CTX_DAG_OWNER='pipeline' AIRFLOW_CTX_DAG_ID='fetch_market_data' AIRFLOW_CTX_TASK_ID='check_market_open' AIRFLOW_CTX_EXECUTION_DATE='2026-05-12T04:00:00+00:00' AIRFLOW_CTX_TRY_NUMBER='1' AIRFLOW_CTX_DAG_RUN_ID='scheduled__2026-05-12T04:00:00+00:00'
[2026-05-12T05:16:15.235+0000] {sensors.py:45} INFO - Market open check at 2026-05-12 01:16 ET: False
[2026-05-12T05:16:15.262+0000] {taskinstance.py:2658} INFO - Rescheduling task, marking task as UP_FOR_RESCHEDULE
[2026-05-12T05:16:15.288+0000] {local_task_job_runner.py:234} INFO - Task exited with return code 0
[2026-05-12T05:16:15.327+0000] {taskinstance.py:3280} INFO - 0 downstream tasks scheduled from follow-on schedule check
[2026-05-12T05:31:16.351+0000] {taskinstance.py:1956} INFO - Dependencies all met for dep_context=non-requeueable deps ti=<TaskInstance: fetch_market_data.check_market_open scheduled__2026-05-12T04:00:00+00:00 [queued]>
[2026-05-12T05:31:16.360+0000] {taskinstance.py:1956} INFO - Dependencies all met for dep_context=requeueable deps ti=<TaskInstance: fetch_market_data.check_market_open scheduled__2026-05-12T04:00:00+00:00 [queued]>
[2026-05-12T05:31:16.360+0000] {taskinstance.py:2170} INFO - Starting attempt 1 of 3
[2026-05-12T05:31:16.374+0000] {taskinstance.py:2191} INFO - Executing <Task(MarketOpenSensor): check_market_open> on 2026-05-12 04:00:00+00:00
[2026-05-12T05:31:16.380+0000] {standard_task_runner.py:60} INFO - Started process 1570784 to run task
[2026-05-12T05:31:16.383+0000] {standard_task_runner.py:87} INFO - Running: ['airflow', 'tasks', 'run', 'fetch_market_data', 'check_market_open', 'scheduled__2026-05-12T04:00:00+00:00', '--job-id', '1957', '--raw', '--subdir', 'DAGS_FOLDER/fetch_market_data.py', '--cfg-path', '/tmp/tmpf4v7243f']
[2026-05-12T05:31:16.385+0000] {standard_task_runner.py:88} INFO - Job 1957: Subtask check_market_open
[2026-05-12T05:31:16.456+0000] {task_command.py:423} INFO - Running <TaskInstance: fetch_market_data.check_market_open scheduled__2026-05-12T04:00:00+00:00 [running]> on host reddit-pipeline-vm
[2026-05-12T05:31:16.559+0000] {taskinstance.py:2480} INFO - Exporting env vars: AIRFLOW_CTX_DAG_OWNER='pipeline' AIRFLOW_CTX_DAG_ID='fetch_market_data' AIRFLOW_CTX_TASK_ID='check_market_open' AIRFLOW_CTX_EXECUTION_DATE='2026-05-12T04:00:00+00:00' AIRFLOW_CTX_TRY_NUMBER='1' AIRFLOW_CTX_DAG_RUN_ID='scheduled__2026-05-12T04:00:00+00:00'
[2026-05-12T05:31:16.576+0000] {sensors.py:45} INFO - Market open check at 2026-05-12 01:31 ET: False
[2026-05-12T05:31:16.599+0000] {taskinstance.py:2658} INFO - Rescheduling task, marking task as UP_FOR_RESCHEDULE
[2026-05-12T05:31:16.638+0000] {local_task_job_runner.py:234} INFO - Task exited with return code 0
[2026-05-12T05:31:16.675+0000] {taskinstance.py:3280} INFO - 0 downstream tasks scheduled from follow-on schedule check
[2026-05-12T05:46:17.988+0000] {taskinstance.py:1956} INFO - Dependencies all met for dep_context=non-requeueable deps ti=<TaskInstance: fetch_market_data.check_market_open scheduled__2026-05-12T04:00:00+00:00 [queued]>
[2026-05-12T05:46:17.997+0000] {taskinstance.py:1956} INFO - Dependencies all met for dep_context=requeueable deps ti=<TaskInstance: fetch_market_data.check_market_open scheduled__2026-05-12T04:00:00+00:00 [queued]>
[2026-05-12T05:46:17.997+0000] {taskinstance.py:2170} INFO - Starting attempt 1 of 3
[2026-05-12T05:46:18.011+0000] {taskinstance.py:2191} INFO - Executing <Task(MarketOpenSensor): check_market_open> on 2026-05-12 04:00:00+00:00
[2026-05-12T05:46:18.017+0000] {standard_task_runner.py:60} INFO - Started process 1571770 to run task
[2026-05-12T05:46:18.021+0000] {standard_task_runner.py:87} INFO - Running: ['airflow', 'tasks', 'run', 'fetch_market_data', 'check_market_open', 'scheduled__2026-05-12T04:00:00+00:00', '--job-id', '1958', '--raw', '--subdir', 'DAGS_FOLDER/fetch_market_data.py', '--cfg-path', '/tmp/tmpzvthst5e']
[2026-05-12T05:46:18.023+0000] {standard_task_runner.py:88} INFO - Job 1958: Subtask check_market_open
[2026-05-12T05:46:18.096+0000] {task_command.py:423} INFO - Running <TaskInstance: fetch_market_data.check_market_open scheduled__2026-05-12T04:00:00+00:00 [running]> on host reddit-pipeline-vm
[2026-05-12T05:46:18.204+0000] {taskinstance.py:2480} INFO - Exporting env vars: AIRFLOW_CTX_DAG_OWNER='pipeline' AIRFLOW_CTX_DAG_ID='fetch_market_data' AIRFLOW_CTX_TASK_ID='check_market_open' AIRFLOW_CTX_EXECUTION_DATE='2026-05-12T04:00:00+00:00' AIRFLOW_CTX_TRY_NUMBER='1' AIRFLOW_CTX_DAG_RUN_ID='scheduled__2026-05-12T04:00:00+00:00'
[2026-05-12T05:46:18.221+0000] {sensors.py:45} INFO - Market open check at 2026-05-12 01:46 ET: False
[2026-05-12T05:46:18.247+0000] {taskinstance.py:2658} INFO - Rescheduling task, marking task as UP_FOR_RESCHEDULE
[2026-05-12T05:46:18.273+0000] {local_task_job_runner.py:234} INFO - Task exited with return code 0
[2026-05-12T05:46:18.311+0000] {taskinstance.py:3280} INFO - 0 downstream tasks scheduled from follow-on schedule check
[2026-05-12T06:01:19.758+0000] {taskinstance.py:1956} INFO - Dependencies all met for dep_context=non-requeueable deps ti=<TaskInstance: fetch_market_data.check_market_open scheduled__2026-05-12T04:00:00+00:00 [queued]>
[2026-05-12T06:01:19.767+0000] {taskinstance.py:1956} INFO - Dependencies all met for dep_context=requeueable deps ti=<TaskInstance: fetch_market_data.check_market_open scheduled__2026-05-12T04:00:00+00:00 [queued]>
[2026-05-12T06:01:19.768+0000] {taskinstance.py:2170} INFO - Starting attempt 1 of 3
[2026-05-12T06:01:19.782+0000] {taskinstance.py:2191} INFO - Executing <Task(MarketOpenSensor): check_market_open> on 2026-05-12 04:00:00+00:00
[2026-05-12T06:01:19.789+0000] {standard_task_runner.py:60} INFO - Started process 1572721 to run task
[2026-05-12T06:01:19.793+0000] {standard_task_runner.py:87} INFO - Running: ['airflow', 'tasks', 'run', 'fetch_market_data', 'check_market_open', 'scheduled__2026-05-12T04:00:00+00:00', '--job-id', '1959', '--raw', '--subdir', 'DAGS_FOLDER/fetch_market_data.py', '--cfg-path', '/tmp/tmp8ap5eaa7']
[2026-05-12T06:01:19.795+0000] {standard_task_runner.py:88} INFO - Job 1959: Subtask check_market_open
[2026-05-12T06:01:19.866+0000] {task_command.py:423} INFO - Running <TaskInstance: fetch_market_data.check_market_open scheduled__2026-05-12T04:00:00+00:00 [running]> on host reddit-pipeline-vm
[2026-05-12T06:01:19.973+0000] {taskinstance.py:2480} INFO - Exporting env vars: AIRFLOW_CTX_DAG_OWNER='pipeline' AIRFLOW_CTX_DAG_ID='fetch_market_data' AIRFLOW_CTX_TASK_ID='check_market_open' AIRFLOW_CTX_EXECUTION_DATE='2026-05-12T04:00:00+00:00' AIRFLOW_CTX_TRY_NUMBER='1' AIRFLOW_CTX_DAG_RUN_ID='scheduled__2026-05-12T04:00:00+00:00'
[2026-05-12T06:01:19.990+0000] {sensors.py:45} INFO - Market open check at 2026-05-12 02:01 ET: False
[2026-05-12T06:01:19.991+0000] {taskinstance.py:2360} INFO - Sensor has timed out; run duration of 3606.629972 seconds exceeds the specified timeout of 3600.0.
[2026-05-12T06:01:20.007+0000] {taskinstance.py:1138} INFO - Marking task as SKIPPED. dag_id=fetch_market_data, task_id=check_market_open, execution_date=20260512T040000, start_date=20260512T060119, end_date=20260512T060120
[2026-05-12T06:01:20.047+0000] {local_task_job_runner.py:234} INFO - Task exited with return code 0
[2026-05-12T06:01:20.096+0000] {taskinstance.py:3280} INFO - 0 downstream tasks scheduled from follow-on schedule check
