[2026-04-30T18:26:39.556+0000] {taskinstance.py:1956} INFO - Dependencies all met for dep_context=non-requeueable deps ti=<TaskInstance: fetch_market_data.ingest_GOOGL manual__2026-04-30T18:10:17.302569+00:00 [queued]>
[2026-04-30T18:26:39.568+0000] {taskinstance.py:1956} INFO - Dependencies all met for dep_context=requeueable deps ti=<TaskInstance: fetch_market_data.ingest_GOOGL manual__2026-04-30T18:10:17.302569+00:00 [queued]>
[2026-04-30T18:26:39.568+0000] {taskinstance.py:2170} INFO - Starting attempt 3 of 3
[2026-04-30T18:26:39.581+0000] {taskinstance.py:2191} INFO - Executing <Task(PythonOperator): ingest_GOOGL> on 2026-04-30 18:10:17.302569+00:00
[2026-04-30T18:26:39.588+0000] {standard_task_runner.py:60} INFO - Started process 618336 to run task
[2026-04-30T18:26:39.592+0000] {standard_task_runner.py:87} INFO - Running: ['airflow', 'tasks', 'run', 'fetch_market_data', 'ingest_GOOGL', 'manual__2026-04-30T18:10:17.302569+00:00', '--job-id', '47', '--raw', '--subdir', 'DAGS_FOLDER/fetch_market_data.py', '--cfg-path', '/tmp/tmp1_i6awq1']
[2026-04-30T18:26:39.594+0000] {standard_task_runner.py:88} INFO - Job 47: Subtask ingest_GOOGL
[2026-04-30T18:26:39.676+0000] {task_command.py:423} INFO - Running <TaskInstance: fetch_market_data.ingest_GOOGL manual__2026-04-30T18:10:17.302569+00:00 [running]> on host reddit-pipeline-vm
[2026-04-30T18:26:39.795+0000] {taskinstance.py:2480} INFO - Exporting env vars: AIRFLOW_CTX_DAG_OWNER='pipeline' AIRFLOW_CTX_DAG_ID='fetch_market_data' AIRFLOW_CTX_TASK_ID='ingest_GOOGL' AIRFLOW_CTX_EXECUTION_DATE='2026-04-30T18:10:17.302569+00:00' AIRFLOW_CTX_TRY_NUMBER='3' AIRFLOW_CTX_DAG_RUN_ID='manual__2026-04-30T18:10:17.302569+00:00'
[2026-04-30T18:26:39.796+0000] {fetch_ohlcv.py:260} INFO - [GOOGL] Starting ingest cycle.
[2026-04-30T18:26:39.813+0000] {fetch_ohlcv.py:267} INFO - [GOOGL] ticker_id=3, watermark=2026-04-29 18:30:00+00:00
[2026-04-30T18:26:40.498+0000] {fetch_ohlcv.py:118} INFO - GOOGL: calling Twelve Data — interval=1h, outputsize=90, watermark=2026-04-29 18:30:00+00:00
[2026-04-30T18:26:40.720+0000] {fetch_ohlcv.py:287} ERROR - [GOOGL] Ingest failed: Cannot pass a datetime or Timestamp with tzinfo with the tz parameter. Use tz_convert instead.
Traceback (most recent call last):
  File "/home/ubuntu/github_repo/Stock-Market-Intelligence-Pipeline/ingestion/fetch_ohlcv.py", line 269, in ingest_ticker
    df = fetch_bars(symbol, watermark)
         ^^^^^^^^^^^^^^^^^^^^^^^^^^^^^
  File "/home/ubuntu/github_repo/Stock-Market-Intelligence-Pipeline/ingestion/fetch_ohlcv.py", line 182, in fetch_bars
    watermark_ts = pd.Timestamp(watermark, tz="UTC")
                   ^^^^^^^^^^^^^^^^^^^^^^^^^^^^^^^^^
  File "pandas/_libs/tslibs/timestamps.pyx", line 2728, in pandas._libs.tslibs.timestamps.Timestamp.__new__
ValueError: Cannot pass a datetime or Timestamp with tzinfo with the tz parameter. Use tz_convert instead.
[2026-04-30T18:26:40.722+0000] {taskinstance.py:2698} ERROR - Task failed with exception
Traceback (most recent call last):
  File "/home/ubuntu/github_repo/Stock-Market-Intelligence-Pipeline/venv/lib/python3.11/site-packages/airflow/models/taskinstance.py", line 433, in _execute_task
    result = execute_callable(context=context, **execute_callable_kwargs)
             ^^^^^^^^^^^^^^^^^^^^^^^^^^^^^^^^^^^^^^^^^^^^^^^^^^^^^^^^^^^^
  File "/home/ubuntu/github_repo/Stock-Market-Intelligence-Pipeline/venv/lib/python3.11/site-packages/airflow/operators/python.py", line 199, in execute
    return_value = self.execute_callable()
                   ^^^^^^^^^^^^^^^^^^^^^^^
  File "/home/ubuntu/github_repo/Stock-Market-Intelligence-Pipeline/venv/lib/python3.11/site-packages/airflow/operators/python.py", line 216, in execute_callable
    return self.python_callable(*self.op_args, **self.op_kwargs)
           ^^^^^^^^^^^^^^^^^^^^^^^^^^^^^^^^^^^^^^^^^^^^^^^^^^^^^
  File "/home/ubuntu/github_repo/Stock-Market-Intelligence-Pipeline/dags/fetch_market_data.py", line 58, in _run
    result = ingest_ticker(symbol)
             ^^^^^^^^^^^^^^^^^^^^^
  File "/home/ubuntu/github_repo/Stock-Market-Intelligence-Pipeline/ingestion/fetch_ohlcv.py", line 269, in ingest_ticker
    df = fetch_bars(symbol, watermark)
         ^^^^^^^^^^^^^^^^^^^^^^^^^^^^^
  File "/home/ubuntu/github_repo/Stock-Market-Intelligence-Pipeline/ingestion/fetch_ohlcv.py", line 182, in fetch_bars
    watermark_ts = pd.Timestamp(watermark, tz="UTC")
                   ^^^^^^^^^^^^^^^^^^^^^^^^^^^^^^^^^
  File "pandas/_libs/tslibs/timestamps.pyx", line 2728, in pandas._libs.tslibs.timestamps.Timestamp.__new__
ValueError: Cannot pass a datetime or Timestamp with tzinfo with the tz parameter. Use tz_convert instead.
[2026-04-30T18:26:40.740+0000] {taskinstance.py:1138} INFO - Marking task as FAILED. dag_id=fetch_market_data, task_id=ingest_GOOGL, execution_date=20260430T181017, start_date=20260430T182639, end_date=20260430T182640
[2026-04-30T18:26:40.752+0000] {standard_task_runner.py:107} ERROR - Failed to execute job 47 for task ingest_GOOGL (Cannot pass a datetime or Timestamp with tzinfo with the tz parameter. Use tz_convert instead.; 618336)
[2026-04-30T18:26:40.767+0000] {local_task_job_runner.py:234} INFO - Task exited with return code 1
[2026-04-30T18:26:40.800+0000] {taskinstance.py:3280} INFO - 0 downstream tasks scheduled from follow-on schedule check
