[2026-05-08T06:01:26.610+0000] {taskinstance.py:1956} INFO - Dependencies all met for dep_context=non-requeueable deps ti=<TaskInstance: fetch_market_data.check_market_open scheduled__2026-05-08T05:00:00+00:00 [queued]>
[2026-05-08T06:01:26.619+0000] {taskinstance.py:1956} INFO - Dependencies all met for dep_context=requeueable deps ti=<TaskInstance: fetch_market_data.check_market_open scheduled__2026-05-08T05:00:00+00:00 [queued]>
[2026-05-08T06:01:26.619+0000] {taskinstance.py:2170} INFO - Starting attempt 1 of 3
[2026-05-08T06:01:26.634+0000] {taskinstance.py:2191} INFO - Executing <Task(MarketOpenSensor): check_market_open> on 2026-05-08 05:00:00+00:00
[2026-05-08T06:01:26.641+0000] {standard_task_runner.py:60} INFO - Started process 1189436 to run task
[2026-05-08T06:01:26.645+0000] {standard_task_runner.py:87} INFO - Running: ['airflow', 'tasks', 'run', 'fetch_market_data', 'check_market_open', 'scheduled__2026-05-08T05:00:00+00:00', '--job-id', '1632', '--raw', '--subdir', 'DAGS_FOLDER/fetch_market_data.py', '--cfg-path', '/tmp/tmpj4l0e67c']
[2026-05-08T06:01:26.647+0000] {standard_task_runner.py:88} INFO - Job 1632: Subtask check_market_open
[2026-05-08T06:01:26.722+0000] {task_command.py:423} INFO - Running <TaskInstance: fetch_market_data.check_market_open scheduled__2026-05-08T05:00:00+00:00 [running]> on host reddit-pipeline-vm
[2026-05-08T06:01:26.835+0000] {taskinstance.py:2480} INFO - Exporting env vars: AIRFLOW_CTX_DAG_OWNER='pipeline' AIRFLOW_CTX_DAG_ID='fetch_market_data' AIRFLOW_CTX_TASK_ID='check_market_open' AIRFLOW_CTX_EXECUTION_DATE='2026-05-08T05:00:00+00:00' AIRFLOW_CTX_TRY_NUMBER='1' AIRFLOW_CTX_DAG_RUN_ID='scheduled__2026-05-08T05:00:00+00:00'
[2026-05-08T06:01:26.852+0000] {sensors.py:45} INFO - Market open check at 2026-05-08 02:01 ET: False
[2026-05-08T06:01:26.879+0000] {taskinstance.py:2658} INFO - Rescheduling task, marking task as UP_FOR_RESCHEDULE
[2026-05-08T06:01:26.898+0000] {local_task_job_runner.py:234} INFO - Task exited with return code 0
[2026-05-08T06:01:26.937+0000] {taskinstance.py:3280} INFO - 0 downstream tasks scheduled from follow-on schedule check
[2026-05-08T06:16:28.400+0000] {taskinstance.py:1956} INFO - Dependencies all met for dep_context=non-requeueable deps ti=<TaskInstance: fetch_market_data.check_market_open scheduled__2026-05-08T05:00:00+00:00 [queued]>
[2026-05-08T06:16:28.409+0000] {taskinstance.py:1956} INFO - Dependencies all met for dep_context=requeueable deps ti=<TaskInstance: fetch_market_data.check_market_open scheduled__2026-05-08T05:00:00+00:00 [queued]>
[2026-05-08T06:16:28.410+0000] {taskinstance.py:2170} INFO - Starting attempt 1 of 3
[2026-05-08T06:16:28.424+0000] {taskinstance.py:2191} INFO - Executing <Task(MarketOpenSensor): check_market_open> on 2026-05-08 05:00:00+00:00
[2026-05-08T06:16:28.431+0000] {standard_task_runner.py:60} INFO - Started process 1190425 to run task
[2026-05-08T06:16:28.435+0000] {standard_task_runner.py:87} INFO - Running: ['airflow', 'tasks', 'run', 'fetch_market_data', 'check_market_open', 'scheduled__2026-05-08T05:00:00+00:00', '--job-id', '1633', '--raw', '--subdir', 'DAGS_FOLDER/fetch_market_data.py', '--cfg-path', '/tmp/tmpjnkzb47d']
[2026-05-08T06:16:28.438+0000] {standard_task_runner.py:88} INFO - Job 1633: Subtask check_market_open
[2026-05-08T06:16:28.512+0000] {task_command.py:423} INFO - Running <TaskInstance: fetch_market_data.check_market_open scheduled__2026-05-08T05:00:00+00:00 [running]> on host reddit-pipeline-vm
[2026-05-08T06:16:28.623+0000] {taskinstance.py:2480} INFO - Exporting env vars: AIRFLOW_CTX_DAG_OWNER='pipeline' AIRFLOW_CTX_DAG_ID='fetch_market_data' AIRFLOW_CTX_TASK_ID='check_market_open' AIRFLOW_CTX_EXECUTION_DATE='2026-05-08T05:00:00+00:00' AIRFLOW_CTX_TRY_NUMBER='1' AIRFLOW_CTX_DAG_RUN_ID='scheduled__2026-05-08T05:00:00+00:00'
[2026-05-08T06:16:28.641+0000] {sensors.py:45} INFO - Market open check at 2026-05-08 02:16 ET: False
[2026-05-08T06:16:28.669+0000] {taskinstance.py:2658} INFO - Rescheduling task, marking task as UP_FOR_RESCHEDULE
[2026-05-08T06:16:28.688+0000] {local_task_job_runner.py:234} INFO - Task exited with return code 0
[2026-05-08T06:16:28.727+0000] {taskinstance.py:3280} INFO - 0 downstream tasks scheduled from follow-on schedule check
[2026-05-08T06:31:29.547+0000] {taskinstance.py:1956} INFO - Dependencies all met for dep_context=non-requeueable deps ti=<TaskInstance: fetch_market_data.check_market_open scheduled__2026-05-08T05:00:00+00:00 [queued]>
[2026-05-08T06:31:29.556+0000] {taskinstance.py:1956} INFO - Dependencies all met for dep_context=requeueable deps ti=<TaskInstance: fetch_market_data.check_market_open scheduled__2026-05-08T05:00:00+00:00 [queued]>
[2026-05-08T06:31:29.556+0000] {taskinstance.py:2170} INFO - Starting attempt 1 of 3
[2026-05-08T06:31:29.571+0000] {taskinstance.py:2191} INFO - Executing <Task(MarketOpenSensor): check_market_open> on 2026-05-08 05:00:00+00:00
[2026-05-08T06:31:29.578+0000] {standard_task_runner.py:60} INFO - Started process 1191440 to run task
[2026-05-08T06:31:29.582+0000] {standard_task_runner.py:87} INFO - Running: ['airflow', 'tasks', 'run', 'fetch_market_data', 'check_market_open', 'scheduled__2026-05-08T05:00:00+00:00', '--job-id', '1634', '--raw', '--subdir', 'DAGS_FOLDER/fetch_market_data.py', '--cfg-path', '/tmp/tmpu_sxicig']
[2026-05-08T06:31:29.584+0000] {standard_task_runner.py:88} INFO - Job 1634: Subtask check_market_open
[2026-05-08T06:31:29.656+0000] {task_command.py:423} INFO - Running <TaskInstance: fetch_market_data.check_market_open scheduled__2026-05-08T05:00:00+00:00 [running]> on host reddit-pipeline-vm
[2026-05-08T06:31:29.765+0000] {taskinstance.py:2480} INFO - Exporting env vars: AIRFLOW_CTX_DAG_OWNER='pipeline' AIRFLOW_CTX_DAG_ID='fetch_market_data' AIRFLOW_CTX_TASK_ID='check_market_open' AIRFLOW_CTX_EXECUTION_DATE='2026-05-08T05:00:00+00:00' AIRFLOW_CTX_TRY_NUMBER='1' AIRFLOW_CTX_DAG_RUN_ID='scheduled__2026-05-08T05:00:00+00:00'
[2026-05-08T06:31:29.782+0000] {sensors.py:45} INFO - Market open check at 2026-05-08 02:31 ET: False
[2026-05-08T06:31:29.809+0000] {taskinstance.py:2658} INFO - Rescheduling task, marking task as UP_FOR_RESCHEDULE
[2026-05-08T06:31:29.834+0000] {local_task_job_runner.py:234} INFO - Task exited with return code 0
[2026-05-08T06:31:29.872+0000] {taskinstance.py:3280} INFO - 0 downstream tasks scheduled from follow-on schedule check
[2026-05-08T06:46:30.613+0000] {taskinstance.py:1956} INFO - Dependencies all met for dep_context=non-requeueable deps ti=<TaskInstance: fetch_market_data.check_market_open scheduled__2026-05-08T05:00:00+00:00 [queued]>
[2026-05-08T06:46:30.622+0000] {taskinstance.py:1956} INFO - Dependencies all met for dep_context=requeueable deps ti=<TaskInstance: fetch_market_data.check_market_open scheduled__2026-05-08T05:00:00+00:00 [queued]>
[2026-05-08T06:46:30.623+0000] {taskinstance.py:2170} INFO - Starting attempt 1 of 3
[2026-05-08T06:46:30.636+0000] {taskinstance.py:2191} INFO - Executing <Task(MarketOpenSensor): check_market_open> on 2026-05-08 05:00:00+00:00
[2026-05-08T06:46:30.643+0000] {standard_task_runner.py:60} INFO - Started process 1192500 to run task
[2026-05-08T06:46:30.647+0000] {standard_task_runner.py:87} INFO - Running: ['airflow', 'tasks', 'run', 'fetch_market_data', 'check_market_open', 'scheduled__2026-05-08T05:00:00+00:00', '--job-id', '1635', '--raw', '--subdir', 'DAGS_FOLDER/fetch_market_data.py', '--cfg-path', '/tmp/tmpqhz18pno']
[2026-05-08T06:46:30.649+0000] {standard_task_runner.py:88} INFO - Job 1635: Subtask check_market_open
[2026-05-08T06:46:30.724+0000] {task_command.py:423} INFO - Running <TaskInstance: fetch_market_data.check_market_open scheduled__2026-05-08T05:00:00+00:00 [running]> on host reddit-pipeline-vm
[2026-05-08T06:46:30.833+0000] {taskinstance.py:2480} INFO - Exporting env vars: AIRFLOW_CTX_DAG_OWNER='pipeline' AIRFLOW_CTX_DAG_ID='fetch_market_data' AIRFLOW_CTX_TASK_ID='check_market_open' AIRFLOW_CTX_EXECUTION_DATE='2026-05-08T05:00:00+00:00' AIRFLOW_CTX_TRY_NUMBER='1' AIRFLOW_CTX_DAG_RUN_ID='scheduled__2026-05-08T05:00:00+00:00'
[2026-05-08T06:46:30.849+0000] {sensors.py:45} INFO - Market open check at 2026-05-08 02:46 ET: False
[2026-05-08T06:46:30.879+0000] {taskinstance.py:2658} INFO - Rescheduling task, marking task as UP_FOR_RESCHEDULE
[2026-05-08T06:46:30.900+0000] {local_task_job_runner.py:234} INFO - Task exited with return code 0
[2026-05-08T06:46:30.936+0000] {taskinstance.py:3280} INFO - 0 downstream tasks scheduled from follow-on schedule check
[2026-05-08T07:01:32.111+0000] {taskinstance.py:1956} INFO - Dependencies all met for dep_context=non-requeueable deps ti=<TaskInstance: fetch_market_data.check_market_open scheduled__2026-05-08T05:00:00+00:00 [queued]>
[2026-05-08T07:01:32.119+0000] {taskinstance.py:1956} INFO - Dependencies all met for dep_context=requeueable deps ti=<TaskInstance: fetch_market_data.check_market_open scheduled__2026-05-08T05:00:00+00:00 [queued]>
[2026-05-08T07:01:32.120+0000] {taskinstance.py:2170} INFO - Starting attempt 1 of 3
[2026-05-08T07:01:32.132+0000] {taskinstance.py:2191} INFO - Executing <Task(MarketOpenSensor): check_market_open> on 2026-05-08 05:00:00+00:00
[2026-05-08T07:01:32.138+0000] {standard_task_runner.py:60} INFO - Started process 1193538 to run task
[2026-05-08T07:01:32.142+0000] {standard_task_runner.py:87} INFO - Running: ['airflow', 'tasks', 'run', 'fetch_market_data', 'check_market_open', 'scheduled__2026-05-08T05:00:00+00:00', '--job-id', '1636', '--raw', '--subdir', 'DAGS_FOLDER/fetch_market_data.py', '--cfg-path', '/tmp/tmpttpr2dyr']
[2026-05-08T07:01:32.144+0000] {standard_task_runner.py:88} INFO - Job 1636: Subtask check_market_open
[2026-05-08T07:01:32.216+0000] {task_command.py:423} INFO - Running <TaskInstance: fetch_market_data.check_market_open scheduled__2026-05-08T05:00:00+00:00 [running]> on host reddit-pipeline-vm
[2026-05-08T07:01:32.324+0000] {taskinstance.py:2480} INFO - Exporting env vars: AIRFLOW_CTX_DAG_OWNER='pipeline' AIRFLOW_CTX_DAG_ID='fetch_market_data' AIRFLOW_CTX_TASK_ID='check_market_open' AIRFLOW_CTX_EXECUTION_DATE='2026-05-08T05:00:00+00:00' AIRFLOW_CTX_TRY_NUMBER='1' AIRFLOW_CTX_DAG_RUN_ID='scheduled__2026-05-08T05:00:00+00:00'
[2026-05-08T07:01:32.340+0000] {sensors.py:45} INFO - Market open check at 2026-05-08 03:01 ET: False
[2026-05-08T07:01:32.340+0000] {taskinstance.py:2360} INFO - Sensor has timed out; run duration of 3605.584976 seconds exceeds the specified timeout of 3600.0.
[2026-05-08T07:01:32.356+0000] {taskinstance.py:1138} INFO - Marking task as SKIPPED. dag_id=fetch_market_data, task_id=check_market_open, execution_date=20260508T050000, start_date=20260508T070132, end_date=20260508T070132
[2026-05-08T07:01:32.395+0000] {local_task_job_runner.py:234} INFO - Task exited with return code 0
[2026-05-08T07:01:32.441+0000] {taskinstance.py:3280} INFO - 0 downstream tasks scheduled from follow-on schedule check
