[2026-05-05T13:02:19.222+0000] {taskinstance.py:1956} INFO - Dependencies all met for dep_context=non-requeueable deps ti=<TaskInstance: fetch_market_data.check_market_open scheduled__2026-05-05T12:00:00+00:00 [queued]>
[2026-05-05T13:02:19.231+0000] {taskinstance.py:1956} INFO - Dependencies all met for dep_context=requeueable deps ti=<TaskInstance: fetch_market_data.check_market_open scheduled__2026-05-05T12:00:00+00:00 [queued]>
[2026-05-05T13:02:19.231+0000] {taskinstance.py:2170} INFO - Starting attempt 1 of 3
[2026-05-05T13:02:19.244+0000] {taskinstance.py:2191} INFO - Executing <Task(MarketOpenSensor): check_market_open> on 2026-05-05 12:00:00+00:00
[2026-05-05T13:02:19.251+0000] {standard_task_runner.py:60} INFO - Started process 988888 to run task
[2026-05-05T13:02:19.255+0000] {standard_task_runner.py:87} INFO - Running: ['airflow', 'tasks', 'run', 'fetch_market_data', 'check_market_open', 'scheduled__2026-05-05T12:00:00+00:00', '--job-id', '1284', '--raw', '--subdir', 'DAGS_FOLDER/fetch_market_data.py', '--cfg-path', '/tmp/tmp2ss276ja']
[2026-05-05T13:02:19.257+0000] {standard_task_runner.py:88} INFO - Job 1284: Subtask check_market_open
[2026-05-05T13:02:19.342+0000] {task_command.py:423} INFO - Running <TaskInstance: fetch_market_data.check_market_open scheduled__2026-05-05T12:00:00+00:00 [running]> on host reddit-pipeline-vm
[2026-05-05T13:02:19.468+0000] {taskinstance.py:2480} INFO - Exporting env vars: AIRFLOW_CTX_DAG_OWNER='pipeline' AIRFLOW_CTX_DAG_ID='fetch_market_data' AIRFLOW_CTX_TASK_ID='check_market_open' AIRFLOW_CTX_EXECUTION_DATE='2026-05-05T12:00:00+00:00' AIRFLOW_CTX_TRY_NUMBER='1' AIRFLOW_CTX_DAG_RUN_ID='scheduled__2026-05-05T12:00:00+00:00'
[2026-05-05T13:02:19.488+0000] {sensors.py:45} INFO - Market open check at 2026-05-05 09:02 ET: False
[2026-05-05T13:02:19.519+0000] {taskinstance.py:2658} INFO - Rescheduling task, marking task as UP_FOR_RESCHEDULE
[2026-05-05T13:02:19.550+0000] {local_task_job_runner.py:234} INFO - Task exited with return code 0
[2026-05-05T13:02:19.595+0000] {taskinstance.py:3280} INFO - 0 downstream tasks scheduled from follow-on schedule check
[2026-05-05T13:17:20.315+0000] {taskinstance.py:1956} INFO - Dependencies all met for dep_context=non-requeueable deps ti=<TaskInstance: fetch_market_data.check_market_open scheduled__2026-05-05T12:00:00+00:00 [queued]>
[2026-05-05T13:17:20.325+0000] {taskinstance.py:1956} INFO - Dependencies all met for dep_context=requeueable deps ti=<TaskInstance: fetch_market_data.check_market_open scheduled__2026-05-05T12:00:00+00:00 [queued]>
[2026-05-05T13:17:20.325+0000] {taskinstance.py:2170} INFO - Starting attempt 1 of 3
[2026-05-05T13:17:20.338+0000] {taskinstance.py:2191} INFO - Executing <Task(MarketOpenSensor): check_market_open> on 2026-05-05 12:00:00+00:00
[2026-05-05T13:17:20.345+0000] {standard_task_runner.py:60} INFO - Started process 989625 to run task
[2026-05-05T13:17:20.348+0000] {standard_task_runner.py:87} INFO - Running: ['airflow', 'tasks', 'run', 'fetch_market_data', 'check_market_open', 'scheduled__2026-05-05T12:00:00+00:00', '--job-id', '1285', '--raw', '--subdir', 'DAGS_FOLDER/fetch_market_data.py', '--cfg-path', '/tmp/tmpgglbpgyd']
[2026-05-05T13:17:20.351+0000] {standard_task_runner.py:88} INFO - Job 1285: Subtask check_market_open
[2026-05-05T13:17:20.434+0000] {task_command.py:423} INFO - Running <TaskInstance: fetch_market_data.check_market_open scheduled__2026-05-05T12:00:00+00:00 [running]> on host reddit-pipeline-vm
[2026-05-05T13:17:20.556+0000] {taskinstance.py:2480} INFO - Exporting env vars: AIRFLOW_CTX_DAG_OWNER='pipeline' AIRFLOW_CTX_DAG_ID='fetch_market_data' AIRFLOW_CTX_TASK_ID='check_market_open' AIRFLOW_CTX_EXECUTION_DATE='2026-05-05T12:00:00+00:00' AIRFLOW_CTX_TRY_NUMBER='1' AIRFLOW_CTX_DAG_RUN_ID='scheduled__2026-05-05T12:00:00+00:00'
[2026-05-05T13:17:20.576+0000] {sensors.py:45} INFO - Market open check at 2026-05-05 09:17 ET: False
[2026-05-05T13:17:20.607+0000] {taskinstance.py:2658} INFO - Rescheduling task, marking task as UP_FOR_RESCHEDULE
[2026-05-05T13:17:20.645+0000] {local_task_job_runner.py:234} INFO - Task exited with return code 0
[2026-05-05T13:17:20.689+0000] {taskinstance.py:3280} INFO - 0 downstream tasks scheduled from follow-on schedule check
[2026-05-05T13:32:21.827+0000] {taskinstance.py:1956} INFO - Dependencies all met for dep_context=non-requeueable deps ti=<TaskInstance: fetch_market_data.check_market_open scheduled__2026-05-05T12:00:00+00:00 [queued]>
[2026-05-05T13:32:21.836+0000] {taskinstance.py:1956} INFO - Dependencies all met for dep_context=requeueable deps ti=<TaskInstance: fetch_market_data.check_market_open scheduled__2026-05-05T12:00:00+00:00 [queued]>
[2026-05-05T13:32:21.836+0000] {taskinstance.py:2170} INFO - Starting attempt 1 of 3
[2026-05-05T13:32:21.848+0000] {taskinstance.py:2191} INFO - Executing <Task(MarketOpenSensor): check_market_open> on 2026-05-05 12:00:00+00:00
[2026-05-05T13:32:21.854+0000] {standard_task_runner.py:60} INFO - Started process 990368 to run task
[2026-05-05T13:32:21.858+0000] {standard_task_runner.py:87} INFO - Running: ['airflow', 'tasks', 'run', 'fetch_market_data', 'check_market_open', 'scheduled__2026-05-05T12:00:00+00:00', '--job-id', '1286', '--raw', '--subdir', 'DAGS_FOLDER/fetch_market_data.py', '--cfg-path', '/tmp/tmp2srq8tro']
[2026-05-05T13:32:21.860+0000] {standard_task_runner.py:88} INFO - Job 1286: Subtask check_market_open
[2026-05-05T13:32:21.942+0000] {task_command.py:423} INFO - Running <TaskInstance: fetch_market_data.check_market_open scheduled__2026-05-05T12:00:00+00:00 [running]> on host reddit-pipeline-vm
[2026-05-05T13:32:22.063+0000] {taskinstance.py:2480} INFO - Exporting env vars: AIRFLOW_CTX_DAG_OWNER='pipeline' AIRFLOW_CTX_DAG_ID='fetch_market_data' AIRFLOW_CTX_TASK_ID='check_market_open' AIRFLOW_CTX_EXECUTION_DATE='2026-05-05T12:00:00+00:00' AIRFLOW_CTX_TRY_NUMBER='1' AIRFLOW_CTX_DAG_RUN_ID='scheduled__2026-05-05T12:00:00+00:00'
[2026-05-05T13:32:22.082+0000] {sensors.py:45} INFO - Market open check at 2026-05-05 09:32 ET: True
[2026-05-05T13:32:22.083+0000] {base.py:295} INFO - Success criteria met. Exiting.
[2026-05-05T13:32:22.106+0000] {taskinstance.py:1138} INFO - Marking task as SUCCESS. dag_id=fetch_market_data, task_id=check_market_open, execution_date=20260505T120000, start_date=20260505T133221, end_date=20260505T133222
[2026-05-05T13:32:22.153+0000] {local_task_job_runner.py:234} INFO - Task exited with return code 0
[2026-05-05T13:32:22.211+0000] {taskinstance.py:3280} INFO - 7 downstream tasks scheduled from follow-on schedule check
