[2026-05-05T08:01:35.450+0000] {taskinstance.py:1956} INFO - Dependencies all met for dep_context=non-requeueable deps ti=<TaskInstance: fetch_market_data.check_market_open scheduled__2026-05-05T07:00:00+00:00 [queued]>
[2026-05-05T08:01:35.458+0000] {taskinstance.py:1956} INFO - Dependencies all met for dep_context=requeueable deps ti=<TaskInstance: fetch_market_data.check_market_open scheduled__2026-05-05T07:00:00+00:00 [queued]>
[2026-05-05T08:01:35.459+0000] {taskinstance.py:2170} INFO - Starting attempt 1 of 3
[2026-05-05T08:01:35.471+0000] {taskinstance.py:2191} INFO - Executing <Task(MarketOpenSensor): check_market_open> on 2026-05-05 07:00:00+00:00
[2026-05-05T08:01:35.478+0000] {standard_task_runner.py:60} INFO - Started process 974172 to run task
[2026-05-05T08:01:35.482+0000] {standard_task_runner.py:87} INFO - Running: ['airflow', 'tasks', 'run', 'fetch_market_data', 'check_market_open', 'scheduled__2026-05-05T07:00:00+00:00', '--job-id', '1259', '--raw', '--subdir', 'DAGS_FOLDER/fetch_market_data.py', '--cfg-path', '/tmp/tmpo328bce_']
[2026-05-05T08:01:35.484+0000] {standard_task_runner.py:88} INFO - Job 1259: Subtask check_market_open
[2026-05-05T08:01:35.571+0000] {task_command.py:423} INFO - Running <TaskInstance: fetch_market_data.check_market_open scheduled__2026-05-05T07:00:00+00:00 [running]> on host reddit-pipeline-vm
[2026-05-05T08:01:35.702+0000] {taskinstance.py:2480} INFO - Exporting env vars: AIRFLOW_CTX_DAG_OWNER='pipeline' AIRFLOW_CTX_DAG_ID='fetch_market_data' AIRFLOW_CTX_TASK_ID='check_market_open' AIRFLOW_CTX_EXECUTION_DATE='2026-05-05T07:00:00+00:00' AIRFLOW_CTX_TRY_NUMBER='1' AIRFLOW_CTX_DAG_RUN_ID='scheduled__2026-05-05T07:00:00+00:00'
[2026-05-05T08:01:35.722+0000] {sensors.py:45} INFO - Market open check at 2026-05-05 04:01 ET: False
[2026-05-05T08:01:35.753+0000] {taskinstance.py:2658} INFO - Rescheduling task, marking task as UP_FOR_RESCHEDULE
[2026-05-05T08:01:35.776+0000] {local_task_job_runner.py:234} INFO - Task exited with return code 0
[2026-05-05T08:01:35.823+0000] {taskinstance.py:3280} INFO - 0 downstream tasks scheduled from follow-on schedule check
[2026-05-05T08:16:37.366+0000] {taskinstance.py:1956} INFO - Dependencies all met for dep_context=non-requeueable deps ti=<TaskInstance: fetch_market_data.check_market_open scheduled__2026-05-05T07:00:00+00:00 [queued]>
[2026-05-05T08:16:37.375+0000] {taskinstance.py:1956} INFO - Dependencies all met for dep_context=requeueable deps ti=<TaskInstance: fetch_market_data.check_market_open scheduled__2026-05-05T07:00:00+00:00 [queued]>
[2026-05-05T08:16:37.376+0000] {taskinstance.py:2170} INFO - Starting attempt 1 of 3
[2026-05-05T08:16:37.388+0000] {taskinstance.py:2191} INFO - Executing <Task(MarketOpenSensor): check_market_open> on 2026-05-05 07:00:00+00:00
[2026-05-05T08:16:37.395+0000] {standard_task_runner.py:60} INFO - Started process 974930 to run task
[2026-05-05T08:16:37.399+0000] {standard_task_runner.py:87} INFO - Running: ['airflow', 'tasks', 'run', 'fetch_market_data', 'check_market_open', 'scheduled__2026-05-05T07:00:00+00:00', '--job-id', '1260', '--raw', '--subdir', 'DAGS_FOLDER/fetch_market_data.py', '--cfg-path', '/tmp/tmpjgcbjkxg']
[2026-05-05T08:16:37.401+0000] {standard_task_runner.py:88} INFO - Job 1260: Subtask check_market_open
[2026-05-05T08:16:37.484+0000] {task_command.py:423} INFO - Running <TaskInstance: fetch_market_data.check_market_open scheduled__2026-05-05T07:00:00+00:00 [running]> on host reddit-pipeline-vm
[2026-05-05T08:16:37.610+0000] {taskinstance.py:2480} INFO - Exporting env vars: AIRFLOW_CTX_DAG_OWNER='pipeline' AIRFLOW_CTX_DAG_ID='fetch_market_data' AIRFLOW_CTX_TASK_ID='check_market_open' AIRFLOW_CTX_EXECUTION_DATE='2026-05-05T07:00:00+00:00' AIRFLOW_CTX_TRY_NUMBER='1' AIRFLOW_CTX_DAG_RUN_ID='scheduled__2026-05-05T07:00:00+00:00'
[2026-05-05T08:16:37.630+0000] {sensors.py:45} INFO - Market open check at 2026-05-05 04:16 ET: False
[2026-05-05T08:16:37.661+0000] {taskinstance.py:2658} INFO - Rescheduling task, marking task as UP_FOR_RESCHEDULE
[2026-05-05T08:16:37.694+0000] {local_task_job_runner.py:234} INFO - Task exited with return code 0
[2026-05-05T08:16:37.740+0000] {taskinstance.py:3280} INFO - 0 downstream tasks scheduled from follow-on schedule check
[2026-05-05T08:31:38.299+0000] {taskinstance.py:1956} INFO - Dependencies all met for dep_context=non-requeueable deps ti=<TaskInstance: fetch_market_data.check_market_open scheduled__2026-05-05T07:00:00+00:00 [queued]>
[2026-05-05T08:31:38.308+0000] {taskinstance.py:1956} INFO - Dependencies all met for dep_context=requeueable deps ti=<TaskInstance: fetch_market_data.check_market_open scheduled__2026-05-05T07:00:00+00:00 [queued]>
[2026-05-05T08:31:38.309+0000] {taskinstance.py:2170} INFO - Starting attempt 1 of 3
[2026-05-05T08:31:38.321+0000] {taskinstance.py:2191} INFO - Executing <Task(MarketOpenSensor): check_market_open> on 2026-05-05 07:00:00+00:00
[2026-05-05T08:31:38.328+0000] {standard_task_runner.py:60} INFO - Started process 975676 to run task
[2026-05-05T08:31:38.332+0000] {standard_task_runner.py:87} INFO - Running: ['airflow', 'tasks', 'run', 'fetch_market_data', 'check_market_open', 'scheduled__2026-05-05T07:00:00+00:00', '--job-id', '1261', '--raw', '--subdir', 'DAGS_FOLDER/fetch_market_data.py', '--cfg-path', '/tmp/tmp93bz9tgt']
[2026-05-05T08:31:38.334+0000] {standard_task_runner.py:88} INFO - Job 1261: Subtask check_market_open
[2026-05-05T08:31:38.418+0000] {task_command.py:423} INFO - Running <TaskInstance: fetch_market_data.check_market_open scheduled__2026-05-05T07:00:00+00:00 [running]> on host reddit-pipeline-vm
[2026-05-05T08:31:38.542+0000] {taskinstance.py:2480} INFO - Exporting env vars: AIRFLOW_CTX_DAG_OWNER='pipeline' AIRFLOW_CTX_DAG_ID='fetch_market_data' AIRFLOW_CTX_TASK_ID='check_market_open' AIRFLOW_CTX_EXECUTION_DATE='2026-05-05T07:00:00+00:00' AIRFLOW_CTX_TRY_NUMBER='1' AIRFLOW_CTX_DAG_RUN_ID='scheduled__2026-05-05T07:00:00+00:00'
[2026-05-05T08:31:38.562+0000] {sensors.py:45} INFO - Market open check at 2026-05-05 04:31 ET: False
[2026-05-05T08:31:38.591+0000] {taskinstance.py:2658} INFO - Rescheduling task, marking task as UP_FOR_RESCHEDULE
[2026-05-05T08:31:38.626+0000] {local_task_job_runner.py:234} INFO - Task exited with return code 0
[2026-05-05T08:31:38.670+0000] {taskinstance.py:3280} INFO - 0 downstream tasks scheduled from follow-on schedule check
[2026-05-05T08:46:39.603+0000] {taskinstance.py:1956} INFO - Dependencies all met for dep_context=non-requeueable deps ti=<TaskInstance: fetch_market_data.check_market_open scheduled__2026-05-05T07:00:00+00:00 [queued]>
[2026-05-05T08:46:39.614+0000] {taskinstance.py:1956} INFO - Dependencies all met for dep_context=requeueable deps ti=<TaskInstance: fetch_market_data.check_market_open scheduled__2026-05-05T07:00:00+00:00 [queued]>
[2026-05-05T08:46:39.614+0000] {taskinstance.py:2170} INFO - Starting attempt 1 of 3
[2026-05-05T08:46:39.627+0000] {taskinstance.py:2191} INFO - Executing <Task(MarketOpenSensor): check_market_open> on 2026-05-05 07:00:00+00:00
[2026-05-05T08:46:39.635+0000] {standard_task_runner.py:60} INFO - Started process 976397 to run task
[2026-05-05T08:46:39.638+0000] {standard_task_runner.py:87} INFO - Running: ['airflow', 'tasks', 'run', 'fetch_market_data', 'check_market_open', 'scheduled__2026-05-05T07:00:00+00:00', '--job-id', '1262', '--raw', '--subdir', 'DAGS_FOLDER/fetch_market_data.py', '--cfg-path', '/tmp/tmpkf_xw8ge']
[2026-05-05T08:46:39.640+0000] {standard_task_runner.py:88} INFO - Job 1262: Subtask check_market_open
[2026-05-05T08:46:39.725+0000] {task_command.py:423} INFO - Running <TaskInstance: fetch_market_data.check_market_open scheduled__2026-05-05T07:00:00+00:00 [running]> on host reddit-pipeline-vm
[2026-05-05T08:46:39.851+0000] {taskinstance.py:2480} INFO - Exporting env vars: AIRFLOW_CTX_DAG_OWNER='pipeline' AIRFLOW_CTX_DAG_ID='fetch_market_data' AIRFLOW_CTX_TASK_ID='check_market_open' AIRFLOW_CTX_EXECUTION_DATE='2026-05-05T07:00:00+00:00' AIRFLOW_CTX_TRY_NUMBER='1' AIRFLOW_CTX_DAG_RUN_ID='scheduled__2026-05-05T07:00:00+00:00'
[2026-05-05T08:46:39.871+0000] {sensors.py:45} INFO - Market open check at 2026-05-05 04:46 ET: False
[2026-05-05T08:46:39.901+0000] {taskinstance.py:2658} INFO - Rescheduling task, marking task as UP_FOR_RESCHEDULE
[2026-05-05T08:46:39.937+0000] {local_task_job_runner.py:234} INFO - Task exited with return code 0
[2026-05-05T08:46:39.982+0000] {taskinstance.py:3280} INFO - 0 downstream tasks scheduled from follow-on schedule check
[2026-05-05T09:01:40.876+0000] {taskinstance.py:1956} INFO - Dependencies all met for dep_context=non-requeueable deps ti=<TaskInstance: fetch_market_data.check_market_open scheduled__2026-05-05T07:00:00+00:00 [queued]>
[2026-05-05T09:01:40.886+0000] {taskinstance.py:1956} INFO - Dependencies all met for dep_context=requeueable deps ti=<TaskInstance: fetch_market_data.check_market_open scheduled__2026-05-05T07:00:00+00:00 [queued]>
[2026-05-05T09:01:40.886+0000] {taskinstance.py:2170} INFO - Starting attempt 1 of 3
[2026-05-05T09:01:40.898+0000] {taskinstance.py:2191} INFO - Executing <Task(MarketOpenSensor): check_market_open> on 2026-05-05 07:00:00+00:00
[2026-05-05T09:01:40.906+0000] {standard_task_runner.py:60} INFO - Started process 977130 to run task
[2026-05-05T09:01:40.909+0000] {standard_task_runner.py:87} INFO - Running: ['airflow', 'tasks', 'run', 'fetch_market_data', 'check_market_open', 'scheduled__2026-05-05T07:00:00+00:00', '--job-id', '1263', '--raw', '--subdir', 'DAGS_FOLDER/fetch_market_data.py', '--cfg-path', '/tmp/tmp6bezv88n']
[2026-05-05T09:01:40.911+0000] {standard_task_runner.py:88} INFO - Job 1263: Subtask check_market_open
[2026-05-05T09:01:40.995+0000] {task_command.py:423} INFO - Running <TaskInstance: fetch_market_data.check_market_open scheduled__2026-05-05T07:00:00+00:00 [running]> on host reddit-pipeline-vm
[2026-05-05T09:01:41.119+0000] {taskinstance.py:2480} INFO - Exporting env vars: AIRFLOW_CTX_DAG_OWNER='pipeline' AIRFLOW_CTX_DAG_ID='fetch_market_data' AIRFLOW_CTX_TASK_ID='check_market_open' AIRFLOW_CTX_EXECUTION_DATE='2026-05-05T07:00:00+00:00' AIRFLOW_CTX_TRY_NUMBER='1' AIRFLOW_CTX_DAG_RUN_ID='scheduled__2026-05-05T07:00:00+00:00'
[2026-05-05T09:01:41.139+0000] {sensors.py:45} INFO - Market open check at 2026-05-05 05:01 ET: False
[2026-05-05T09:01:41.140+0000] {taskinstance.py:2360} INFO - Sensor has timed out; run duration of 3605.527788 seconds exceeds the specified timeout of 3600.0.
[2026-05-05T09:01:41.159+0000] {taskinstance.py:1138} INFO - Marking task as SKIPPED. dag_id=fetch_market_data, task_id=check_market_open, execution_date=20260505T070000, start_date=20260505T090140, end_date=20260505T090141
[2026-05-05T09:01:41.205+0000] {local_task_job_runner.py:234} INFO - Task exited with return code 0
[2026-05-05T09:01:41.260+0000] {taskinstance.py:3280} INFO - 0 downstream tasks scheduled from follow-on schedule check
