[2026-05-05T15:00:23.014+0000] {taskinstance.py:1956} INFO - Dependencies all met for dep_context=non-requeueable deps ti=<TaskInstance: run_dbt_models.dbt_run manual__2026-05-05T15:00:21.755700+00:00 [queued]>
[2026-05-05T15:00:23.022+0000] {taskinstance.py:1956} INFO - Dependencies all met for dep_context=requeueable deps ti=<TaskInstance: run_dbt_models.dbt_run manual__2026-05-05T15:00:21.755700+00:00 [queued]>
[2026-05-05T15:00:23.023+0000] {taskinstance.py:2170} INFO - Starting attempt 1 of 2
[2026-05-05T15:00:23.037+0000] {taskinstance.py:2191} INFO - Executing <Task(BashOperator): dbt_run> on 2026-05-05 15:00:21.755700+00:00
[2026-05-05T15:00:23.043+0000] {standard_task_runner.py:60} INFO - Started process 995477 to run task
[2026-05-05T15:00:23.047+0000] {standard_task_runner.py:87} INFO - Running: ['airflow', 'tasks', 'run', 'run_dbt_models', 'dbt_run', 'manual__2026-05-05T15:00:21.755700+00:00', '--job-id', '1317', '--raw', '--subdir', 'DAGS_FOLDER/run_dbt_models.py', '--cfg-path', '/tmp/tmpqskmgdq7']
[2026-05-05T15:00:23.049+0000] {standard_task_runner.py:88} INFO - Job 1317: Subtask dbt_run
[2026-05-05T15:00:23.129+0000] {task_command.py:423} INFO - Running <TaskInstance: run_dbt_models.dbt_run manual__2026-05-05T15:00:21.755700+00:00 [running]> on host reddit-pipeline-vm
[2026-05-05T15:00:23.251+0000] {taskinstance.py:2480} INFO - Exporting env vars: AIRFLOW_CTX_DAG_OWNER='pipeline' AIRFLOW_CTX_DAG_ID='run_dbt_models' AIRFLOW_CTX_TASK_ID='dbt_run' AIRFLOW_CTX_EXECUTION_DATE='2026-05-05T15:00:21.755700+00:00' AIRFLOW_CTX_TRY_NUMBER='1' AIRFLOW_CTX_DAG_RUN_ID='manual__2026-05-05T15:00:21.755700+00:00'
[2026-05-05T15:00:23.252+0000] {subprocess.py:63} INFO - Tmp dir root location: /tmp
[2026-05-05T15:00:23.253+0000] {subprocess.py:75} INFO - Running command: ['/usr/bin/bash', '-c', 'cd /home/ubuntu/github_repo/Stock-Market-Intelligence-Pipeline/dbt_project && /home/ubuntu/github_repo/Stock-Market-Intelligence-Pipeline/venv/bin/dbt run --profiles-dir /home/ubuntu/github_repo/Stock-Market-Intelligence-Pipeline/dbt_project']
[2026-05-05T15:00:23.265+0000] {subprocess.py:86} INFO - Output:
[2026-05-05T15:00:25.205+0000] {subprocess.py:93} INFO - [0m15:00:25  Running with dbt=1.7.0
[2026-05-05T15:00:25.460+0000] {subprocess.py:93} INFO - [0m15:00:25  Registered adapter: postgres=1.7.0
[2026-05-05T15:00:25.516+0000] {subprocess.py:93} INFO - [0m15:00:25  Found 5 models, 8 tests, 0 sources, 0 exposures, 0 metrics, 401 macros, 0 groups, 0 semantic models
[2026-05-05T15:00:25.518+0000] {subprocess.py:93} INFO - [0m15:00:25
[2026-05-05T15:00:25.664+0000] {subprocess.py:93} INFO - [0m15:00:25  Concurrency: 2 threads (target='dev')
[2026-05-05T15:00:25.666+0000] {subprocess.py:93} INFO - [0m15:00:25
[2026-05-05T15:00:25.669+0000] {subprocess.py:93} INFO - [0m15:00:25  1 of 5 START sql view model public_staging.stg_prices .......................... [RUN]
[2026-05-05T15:00:25.791+0000] {subprocess.py:93} INFO - [0m15:00:25  1 of 5 OK created sql view model public_staging.stg_prices ..................... [[32mCREATE VIEW[0m in 0.12s]
[2026-05-05T15:00:25.793+0000] {subprocess.py:93} INFO - [0m15:00:25  2 of 5 START sql view model public_staging.int_price_with_returns .............. [RUN]
[2026-05-05T15:00:25.849+0000] {subprocess.py:93} INFO - [0m15:00:25  2 of 5 OK created sql view model public_staging.int_price_with_returns ......... [[32mCREATE VIEW[0m in 0.05s]
[2026-05-05T15:00:25.851+0000] {subprocess.py:93} INFO - [0m15:00:25  3 of 5 START sql table model public.fact_prices ................................ [RUN]
[2026-05-05T15:00:25.954+0000] {subprocess.py:93} INFO - [0m15:00:25  3 of 5 OK created sql table model public.fact_prices ........................... [[32mSELECT 3668[0m in 0.10s]
[2026-05-05T15:00:25.959+0000] {subprocess.py:93} INFO - [0m15:00:25  4 of 5 START sql table model public.fact_indicators ............................ [RUN]
[2026-05-05T15:00:26.181+0000] {subprocess.py:93} INFO - [0m15:00:26  4 of 5 OK created sql table model public.fact_indicators ....................... [[32mSELECT 3668[0m in 0.22s]
[2026-05-05T15:00:26.184+0000] {subprocess.py:93} INFO - [0m15:00:26  5 of 5 START sql table model public.fact_alerts ................................ [RUN]
[2026-05-05T15:00:26.267+0000] {subprocess.py:93} INFO - [0m15:00:26  5 of 5 OK created sql table model public.fact_alerts ........................... [[32mSELECT 2103[0m in 0.08s]
[2026-05-05T15:00:26.289+0000] {subprocess.py:93} INFO - [0m15:00:26
[2026-05-05T15:00:26.290+0000] {subprocess.py:93} INFO - [0m15:00:26  Finished running 2 view models, 3 table models in 0 hours 0 minutes and 0.77 seconds (0.77s).
[2026-05-05T15:00:26.301+0000] {subprocess.py:93} INFO - [0m15:00:26
[2026-05-05T15:00:26.301+0000] {subprocess.py:93} INFO - [0m15:00:26  [32mCompleted successfully[0m
[2026-05-05T15:00:26.302+0000] {subprocess.py:93} INFO - [0m15:00:26
[2026-05-05T15:00:26.302+0000] {subprocess.py:93} INFO - [0m15:00:26  Done. PASS=5 WARN=0 ERROR=0 SKIP=0 TOTAL=5
[2026-05-05T15:00:28.215+0000] {subprocess.py:97} INFO - Command exited with return code 0
[2026-05-05T15:00:28.269+0000] {taskinstance.py:1138} INFO - Marking task as SUCCESS. dag_id=run_dbt_models, task_id=dbt_run, execution_date=20260505T150021, start_date=20260505T150023, end_date=20260505T150028
[2026-05-05T15:00:28.308+0000] {local_task_job_runner.py:234} INFO - Task exited with return code 0
[2026-05-05T15:00:28.339+0000] {taskinstance.py:3280} INFO - 1 downstream tasks scheduled from follow-on schedule check
