[2026-05-04T10:01:29.048+0000] {taskinstance.py:1956} INFO - Dependencies all met for dep_context=non-requeueable deps ti=<TaskInstance: fetch_market_data.check_market_open scheduled__2026-05-04T09:00:00+00:00 [queued]>
[2026-05-04T10:01:29.054+0000] {taskinstance.py:1956} INFO - Dependencies all met for dep_context=requeueable deps ti=<TaskInstance: fetch_market_data.check_market_open scheduled__2026-05-04T09:00:00+00:00 [queued]>
[2026-05-04T10:01:29.055+0000] {taskinstance.py:2170} INFO - Starting attempt 1 of 3
[2026-05-04T10:01:29.065+0000] {taskinstance.py:2191} INFO - Executing <Task(MarketOpenSensor): check_market_open> on 2026-05-04 09:00:00+00:00
[2026-05-04T10:01:29.071+0000] {standard_task_runner.py:60} INFO - Started process 906812 to run task
[2026-05-04T10:01:29.075+0000] {standard_task_runner.py:87} INFO - Running: ['airflow', 'tasks', 'run', 'fetch_market_data', 'check_market_open', 'scheduled__2026-05-04T09:00:00+00:00', '--job-id', '1099', '--raw', '--subdir', 'DAGS_FOLDER/fetch_market_data.py', '--cfg-path', '/tmp/tmpk9594zqi']
[2026-05-04T10:01:29.077+0000] {standard_task_runner.py:88} INFO - Job 1099: Subtask check_market_open
[2026-05-04T10:01:29.159+0000] {task_command.py:423} INFO - Running <TaskInstance: fetch_market_data.check_market_open scheduled__2026-05-04T09:00:00+00:00 [running]> on host reddit-pipeline-vm
[2026-05-04T10:01:29.279+0000] {taskinstance.py:2480} INFO - Exporting env vars: AIRFLOW_CTX_DAG_OWNER='pipeline' AIRFLOW_CTX_DAG_ID='fetch_market_data' AIRFLOW_CTX_TASK_ID='check_market_open' AIRFLOW_CTX_EXECUTION_DATE='2026-05-04T09:00:00+00:00' AIRFLOW_CTX_TRY_NUMBER='1' AIRFLOW_CTX_DAG_RUN_ID='scheduled__2026-05-04T09:00:00+00:00'
[2026-05-04T10:01:29.299+0000] {sensors.py:45} INFO - Market open check at 2026-05-04 06:01 ET: False
[2026-05-04T10:01:29.327+0000] {taskinstance.py:2658} INFO - Rescheduling task, marking task as UP_FOR_RESCHEDULE
[2026-05-04T10:01:29.370+0000] {local_task_job_runner.py:234} INFO - Task exited with return code 0
[2026-05-04T10:01:29.413+0000] {taskinstance.py:3280} INFO - 0 downstream tasks scheduled from follow-on schedule check
[2026-05-04T10:16:30.179+0000] {taskinstance.py:1956} INFO - Dependencies all met for dep_context=non-requeueable deps ti=<TaskInstance: fetch_market_data.check_market_open scheduled__2026-05-04T09:00:00+00:00 [queued]>
[2026-05-04T10:16:30.189+0000] {taskinstance.py:1956} INFO - Dependencies all met for dep_context=requeueable deps ti=<TaskInstance: fetch_market_data.check_market_open scheduled__2026-05-04T09:00:00+00:00 [queued]>
[2026-05-04T10:16:30.189+0000] {taskinstance.py:2170} INFO - Starting attempt 1 of 3
[2026-05-04T10:16:30.201+0000] {taskinstance.py:2191} INFO - Executing <Task(MarketOpenSensor): check_market_open> on 2026-05-04 09:00:00+00:00
[2026-05-04T10:16:30.208+0000] {standard_task_runner.py:60} INFO - Started process 907560 to run task
[2026-05-04T10:16:30.212+0000] {standard_task_runner.py:87} INFO - Running: ['airflow', 'tasks', 'run', 'fetch_market_data', 'check_market_open', 'scheduled__2026-05-04T09:00:00+00:00', '--job-id', '1100', '--raw', '--subdir', 'DAGS_FOLDER/fetch_market_data.py', '--cfg-path', '/tmp/tmp_5zj1id8']
[2026-05-04T10:16:30.214+0000] {standard_task_runner.py:88} INFO - Job 1100: Subtask check_market_open
[2026-05-04T10:16:30.296+0000] {task_command.py:423} INFO - Running <TaskInstance: fetch_market_data.check_market_open scheduled__2026-05-04T09:00:00+00:00 [running]> on host reddit-pipeline-vm
[2026-05-04T10:16:30.420+0000] {taskinstance.py:2480} INFO - Exporting env vars: AIRFLOW_CTX_DAG_OWNER='pipeline' AIRFLOW_CTX_DAG_ID='fetch_market_data' AIRFLOW_CTX_TASK_ID='check_market_open' AIRFLOW_CTX_EXECUTION_DATE='2026-05-04T09:00:00+00:00' AIRFLOW_CTX_TRY_NUMBER='1' AIRFLOW_CTX_DAG_RUN_ID='scheduled__2026-05-04T09:00:00+00:00'
[2026-05-04T10:16:30.443+0000] {sensors.py:45} INFO - Market open check at 2026-05-04 06:16 ET: False
[2026-05-04T10:16:30.474+0000] {taskinstance.py:2658} INFO - Rescheduling task, marking task as UP_FOR_RESCHEDULE
[2026-05-04T10:16:30.505+0000] {local_task_job_runner.py:234} INFO - Task exited with return code 0
[2026-05-04T10:16:30.549+0000] {taskinstance.py:3280} INFO - 0 downstream tasks scheduled from follow-on schedule check
[2026-05-04T10:31:31.780+0000] {taskinstance.py:1956} INFO - Dependencies all met for dep_context=non-requeueable deps ti=<TaskInstance: fetch_market_data.check_market_open scheduled__2026-05-04T09:00:00+00:00 [queued]>
[2026-05-04T10:31:31.790+0000] {taskinstance.py:1956} INFO - Dependencies all met for dep_context=requeueable deps ti=<TaskInstance: fetch_market_data.check_market_open scheduled__2026-05-04T09:00:00+00:00 [queued]>
[2026-05-04T10:31:31.791+0000] {taskinstance.py:2170} INFO - Starting attempt 1 of 3
[2026-05-04T10:31:31.803+0000] {taskinstance.py:2191} INFO - Executing <Task(MarketOpenSensor): check_market_open> on 2026-05-04 09:00:00+00:00
[2026-05-04T10:31:31.811+0000] {standard_task_runner.py:60} INFO - Started process 908284 to run task
[2026-05-04T10:31:31.814+0000] {standard_task_runner.py:87} INFO - Running: ['airflow', 'tasks', 'run', 'fetch_market_data', 'check_market_open', 'scheduled__2026-05-04T09:00:00+00:00', '--job-id', '1101', '--raw', '--subdir', 'DAGS_FOLDER/fetch_market_data.py', '--cfg-path', '/tmp/tmp6knbo2em']
[2026-05-04T10:31:31.817+0000] {standard_task_runner.py:88} INFO - Job 1101: Subtask check_market_open
[2026-05-04T10:31:31.903+0000] {task_command.py:423} INFO - Running <TaskInstance: fetch_market_data.check_market_open scheduled__2026-05-04T09:00:00+00:00 [running]> on host reddit-pipeline-vm
[2026-05-04T10:31:32.028+0000] {taskinstance.py:2480} INFO - Exporting env vars: AIRFLOW_CTX_DAG_OWNER='pipeline' AIRFLOW_CTX_DAG_ID='fetch_market_data' AIRFLOW_CTX_TASK_ID='check_market_open' AIRFLOW_CTX_EXECUTION_DATE='2026-05-04T09:00:00+00:00' AIRFLOW_CTX_TRY_NUMBER='1' AIRFLOW_CTX_DAG_RUN_ID='scheduled__2026-05-04T09:00:00+00:00'
[2026-05-04T10:31:32.048+0000] {sensors.py:45} INFO - Market open check at 2026-05-04 06:31 ET: False
[2026-05-04T10:31:32.078+0000] {taskinstance.py:2658} INFO - Rescheduling task, marking task as UP_FOR_RESCHEDULE
[2026-05-04T10:31:32.108+0000] {local_task_job_runner.py:234} INFO - Task exited with return code 0
[2026-05-04T10:31:32.154+0000] {taskinstance.py:3280} INFO - 0 downstream tasks scheduled from follow-on schedule check
[2026-05-04T10:46:32.915+0000] {taskinstance.py:1956} INFO - Dependencies all met for dep_context=non-requeueable deps ti=<TaskInstance: fetch_market_data.check_market_open scheduled__2026-05-04T09:00:00+00:00 [queued]>
[2026-05-04T10:46:32.923+0000] {taskinstance.py:1956} INFO - Dependencies all met for dep_context=requeueable deps ti=<TaskInstance: fetch_market_data.check_market_open scheduled__2026-05-04T09:00:00+00:00 [queued]>
[2026-05-04T10:46:32.924+0000] {taskinstance.py:2170} INFO - Starting attempt 1 of 3
[2026-05-04T10:46:32.934+0000] {taskinstance.py:2191} INFO - Executing <Task(MarketOpenSensor): check_market_open> on 2026-05-04 09:00:00+00:00
[2026-05-04T10:46:32.940+0000] {standard_task_runner.py:60} INFO - Started process 908999 to run task
[2026-05-04T10:46:32.944+0000] {standard_task_runner.py:87} INFO - Running: ['airflow', 'tasks', 'run', 'fetch_market_data', 'check_market_open', 'scheduled__2026-05-04T09:00:00+00:00', '--job-id', '1102', '--raw', '--subdir', 'DAGS_FOLDER/fetch_market_data.py', '--cfg-path', '/tmp/tmp8x1w_mvd']
[2026-05-04T10:46:32.946+0000] {standard_task_runner.py:88} INFO - Job 1102: Subtask check_market_open
[2026-05-04T10:46:33.024+0000] {task_command.py:423} INFO - Running <TaskInstance: fetch_market_data.check_market_open scheduled__2026-05-04T09:00:00+00:00 [running]> on host reddit-pipeline-vm
[2026-05-04T10:46:33.139+0000] {taskinstance.py:2480} INFO - Exporting env vars: AIRFLOW_CTX_DAG_OWNER='pipeline' AIRFLOW_CTX_DAG_ID='fetch_market_data' AIRFLOW_CTX_TASK_ID='check_market_open' AIRFLOW_CTX_EXECUTION_DATE='2026-05-04T09:00:00+00:00' AIRFLOW_CTX_TRY_NUMBER='1' AIRFLOW_CTX_DAG_RUN_ID='scheduled__2026-05-04T09:00:00+00:00'
[2026-05-04T10:46:33.161+0000] {sensors.py:45} INFO - Market open check at 2026-05-04 06:46 ET: False
[2026-05-04T10:46:33.190+0000] {taskinstance.py:2658} INFO - Rescheduling task, marking task as UP_FOR_RESCHEDULE
[2026-05-04T10:46:33.237+0000] {local_task_job_runner.py:234} INFO - Task exited with return code 0
[2026-05-04T10:46:33.279+0000] {taskinstance.py:3280} INFO - 0 downstream tasks scheduled from follow-on schedule check
[2026-05-04T11:01:34.484+0000] {taskinstance.py:1956} INFO - Dependencies all met for dep_context=non-requeueable deps ti=<TaskInstance: fetch_market_data.check_market_open scheduled__2026-05-04T09:00:00+00:00 [queued]>
[2026-05-04T11:01:34.494+0000] {taskinstance.py:1956} INFO - Dependencies all met for dep_context=requeueable deps ti=<TaskInstance: fetch_market_data.check_market_open scheduled__2026-05-04T09:00:00+00:00 [queued]>
[2026-05-04T11:01:34.494+0000] {taskinstance.py:2170} INFO - Starting attempt 1 of 3
[2026-05-04T11:01:34.506+0000] {taskinstance.py:2191} INFO - Executing <Task(MarketOpenSensor): check_market_open> on 2026-05-04 09:00:00+00:00
[2026-05-04T11:01:34.513+0000] {standard_task_runner.py:60} INFO - Started process 909709 to run task
[2026-05-04T11:01:34.517+0000] {standard_task_runner.py:87} INFO - Running: ['airflow', 'tasks', 'run', 'fetch_market_data', 'check_market_open', 'scheduled__2026-05-04T09:00:00+00:00', '--job-id', '1103', '--raw', '--subdir', 'DAGS_FOLDER/fetch_market_data.py', '--cfg-path', '/tmp/tmp4bf_5nga']
[2026-05-04T11:01:34.519+0000] {standard_task_runner.py:88} INFO - Job 1103: Subtask check_market_open
[2026-05-04T11:01:34.600+0000] {task_command.py:423} INFO - Running <TaskInstance: fetch_market_data.check_market_open scheduled__2026-05-04T09:00:00+00:00 [running]> on host reddit-pipeline-vm
[2026-05-04T11:01:34.718+0000] {taskinstance.py:2480} INFO - Exporting env vars: AIRFLOW_CTX_DAG_OWNER='pipeline' AIRFLOW_CTX_DAG_ID='fetch_market_data' AIRFLOW_CTX_TASK_ID='check_market_open' AIRFLOW_CTX_EXECUTION_DATE='2026-05-04T09:00:00+00:00' AIRFLOW_CTX_TRY_NUMBER='1' AIRFLOW_CTX_DAG_RUN_ID='scheduled__2026-05-04T09:00:00+00:00'
[2026-05-04T11:01:34.738+0000] {sensors.py:45} INFO - Market open check at 2026-05-04 07:01 ET: False
[2026-05-04T11:01:34.738+0000] {taskinstance.py:2360} INFO - Sensor has timed out; run duration of 3605.542188 seconds exceeds the specified timeout of 3600.0.
[2026-05-04T11:01:34.756+0000] {taskinstance.py:1138} INFO - Marking task as SKIPPED. dag_id=fetch_market_data, task_id=check_market_open, execution_date=20260504T090000, start_date=20260504T110134, end_date=20260504T110134
[2026-05-04T11:01:34.812+0000] {local_task_job_runner.py:234} INFO - Task exited with return code 0
[2026-05-04T11:01:34.864+0000] {taskinstance.py:3280} INFO - 0 downstream tasks scheduled from follow-on schedule check
