[2026-05-06T19:27:33.271+0000] {taskinstance.py:1956} INFO - Dependencies all met for dep_context=non-requeueable deps ti=<TaskInstance: monthly_maintenance.create_next_partition manual__2026-05-06T19:27:32.445590+00:00 [queued]>
[2026-05-06T19:27:33.279+0000] {taskinstance.py:1956} INFO - Dependencies all met for dep_context=requeueable deps ti=<TaskInstance: monthly_maintenance.create_next_partition manual__2026-05-06T19:27:32.445590+00:00 [queued]>
[2026-05-06T19:27:33.279+0000] {taskinstance.py:2170} INFO - Starting attempt 1 of 1
[2026-05-06T19:27:33.289+0000] {taskinstance.py:2191} INFO - Executing <Task(PostgresOperator): create_next_partition> on 2026-05-06 19:27:32.445590+00:00
[2026-05-06T19:27:33.293+0000] {standard_task_runner.py:60} INFO - Started process 1049010 to run task
[2026-05-06T19:27:33.296+0000] {standard_task_runner.py:87} INFO - Running: ['airflow', 'tasks', 'run', 'monthly_maintenance', 'create_next_partition', 'manual__2026-05-06T19:27:32.445590+00:00', '--job-id', '1400', '--raw', '--subdir', 'DAGS_FOLDER/monthly_maintenance.py', '--cfg-path', '/tmp/tmpiyiu8hzf']
[2026-05-06T19:27:33.298+0000] {standard_task_runner.py:88} INFO - Job 1400: Subtask create_next_partition
[2026-05-06T19:27:33.360+0000] {task_command.py:423} INFO - Running <TaskInstance: monthly_maintenance.create_next_partition manual__2026-05-06T19:27:32.445590+00:00 [running]> on host reddit-pipeline-vm
[2026-05-06T19:27:33.453+0000] {taskinstance.py:2480} INFO - Exporting env vars: AIRFLOW_CTX_DAG_OWNER='airflow' AIRFLOW_CTX_DAG_ID='monthly_maintenance' AIRFLOW_CTX_TASK_ID='create_next_partition' AIRFLOW_CTX_EXECUTION_DATE='2026-05-06T19:27:32.445590+00:00' AIRFLOW_CTX_TRY_NUMBER='1' AIRFLOW_CTX_DAG_RUN_ID='manual__2026-05-06T19:27:32.445590+00:00'
[2026-05-06T19:27:33.454+0000] {sql.py:276} INFO - Executing: 
            DO $$
            DECLARE
                next_month DATE := DATE_TRUNC('month', NOW() + INTERVAL '1 month')::DATE;
                month_end  DATE := (next_month + INTERVAL '1 month')::DATE;
                tbl_name   TEXT := 'fact_prices_' || TO_CHAR(next_month, 'YYYY_MM');
            BEGIN
                IF NOT EXISTS (SELECT 1 FROM pg_tables WHERE tablename = tbl_name) THEN
                    EXECUTE FORMAT(
                        'CREATE TABLE %I PARTITION OF fact_prices FOR VALUES FROM (%L) TO (%L)',
                        tbl_name, next_month, month_end
                    );
                END IF;
            END $$;
        
[2026-05-06T19:27:33.468+0000] {base.py:83} INFO - Using connection ID 'market_db' for task execution.
[2026-05-06T19:27:33.482+0000] {base.py:83} INFO - Using connection ID 'market_db' for task execution.
[2026-05-06T19:27:33.492+0000] {sql.py:450} INFO - Running statement: 
            DO $$
            DECLARE
                next_month DATE := DATE_TRUNC('month', NOW() + INTERVAL '1 month')::DATE;
                month_end  DATE := (next_month + INTERVAL '1 month')::DATE;
                tbl_name   TEXT := 'fact_prices_' || TO_CHAR(next_month, 'YYYY_MM');
            BEGIN
                IF NOT EXISTS (SELECT 1 FROM pg_tables WHERE tablename = tbl_name) THEN
                    EXECUTE FORMAT(
                        'CREATE TABLE %I PARTITION OF fact_prices FOR VALUES FROM (%L) TO (%L)',
                        tbl_name, next_month, month_end
                    );
                END IF;
            END $$;
        , parameters: None
[2026-05-06T19:27:33.516+0000] {taskinstance.py:1138} INFO - Marking task as SUCCESS. dag_id=monthly_maintenance, task_id=create_next_partition, execution_date=20260506T192732, start_date=20260506T192733, end_date=20260506T192733
[2026-05-06T19:27:33.551+0000] {local_task_job_runner.py:234} INFO - Task exited with return code 0
[2026-05-06T19:27:33.576+0000] {taskinstance.py:3280} INFO - 0 downstream tasks scheduled from follow-on schedule check
