[2026-04-30T19:45:11.509+0000] {taskinstance.py:1956} INFO - Dependencies all met for dep_context=non-requeueable deps ti=<TaskInstance: run_dbt_models.dbt_run manual__2026-04-30T19:45:10.986251+00:00 [queued]>
[2026-04-30T19:45:11.516+0000] {taskinstance.py:1956} INFO - Dependencies all met for dep_context=requeueable deps ti=<TaskInstance: run_dbt_models.dbt_run manual__2026-04-30T19:45:10.986251+00:00 [queued]>
[2026-04-30T19:45:11.517+0000] {taskinstance.py:2170} INFO - Starting attempt 1 of 2
[2026-04-30T19:45:11.528+0000] {taskinstance.py:2191} INFO - Executing <Task(BashOperator): dbt_run> on 2026-04-30 19:45:10.986251+00:00
[2026-04-30T19:45:11.533+0000] {standard_task_runner.py:60} INFO - Started process 624879 to run task
[2026-04-30T19:45:11.536+0000] {standard_task_runner.py:87} INFO - Running: ['airflow', 'tasks', 'run', 'run_dbt_models', 'dbt_run', 'manual__2026-04-30T19:45:10.986251+00:00', '--job-id', '161', '--raw', '--subdir', 'DAGS_FOLDER/run_dbt_models.py', '--cfg-path', '/tmp/tmptu0wnlsc']
[2026-04-30T19:45:11.538+0000] {standard_task_runner.py:88} INFO - Job 161: Subtask dbt_run
[2026-04-30T19:45:11.612+0000] {task_command.py:423} INFO - Running <TaskInstance: run_dbt_models.dbt_run manual__2026-04-30T19:45:10.986251+00:00 [running]> on host reddit-pipeline-vm
[2026-04-30T19:45:11.719+0000] {taskinstance.py:2480} INFO - Exporting env vars: AIRFLOW_CTX_DAG_OWNER='pipeline' AIRFLOW_CTX_DAG_ID='run_dbt_models' AIRFLOW_CTX_TASK_ID='dbt_run' AIRFLOW_CTX_EXECUTION_DATE='2026-04-30T19:45:10.986251+00:00' AIRFLOW_CTX_TRY_NUMBER='1' AIRFLOW_CTX_DAG_RUN_ID='manual__2026-04-30T19:45:10.986251+00:00'
[2026-04-30T19:45:11.720+0000] {subprocess.py:63} INFO - Tmp dir root location: /tmp
[2026-04-30T19:45:11.720+0000] {subprocess.py:75} INFO - Running command: ['/usr/bin/bash', '-c', 'cd /home/ubuntu/github_repo/Stock-Market-Intelligence-Pipeline/dbt_project && /home/ubuntu/github_repo/Stock-Market-Intelligence-Pipeline/venv/bin/dbt run --profiles-dir /home/ubuntu/github_repo/Stock-Market-Intelligence-Pipeline/dbt_project']
[2026-04-30T19:45:11.731+0000] {subprocess.py:86} INFO - Output:
[2026-04-30T19:45:13.505+0000] {subprocess.py:93} INFO - [0m19:45:13  Running with dbt=1.7.0
[2026-04-30T19:45:13.750+0000] {subprocess.py:93} INFO - [0m19:45:13  Registered adapter: postgres=1.7.0
[2026-04-30T19:45:13.799+0000] {subprocess.py:93} INFO - [0m19:45:13  Found 5 models, 8 tests, 0 sources, 0 exposures, 0 metrics, 401 macros, 0 groups, 0 semantic models
[2026-04-30T19:45:13.802+0000] {subprocess.py:93} INFO - [0m19:45:13
[2026-04-30T19:45:13.927+0000] {subprocess.py:93} INFO - [0m19:45:13  Concurrency: 2 threads (target='dev')
[2026-04-30T19:45:13.929+0000] {subprocess.py:93} INFO - [0m19:45:13
[2026-04-30T19:45:13.931+0000] {subprocess.py:93} INFO - [0m19:45:13  1 of 5 START sql view model public_staging.stg_prices .......................... [RUN]
[2026-04-30T19:45:14.038+0000] {subprocess.py:93} INFO - [0m19:45:14  1 of 5 OK created sql view model public_staging.stg_prices ..................... [[32mCREATE VIEW[0m in 0.11s]
[2026-04-30T19:45:14.041+0000] {subprocess.py:93} INFO - [0m19:45:14  2 of 5 START sql view model public_staging.int_price_with_returns .............. [RUN]
[2026-04-30T19:45:14.091+0000] {subprocess.py:93} INFO - [0m19:45:14  2 of 5 OK created sql view model public_staging.int_price_with_returns ......... [[32mCREATE VIEW[0m in 0.05s]
[2026-04-30T19:45:14.092+0000] {subprocess.py:93} INFO - [0m19:45:14  3 of 5 START sql table model public.fact_prices ................................ [RUN]
[2026-04-30T19:45:14.180+0000] {subprocess.py:93} INFO - [0m19:45:14  3 of 5 OK created sql table model public.fact_prices ........................... [[32mSELECT 3556[0m in 0.09s]
[2026-04-30T19:45:14.182+0000] {subprocess.py:93} INFO - [0m19:45:14  4 of 5 START sql table model public.fact_indicators ............................ [RUN]
[2026-04-30T19:45:14.368+0000] {subprocess.py:93} INFO - [0m19:45:14  4 of 5 OK created sql table model public.fact_indicators ....................... [[32mSELECT 3556[0m in 0.18s]
[2026-04-30T19:45:14.370+0000] {subprocess.py:93} INFO - [0m19:45:14  5 of 5 START sql table model public.fact_alerts ................................ [RUN]
[2026-04-30T19:45:14.444+0000] {subprocess.py:93} INFO - [0m19:45:14  5 of 5 OK created sql table model public.fact_alerts ........................... [[32mSELECT 2040[0m in 0.07s]
[2026-04-30T19:45:14.466+0000] {subprocess.py:93} INFO - [0m19:45:14
[2026-04-30T19:45:14.466+0000] {subprocess.py:93} INFO - [0m19:45:14  Finished running 2 view models, 3 table models in 0 hours 0 minutes and 0.66 seconds (0.66s).
[2026-04-30T19:45:14.478+0000] {subprocess.py:93} INFO - [0m19:45:14
[2026-04-30T19:45:14.478+0000] {subprocess.py:93} INFO - [0m19:45:14  [32mCompleted successfully[0m
[2026-04-30T19:45:14.478+0000] {subprocess.py:93} INFO - [0m19:45:14
[2026-04-30T19:45:14.479+0000] {subprocess.py:93} INFO - [0m19:45:14  Done. PASS=5 WARN=0 ERROR=0 SKIP=0 TOTAL=5
[2026-04-30T19:45:16.152+0000] {subprocess.py:97} INFO - Command exited with return code 0
[2026-04-30T19:45:16.197+0000] {taskinstance.py:1138} INFO - Marking task as SUCCESS. dag_id=run_dbt_models, task_id=dbt_run, execution_date=20260430T194510, start_date=20260430T194511, end_date=20260430T194516
[2026-04-30T19:45:16.244+0000] {local_task_job_runner.py:234} INFO - Task exited with return code 0
[2026-04-30T19:45:16.276+0000] {taskinstance.py:3280} INFO - 0 downstream tasks scheduled from follow-on schedule check
