[2026-05-12T07:01:30.407+0000] {taskinstance.py:1956} INFO - Dependencies all met for dep_context=non-requeueable deps ti=<TaskInstance: fetch_market_data.check_market_open scheduled__2026-05-12T06:00:00+00:00 [queued]>
[2026-05-12T07:01:30.413+0000] {taskinstance.py:1956} INFO - Dependencies all met for dep_context=requeueable deps ti=<TaskInstance: fetch_market_data.check_market_open scheduled__2026-05-12T06:00:00+00:00 [queued]>
[2026-05-12T07:01:30.413+0000] {taskinstance.py:2170} INFO - Starting attempt 1 of 3
[2026-05-12T07:01:30.424+0000] {taskinstance.py:2191} INFO - Executing <Task(MarketOpenSensor): check_market_open> on 2026-05-12 06:00:00+00:00
[2026-05-12T07:01:30.431+0000] {standard_task_runner.py:60} INFO - Started process 1576701 to run task
[2026-05-12T07:01:30.435+0000] {standard_task_runner.py:87} INFO - Running: ['airflow', 'tasks', 'run', 'fetch_market_data', 'check_market_open', 'scheduled__2026-05-12T06:00:00+00:00', '--job-id', '1965', '--raw', '--subdir', 'DAGS_FOLDER/fetch_market_data.py', '--cfg-path', '/tmp/tmp2rmnprrz']
[2026-05-12T07:01:30.437+0000] {standard_task_runner.py:88} INFO - Job 1965: Subtask check_market_open
[2026-05-12T07:01:30.501+0000] {task_command.py:423} INFO - Running <TaskInstance: fetch_market_data.check_market_open scheduled__2026-05-12T06:00:00+00:00 [running]> on host reddit-pipeline-vm
[2026-05-12T07:01:30.593+0000] {taskinstance.py:2480} INFO - Exporting env vars: AIRFLOW_CTX_DAG_OWNER='pipeline' AIRFLOW_CTX_DAG_ID='fetch_market_data' AIRFLOW_CTX_TASK_ID='check_market_open' AIRFLOW_CTX_EXECUTION_DATE='2026-05-12T06:00:00+00:00' AIRFLOW_CTX_TRY_NUMBER='1' AIRFLOW_CTX_DAG_RUN_ID='scheduled__2026-05-12T06:00:00+00:00'
[2026-05-12T07:01:30.608+0000] {sensors.py:45} INFO - Market open check at 2026-05-12 03:01 ET: False
[2026-05-12T07:01:30.630+0000] {taskinstance.py:2658} INFO - Rescheduling task, marking task as UP_FOR_RESCHEDULE
[2026-05-12T07:01:30.647+0000] {local_task_job_runner.py:234} INFO - Task exited with return code 0
[2026-05-12T07:01:30.681+0000] {taskinstance.py:3280} INFO - 0 downstream tasks scheduled from follow-on schedule check
[2026-05-12T07:16:31.365+0000] {taskinstance.py:1956} INFO - Dependencies all met for dep_context=non-requeueable deps ti=<TaskInstance: fetch_market_data.check_market_open scheduled__2026-05-12T06:00:00+00:00 [queued]>
[2026-05-12T07:16:31.372+0000] {taskinstance.py:1956} INFO - Dependencies all met for dep_context=requeueable deps ti=<TaskInstance: fetch_market_data.check_market_open scheduled__2026-05-12T06:00:00+00:00 [queued]>
[2026-05-12T07:16:31.372+0000] {taskinstance.py:2170} INFO - Starting attempt 1 of 3
[2026-05-12T07:16:31.383+0000] {taskinstance.py:2191} INFO - Executing <Task(MarketOpenSensor): check_market_open> on 2026-05-12 06:00:00+00:00
[2026-05-12T07:16:31.390+0000] {standard_task_runner.py:60} INFO - Started process 1577655 to run task
[2026-05-12T07:16:31.393+0000] {standard_task_runner.py:87} INFO - Running: ['airflow', 'tasks', 'run', 'fetch_market_data', 'check_market_open', 'scheduled__2026-05-12T06:00:00+00:00', '--job-id', '1966', '--raw', '--subdir', 'DAGS_FOLDER/fetch_market_data.py', '--cfg-path', '/tmp/tmpd_jblhhc']
[2026-05-12T07:16:31.395+0000] {standard_task_runner.py:88} INFO - Job 1966: Subtask check_market_open
[2026-05-12T07:16:31.459+0000] {task_command.py:423} INFO - Running <TaskInstance: fetch_market_data.check_market_open scheduled__2026-05-12T06:00:00+00:00 [running]> on host reddit-pipeline-vm
[2026-05-12T07:16:31.551+0000] {taskinstance.py:2480} INFO - Exporting env vars: AIRFLOW_CTX_DAG_OWNER='pipeline' AIRFLOW_CTX_DAG_ID='fetch_market_data' AIRFLOW_CTX_TASK_ID='check_market_open' AIRFLOW_CTX_EXECUTION_DATE='2026-05-12T06:00:00+00:00' AIRFLOW_CTX_TRY_NUMBER='1' AIRFLOW_CTX_DAG_RUN_ID='scheduled__2026-05-12T06:00:00+00:00'
[2026-05-12T07:16:31.565+0000] {sensors.py:45} INFO - Market open check at 2026-05-12 03:16 ET: False
[2026-05-12T07:16:31.587+0000] {taskinstance.py:2658} INFO - Rescheduling task, marking task as UP_FOR_RESCHEDULE
[2026-05-12T07:16:31.605+0000] {local_task_job_runner.py:234} INFO - Task exited with return code 0
[2026-05-12T07:16:31.637+0000] {taskinstance.py:3280} INFO - 0 downstream tasks scheduled from follow-on schedule check
[2026-05-12T07:31:32.256+0000] {taskinstance.py:1956} INFO - Dependencies all met for dep_context=non-requeueable deps ti=<TaskInstance: fetch_market_data.check_market_open scheduled__2026-05-12T06:00:00+00:00 [queued]>
[2026-05-12T07:31:32.263+0000] {taskinstance.py:1956} INFO - Dependencies all met for dep_context=requeueable deps ti=<TaskInstance: fetch_market_data.check_market_open scheduled__2026-05-12T06:00:00+00:00 [queued]>
[2026-05-12T07:31:32.263+0000] {taskinstance.py:2170} INFO - Starting attempt 1 of 3
[2026-05-12T07:31:32.274+0000] {taskinstance.py:2191} INFO - Executing <Task(MarketOpenSensor): check_market_open> on 2026-05-12 06:00:00+00:00
[2026-05-12T07:31:32.281+0000] {standard_task_runner.py:60} INFO - Started process 1578600 to run task
[2026-05-12T07:31:32.284+0000] {standard_task_runner.py:87} INFO - Running: ['airflow', 'tasks', 'run', 'fetch_market_data', 'check_market_open', 'scheduled__2026-05-12T06:00:00+00:00', '--job-id', '1967', '--raw', '--subdir', 'DAGS_FOLDER/fetch_market_data.py', '--cfg-path', '/tmp/tmpu7rl783h']
[2026-05-12T07:31:32.286+0000] {standard_task_runner.py:88} INFO - Job 1967: Subtask check_market_open
[2026-05-12T07:31:32.350+0000] {task_command.py:423} INFO - Running <TaskInstance: fetch_market_data.check_market_open scheduled__2026-05-12T06:00:00+00:00 [running]> on host reddit-pipeline-vm
[2026-05-12T07:31:32.441+0000] {taskinstance.py:2480} INFO - Exporting env vars: AIRFLOW_CTX_DAG_OWNER='pipeline' AIRFLOW_CTX_DAG_ID='fetch_market_data' AIRFLOW_CTX_TASK_ID='check_market_open' AIRFLOW_CTX_EXECUTION_DATE='2026-05-12T06:00:00+00:00' AIRFLOW_CTX_TRY_NUMBER='1' AIRFLOW_CTX_DAG_RUN_ID='scheduled__2026-05-12T06:00:00+00:00'
[2026-05-12T07:31:32.456+0000] {sensors.py:45} INFO - Market open check at 2026-05-12 03:31 ET: False
[2026-05-12T07:31:32.478+0000] {taskinstance.py:2658} INFO - Rescheduling task, marking task as UP_FOR_RESCHEDULE
[2026-05-12T07:31:32.496+0000] {local_task_job_runner.py:234} INFO - Task exited with return code 0
[2026-05-12T07:31:32.531+0000] {taskinstance.py:3280} INFO - 0 downstream tasks scheduled from follow-on schedule check
[2026-05-12T07:46:33.946+0000] {taskinstance.py:1956} INFO - Dependencies all met for dep_context=non-requeueable deps ti=<TaskInstance: fetch_market_data.check_market_open scheduled__2026-05-12T06:00:00+00:00 [queued]>
[2026-05-12T07:46:33.953+0000] {taskinstance.py:1956} INFO - Dependencies all met for dep_context=requeueable deps ti=<TaskInstance: fetch_market_data.check_market_open scheduled__2026-05-12T06:00:00+00:00 [queued]>
[2026-05-12T07:46:33.953+0000] {taskinstance.py:2170} INFO - Starting attempt 1 of 3
[2026-05-12T07:46:33.964+0000] {taskinstance.py:2191} INFO - Executing <Task(MarketOpenSensor): check_market_open> on 2026-05-12 06:00:00+00:00
[2026-05-12T07:46:33.971+0000] {standard_task_runner.py:60} INFO - Started process 1579558 to run task
[2026-05-12T07:46:33.974+0000] {standard_task_runner.py:87} INFO - Running: ['airflow', 'tasks', 'run', 'fetch_market_data', 'check_market_open', 'scheduled__2026-05-12T06:00:00+00:00', '--job-id', '1968', '--raw', '--subdir', 'DAGS_FOLDER/fetch_market_data.py', '--cfg-path', '/tmp/tmppo21iqv4']
[2026-05-12T07:46:33.976+0000] {standard_task_runner.py:88} INFO - Job 1968: Subtask check_market_open
[2026-05-12T07:46:34.039+0000] {task_command.py:423} INFO - Running <TaskInstance: fetch_market_data.check_market_open scheduled__2026-05-12T06:00:00+00:00 [running]> on host reddit-pipeline-vm
[2026-05-12T07:46:34.131+0000] {taskinstance.py:2480} INFO - Exporting env vars: AIRFLOW_CTX_DAG_OWNER='pipeline' AIRFLOW_CTX_DAG_ID='fetch_market_data' AIRFLOW_CTX_TASK_ID='check_market_open' AIRFLOW_CTX_EXECUTION_DATE='2026-05-12T06:00:00+00:00' AIRFLOW_CTX_TRY_NUMBER='1' AIRFLOW_CTX_DAG_RUN_ID='scheduled__2026-05-12T06:00:00+00:00'
[2026-05-12T07:46:34.147+0000] {sensors.py:45} INFO - Market open check at 2026-05-12 03:46 ET: False
[2026-05-12T07:46:34.170+0000] {taskinstance.py:2658} INFO - Rescheduling task, marking task as UP_FOR_RESCHEDULE
[2026-05-12T07:46:34.188+0000] {local_task_job_runner.py:234} INFO - Task exited with return code 0
[2026-05-12T07:46:34.221+0000] {taskinstance.py:3280} INFO - 0 downstream tasks scheduled from follow-on schedule check
[2026-05-12T08:01:35.654+0000] {taskinstance.py:1956} INFO - Dependencies all met for dep_context=non-requeueable deps ti=<TaskInstance: fetch_market_data.check_market_open scheduled__2026-05-12T06:00:00+00:00 [queued]>
[2026-05-12T08:01:35.661+0000] {taskinstance.py:1956} INFO - Dependencies all met for dep_context=requeueable deps ti=<TaskInstance: fetch_market_data.check_market_open scheduled__2026-05-12T06:00:00+00:00 [queued]>
[2026-05-12T08:01:35.661+0000] {taskinstance.py:2170} INFO - Starting attempt 1 of 3
[2026-05-12T08:01:35.672+0000] {taskinstance.py:2191} INFO - Executing <Task(MarketOpenSensor): check_market_open> on 2026-05-12 06:00:00+00:00
[2026-05-12T08:01:35.679+0000] {standard_task_runner.py:60} INFO - Started process 1580513 to run task
[2026-05-12T08:01:35.682+0000] {standard_task_runner.py:87} INFO - Running: ['airflow', 'tasks', 'run', 'fetch_market_data', 'check_market_open', 'scheduled__2026-05-12T06:00:00+00:00', '--job-id', '1969', '--raw', '--subdir', 'DAGS_FOLDER/fetch_market_data.py', '--cfg-path', '/tmp/tmp9awhqiy6']
[2026-05-12T08:01:35.684+0000] {standard_task_runner.py:88} INFO - Job 1969: Subtask check_market_open
[2026-05-12T08:01:35.747+0000] {task_command.py:423} INFO - Running <TaskInstance: fetch_market_data.check_market_open scheduled__2026-05-12T06:00:00+00:00 [running]> on host reddit-pipeline-vm
[2026-05-12T08:01:35.839+0000] {taskinstance.py:2480} INFO - Exporting env vars: AIRFLOW_CTX_DAG_OWNER='pipeline' AIRFLOW_CTX_DAG_ID='fetch_market_data' AIRFLOW_CTX_TASK_ID='check_market_open' AIRFLOW_CTX_EXECUTION_DATE='2026-05-12T06:00:00+00:00' AIRFLOW_CTX_TRY_NUMBER='1' AIRFLOW_CTX_DAG_RUN_ID='scheduled__2026-05-12T06:00:00+00:00'
[2026-05-12T08:01:35.854+0000] {sensors.py:45} INFO - Market open check at 2026-05-12 04:01 ET: False
[2026-05-12T08:01:35.854+0000] {taskinstance.py:2360} INFO - Sensor has timed out; run duration of 3605.326286 seconds exceeds the specified timeout of 3600.0.
[2026-05-12T08:01:35.867+0000] {taskinstance.py:1138} INFO - Marking task as SKIPPED. dag_id=fetch_market_data, task_id=check_market_open, execution_date=20260512T060000, start_date=20260512T080135, end_date=20260512T080135
[2026-05-12T08:01:35.898+0000] {local_task_job_runner.py:234} INFO - Task exited with return code 0
[2026-05-12T08:01:35.940+0000] {taskinstance.py:3280} INFO - 0 downstream tasks scheduled from follow-on schedule check
