[2026-05-08T15:00:20.387+0000] {taskinstance.py:1956} INFO - Dependencies all met for dep_context=non-requeueable deps ti=<TaskInstance: run_dbt_models.dbt_run manual__2026-05-08T15:00:19.909878+00:00 [queued]>
[2026-05-08T15:00:20.397+0000] {taskinstance.py:1956} INFO - Dependencies all met for dep_context=requeueable deps ti=<TaskInstance: run_dbt_models.dbt_run manual__2026-05-08T15:00:19.909878+00:00 [queued]>
[2026-05-08T15:00:20.397+0000] {taskinstance.py:2170} INFO - Starting attempt 1 of 2
[2026-05-08T15:00:20.410+0000] {taskinstance.py:2191} INFO - Executing <Task(BashOperator): dbt_run> on 2026-05-08 15:00:19.909878+00:00
[2026-05-08T15:00:20.415+0000] {standard_task_runner.py:60} INFO - Started process 1226521 to run task
[2026-05-08T15:00:20.418+0000] {standard_task_runner.py:87} INFO - Running: ['airflow', 'tasks', 'run', 'run_dbt_models', 'dbt_run', 'manual__2026-05-08T15:00:19.909878+00:00', '--job-id', '1700', '--raw', '--subdir', 'DAGS_FOLDER/run_dbt_models.py', '--cfg-path', '/tmp/tmpm_6w3_bx']
[2026-05-08T15:00:20.420+0000] {standard_task_runner.py:88} INFO - Job 1700: Subtask dbt_run
[2026-05-08T15:00:20.492+0000] {task_command.py:423} INFO - Running <TaskInstance: run_dbt_models.dbt_run manual__2026-05-08T15:00:19.909878+00:00 [running]> on host reddit-pipeline-vm
[2026-05-08T15:00:20.605+0000] {taskinstance.py:2480} INFO - Exporting env vars: AIRFLOW_CTX_DAG_OWNER='pipeline' AIRFLOW_CTX_DAG_ID='run_dbt_models' AIRFLOW_CTX_TASK_ID='dbt_run' AIRFLOW_CTX_EXECUTION_DATE='2026-05-08T15:00:19.909878+00:00' AIRFLOW_CTX_TRY_NUMBER='1' AIRFLOW_CTX_DAG_RUN_ID='manual__2026-05-08T15:00:19.909878+00:00'
[2026-05-08T15:00:20.606+0000] {subprocess.py:63} INFO - Tmp dir root location: /tmp
[2026-05-08T15:00:20.607+0000] {subprocess.py:75} INFO - Running command: ['/usr/bin/bash', '-c', 'cd /home/ubuntu/github_repo/Stock-Market-Intelligence-Pipeline/dbt_project && /home/ubuntu/github_repo/Stock-Market-Intelligence-Pipeline/venv/bin/dbt run --profiles-dir /home/ubuntu/github_repo/Stock-Market-Intelligence-Pipeline/dbt_project']
[2026-05-08T15:00:20.618+0000] {subprocess.py:86} INFO - Output:
[2026-05-08T15:00:22.572+0000] {subprocess.py:93} INFO - [0m15:00:22  Running with dbt=1.7.0
[2026-05-08T15:00:22.828+0000] {subprocess.py:93} INFO - [0m15:00:22  Registered adapter: postgres=1.7.0
[2026-05-08T15:00:22.880+0000] {subprocess.py:93} INFO - [0m15:00:22  Found 5 models, 8 tests, 0 sources, 0 exposures, 0 metrics, 401 macros, 0 groups, 0 semantic models
[2026-05-08T15:00:22.883+0000] {subprocess.py:93} INFO - [0m15:00:22
[2026-05-08T15:00:23.016+0000] {subprocess.py:93} INFO - [0m15:00:23  Concurrency: 2 threads (target='dev')
[2026-05-08T15:00:23.018+0000] {subprocess.py:93} INFO - [0m15:00:23
[2026-05-08T15:00:23.020+0000] {subprocess.py:93} INFO - [0m15:00:23  1 of 5 START sql view model public_staging.stg_prices .......................... [RUN]
[2026-05-08T15:00:23.139+0000] {subprocess.py:93} INFO - [0m15:00:23  1 of 5 OK created sql view model public_staging.stg_prices ..................... [[32mCREATE VIEW[0m in 0.12s]
[2026-05-08T15:00:23.141+0000] {subprocess.py:93} INFO - [0m15:00:23  2 of 5 START sql view model public_staging.int_price_with_returns .............. [RUN]
[2026-05-08T15:00:23.198+0000] {subprocess.py:93} INFO - [0m15:00:23  2 of 5 OK created sql view model public_staging.int_price_with_returns ......... [[32mCREATE VIEW[0m in 0.05s]
[2026-05-08T15:00:23.200+0000] {subprocess.py:93} INFO - [0m15:00:23  3 of 5 START sql table model public.fact_prices ................................ [RUN]
[2026-05-08T15:00:23.303+0000] {subprocess.py:93} INFO - [0m15:00:23  3 of 5 OK created sql table model public.fact_prices ........................... [[32mSELECT 3815[0m in 0.10s]
[2026-05-08T15:00:23.306+0000] {subprocess.py:93} INFO - [0m15:00:23  4 of 5 START sql table model public.fact_indicators ............................ [RUN]
[2026-05-08T15:00:23.521+0000] {subprocess.py:93} INFO - [0m15:00:23  4 of 5 OK created sql table model public.fact_indicators ....................... [[32mSELECT 3815[0m in 0.21s]
[2026-05-08T15:00:23.523+0000] {subprocess.py:93} INFO - [0m15:00:23  5 of 5 START sql table model public.fact_alerts ................................ [RUN]
[2026-05-08T15:00:23.605+0000] {subprocess.py:93} INFO - [0m15:00:23  5 of 5 OK created sql table model public.fact_alerts ........................... [[32mSELECT 2181[0m in 0.08s]
[2026-05-08T15:00:23.624+0000] {subprocess.py:93} INFO - [0m15:00:23
[2026-05-08T15:00:23.625+0000] {subprocess.py:93} INFO - [0m15:00:23  Finished running 2 view models, 3 table models in 0 hours 0 minutes and 0.74 seconds (0.74s).
[2026-05-08T15:00:23.638+0000] {subprocess.py:93} INFO - [0m15:00:23
[2026-05-08T15:00:23.638+0000] {subprocess.py:93} INFO - [0m15:00:23  [32mCompleted successfully[0m
[2026-05-08T15:00:23.639+0000] {subprocess.py:93} INFO - [0m15:00:23
[2026-05-08T15:00:23.639+0000] {subprocess.py:93} INFO - [0m15:00:23  Done. PASS=5 WARN=0 ERROR=0 SKIP=0 TOTAL=5
[2026-05-08T15:00:25.336+0000] {subprocess.py:97} INFO - Command exited with return code 0
[2026-05-08T15:00:25.379+0000] {taskinstance.py:1138} INFO - Marking task as SUCCESS. dag_id=run_dbt_models, task_id=dbt_run, execution_date=20260508T150019, start_date=20260508T150020, end_date=20260508T150025
[2026-05-08T15:00:25.420+0000] {local_task_job_runner.py:234} INFO - Task exited with return code 0
[2026-05-08T15:00:25.450+0000] {taskinstance.py:3280} INFO - 1 downstream tasks scheduled from follow-on schedule check
