[2026-05-08T01:00:43.450+0000] {taskinstance.py:1956} INFO - Dependencies all met for dep_context=non-requeueable deps ti=<TaskInstance: fetch_market_data.check_market_open scheduled__2026-05-08T00:00:00+00:00 [queued]>
[2026-05-08T01:00:43.458+0000] {taskinstance.py:1956} INFO - Dependencies all met for dep_context=requeueable deps ti=<TaskInstance: fetch_market_data.check_market_open scheduled__2026-05-08T00:00:00+00:00 [queued]>
[2026-05-08T01:00:43.458+0000] {taskinstance.py:2170} INFO - Starting attempt 1 of 3
[2026-05-08T01:00:43.473+0000] {taskinstance.py:2191} INFO - Executing <Task(MarketOpenSensor): check_market_open> on 2026-05-08 00:00:00+00:00
[2026-05-08T01:00:43.481+0000] {standard_task_runner.py:60} INFO - Started process 1169055 to run task
[2026-05-08T01:00:43.484+0000] {standard_task_runner.py:87} INFO - Running: ['airflow', 'tasks', 'run', 'fetch_market_data', 'check_market_open', 'scheduled__2026-05-08T00:00:00+00:00', '--job-id', '1607', '--raw', '--subdir', 'DAGS_FOLDER/fetch_market_data.py', '--cfg-path', '/tmp/tmpvwgspk7z']
[2026-05-08T01:00:43.487+0000] {standard_task_runner.py:88} INFO - Job 1607: Subtask check_market_open
[2026-05-08T01:00:43.553+0000] {task_command.py:423} INFO - Running <TaskInstance: fetch_market_data.check_market_open scheduled__2026-05-08T00:00:00+00:00 [running]> on host reddit-pipeline-vm
[2026-05-08T01:00:43.658+0000] {taskinstance.py:2480} INFO - Exporting env vars: AIRFLOW_CTX_DAG_OWNER='pipeline' AIRFLOW_CTX_DAG_ID='fetch_market_data' AIRFLOW_CTX_TASK_ID='check_market_open' AIRFLOW_CTX_EXECUTION_DATE='2026-05-08T00:00:00+00:00' AIRFLOW_CTX_TRY_NUMBER='1' AIRFLOW_CTX_DAG_RUN_ID='scheduled__2026-05-08T00:00:00+00:00'
[2026-05-08T01:00:43.675+0000] {sensors.py:45} INFO - Market open check at 2026-05-07 21:00 ET: False
[2026-05-08T01:00:43.700+0000] {taskinstance.py:2658} INFO - Rescheduling task, marking task as UP_FOR_RESCHEDULE
[2026-05-08T01:00:43.737+0000] {local_task_job_runner.py:234} INFO - Task exited with return code 0
[2026-05-08T01:00:43.776+0000] {taskinstance.py:3280} INFO - 0 downstream tasks scheduled from follow-on schedule check
[2026-05-08T01:15:45.385+0000] {taskinstance.py:1956} INFO - Dependencies all met for dep_context=non-requeueable deps ti=<TaskInstance: fetch_market_data.check_market_open scheduled__2026-05-08T00:00:00+00:00 [queued]>
[2026-05-08T01:15:45.395+0000] {taskinstance.py:1956} INFO - Dependencies all met for dep_context=requeueable deps ti=<TaskInstance: fetch_market_data.check_market_open scheduled__2026-05-08T00:00:00+00:00 [queued]>
[2026-05-08T01:15:45.396+0000] {taskinstance.py:2170} INFO - Starting attempt 1 of 3
[2026-05-08T01:15:45.410+0000] {taskinstance.py:2191} INFO - Executing <Task(MarketOpenSensor): check_market_open> on 2026-05-08 00:00:00+00:00
[2026-05-08T01:15:45.417+0000] {standard_task_runner.py:60} INFO - Started process 1170049 to run task
[2026-05-08T01:15:45.421+0000] {standard_task_runner.py:87} INFO - Running: ['airflow', 'tasks', 'run', 'fetch_market_data', 'check_market_open', 'scheduled__2026-05-08T00:00:00+00:00', '--job-id', '1608', '--raw', '--subdir', 'DAGS_FOLDER/fetch_market_data.py', '--cfg-path', '/tmp/tmpxtdt5k5q']
[2026-05-08T01:15:45.423+0000] {standard_task_runner.py:88} INFO - Job 1608: Subtask check_market_open
[2026-05-08T01:15:45.497+0000] {task_command.py:423} INFO - Running <TaskInstance: fetch_market_data.check_market_open scheduled__2026-05-08T00:00:00+00:00 [running]> on host reddit-pipeline-vm
[2026-05-08T01:15:45.608+0000] {taskinstance.py:2480} INFO - Exporting env vars: AIRFLOW_CTX_DAG_OWNER='pipeline' AIRFLOW_CTX_DAG_ID='fetch_market_data' AIRFLOW_CTX_TASK_ID='check_market_open' AIRFLOW_CTX_EXECUTION_DATE='2026-05-08T00:00:00+00:00' AIRFLOW_CTX_TRY_NUMBER='1' AIRFLOW_CTX_DAG_RUN_ID='scheduled__2026-05-08T00:00:00+00:00'
[2026-05-08T01:15:45.626+0000] {sensors.py:45} INFO - Market open check at 2026-05-07 21:15 ET: False
[2026-05-08T01:15:45.653+0000] {taskinstance.py:2658} INFO - Rescheduling task, marking task as UP_FOR_RESCHEDULE
[2026-05-08T01:15:45.674+0000] {local_task_job_runner.py:234} INFO - Task exited with return code 0
[2026-05-08T01:15:45.712+0000] {taskinstance.py:3280} INFO - 0 downstream tasks scheduled from follow-on schedule check
[2026-05-08T01:30:47.063+0000] {taskinstance.py:1956} INFO - Dependencies all met for dep_context=non-requeueable deps ti=<TaskInstance: fetch_market_data.check_market_open scheduled__2026-05-08T00:00:00+00:00 [queued]>
[2026-05-08T01:30:47.073+0000] {taskinstance.py:1956} INFO - Dependencies all met for dep_context=requeueable deps ti=<TaskInstance: fetch_market_data.check_market_open scheduled__2026-05-08T00:00:00+00:00 [queued]>
[2026-05-08T01:30:47.073+0000] {taskinstance.py:2170} INFO - Starting attempt 1 of 3
[2026-05-08T01:30:47.087+0000] {taskinstance.py:2191} INFO - Executing <Task(MarketOpenSensor): check_market_open> on 2026-05-08 00:00:00+00:00
[2026-05-08T01:30:47.094+0000] {standard_task_runner.py:60} INFO - Started process 1171050 to run task
[2026-05-08T01:30:47.098+0000] {standard_task_runner.py:87} INFO - Running: ['airflow', 'tasks', 'run', 'fetch_market_data', 'check_market_open', 'scheduled__2026-05-08T00:00:00+00:00', '--job-id', '1609', '--raw', '--subdir', 'DAGS_FOLDER/fetch_market_data.py', '--cfg-path', '/tmp/tmp2kcnur3b']
[2026-05-08T01:30:47.101+0000] {standard_task_runner.py:88} INFO - Job 1609: Subtask check_market_open
[2026-05-08T01:30:47.184+0000] {task_command.py:423} INFO - Running <TaskInstance: fetch_market_data.check_market_open scheduled__2026-05-08T00:00:00+00:00 [running]> on host reddit-pipeline-vm
[2026-05-08T01:30:47.310+0000] {taskinstance.py:2480} INFO - Exporting env vars: AIRFLOW_CTX_DAG_OWNER='pipeline' AIRFLOW_CTX_DAG_ID='fetch_market_data' AIRFLOW_CTX_TASK_ID='check_market_open' AIRFLOW_CTX_EXECUTION_DATE='2026-05-08T00:00:00+00:00' AIRFLOW_CTX_TRY_NUMBER='1' AIRFLOW_CTX_DAG_RUN_ID='scheduled__2026-05-08T00:00:00+00:00'
[2026-05-08T01:30:47.333+0000] {sensors.py:45} INFO - Market open check at 2026-05-07 21:30 ET: False
[2026-05-08T01:30:47.362+0000] {taskinstance.py:2658} INFO - Rescheduling task, marking task as UP_FOR_RESCHEDULE
[2026-05-08T01:30:47.398+0000] {local_task_job_runner.py:234} INFO - Task exited with return code 0
[2026-05-08T01:30:47.437+0000] {taskinstance.py:3280} INFO - 0 downstream tasks scheduled from follow-on schedule check
[2026-05-08T01:45:48.494+0000] {taskinstance.py:1956} INFO - Dependencies all met for dep_context=non-requeueable deps ti=<TaskInstance: fetch_market_data.check_market_open scheduled__2026-05-08T00:00:00+00:00 [queued]>
[2026-05-08T01:45:48.504+0000] {taskinstance.py:1956} INFO - Dependencies all met for dep_context=requeueable deps ti=<TaskInstance: fetch_market_data.check_market_open scheduled__2026-05-08T00:00:00+00:00 [queued]>
[2026-05-08T01:45:48.504+0000] {taskinstance.py:2170} INFO - Starting attempt 1 of 3
[2026-05-08T01:45:48.518+0000] {taskinstance.py:2191} INFO - Executing <Task(MarketOpenSensor): check_market_open> on 2026-05-08 00:00:00+00:00
[2026-05-08T01:45:48.525+0000] {standard_task_runner.py:60} INFO - Started process 1172068 to run task
[2026-05-08T01:45:48.528+0000] {standard_task_runner.py:87} INFO - Running: ['airflow', 'tasks', 'run', 'fetch_market_data', 'check_market_open', 'scheduled__2026-05-08T00:00:00+00:00', '--job-id', '1610', '--raw', '--subdir', 'DAGS_FOLDER/fetch_market_data.py', '--cfg-path', '/tmp/tmpd811291_']
[2026-05-08T01:45:48.530+0000] {standard_task_runner.py:88} INFO - Job 1610: Subtask check_market_open
[2026-05-08T01:45:48.604+0000] {task_command.py:423} INFO - Running <TaskInstance: fetch_market_data.check_market_open scheduled__2026-05-08T00:00:00+00:00 [running]> on host reddit-pipeline-vm
[2026-05-08T01:45:48.710+0000] {taskinstance.py:2480} INFO - Exporting env vars: AIRFLOW_CTX_DAG_OWNER='pipeline' AIRFLOW_CTX_DAG_ID='fetch_market_data' AIRFLOW_CTX_TASK_ID='check_market_open' AIRFLOW_CTX_EXECUTION_DATE='2026-05-08T00:00:00+00:00' AIRFLOW_CTX_TRY_NUMBER='1' AIRFLOW_CTX_DAG_RUN_ID='scheduled__2026-05-08T00:00:00+00:00'
[2026-05-08T01:45:48.727+0000] {sensors.py:45} INFO - Market open check at 2026-05-07 21:45 ET: False
[2026-05-08T01:45:48.752+0000] {taskinstance.py:2658} INFO - Rescheduling task, marking task as UP_FOR_RESCHEDULE
[2026-05-08T01:45:48.783+0000] {local_task_job_runner.py:234} INFO - Task exited with return code 0
[2026-05-08T01:45:48.822+0000] {taskinstance.py:3280} INFO - 0 downstream tasks scheduled from follow-on schedule check
[2026-05-08T02:00:50.216+0000] {taskinstance.py:1956} INFO - Dependencies all met for dep_context=non-requeueable deps ti=<TaskInstance: fetch_market_data.check_market_open scheduled__2026-05-08T00:00:00+00:00 [queued]>
[2026-05-08T02:00:50.225+0000] {taskinstance.py:1956} INFO - Dependencies all met for dep_context=requeueable deps ti=<TaskInstance: fetch_market_data.check_market_open scheduled__2026-05-08T00:00:00+00:00 [queued]>
[2026-05-08T02:00:50.225+0000] {taskinstance.py:2170} INFO - Starting attempt 1 of 3
[2026-05-08T02:00:50.239+0000] {taskinstance.py:2191} INFO - Executing <Task(MarketOpenSensor): check_market_open> on 2026-05-08 00:00:00+00:00
[2026-05-08T02:00:50.246+0000] {standard_task_runner.py:60} INFO - Started process 1173075 to run task
[2026-05-08T02:00:50.250+0000] {standard_task_runner.py:87} INFO - Running: ['airflow', 'tasks', 'run', 'fetch_market_data', 'check_market_open', 'scheduled__2026-05-08T00:00:00+00:00', '--job-id', '1611', '--raw', '--subdir', 'DAGS_FOLDER/fetch_market_data.py', '--cfg-path', '/tmp/tmp7p7b5o4w']
[2026-05-08T02:00:50.253+0000] {standard_task_runner.py:88} INFO - Job 1611: Subtask check_market_open
[2026-05-08T02:00:50.327+0000] {task_command.py:423} INFO - Running <TaskInstance: fetch_market_data.check_market_open scheduled__2026-05-08T00:00:00+00:00 [running]> on host reddit-pipeline-vm
[2026-05-08T02:00:50.432+0000] {taskinstance.py:2480} INFO - Exporting env vars: AIRFLOW_CTX_DAG_OWNER='pipeline' AIRFLOW_CTX_DAG_ID='fetch_market_data' AIRFLOW_CTX_TASK_ID='check_market_open' AIRFLOW_CTX_EXECUTION_DATE='2026-05-08T00:00:00+00:00' AIRFLOW_CTX_TRY_NUMBER='1' AIRFLOW_CTX_DAG_RUN_ID='scheduled__2026-05-08T00:00:00+00:00'
[2026-05-08T02:00:50.449+0000] {sensors.py:45} INFO - Market open check at 2026-05-07 22:00 ET: False
[2026-05-08T02:00:50.449+0000] {taskinstance.py:2360} INFO - Sensor has timed out; run duration of 3606.862928 seconds exceeds the specified timeout of 3600.0.
[2026-05-08T02:00:50.465+0000] {taskinstance.py:1138} INFO - Marking task as SKIPPED. dag_id=fetch_market_data, task_id=check_market_open, execution_date=20260508T000000, start_date=20260508T020050, end_date=20260508T020050
[2026-05-08T02:00:50.503+0000] {local_task_job_runner.py:234} INFO - Task exited with return code 0
[2026-05-08T02:00:50.550+0000] {taskinstance.py:3280} INFO - 0 downstream tasks scheduled from follow-on schedule check
