[2026-05-01T00:21:15.931+0000] {taskinstance.py:1956} INFO - Dependencies all met for dep_context=non-requeueable deps ti=<TaskInstance: fetch_market_data.check_market_open scheduled__2026-05-01T00:00:00+00:00 [queued]>
[2026-05-01T00:21:15.938+0000] {taskinstance.py:1956} INFO - Dependencies all met for dep_context=requeueable deps ti=<TaskInstance: fetch_market_data.check_market_open scheduled__2026-05-01T00:00:00+00:00 [queued]>
[2026-05-01T00:21:15.938+0000] {taskinstance.py:2170} INFO - Starting attempt 1 of 3
[2026-05-01T00:21:15.950+0000] {taskinstance.py:2191} INFO - Executing <Task(MarketOpenSensor): check_market_open> on 2026-05-01 00:00:00+00:00
[2026-05-01T00:21:15.956+0000] {standard_task_runner.py:60} INFO - Started process 644160 to run task
[2026-05-01T00:21:15.959+0000] {standard_task_runner.py:87} INFO - Running: ['airflow', 'tasks', 'run', 'fetch_market_data', 'check_market_open', 'scheduled__2026-05-01T00:00:00+00:00', '--job-id', '430', '--raw', '--subdir', 'DAGS_FOLDER/fetch_market_data.py', '--cfg-path', '/tmp/tmp2vun5g4o']
[2026-05-01T00:21:15.961+0000] {standard_task_runner.py:88} INFO - Job 430: Subtask check_market_open
[2026-05-01T00:21:16.037+0000] {task_command.py:423} INFO - Running <TaskInstance: fetch_market_data.check_market_open scheduled__2026-05-01T00:00:00+00:00 [running]> on host reddit-pipeline-vm
[2026-05-01T00:21:16.149+0000] {taskinstance.py:2480} INFO - Exporting env vars: AIRFLOW_CTX_DAG_OWNER='pipeline' AIRFLOW_CTX_DAG_ID='fetch_market_data' AIRFLOW_CTX_TASK_ID='check_market_open' AIRFLOW_CTX_EXECUTION_DATE='2026-05-01T00:00:00+00:00' AIRFLOW_CTX_TRY_NUMBER='1' AIRFLOW_CTX_DAG_RUN_ID='scheduled__2026-05-01T00:00:00+00:00'
[2026-05-01T00:21:16.167+0000] {sensors.py:45} INFO - Market open check at 2026-04-30 20:21 ET: False
[2026-05-01T00:21:16.195+0000] {taskinstance.py:2658} INFO - Rescheduling task, marking task as UP_FOR_RESCHEDULE
[2026-05-01T00:21:16.212+0000] {local_task_job_runner.py:234} INFO - Task exited with return code 0
[2026-05-01T00:21:16.253+0000] {taskinstance.py:3280} INFO - 0 downstream tasks scheduled from follow-on schedule check
[2026-05-01T00:22:17.506+0000] {taskinstance.py:1956} INFO - Dependencies all met for dep_context=non-requeueable deps ti=<TaskInstance: fetch_market_data.check_market_open scheduled__2026-05-01T00:00:00+00:00 [queued]>
[2026-05-01T00:22:17.513+0000] {taskinstance.py:1956} INFO - Dependencies all met for dep_context=requeueable deps ti=<TaskInstance: fetch_market_data.check_market_open scheduled__2026-05-01T00:00:00+00:00 [queued]>
[2026-05-01T00:22:17.513+0000] {taskinstance.py:2170} INFO - Starting attempt 1 of 3
[2026-05-01T00:22:17.523+0000] {taskinstance.py:2191} INFO - Executing <Task(MarketOpenSensor): check_market_open> on 2026-05-01 00:00:00+00:00
[2026-05-01T00:22:17.531+0000] {standard_task_runner.py:60} INFO - Started process 644232 to run task
[2026-05-01T00:22:17.535+0000] {standard_task_runner.py:87} INFO - Running: ['airflow', 'tasks', 'run', 'fetch_market_data', 'check_market_open', 'scheduled__2026-05-01T00:00:00+00:00', '--job-id', '431', '--raw', '--subdir', 'DAGS_FOLDER/fetch_market_data.py', '--cfg-path', '/tmp/tmp7gb9ltg0']
[2026-05-01T00:22:17.537+0000] {standard_task_runner.py:88} INFO - Job 431: Subtask check_market_open
[2026-05-01T00:22:17.614+0000] {task_command.py:423} INFO - Running <TaskInstance: fetch_market_data.check_market_open scheduled__2026-05-01T00:00:00+00:00 [running]> on host reddit-pipeline-vm
[2026-05-01T00:22:17.724+0000] {taskinstance.py:2480} INFO - Exporting env vars: AIRFLOW_CTX_DAG_OWNER='pipeline' AIRFLOW_CTX_DAG_ID='fetch_market_data' AIRFLOW_CTX_TASK_ID='check_market_open' AIRFLOW_CTX_EXECUTION_DATE='2026-05-01T00:00:00+00:00' AIRFLOW_CTX_TRY_NUMBER='1' AIRFLOW_CTX_DAG_RUN_ID='scheduled__2026-05-01T00:00:00+00:00'
[2026-05-01T00:22:17.742+0000] {sensors.py:45} INFO - Market open check at 2026-04-30 20:22 ET: False
[2026-05-01T00:22:17.768+0000] {taskinstance.py:2658} INFO - Rescheduling task, marking task as UP_FOR_RESCHEDULE
[2026-05-01T00:22:17.788+0000] {local_task_job_runner.py:234} INFO - Task exited with return code 0
[2026-05-01T00:22:17.828+0000] {taskinstance.py:3280} INFO - 0 downstream tasks scheduled from follow-on schedule check
[2026-05-01T00:23:19.109+0000] {taskinstance.py:1956} INFO - Dependencies all met for dep_context=non-requeueable deps ti=<TaskInstance: fetch_market_data.check_market_open scheduled__2026-05-01T00:00:00+00:00 [queued]>
[2026-05-01T00:23:19.117+0000] {taskinstance.py:1956} INFO - Dependencies all met for dep_context=requeueable deps ti=<TaskInstance: fetch_market_data.check_market_open scheduled__2026-05-01T00:00:00+00:00 [queued]>
[2026-05-01T00:23:19.117+0000] {taskinstance.py:2170} INFO - Starting attempt 1 of 3
[2026-05-01T00:23:19.128+0000] {taskinstance.py:2191} INFO - Executing <Task(MarketOpenSensor): check_market_open> on 2026-05-01 00:00:00+00:00
[2026-05-01T00:23:19.134+0000] {standard_task_runner.py:60} INFO - Started process 644302 to run task
[2026-05-01T00:23:19.138+0000] {standard_task_runner.py:87} INFO - Running: ['airflow', 'tasks', 'run', 'fetch_market_data', 'check_market_open', 'scheduled__2026-05-01T00:00:00+00:00', '--job-id', '432', '--raw', '--subdir', 'DAGS_FOLDER/fetch_market_data.py', '--cfg-path', '/tmp/tmpyc7cenn3']
[2026-05-01T00:23:19.140+0000] {standard_task_runner.py:88} INFO - Job 432: Subtask check_market_open
[2026-05-01T00:23:19.218+0000] {task_command.py:423} INFO - Running <TaskInstance: fetch_market_data.check_market_open scheduled__2026-05-01T00:00:00+00:00 [running]> on host reddit-pipeline-vm
[2026-05-01T00:23:19.327+0000] {taskinstance.py:2480} INFO - Exporting env vars: AIRFLOW_CTX_DAG_OWNER='pipeline' AIRFLOW_CTX_DAG_ID='fetch_market_data' AIRFLOW_CTX_TASK_ID='check_market_open' AIRFLOW_CTX_EXECUTION_DATE='2026-05-01T00:00:00+00:00' AIRFLOW_CTX_TRY_NUMBER='1' AIRFLOW_CTX_DAG_RUN_ID='scheduled__2026-05-01T00:00:00+00:00'
[2026-05-01T00:23:19.345+0000] {sensors.py:45} INFO - Market open check at 2026-04-30 20:23 ET: False
[2026-05-01T00:23:19.371+0000] {taskinstance.py:2658} INFO - Rescheduling task, marking task as UP_FOR_RESCHEDULE
[2026-05-01T00:23:19.393+0000] {local_task_job_runner.py:234} INFO - Task exited with return code 0
[2026-05-01T00:23:19.435+0000] {taskinstance.py:3280} INFO - 0 downstream tasks scheduled from follow-on schedule check
[2026-05-01T00:24:20.700+0000] {taskinstance.py:1956} INFO - Dependencies all met for dep_context=non-requeueable deps ti=<TaskInstance: fetch_market_data.check_market_open scheduled__2026-05-01T00:00:00+00:00 [queued]>
[2026-05-01T00:24:20.707+0000] {taskinstance.py:1956} INFO - Dependencies all met for dep_context=requeueable deps ti=<TaskInstance: fetch_market_data.check_market_open scheduled__2026-05-01T00:00:00+00:00 [queued]>
[2026-05-01T00:24:20.707+0000] {taskinstance.py:2170} INFO - Starting attempt 1 of 3
[2026-05-01T00:24:20.717+0000] {taskinstance.py:2191} INFO - Executing <Task(MarketOpenSensor): check_market_open> on 2026-05-01 00:00:00+00:00
[2026-05-01T00:24:20.723+0000] {standard_task_runner.py:60} INFO - Started process 644368 to run task
[2026-05-01T00:24:20.727+0000] {standard_task_runner.py:87} INFO - Running: ['airflow', 'tasks', 'run', 'fetch_market_data', 'check_market_open', 'scheduled__2026-05-01T00:00:00+00:00', '--job-id', '433', '--raw', '--subdir', 'DAGS_FOLDER/fetch_market_data.py', '--cfg-path', '/tmp/tmp4jwhuna8']
[2026-05-01T00:24:20.729+0000] {standard_task_runner.py:88} INFO - Job 433: Subtask check_market_open
[2026-05-01T00:24:20.804+0000] {task_command.py:423} INFO - Running <TaskInstance: fetch_market_data.check_market_open scheduled__2026-05-01T00:00:00+00:00 [running]> on host reddit-pipeline-vm
[2026-05-01T00:24:20.912+0000] {taskinstance.py:2480} INFO - Exporting env vars: AIRFLOW_CTX_DAG_OWNER='pipeline' AIRFLOW_CTX_DAG_ID='fetch_market_data' AIRFLOW_CTX_TASK_ID='check_market_open' AIRFLOW_CTX_EXECUTION_DATE='2026-05-01T00:00:00+00:00' AIRFLOW_CTX_TRY_NUMBER='1' AIRFLOW_CTX_DAG_RUN_ID='scheduled__2026-05-01T00:00:00+00:00'
[2026-05-01T00:24:20.930+0000] {sensors.py:45} INFO - Market open check at 2026-04-30 20:24 ET: False
[2026-05-01T00:24:20.956+0000] {taskinstance.py:2658} INFO - Rescheduling task, marking task as UP_FOR_RESCHEDULE
[2026-05-01T00:24:20.980+0000] {local_task_job_runner.py:234} INFO - Task exited with return code 0
[2026-05-01T00:24:21.020+0000] {taskinstance.py:3280} INFO - 0 downstream tasks scheduled from follow-on schedule check
[2026-05-01T00:25:21.961+0000] {taskinstance.py:1956} INFO - Dependencies all met for dep_context=non-requeueable deps ti=<TaskInstance: fetch_market_data.check_market_open scheduled__2026-05-01T00:00:00+00:00 [queued]>
[2026-05-01T00:25:21.969+0000] {taskinstance.py:1956} INFO - Dependencies all met for dep_context=requeueable deps ti=<TaskInstance: fetch_market_data.check_market_open scheduled__2026-05-01T00:00:00+00:00 [queued]>
[2026-05-01T00:25:21.969+0000] {taskinstance.py:2170} INFO - Starting attempt 1 of 3
[2026-05-01T00:25:21.979+0000] {taskinstance.py:2191} INFO - Executing <Task(MarketOpenSensor): check_market_open> on 2026-05-01 00:00:00+00:00
[2026-05-01T00:25:21.985+0000] {standard_task_runner.py:60} INFO - Started process 644439 to run task
[2026-05-01T00:25:21.988+0000] {standard_task_runner.py:87} INFO - Running: ['airflow', 'tasks', 'run', 'fetch_market_data', 'check_market_open', 'scheduled__2026-05-01T00:00:00+00:00', '--job-id', '434', '--raw', '--subdir', 'DAGS_FOLDER/fetch_market_data.py', '--cfg-path', '/tmp/tmpavbobk9t']
[2026-05-01T00:25:21.990+0000] {standard_task_runner.py:88} INFO - Job 434: Subtask check_market_open
[2026-05-01T00:25:22.067+0000] {task_command.py:423} INFO - Running <TaskInstance: fetch_market_data.check_market_open scheduled__2026-05-01T00:00:00+00:00 [running]> on host reddit-pipeline-vm
[2026-05-01T00:25:22.176+0000] {taskinstance.py:2480} INFO - Exporting env vars: AIRFLOW_CTX_DAG_OWNER='pipeline' AIRFLOW_CTX_DAG_ID='fetch_market_data' AIRFLOW_CTX_TASK_ID='check_market_open' AIRFLOW_CTX_EXECUTION_DATE='2026-05-01T00:00:00+00:00' AIRFLOW_CTX_TRY_NUMBER='1' AIRFLOW_CTX_DAG_RUN_ID='scheduled__2026-05-01T00:00:00+00:00'
[2026-05-01T00:25:22.195+0000] {sensors.py:45} INFO - Market open check at 2026-04-30 20:25 ET: False
[2026-05-01T00:25:22.221+0000] {taskinstance.py:2658} INFO - Rescheduling task, marking task as UP_FOR_RESCHEDULE
[2026-05-01T00:25:22.241+0000] {local_task_job_runner.py:234} INFO - Task exited with return code 0
[2026-05-01T00:25:22.281+0000] {taskinstance.py:3280} INFO - 0 downstream tasks scheduled from follow-on schedule check
[2026-05-01T00:26:23.503+0000] {taskinstance.py:1956} INFO - Dependencies all met for dep_context=non-requeueable deps ti=<TaskInstance: fetch_market_data.check_market_open scheduled__2026-05-01T00:00:00+00:00 [queued]>
[2026-05-01T00:26:23.511+0000] {taskinstance.py:1956} INFO - Dependencies all met for dep_context=requeueable deps ti=<TaskInstance: fetch_market_data.check_market_open scheduled__2026-05-01T00:00:00+00:00 [queued]>
[2026-05-01T00:26:23.511+0000] {taskinstance.py:2170} INFO - Starting attempt 1 of 3
[2026-05-01T00:26:23.521+0000] {taskinstance.py:2191} INFO - Executing <Task(MarketOpenSensor): check_market_open> on 2026-05-01 00:00:00+00:00
[2026-05-01T00:26:23.527+0000] {standard_task_runner.py:60} INFO - Started process 644512 to run task
[2026-05-01T00:26:23.530+0000] {standard_task_runner.py:87} INFO - Running: ['airflow', 'tasks', 'run', 'fetch_market_data', 'check_market_open', 'scheduled__2026-05-01T00:00:00+00:00', '--job-id', '435', '--raw', '--subdir', 'DAGS_FOLDER/fetch_market_data.py', '--cfg-path', '/tmp/tmpxjk7ykj3']
[2026-05-01T00:26:23.532+0000] {standard_task_runner.py:88} INFO - Job 435: Subtask check_market_open
[2026-05-01T00:26:23.607+0000] {task_command.py:423} INFO - Running <TaskInstance: fetch_market_data.check_market_open scheduled__2026-05-01T00:00:00+00:00 [running]> on host reddit-pipeline-vm
[2026-05-01T00:26:23.714+0000] {taskinstance.py:2480} INFO - Exporting env vars: AIRFLOW_CTX_DAG_OWNER='pipeline' AIRFLOW_CTX_DAG_ID='fetch_market_data' AIRFLOW_CTX_TASK_ID='check_market_open' AIRFLOW_CTX_EXECUTION_DATE='2026-05-01T00:00:00+00:00' AIRFLOW_CTX_TRY_NUMBER='1' AIRFLOW_CTX_DAG_RUN_ID='scheduled__2026-05-01T00:00:00+00:00'
[2026-05-01T00:26:23.732+0000] {sensors.py:45} INFO - Market open check at 2026-04-30 20:26 ET: False
[2026-05-01T00:26:23.758+0000] {taskinstance.py:2658} INFO - Rescheduling task, marking task as UP_FOR_RESCHEDULE
[2026-05-01T00:26:23.783+0000] {local_task_job_runner.py:234} INFO - Task exited with return code 0
[2026-05-01T00:26:23.822+0000] {taskinstance.py:3280} INFO - 0 downstream tasks scheduled from follow-on schedule check
[2026-05-01T00:27:25.263+0000] {taskinstance.py:1956} INFO - Dependencies all met for dep_context=non-requeueable deps ti=<TaskInstance: fetch_market_data.check_market_open scheduled__2026-05-01T00:00:00+00:00 [queued]>
[2026-05-01T00:27:25.270+0000] {taskinstance.py:1956} INFO - Dependencies all met for dep_context=requeueable deps ti=<TaskInstance: fetch_market_data.check_market_open scheduled__2026-05-01T00:00:00+00:00 [queued]>
[2026-05-01T00:27:25.270+0000] {taskinstance.py:2170} INFO - Starting attempt 1 of 3
[2026-05-01T00:27:25.280+0000] {taskinstance.py:2191} INFO - Executing <Task(MarketOpenSensor): check_market_open> on 2026-05-01 00:00:00+00:00
[2026-05-01T00:27:25.288+0000] {standard_task_runner.py:60} INFO - Started process 644585 to run task
[2026-05-01T00:27:25.291+0000] {standard_task_runner.py:87} INFO - Running: ['airflow', 'tasks', 'run', 'fetch_market_data', 'check_market_open', 'scheduled__2026-05-01T00:00:00+00:00', '--job-id', '436', '--raw', '--subdir', 'DAGS_FOLDER/fetch_market_data.py', '--cfg-path', '/tmp/tmpdj4i7agx']
[2026-05-01T00:27:25.293+0000] {standard_task_runner.py:88} INFO - Job 436: Subtask check_market_open
[2026-05-01T00:27:25.368+0000] {task_command.py:423} INFO - Running <TaskInstance: fetch_market_data.check_market_open scheduled__2026-05-01T00:00:00+00:00 [running]> on host reddit-pipeline-vm
[2026-05-01T00:27:25.477+0000] {taskinstance.py:2480} INFO - Exporting env vars: AIRFLOW_CTX_DAG_OWNER='pipeline' AIRFLOW_CTX_DAG_ID='fetch_market_data' AIRFLOW_CTX_TASK_ID='check_market_open' AIRFLOW_CTX_EXECUTION_DATE='2026-05-01T00:00:00+00:00' AIRFLOW_CTX_TRY_NUMBER='1' AIRFLOW_CTX_DAG_RUN_ID='scheduled__2026-05-01T00:00:00+00:00'
[2026-05-01T00:27:25.495+0000] {sensors.py:45} INFO - Market open check at 2026-04-30 20:27 ET: False
[2026-05-01T00:27:25.521+0000] {taskinstance.py:2658} INFO - Rescheduling task, marking task as UP_FOR_RESCHEDULE
[2026-05-01T00:27:25.543+0000] {local_task_job_runner.py:234} INFO - Task exited with return code 0
[2026-05-01T00:27:25.583+0000] {taskinstance.py:3280} INFO - 0 downstream tasks scheduled from follow-on schedule check
[2026-05-01T00:28:26.840+0000] {taskinstance.py:1956} INFO - Dependencies all met for dep_context=non-requeueable deps ti=<TaskInstance: fetch_market_data.check_market_open scheduled__2026-05-01T00:00:00+00:00 [queued]>
[2026-05-01T00:28:26.848+0000] {taskinstance.py:1956} INFO - Dependencies all met for dep_context=requeueable deps ti=<TaskInstance: fetch_market_data.check_market_open scheduled__2026-05-01T00:00:00+00:00 [queued]>
[2026-05-01T00:28:26.848+0000] {taskinstance.py:2170} INFO - Starting attempt 1 of 3
[2026-05-01T00:28:26.858+0000] {taskinstance.py:2191} INFO - Executing <Task(MarketOpenSensor): check_market_open> on 2026-05-01 00:00:00+00:00
[2026-05-01T00:28:26.865+0000] {standard_task_runner.py:60} INFO - Started process 644650 to run task
[2026-05-01T00:28:26.868+0000] {standard_task_runner.py:87} INFO - Running: ['airflow', 'tasks', 'run', 'fetch_market_data', 'check_market_open', 'scheduled__2026-05-01T00:00:00+00:00', '--job-id', '437', '--raw', '--subdir', 'DAGS_FOLDER/fetch_market_data.py', '--cfg-path', '/tmp/tmpfrgvpi6_']
[2026-05-01T00:28:26.870+0000] {standard_task_runner.py:88} INFO - Job 437: Subtask check_market_open
[2026-05-01T00:28:26.946+0000] {task_command.py:423} INFO - Running <TaskInstance: fetch_market_data.check_market_open scheduled__2026-05-01T00:00:00+00:00 [running]> on host reddit-pipeline-vm
[2026-05-01T00:28:27.053+0000] {taskinstance.py:2480} INFO - Exporting env vars: AIRFLOW_CTX_DAG_OWNER='pipeline' AIRFLOW_CTX_DAG_ID='fetch_market_data' AIRFLOW_CTX_TASK_ID='check_market_open' AIRFLOW_CTX_EXECUTION_DATE='2026-05-01T00:00:00+00:00' AIRFLOW_CTX_TRY_NUMBER='1' AIRFLOW_CTX_DAG_RUN_ID='scheduled__2026-05-01T00:00:00+00:00'
[2026-05-01T00:28:27.071+0000] {sensors.py:45} INFO - Market open check at 2026-04-30 20:28 ET: False
[2026-05-01T00:28:27.098+0000] {taskinstance.py:2658} INFO - Rescheduling task, marking task as UP_FOR_RESCHEDULE
[2026-05-01T00:28:27.122+0000] {local_task_job_runner.py:234} INFO - Task exited with return code 0
[2026-05-01T00:28:27.162+0000] {taskinstance.py:3280} INFO - 0 downstream tasks scheduled from follow-on schedule check
[2026-05-01T00:29:28.375+0000] {taskinstance.py:1956} INFO - Dependencies all met for dep_context=non-requeueable deps ti=<TaskInstance: fetch_market_data.check_market_open scheduled__2026-05-01T00:00:00+00:00 [queued]>
[2026-05-01T00:29:28.382+0000] {taskinstance.py:1956} INFO - Dependencies all met for dep_context=requeueable deps ti=<TaskInstance: fetch_market_data.check_market_open scheduled__2026-05-01T00:00:00+00:00 [queued]>
[2026-05-01T00:29:28.382+0000] {taskinstance.py:2170} INFO - Starting attempt 1 of 3
[2026-05-01T00:29:28.392+0000] {taskinstance.py:2191} INFO - Executing <Task(MarketOpenSensor): check_market_open> on 2026-05-01 00:00:00+00:00
[2026-05-01T00:29:28.399+0000] {standard_task_runner.py:60} INFO - Started process 644723 to run task
[2026-05-01T00:29:28.402+0000] {standard_task_runner.py:87} INFO - Running: ['airflow', 'tasks', 'run', 'fetch_market_data', 'check_market_open', 'scheduled__2026-05-01T00:00:00+00:00', '--job-id', '438', '--raw', '--subdir', 'DAGS_FOLDER/fetch_market_data.py', '--cfg-path', '/tmp/tmpctc8n88z']
[2026-05-01T00:29:28.404+0000] {standard_task_runner.py:88} INFO - Job 438: Subtask check_market_open
[2026-05-01T00:29:28.478+0000] {task_command.py:423} INFO - Running <TaskInstance: fetch_market_data.check_market_open scheduled__2026-05-01T00:00:00+00:00 [running]> on host reddit-pipeline-vm
[2026-05-01T00:29:28.586+0000] {taskinstance.py:2480} INFO - Exporting env vars: AIRFLOW_CTX_DAG_OWNER='pipeline' AIRFLOW_CTX_DAG_ID='fetch_market_data' AIRFLOW_CTX_TASK_ID='check_market_open' AIRFLOW_CTX_EXECUTION_DATE='2026-05-01T00:00:00+00:00' AIRFLOW_CTX_TRY_NUMBER='1' AIRFLOW_CTX_DAG_RUN_ID='scheduled__2026-05-01T00:00:00+00:00'
[2026-05-01T00:29:28.604+0000] {sensors.py:45} INFO - Market open check at 2026-04-30 20:29 ET: False
[2026-05-01T00:29:28.630+0000] {taskinstance.py:2658} INFO - Rescheduling task, marking task as UP_FOR_RESCHEDULE
[2026-05-01T00:29:28.655+0000] {local_task_job_runner.py:234} INFO - Task exited with return code 0
[2026-05-01T00:29:28.695+0000] {taskinstance.py:3280} INFO - 0 downstream tasks scheduled from follow-on schedule check
[2026-05-01T00:30:29.954+0000] {taskinstance.py:1956} INFO - Dependencies all met for dep_context=non-requeueable deps ti=<TaskInstance: fetch_market_data.check_market_open scheduled__2026-05-01T00:00:00+00:00 [queued]>
[2026-05-01T00:30:29.961+0000] {taskinstance.py:1956} INFO - Dependencies all met for dep_context=requeueable deps ti=<TaskInstance: fetch_market_data.check_market_open scheduled__2026-05-01T00:00:00+00:00 [queued]>
[2026-05-01T00:30:29.961+0000] {taskinstance.py:2170} INFO - Starting attempt 1 of 3
[2026-05-01T00:30:29.971+0000] {taskinstance.py:2191} INFO - Executing <Task(MarketOpenSensor): check_market_open> on 2026-05-01 00:00:00+00:00
[2026-05-01T00:30:29.977+0000] {standard_task_runner.py:60} INFO - Started process 644797 to run task
[2026-05-01T00:30:29.980+0000] {standard_task_runner.py:87} INFO - Running: ['airflow', 'tasks', 'run', 'fetch_market_data', 'check_market_open', 'scheduled__2026-05-01T00:00:00+00:00', '--job-id', '439', '--raw', '--subdir', 'DAGS_FOLDER/fetch_market_data.py', '--cfg-path', '/tmp/tmpwtt5hlna']
[2026-05-01T00:30:29.982+0000] {standard_task_runner.py:88} INFO - Job 439: Subtask check_market_open
[2026-05-01T00:30:30.057+0000] {task_command.py:423} INFO - Running <TaskInstance: fetch_market_data.check_market_open scheduled__2026-05-01T00:00:00+00:00 [running]> on host reddit-pipeline-vm
[2026-05-01T00:30:30.165+0000] {taskinstance.py:2480} INFO - Exporting env vars: AIRFLOW_CTX_DAG_OWNER='pipeline' AIRFLOW_CTX_DAG_ID='fetch_market_data' AIRFLOW_CTX_TASK_ID='check_market_open' AIRFLOW_CTX_EXECUTION_DATE='2026-05-01T00:00:00+00:00' AIRFLOW_CTX_TRY_NUMBER='1' AIRFLOW_CTX_DAG_RUN_ID='scheduled__2026-05-01T00:00:00+00:00'
[2026-05-01T00:30:30.184+0000] {sensors.py:45} INFO - Market open check at 2026-04-30 20:30 ET: False
[2026-05-01T00:30:30.209+0000] {taskinstance.py:2658} INFO - Rescheduling task, marking task as UP_FOR_RESCHEDULE
[2026-05-01T00:30:30.233+0000] {local_task_job_runner.py:234} INFO - Task exited with return code 0
[2026-05-01T00:30:30.272+0000] {taskinstance.py:3280} INFO - 0 downstream tasks scheduled from follow-on schedule check
[2026-05-01T00:31:31.388+0000] {taskinstance.py:1956} INFO - Dependencies all met for dep_context=non-requeueable deps ti=<TaskInstance: fetch_market_data.check_market_open scheduled__2026-05-01T00:00:00+00:00 [queued]>
[2026-05-01T00:31:31.396+0000] {taskinstance.py:1956} INFO - Dependencies all met for dep_context=requeueable deps ti=<TaskInstance: fetch_market_data.check_market_open scheduled__2026-05-01T00:00:00+00:00 [queued]>
[2026-05-01T00:31:31.396+0000] {taskinstance.py:2170} INFO - Starting attempt 1 of 3
[2026-05-01T00:31:31.406+0000] {taskinstance.py:2191} INFO - Executing <Task(MarketOpenSensor): check_market_open> on 2026-05-01 00:00:00+00:00
[2026-05-01T00:31:31.412+0000] {standard_task_runner.py:60} INFO - Started process 644868 to run task
[2026-05-01T00:31:31.415+0000] {standard_task_runner.py:87} INFO - Running: ['airflow', 'tasks', 'run', 'fetch_market_data', 'check_market_open', 'scheduled__2026-05-01T00:00:00+00:00', '--job-id', '440', '--raw', '--subdir', 'DAGS_FOLDER/fetch_market_data.py', '--cfg-path', '/tmp/tmp8nx0d8ij']
[2026-05-01T00:31:31.417+0000] {standard_task_runner.py:88} INFO - Job 440: Subtask check_market_open
[2026-05-01T00:31:31.491+0000] {task_command.py:423} INFO - Running <TaskInstance: fetch_market_data.check_market_open scheduled__2026-05-01T00:00:00+00:00 [running]> on host reddit-pipeline-vm
[2026-05-01T00:31:31.600+0000] {taskinstance.py:2480} INFO - Exporting env vars: AIRFLOW_CTX_DAG_OWNER='pipeline' AIRFLOW_CTX_DAG_ID='fetch_market_data' AIRFLOW_CTX_TASK_ID='check_market_open' AIRFLOW_CTX_EXECUTION_DATE='2026-05-01T00:00:00+00:00' AIRFLOW_CTX_TRY_NUMBER='1' AIRFLOW_CTX_DAG_RUN_ID='scheduled__2026-05-01T00:00:00+00:00'
[2026-05-01T00:31:31.618+0000] {sensors.py:45} INFO - Market open check at 2026-04-30 20:31 ET: False
[2026-05-01T00:31:31.644+0000] {taskinstance.py:2658} INFO - Rescheduling task, marking task as UP_FOR_RESCHEDULE
[2026-05-01T00:31:31.668+0000] {local_task_job_runner.py:234} INFO - Task exited with return code 0
[2026-05-01T00:31:31.708+0000] {taskinstance.py:3280} INFO - 0 downstream tasks scheduled from follow-on schedule check
[2026-05-01T00:32:32.981+0000] {taskinstance.py:1956} INFO - Dependencies all met for dep_context=non-requeueable deps ti=<TaskInstance: fetch_market_data.check_market_open scheduled__2026-05-01T00:00:00+00:00 [queued]>
[2026-05-01T00:32:32.989+0000] {taskinstance.py:1956} INFO - Dependencies all met for dep_context=requeueable deps ti=<TaskInstance: fetch_market_data.check_market_open scheduled__2026-05-01T00:00:00+00:00 [queued]>
[2026-05-01T00:32:32.989+0000] {taskinstance.py:2170} INFO - Starting attempt 1 of 3
[2026-05-01T00:32:32.998+0000] {taskinstance.py:2191} INFO - Executing <Task(MarketOpenSensor): check_market_open> on 2026-05-01 00:00:00+00:00
[2026-05-01T00:32:33.005+0000] {standard_task_runner.py:60} INFO - Started process 644936 to run task
[2026-05-01T00:32:33.008+0000] {standard_task_runner.py:87} INFO - Running: ['airflow', 'tasks', 'run', 'fetch_market_data', 'check_market_open', 'scheduled__2026-05-01T00:00:00+00:00', '--job-id', '441', '--raw', '--subdir', 'DAGS_FOLDER/fetch_market_data.py', '--cfg-path', '/tmp/tmpgz0targ5']
[2026-05-01T00:32:33.010+0000] {standard_task_runner.py:88} INFO - Job 441: Subtask check_market_open
[2026-05-01T00:32:33.086+0000] {task_command.py:423} INFO - Running <TaskInstance: fetch_market_data.check_market_open scheduled__2026-05-01T00:00:00+00:00 [running]> on host reddit-pipeline-vm
[2026-05-01T00:32:33.196+0000] {taskinstance.py:2480} INFO - Exporting env vars: AIRFLOW_CTX_DAG_OWNER='pipeline' AIRFLOW_CTX_DAG_ID='fetch_market_data' AIRFLOW_CTX_TASK_ID='check_market_open' AIRFLOW_CTX_EXECUTION_DATE='2026-05-01T00:00:00+00:00' AIRFLOW_CTX_TRY_NUMBER='1' AIRFLOW_CTX_DAG_RUN_ID='scheduled__2026-05-01T00:00:00+00:00'
[2026-05-01T00:32:33.214+0000] {sensors.py:45} INFO - Market open check at 2026-04-30 20:32 ET: False
[2026-05-01T00:32:33.239+0000] {taskinstance.py:2658} INFO - Rescheduling task, marking task as UP_FOR_RESCHEDULE
[2026-05-01T00:32:33.262+0000] {local_task_job_runner.py:234} INFO - Task exited with return code 0
[2026-05-01T00:32:33.301+0000] {taskinstance.py:3280} INFO - 0 downstream tasks scheduled from follow-on schedule check
[2026-05-01T00:33:34.267+0000] {taskinstance.py:1956} INFO - Dependencies all met for dep_context=non-requeueable deps ti=<TaskInstance: fetch_market_data.check_market_open scheduled__2026-05-01T00:00:00+00:00 [queued]>
[2026-05-01T00:33:34.274+0000] {taskinstance.py:1956} INFO - Dependencies all met for dep_context=requeueable deps ti=<TaskInstance: fetch_market_data.check_market_open scheduled__2026-05-01T00:00:00+00:00 [queued]>
[2026-05-01T00:33:34.275+0000] {taskinstance.py:2170} INFO - Starting attempt 1 of 3
[2026-05-01T00:33:34.285+0000] {taskinstance.py:2191} INFO - Executing <Task(MarketOpenSensor): check_market_open> on 2026-05-01 00:00:00+00:00
[2026-05-01T00:33:34.291+0000] {standard_task_runner.py:60} INFO - Started process 645002 to run task
[2026-05-01T00:33:34.295+0000] {standard_task_runner.py:87} INFO - Running: ['airflow', 'tasks', 'run', 'fetch_market_data', 'check_market_open', 'scheduled__2026-05-01T00:00:00+00:00', '--job-id', '442', '--raw', '--subdir', 'DAGS_FOLDER/fetch_market_data.py', '--cfg-path', '/tmp/tmpraz7zs4d']
[2026-05-01T00:33:34.297+0000] {standard_task_runner.py:88} INFO - Job 442: Subtask check_market_open
[2026-05-01T00:33:34.373+0000] {task_command.py:423} INFO - Running <TaskInstance: fetch_market_data.check_market_open scheduled__2026-05-01T00:00:00+00:00 [running]> on host reddit-pipeline-vm
[2026-05-01T00:33:34.481+0000] {taskinstance.py:2480} INFO - Exporting env vars: AIRFLOW_CTX_DAG_OWNER='pipeline' AIRFLOW_CTX_DAG_ID='fetch_market_data' AIRFLOW_CTX_TASK_ID='check_market_open' AIRFLOW_CTX_EXECUTION_DATE='2026-05-01T00:00:00+00:00' AIRFLOW_CTX_TRY_NUMBER='1' AIRFLOW_CTX_DAG_RUN_ID='scheduled__2026-05-01T00:00:00+00:00'
[2026-05-01T00:33:34.499+0000] {sensors.py:45} INFO - Market open check at 2026-04-30 20:33 ET: False
[2026-05-01T00:33:34.525+0000] {taskinstance.py:2658} INFO - Rescheduling task, marking task as UP_FOR_RESCHEDULE
[2026-05-01T00:33:34.547+0000] {local_task_job_runner.py:234} INFO - Task exited with return code 0
[2026-05-01T00:33:34.588+0000] {taskinstance.py:3280} INFO - 0 downstream tasks scheduled from follow-on schedule check
[2026-05-01T00:34:35.543+0000] {taskinstance.py:1956} INFO - Dependencies all met for dep_context=non-requeueable deps ti=<TaskInstance: fetch_market_data.check_market_open scheduled__2026-05-01T00:00:00+00:00 [queued]>
[2026-05-01T00:34:35.551+0000] {taskinstance.py:1956} INFO - Dependencies all met for dep_context=requeueable deps ti=<TaskInstance: fetch_market_data.check_market_open scheduled__2026-05-01T00:00:00+00:00 [queued]>
[2026-05-01T00:34:35.551+0000] {taskinstance.py:2170} INFO - Starting attempt 1 of 3
[2026-05-01T00:34:35.561+0000] {taskinstance.py:2191} INFO - Executing <Task(MarketOpenSensor): check_market_open> on 2026-05-01 00:00:00+00:00
[2026-05-01T00:34:35.568+0000] {standard_task_runner.py:60} INFO - Started process 645070 to run task
[2026-05-01T00:34:35.572+0000] {standard_task_runner.py:87} INFO - Running: ['airflow', 'tasks', 'run', 'fetch_market_data', 'check_market_open', 'scheduled__2026-05-01T00:00:00+00:00', '--job-id', '443', '--raw', '--subdir', 'DAGS_FOLDER/fetch_market_data.py', '--cfg-path', '/tmp/tmpfsw97k_h']
[2026-05-01T00:34:35.574+0000] {standard_task_runner.py:88} INFO - Job 443: Subtask check_market_open
[2026-05-01T00:34:35.650+0000] {task_command.py:423} INFO - Running <TaskInstance: fetch_market_data.check_market_open scheduled__2026-05-01T00:00:00+00:00 [running]> on host reddit-pipeline-vm
[2026-05-01T00:34:35.761+0000] {taskinstance.py:2480} INFO - Exporting env vars: AIRFLOW_CTX_DAG_OWNER='pipeline' AIRFLOW_CTX_DAG_ID='fetch_market_data' AIRFLOW_CTX_TASK_ID='check_market_open' AIRFLOW_CTX_EXECUTION_DATE='2026-05-01T00:00:00+00:00' AIRFLOW_CTX_TRY_NUMBER='1' AIRFLOW_CTX_DAG_RUN_ID='scheduled__2026-05-01T00:00:00+00:00'
[2026-05-01T00:34:35.779+0000] {sensors.py:45} INFO - Market open check at 2026-04-30 20:34 ET: False
[2026-05-01T00:34:35.805+0000] {taskinstance.py:2658} INFO - Rescheduling task, marking task as UP_FOR_RESCHEDULE
[2026-05-01T00:34:35.825+0000] {local_task_job_runner.py:234} INFO - Task exited with return code 0
[2026-05-01T00:34:35.868+0000] {taskinstance.py:3280} INFO - 0 downstream tasks scheduled from follow-on schedule check
[2026-05-01T00:35:36.830+0000] {taskinstance.py:1956} INFO - Dependencies all met for dep_context=non-requeueable deps ti=<TaskInstance: fetch_market_data.check_market_open scheduled__2026-05-01T00:00:00+00:00 [queued]>
[2026-05-01T00:35:36.837+0000] {taskinstance.py:1956} INFO - Dependencies all met for dep_context=requeueable deps ti=<TaskInstance: fetch_market_data.check_market_open scheduled__2026-05-01T00:00:00+00:00 [queued]>
[2026-05-01T00:35:36.837+0000] {taskinstance.py:2170} INFO - Starting attempt 1 of 3
[2026-05-01T00:35:36.847+0000] {taskinstance.py:2191} INFO - Executing <Task(MarketOpenSensor): check_market_open> on 2026-05-01 00:00:00+00:00
[2026-05-01T00:35:36.854+0000] {standard_task_runner.py:60} INFO - Started process 645136 to run task
[2026-05-01T00:35:36.857+0000] {standard_task_runner.py:87} INFO - Running: ['airflow', 'tasks', 'run', 'fetch_market_data', 'check_market_open', 'scheduled__2026-05-01T00:00:00+00:00', '--job-id', '444', '--raw', '--subdir', 'DAGS_FOLDER/fetch_market_data.py', '--cfg-path', '/tmp/tmp431wd_x1']
[2026-05-01T00:35:36.859+0000] {standard_task_runner.py:88} INFO - Job 444: Subtask check_market_open
[2026-05-01T00:35:36.934+0000] {task_command.py:423} INFO - Running <TaskInstance: fetch_market_data.check_market_open scheduled__2026-05-01T00:00:00+00:00 [running]> on host reddit-pipeline-vm
[2026-05-01T00:35:37.045+0000] {taskinstance.py:2480} INFO - Exporting env vars: AIRFLOW_CTX_DAG_OWNER='pipeline' AIRFLOW_CTX_DAG_ID='fetch_market_data' AIRFLOW_CTX_TASK_ID='check_market_open' AIRFLOW_CTX_EXECUTION_DATE='2026-05-01T00:00:00+00:00' AIRFLOW_CTX_TRY_NUMBER='1' AIRFLOW_CTX_DAG_RUN_ID='scheduled__2026-05-01T00:00:00+00:00'
[2026-05-01T00:35:37.064+0000] {sensors.py:45} INFO - Market open check at 2026-04-30 20:35 ET: False
[2026-05-01T00:35:37.091+0000] {taskinstance.py:2658} INFO - Rescheduling task, marking task as UP_FOR_RESCHEDULE
[2026-05-01T00:35:37.111+0000] {local_task_job_runner.py:234} INFO - Task exited with return code 0
[2026-05-01T00:35:37.152+0000] {taskinstance.py:3280} INFO - 0 downstream tasks scheduled from follow-on schedule check
[2026-05-01T00:36:37.699+0000] {taskinstance.py:1956} INFO - Dependencies all met for dep_context=non-requeueable deps ti=<TaskInstance: fetch_market_data.check_market_open scheduled__2026-05-01T00:00:00+00:00 [queued]>
[2026-05-01T00:36:37.707+0000] {taskinstance.py:1956} INFO - Dependencies all met for dep_context=requeueable deps ti=<TaskInstance: fetch_market_data.check_market_open scheduled__2026-05-01T00:00:00+00:00 [queued]>
[2026-05-01T00:36:37.707+0000] {taskinstance.py:2170} INFO - Starting attempt 1 of 3
[2026-05-01T00:36:37.717+0000] {taskinstance.py:2191} INFO - Executing <Task(MarketOpenSensor): check_market_open> on 2026-05-01 00:00:00+00:00
[2026-05-01T00:36:37.723+0000] {standard_task_runner.py:60} INFO - Started process 645211 to run task
[2026-05-01T00:36:37.727+0000] {standard_task_runner.py:87} INFO - Running: ['airflow', 'tasks', 'run', 'fetch_market_data', 'check_market_open', 'scheduled__2026-05-01T00:00:00+00:00', '--job-id', '445', '--raw', '--subdir', 'DAGS_FOLDER/fetch_market_data.py', '--cfg-path', '/tmp/tmpd4ocr3hk']
[2026-05-01T00:36:37.729+0000] {standard_task_runner.py:88} INFO - Job 445: Subtask check_market_open
[2026-05-01T00:36:37.805+0000] {task_command.py:423} INFO - Running <TaskInstance: fetch_market_data.check_market_open scheduled__2026-05-01T00:00:00+00:00 [running]> on host reddit-pipeline-vm
[2026-05-01T00:36:37.912+0000] {taskinstance.py:2480} INFO - Exporting env vars: AIRFLOW_CTX_DAG_OWNER='pipeline' AIRFLOW_CTX_DAG_ID='fetch_market_data' AIRFLOW_CTX_TASK_ID='check_market_open' AIRFLOW_CTX_EXECUTION_DATE='2026-05-01T00:00:00+00:00' AIRFLOW_CTX_TRY_NUMBER='1' AIRFLOW_CTX_DAG_RUN_ID='scheduled__2026-05-01T00:00:00+00:00'
[2026-05-01T00:36:37.930+0000] {sensors.py:45} INFO - Market open check at 2026-04-30 20:36 ET: False
[2026-05-01T00:36:37.931+0000] {taskinstance.py:2698} ERROR - Task failed with exception
Traceback (most recent call last):
  File "/home/ubuntu/github_repo/Stock-Market-Intelligence-Pipeline/venv/lib/python3.11/site-packages/airflow/models/taskinstance.py", line 433, in _execute_task
    result = execute_callable(context=context, **execute_callable_kwargs)
             ^^^^^^^^^^^^^^^^^^^^^^^^^^^^^^^^^^^^^^^^^^^^^^^^^^^^^^^^^^^^
  File "/home/ubuntu/github_repo/Stock-Market-Intelligence-Pipeline/venv/lib/python3.11/site-packages/airflow/sensors/base.py", line 282, in execute
    raise AirflowSensorTimeout(message)
airflow.exceptions.AirflowSensorTimeout: Sensor has timed out; run duration of 921.859405 seconds exceeds the specified timeout of 900.0.
[2026-05-01T00:36:37.948+0000] {taskinstance.py:1138} INFO - Immediate failure requested. Marking task as FAILED. dag_id=fetch_market_data, task_id=check_market_open, execution_date=20260501T000000, start_date=20260501T003637, end_date=20260501T003637
[2026-05-01T00:36:37.957+0000] {standard_task_runner.py:107} ERROR - Failed to execute job 445 for task check_market_open (Sensor has timed out; run duration of 921.859405 seconds exceeds the specified timeout of 900.0.; 645211)
[2026-05-01T00:36:37.979+0000] {local_task_job_runner.py:234} INFO - Task exited with return code 1
[2026-05-01T00:36:38.028+0000] {taskinstance.py:3280} INFO - 0 downstream tasks scheduled from follow-on schedule check
