[2026-05-04T22:00:10.434+0000] {taskinstance.py:1956} INFO - Dependencies all met for dep_context=non-requeueable deps ti=<TaskInstance: fetch_market_data.check_market_open scheduled__2026-05-04T21:00:00+00:00 [queued]>
[2026-05-04T22:00:10.443+0000] {taskinstance.py:1956} INFO - Dependencies all met for dep_context=requeueable deps ti=<TaskInstance: fetch_market_data.check_market_open scheduled__2026-05-04T21:00:00+00:00 [queued]>
[2026-05-04T22:00:10.443+0000] {taskinstance.py:2170} INFO - Starting attempt 1 of 3
[2026-05-04T22:00:10.456+0000] {taskinstance.py:2191} INFO - Executing <Task(MarketOpenSensor): check_market_open> on 2026-05-04 21:00:00+00:00
[2026-05-04T22:00:10.463+0000] {standard_task_runner.py:60} INFO - Started process 943801 to run task
[2026-05-04T22:00:10.467+0000] {standard_task_runner.py:87} INFO - Running: ['airflow', 'tasks', 'run', 'fetch_market_data', 'check_market_open', 'scheduled__2026-05-04T21:00:00+00:00', '--job-id', '1209', '--raw', '--subdir', 'DAGS_FOLDER/fetch_market_data.py', '--cfg-path', '/tmp/tmp0ac1fuv7']
[2026-05-04T22:00:10.469+0000] {standard_task_runner.py:88} INFO - Job 1209: Subtask check_market_open
[2026-05-04T22:00:10.549+0000] {task_command.py:423} INFO - Running <TaskInstance: fetch_market_data.check_market_open scheduled__2026-05-04T21:00:00+00:00 [running]> on host reddit-pipeline-vm
[2026-05-04T22:00:10.670+0000] {taskinstance.py:2480} INFO - Exporting env vars: AIRFLOW_CTX_DAG_OWNER='pipeline' AIRFLOW_CTX_DAG_ID='fetch_market_data' AIRFLOW_CTX_TASK_ID='check_market_open' AIRFLOW_CTX_EXECUTION_DATE='2026-05-04T21:00:00+00:00' AIRFLOW_CTX_TRY_NUMBER='1' AIRFLOW_CTX_DAG_RUN_ID='scheduled__2026-05-04T21:00:00+00:00'
[2026-05-04T22:00:10.688+0000] {sensors.py:45} INFO - Market open check at 2026-05-04 18:00 ET: False
[2026-05-04T22:00:10.715+0000] {taskinstance.py:2658} INFO - Rescheduling task, marking task as UP_FOR_RESCHEDULE
[2026-05-04T22:00:10.760+0000] {local_task_job_runner.py:234} INFO - Task exited with return code 0
[2026-05-04T22:00:10.801+0000] {taskinstance.py:3280} INFO - 0 downstream tasks scheduled from follow-on schedule check
[2026-05-04T22:15:11.416+0000] {taskinstance.py:1956} INFO - Dependencies all met for dep_context=non-requeueable deps ti=<TaskInstance: fetch_market_data.check_market_open scheduled__2026-05-04T21:00:00+00:00 [queued]>
[2026-05-04T22:15:11.424+0000] {taskinstance.py:1956} INFO - Dependencies all met for dep_context=requeueable deps ti=<TaskInstance: fetch_market_data.check_market_open scheduled__2026-05-04T21:00:00+00:00 [queued]>
[2026-05-04T22:15:11.424+0000] {taskinstance.py:2170} INFO - Starting attempt 1 of 3
[2026-05-04T22:15:11.435+0000] {taskinstance.py:2191} INFO - Executing <Task(MarketOpenSensor): check_market_open> on 2026-05-04 21:00:00+00:00
[2026-05-04T22:15:11.441+0000] {standard_task_runner.py:60} INFO - Started process 944575 to run task
[2026-05-04T22:15:11.444+0000] {standard_task_runner.py:87} INFO - Running: ['airflow', 'tasks', 'run', 'fetch_market_data', 'check_market_open', 'scheduled__2026-05-04T21:00:00+00:00', '--job-id', '1210', '--raw', '--subdir', 'DAGS_FOLDER/fetch_market_data.py', '--cfg-path', '/tmp/tmpjtqhop91']
[2026-05-04T22:15:11.446+0000] {standard_task_runner.py:88} INFO - Job 1210: Subtask check_market_open
[2026-05-04T22:15:11.527+0000] {task_command.py:423} INFO - Running <TaskInstance: fetch_market_data.check_market_open scheduled__2026-05-04T21:00:00+00:00 [running]> on host reddit-pipeline-vm
[2026-05-04T22:15:11.639+0000] {taskinstance.py:2480} INFO - Exporting env vars: AIRFLOW_CTX_DAG_OWNER='pipeline' AIRFLOW_CTX_DAG_ID='fetch_market_data' AIRFLOW_CTX_TASK_ID='check_market_open' AIRFLOW_CTX_EXECUTION_DATE='2026-05-04T21:00:00+00:00' AIRFLOW_CTX_TRY_NUMBER='1' AIRFLOW_CTX_DAG_RUN_ID='scheduled__2026-05-04T21:00:00+00:00'
[2026-05-04T22:15:11.657+0000] {sensors.py:45} INFO - Market open check at 2026-05-04 18:15 ET: False
[2026-05-04T22:15:11.685+0000] {taskinstance.py:2658} INFO - Rescheduling task, marking task as UP_FOR_RESCHEDULE
[2026-05-04T22:15:11.699+0000] {local_task_job_runner.py:234} INFO - Task exited with return code 0
[2026-05-04T22:15:11.740+0000] {taskinstance.py:3280} INFO - 0 downstream tasks scheduled from follow-on schedule check
[2026-05-04T22:30:12.553+0000] {taskinstance.py:1956} INFO - Dependencies all met for dep_context=non-requeueable deps ti=<TaskInstance: fetch_market_data.check_market_open scheduled__2026-05-04T21:00:00+00:00 [queued]>
[2026-05-04T22:30:12.561+0000] {taskinstance.py:1956} INFO - Dependencies all met for dep_context=requeueable deps ti=<TaskInstance: fetch_market_data.check_market_open scheduled__2026-05-04T21:00:00+00:00 [queued]>
[2026-05-04T22:30:12.561+0000] {taskinstance.py:2170} INFO - Starting attempt 1 of 3
[2026-05-04T22:30:12.571+0000] {taskinstance.py:2191} INFO - Executing <Task(MarketOpenSensor): check_market_open> on 2026-05-04 21:00:00+00:00
[2026-05-04T22:30:12.577+0000] {standard_task_runner.py:60} INFO - Started process 945357 to run task
[2026-05-04T22:30:12.580+0000] {standard_task_runner.py:87} INFO - Running: ['airflow', 'tasks', 'run', 'fetch_market_data', 'check_market_open', 'scheduled__2026-05-04T21:00:00+00:00', '--job-id', '1211', '--raw', '--subdir', 'DAGS_FOLDER/fetch_market_data.py', '--cfg-path', '/tmp/tmp0z_djrgy']
[2026-05-04T22:30:12.582+0000] {standard_task_runner.py:88} INFO - Job 1211: Subtask check_market_open
[2026-05-04T22:30:12.658+0000] {task_command.py:423} INFO - Running <TaskInstance: fetch_market_data.check_market_open scheduled__2026-05-04T21:00:00+00:00 [running]> on host reddit-pipeline-vm
[2026-05-04T22:30:12.768+0000] {taskinstance.py:2480} INFO - Exporting env vars: AIRFLOW_CTX_DAG_OWNER='pipeline' AIRFLOW_CTX_DAG_ID='fetch_market_data' AIRFLOW_CTX_TASK_ID='check_market_open' AIRFLOW_CTX_EXECUTION_DATE='2026-05-04T21:00:00+00:00' AIRFLOW_CTX_TRY_NUMBER='1' AIRFLOW_CTX_DAG_RUN_ID='scheduled__2026-05-04T21:00:00+00:00'
[2026-05-04T22:30:12.786+0000] {sensors.py:45} INFO - Market open check at 2026-05-04 18:30 ET: False
[2026-05-04T22:30:12.812+0000] {taskinstance.py:2658} INFO - Rescheduling task, marking task as UP_FOR_RESCHEDULE
[2026-05-04T22:30:12.833+0000] {local_task_job_runner.py:234} INFO - Task exited with return code 0
[2026-05-04T22:30:12.874+0000] {taskinstance.py:3280} INFO - 0 downstream tasks scheduled from follow-on schedule check
[2026-05-04T22:45:13.450+0000] {taskinstance.py:1956} INFO - Dependencies all met for dep_context=non-requeueable deps ti=<TaskInstance: fetch_market_data.check_market_open scheduled__2026-05-04T21:00:00+00:00 [queued]>
[2026-05-04T22:45:13.458+0000] {taskinstance.py:1956} INFO - Dependencies all met for dep_context=requeueable deps ti=<TaskInstance: fetch_market_data.check_market_open scheduled__2026-05-04T21:00:00+00:00 [queued]>
[2026-05-04T22:45:13.458+0000] {taskinstance.py:2170} INFO - Starting attempt 1 of 3
[2026-05-04T22:45:13.468+0000] {taskinstance.py:2191} INFO - Executing <Task(MarketOpenSensor): check_market_open> on 2026-05-04 21:00:00+00:00
[2026-05-04T22:45:13.474+0000] {standard_task_runner.py:60} INFO - Started process 946100 to run task
[2026-05-04T22:45:13.477+0000] {standard_task_runner.py:87} INFO - Running: ['airflow', 'tasks', 'run', 'fetch_market_data', 'check_market_open', 'scheduled__2026-05-04T21:00:00+00:00', '--job-id', '1212', '--raw', '--subdir', 'DAGS_FOLDER/fetch_market_data.py', '--cfg-path', '/tmp/tmpq_ajegke']
[2026-05-04T22:45:13.479+0000] {standard_task_runner.py:88} INFO - Job 1212: Subtask check_market_open
[2026-05-04T22:45:13.554+0000] {task_command.py:423} INFO - Running <TaskInstance: fetch_market_data.check_market_open scheduled__2026-05-04T21:00:00+00:00 [running]> on host reddit-pipeline-vm
[2026-05-04T22:45:13.664+0000] {taskinstance.py:2480} INFO - Exporting env vars: AIRFLOW_CTX_DAG_OWNER='pipeline' AIRFLOW_CTX_DAG_ID='fetch_market_data' AIRFLOW_CTX_TASK_ID='check_market_open' AIRFLOW_CTX_EXECUTION_DATE='2026-05-04T21:00:00+00:00' AIRFLOW_CTX_TRY_NUMBER='1' AIRFLOW_CTX_DAG_RUN_ID='scheduled__2026-05-04T21:00:00+00:00'
[2026-05-04T22:45:13.683+0000] {sensors.py:45} INFO - Market open check at 2026-05-04 18:45 ET: False
[2026-05-04T22:45:13.710+0000] {taskinstance.py:2658} INFO - Rescheduling task, marking task as UP_FOR_RESCHEDULE
[2026-05-04T22:45:13.731+0000] {local_task_job_runner.py:234} INFO - Task exited with return code 0
[2026-05-04T22:45:13.772+0000] {taskinstance.py:3280} INFO - 0 downstream tasks scheduled from follow-on schedule check
[2026-05-04T23:00:14.344+0000] {taskinstance.py:1956} INFO - Dependencies all met for dep_context=non-requeueable deps ti=<TaskInstance: fetch_market_data.check_market_open scheduled__2026-05-04T21:00:00+00:00 [queued]>
[2026-05-04T23:00:14.352+0000] {taskinstance.py:1956} INFO - Dependencies all met for dep_context=requeueable deps ti=<TaskInstance: fetch_market_data.check_market_open scheduled__2026-05-04T21:00:00+00:00 [queued]>
[2026-05-04T23:00:14.352+0000] {taskinstance.py:2170} INFO - Starting attempt 1 of 3
[2026-05-04T23:00:14.362+0000] {taskinstance.py:2191} INFO - Executing <Task(MarketOpenSensor): check_market_open> on 2026-05-04 21:00:00+00:00
[2026-05-04T23:00:14.368+0000] {standard_task_runner.py:60} INFO - Started process 946838 to run task
[2026-05-04T23:00:14.372+0000] {standard_task_runner.py:87} INFO - Running: ['airflow', 'tasks', 'run', 'fetch_market_data', 'check_market_open', 'scheduled__2026-05-04T21:00:00+00:00', '--job-id', '1213', '--raw', '--subdir', 'DAGS_FOLDER/fetch_market_data.py', '--cfg-path', '/tmp/tmpzkkscg83']
[2026-05-04T23:00:14.373+0000] {standard_task_runner.py:88} INFO - Job 1213: Subtask check_market_open
[2026-05-04T23:00:14.448+0000] {task_command.py:423} INFO - Running <TaskInstance: fetch_market_data.check_market_open scheduled__2026-05-04T21:00:00+00:00 [running]> on host reddit-pipeline-vm
[2026-05-04T23:00:14.556+0000] {taskinstance.py:2480} INFO - Exporting env vars: AIRFLOW_CTX_DAG_OWNER='pipeline' AIRFLOW_CTX_DAG_ID='fetch_market_data' AIRFLOW_CTX_TASK_ID='check_market_open' AIRFLOW_CTX_EXECUTION_DATE='2026-05-04T21:00:00+00:00' AIRFLOW_CTX_TRY_NUMBER='1' AIRFLOW_CTX_DAG_RUN_ID='scheduled__2026-05-04T21:00:00+00:00'
[2026-05-04T23:00:14.574+0000] {sensors.py:45} INFO - Market open check at 2026-05-04 19:00 ET: False
[2026-05-04T23:00:14.574+0000] {taskinstance.py:2360} INFO - Sensor has timed out; run duration of 3603.989209 seconds exceeds the specified timeout of 3600.0.
[2026-05-04T23:00:14.591+0000] {taskinstance.py:1138} INFO - Marking task as SKIPPED. dag_id=fetch_market_data, task_id=check_market_open, execution_date=20260504T210000, start_date=20260504T230014, end_date=20260504T230014
[2026-05-04T23:00:14.624+0000] {local_task_job_runner.py:234} INFO - Task exited with return code 0
[2026-05-04T23:00:14.675+0000] {taskinstance.py:3280} INFO - 0 downstream tasks scheduled from follow-on schedule check
