[2026-05-07T17:00:18.929+0000] {taskinstance.py:1956} INFO - Dependencies all met for dep_context=non-requeueable deps ti=<TaskInstance: run_dbt_models.dbt_run manual__2026-05-07T17:00:18.387213+00:00 [queued]>
[2026-05-07T17:00:18.936+0000] {taskinstance.py:1956} INFO - Dependencies all met for dep_context=requeueable deps ti=<TaskInstance: run_dbt_models.dbt_run manual__2026-05-07T17:00:18.387213+00:00 [queued]>
[2026-05-07T17:00:18.936+0000] {taskinstance.py:2170} INFO - Starting attempt 1 of 2
[2026-05-07T17:00:18.946+0000] {taskinstance.py:2191} INFO - Executing <Task(BashOperator): dbt_run> on 2026-05-07 17:00:18.387213+00:00
[2026-05-07T17:00:18.953+0000] {standard_task_runner.py:60} INFO - Started process 1136899 to run task
[2026-05-07T17:00:18.954+0000] {standard_task_runner.py:87} INFO - Running: ['airflow', 'tasks', 'run', 'run_dbt_models', 'dbt_run', 'manual__2026-05-07T17:00:18.387213+00:00', '--job-id', '1558', '--raw', '--subdir', 'DAGS_FOLDER/run_dbt_models.py', '--cfg-path', '/tmp/tmpjoy8dsst']
[2026-05-07T17:00:18.956+0000] {standard_task_runner.py:88} INFO - Job 1558: Subtask dbt_run
[2026-05-07T17:00:19.020+0000] {task_command.py:423} INFO - Running <TaskInstance: run_dbt_models.dbt_run manual__2026-05-07T17:00:18.387213+00:00 [running]> on host reddit-pipeline-vm
[2026-05-07T17:00:19.120+0000] {taskinstance.py:2480} INFO - Exporting env vars: AIRFLOW_CTX_DAG_OWNER='pipeline' AIRFLOW_CTX_DAG_ID='run_dbt_models' AIRFLOW_CTX_TASK_ID='dbt_run' AIRFLOW_CTX_EXECUTION_DATE='2026-05-07T17:00:18.387213+00:00' AIRFLOW_CTX_TRY_NUMBER='1' AIRFLOW_CTX_DAG_RUN_ID='manual__2026-05-07T17:00:18.387213+00:00'
[2026-05-07T17:00:19.121+0000] {subprocess.py:63} INFO - Tmp dir root location: /tmp
[2026-05-07T17:00:19.122+0000] {subprocess.py:75} INFO - Running command: ['/usr/bin/bash', '-c', 'cd /home/ubuntu/github_repo/Stock-Market-Intelligence-Pipeline/dbt_project && /home/ubuntu/github_repo/Stock-Market-Intelligence-Pipeline/venv/bin/dbt run --profiles-dir /home/ubuntu/github_repo/Stock-Market-Intelligence-Pipeline/dbt_project']
[2026-05-07T17:00:19.131+0000] {subprocess.py:86} INFO - Output:
[2026-05-07T17:00:21.180+0000] {subprocess.py:93} INFO - [0m17:00:21  Running with dbt=1.7.0
[2026-05-07T17:00:21.422+0000] {subprocess.py:93} INFO - [0m17:00:21  Registered adapter: postgres=1.7.0
[2026-05-07T17:00:21.467+0000] {subprocess.py:93} INFO - [0m17:00:21  Found 5 models, 8 tests, 0 sources, 0 exposures, 0 metrics, 401 macros, 0 groups, 0 semantic models
[2026-05-07T17:00:21.470+0000] {subprocess.py:93} INFO - [0m17:00:21
[2026-05-07T17:00:21.577+0000] {subprocess.py:93} INFO - [0m17:00:21  Concurrency: 2 threads (target='dev')
[2026-05-07T17:00:21.577+0000] {subprocess.py:93} INFO - [0m17:00:21
[2026-05-07T17:00:21.579+0000] {subprocess.py:93} INFO - [0m17:00:21  1 of 5 START sql view model public_staging.stg_prices .......................... [RUN]
[2026-05-07T17:00:21.685+0000] {subprocess.py:93} INFO - [0m17:00:21  1 of 5 OK created sql view model public_staging.stg_prices ..................... [[32mCREATE VIEW[0m in 0.10s]
[2026-05-07T17:00:21.687+0000] {subprocess.py:93} INFO - [0m17:00:21  2 of 5 START sql view model public_staging.int_price_with_returns .............. [RUN]
[2026-05-07T17:00:21.734+0000] {subprocess.py:93} INFO - [0m17:00:21  2 of 5 OK created sql view model public_staging.int_price_with_returns ......... [[32mCREATE VIEW[0m in 0.05s]
[2026-05-07T17:00:21.735+0000] {subprocess.py:93} INFO - [0m17:00:21  3 of 5 START sql table model public.fact_prices ................................ [RUN]
[2026-05-07T17:00:21.822+0000] {subprocess.py:93} INFO - [0m17:00:21  3 of 5 OK created sql table model public.fact_prices ........................... [[32mSELECT 3780[0m in 0.09s]
[2026-05-07T17:00:21.825+0000] {subprocess.py:93} INFO - [0m17:00:21  4 of 5 START sql table model public.fact_indicators ............................ [RUN]
[2026-05-07T17:00:22.011+0000] {subprocess.py:93} INFO - [0m17:00:22  4 of 5 OK created sql table model public.fact_indicators ....................... [[32mSELECT 3780[0m in 0.18s]
[2026-05-07T17:00:22.013+0000] {subprocess.py:93} INFO - [0m17:00:22  5 of 5 START sql table model public.fact_alerts ................................ [RUN]
[2026-05-07T17:00:22.087+0000] {subprocess.py:93} INFO - [0m17:00:22  5 of 5 OK created sql table model public.fact_alerts ........................... [[32mSELECT 2165[0m in 0.07s]
[2026-05-07T17:00:22.105+0000] {subprocess.py:93} INFO - [0m17:00:22
[2026-05-07T17:00:22.105+0000] {subprocess.py:93} INFO - [0m17:00:22  Finished running 2 view models, 3 table models in 0 hours 0 minutes and 0.63 seconds (0.63s).
[2026-05-07T17:00:22.117+0000] {subprocess.py:93} INFO - [0m17:00:22
[2026-05-07T17:00:22.117+0000] {subprocess.py:93} INFO - [0m17:00:22  [32mCompleted successfully[0m
[2026-05-07T17:00:22.118+0000] {subprocess.py:93} INFO - [0m17:00:22
[2026-05-07T17:00:22.118+0000] {subprocess.py:93} INFO - [0m17:00:22  Done. PASS=5 WARN=0 ERROR=0 SKIP=0 TOTAL=5
[2026-05-07T17:00:23.659+0000] {subprocess.py:97} INFO - Command exited with return code 0
[2026-05-07T17:00:23.698+0000] {taskinstance.py:1138} INFO - Marking task as SUCCESS. dag_id=run_dbt_models, task_id=dbt_run, execution_date=20260507T170018, start_date=20260507T170018, end_date=20260507T170023
[2026-05-07T17:00:23.752+0000] {local_task_job_runner.py:234} INFO - Task exited with return code 0
[2026-05-07T17:00:23.780+0000] {taskinstance.py:3280} INFO - 1 downstream tasks scheduled from follow-on schedule check
