[2026-05-06T18:48:29.277+0000] {taskinstance.py:1956} INFO - Dependencies all met for dep_context=non-requeueable deps ti=<TaskInstance: monthly_maintenance.create_next_partition manual__2026-05-06T18:48:25.564165+00:00 [queued]>
[2026-05-06T18:48:29.284+0000] {taskinstance.py:1956} INFO - Dependencies all met for dep_context=requeueable deps ti=<TaskInstance: monthly_maintenance.create_next_partition manual__2026-05-06T18:48:25.564165+00:00 [queued]>
[2026-05-06T18:48:29.284+0000] {taskinstance.py:2170} INFO - Starting attempt 1 of 1
[2026-05-06T18:48:29.294+0000] {taskinstance.py:2191} INFO - Executing <Task(PostgresOperator): create_next_partition> on 2026-05-06 18:48:25.564165+00:00
[2026-05-06T18:48:29.299+0000] {standard_task_runner.py:60} INFO - Started process 1044946 to run task
[2026-05-06T18:48:29.302+0000] {standard_task_runner.py:87} INFO - Running: ['airflow', 'tasks', 'run', 'monthly_maintenance', 'create_next_partition', 'manual__2026-05-06T18:48:25.564165+00:00', '--job-id', '1376', '--raw', '--subdir', 'DAGS_FOLDER/monthly_maintenance.py', '--cfg-path', '/tmp/tmpp6ls7863']
[2026-05-06T18:48:29.304+0000] {standard_task_runner.py:88} INFO - Job 1376: Subtask create_next_partition
[2026-05-06T18:48:29.377+0000] {task_command.py:423} INFO - Running <TaskInstance: monthly_maintenance.create_next_partition manual__2026-05-06T18:48:25.564165+00:00 [running]> on host reddit-pipeline-vm
[2026-05-06T18:48:29.478+0000] {taskinstance.py:2480} INFO - Exporting env vars: AIRFLOW_CTX_DAG_OWNER='airflow' AIRFLOW_CTX_DAG_ID='monthly_maintenance' AIRFLOW_CTX_TASK_ID='create_next_partition' AIRFLOW_CTX_EXECUTION_DATE='2026-05-06T18:48:25.564165+00:00' AIRFLOW_CTX_TRY_NUMBER='1' AIRFLOW_CTX_DAG_RUN_ID='manual__2026-05-06T18:48:25.564165+00:00'
[2026-05-06T18:48:29.478+0000] {sql.py:276} INFO - Executing: 
            DO $$
            DECLARE
                next_month DATE := DATE_TRUNC('month', NOW() + INTERVAL '1 month')::DATE;
                month_end  DATE := (next_month + INTERVAL '1 month')::DATE;
                tbl_name   TEXT := 'fact_prices_' || TO_CHAR(next_month, 'YYYY_MM');
            BEGIN
                IF NOT EXISTS (SELECT 1 FROM pg_tables WHERE tablename = tbl_name) THEN
                    EXECUTE FORMAT(
                        'CREATE TABLE %I PARTITION OF fact_prices FOR VALUES FROM (%L) TO (%L)',
                        tbl_name, next_month, month_end
                    );
                END IF;
            END $$;
        
[2026-05-06T18:48:29.495+0000] {base.py:83} INFO - Using connection ID 'market_db' for task execution.
[2026-05-06T18:48:29.512+0000] {taskinstance.py:2698} ERROR - Task failed with exception
Traceback (most recent call last):
  File "/home/ubuntu/github_repo/Stock-Market-Intelligence-Pipeline/venv/lib/python3.11/site-packages/airflow/models/taskinstance.py", line 433, in _execute_task
    result = execute_callable(context=context, **execute_callable_kwargs)
             ^^^^^^^^^^^^^^^^^^^^^^^^^^^^^^^^^^^^^^^^^^^^^^^^^^^^^^^^^^^^
  File "/home/ubuntu/github_repo/Stock-Market-Intelligence-Pipeline/venv/lib/python3.11/site-packages/airflow/providers/common/sql/operators/sql.py", line 277, in execute
    hook = self.get_db_hook()
           ^^^^^^^^^^^^^^^^^^
  File "/home/ubuntu/github_repo/Stock-Market-Intelligence-Pipeline/venv/lib/python3.11/site-packages/airflow/providers/common/sql/operators/sql.py", line 188, in get_db_hook
    return self._hook
           ^^^^^^^^^^
  File "/usr/lib/python3.11/functools.py", line 1001, in __get__
    val = self.func(instance)
          ^^^^^^^^^^^^^^^^^^^
  File "/home/ubuntu/github_repo/Stock-Market-Intelligence-Pipeline/venv/lib/python3.11/site-packages/airflow/providers/common/sql/operators/sql.py", line 151, in _hook
    hook = conn.get_hook(hook_params=self.hook_params)
           ^^^^^^^^^^^^^^^^^^^^^^^^^^^^^^^^^^^^^^^^^^^
  File "/home/ubuntu/github_repo/Stock-Market-Intelligence-Pipeline/venv/lib/python3.11/site-packages/airflow/models/connection.py", line 363, in get_hook
    raise AirflowException(f'Unknown hook type "{self.conn_type}"')
airflow.exceptions.AirflowException: Unknown hook type "postgres"
[2026-05-06T18:48:29.515+0000] {taskinstance.py:1138} INFO - Marking task as FAILED. dag_id=monthly_maintenance, task_id=create_next_partition, execution_date=20260506T184825, start_date=20260506T184829, end_date=20260506T184829
[2026-05-06T18:48:29.524+0000] {standard_task_runner.py:107} ERROR - Failed to execute job 1376 for task create_next_partition (Unknown hook type "postgres"; 1044946)
[2026-05-06T18:48:29.555+0000] {local_task_job_runner.py:234} INFO - Task exited with return code 1
[2026-05-06T18:48:29.583+0000] {taskinstance.py:3280} INFO - 0 downstream tasks scheduled from follow-on schedule check
