[2026-05-05T07:01:25.815+0000] {taskinstance.py:1956} INFO - Dependencies all met for dep_context=non-requeueable deps ti=<TaskInstance: fetch_market_data.check_market_open scheduled__2026-05-05T06:00:00+00:00 [queued]>
[2026-05-05T07:01:25.823+0000] {taskinstance.py:1956} INFO - Dependencies all met for dep_context=requeueable deps ti=<TaskInstance: fetch_market_data.check_market_open scheduled__2026-05-05T06:00:00+00:00 [queued]>
[2026-05-05T07:01:25.824+0000] {taskinstance.py:2170} INFO - Starting attempt 1 of 3
[2026-05-05T07:01:25.840+0000] {taskinstance.py:2191} INFO - Executing <Task(MarketOpenSensor): check_market_open> on 2026-05-05 06:00:00+00:00
[2026-05-05T07:01:25.848+0000] {standard_task_runner.py:60} INFO - Started process 971209 to run task
[2026-05-05T07:01:25.851+0000] {standard_task_runner.py:87} INFO - Running: ['airflow', 'tasks', 'run', 'fetch_market_data', 'check_market_open', 'scheduled__2026-05-05T06:00:00+00:00', '--job-id', '1254', '--raw', '--subdir', 'DAGS_FOLDER/fetch_market_data.py', '--cfg-path', '/tmp/tmpga4a2iz3']
[2026-05-05T07:01:25.854+0000] {standard_task_runner.py:88} INFO - Job 1254: Subtask check_market_open
[2026-05-05T07:01:25.941+0000] {task_command.py:423} INFO - Running <TaskInstance: fetch_market_data.check_market_open scheduled__2026-05-05T06:00:00+00:00 [running]> on host reddit-pipeline-vm
[2026-05-05T07:01:26.072+0000] {taskinstance.py:2480} INFO - Exporting env vars: AIRFLOW_CTX_DAG_OWNER='pipeline' AIRFLOW_CTX_DAG_ID='fetch_market_data' AIRFLOW_CTX_TASK_ID='check_market_open' AIRFLOW_CTX_EXECUTION_DATE='2026-05-05T06:00:00+00:00' AIRFLOW_CTX_TRY_NUMBER='1' AIRFLOW_CTX_DAG_RUN_ID='scheduled__2026-05-05T06:00:00+00:00'
[2026-05-05T07:01:26.092+0000] {sensors.py:45} INFO - Market open check at 2026-05-05 03:01 ET: False
[2026-05-05T07:01:26.124+0000] {taskinstance.py:2658} INFO - Rescheduling task, marking task as UP_FOR_RESCHEDULE
[2026-05-05T07:01:26.146+0000] {local_task_job_runner.py:234} INFO - Task exited with return code 0
[2026-05-05T07:01:26.193+0000] {taskinstance.py:3280} INFO - 0 downstream tasks scheduled from follow-on schedule check
[2026-05-05T07:16:27.041+0000] {taskinstance.py:1956} INFO - Dependencies all met for dep_context=non-requeueable deps ti=<TaskInstance: fetch_market_data.check_market_open scheduled__2026-05-05T06:00:00+00:00 [queued]>
[2026-05-05T07:16:27.051+0000] {taskinstance.py:1956} INFO - Dependencies all met for dep_context=requeueable deps ti=<TaskInstance: fetch_market_data.check_market_open scheduled__2026-05-05T06:00:00+00:00 [queued]>
[2026-05-05T07:16:27.052+0000] {taskinstance.py:2170} INFO - Starting attempt 1 of 3
[2026-05-05T07:16:27.064+0000] {taskinstance.py:2191} INFO - Executing <Task(MarketOpenSensor): check_market_open> on 2026-05-05 06:00:00+00:00
[2026-05-05T07:16:27.071+0000] {standard_task_runner.py:60} INFO - Started process 971944 to run task
[2026-05-05T07:16:27.075+0000] {standard_task_runner.py:87} INFO - Running: ['airflow', 'tasks', 'run', 'fetch_market_data', 'check_market_open', 'scheduled__2026-05-05T06:00:00+00:00', '--job-id', '1255', '--raw', '--subdir', 'DAGS_FOLDER/fetch_market_data.py', '--cfg-path', '/tmp/tmpgc_5pvah']
[2026-05-05T07:16:27.077+0000] {standard_task_runner.py:88} INFO - Job 1255: Subtask check_market_open
[2026-05-05T07:16:27.164+0000] {task_command.py:423} INFO - Running <TaskInstance: fetch_market_data.check_market_open scheduled__2026-05-05T06:00:00+00:00 [running]> on host reddit-pipeline-vm
[2026-05-05T07:16:27.292+0000] {taskinstance.py:2480} INFO - Exporting env vars: AIRFLOW_CTX_DAG_OWNER='pipeline' AIRFLOW_CTX_DAG_ID='fetch_market_data' AIRFLOW_CTX_TASK_ID='check_market_open' AIRFLOW_CTX_EXECUTION_DATE='2026-05-05T06:00:00+00:00' AIRFLOW_CTX_TRY_NUMBER='1' AIRFLOW_CTX_DAG_RUN_ID='scheduled__2026-05-05T06:00:00+00:00'
[2026-05-05T07:16:27.313+0000] {sensors.py:45} INFO - Market open check at 2026-05-05 03:16 ET: False
[2026-05-05T07:16:27.345+0000] {taskinstance.py:2658} INFO - Rescheduling task, marking task as UP_FOR_RESCHEDULE
[2026-05-05T07:16:27.368+0000] {local_task_job_runner.py:234} INFO - Task exited with return code 0
[2026-05-05T07:16:27.414+0000] {taskinstance.py:3280} INFO - 0 downstream tasks scheduled from follow-on schedule check
[2026-05-05T07:31:28.268+0000] {taskinstance.py:1956} INFO - Dependencies all met for dep_context=non-requeueable deps ti=<TaskInstance: fetch_market_data.check_market_open scheduled__2026-05-05T06:00:00+00:00 [queued]>
[2026-05-05T07:31:28.275+0000] {taskinstance.py:1956} INFO - Dependencies all met for dep_context=requeueable deps ti=<TaskInstance: fetch_market_data.check_market_open scheduled__2026-05-05T06:00:00+00:00 [queued]>
[2026-05-05T07:31:28.275+0000] {taskinstance.py:2170} INFO - Starting attempt 1 of 3
[2026-05-05T07:31:28.287+0000] {taskinstance.py:2191} INFO - Executing <Task(MarketOpenSensor): check_market_open> on 2026-05-05 06:00:00+00:00
[2026-05-05T07:31:28.298+0000] {standard_task_runner.py:60} INFO - Started process 972665 to run task
[2026-05-05T07:31:28.302+0000] {standard_task_runner.py:87} INFO - Running: ['airflow', 'tasks', 'run', 'fetch_market_data', 'check_market_open', 'scheduled__2026-05-05T06:00:00+00:00', '--job-id', '1256', '--raw', '--subdir', 'DAGS_FOLDER/fetch_market_data.py', '--cfg-path', '/tmp/tmph6bbgs77']
[2026-05-05T07:31:28.305+0000] {standard_task_runner.py:88} INFO - Job 1256: Subtask check_market_open
[2026-05-05T07:31:28.385+0000] {task_command.py:423} INFO - Running <TaskInstance: fetch_market_data.check_market_open scheduled__2026-05-05T06:00:00+00:00 [running]> on host reddit-pipeline-vm
[2026-05-05T07:31:28.509+0000] {taskinstance.py:2480} INFO - Exporting env vars: AIRFLOW_CTX_DAG_OWNER='pipeline' AIRFLOW_CTX_DAG_ID='fetch_market_data' AIRFLOW_CTX_TASK_ID='check_market_open' AIRFLOW_CTX_EXECUTION_DATE='2026-05-05T06:00:00+00:00' AIRFLOW_CTX_TRY_NUMBER='1' AIRFLOW_CTX_DAG_RUN_ID='scheduled__2026-05-05T06:00:00+00:00'
[2026-05-05T07:31:28.530+0000] {sensors.py:45} INFO - Market open check at 2026-05-05 03:31 ET: False
[2026-05-05T07:31:28.559+0000] {taskinstance.py:2658} INFO - Rescheduling task, marking task as UP_FOR_RESCHEDULE
[2026-05-05T07:31:28.596+0000] {local_task_job_runner.py:234} INFO - Task exited with return code 0
[2026-05-05T07:31:28.641+0000] {taskinstance.py:3280} INFO - 0 downstream tasks scheduled from follow-on schedule check
[2026-05-05T07:46:30.077+0000] {taskinstance.py:1956} INFO - Dependencies all met for dep_context=non-requeueable deps ti=<TaskInstance: fetch_market_data.check_market_open scheduled__2026-05-05T06:00:00+00:00 [queued]>
[2026-05-05T07:46:30.087+0000] {taskinstance.py:1956} INFO - Dependencies all met for dep_context=requeueable deps ti=<TaskInstance: fetch_market_data.check_market_open scheduled__2026-05-05T06:00:00+00:00 [queued]>
[2026-05-05T07:46:30.087+0000] {taskinstance.py:2170} INFO - Starting attempt 1 of 3
[2026-05-05T07:46:30.100+0000] {taskinstance.py:2191} INFO - Executing <Task(MarketOpenSensor): check_market_open> on 2026-05-05 06:00:00+00:00
[2026-05-05T07:46:30.107+0000] {standard_task_runner.py:60} INFO - Started process 973410 to run task
[2026-05-05T07:46:30.110+0000] {standard_task_runner.py:87} INFO - Running: ['airflow', 'tasks', 'run', 'fetch_market_data', 'check_market_open', 'scheduled__2026-05-05T06:00:00+00:00', '--job-id', '1257', '--raw', '--subdir', 'DAGS_FOLDER/fetch_market_data.py', '--cfg-path', '/tmp/tmpcmvjknj7']
[2026-05-05T07:46:30.112+0000] {standard_task_runner.py:88} INFO - Job 1257: Subtask check_market_open
[2026-05-05T07:46:30.197+0000] {task_command.py:423} INFO - Running <TaskInstance: fetch_market_data.check_market_open scheduled__2026-05-05T06:00:00+00:00 [running]> on host reddit-pipeline-vm
[2026-05-05T07:46:30.321+0000] {taskinstance.py:2480} INFO - Exporting env vars: AIRFLOW_CTX_DAG_OWNER='pipeline' AIRFLOW_CTX_DAG_ID='fetch_market_data' AIRFLOW_CTX_TASK_ID='check_market_open' AIRFLOW_CTX_EXECUTION_DATE='2026-05-05T06:00:00+00:00' AIRFLOW_CTX_TRY_NUMBER='1' AIRFLOW_CTX_DAG_RUN_ID='scheduled__2026-05-05T06:00:00+00:00'
[2026-05-05T07:46:30.341+0000] {sensors.py:45} INFO - Market open check at 2026-05-05 03:46 ET: False
[2026-05-05T07:46:30.372+0000] {taskinstance.py:2658} INFO - Rescheduling task, marking task as UP_FOR_RESCHEDULE
[2026-05-05T07:46:30.407+0000] {local_task_job_runner.py:234} INFO - Task exited with return code 0
[2026-05-05T07:46:30.452+0000] {taskinstance.py:3280} INFO - 0 downstream tasks scheduled from follow-on schedule check
[2026-05-05T08:01:31.406+0000] {taskinstance.py:1956} INFO - Dependencies all met for dep_context=non-requeueable deps ti=<TaskInstance: fetch_market_data.check_market_open scheduled__2026-05-05T06:00:00+00:00 [queued]>
[2026-05-05T08:01:31.415+0000] {taskinstance.py:1956} INFO - Dependencies all met for dep_context=requeueable deps ti=<TaskInstance: fetch_market_data.check_market_open scheduled__2026-05-05T06:00:00+00:00 [queued]>
[2026-05-05T08:01:31.416+0000] {taskinstance.py:2170} INFO - Starting attempt 1 of 3
[2026-05-05T08:01:31.428+0000] {taskinstance.py:2191} INFO - Executing <Task(MarketOpenSensor): check_market_open> on 2026-05-05 06:00:00+00:00
[2026-05-05T08:01:31.435+0000] {standard_task_runner.py:60} INFO - Started process 974152 to run task
[2026-05-05T08:01:31.439+0000] {standard_task_runner.py:87} INFO - Running: ['airflow', 'tasks', 'run', 'fetch_market_data', 'check_market_open', 'scheduled__2026-05-05T06:00:00+00:00', '--job-id', '1258', '--raw', '--subdir', 'DAGS_FOLDER/fetch_market_data.py', '--cfg-path', '/tmp/tmp6wy5m0x5']
[2026-05-05T08:01:31.441+0000] {standard_task_runner.py:88} INFO - Job 1258: Subtask check_market_open
[2026-05-05T08:01:31.526+0000] {task_command.py:423} INFO - Running <TaskInstance: fetch_market_data.check_market_open scheduled__2026-05-05T06:00:00+00:00 [running]> on host reddit-pipeline-vm
[2026-05-05T08:01:31.652+0000] {taskinstance.py:2480} INFO - Exporting env vars: AIRFLOW_CTX_DAG_OWNER='pipeline' AIRFLOW_CTX_DAG_ID='fetch_market_data' AIRFLOW_CTX_TASK_ID='check_market_open' AIRFLOW_CTX_EXECUTION_DATE='2026-05-05T06:00:00+00:00' AIRFLOW_CTX_TRY_NUMBER='1' AIRFLOW_CTX_DAG_RUN_ID='scheduled__2026-05-05T06:00:00+00:00'
[2026-05-05T08:01:31.675+0000] {sensors.py:45} INFO - Market open check at 2026-05-05 04:01 ET: False
[2026-05-05T08:01:31.675+0000] {taskinstance.py:2360} INFO - Sensor has timed out; run duration of 3605.694807 seconds exceeds the specified timeout of 3600.0.
[2026-05-05T08:01:31.694+0000] {taskinstance.py:1138} INFO - Marking task as SKIPPED. dag_id=fetch_market_data, task_id=check_market_open, execution_date=20260505T060000, start_date=20260505T080131, end_date=20260505T080131
[2026-05-05T08:01:31.736+0000] {local_task_job_runner.py:234} INFO - Task exited with return code 0
[2026-05-05T08:01:31.790+0000] {taskinstance.py:3280} INFO - 0 downstream tasks scheduled from follow-on schedule check
