[2026-05-07T09:01:39.028+0000] {taskinstance.py:1956} INFO - Dependencies all met for dep_context=non-requeueable deps ti=<TaskInstance: fetch_market_data.check_market_open scheduled__2026-05-07T08:00:00+00:00 [queued]>
[2026-05-07T09:01:39.037+0000] {taskinstance.py:1956} INFO - Dependencies all met for dep_context=requeueable deps ti=<TaskInstance: fetch_market_data.check_market_open scheduled__2026-05-07T08:00:00+00:00 [queued]>
[2026-05-07T09:01:39.037+0000] {taskinstance.py:2170} INFO - Starting attempt 1 of 3
[2026-05-07T09:01:39.054+0000] {taskinstance.py:2191} INFO - Executing <Task(MarketOpenSensor): check_market_open> on 2026-05-07 08:00:00+00:00
[2026-05-07T09:01:39.061+0000] {standard_task_runner.py:60} INFO - Started process 1104549 to run task
[2026-05-07T09:01:39.065+0000] {standard_task_runner.py:87} INFO - Running: ['airflow', 'tasks', 'run', 'fetch_market_data', 'check_market_open', 'scheduled__2026-05-07T08:00:00+00:00', '--job-id', '1483', '--raw', '--subdir', 'DAGS_FOLDER/fetch_market_data.py', '--cfg-path', '/tmp/tmpjtvt5bh1']
[2026-05-07T09:01:39.067+0000] {standard_task_runner.py:88} INFO - Job 1483: Subtask check_market_open
[2026-05-07T09:01:39.140+0000] {task_command.py:423} INFO - Running <TaskInstance: fetch_market_data.check_market_open scheduled__2026-05-07T08:00:00+00:00 [running]> on host reddit-pipeline-vm
[2026-05-07T09:01:39.252+0000] {taskinstance.py:2480} INFO - Exporting env vars: AIRFLOW_CTX_DAG_OWNER='pipeline' AIRFLOW_CTX_DAG_ID='fetch_market_data' AIRFLOW_CTX_TASK_ID='check_market_open' AIRFLOW_CTX_EXECUTION_DATE='2026-05-07T08:00:00+00:00' AIRFLOW_CTX_TRY_NUMBER='1' AIRFLOW_CTX_DAG_RUN_ID='scheduled__2026-05-07T08:00:00+00:00'
[2026-05-07T09:01:39.269+0000] {sensors.py:45} INFO - Market open check at 2026-05-07 05:01 ET: False
[2026-05-07T09:01:39.296+0000] {taskinstance.py:2658} INFO - Rescheduling task, marking task as UP_FOR_RESCHEDULE
[2026-05-07T09:01:39.317+0000] {local_task_job_runner.py:234} INFO - Task exited with return code 0
[2026-05-07T09:01:39.356+0000] {taskinstance.py:3280} INFO - 0 downstream tasks scheduled from follow-on schedule check
[2026-05-07T09:16:40.128+0000] {taskinstance.py:1956} INFO - Dependencies all met for dep_context=non-requeueable deps ti=<TaskInstance: fetch_market_data.check_market_open scheduled__2026-05-07T08:00:00+00:00 [queued]>
[2026-05-07T09:16:40.138+0000] {taskinstance.py:1956} INFO - Dependencies all met for dep_context=requeueable deps ti=<TaskInstance: fetch_market_data.check_market_open scheduled__2026-05-07T08:00:00+00:00 [queued]>
[2026-05-07T09:16:40.139+0000] {taskinstance.py:2170} INFO - Starting attempt 1 of 3
[2026-05-07T09:16:40.154+0000] {taskinstance.py:2191} INFO - Executing <Task(MarketOpenSensor): check_market_open> on 2026-05-07 08:00:00+00:00
[2026-05-07T09:16:40.161+0000] {standard_task_runner.py:60} INFO - Started process 1105552 to run task
[2026-05-07T09:16:40.165+0000] {standard_task_runner.py:87} INFO - Running: ['airflow', 'tasks', 'run', 'fetch_market_data', 'check_market_open', 'scheduled__2026-05-07T08:00:00+00:00', '--job-id', '1484', '--raw', '--subdir', 'DAGS_FOLDER/fetch_market_data.py', '--cfg-path', '/tmp/tmpwlrwj9q4']
[2026-05-07T09:16:40.167+0000] {standard_task_runner.py:88} INFO - Job 1484: Subtask check_market_open
[2026-05-07T09:16:40.242+0000] {task_command.py:423} INFO - Running <TaskInstance: fetch_market_data.check_market_open scheduled__2026-05-07T08:00:00+00:00 [running]> on host reddit-pipeline-vm
[2026-05-07T09:16:40.350+0000] {taskinstance.py:2480} INFO - Exporting env vars: AIRFLOW_CTX_DAG_OWNER='pipeline' AIRFLOW_CTX_DAG_ID='fetch_market_data' AIRFLOW_CTX_TASK_ID='check_market_open' AIRFLOW_CTX_EXECUTION_DATE='2026-05-07T08:00:00+00:00' AIRFLOW_CTX_TRY_NUMBER='1' AIRFLOW_CTX_DAG_RUN_ID='scheduled__2026-05-07T08:00:00+00:00'
[2026-05-07T09:16:40.368+0000] {sensors.py:45} INFO - Market open check at 2026-05-07 05:16 ET: False
[2026-05-07T09:16:40.396+0000] {taskinstance.py:2658} INFO - Rescheduling task, marking task as UP_FOR_RESCHEDULE
[2026-05-07T09:16:40.417+0000] {local_task_job_runner.py:234} INFO - Task exited with return code 0
[2026-05-07T09:16:40.457+0000] {taskinstance.py:3280} INFO - 0 downstream tasks scheduled from follow-on schedule check
[2026-05-07T09:31:41.418+0000] {taskinstance.py:1956} INFO - Dependencies all met for dep_context=non-requeueable deps ti=<TaskInstance: fetch_market_data.check_market_open scheduled__2026-05-07T08:00:00+00:00 [queued]>
[2026-05-07T09:31:41.428+0000] {taskinstance.py:1956} INFO - Dependencies all met for dep_context=requeueable deps ti=<TaskInstance: fetch_market_data.check_market_open scheduled__2026-05-07T08:00:00+00:00 [queued]>
[2026-05-07T09:31:41.429+0000] {taskinstance.py:2170} INFO - Starting attempt 1 of 3
[2026-05-07T09:31:41.444+0000] {taskinstance.py:2191} INFO - Executing <Task(MarketOpenSensor): check_market_open> on 2026-05-07 08:00:00+00:00
[2026-05-07T09:31:41.451+0000] {standard_task_runner.py:60} INFO - Started process 1106531 to run task
[2026-05-07T09:31:41.455+0000] {standard_task_runner.py:87} INFO - Running: ['airflow', 'tasks', 'run', 'fetch_market_data', 'check_market_open', 'scheduled__2026-05-07T08:00:00+00:00', '--job-id', '1485', '--raw', '--subdir', 'DAGS_FOLDER/fetch_market_data.py', '--cfg-path', '/tmp/tmpc65mmorp']
[2026-05-07T09:31:41.457+0000] {standard_task_runner.py:88} INFO - Job 1485: Subtask check_market_open
[2026-05-07T09:31:41.534+0000] {task_command.py:423} INFO - Running <TaskInstance: fetch_market_data.check_market_open scheduled__2026-05-07T08:00:00+00:00 [running]> on host reddit-pipeline-vm
[2026-05-07T09:31:41.648+0000] {taskinstance.py:2480} INFO - Exporting env vars: AIRFLOW_CTX_DAG_OWNER='pipeline' AIRFLOW_CTX_DAG_ID='fetch_market_data' AIRFLOW_CTX_TASK_ID='check_market_open' AIRFLOW_CTX_EXECUTION_DATE='2026-05-07T08:00:00+00:00' AIRFLOW_CTX_TRY_NUMBER='1' AIRFLOW_CTX_DAG_RUN_ID='scheduled__2026-05-07T08:00:00+00:00'
[2026-05-07T09:31:41.666+0000] {sensors.py:45} INFO - Market open check at 2026-05-07 05:31 ET: False
[2026-05-07T09:31:41.694+0000] {taskinstance.py:2658} INFO - Rescheduling task, marking task as UP_FOR_RESCHEDULE
[2026-05-07T09:31:41.710+0000] {local_task_job_runner.py:234} INFO - Task exited with return code 0
[2026-05-07T09:31:41.751+0000] {taskinstance.py:3280} INFO - 0 downstream tasks scheduled from follow-on schedule check
[2026-05-07T09:46:43.288+0000] {taskinstance.py:1956} INFO - Dependencies all met for dep_context=non-requeueable deps ti=<TaskInstance: fetch_market_data.check_market_open scheduled__2026-05-07T08:00:00+00:00 [queued]>
[2026-05-07T09:46:43.298+0000] {taskinstance.py:1956} INFO - Dependencies all met for dep_context=requeueable deps ti=<TaskInstance: fetch_market_data.check_market_open scheduled__2026-05-07T08:00:00+00:00 [queued]>
[2026-05-07T09:46:43.299+0000] {taskinstance.py:2170} INFO - Starting attempt 1 of 3
[2026-05-07T09:46:43.312+0000] {taskinstance.py:2191} INFO - Executing <Task(MarketOpenSensor): check_market_open> on 2026-05-07 08:00:00+00:00
[2026-05-07T09:46:43.319+0000] {standard_task_runner.py:60} INFO - Started process 1107525 to run task
[2026-05-07T09:46:43.323+0000] {standard_task_runner.py:87} INFO - Running: ['airflow', 'tasks', 'run', 'fetch_market_data', 'check_market_open', 'scheduled__2026-05-07T08:00:00+00:00', '--job-id', '1486', '--raw', '--subdir', 'DAGS_FOLDER/fetch_market_data.py', '--cfg-path', '/tmp/tmpigqio2ki']
[2026-05-07T09:46:43.325+0000] {standard_task_runner.py:88} INFO - Job 1486: Subtask check_market_open
[2026-05-07T09:46:43.400+0000] {task_command.py:423} INFO - Running <TaskInstance: fetch_market_data.check_market_open scheduled__2026-05-07T08:00:00+00:00 [running]> on host reddit-pipeline-vm
[2026-05-07T09:46:43.509+0000] {taskinstance.py:2480} INFO - Exporting env vars: AIRFLOW_CTX_DAG_OWNER='pipeline' AIRFLOW_CTX_DAG_ID='fetch_market_data' AIRFLOW_CTX_TASK_ID='check_market_open' AIRFLOW_CTX_EXECUTION_DATE='2026-05-07T08:00:00+00:00' AIRFLOW_CTX_TRY_NUMBER='1' AIRFLOW_CTX_DAG_RUN_ID='scheduled__2026-05-07T08:00:00+00:00'
[2026-05-07T09:46:43.527+0000] {sensors.py:45} INFO - Market open check at 2026-05-07 05:46 ET: False
[2026-05-07T09:46:43.555+0000] {taskinstance.py:2658} INFO - Rescheduling task, marking task as UP_FOR_RESCHEDULE
[2026-05-07T09:46:43.575+0000] {local_task_job_runner.py:234} INFO - Task exited with return code 0
[2026-05-07T09:46:43.615+0000] {taskinstance.py:3280} INFO - 0 downstream tasks scheduled from follow-on schedule check
[2026-05-07T10:01:44.338+0000] {taskinstance.py:1956} INFO - Dependencies all met for dep_context=non-requeueable deps ti=<TaskInstance: fetch_market_data.check_market_open scheduled__2026-05-07T08:00:00+00:00 [queued]>
[2026-05-07T10:01:44.347+0000] {taskinstance.py:1956} INFO - Dependencies all met for dep_context=requeueable deps ti=<TaskInstance: fetch_market_data.check_market_open scheduled__2026-05-07T08:00:00+00:00 [queued]>
[2026-05-07T10:01:44.347+0000] {taskinstance.py:2170} INFO - Starting attempt 1 of 3
[2026-05-07T10:01:44.362+0000] {taskinstance.py:2191} INFO - Executing <Task(MarketOpenSensor): check_market_open> on 2026-05-07 08:00:00+00:00
[2026-05-07T10:01:44.369+0000] {standard_task_runner.py:60} INFO - Started process 1108503 to run task
[2026-05-07T10:01:44.373+0000] {standard_task_runner.py:87} INFO - Running: ['airflow', 'tasks', 'run', 'fetch_market_data', 'check_market_open', 'scheduled__2026-05-07T08:00:00+00:00', '--job-id', '1487', '--raw', '--subdir', 'DAGS_FOLDER/fetch_market_data.py', '--cfg-path', '/tmp/tmp9c0d42z0']
[2026-05-07T10:01:44.375+0000] {standard_task_runner.py:88} INFO - Job 1487: Subtask check_market_open
[2026-05-07T10:01:44.452+0000] {task_command.py:423} INFO - Running <TaskInstance: fetch_market_data.check_market_open scheduled__2026-05-07T08:00:00+00:00 [running]> on host reddit-pipeline-vm
[2026-05-07T10:01:44.563+0000] {taskinstance.py:2480} INFO - Exporting env vars: AIRFLOW_CTX_DAG_OWNER='pipeline' AIRFLOW_CTX_DAG_ID='fetch_market_data' AIRFLOW_CTX_TASK_ID='check_market_open' AIRFLOW_CTX_EXECUTION_DATE='2026-05-07T08:00:00+00:00' AIRFLOW_CTX_TRY_NUMBER='1' AIRFLOW_CTX_DAG_RUN_ID='scheduled__2026-05-07T08:00:00+00:00'
[2026-05-07T10:01:44.581+0000] {sensors.py:45} INFO - Market open check at 2026-05-07 06:01 ET: False
[2026-05-07T10:01:44.581+0000] {taskinstance.py:2360} INFO - Sensor has timed out; run duration of 3605.407434 seconds exceeds the specified timeout of 3600.0.
[2026-05-07T10:01:44.597+0000] {taskinstance.py:1138} INFO - Marking task as SKIPPED. dag_id=fetch_market_data, task_id=check_market_open, execution_date=20260507T080000, start_date=20260507T100144, end_date=20260507T100144
[2026-05-07T10:01:44.626+0000] {local_task_job_runner.py:234} INFO - Task exited with return code 0
[2026-05-07T10:01:44.677+0000] {taskinstance.py:3280} INFO - 0 downstream tasks scheduled from follow-on schedule check
