[2026-05-07T03:00:50.142+0000] {taskinstance.py:1956} INFO - Dependencies all met for dep_context=non-requeueable deps ti=<TaskInstance: fetch_market_data.check_market_open scheduled__2026-05-07T02:00:00+00:00 [queued]>
[2026-05-07T03:00:50.151+0000] {taskinstance.py:1956} INFO - Dependencies all met for dep_context=requeueable deps ti=<TaskInstance: fetch_market_data.check_market_open scheduled__2026-05-07T02:00:00+00:00 [queued]>
[2026-05-07T03:00:50.151+0000] {taskinstance.py:2170} INFO - Starting attempt 1 of 3
[2026-05-07T03:00:50.166+0000] {taskinstance.py:2191} INFO - Executing <Task(MarketOpenSensor): check_market_open> on 2026-05-07 02:00:00+00:00
[2026-05-07T03:00:50.173+0000] {standard_task_runner.py:60} INFO - Started process 1080402 to run task
[2026-05-07T03:00:50.176+0000] {standard_task_runner.py:87} INFO - Running: ['airflow', 'tasks', 'run', 'fetch_market_data', 'check_market_open', 'scheduled__2026-05-07T02:00:00+00:00', '--job-id', '1453', '--raw', '--subdir', 'DAGS_FOLDER/fetch_market_data.py', '--cfg-path', '/tmp/tmp3janpgzo']
[2026-05-07T03:00:50.179+0000] {standard_task_runner.py:88} INFO - Job 1453: Subtask check_market_open
[2026-05-07T03:00:50.251+0000] {task_command.py:423} INFO - Running <TaskInstance: fetch_market_data.check_market_open scheduled__2026-05-07T02:00:00+00:00 [running]> on host reddit-pipeline-vm
[2026-05-07T03:00:50.360+0000] {taskinstance.py:2480} INFO - Exporting env vars: AIRFLOW_CTX_DAG_OWNER='pipeline' AIRFLOW_CTX_DAG_ID='fetch_market_data' AIRFLOW_CTX_TASK_ID='check_market_open' AIRFLOW_CTX_EXECUTION_DATE='2026-05-07T02:00:00+00:00' AIRFLOW_CTX_TRY_NUMBER='1' AIRFLOW_CTX_DAG_RUN_ID='scheduled__2026-05-07T02:00:00+00:00'
[2026-05-07T03:00:50.379+0000] {sensors.py:45} INFO - Market open check at 2026-05-06 23:00 ET: False
[2026-05-07T03:00:50.404+0000] {taskinstance.py:2658} INFO - Rescheduling task, marking task as UP_FOR_RESCHEDULE
[2026-05-07T03:00:50.429+0000] {local_task_job_runner.py:234} INFO - Task exited with return code 0
[2026-05-07T03:00:50.469+0000] {taskinstance.py:3280} INFO - 0 downstream tasks scheduled from follow-on schedule check
[2026-05-07T03:15:51.066+0000] {taskinstance.py:1956} INFO - Dependencies all met for dep_context=non-requeueable deps ti=<TaskInstance: fetch_market_data.check_market_open scheduled__2026-05-07T02:00:00+00:00 [queued]>
[2026-05-07T03:15:51.075+0000] {taskinstance.py:1956} INFO - Dependencies all met for dep_context=requeueable deps ti=<TaskInstance: fetch_market_data.check_market_open scheduled__2026-05-07T02:00:00+00:00 [queued]>
[2026-05-07T03:15:51.075+0000] {taskinstance.py:2170} INFO - Starting attempt 1 of 3
[2026-05-07T03:15:51.089+0000] {taskinstance.py:2191} INFO - Executing <Task(MarketOpenSensor): check_market_open> on 2026-05-07 02:00:00+00:00
[2026-05-07T03:15:51.096+0000] {standard_task_runner.py:60} INFO - Started process 1081389 to run task
[2026-05-07T03:15:51.099+0000] {standard_task_runner.py:87} INFO - Running: ['airflow', 'tasks', 'run', 'fetch_market_data', 'check_market_open', 'scheduled__2026-05-07T02:00:00+00:00', '--job-id', '1454', '--raw', '--subdir', 'DAGS_FOLDER/fetch_market_data.py', '--cfg-path', '/tmp/tmpfgdfef2c']
[2026-05-07T03:15:51.101+0000] {standard_task_runner.py:88} INFO - Job 1454: Subtask check_market_open
[2026-05-07T03:15:51.176+0000] {task_command.py:423} INFO - Running <TaskInstance: fetch_market_data.check_market_open scheduled__2026-05-07T02:00:00+00:00 [running]> on host reddit-pipeline-vm
[2026-05-07T03:15:51.287+0000] {taskinstance.py:2480} INFO - Exporting env vars: AIRFLOW_CTX_DAG_OWNER='pipeline' AIRFLOW_CTX_DAG_ID='fetch_market_data' AIRFLOW_CTX_TASK_ID='check_market_open' AIRFLOW_CTX_EXECUTION_DATE='2026-05-07T02:00:00+00:00' AIRFLOW_CTX_TRY_NUMBER='1' AIRFLOW_CTX_DAG_RUN_ID='scheduled__2026-05-07T02:00:00+00:00'
[2026-05-07T03:15:51.304+0000] {sensors.py:45} INFO - Market open check at 2026-05-06 23:15 ET: False
[2026-05-07T03:15:51.333+0000] {taskinstance.py:2658} INFO - Rescheduling task, marking task as UP_FOR_RESCHEDULE
[2026-05-07T03:15:51.352+0000] {local_task_job_runner.py:234} INFO - Task exited with return code 0
[2026-05-07T03:15:51.391+0000] {taskinstance.py:3280} INFO - 0 downstream tasks scheduled from follow-on schedule check
[2026-05-07T03:30:52.525+0000] {taskinstance.py:1956} INFO - Dependencies all met for dep_context=non-requeueable deps ti=<TaskInstance: fetch_market_data.check_market_open scheduled__2026-05-07T02:00:00+00:00 [queued]>
[2026-05-07T03:30:52.534+0000] {taskinstance.py:1956} INFO - Dependencies all met for dep_context=requeueable deps ti=<TaskInstance: fetch_market_data.check_market_open scheduled__2026-05-07T02:00:00+00:00 [queued]>
[2026-05-07T03:30:52.534+0000] {taskinstance.py:2170} INFO - Starting attempt 1 of 3
[2026-05-07T03:30:52.548+0000] {taskinstance.py:2191} INFO - Executing <Task(MarketOpenSensor): check_market_open> on 2026-05-07 02:00:00+00:00
[2026-05-07T03:30:52.556+0000] {standard_task_runner.py:60} INFO - Started process 1082384 to run task
[2026-05-07T03:30:52.559+0000] {standard_task_runner.py:87} INFO - Running: ['airflow', 'tasks', 'run', 'fetch_market_data', 'check_market_open', 'scheduled__2026-05-07T02:00:00+00:00', '--job-id', '1455', '--raw', '--subdir', 'DAGS_FOLDER/fetch_market_data.py', '--cfg-path', '/tmp/tmp0ohypyod']
[2026-05-07T03:30:52.562+0000] {standard_task_runner.py:88} INFO - Job 1455: Subtask check_market_open
[2026-05-07T03:30:52.633+0000] {task_command.py:423} INFO - Running <TaskInstance: fetch_market_data.check_market_open scheduled__2026-05-07T02:00:00+00:00 [running]> on host reddit-pipeline-vm
[2026-05-07T03:30:52.740+0000] {taskinstance.py:2480} INFO - Exporting env vars: AIRFLOW_CTX_DAG_OWNER='pipeline' AIRFLOW_CTX_DAG_ID='fetch_market_data' AIRFLOW_CTX_TASK_ID='check_market_open' AIRFLOW_CTX_EXECUTION_DATE='2026-05-07T02:00:00+00:00' AIRFLOW_CTX_TRY_NUMBER='1' AIRFLOW_CTX_DAG_RUN_ID='scheduled__2026-05-07T02:00:00+00:00'
[2026-05-07T03:30:52.757+0000] {sensors.py:45} INFO - Market open check at 2026-05-06 23:30 ET: False
[2026-05-07T03:30:52.784+0000] {taskinstance.py:2658} INFO - Rescheduling task, marking task as UP_FOR_RESCHEDULE
[2026-05-07T03:30:52.812+0000] {local_task_job_runner.py:234} INFO - Task exited with return code 0
[2026-05-07T03:30:52.851+0000] {taskinstance.py:3280} INFO - 0 downstream tasks scheduled from follow-on schedule check
[2026-05-07T03:45:53.385+0000] {taskinstance.py:1956} INFO - Dependencies all met for dep_context=non-requeueable deps ti=<TaskInstance: fetch_market_data.check_market_open scheduled__2026-05-07T02:00:00+00:00 [queued]>
[2026-05-07T03:45:53.393+0000] {taskinstance.py:1956} INFO - Dependencies all met for dep_context=requeueable deps ti=<TaskInstance: fetch_market_data.check_market_open scheduled__2026-05-07T02:00:00+00:00 [queued]>
[2026-05-07T03:45:53.393+0000] {taskinstance.py:2170} INFO - Starting attempt 1 of 3
[2026-05-07T03:45:53.407+0000] {taskinstance.py:2191} INFO - Executing <Task(MarketOpenSensor): check_market_open> on 2026-05-07 02:00:00+00:00
[2026-05-07T03:45:53.413+0000] {standard_task_runner.py:60} INFO - Started process 1083365 to run task
[2026-05-07T03:45:53.417+0000] {standard_task_runner.py:87} INFO - Running: ['airflow', 'tasks', 'run', 'fetch_market_data', 'check_market_open', 'scheduled__2026-05-07T02:00:00+00:00', '--job-id', '1456', '--raw', '--subdir', 'DAGS_FOLDER/fetch_market_data.py', '--cfg-path', '/tmp/tmpzyq5_9m9']
[2026-05-07T03:45:53.419+0000] {standard_task_runner.py:88} INFO - Job 1456: Subtask check_market_open
[2026-05-07T03:45:53.490+0000] {task_command.py:423} INFO - Running <TaskInstance: fetch_market_data.check_market_open scheduled__2026-05-07T02:00:00+00:00 [running]> on host reddit-pipeline-vm
[2026-05-07T03:45:53.592+0000] {taskinstance.py:2480} INFO - Exporting env vars: AIRFLOW_CTX_DAG_OWNER='pipeline' AIRFLOW_CTX_DAG_ID='fetch_market_data' AIRFLOW_CTX_TASK_ID='check_market_open' AIRFLOW_CTX_EXECUTION_DATE='2026-05-07T02:00:00+00:00' AIRFLOW_CTX_TRY_NUMBER='1' AIRFLOW_CTX_DAG_RUN_ID='scheduled__2026-05-07T02:00:00+00:00'
[2026-05-07T03:45:53.608+0000] {sensors.py:45} INFO - Market open check at 2026-05-06 23:45 ET: False
[2026-05-07T03:45:53.634+0000] {taskinstance.py:2658} INFO - Rescheduling task, marking task as UP_FOR_RESCHEDULE
[2026-05-07T03:45:53.669+0000] {local_task_job_runner.py:234} INFO - Task exited with return code 0
[2026-05-07T03:45:53.707+0000] {taskinstance.py:3280} INFO - 0 downstream tasks scheduled from follow-on schedule check
[2026-05-07T04:00:54.893+0000] {taskinstance.py:1956} INFO - Dependencies all met for dep_context=non-requeueable deps ti=<TaskInstance: fetch_market_data.check_market_open scheduled__2026-05-07T02:00:00+00:00 [queued]>
[2026-05-07T04:00:54.904+0000] {taskinstance.py:1956} INFO - Dependencies all met for dep_context=requeueable deps ti=<TaskInstance: fetch_market_data.check_market_open scheduled__2026-05-07T02:00:00+00:00 [queued]>
[2026-05-07T04:00:54.904+0000] {taskinstance.py:2170} INFO - Starting attempt 1 of 3
[2026-05-07T04:00:54.919+0000] {taskinstance.py:2191} INFO - Executing <Task(MarketOpenSensor): check_market_open> on 2026-05-07 02:00:00+00:00
[2026-05-07T04:00:54.926+0000] {standard_task_runner.py:60} INFO - Started process 1084356 to run task
[2026-05-07T04:00:54.930+0000] {standard_task_runner.py:87} INFO - Running: ['airflow', 'tasks', 'run', 'fetch_market_data', 'check_market_open', 'scheduled__2026-05-07T02:00:00+00:00', '--job-id', '1457', '--raw', '--subdir', 'DAGS_FOLDER/fetch_market_data.py', '--cfg-path', '/tmp/tmp35ga3_lr']
[2026-05-07T04:00:54.932+0000] {standard_task_runner.py:88} INFO - Job 1457: Subtask check_market_open
[2026-05-07T04:00:55.009+0000] {task_command.py:423} INFO - Running <TaskInstance: fetch_market_data.check_market_open scheduled__2026-05-07T02:00:00+00:00 [running]> on host reddit-pipeline-vm
[2026-05-07T04:00:55.126+0000] {taskinstance.py:2480} INFO - Exporting env vars: AIRFLOW_CTX_DAG_OWNER='pipeline' AIRFLOW_CTX_DAG_ID='fetch_market_data' AIRFLOW_CTX_TASK_ID='check_market_open' AIRFLOW_CTX_EXECUTION_DATE='2026-05-07T02:00:00+00:00' AIRFLOW_CTX_TRY_NUMBER='1' AIRFLOW_CTX_DAG_RUN_ID='scheduled__2026-05-07T02:00:00+00:00'
[2026-05-07T04:00:55.146+0000] {sensors.py:45} INFO - Market open check at 2026-05-07 00:00 ET: False
[2026-05-07T04:00:55.147+0000] {taskinstance.py:2360} INFO - Sensor has timed out; run duration of 3604.8629 seconds exceeds the specified timeout of 3600.0.
[2026-05-07T04:00:55.163+0000] {taskinstance.py:1138} INFO - Marking task as SKIPPED. dag_id=fetch_market_data, task_id=check_market_open, execution_date=20260507T020000, start_date=20260507T040054, end_date=20260507T040055
[2026-05-07T04:00:55.224+0000] {local_task_job_runner.py:234} INFO - Task exited with return code 0
[2026-05-07T04:00:55.277+0000] {taskinstance.py:3280} INFO - 0 downstream tasks scheduled from follow-on schedule check
