[2026-05-07T02:00:42.156+0000] {taskinstance.py:1956} INFO - Dependencies all met for dep_context=non-requeueable deps ti=<TaskInstance: fetch_market_data.check_market_open scheduled__2026-05-07T01:00:00+00:00 [queued]>
[2026-05-07T02:00:42.165+0000] {taskinstance.py:1956} INFO - Dependencies all met for dep_context=requeueable deps ti=<TaskInstance: fetch_market_data.check_market_open scheduled__2026-05-07T01:00:00+00:00 [queued]>
[2026-05-07T02:00:42.165+0000] {taskinstance.py:2170} INFO - Starting attempt 1 of 3
[2026-05-07T02:00:42.178+0000] {taskinstance.py:2191} INFO - Executing <Task(MarketOpenSensor): check_market_open> on 2026-05-07 01:00:00+00:00
[2026-05-07T02:00:42.187+0000] {standard_task_runner.py:60} INFO - Started process 1076117 to run task
[2026-05-07T02:00:42.190+0000] {standard_task_runner.py:87} INFO - Running: ['airflow', 'tasks', 'run', 'fetch_market_data', 'check_market_open', 'scheduled__2026-05-07T01:00:00+00:00', '--job-id', '1448', '--raw', '--subdir', 'DAGS_FOLDER/fetch_market_data.py', '--cfg-path', '/tmp/tmpgh8btq_i']
[2026-05-07T02:00:42.192+0000] {standard_task_runner.py:88} INFO - Job 1448: Subtask check_market_open
[2026-05-07T02:00:42.265+0000] {task_command.py:423} INFO - Running <TaskInstance: fetch_market_data.check_market_open scheduled__2026-05-07T01:00:00+00:00 [running]> on host reddit-pipeline-vm
[2026-05-07T02:00:42.375+0000] {taskinstance.py:2480} INFO - Exporting env vars: AIRFLOW_CTX_DAG_OWNER='pipeline' AIRFLOW_CTX_DAG_ID='fetch_market_data' AIRFLOW_CTX_TASK_ID='check_market_open' AIRFLOW_CTX_EXECUTION_DATE='2026-05-07T01:00:00+00:00' AIRFLOW_CTX_TRY_NUMBER='1' AIRFLOW_CTX_DAG_RUN_ID='scheduled__2026-05-07T01:00:00+00:00'
[2026-05-07T02:00:42.392+0000] {sensors.py:45} INFO - Market open check at 2026-05-06 22:00 ET: False
[2026-05-07T02:00:42.418+0000] {taskinstance.py:2658} INFO - Rescheduling task, marking task as UP_FOR_RESCHEDULE
[2026-05-07T02:00:42.446+0000] {local_task_job_runner.py:234} INFO - Task exited with return code 0
[2026-05-07T02:00:42.484+0000] {taskinstance.py:3280} INFO - 0 downstream tasks scheduled from follow-on schedule check
[2026-05-07T02:15:43.037+0000] {taskinstance.py:1956} INFO - Dependencies all met for dep_context=non-requeueable deps ti=<TaskInstance: fetch_market_data.check_market_open scheduled__2026-05-07T01:00:00+00:00 [queued]>
[2026-05-07T02:15:43.047+0000] {taskinstance.py:1956} INFO - Dependencies all met for dep_context=requeueable deps ti=<TaskInstance: fetch_market_data.check_market_open scheduled__2026-05-07T01:00:00+00:00 [queued]>
[2026-05-07T02:15:43.048+0000] {taskinstance.py:2170} INFO - Starting attempt 1 of 3
[2026-05-07T02:15:43.062+0000] {taskinstance.py:2191} INFO - Executing <Task(MarketOpenSensor): check_market_open> on 2026-05-07 01:00:00+00:00
[2026-05-07T02:15:43.069+0000] {standard_task_runner.py:60} INFO - Started process 1077451 to run task
[2026-05-07T02:15:43.072+0000] {standard_task_runner.py:87} INFO - Running: ['airflow', 'tasks', 'run', 'fetch_market_data', 'check_market_open', 'scheduled__2026-05-07T01:00:00+00:00', '--job-id', '1449', '--raw', '--subdir', 'DAGS_FOLDER/fetch_market_data.py', '--cfg-path', '/tmp/tmp9g7n9q8l']
[2026-05-07T02:15:43.074+0000] {standard_task_runner.py:88} INFO - Job 1449: Subtask check_market_open
[2026-05-07T02:15:43.142+0000] {task_command.py:423} INFO - Running <TaskInstance: fetch_market_data.check_market_open scheduled__2026-05-07T01:00:00+00:00 [running]> on host reddit-pipeline-vm
[2026-05-07T02:15:43.246+0000] {taskinstance.py:2480} INFO - Exporting env vars: AIRFLOW_CTX_DAG_OWNER='pipeline' AIRFLOW_CTX_DAG_ID='fetch_market_data' AIRFLOW_CTX_TASK_ID='check_market_open' AIRFLOW_CTX_EXECUTION_DATE='2026-05-07T01:00:00+00:00' AIRFLOW_CTX_TRY_NUMBER='1' AIRFLOW_CTX_DAG_RUN_ID='scheduled__2026-05-07T01:00:00+00:00'
[2026-05-07T02:15:43.264+0000] {sensors.py:45} INFO - Market open check at 2026-05-06 22:15 ET: False
[2026-05-07T02:15:43.289+0000] {taskinstance.py:2658} INFO - Rescheduling task, marking task as UP_FOR_RESCHEDULE
[2026-05-07T02:15:43.324+0000] {local_task_job_runner.py:234} INFO - Task exited with return code 0
[2026-05-07T02:15:43.362+0000] {taskinstance.py:3280} INFO - 0 downstream tasks scheduled from follow-on schedule check
[2026-05-07T02:30:44.025+0000] {taskinstance.py:1956} INFO - Dependencies all met for dep_context=non-requeueable deps ti=<TaskInstance: fetch_market_data.check_market_open scheduled__2026-05-07T01:00:00+00:00 [queued]>
[2026-05-07T02:30:44.034+0000] {taskinstance.py:1956} INFO - Dependencies all met for dep_context=requeueable deps ti=<TaskInstance: fetch_market_data.check_market_open scheduled__2026-05-07T01:00:00+00:00 [queued]>
[2026-05-07T02:30:44.035+0000] {taskinstance.py:2170} INFO - Starting attempt 1 of 3
[2026-05-07T02:30:44.054+0000] {taskinstance.py:2191} INFO - Executing <Task(MarketOpenSensor): check_market_open> on 2026-05-07 01:00:00+00:00
[2026-05-07T02:30:44.062+0000] {standard_task_runner.py:60} INFO - Started process 1078420 to run task
[2026-05-07T02:30:44.069+0000] {standard_task_runner.py:87} INFO - Running: ['airflow', 'tasks', 'run', 'fetch_market_data', 'check_market_open', 'scheduled__2026-05-07T01:00:00+00:00', '--job-id', '1450', '--raw', '--subdir', 'DAGS_FOLDER/fetch_market_data.py', '--cfg-path', '/tmp/tmp7nvr_2cm']
[2026-05-07T02:30:44.072+0000] {standard_task_runner.py:88} INFO - Job 1450: Subtask check_market_open
[2026-05-07T02:30:44.151+0000] {task_command.py:423} INFO - Running <TaskInstance: fetch_market_data.check_market_open scheduled__2026-05-07T01:00:00+00:00 [running]> on host reddit-pipeline-vm
[2026-05-07T02:30:44.276+0000] {taskinstance.py:2480} INFO - Exporting env vars: AIRFLOW_CTX_DAG_OWNER='pipeline' AIRFLOW_CTX_DAG_ID='fetch_market_data' AIRFLOW_CTX_TASK_ID='check_market_open' AIRFLOW_CTX_EXECUTION_DATE='2026-05-07T01:00:00+00:00' AIRFLOW_CTX_TRY_NUMBER='1' AIRFLOW_CTX_DAG_RUN_ID='scheduled__2026-05-07T01:00:00+00:00'
[2026-05-07T02:30:44.296+0000] {sensors.py:45} INFO - Market open check at 2026-05-06 22:30 ET: False
[2026-05-07T02:30:44.326+0000] {taskinstance.py:2658} INFO - Rescheduling task, marking task as UP_FOR_RESCHEDULE
[2026-05-07T02:30:44.365+0000] {local_task_job_runner.py:234} INFO - Task exited with return code 0
[2026-05-07T02:30:44.408+0000] {taskinstance.py:3280} INFO - 0 downstream tasks scheduled from follow-on schedule check
[2026-05-07T02:45:45.698+0000] {taskinstance.py:1956} INFO - Dependencies all met for dep_context=non-requeueable deps ti=<TaskInstance: fetch_market_data.check_market_open scheduled__2026-05-07T01:00:00+00:00 [queued]>
[2026-05-07T02:45:45.708+0000] {taskinstance.py:1956} INFO - Dependencies all met for dep_context=requeueable deps ti=<TaskInstance: fetch_market_data.check_market_open scheduled__2026-05-07T01:00:00+00:00 [queued]>
[2026-05-07T02:45:45.708+0000] {taskinstance.py:2170} INFO - Starting attempt 1 of 3
[2026-05-07T02:45:45.721+0000] {taskinstance.py:2191} INFO - Executing <Task(MarketOpenSensor): check_market_open> on 2026-05-07 01:00:00+00:00
[2026-05-07T02:45:45.729+0000] {standard_task_runner.py:60} INFO - Started process 1079399 to run task
[2026-05-07T02:45:45.733+0000] {standard_task_runner.py:87} INFO - Running: ['airflow', 'tasks', 'run', 'fetch_market_data', 'check_market_open', 'scheduled__2026-05-07T01:00:00+00:00', '--job-id', '1451', '--raw', '--subdir', 'DAGS_FOLDER/fetch_market_data.py', '--cfg-path', '/tmp/tmpbmlz_58i']
[2026-05-07T02:45:45.735+0000] {standard_task_runner.py:88} INFO - Job 1451: Subtask check_market_open
[2026-05-07T02:45:45.809+0000] {task_command.py:423} INFO - Running <TaskInstance: fetch_market_data.check_market_open scheduled__2026-05-07T01:00:00+00:00 [running]> on host reddit-pipeline-vm
[2026-05-07T02:45:45.925+0000] {taskinstance.py:2480} INFO - Exporting env vars: AIRFLOW_CTX_DAG_OWNER='pipeline' AIRFLOW_CTX_DAG_ID='fetch_market_data' AIRFLOW_CTX_TASK_ID='check_market_open' AIRFLOW_CTX_EXECUTION_DATE='2026-05-07T01:00:00+00:00' AIRFLOW_CTX_TRY_NUMBER='1' AIRFLOW_CTX_DAG_RUN_ID='scheduled__2026-05-07T01:00:00+00:00'
[2026-05-07T02:45:45.948+0000] {sensors.py:45} INFO - Market open check at 2026-05-06 22:45 ET: False
[2026-05-07T02:45:45.978+0000] {taskinstance.py:2658} INFO - Rescheduling task, marking task as UP_FOR_RESCHEDULE
[2026-05-07T02:45:46.027+0000] {local_task_job_runner.py:234} INFO - Task exited with return code 0
[2026-05-07T02:45:46.066+0000] {taskinstance.py:3280} INFO - 0 downstream tasks scheduled from follow-on schedule check
[2026-05-07T03:00:47.320+0000] {taskinstance.py:1956} INFO - Dependencies all met for dep_context=non-requeueable deps ti=<TaskInstance: fetch_market_data.check_market_open scheduled__2026-05-07T01:00:00+00:00 [queued]>
[2026-05-07T03:00:47.331+0000] {taskinstance.py:1956} INFO - Dependencies all met for dep_context=requeueable deps ti=<TaskInstance: fetch_market_data.check_market_open scheduled__2026-05-07T01:00:00+00:00 [queued]>
[2026-05-07T03:00:47.331+0000] {taskinstance.py:2170} INFO - Starting attempt 1 of 3
[2026-05-07T03:00:47.346+0000] {taskinstance.py:2191} INFO - Executing <Task(MarketOpenSensor): check_market_open> on 2026-05-07 01:00:00+00:00
[2026-05-07T03:00:47.356+0000] {standard_task_runner.py:60} INFO - Started process 1080382 to run task
[2026-05-07T03:00:47.360+0000] {standard_task_runner.py:87} INFO - Running: ['airflow', 'tasks', 'run', 'fetch_market_data', 'check_market_open', 'scheduled__2026-05-07T01:00:00+00:00', '--job-id', '1452', '--raw', '--subdir', 'DAGS_FOLDER/fetch_market_data.py', '--cfg-path', '/tmp/tmp7mspn_mi']
[2026-05-07T03:00:47.363+0000] {standard_task_runner.py:88} INFO - Job 1452: Subtask check_market_open
[2026-05-07T03:00:47.436+0000] {task_command.py:423} INFO - Running <TaskInstance: fetch_market_data.check_market_open scheduled__2026-05-07T01:00:00+00:00 [running]> on host reddit-pipeline-vm
[2026-05-07T03:00:47.544+0000] {taskinstance.py:2480} INFO - Exporting env vars: AIRFLOW_CTX_DAG_OWNER='pipeline' AIRFLOW_CTX_DAG_ID='fetch_market_data' AIRFLOW_CTX_TASK_ID='check_market_open' AIRFLOW_CTX_EXECUTION_DATE='2026-05-07T01:00:00+00:00' AIRFLOW_CTX_TRY_NUMBER='1' AIRFLOW_CTX_DAG_RUN_ID='scheduled__2026-05-07T01:00:00+00:00'
[2026-05-07T03:00:47.562+0000] {sensors.py:45} INFO - Market open check at 2026-05-06 23:00 ET: False
[2026-05-07T03:00:47.562+0000] {taskinstance.py:2360} INFO - Sensor has timed out; run duration of 3605.265511 seconds exceeds the specified timeout of 3600.0.
[2026-05-07T03:00:47.578+0000] {taskinstance.py:1138} INFO - Marking task as SKIPPED. dag_id=fetch_market_data, task_id=check_market_open, execution_date=20260507T010000, start_date=20260507T030047, end_date=20260507T030047
[2026-05-07T03:00:47.614+0000] {local_task_job_runner.py:234} INFO - Task exited with return code 0
[2026-05-07T03:00:47.665+0000] {taskinstance.py:3280} INFO - 0 downstream tasks scheduled from follow-on schedule check
