[2026-05-08T13:02:24.842+0000] {taskinstance.py:1956} INFO - Dependencies all met for dep_context=non-requeueable deps ti=<TaskInstance: fetch_market_data.check_market_open scheduled__2026-05-08T12:00:00+00:00 [queued]>
[2026-05-08T13:02:24.849+0000] {taskinstance.py:1956} INFO - Dependencies all met for dep_context=requeueable deps ti=<TaskInstance: fetch_market_data.check_market_open scheduled__2026-05-08T12:00:00+00:00 [queued]>
[2026-05-08T13:02:24.849+0000] {taskinstance.py:2170} INFO - Starting attempt 1 of 3
[2026-05-08T13:02:24.862+0000] {taskinstance.py:2191} INFO - Executing <Task(MarketOpenSensor): check_market_open> on 2026-05-08 12:00:00+00:00
[2026-05-08T13:02:24.869+0000] {standard_task_runner.py:60} INFO - Started process 1217961 to run task
[2026-05-08T13:02:24.872+0000] {standard_task_runner.py:87} INFO - Running: ['airflow', 'tasks', 'run', 'fetch_market_data', 'check_market_open', 'scheduled__2026-05-08T12:00:00+00:00', '--job-id', '1667', '--raw', '--subdir', 'DAGS_FOLDER/fetch_market_data.py', '--cfg-path', '/tmp/tmp7pr6m2x2']
[2026-05-08T13:02:24.875+0000] {standard_task_runner.py:88} INFO - Job 1667: Subtask check_market_open
[2026-05-08T13:02:24.942+0000] {task_command.py:423} INFO - Running <TaskInstance: fetch_market_data.check_market_open scheduled__2026-05-08T12:00:00+00:00 [running]> on host reddit-pipeline-vm
[2026-05-08T13:02:25.045+0000] {taskinstance.py:2480} INFO - Exporting env vars: AIRFLOW_CTX_DAG_OWNER='pipeline' AIRFLOW_CTX_DAG_ID='fetch_market_data' AIRFLOW_CTX_TASK_ID='check_market_open' AIRFLOW_CTX_EXECUTION_DATE='2026-05-08T12:00:00+00:00' AIRFLOW_CTX_TRY_NUMBER='1' AIRFLOW_CTX_DAG_RUN_ID='scheduled__2026-05-08T12:00:00+00:00'
[2026-05-08T13:02:25.061+0000] {sensors.py:45} INFO - Market open check at 2026-05-08 09:02 ET: False
[2026-05-08T13:02:25.087+0000] {taskinstance.py:2658} INFO - Rescheduling task, marking task as UP_FOR_RESCHEDULE
[2026-05-08T13:02:25.125+0000] {local_task_job_runner.py:234} INFO - Task exited with return code 0
[2026-05-08T13:02:25.160+0000] {taskinstance.py:3280} INFO - 0 downstream tasks scheduled from follow-on schedule check
[2026-05-08T13:17:25.952+0000] {taskinstance.py:1956} INFO - Dependencies all met for dep_context=non-requeueable deps ti=<TaskInstance: fetch_market_data.check_market_open scheduled__2026-05-08T12:00:00+00:00 [queued]>
[2026-05-08T13:17:25.962+0000] {taskinstance.py:1956} INFO - Dependencies all met for dep_context=requeueable deps ti=<TaskInstance: fetch_market_data.check_market_open scheduled__2026-05-08T12:00:00+00:00 [queued]>
[2026-05-08T13:17:25.962+0000] {taskinstance.py:2170} INFO - Starting attempt 1 of 3
[2026-05-08T13:17:25.976+0000] {taskinstance.py:2191} INFO - Executing <Task(MarketOpenSensor): check_market_open> on 2026-05-08 12:00:00+00:00
[2026-05-08T13:17:25.983+0000] {standard_task_runner.py:60} INFO - Started process 1218922 to run task
[2026-05-08T13:17:25.986+0000] {standard_task_runner.py:87} INFO - Running: ['airflow', 'tasks', 'run', 'fetch_market_data', 'check_market_open', 'scheduled__2026-05-08T12:00:00+00:00', '--job-id', '1668', '--raw', '--subdir', 'DAGS_FOLDER/fetch_market_data.py', '--cfg-path', '/tmp/tmpgkgosj2y']
[2026-05-08T13:17:25.988+0000] {standard_task_runner.py:88} INFO - Job 1668: Subtask check_market_open
[2026-05-08T13:17:26.060+0000] {task_command.py:423} INFO - Running <TaskInstance: fetch_market_data.check_market_open scheduled__2026-05-08T12:00:00+00:00 [running]> on host reddit-pipeline-vm
[2026-05-08T13:17:26.168+0000] {taskinstance.py:2480} INFO - Exporting env vars: AIRFLOW_CTX_DAG_OWNER='pipeline' AIRFLOW_CTX_DAG_ID='fetch_market_data' AIRFLOW_CTX_TASK_ID='check_market_open' AIRFLOW_CTX_EXECUTION_DATE='2026-05-08T12:00:00+00:00' AIRFLOW_CTX_TRY_NUMBER='1' AIRFLOW_CTX_DAG_RUN_ID='scheduled__2026-05-08T12:00:00+00:00'
[2026-05-08T13:17:26.186+0000] {sensors.py:45} INFO - Market open check at 2026-05-08 09:17 ET: False
[2026-05-08T13:17:26.214+0000] {taskinstance.py:2658} INFO - Rescheduling task, marking task as UP_FOR_RESCHEDULE
[2026-05-08T13:17:26.239+0000] {local_task_job_runner.py:234} INFO - Task exited with return code 0
[2026-05-08T13:17:26.277+0000] {taskinstance.py:3280} INFO - 0 downstream tasks scheduled from follow-on schedule check
[2026-05-08T13:32:27.384+0000] {taskinstance.py:1956} INFO - Dependencies all met for dep_context=non-requeueable deps ti=<TaskInstance: fetch_market_data.check_market_open scheduled__2026-05-08T12:00:00+00:00 [queued]>
[2026-05-08T13:32:27.395+0000] {taskinstance.py:1956} INFO - Dependencies all met for dep_context=requeueable deps ti=<TaskInstance: fetch_market_data.check_market_open scheduled__2026-05-08T12:00:00+00:00 [queued]>
[2026-05-08T13:32:27.395+0000] {taskinstance.py:2170} INFO - Starting attempt 1 of 3
[2026-05-08T13:32:27.409+0000] {taskinstance.py:2191} INFO - Executing <Task(MarketOpenSensor): check_market_open> on 2026-05-08 12:00:00+00:00
[2026-05-08T13:32:27.416+0000] {standard_task_runner.py:60} INFO - Started process 1219909 to run task
[2026-05-08T13:32:27.420+0000] {standard_task_runner.py:87} INFO - Running: ['airflow', 'tasks', 'run', 'fetch_market_data', 'check_market_open', 'scheduled__2026-05-08T12:00:00+00:00', '--job-id', '1669', '--raw', '--subdir', 'DAGS_FOLDER/fetch_market_data.py', '--cfg-path', '/tmp/tmpjnw_nlx1']
[2026-05-08T13:32:27.422+0000] {standard_task_runner.py:88} INFO - Job 1669: Subtask check_market_open
[2026-05-08T13:32:27.496+0000] {task_command.py:423} INFO - Running <TaskInstance: fetch_market_data.check_market_open scheduled__2026-05-08T12:00:00+00:00 [running]> on host reddit-pipeline-vm
[2026-05-08T13:32:27.604+0000] {taskinstance.py:2480} INFO - Exporting env vars: AIRFLOW_CTX_DAG_OWNER='pipeline' AIRFLOW_CTX_DAG_ID='fetch_market_data' AIRFLOW_CTX_TASK_ID='check_market_open' AIRFLOW_CTX_EXECUTION_DATE='2026-05-08T12:00:00+00:00' AIRFLOW_CTX_TRY_NUMBER='1' AIRFLOW_CTX_DAG_RUN_ID='scheduled__2026-05-08T12:00:00+00:00'
[2026-05-08T13:32:27.626+0000] {sensors.py:45} INFO - Market open check at 2026-05-08 09:32 ET: True
[2026-05-08T13:32:27.627+0000] {base.py:295} INFO - Success criteria met. Exiting.
[2026-05-08T13:32:27.643+0000] {taskinstance.py:1138} INFO - Marking task as SUCCESS. dag_id=fetch_market_data, task_id=check_market_open, execution_date=20260508T120000, start_date=20260508T133227, end_date=20260508T133227
[2026-05-08T13:32:27.714+0000] {local_task_job_runner.py:234} INFO - Task exited with return code 0
[2026-05-08T13:32:27.772+0000] {taskinstance.py:3280} INFO - 7 downstream tasks scheduled from follow-on schedule check
