[2026-05-12T15:04:20.380+0000] {taskinstance.py:1956} INFO - Dependencies all met for dep_context=non-requeueable deps ti=<TaskInstance: run_dbt_models.dbt_run manual__2026-05-12T15:04:19.497409+00:00 [queued]>
[2026-05-12T15:04:20.386+0000] {taskinstance.py:1956} INFO - Dependencies all met for dep_context=requeueable deps ti=<TaskInstance: run_dbt_models.dbt_run manual__2026-05-12T15:04:19.497409+00:00 [queued]>
[2026-05-12T15:04:20.387+0000] {taskinstance.py:2170} INFO - Starting attempt 1 of 2
[2026-05-12T15:04:20.397+0000] {taskinstance.py:2191} INFO - Executing <Task(BashOperator): dbt_run> on 2026-05-12 15:04:19.497409+00:00
[2026-05-12T15:04:20.402+0000] {standard_task_runner.py:60} INFO - Started process 1609196 to run task
[2026-05-12T15:04:20.405+0000] {standard_task_runner.py:87} INFO - Running: ['airflow', 'tasks', 'run', 'run_dbt_models', 'dbt_run', 'manual__2026-05-12T15:04:19.497409+00:00', '--job-id', '2029', '--raw', '--subdir', 'DAGS_FOLDER/run_dbt_models.py', '--cfg-path', '/tmp/tmpaony_jq9']
[2026-05-12T15:04:20.407+0000] {standard_task_runner.py:88} INFO - Job 2029: Subtask dbt_run
[2026-05-12T15:04:20.470+0000] {task_command.py:423} INFO - Running <TaskInstance: run_dbt_models.dbt_run manual__2026-05-12T15:04:19.497409+00:00 [running]> on host reddit-pipeline-vm
[2026-05-12T15:04:20.573+0000] {taskinstance.py:2480} INFO - Exporting env vars: AIRFLOW_CTX_DAG_OWNER='pipeline' AIRFLOW_CTX_DAG_ID='run_dbt_models' AIRFLOW_CTX_TASK_ID='dbt_run' AIRFLOW_CTX_EXECUTION_DATE='2026-05-12T15:04:19.497409+00:00' AIRFLOW_CTX_TRY_NUMBER='1' AIRFLOW_CTX_DAG_RUN_ID='manual__2026-05-12T15:04:19.497409+00:00'
[2026-05-12T15:04:20.574+0000] {subprocess.py:63} INFO - Tmp dir root location: /tmp
[2026-05-12T15:04:20.574+0000] {subprocess.py:75} INFO - Running command: ['/usr/bin/bash', '-c', 'cd /home/ubuntu/github_repo/Stock-Market-Intelligence-Pipeline/dbt_project && /home/ubuntu/github_repo/Stock-Market-Intelligence-Pipeline/venv/bin/dbt run --profiles-dir /home/ubuntu/github_repo/Stock-Market-Intelligence-Pipeline/dbt_project']
[2026-05-12T15:04:20.585+0000] {subprocess.py:86} INFO - Output:
[2026-05-12T15:04:22.392+0000] {subprocess.py:93} INFO - [0m15:04:22  Running with dbt=1.7.0
[2026-05-12T15:04:22.637+0000] {subprocess.py:93} INFO - [0m15:04:22  Registered adapter: postgres=1.7.0
[2026-05-12T15:04:22.688+0000] {subprocess.py:93} INFO - [0m15:04:22  Found 5 models, 8 tests, 0 sources, 0 exposures, 0 metrics, 401 macros, 0 groups, 0 semantic models
[2026-05-12T15:04:22.690+0000] {subprocess.py:93} INFO - [0m15:04:22
[2026-05-12T15:04:22.813+0000] {subprocess.py:93} INFO - [0m15:04:22  Concurrency: 2 threads (target='dev')
[2026-05-12T15:04:22.814+0000] {subprocess.py:93} INFO - [0m15:04:22
[2026-05-12T15:04:22.817+0000] {subprocess.py:93} INFO - [0m15:04:22  1 of 5 START sql view model public_staging.stg_prices .......................... [RUN]
[2026-05-12T15:04:22.925+0000] {subprocess.py:93} INFO - [0m15:04:22  1 of 5 OK created sql view model public_staging.stg_prices ..................... [[32mCREATE VIEW[0m in 0.11s]
[2026-05-12T15:04:22.928+0000] {subprocess.py:93} INFO - [0m15:04:22  2 of 5 START sql view model public_staging.int_price_with_returns .............. [RUN]
[2026-05-12T15:04:22.974+0000] {subprocess.py:93} INFO - [0m15:04:22  2 of 5 OK created sql view model public_staging.int_price_with_returns ......... [[32mCREATE VIEW[0m in 0.05s]
[2026-05-12T15:04:22.976+0000] {subprocess.py:93} INFO - [0m15:04:22  3 of 5 START sql table model public.fact_prices ................................ [RUN]
[2026-05-12T15:04:23.066+0000] {subprocess.py:93} INFO - [0m15:04:23  3 of 5 OK created sql table model public.fact_prices ........................... [[32mSELECT 3913[0m in 0.09s]
[2026-05-12T15:04:23.068+0000] {subprocess.py:93} INFO - [0m15:04:23  4 of 5 START sql table model public.fact_indicators ............................ [RUN]
[2026-05-12T15:04:23.266+0000] {subprocess.py:93} INFO - [0m15:04:23  4 of 5 OK created sql table model public.fact_indicators ....................... [[32mSELECT 3913[0m in 0.20s]
[2026-05-12T15:04:23.268+0000] {subprocess.py:93} INFO - [0m15:04:23  5 of 5 START sql table model public.fact_alerts ................................ [RUN]
[2026-05-12T15:04:23.343+0000] {subprocess.py:93} INFO - [0m15:04:23  5 of 5 OK created sql table model public.fact_alerts ........................... [[32mSELECT 2256[0m in 0.07s]
[2026-05-12T15:04:23.363+0000] {subprocess.py:93} INFO - [0m15:04:23
[2026-05-12T15:04:23.363+0000] {subprocess.py:93} INFO - [0m15:04:23  Finished running 2 view models, 3 table models in 0 hours 0 minutes and 0.67 seconds (0.67s).
[2026-05-12T15:04:23.376+0000] {subprocess.py:93} INFO - [0m15:04:23
[2026-05-12T15:04:23.376+0000] {subprocess.py:93} INFO - [0m15:04:23  [32mCompleted successfully[0m
[2026-05-12T15:04:23.377+0000] {subprocess.py:93} INFO - [0m15:04:23
[2026-05-12T15:04:23.377+0000] {subprocess.py:93} INFO - [0m15:04:23  Done. PASS=5 WARN=0 ERROR=0 SKIP=0 TOTAL=5
[2026-05-12T15:04:25.225+0000] {subprocess.py:97} INFO - Command exited with return code 0
[2026-05-12T15:04:25.264+0000] {taskinstance.py:1138} INFO - Marking task as SUCCESS. dag_id=run_dbt_models, task_id=dbt_run, execution_date=20260512T150419, start_date=20260512T150420, end_date=20260512T150425
[2026-05-12T15:04:25.318+0000] {local_task_job_runner.py:234} INFO - Task exited with return code 0
[2026-05-12T15:04:25.346+0000] {taskinstance.py:3280} INFO - 1 downstream tasks scheduled from follow-on schedule check
