[2026-05-08T02:00:53.814+0000] {taskinstance.py:1956} INFO - Dependencies all met for dep_context=non-requeueable deps ti=<TaskInstance: fetch_market_data.check_market_open scheduled__2026-05-08T01:00:00+00:00 [queued]>
[2026-05-08T02:00:53.823+0000] {taskinstance.py:1956} INFO - Dependencies all met for dep_context=requeueable deps ti=<TaskInstance: fetch_market_data.check_market_open scheduled__2026-05-08T01:00:00+00:00 [queued]>
[2026-05-08T02:00:53.823+0000] {taskinstance.py:2170} INFO - Starting attempt 1 of 3
[2026-05-08T02:00:53.837+0000] {taskinstance.py:2191} INFO - Executing <Task(MarketOpenSensor): check_market_open> on 2026-05-08 01:00:00+00:00
[2026-05-08T02:00:53.844+0000] {standard_task_runner.py:60} INFO - Started process 1173095 to run task
[2026-05-08T02:00:53.849+0000] {standard_task_runner.py:87} INFO - Running: ['airflow', 'tasks', 'run', 'fetch_market_data', 'check_market_open', 'scheduled__2026-05-08T01:00:00+00:00', '--job-id', '1612', '--raw', '--subdir', 'DAGS_FOLDER/fetch_market_data.py', '--cfg-path', '/tmp/tmpjthm3wyh']
[2026-05-08T02:00:53.852+0000] {standard_task_runner.py:88} INFO - Job 1612: Subtask check_market_open
[2026-05-08T02:00:53.925+0000] {task_command.py:423} INFO - Running <TaskInstance: fetch_market_data.check_market_open scheduled__2026-05-08T01:00:00+00:00 [running]> on host reddit-pipeline-vm
[2026-05-08T02:00:54.035+0000] {taskinstance.py:2480} INFO - Exporting env vars: AIRFLOW_CTX_DAG_OWNER='pipeline' AIRFLOW_CTX_DAG_ID='fetch_market_data' AIRFLOW_CTX_TASK_ID='check_market_open' AIRFLOW_CTX_EXECUTION_DATE='2026-05-08T01:00:00+00:00' AIRFLOW_CTX_TRY_NUMBER='1' AIRFLOW_CTX_DAG_RUN_ID='scheduled__2026-05-08T01:00:00+00:00'
[2026-05-08T02:00:54.052+0000] {sensors.py:45} INFO - Market open check at 2026-05-07 22:00 ET: False
[2026-05-08T02:00:54.080+0000] {taskinstance.py:2658} INFO - Rescheduling task, marking task as UP_FOR_RESCHEDULE
[2026-05-08T02:00:54.101+0000] {local_task_job_runner.py:234} INFO - Task exited with return code 0
[2026-05-08T02:00:54.138+0000] {taskinstance.py:3280} INFO - 0 downstream tasks scheduled from follow-on schedule check
[2026-05-08T02:15:54.745+0000] {taskinstance.py:1956} INFO - Dependencies all met for dep_context=non-requeueable deps ti=<TaskInstance: fetch_market_data.check_market_open scheduled__2026-05-08T01:00:00+00:00 [queued]>
[2026-05-08T02:15:54.754+0000] {taskinstance.py:1956} INFO - Dependencies all met for dep_context=requeueable deps ti=<TaskInstance: fetch_market_data.check_market_open scheduled__2026-05-08T01:00:00+00:00 [queued]>
[2026-05-08T02:15:54.754+0000] {taskinstance.py:2170} INFO - Starting attempt 1 of 3
[2026-05-08T02:15:54.768+0000] {taskinstance.py:2191} INFO - Executing <Task(MarketOpenSensor): check_market_open> on 2026-05-08 01:00:00+00:00
[2026-05-08T02:15:54.776+0000] {standard_task_runner.py:60} INFO - Started process 1174257 to run task
[2026-05-08T02:15:54.781+0000] {standard_task_runner.py:87} INFO - Running: ['airflow', 'tasks', 'run', 'fetch_market_data', 'check_market_open', 'scheduled__2026-05-08T01:00:00+00:00', '--job-id', '1613', '--raw', '--subdir', 'DAGS_FOLDER/fetch_market_data.py', '--cfg-path', '/tmp/tmpwwyau3g6']
[2026-05-08T02:15:54.783+0000] {standard_task_runner.py:88} INFO - Job 1613: Subtask check_market_open
[2026-05-08T02:15:54.858+0000] {task_command.py:423} INFO - Running <TaskInstance: fetch_market_data.check_market_open scheduled__2026-05-08T01:00:00+00:00 [running]> on host reddit-pipeline-vm
[2026-05-08T02:15:54.963+0000] {taskinstance.py:2480} INFO - Exporting env vars: AIRFLOW_CTX_DAG_OWNER='pipeline' AIRFLOW_CTX_DAG_ID='fetch_market_data' AIRFLOW_CTX_TASK_ID='check_market_open' AIRFLOW_CTX_EXECUTION_DATE='2026-05-08T01:00:00+00:00' AIRFLOW_CTX_TRY_NUMBER='1' AIRFLOW_CTX_DAG_RUN_ID='scheduled__2026-05-08T01:00:00+00:00'
[2026-05-08T02:15:54.980+0000] {sensors.py:45} INFO - Market open check at 2026-05-07 22:15 ET: False
[2026-05-08T02:15:55.007+0000] {taskinstance.py:2658} INFO - Rescheduling task, marking task as UP_FOR_RESCHEDULE
[2026-05-08T02:15:55.034+0000] {local_task_job_runner.py:234} INFO - Task exited with return code 0
[2026-05-08T02:15:55.073+0000] {taskinstance.py:3280} INFO - 0 downstream tasks scheduled from follow-on schedule check
[2026-05-08T02:30:55.653+0000] {taskinstance.py:1956} INFO - Dependencies all met for dep_context=non-requeueable deps ti=<TaskInstance: fetch_market_data.check_market_open scheduled__2026-05-08T01:00:00+00:00 [queued]>
[2026-05-08T02:30:55.660+0000] {taskinstance.py:1956} INFO - Dependencies all met for dep_context=requeueable deps ti=<TaskInstance: fetch_market_data.check_market_open scheduled__2026-05-08T01:00:00+00:00 [queued]>
[2026-05-08T02:30:55.660+0000] {taskinstance.py:2170} INFO - Starting attempt 1 of 3
[2026-05-08T02:30:55.672+0000] {taskinstance.py:2191} INFO - Executing <Task(MarketOpenSensor): check_market_open> on 2026-05-08 01:00:00+00:00
[2026-05-08T02:30:55.678+0000] {standard_task_runner.py:60} INFO - Started process 1175276 to run task
[2026-05-08T02:30:55.682+0000] {standard_task_runner.py:87} INFO - Running: ['airflow', 'tasks', 'run', 'fetch_market_data', 'check_market_open', 'scheduled__2026-05-08T01:00:00+00:00', '--job-id', '1614', '--raw', '--subdir', 'DAGS_FOLDER/fetch_market_data.py', '--cfg-path', '/tmp/tmp0fyf8kf1']
[2026-05-08T02:30:55.683+0000] {standard_task_runner.py:88} INFO - Job 1614: Subtask check_market_open
[2026-05-08T02:30:55.749+0000] {task_command.py:423} INFO - Running <TaskInstance: fetch_market_data.check_market_open scheduled__2026-05-08T01:00:00+00:00 [running]> on host reddit-pipeline-vm
[2026-05-08T02:30:55.842+0000] {taskinstance.py:2480} INFO - Exporting env vars: AIRFLOW_CTX_DAG_OWNER='pipeline' AIRFLOW_CTX_DAG_ID='fetch_market_data' AIRFLOW_CTX_TASK_ID='check_market_open' AIRFLOW_CTX_EXECUTION_DATE='2026-05-08T01:00:00+00:00' AIRFLOW_CTX_TRY_NUMBER='1' AIRFLOW_CTX_DAG_RUN_ID='scheduled__2026-05-08T01:00:00+00:00'
[2026-05-08T02:30:55.858+0000] {sensors.py:45} INFO - Market open check at 2026-05-07 22:30 ET: False
[2026-05-08T02:30:55.881+0000] {taskinstance.py:2658} INFO - Rescheduling task, marking task as UP_FOR_RESCHEDULE
[2026-05-08T02:30:55.897+0000] {local_task_job_runner.py:234} INFO - Task exited with return code 0
[2026-05-08T02:30:55.931+0000] {taskinstance.py:3280} INFO - 0 downstream tasks scheduled from follow-on schedule check
[2026-05-08T02:45:56.446+0000] {taskinstance.py:1956} INFO - Dependencies all met for dep_context=non-requeueable deps ti=<TaskInstance: fetch_market_data.check_market_open scheduled__2026-05-08T01:00:00+00:00 [queued]>
[2026-05-08T02:45:56.453+0000] {taskinstance.py:1956} INFO - Dependencies all met for dep_context=requeueable deps ti=<TaskInstance: fetch_market_data.check_market_open scheduled__2026-05-08T01:00:00+00:00 [queued]>
[2026-05-08T02:45:56.453+0000] {taskinstance.py:2170} INFO - Starting attempt 1 of 3
[2026-05-08T02:45:56.465+0000] {taskinstance.py:2191} INFO - Executing <Task(MarketOpenSensor): check_market_open> on 2026-05-08 01:00:00+00:00
[2026-05-08T02:45:56.471+0000] {standard_task_runner.py:60} INFO - Started process 1176304 to run task
[2026-05-08T02:45:56.474+0000] {standard_task_runner.py:87} INFO - Running: ['airflow', 'tasks', 'run', 'fetch_market_data', 'check_market_open', 'scheduled__2026-05-08T01:00:00+00:00', '--job-id', '1615', '--raw', '--subdir', 'DAGS_FOLDER/fetch_market_data.py', '--cfg-path', '/tmp/tmp1ffhpnap']
[2026-05-08T02:45:56.476+0000] {standard_task_runner.py:88} INFO - Job 1615: Subtask check_market_open
[2026-05-08T02:45:56.540+0000] {task_command.py:423} INFO - Running <TaskInstance: fetch_market_data.check_market_open scheduled__2026-05-08T01:00:00+00:00 [running]> on host reddit-pipeline-vm
[2026-05-08T02:45:56.633+0000] {taskinstance.py:2480} INFO - Exporting env vars: AIRFLOW_CTX_DAG_OWNER='pipeline' AIRFLOW_CTX_DAG_ID='fetch_market_data' AIRFLOW_CTX_TASK_ID='check_market_open' AIRFLOW_CTX_EXECUTION_DATE='2026-05-08T01:00:00+00:00' AIRFLOW_CTX_TRY_NUMBER='1' AIRFLOW_CTX_DAG_RUN_ID='scheduled__2026-05-08T01:00:00+00:00'
[2026-05-08T02:45:56.649+0000] {sensors.py:45} INFO - Market open check at 2026-05-07 22:45 ET: False
[2026-05-08T02:45:56.673+0000] {taskinstance.py:2658} INFO - Rescheduling task, marking task as UP_FOR_RESCHEDULE
[2026-05-08T02:45:56.688+0000] {local_task_job_runner.py:234} INFO - Task exited with return code 0
[2026-05-08T02:45:56.722+0000] {taskinstance.py:3280} INFO - 0 downstream tasks scheduled from follow-on schedule check
[2026-05-08T03:00:57.979+0000] {taskinstance.py:1956} INFO - Dependencies all met for dep_context=non-requeueable deps ti=<TaskInstance: fetch_market_data.check_market_open scheduled__2026-05-08T01:00:00+00:00 [queued]>
[2026-05-08T03:00:57.986+0000] {taskinstance.py:1956} INFO - Dependencies all met for dep_context=requeueable deps ti=<TaskInstance: fetch_market_data.check_market_open scheduled__2026-05-08T01:00:00+00:00 [queued]>
[2026-05-08T03:00:57.986+0000] {taskinstance.py:2170} INFO - Starting attempt 1 of 3
[2026-05-08T03:00:57.997+0000] {taskinstance.py:2191} INFO - Executing <Task(MarketOpenSensor): check_market_open> on 2026-05-08 01:00:00+00:00
[2026-05-08T03:00:58.003+0000] {standard_task_runner.py:60} INFO - Started process 1177332 to run task
[2026-05-08T03:00:58.006+0000] {standard_task_runner.py:87} INFO - Running: ['airflow', 'tasks', 'run', 'fetch_market_data', 'check_market_open', 'scheduled__2026-05-08T01:00:00+00:00', '--job-id', '1616', '--raw', '--subdir', 'DAGS_FOLDER/fetch_market_data.py', '--cfg-path', '/tmp/tmp1p61zck2']
[2026-05-08T03:00:58.008+0000] {standard_task_runner.py:88} INFO - Job 1616: Subtask check_market_open
[2026-05-08T03:00:58.071+0000] {task_command.py:423} INFO - Running <TaskInstance: fetch_market_data.check_market_open scheduled__2026-05-08T01:00:00+00:00 [running]> on host reddit-pipeline-vm
[2026-05-08T03:00:58.164+0000] {taskinstance.py:2480} INFO - Exporting env vars: AIRFLOW_CTX_DAG_OWNER='pipeline' AIRFLOW_CTX_DAG_ID='fetch_market_data' AIRFLOW_CTX_TASK_ID='check_market_open' AIRFLOW_CTX_EXECUTION_DATE='2026-05-08T01:00:00+00:00' AIRFLOW_CTX_TRY_NUMBER='1' AIRFLOW_CTX_DAG_RUN_ID='scheduled__2026-05-08T01:00:00+00:00'
[2026-05-08T03:00:58.180+0000] {sensors.py:45} INFO - Market open check at 2026-05-07 23:00 ET: False
[2026-05-08T03:00:58.180+0000] {taskinstance.py:2360} INFO - Sensor has timed out; run duration of 3604.223291 seconds exceeds the specified timeout of 3600.0.
[2026-05-08T03:00:58.195+0000] {taskinstance.py:1138} INFO - Marking task as SKIPPED. dag_id=fetch_market_data, task_id=check_market_open, execution_date=20260508T010000, start_date=20260508T030057, end_date=20260508T030058
[2026-05-08T03:00:58.219+0000] {local_task_job_runner.py:234} INFO - Task exited with return code 0
[2026-05-08T03:00:58.261+0000] {taskinstance.py:3280} INFO - 0 downstream tasks scheduled from follow-on schedule check
