[2026-04-30T23:50:30.360+0000] {taskinstance.py:1956} INFO - Dependencies all met for dep_context=non-requeueable deps ti=<TaskInstance: fetch_market_data.check_market_open scheduled__2026-04-30T23:30:00+00:00 [queued]>
[2026-04-30T23:50:30.367+0000] {taskinstance.py:1956} INFO - Dependencies all met for dep_context=requeueable deps ti=<TaskInstance: fetch_market_data.check_market_open scheduled__2026-04-30T23:30:00+00:00 [queued]>
[2026-04-30T23:50:30.367+0000] {taskinstance.py:2170} INFO - Starting attempt 1 of 3
[2026-04-30T23:50:30.377+0000] {taskinstance.py:2191} INFO - Executing <Task(MarketOpenSensor): check_market_open> on 2026-04-30 23:30:00+00:00
[2026-04-30T23:50:30.383+0000] {standard_task_runner.py:60} INFO - Started process 641929 to run task
[2026-04-30T23:50:30.386+0000] {standard_task_runner.py:87} INFO - Running: ['airflow', 'tasks', 'run', 'fetch_market_data', 'check_market_open', 'scheduled__2026-04-30T23:30:00+00:00', '--job-id', '398', '--raw', '--subdir', 'DAGS_FOLDER/fetch_market_data.py', '--cfg-path', '/tmp/tmpsjj_vtny']
[2026-04-30T23:50:30.388+0000] {standard_task_runner.py:88} INFO - Job 398: Subtask check_market_open
[2026-04-30T23:50:30.463+0000] {task_command.py:423} INFO - Running <TaskInstance: fetch_market_data.check_market_open scheduled__2026-04-30T23:30:00+00:00 [running]> on host reddit-pipeline-vm
[2026-04-30T23:50:30.577+0000] {taskinstance.py:2480} INFO - Exporting env vars: AIRFLOW_CTX_DAG_OWNER='pipeline' AIRFLOW_CTX_DAG_ID='fetch_market_data' AIRFLOW_CTX_TASK_ID='check_market_open' AIRFLOW_CTX_EXECUTION_DATE='2026-04-30T23:30:00+00:00' AIRFLOW_CTX_TRY_NUMBER='1' AIRFLOW_CTX_DAG_RUN_ID='scheduled__2026-04-30T23:30:00+00:00'
[2026-04-30T23:50:30.595+0000] {sensors.py:45} INFO - Market open check at 2026-04-30 19:50 ET: False
[2026-04-30T23:50:30.621+0000] {taskinstance.py:2658} INFO - Rescheduling task, marking task as UP_FOR_RESCHEDULE
[2026-04-30T23:50:30.640+0000] {local_task_job_runner.py:234} INFO - Task exited with return code 0
[2026-04-30T23:50:30.679+0000] {taskinstance.py:3280} INFO - 0 downstream tasks scheduled from follow-on schedule check
[2026-04-30T23:51:31.572+0000] {taskinstance.py:1956} INFO - Dependencies all met for dep_context=non-requeueable deps ti=<TaskInstance: fetch_market_data.check_market_open scheduled__2026-04-30T23:30:00+00:00 [queued]>
[2026-04-30T23:51:31.580+0000] {taskinstance.py:1956} INFO - Dependencies all met for dep_context=requeueable deps ti=<TaskInstance: fetch_market_data.check_market_open scheduled__2026-04-30T23:30:00+00:00 [queued]>
[2026-04-30T23:51:31.581+0000] {taskinstance.py:2170} INFO - Starting attempt 1 of 3
[2026-04-30T23:51:31.591+0000] {taskinstance.py:2191} INFO - Executing <Task(MarketOpenSensor): check_market_open> on 2026-04-30 23:30:00+00:00
[2026-04-30T23:51:31.597+0000] {standard_task_runner.py:60} INFO - Started process 641996 to run task
[2026-04-30T23:51:31.600+0000] {standard_task_runner.py:87} INFO - Running: ['airflow', 'tasks', 'run', 'fetch_market_data', 'check_market_open', 'scheduled__2026-04-30T23:30:00+00:00', '--job-id', '399', '--raw', '--subdir', 'DAGS_FOLDER/fetch_market_data.py', '--cfg-path', '/tmp/tmpqfb2apzd']
[2026-04-30T23:51:31.602+0000] {standard_task_runner.py:88} INFO - Job 399: Subtask check_market_open
[2026-04-30T23:51:31.678+0000] {task_command.py:423} INFO - Running <TaskInstance: fetch_market_data.check_market_open scheduled__2026-04-30T23:30:00+00:00 [running]> on host reddit-pipeline-vm
[2026-04-30T23:51:31.786+0000] {taskinstance.py:2480} INFO - Exporting env vars: AIRFLOW_CTX_DAG_OWNER='pipeline' AIRFLOW_CTX_DAG_ID='fetch_market_data' AIRFLOW_CTX_TASK_ID='check_market_open' AIRFLOW_CTX_EXECUTION_DATE='2026-04-30T23:30:00+00:00' AIRFLOW_CTX_TRY_NUMBER='1' AIRFLOW_CTX_DAG_RUN_ID='scheduled__2026-04-30T23:30:00+00:00'
[2026-04-30T23:51:31.804+0000] {sensors.py:45} INFO - Market open check at 2026-04-30 19:51 ET: False
[2026-04-30T23:51:31.831+0000] {taskinstance.py:2658} INFO - Rescheduling task, marking task as UP_FOR_RESCHEDULE
[2026-04-30T23:51:31.854+0000] {local_task_job_runner.py:234} INFO - Task exited with return code 0
[2026-04-30T23:51:31.894+0000] {taskinstance.py:3280} INFO - 0 downstream tasks scheduled from follow-on schedule check
[2026-04-30T23:52:32.803+0000] {taskinstance.py:1956} INFO - Dependencies all met for dep_context=non-requeueable deps ti=<TaskInstance: fetch_market_data.check_market_open scheduled__2026-04-30T23:30:00+00:00 [queued]>
[2026-04-30T23:52:32.810+0000] {taskinstance.py:1956} INFO - Dependencies all met for dep_context=requeueable deps ti=<TaskInstance: fetch_market_data.check_market_open scheduled__2026-04-30T23:30:00+00:00 [queued]>
[2026-04-30T23:52:32.811+0000] {taskinstance.py:2170} INFO - Starting attempt 1 of 3
[2026-04-30T23:52:32.821+0000] {taskinstance.py:2191} INFO - Executing <Task(MarketOpenSensor): check_market_open> on 2026-04-30 23:30:00+00:00
[2026-04-30T23:52:32.827+0000] {standard_task_runner.py:60} INFO - Started process 642066 to run task
[2026-04-30T23:52:32.831+0000] {standard_task_runner.py:87} INFO - Running: ['airflow', 'tasks', 'run', 'fetch_market_data', 'check_market_open', 'scheduled__2026-04-30T23:30:00+00:00', '--job-id', '400', '--raw', '--subdir', 'DAGS_FOLDER/fetch_market_data.py', '--cfg-path', '/tmp/tmp2c1ujnop']
[2026-04-30T23:52:32.833+0000] {standard_task_runner.py:88} INFO - Job 400: Subtask check_market_open
[2026-04-30T23:52:32.912+0000] {task_command.py:423} INFO - Running <TaskInstance: fetch_market_data.check_market_open scheduled__2026-04-30T23:30:00+00:00 [running]> on host reddit-pipeline-vm
[2026-04-30T23:52:33.021+0000] {taskinstance.py:2480} INFO - Exporting env vars: AIRFLOW_CTX_DAG_OWNER='pipeline' AIRFLOW_CTX_DAG_ID='fetch_market_data' AIRFLOW_CTX_TASK_ID='check_market_open' AIRFLOW_CTX_EXECUTION_DATE='2026-04-30T23:30:00+00:00' AIRFLOW_CTX_TRY_NUMBER='1' AIRFLOW_CTX_DAG_RUN_ID='scheduled__2026-04-30T23:30:00+00:00'
[2026-04-30T23:52:33.040+0000] {sensors.py:45} INFO - Market open check at 2026-04-30 19:52 ET: False
[2026-04-30T23:52:33.066+0000] {taskinstance.py:2658} INFO - Rescheduling task, marking task as UP_FOR_RESCHEDULE
[2026-04-30T23:52:33.085+0000] {local_task_job_runner.py:234} INFO - Task exited with return code 0
[2026-04-30T23:52:33.128+0000] {taskinstance.py:3280} INFO - 0 downstream tasks scheduled from follow-on schedule check
[2026-04-30T23:53:34.279+0000] {taskinstance.py:1956} INFO - Dependencies all met for dep_context=non-requeueable deps ti=<TaskInstance: fetch_market_data.check_market_open scheduled__2026-04-30T23:30:00+00:00 [queued]>
[2026-04-30T23:53:34.287+0000] {taskinstance.py:1956} INFO - Dependencies all met for dep_context=requeueable deps ti=<TaskInstance: fetch_market_data.check_market_open scheduled__2026-04-30T23:30:00+00:00 [queued]>
[2026-04-30T23:53:34.287+0000] {taskinstance.py:2170} INFO - Starting attempt 1 of 3
[2026-04-30T23:53:34.297+0000] {taskinstance.py:2191} INFO - Executing <Task(MarketOpenSensor): check_market_open> on 2026-04-30 23:30:00+00:00
[2026-04-30T23:53:34.303+0000] {standard_task_runner.py:60} INFO - Started process 642132 to run task
[2026-04-30T23:53:34.308+0000] {standard_task_runner.py:87} INFO - Running: ['airflow', 'tasks', 'run', 'fetch_market_data', 'check_market_open', 'scheduled__2026-04-30T23:30:00+00:00', '--job-id', '401', '--raw', '--subdir', 'DAGS_FOLDER/fetch_market_data.py', '--cfg-path', '/tmp/tmphemukf86']
[2026-04-30T23:53:34.310+0000] {standard_task_runner.py:88} INFO - Job 401: Subtask check_market_open
[2026-04-30T23:53:34.386+0000] {task_command.py:423} INFO - Running <TaskInstance: fetch_market_data.check_market_open scheduled__2026-04-30T23:30:00+00:00 [running]> on host reddit-pipeline-vm
[2026-04-30T23:53:34.494+0000] {taskinstance.py:2480} INFO - Exporting env vars: AIRFLOW_CTX_DAG_OWNER='pipeline' AIRFLOW_CTX_DAG_ID='fetch_market_data' AIRFLOW_CTX_TASK_ID='check_market_open' AIRFLOW_CTX_EXECUTION_DATE='2026-04-30T23:30:00+00:00' AIRFLOW_CTX_TRY_NUMBER='1' AIRFLOW_CTX_DAG_RUN_ID='scheduled__2026-04-30T23:30:00+00:00'
[2026-04-30T23:53:34.513+0000] {sensors.py:45} INFO - Market open check at 2026-04-30 19:53 ET: False
[2026-04-30T23:53:34.539+0000] {taskinstance.py:2658} INFO - Rescheduling task, marking task as UP_FOR_RESCHEDULE
[2026-04-30T23:53:34.561+0000] {local_task_job_runner.py:234} INFO - Task exited with return code 0
[2026-04-30T23:53:34.602+0000] {taskinstance.py:3280} INFO - 0 downstream tasks scheduled from follow-on schedule check
[2026-04-30T23:54:35.642+0000] {taskinstance.py:1956} INFO - Dependencies all met for dep_context=non-requeueable deps ti=<TaskInstance: fetch_market_data.check_market_open scheduled__2026-04-30T23:30:00+00:00 [queued]>
[2026-04-30T23:54:35.650+0000] {taskinstance.py:1956} INFO - Dependencies all met for dep_context=requeueable deps ti=<TaskInstance: fetch_market_data.check_market_open scheduled__2026-04-30T23:30:00+00:00 [queued]>
[2026-04-30T23:54:35.650+0000] {taskinstance.py:2170} INFO - Starting attempt 1 of 3
[2026-04-30T23:54:35.660+0000] {taskinstance.py:2191} INFO - Executing <Task(MarketOpenSensor): check_market_open> on 2026-04-30 23:30:00+00:00
[2026-04-30T23:54:35.667+0000] {standard_task_runner.py:60} INFO - Started process 642204 to run task
[2026-04-30T23:54:35.670+0000] {standard_task_runner.py:87} INFO - Running: ['airflow', 'tasks', 'run', 'fetch_market_data', 'check_market_open', 'scheduled__2026-04-30T23:30:00+00:00', '--job-id', '402', '--raw', '--subdir', 'DAGS_FOLDER/fetch_market_data.py', '--cfg-path', '/tmp/tmpkan3h03m']
[2026-04-30T23:54:35.672+0000] {standard_task_runner.py:88} INFO - Job 402: Subtask check_market_open
[2026-04-30T23:54:35.747+0000] {task_command.py:423} INFO - Running <TaskInstance: fetch_market_data.check_market_open scheduled__2026-04-30T23:30:00+00:00 [running]> on host reddit-pipeline-vm
[2026-04-30T23:54:35.856+0000] {taskinstance.py:2480} INFO - Exporting env vars: AIRFLOW_CTX_DAG_OWNER='pipeline' AIRFLOW_CTX_DAG_ID='fetch_market_data' AIRFLOW_CTX_TASK_ID='check_market_open' AIRFLOW_CTX_EXECUTION_DATE='2026-04-30T23:30:00+00:00' AIRFLOW_CTX_TRY_NUMBER='1' AIRFLOW_CTX_DAG_RUN_ID='scheduled__2026-04-30T23:30:00+00:00'
[2026-04-30T23:54:35.874+0000] {sensors.py:45} INFO - Market open check at 2026-04-30 19:54 ET: False
[2026-04-30T23:54:35.900+0000] {taskinstance.py:2658} INFO - Rescheduling task, marking task as UP_FOR_RESCHEDULE
[2026-04-30T23:54:35.923+0000] {local_task_job_runner.py:234} INFO - Task exited with return code 0
[2026-04-30T23:54:35.963+0000] {taskinstance.py:3280} INFO - 0 downstream tasks scheduled from follow-on schedule check
[2026-04-30T23:55:36.936+0000] {taskinstance.py:1956} INFO - Dependencies all met for dep_context=non-requeueable deps ti=<TaskInstance: fetch_market_data.check_market_open scheduled__2026-04-30T23:30:00+00:00 [queued]>
[2026-04-30T23:55:36.943+0000] {taskinstance.py:1956} INFO - Dependencies all met for dep_context=requeueable deps ti=<TaskInstance: fetch_market_data.check_market_open scheduled__2026-04-30T23:30:00+00:00 [queued]>
[2026-04-30T23:55:36.944+0000] {taskinstance.py:2170} INFO - Starting attempt 1 of 3
[2026-04-30T23:55:36.955+0000] {taskinstance.py:2191} INFO - Executing <Task(MarketOpenSensor): check_market_open> on 2026-04-30 23:30:00+00:00
[2026-04-30T23:55:36.961+0000] {standard_task_runner.py:60} INFO - Started process 642271 to run task
[2026-04-30T23:55:36.964+0000] {standard_task_runner.py:87} INFO - Running: ['airflow', 'tasks', 'run', 'fetch_market_data', 'check_market_open', 'scheduled__2026-04-30T23:30:00+00:00', '--job-id', '403', '--raw', '--subdir', 'DAGS_FOLDER/fetch_market_data.py', '--cfg-path', '/tmp/tmpwa0um34_']
[2026-04-30T23:55:36.966+0000] {standard_task_runner.py:88} INFO - Job 403: Subtask check_market_open
[2026-04-30T23:55:37.041+0000] {task_command.py:423} INFO - Running <TaskInstance: fetch_market_data.check_market_open scheduled__2026-04-30T23:30:00+00:00 [running]> on host reddit-pipeline-vm
[2026-04-30T23:55:37.150+0000] {taskinstance.py:2480} INFO - Exporting env vars: AIRFLOW_CTX_DAG_OWNER='pipeline' AIRFLOW_CTX_DAG_ID='fetch_market_data' AIRFLOW_CTX_TASK_ID='check_market_open' AIRFLOW_CTX_EXECUTION_DATE='2026-04-30T23:30:00+00:00' AIRFLOW_CTX_TRY_NUMBER='1' AIRFLOW_CTX_DAG_RUN_ID='scheduled__2026-04-30T23:30:00+00:00'
[2026-04-30T23:55:37.168+0000] {sensors.py:45} INFO - Market open check at 2026-04-30 19:55 ET: False
[2026-04-30T23:55:37.194+0000] {taskinstance.py:2658} INFO - Rescheduling task, marking task as UP_FOR_RESCHEDULE
[2026-04-30T23:55:37.217+0000] {local_task_job_runner.py:234} INFO - Task exited with return code 0
[2026-04-30T23:55:37.259+0000] {taskinstance.py:3280} INFO - 0 downstream tasks scheduled from follow-on schedule check
[2026-04-30T23:56:37.981+0000] {taskinstance.py:1956} INFO - Dependencies all met for dep_context=non-requeueable deps ti=<TaskInstance: fetch_market_data.check_market_open scheduled__2026-04-30T23:30:00+00:00 [queued]>
[2026-04-30T23:56:37.989+0000] {taskinstance.py:1956} INFO - Dependencies all met for dep_context=requeueable deps ti=<TaskInstance: fetch_market_data.check_market_open scheduled__2026-04-30T23:30:00+00:00 [queued]>
[2026-04-30T23:56:37.989+0000] {taskinstance.py:2170} INFO - Starting attempt 1 of 3
[2026-04-30T23:56:37.999+0000] {taskinstance.py:2191} INFO - Executing <Task(MarketOpenSensor): check_market_open> on 2026-04-30 23:30:00+00:00
[2026-04-30T23:56:38.005+0000] {standard_task_runner.py:60} INFO - Started process 642337 to run task
[2026-04-30T23:56:38.009+0000] {standard_task_runner.py:87} INFO - Running: ['airflow', 'tasks', 'run', 'fetch_market_data', 'check_market_open', 'scheduled__2026-04-30T23:30:00+00:00', '--job-id', '404', '--raw', '--subdir', 'DAGS_FOLDER/fetch_market_data.py', '--cfg-path', '/tmp/tmprhe7lqzo']
[2026-04-30T23:56:38.011+0000] {standard_task_runner.py:88} INFO - Job 404: Subtask check_market_open
[2026-04-30T23:56:38.087+0000] {task_command.py:423} INFO - Running <TaskInstance: fetch_market_data.check_market_open scheduled__2026-04-30T23:30:00+00:00 [running]> on host reddit-pipeline-vm
[2026-04-30T23:56:38.198+0000] {taskinstance.py:2480} INFO - Exporting env vars: AIRFLOW_CTX_DAG_OWNER='pipeline' AIRFLOW_CTX_DAG_ID='fetch_market_data' AIRFLOW_CTX_TASK_ID='check_market_open' AIRFLOW_CTX_EXECUTION_DATE='2026-04-30T23:30:00+00:00' AIRFLOW_CTX_TRY_NUMBER='1' AIRFLOW_CTX_DAG_RUN_ID='scheduled__2026-04-30T23:30:00+00:00'
[2026-04-30T23:56:38.216+0000] {sensors.py:45} INFO - Market open check at 2026-04-30 19:56 ET: False
[2026-04-30T23:56:38.242+0000] {taskinstance.py:2658} INFO - Rescheduling task, marking task as UP_FOR_RESCHEDULE
[2026-04-30T23:56:38.261+0000] {local_task_job_runner.py:234} INFO - Task exited with return code 0
[2026-04-30T23:56:38.302+0000] {taskinstance.py:3280} INFO - 0 downstream tasks scheduled from follow-on schedule check
[2026-04-30T23:57:39.535+0000] {taskinstance.py:1956} INFO - Dependencies all met for dep_context=non-requeueable deps ti=<TaskInstance: fetch_market_data.check_market_open scheduled__2026-04-30T23:30:00+00:00 [queued]>
[2026-04-30T23:57:39.542+0000] {taskinstance.py:1956} INFO - Dependencies all met for dep_context=requeueable deps ti=<TaskInstance: fetch_market_data.check_market_open scheduled__2026-04-30T23:30:00+00:00 [queued]>
[2026-04-30T23:57:39.543+0000] {taskinstance.py:2170} INFO - Starting attempt 1 of 3
[2026-04-30T23:57:39.553+0000] {taskinstance.py:2191} INFO - Executing <Task(MarketOpenSensor): check_market_open> on 2026-04-30 23:30:00+00:00
[2026-04-30T23:57:39.559+0000] {standard_task_runner.py:60} INFO - Started process 642406 to run task
[2026-04-30T23:57:39.563+0000] {standard_task_runner.py:87} INFO - Running: ['airflow', 'tasks', 'run', 'fetch_market_data', 'check_market_open', 'scheduled__2026-04-30T23:30:00+00:00', '--job-id', '405', '--raw', '--subdir', 'DAGS_FOLDER/fetch_market_data.py', '--cfg-path', '/tmp/tmpmnwudm6a']
[2026-04-30T23:57:39.565+0000] {standard_task_runner.py:88} INFO - Job 405: Subtask check_market_open
[2026-04-30T23:57:39.641+0000] {task_command.py:423} INFO - Running <TaskInstance: fetch_market_data.check_market_open scheduled__2026-04-30T23:30:00+00:00 [running]> on host reddit-pipeline-vm
[2026-04-30T23:57:39.751+0000] {taskinstance.py:2480} INFO - Exporting env vars: AIRFLOW_CTX_DAG_OWNER='pipeline' AIRFLOW_CTX_DAG_ID='fetch_market_data' AIRFLOW_CTX_TASK_ID='check_market_open' AIRFLOW_CTX_EXECUTION_DATE='2026-04-30T23:30:00+00:00' AIRFLOW_CTX_TRY_NUMBER='1' AIRFLOW_CTX_DAG_RUN_ID='scheduled__2026-04-30T23:30:00+00:00'
[2026-04-30T23:57:39.769+0000] {sensors.py:45} INFO - Market open check at 2026-04-30 19:57 ET: False
[2026-04-30T23:57:39.795+0000] {taskinstance.py:2658} INFO - Rescheduling task, marking task as UP_FOR_RESCHEDULE
[2026-04-30T23:57:39.816+0000] {local_task_job_runner.py:234} INFO - Task exited with return code 0
[2026-04-30T23:57:39.856+0000] {taskinstance.py:3280} INFO - 0 downstream tasks scheduled from follow-on schedule check
[2026-04-30T23:58:41.057+0000] {taskinstance.py:1956} INFO - Dependencies all met for dep_context=non-requeueable deps ti=<TaskInstance: fetch_market_data.check_market_open scheduled__2026-04-30T23:30:00+00:00 [queued]>
[2026-04-30T23:58:41.064+0000] {taskinstance.py:1956} INFO - Dependencies all met for dep_context=requeueable deps ti=<TaskInstance: fetch_market_data.check_market_open scheduled__2026-04-30T23:30:00+00:00 [queued]>
[2026-04-30T23:58:41.065+0000] {taskinstance.py:2170} INFO - Starting attempt 1 of 3
[2026-04-30T23:58:41.075+0000] {taskinstance.py:2191} INFO - Executing <Task(MarketOpenSensor): check_market_open> on 2026-04-30 23:30:00+00:00
[2026-04-30T23:58:41.081+0000] {standard_task_runner.py:60} INFO - Started process 642472 to run task
[2026-04-30T23:58:41.084+0000] {standard_task_runner.py:87} INFO - Running: ['airflow', 'tasks', 'run', 'fetch_market_data', 'check_market_open', 'scheduled__2026-04-30T23:30:00+00:00', '--job-id', '406', '--raw', '--subdir', 'DAGS_FOLDER/fetch_market_data.py', '--cfg-path', '/tmp/tmp6k92onqv']
[2026-04-30T23:58:41.086+0000] {standard_task_runner.py:88} INFO - Job 406: Subtask check_market_open
[2026-04-30T23:58:41.163+0000] {task_command.py:423} INFO - Running <TaskInstance: fetch_market_data.check_market_open scheduled__2026-04-30T23:30:00+00:00 [running]> on host reddit-pipeline-vm
[2026-04-30T23:58:41.271+0000] {taskinstance.py:2480} INFO - Exporting env vars: AIRFLOW_CTX_DAG_OWNER='pipeline' AIRFLOW_CTX_DAG_ID='fetch_market_data' AIRFLOW_CTX_TASK_ID='check_market_open' AIRFLOW_CTX_EXECUTION_DATE='2026-04-30T23:30:00+00:00' AIRFLOW_CTX_TRY_NUMBER='1' AIRFLOW_CTX_DAG_RUN_ID='scheduled__2026-04-30T23:30:00+00:00'
[2026-04-30T23:58:41.289+0000] {sensors.py:45} INFO - Market open check at 2026-04-30 19:58 ET: False
[2026-04-30T23:58:41.316+0000] {taskinstance.py:2658} INFO - Rescheduling task, marking task as UP_FOR_RESCHEDULE
[2026-04-30T23:58:41.338+0000] {local_task_job_runner.py:234} INFO - Task exited with return code 0
[2026-04-30T23:58:41.379+0000] {taskinstance.py:3280} INFO - 0 downstream tasks scheduled from follow-on schedule check
[2026-04-30T23:59:42.620+0000] {taskinstance.py:1956} INFO - Dependencies all met for dep_context=non-requeueable deps ti=<TaskInstance: fetch_market_data.check_market_open scheduled__2026-04-30T23:30:00+00:00 [queued]>
[2026-04-30T23:59:42.627+0000] {taskinstance.py:1956} INFO - Dependencies all met for dep_context=requeueable deps ti=<TaskInstance: fetch_market_data.check_market_open scheduled__2026-04-30T23:30:00+00:00 [queued]>
[2026-04-30T23:59:42.628+0000] {taskinstance.py:2170} INFO - Starting attempt 1 of 3
[2026-04-30T23:59:42.637+0000] {taskinstance.py:2191} INFO - Executing <Task(MarketOpenSensor): check_market_open> on 2026-04-30 23:30:00+00:00
[2026-04-30T23:59:42.644+0000] {standard_task_runner.py:60} INFO - Started process 642548 to run task
[2026-04-30T23:59:42.647+0000] {standard_task_runner.py:87} INFO - Running: ['airflow', 'tasks', 'run', 'fetch_market_data', 'check_market_open', 'scheduled__2026-04-30T23:30:00+00:00', '--job-id', '407', '--raw', '--subdir', 'DAGS_FOLDER/fetch_market_data.py', '--cfg-path', '/tmp/tmp57ea7wyl']
[2026-04-30T23:59:42.649+0000] {standard_task_runner.py:88} INFO - Job 407: Subtask check_market_open
[2026-04-30T23:59:42.723+0000] {task_command.py:423} INFO - Running <TaskInstance: fetch_market_data.check_market_open scheduled__2026-04-30T23:30:00+00:00 [running]> on host reddit-pipeline-vm
[2026-04-30T23:59:42.831+0000] {taskinstance.py:2480} INFO - Exporting env vars: AIRFLOW_CTX_DAG_OWNER='pipeline' AIRFLOW_CTX_DAG_ID='fetch_market_data' AIRFLOW_CTX_TASK_ID='check_market_open' AIRFLOW_CTX_EXECUTION_DATE='2026-04-30T23:30:00+00:00' AIRFLOW_CTX_TRY_NUMBER='1' AIRFLOW_CTX_DAG_RUN_ID='scheduled__2026-04-30T23:30:00+00:00'
[2026-04-30T23:59:42.850+0000] {sensors.py:45} INFO - Market open check at 2026-04-30 19:59 ET: False
[2026-04-30T23:59:42.876+0000] {taskinstance.py:2658} INFO - Rescheduling task, marking task as UP_FOR_RESCHEDULE
[2026-04-30T23:59:42.899+0000] {local_task_job_runner.py:234} INFO - Task exited with return code 0
[2026-04-30T23:59:42.940+0000] {taskinstance.py:3280} INFO - 0 downstream tasks scheduled from follow-on schedule check
[2026-05-01T00:00:44.203+0000] {taskinstance.py:1956} INFO - Dependencies all met for dep_context=non-requeueable deps ti=<TaskInstance: fetch_market_data.check_market_open scheduled__2026-04-30T23:30:00+00:00 [queued]>
[2026-05-01T00:00:44.210+0000] {taskinstance.py:1956} INFO - Dependencies all met for dep_context=requeueable deps ti=<TaskInstance: fetch_market_data.check_market_open scheduled__2026-04-30T23:30:00+00:00 [queued]>
[2026-05-01T00:00:44.210+0000] {taskinstance.py:2170} INFO - Starting attempt 1 of 3
[2026-05-01T00:00:44.220+0000] {taskinstance.py:2191} INFO - Executing <Task(MarketOpenSensor): check_market_open> on 2026-04-30 23:30:00+00:00
[2026-05-01T00:00:44.226+0000] {standard_task_runner.py:60} INFO - Started process 642704 to run task
[2026-05-01T00:00:44.230+0000] {standard_task_runner.py:87} INFO - Running: ['airflow', 'tasks', 'run', 'fetch_market_data', 'check_market_open', 'scheduled__2026-04-30T23:30:00+00:00', '--job-id', '408', '--raw', '--subdir', 'DAGS_FOLDER/fetch_market_data.py', '--cfg-path', '/tmp/tmpunh8fm50']
[2026-05-01T00:00:44.232+0000] {standard_task_runner.py:88} INFO - Job 408: Subtask check_market_open
[2026-05-01T00:00:44.307+0000] {task_command.py:423} INFO - Running <TaskInstance: fetch_market_data.check_market_open scheduled__2026-04-30T23:30:00+00:00 [running]> on host reddit-pipeline-vm
[2026-05-01T00:00:44.416+0000] {taskinstance.py:2480} INFO - Exporting env vars: AIRFLOW_CTX_DAG_OWNER='pipeline' AIRFLOW_CTX_DAG_ID='fetch_market_data' AIRFLOW_CTX_TASK_ID='check_market_open' AIRFLOW_CTX_EXECUTION_DATE='2026-04-30T23:30:00+00:00' AIRFLOW_CTX_TRY_NUMBER='1' AIRFLOW_CTX_DAG_RUN_ID='scheduled__2026-04-30T23:30:00+00:00'
[2026-05-01T00:00:44.434+0000] {sensors.py:45} INFO - Market open check at 2026-04-30 20:00 ET: False
[2026-05-01T00:00:44.460+0000] {taskinstance.py:2658} INFO - Rescheduling task, marking task as UP_FOR_RESCHEDULE
[2026-05-01T00:00:44.482+0000] {local_task_job_runner.py:234} INFO - Task exited with return code 0
[2026-05-01T00:00:44.523+0000] {taskinstance.py:3280} INFO - 0 downstream tasks scheduled from follow-on schedule check
[2026-05-01T00:01:45.606+0000] {taskinstance.py:1956} INFO - Dependencies all met for dep_context=non-requeueable deps ti=<TaskInstance: fetch_market_data.check_market_open scheduled__2026-04-30T23:30:00+00:00 [queued]>
[2026-05-01T00:01:45.614+0000] {taskinstance.py:1956} INFO - Dependencies all met for dep_context=requeueable deps ti=<TaskInstance: fetch_market_data.check_market_open scheduled__2026-04-30T23:30:00+00:00 [queued]>
[2026-05-01T00:01:45.614+0000] {taskinstance.py:2170} INFO - Starting attempt 1 of 3
[2026-05-01T00:01:45.624+0000] {taskinstance.py:2191} INFO - Executing <Task(MarketOpenSensor): check_market_open> on 2026-04-30 23:30:00+00:00
[2026-05-01T00:01:45.631+0000] {standard_task_runner.py:60} INFO - Started process 642775 to run task
[2026-05-01T00:01:45.634+0000] {standard_task_runner.py:87} INFO - Running: ['airflow', 'tasks', 'run', 'fetch_market_data', 'check_market_open', 'scheduled__2026-04-30T23:30:00+00:00', '--job-id', '409', '--raw', '--subdir', 'DAGS_FOLDER/fetch_market_data.py', '--cfg-path', '/tmp/tmpf71353m2']
[2026-05-01T00:01:45.636+0000] {standard_task_runner.py:88} INFO - Job 409: Subtask check_market_open
[2026-05-01T00:01:45.710+0000] {task_command.py:423} INFO - Running <TaskInstance: fetch_market_data.check_market_open scheduled__2026-04-30T23:30:00+00:00 [running]> on host reddit-pipeline-vm
[2026-05-01T00:01:45.821+0000] {taskinstance.py:2480} INFO - Exporting env vars: AIRFLOW_CTX_DAG_OWNER='pipeline' AIRFLOW_CTX_DAG_ID='fetch_market_data' AIRFLOW_CTX_TASK_ID='check_market_open' AIRFLOW_CTX_EXECUTION_DATE='2026-04-30T23:30:00+00:00' AIRFLOW_CTX_TRY_NUMBER='1' AIRFLOW_CTX_DAG_RUN_ID='scheduled__2026-04-30T23:30:00+00:00'
[2026-05-01T00:01:45.838+0000] {sensors.py:45} INFO - Market open check at 2026-04-30 20:01 ET: False
[2026-05-01T00:01:45.865+0000] {taskinstance.py:2658} INFO - Rescheduling task, marking task as UP_FOR_RESCHEDULE
[2026-05-01T00:01:45.888+0000] {local_task_job_runner.py:234} INFO - Task exited with return code 0
[2026-05-01T00:01:45.927+0000] {taskinstance.py:3280} INFO - 0 downstream tasks scheduled from follow-on schedule check
[2026-05-01T00:02:46.595+0000] {taskinstance.py:1956} INFO - Dependencies all met for dep_context=non-requeueable deps ti=<TaskInstance: fetch_market_data.check_market_open scheduled__2026-04-30T23:30:00+00:00 [queued]>
[2026-05-01T00:02:46.603+0000] {taskinstance.py:1956} INFO - Dependencies all met for dep_context=requeueable deps ti=<TaskInstance: fetch_market_data.check_market_open scheduled__2026-04-30T23:30:00+00:00 [queued]>
[2026-05-01T00:02:46.604+0000] {taskinstance.py:2170} INFO - Starting attempt 1 of 3
[2026-05-01T00:02:46.614+0000] {taskinstance.py:2191} INFO - Executing <Task(MarketOpenSensor): check_market_open> on 2026-04-30 23:30:00+00:00
[2026-05-01T00:02:46.620+0000] {standard_task_runner.py:60} INFO - Started process 642845 to run task
[2026-05-01T00:02:46.624+0000] {standard_task_runner.py:87} INFO - Running: ['airflow', 'tasks', 'run', 'fetch_market_data', 'check_market_open', 'scheduled__2026-04-30T23:30:00+00:00', '--job-id', '410', '--raw', '--subdir', 'DAGS_FOLDER/fetch_market_data.py', '--cfg-path', '/tmp/tmpdw94mr9w']
[2026-05-01T00:02:46.626+0000] {standard_task_runner.py:88} INFO - Job 410: Subtask check_market_open
[2026-05-01T00:02:46.701+0000] {task_command.py:423} INFO - Running <TaskInstance: fetch_market_data.check_market_open scheduled__2026-04-30T23:30:00+00:00 [running]> on host reddit-pipeline-vm
[2026-05-01T00:02:46.811+0000] {taskinstance.py:2480} INFO - Exporting env vars: AIRFLOW_CTX_DAG_OWNER='pipeline' AIRFLOW_CTX_DAG_ID='fetch_market_data' AIRFLOW_CTX_TASK_ID='check_market_open' AIRFLOW_CTX_EXECUTION_DATE='2026-04-30T23:30:00+00:00' AIRFLOW_CTX_TRY_NUMBER='1' AIRFLOW_CTX_DAG_RUN_ID='scheduled__2026-04-30T23:30:00+00:00'
[2026-05-01T00:02:46.829+0000] {sensors.py:45} INFO - Market open check at 2026-04-30 20:02 ET: False
[2026-05-01T00:02:46.856+0000] {taskinstance.py:2658} INFO - Rescheduling task, marking task as UP_FOR_RESCHEDULE
[2026-05-01T00:02:46.877+0000] {local_task_job_runner.py:234} INFO - Task exited with return code 0
[2026-05-01T00:02:46.918+0000] {taskinstance.py:3280} INFO - 0 downstream tasks scheduled from follow-on schedule check
[2026-05-01T00:03:47.509+0000] {taskinstance.py:1956} INFO - Dependencies all met for dep_context=non-requeueable deps ti=<TaskInstance: fetch_market_data.check_market_open scheduled__2026-04-30T23:30:00+00:00 [queued]>
[2026-05-01T00:03:47.517+0000] {taskinstance.py:1956} INFO - Dependencies all met for dep_context=requeueable deps ti=<TaskInstance: fetch_market_data.check_market_open scheduled__2026-04-30T23:30:00+00:00 [queued]>
[2026-05-01T00:03:47.517+0000] {taskinstance.py:2170} INFO - Starting attempt 1 of 3
[2026-05-01T00:03:47.527+0000] {taskinstance.py:2191} INFO - Executing <Task(MarketOpenSensor): check_market_open> on 2026-04-30 23:30:00+00:00
[2026-05-01T00:03:47.534+0000] {standard_task_runner.py:60} INFO - Started process 642913 to run task
[2026-05-01T00:03:47.537+0000] {standard_task_runner.py:87} INFO - Running: ['airflow', 'tasks', 'run', 'fetch_market_data', 'check_market_open', 'scheduled__2026-04-30T23:30:00+00:00', '--job-id', '411', '--raw', '--subdir', 'DAGS_FOLDER/fetch_market_data.py', '--cfg-path', '/tmp/tmpi52cbi0b']
[2026-05-01T00:03:47.539+0000] {standard_task_runner.py:88} INFO - Job 411: Subtask check_market_open
[2026-05-01T00:03:47.617+0000] {task_command.py:423} INFO - Running <TaskInstance: fetch_market_data.check_market_open scheduled__2026-04-30T23:30:00+00:00 [running]> on host reddit-pipeline-vm
[2026-05-01T00:03:47.728+0000] {taskinstance.py:2480} INFO - Exporting env vars: AIRFLOW_CTX_DAG_OWNER='pipeline' AIRFLOW_CTX_DAG_ID='fetch_market_data' AIRFLOW_CTX_TASK_ID='check_market_open' AIRFLOW_CTX_EXECUTION_DATE='2026-04-30T23:30:00+00:00' AIRFLOW_CTX_TRY_NUMBER='1' AIRFLOW_CTX_DAG_RUN_ID='scheduled__2026-04-30T23:30:00+00:00'
[2026-05-01T00:03:47.746+0000] {sensors.py:45} INFO - Market open check at 2026-04-30 20:03 ET: False
[2026-05-01T00:03:47.773+0000] {taskinstance.py:2658} INFO - Rescheduling task, marking task as UP_FOR_RESCHEDULE
[2026-05-01T00:03:47.791+0000] {local_task_job_runner.py:234} INFO - Task exited with return code 0
[2026-05-01T00:03:47.834+0000] {taskinstance.py:3280} INFO - 0 downstream tasks scheduled from follow-on schedule check
[2026-05-01T00:04:48.735+0000] {taskinstance.py:1956} INFO - Dependencies all met for dep_context=non-requeueable deps ti=<TaskInstance: fetch_market_data.check_market_open scheduled__2026-04-30T23:30:00+00:00 [queued]>
[2026-05-01T00:04:48.743+0000] {taskinstance.py:1956} INFO - Dependencies all met for dep_context=requeueable deps ti=<TaskInstance: fetch_market_data.check_market_open scheduled__2026-04-30T23:30:00+00:00 [queued]>
[2026-05-01T00:04:48.743+0000] {taskinstance.py:2170} INFO - Starting attempt 1 of 3
[2026-05-01T00:04:48.753+0000] {taskinstance.py:2191} INFO - Executing <Task(MarketOpenSensor): check_market_open> on 2026-04-30 23:30:00+00:00
[2026-05-01T00:04:48.761+0000] {standard_task_runner.py:60} INFO - Started process 642985 to run task
[2026-05-01T00:04:48.764+0000] {standard_task_runner.py:87} INFO - Running: ['airflow', 'tasks', 'run', 'fetch_market_data', 'check_market_open', 'scheduled__2026-04-30T23:30:00+00:00', '--job-id', '412', '--raw', '--subdir', 'DAGS_FOLDER/fetch_market_data.py', '--cfg-path', '/tmp/tmpaahs4w2m']
[2026-05-01T00:04:48.766+0000] {standard_task_runner.py:88} INFO - Job 412: Subtask check_market_open
[2026-05-01T00:04:48.841+0000] {task_command.py:423} INFO - Running <TaskInstance: fetch_market_data.check_market_open scheduled__2026-04-30T23:30:00+00:00 [running]> on host reddit-pipeline-vm
[2026-05-01T00:04:48.949+0000] {taskinstance.py:2480} INFO - Exporting env vars: AIRFLOW_CTX_DAG_OWNER='pipeline' AIRFLOW_CTX_DAG_ID='fetch_market_data' AIRFLOW_CTX_TASK_ID='check_market_open' AIRFLOW_CTX_EXECUTION_DATE='2026-04-30T23:30:00+00:00' AIRFLOW_CTX_TRY_NUMBER='1' AIRFLOW_CTX_DAG_RUN_ID='scheduled__2026-04-30T23:30:00+00:00'
[2026-05-01T00:04:48.967+0000] {sensors.py:45} INFO - Market open check at 2026-04-30 20:04 ET: False
[2026-05-01T00:04:48.993+0000] {taskinstance.py:2658} INFO - Rescheduling task, marking task as UP_FOR_RESCHEDULE
[2026-05-01T00:04:49.017+0000] {local_task_job_runner.py:234} INFO - Task exited with return code 0
[2026-05-01T00:04:49.059+0000] {taskinstance.py:3280} INFO - 0 downstream tasks scheduled from follow-on schedule check
[2026-05-01T00:05:49.930+0000] {taskinstance.py:1956} INFO - Dependencies all met for dep_context=non-requeueable deps ti=<TaskInstance: fetch_market_data.check_market_open scheduled__2026-04-30T23:30:00+00:00 [queued]>
[2026-05-01T00:05:49.938+0000] {taskinstance.py:1956} INFO - Dependencies all met for dep_context=requeueable deps ti=<TaskInstance: fetch_market_data.check_market_open scheduled__2026-04-30T23:30:00+00:00 [queued]>
[2026-05-01T00:05:49.938+0000] {taskinstance.py:2170} INFO - Starting attempt 1 of 3
[2026-05-01T00:05:49.948+0000] {taskinstance.py:2191} INFO - Executing <Task(MarketOpenSensor): check_market_open> on 2026-04-30 23:30:00+00:00
[2026-05-01T00:05:49.954+0000] {standard_task_runner.py:60} INFO - Started process 643051 to run task
[2026-05-01T00:05:49.957+0000] {standard_task_runner.py:87} INFO - Running: ['airflow', 'tasks', 'run', 'fetch_market_data', 'check_market_open', 'scheduled__2026-04-30T23:30:00+00:00', '--job-id', '413', '--raw', '--subdir', 'DAGS_FOLDER/fetch_market_data.py', '--cfg-path', '/tmp/tmpbhleilwp']
[2026-05-01T00:05:49.959+0000] {standard_task_runner.py:88} INFO - Job 413: Subtask check_market_open
[2026-05-01T00:05:50.034+0000] {task_command.py:423} INFO - Running <TaskInstance: fetch_market_data.check_market_open scheduled__2026-04-30T23:30:00+00:00 [running]> on host reddit-pipeline-vm
[2026-05-01T00:05:50.144+0000] {taskinstance.py:2480} INFO - Exporting env vars: AIRFLOW_CTX_DAG_OWNER='pipeline' AIRFLOW_CTX_DAG_ID='fetch_market_data' AIRFLOW_CTX_TASK_ID='check_market_open' AIRFLOW_CTX_EXECUTION_DATE='2026-04-30T23:30:00+00:00' AIRFLOW_CTX_TRY_NUMBER='1' AIRFLOW_CTX_DAG_RUN_ID='scheduled__2026-04-30T23:30:00+00:00'
[2026-05-01T00:05:50.162+0000] {sensors.py:45} INFO - Market open check at 2026-04-30 20:05 ET: False
[2026-05-01T00:05:50.162+0000] {taskinstance.py:2698} ERROR - Task failed with exception
Traceback (most recent call last):
  File "/home/ubuntu/github_repo/Stock-Market-Intelligence-Pipeline/venv/lib/python3.11/site-packages/airflow/models/taskinstance.py", line 433, in _execute_task
    result = execute_callable(context=context, **execute_callable_kwargs)
             ^^^^^^^^^^^^^^^^^^^^^^^^^^^^^^^^^^^^^^^^^^^^^^^^^^^^^^^^^^^^
  File "/home/ubuntu/github_repo/Stock-Market-Intelligence-Pipeline/venv/lib/python3.11/site-packages/airflow/sensors/base.py", line 282, in execute
    raise AirflowSensorTimeout(message)
airflow.exceptions.AirflowSensorTimeout: Sensor has timed out; run duration of 919.664867 seconds exceeds the specified timeout of 900.0.
[2026-05-01T00:05:50.179+0000] {taskinstance.py:1138} INFO - Immediate failure requested. Marking task as FAILED. dag_id=fetch_market_data, task_id=check_market_open, execution_date=20260430T233000, start_date=20260501T000549, end_date=20260501T000550
[2026-05-01T00:05:50.188+0000] {standard_task_runner.py:107} ERROR - Failed to execute job 413 for task check_market_open (Sensor has timed out; run duration of 919.664867 seconds exceeds the specified timeout of 900.0.; 643051)
[2026-05-01T00:05:50.212+0000] {local_task_job_runner.py:234} INFO - Task exited with return code 1
[2026-05-01T00:05:50.262+0000] {taskinstance.py:3280} INFO - 0 downstream tasks scheduled from follow-on schedule check
