[2026-05-08T17:00:21.559+0000] {taskinstance.py:1956} INFO - Dependencies all met for dep_context=non-requeueable deps ti=<TaskInstance: run_dbt_models.dbt_run manual__2026-05-08T17:00:20.973244+00:00 [queued]>
[2026-05-08T17:00:21.568+0000] {taskinstance.py:1956} INFO - Dependencies all met for dep_context=requeueable deps ti=<TaskInstance: run_dbt_models.dbt_run manual__2026-05-08T17:00:20.973244+00:00 [queued]>
[2026-05-08T17:00:21.569+0000] {taskinstance.py:2170} INFO - Starting attempt 1 of 2
[2026-05-08T17:00:21.581+0000] {taskinstance.py:2191} INFO - Executing <Task(BashOperator): dbt_run> on 2026-05-08 17:00:20.973244+00:00
[2026-05-08T17:00:21.589+0000] {standard_task_runner.py:60} INFO - Started process 1234806 to run task
[2026-05-08T17:00:21.592+0000] {standard_task_runner.py:87} INFO - Running: ['airflow', 'tasks', 'run', 'run_dbt_models', 'dbt_run', 'manual__2026-05-08T17:00:20.973244+00:00', '--job-id', '1722', '--raw', '--subdir', 'DAGS_FOLDER/run_dbt_models.py', '--cfg-path', '/tmp/tmpje4zm754']
[2026-05-08T17:00:21.595+0000] {standard_task_runner.py:88} INFO - Job 1722: Subtask dbt_run
[2026-05-08T17:00:21.672+0000] {task_command.py:423} INFO - Running <TaskInstance: run_dbt_models.dbt_run manual__2026-05-08T17:00:20.973244+00:00 [running]> on host reddit-pipeline-vm
[2026-05-08T17:00:21.787+0000] {taskinstance.py:2480} INFO - Exporting env vars: AIRFLOW_CTX_DAG_OWNER='pipeline' AIRFLOW_CTX_DAG_ID='run_dbt_models' AIRFLOW_CTX_TASK_ID='dbt_run' AIRFLOW_CTX_EXECUTION_DATE='2026-05-08T17:00:20.973244+00:00' AIRFLOW_CTX_TRY_NUMBER='1' AIRFLOW_CTX_DAG_RUN_ID='manual__2026-05-08T17:00:20.973244+00:00'
[2026-05-08T17:00:21.788+0000] {subprocess.py:63} INFO - Tmp dir root location: /tmp
[2026-05-08T17:00:21.791+0000] {subprocess.py:75} INFO - Running command: ['/usr/bin/bash', '-c', 'cd /home/ubuntu/github_repo/Stock-Market-Intelligence-Pipeline/dbt_project && /home/ubuntu/github_repo/Stock-Market-Intelligence-Pipeline/venv/bin/dbt run --profiles-dir /home/ubuntu/github_repo/Stock-Market-Intelligence-Pipeline/dbt_project']
[2026-05-08T17:00:21.802+0000] {subprocess.py:86} INFO - Output:
[2026-05-08T17:00:23.775+0000] {subprocess.py:93} INFO - [0m17:00:23  Running with dbt=1.7.0
[2026-05-08T17:00:24.039+0000] {subprocess.py:93} INFO - [0m17:00:24  Registered adapter: postgres=1.7.0
[2026-05-08T17:00:24.096+0000] {subprocess.py:93} INFO - [0m17:00:24  Found 5 models, 8 tests, 0 sources, 0 exposures, 0 metrics, 401 macros, 0 groups, 0 semantic models
[2026-05-08T17:00:24.099+0000] {subprocess.py:93} INFO - [0m17:00:24
[2026-05-08T17:00:24.230+0000] {subprocess.py:93} INFO - [0m17:00:24  Concurrency: 2 threads (target='dev')
[2026-05-08T17:00:24.232+0000] {subprocess.py:93} INFO - [0m17:00:24
[2026-05-08T17:00:24.234+0000] {subprocess.py:93} INFO - [0m17:00:24  1 of 5 START sql view model public_staging.stg_prices .......................... [RUN]
[2026-05-08T17:00:24.363+0000] {subprocess.py:93} INFO - [0m17:00:24  1 of 5 OK created sql view model public_staging.stg_prices ..................... [[32mCREATE VIEW[0m in 0.13s]
[2026-05-08T17:00:24.366+0000] {subprocess.py:93} INFO - [0m17:00:24  2 of 5 START sql view model public_staging.int_price_with_returns .............. [RUN]
[2026-05-08T17:00:24.419+0000] {subprocess.py:93} INFO - [0m17:00:24  2 of 5 OK created sql view model public_staging.int_price_with_returns ......... [[32mCREATE VIEW[0m in 0.05s]
[2026-05-08T17:00:24.422+0000] {subprocess.py:93} INFO - [0m17:00:24  3 of 5 START sql table model public.fact_prices ................................ [RUN]
[2026-05-08T17:00:24.521+0000] {subprocess.py:93} INFO - [0m17:00:24  3 of 5 OK created sql table model public.fact_prices ........................... [[32mSELECT 3829[0m in 0.10s]
[2026-05-08T17:00:24.522+0000] {subprocess.py:93} INFO - [0m17:00:24  4 of 5 START sql table model public.fact_indicators ............................ [RUN]
[2026-05-08T17:00:24.745+0000] {subprocess.py:93} INFO - [0m17:00:24  4 of 5 OK created sql table model public.fact_indicators ....................... [[32mSELECT 3829[0m in 0.22s]
[2026-05-08T17:00:24.747+0000] {subprocess.py:93} INFO - [0m17:00:24  5 of 5 START sql table model public.fact_alerts ................................ [RUN]
[2026-05-08T17:00:24.831+0000] {subprocess.py:93} INFO - [0m17:00:24  5 of 5 OK created sql table model public.fact_alerts ........................... [[32mSELECT 2188[0m in 0.08s]
[2026-05-08T17:00:24.852+0000] {subprocess.py:93} INFO - [0m17:00:24
[2026-05-08T17:00:24.852+0000] {subprocess.py:93} INFO - [0m17:00:24  Finished running 2 view models, 3 table models in 0 hours 0 minutes and 0.75 seconds (0.75s).
[2026-05-08T17:00:24.863+0000] {subprocess.py:93} INFO - [0m17:00:24
[2026-05-08T17:00:24.863+0000] {subprocess.py:93} INFO - [0m17:00:24  [32mCompleted successfully[0m
[2026-05-08T17:00:24.864+0000] {subprocess.py:93} INFO - [0m17:00:24
[2026-05-08T17:00:24.864+0000] {subprocess.py:93} INFO - [0m17:00:24  Done. PASS=5 WARN=0 ERROR=0 SKIP=0 TOTAL=5
[2026-05-08T17:00:26.571+0000] {subprocess.py:97} INFO - Command exited with return code 0
[2026-05-08T17:00:26.616+0000] {taskinstance.py:1138} INFO - Marking task as SUCCESS. dag_id=run_dbt_models, task_id=dbt_run, execution_date=20260508T170020, start_date=20260508T170021, end_date=20260508T170026
[2026-05-08T17:00:26.668+0000] {local_task_job_runner.py:234} INFO - Task exited with return code 0
[2026-05-08T17:00:26.696+0000] {taskinstance.py:3280} INFO - 1 downstream tasks scheduled from follow-on schedule check
