[2026-05-01T00:52:03.561+0000] {taskinstance.py:1956} INFO - Dependencies all met for dep_context=non-requeueable deps ti=<TaskInstance: fetch_market_data.check_market_open scheduled__2026-05-01T00:30:00+00:00 [queued]>
[2026-05-01T00:52:03.568+0000] {taskinstance.py:1956} INFO - Dependencies all met for dep_context=requeueable deps ti=<TaskInstance: fetch_market_data.check_market_open scheduled__2026-05-01T00:30:00+00:00 [queued]>
[2026-05-01T00:52:03.568+0000] {taskinstance.py:2170} INFO - Starting attempt 1 of 3
[2026-05-01T00:52:03.578+0000] {taskinstance.py:2191} INFO - Executing <Task(MarketOpenSensor): check_market_open> on 2026-05-01 00:30:00+00:00
[2026-05-01T00:52:03.584+0000] {standard_task_runner.py:60} INFO - Started process 646352 to run task
[2026-05-01T00:52:03.587+0000] {standard_task_runner.py:87} INFO - Running: ['airflow', 'tasks', 'run', 'fetch_market_data', 'check_market_open', 'scheduled__2026-05-01T00:30:00+00:00', '--job-id', '462', '--raw', '--subdir', 'DAGS_FOLDER/fetch_market_data.py', '--cfg-path', '/tmp/tmprrf5ftgf']
[2026-05-01T00:52:03.589+0000] {standard_task_runner.py:88} INFO - Job 462: Subtask check_market_open
[2026-05-01T00:52:03.668+0000] {task_command.py:423} INFO - Running <TaskInstance: fetch_market_data.check_market_open scheduled__2026-05-01T00:30:00+00:00 [running]> on host reddit-pipeline-vm
[2026-05-01T00:52:03.778+0000] {taskinstance.py:2480} INFO - Exporting env vars: AIRFLOW_CTX_DAG_OWNER='pipeline' AIRFLOW_CTX_DAG_ID='fetch_market_data' AIRFLOW_CTX_TASK_ID='check_market_open' AIRFLOW_CTX_EXECUTION_DATE='2026-05-01T00:30:00+00:00' AIRFLOW_CTX_TRY_NUMBER='1' AIRFLOW_CTX_DAG_RUN_ID='scheduled__2026-05-01T00:30:00+00:00'
[2026-05-01T00:52:03.795+0000] {sensors.py:45} INFO - Market open check at 2026-04-30 20:52 ET: False
[2026-05-01T00:52:03.821+0000] {taskinstance.py:2658} INFO - Rescheduling task, marking task as UP_FOR_RESCHEDULE
[2026-05-01T00:52:03.842+0000] {local_task_job_runner.py:234} INFO - Task exited with return code 0
[2026-05-01T00:52:03.883+0000] {taskinstance.py:3280} INFO - 0 downstream tasks scheduled from follow-on schedule check
[2026-05-01T00:53:05.128+0000] {taskinstance.py:1956} INFO - Dependencies all met for dep_context=non-requeueable deps ti=<TaskInstance: fetch_market_data.check_market_open scheduled__2026-05-01T00:30:00+00:00 [queued]>
[2026-05-01T00:53:05.136+0000] {taskinstance.py:1956} INFO - Dependencies all met for dep_context=requeueable deps ti=<TaskInstance: fetch_market_data.check_market_open scheduled__2026-05-01T00:30:00+00:00 [queued]>
[2026-05-01T00:53:05.136+0000] {taskinstance.py:2170} INFO - Starting attempt 1 of 3
[2026-05-01T00:53:05.146+0000] {taskinstance.py:2191} INFO - Executing <Task(MarketOpenSensor): check_market_open> on 2026-05-01 00:30:00+00:00
[2026-05-01T00:53:05.152+0000] {standard_task_runner.py:60} INFO - Started process 646418 to run task
[2026-05-01T00:53:05.155+0000] {standard_task_runner.py:87} INFO - Running: ['airflow', 'tasks', 'run', 'fetch_market_data', 'check_market_open', 'scheduled__2026-05-01T00:30:00+00:00', '--job-id', '463', '--raw', '--subdir', 'DAGS_FOLDER/fetch_market_data.py', '--cfg-path', '/tmp/tmpzbbr8tn1']
[2026-05-01T00:53:05.157+0000] {standard_task_runner.py:88} INFO - Job 463: Subtask check_market_open
[2026-05-01T00:53:05.232+0000] {task_command.py:423} INFO - Running <TaskInstance: fetch_market_data.check_market_open scheduled__2026-05-01T00:30:00+00:00 [running]> on host reddit-pipeline-vm
[2026-05-01T00:53:05.339+0000] {taskinstance.py:2480} INFO - Exporting env vars: AIRFLOW_CTX_DAG_OWNER='pipeline' AIRFLOW_CTX_DAG_ID='fetch_market_data' AIRFLOW_CTX_TASK_ID='check_market_open' AIRFLOW_CTX_EXECUTION_DATE='2026-05-01T00:30:00+00:00' AIRFLOW_CTX_TRY_NUMBER='1' AIRFLOW_CTX_DAG_RUN_ID='scheduled__2026-05-01T00:30:00+00:00'
[2026-05-01T00:53:05.357+0000] {sensors.py:45} INFO - Market open check at 2026-04-30 20:53 ET: False
[2026-05-01T00:53:05.383+0000] {taskinstance.py:2658} INFO - Rescheduling task, marking task as UP_FOR_RESCHEDULE
[2026-05-01T00:53:05.408+0000] {local_task_job_runner.py:234} INFO - Task exited with return code 0
[2026-05-01T00:53:05.448+0000] {taskinstance.py:3280} INFO - 0 downstream tasks scheduled from follow-on schedule check
[2026-05-01T00:54:06.708+0000] {taskinstance.py:1956} INFO - Dependencies all met for dep_context=non-requeueable deps ti=<TaskInstance: fetch_market_data.check_market_open scheduled__2026-05-01T00:30:00+00:00 [queued]>
[2026-05-01T00:54:06.715+0000] {taskinstance.py:1956} INFO - Dependencies all met for dep_context=requeueable deps ti=<TaskInstance: fetch_market_data.check_market_open scheduled__2026-05-01T00:30:00+00:00 [queued]>
[2026-05-01T00:54:06.715+0000] {taskinstance.py:2170} INFO - Starting attempt 1 of 3
[2026-05-01T00:54:06.725+0000] {taskinstance.py:2191} INFO - Executing <Task(MarketOpenSensor): check_market_open> on 2026-05-01 00:30:00+00:00
[2026-05-01T00:54:06.732+0000] {standard_task_runner.py:60} INFO - Started process 646488 to run task
[2026-05-01T00:54:06.735+0000] {standard_task_runner.py:87} INFO - Running: ['airflow', 'tasks', 'run', 'fetch_market_data', 'check_market_open', 'scheduled__2026-05-01T00:30:00+00:00', '--job-id', '464', '--raw', '--subdir', 'DAGS_FOLDER/fetch_market_data.py', '--cfg-path', '/tmp/tmpbb2sf8sr']
[2026-05-01T00:54:06.737+0000] {standard_task_runner.py:88} INFO - Job 464: Subtask check_market_open
[2026-05-01T00:54:06.812+0000] {task_command.py:423} INFO - Running <TaskInstance: fetch_market_data.check_market_open scheduled__2026-05-01T00:30:00+00:00 [running]> on host reddit-pipeline-vm
[2026-05-01T00:54:06.920+0000] {taskinstance.py:2480} INFO - Exporting env vars: AIRFLOW_CTX_DAG_OWNER='pipeline' AIRFLOW_CTX_DAG_ID='fetch_market_data' AIRFLOW_CTX_TASK_ID='check_market_open' AIRFLOW_CTX_EXECUTION_DATE='2026-05-01T00:30:00+00:00' AIRFLOW_CTX_TRY_NUMBER='1' AIRFLOW_CTX_DAG_RUN_ID='scheduled__2026-05-01T00:30:00+00:00'
[2026-05-01T00:54:06.938+0000] {sensors.py:45} INFO - Market open check at 2026-04-30 20:54 ET: False
[2026-05-01T00:54:06.965+0000] {taskinstance.py:2658} INFO - Rescheduling task, marking task as UP_FOR_RESCHEDULE
[2026-05-01T00:54:06.988+0000] {local_task_job_runner.py:234} INFO - Task exited with return code 0
[2026-05-01T00:54:07.029+0000] {taskinstance.py:3280} INFO - 0 downstream tasks scheduled from follow-on schedule check
[2026-05-01T00:55:08.294+0000] {taskinstance.py:1956} INFO - Dependencies all met for dep_context=non-requeueable deps ti=<TaskInstance: fetch_market_data.check_market_open scheduled__2026-05-01T00:30:00+00:00 [queued]>
[2026-05-01T00:55:08.301+0000] {taskinstance.py:1956} INFO - Dependencies all met for dep_context=requeueable deps ti=<TaskInstance: fetch_market_data.check_market_open scheduled__2026-05-01T00:30:00+00:00 [queued]>
[2026-05-01T00:55:08.302+0000] {taskinstance.py:2170} INFO - Starting attempt 1 of 3
[2026-05-01T00:55:08.313+0000] {taskinstance.py:2191} INFO - Executing <Task(MarketOpenSensor): check_market_open> on 2026-05-01 00:30:00+00:00
[2026-05-01T00:55:08.319+0000] {standard_task_runner.py:60} INFO - Started process 646557 to run task
[2026-05-01T00:55:08.322+0000] {standard_task_runner.py:87} INFO - Running: ['airflow', 'tasks', 'run', 'fetch_market_data', 'check_market_open', 'scheduled__2026-05-01T00:30:00+00:00', '--job-id', '465', '--raw', '--subdir', 'DAGS_FOLDER/fetch_market_data.py', '--cfg-path', '/tmp/tmp37u7tqua']
[2026-05-01T00:55:08.324+0000] {standard_task_runner.py:88} INFO - Job 465: Subtask check_market_open
[2026-05-01T00:55:08.401+0000] {task_command.py:423} INFO - Running <TaskInstance: fetch_market_data.check_market_open scheduled__2026-05-01T00:30:00+00:00 [running]> on host reddit-pipeline-vm
[2026-05-01T00:55:08.508+0000] {taskinstance.py:2480} INFO - Exporting env vars: AIRFLOW_CTX_DAG_OWNER='pipeline' AIRFLOW_CTX_DAG_ID='fetch_market_data' AIRFLOW_CTX_TASK_ID='check_market_open' AIRFLOW_CTX_EXECUTION_DATE='2026-05-01T00:30:00+00:00' AIRFLOW_CTX_TRY_NUMBER='1' AIRFLOW_CTX_DAG_RUN_ID='scheduled__2026-05-01T00:30:00+00:00'
[2026-05-01T00:55:08.526+0000] {sensors.py:45} INFO - Market open check at 2026-04-30 20:55 ET: False
[2026-05-01T00:55:08.552+0000] {taskinstance.py:2658} INFO - Rescheduling task, marking task as UP_FOR_RESCHEDULE
[2026-05-01T00:55:08.577+0000] {local_task_job_runner.py:234} INFO - Task exited with return code 0
[2026-05-01T00:55:08.617+0000] {taskinstance.py:3280} INFO - 0 downstream tasks scheduled from follow-on schedule check
[2026-05-01T00:56:09.699+0000] {taskinstance.py:1956} INFO - Dependencies all met for dep_context=non-requeueable deps ti=<TaskInstance: fetch_market_data.check_market_open scheduled__2026-05-01T00:30:00+00:00 [queued]>
[2026-05-01T00:56:09.706+0000] {taskinstance.py:1956} INFO - Dependencies all met for dep_context=requeueable deps ti=<TaskInstance: fetch_market_data.check_market_open scheduled__2026-05-01T00:30:00+00:00 [queued]>
[2026-05-01T00:56:09.706+0000] {taskinstance.py:2170} INFO - Starting attempt 1 of 3
[2026-05-01T00:56:09.716+0000] {taskinstance.py:2191} INFO - Executing <Task(MarketOpenSensor): check_market_open> on 2026-05-01 00:30:00+00:00
[2026-05-01T00:56:09.723+0000] {standard_task_runner.py:60} INFO - Started process 646625 to run task
[2026-05-01T00:56:09.726+0000] {standard_task_runner.py:87} INFO - Running: ['airflow', 'tasks', 'run', 'fetch_market_data', 'check_market_open', 'scheduled__2026-05-01T00:30:00+00:00', '--job-id', '466', '--raw', '--subdir', 'DAGS_FOLDER/fetch_market_data.py', '--cfg-path', '/tmp/tmpp5lunkjd']
[2026-05-01T00:56:09.728+0000] {standard_task_runner.py:88} INFO - Job 466: Subtask check_market_open
[2026-05-01T00:56:09.803+0000] {task_command.py:423} INFO - Running <TaskInstance: fetch_market_data.check_market_open scheduled__2026-05-01T00:30:00+00:00 [running]> on host reddit-pipeline-vm
[2026-05-01T00:56:09.910+0000] {taskinstance.py:2480} INFO - Exporting env vars: AIRFLOW_CTX_DAG_OWNER='pipeline' AIRFLOW_CTX_DAG_ID='fetch_market_data' AIRFLOW_CTX_TASK_ID='check_market_open' AIRFLOW_CTX_EXECUTION_DATE='2026-05-01T00:30:00+00:00' AIRFLOW_CTX_TRY_NUMBER='1' AIRFLOW_CTX_DAG_RUN_ID='scheduled__2026-05-01T00:30:00+00:00'
[2026-05-01T00:56:09.927+0000] {sensors.py:45} INFO - Market open check at 2026-04-30 20:56 ET: False
[2026-05-01T00:56:09.953+0000] {taskinstance.py:2658} INFO - Rescheduling task, marking task as UP_FOR_RESCHEDULE
[2026-05-01T00:56:09.979+0000] {local_task_job_runner.py:234} INFO - Task exited with return code 0
[2026-05-01T00:56:10.020+0000] {taskinstance.py:3280} INFO - 0 downstream tasks scheduled from follow-on schedule check
[2026-05-01T00:57:10.975+0000] {taskinstance.py:1956} INFO - Dependencies all met for dep_context=non-requeueable deps ti=<TaskInstance: fetch_market_data.check_market_open scheduled__2026-05-01T00:30:00+00:00 [queued]>
[2026-05-01T00:57:10.982+0000] {taskinstance.py:1956} INFO - Dependencies all met for dep_context=requeueable deps ti=<TaskInstance: fetch_market_data.check_market_open scheduled__2026-05-01T00:30:00+00:00 [queued]>
[2026-05-01T00:57:10.983+0000] {taskinstance.py:2170} INFO - Starting attempt 1 of 3
[2026-05-01T00:57:10.993+0000] {taskinstance.py:2191} INFO - Executing <Task(MarketOpenSensor): check_market_open> on 2026-05-01 00:30:00+00:00
[2026-05-01T00:57:10.999+0000] {standard_task_runner.py:60} INFO - Started process 646695 to run task
[2026-05-01T00:57:11.003+0000] {standard_task_runner.py:87} INFO - Running: ['airflow', 'tasks', 'run', 'fetch_market_data', 'check_market_open', 'scheduled__2026-05-01T00:30:00+00:00', '--job-id', '467', '--raw', '--subdir', 'DAGS_FOLDER/fetch_market_data.py', '--cfg-path', '/tmp/tmp6towlt3y']
[2026-05-01T00:57:11.005+0000] {standard_task_runner.py:88} INFO - Job 467: Subtask check_market_open
[2026-05-01T00:57:11.080+0000] {task_command.py:423} INFO - Running <TaskInstance: fetch_market_data.check_market_open scheduled__2026-05-01T00:30:00+00:00 [running]> on host reddit-pipeline-vm
[2026-05-01T00:57:11.190+0000] {taskinstance.py:2480} INFO - Exporting env vars: AIRFLOW_CTX_DAG_OWNER='pipeline' AIRFLOW_CTX_DAG_ID='fetch_market_data' AIRFLOW_CTX_TASK_ID='check_market_open' AIRFLOW_CTX_EXECUTION_DATE='2026-05-01T00:30:00+00:00' AIRFLOW_CTX_TRY_NUMBER='1' AIRFLOW_CTX_DAG_RUN_ID='scheduled__2026-05-01T00:30:00+00:00'
[2026-05-01T00:57:11.208+0000] {sensors.py:45} INFO - Market open check at 2026-04-30 20:57 ET: False
[2026-05-01T00:57:11.233+0000] {taskinstance.py:2658} INFO - Rescheduling task, marking task as UP_FOR_RESCHEDULE
[2026-05-01T00:57:11.256+0000] {local_task_job_runner.py:234} INFO - Task exited with return code 0
[2026-05-01T00:57:11.296+0000] {taskinstance.py:3280} INFO - 0 downstream tasks scheduled from follow-on schedule check
[2026-05-01T00:58:12.187+0000] {taskinstance.py:1956} INFO - Dependencies all met for dep_context=non-requeueable deps ti=<TaskInstance: fetch_market_data.check_market_open scheduled__2026-05-01T00:30:00+00:00 [queued]>
[2026-05-01T00:58:12.194+0000] {taskinstance.py:1956} INFO - Dependencies all met for dep_context=requeueable deps ti=<TaskInstance: fetch_market_data.check_market_open scheduled__2026-05-01T00:30:00+00:00 [queued]>
[2026-05-01T00:58:12.194+0000] {taskinstance.py:2170} INFO - Starting attempt 1 of 3
[2026-05-01T00:58:12.204+0000] {taskinstance.py:2191} INFO - Executing <Task(MarketOpenSensor): check_market_open> on 2026-05-01 00:30:00+00:00
[2026-05-01T00:58:12.211+0000] {standard_task_runner.py:60} INFO - Started process 646759 to run task
[2026-05-01T00:58:12.214+0000] {standard_task_runner.py:87} INFO - Running: ['airflow', 'tasks', 'run', 'fetch_market_data', 'check_market_open', 'scheduled__2026-05-01T00:30:00+00:00', '--job-id', '468', '--raw', '--subdir', 'DAGS_FOLDER/fetch_market_data.py', '--cfg-path', '/tmp/tmpycqk9x31']
[2026-05-01T00:58:12.216+0000] {standard_task_runner.py:88} INFO - Job 468: Subtask check_market_open
[2026-05-01T00:58:12.292+0000] {task_command.py:423} INFO - Running <TaskInstance: fetch_market_data.check_market_open scheduled__2026-05-01T00:30:00+00:00 [running]> on host reddit-pipeline-vm
[2026-05-01T00:58:12.400+0000] {taskinstance.py:2480} INFO - Exporting env vars: AIRFLOW_CTX_DAG_OWNER='pipeline' AIRFLOW_CTX_DAG_ID='fetch_market_data' AIRFLOW_CTX_TASK_ID='check_market_open' AIRFLOW_CTX_EXECUTION_DATE='2026-05-01T00:30:00+00:00' AIRFLOW_CTX_TRY_NUMBER='1' AIRFLOW_CTX_DAG_RUN_ID='scheduled__2026-05-01T00:30:00+00:00'
[2026-05-01T00:58:12.418+0000] {sensors.py:45} INFO - Market open check at 2026-04-30 20:58 ET: False
[2026-05-01T00:58:12.444+0000] {taskinstance.py:2658} INFO - Rescheduling task, marking task as UP_FOR_RESCHEDULE
[2026-05-01T00:58:12.467+0000] {local_task_job_runner.py:234} INFO - Task exited with return code 0
[2026-05-01T00:58:12.507+0000] {taskinstance.py:3280} INFO - 0 downstream tasks scheduled from follow-on schedule check
[2026-05-01T00:59:13.390+0000] {taskinstance.py:1956} INFO - Dependencies all met for dep_context=non-requeueable deps ti=<TaskInstance: fetch_market_data.check_market_open scheduled__2026-05-01T00:30:00+00:00 [queued]>
[2026-05-01T00:59:13.397+0000] {taskinstance.py:1956} INFO - Dependencies all met for dep_context=requeueable deps ti=<TaskInstance: fetch_market_data.check_market_open scheduled__2026-05-01T00:30:00+00:00 [queued]>
[2026-05-01T00:59:13.397+0000] {taskinstance.py:2170} INFO - Starting attempt 1 of 3
[2026-05-01T00:59:13.407+0000] {taskinstance.py:2191} INFO - Executing <Task(MarketOpenSensor): check_market_open> on 2026-05-01 00:30:00+00:00
[2026-05-01T00:59:13.413+0000] {standard_task_runner.py:60} INFO - Started process 646829 to run task
[2026-05-01T00:59:13.417+0000] {standard_task_runner.py:87} INFO - Running: ['airflow', 'tasks', 'run', 'fetch_market_data', 'check_market_open', 'scheduled__2026-05-01T00:30:00+00:00', '--job-id', '469', '--raw', '--subdir', 'DAGS_FOLDER/fetch_market_data.py', '--cfg-path', '/tmp/tmp0l13p66_']
[2026-05-01T00:59:13.419+0000] {standard_task_runner.py:88} INFO - Job 469: Subtask check_market_open
[2026-05-01T00:59:13.493+0000] {task_command.py:423} INFO - Running <TaskInstance: fetch_market_data.check_market_open scheduled__2026-05-01T00:30:00+00:00 [running]> on host reddit-pipeline-vm
[2026-05-01T00:59:13.602+0000] {taskinstance.py:2480} INFO - Exporting env vars: AIRFLOW_CTX_DAG_OWNER='pipeline' AIRFLOW_CTX_DAG_ID='fetch_market_data' AIRFLOW_CTX_TASK_ID='check_market_open' AIRFLOW_CTX_EXECUTION_DATE='2026-05-01T00:30:00+00:00' AIRFLOW_CTX_TRY_NUMBER='1' AIRFLOW_CTX_DAG_RUN_ID='scheduled__2026-05-01T00:30:00+00:00'
[2026-05-01T00:59:13.621+0000] {sensors.py:45} INFO - Market open check at 2026-04-30 20:59 ET: False
[2026-05-01T00:59:13.647+0000] {taskinstance.py:2658} INFO - Rescheduling task, marking task as UP_FOR_RESCHEDULE
[2026-05-01T00:59:13.669+0000] {local_task_job_runner.py:234} INFO - Task exited with return code 0
[2026-05-01T00:59:13.710+0000] {taskinstance.py:3280} INFO - 0 downstream tasks scheduled from follow-on schedule check
[2026-05-01T01:00:14.951+0000] {taskinstance.py:1956} INFO - Dependencies all met for dep_context=non-requeueable deps ti=<TaskInstance: fetch_market_data.check_market_open scheduled__2026-05-01T00:30:00+00:00 [queued]>
[2026-05-01T01:00:14.959+0000] {taskinstance.py:1956} INFO - Dependencies all met for dep_context=requeueable deps ti=<TaskInstance: fetch_market_data.check_market_open scheduled__2026-05-01T00:30:00+00:00 [queued]>
[2026-05-01T01:00:14.959+0000] {taskinstance.py:2170} INFO - Starting attempt 1 of 3
[2026-05-01T01:00:14.969+0000] {taskinstance.py:2191} INFO - Executing <Task(MarketOpenSensor): check_market_open> on 2026-05-01 00:30:00+00:00
[2026-05-01T01:00:14.976+0000] {standard_task_runner.py:60} INFO - Started process 646900 to run task
[2026-05-01T01:00:14.979+0000] {standard_task_runner.py:87} INFO - Running: ['airflow', 'tasks', 'run', 'fetch_market_data', 'check_market_open', 'scheduled__2026-05-01T00:30:00+00:00', '--job-id', '470', '--raw', '--subdir', 'DAGS_FOLDER/fetch_market_data.py', '--cfg-path', '/tmp/tmpifcyem8o']
[2026-05-01T01:00:14.981+0000] {standard_task_runner.py:88} INFO - Job 470: Subtask check_market_open
[2026-05-01T01:00:15.057+0000] {task_command.py:423} INFO - Running <TaskInstance: fetch_market_data.check_market_open scheduled__2026-05-01T00:30:00+00:00 [running]> on host reddit-pipeline-vm
[2026-05-01T01:00:15.166+0000] {taskinstance.py:2480} INFO - Exporting env vars: AIRFLOW_CTX_DAG_OWNER='pipeline' AIRFLOW_CTX_DAG_ID='fetch_market_data' AIRFLOW_CTX_TASK_ID='check_market_open' AIRFLOW_CTX_EXECUTION_DATE='2026-05-01T00:30:00+00:00' AIRFLOW_CTX_TRY_NUMBER='1' AIRFLOW_CTX_DAG_RUN_ID='scheduled__2026-05-01T00:30:00+00:00'
[2026-05-01T01:00:15.185+0000] {sensors.py:45} INFO - Market open check at 2026-04-30 21:00 ET: False
[2026-05-01T01:00:15.211+0000] {taskinstance.py:2658} INFO - Rescheduling task, marking task as UP_FOR_RESCHEDULE
[2026-05-01T01:00:15.231+0000] {local_task_job_runner.py:234} INFO - Task exited with return code 0
[2026-05-01T01:00:15.271+0000] {taskinstance.py:3280} INFO - 0 downstream tasks scheduled from follow-on schedule check
[2026-05-01T01:01:16.509+0000] {taskinstance.py:1956} INFO - Dependencies all met for dep_context=non-requeueable deps ti=<TaskInstance: fetch_market_data.check_market_open scheduled__2026-05-01T00:30:00+00:00 [queued]>
[2026-05-01T01:01:16.517+0000] {taskinstance.py:1956} INFO - Dependencies all met for dep_context=requeueable deps ti=<TaskInstance: fetch_market_data.check_market_open scheduled__2026-05-01T00:30:00+00:00 [queued]>
[2026-05-01T01:01:16.517+0000] {taskinstance.py:2170} INFO - Starting attempt 1 of 3
[2026-05-01T01:01:16.527+0000] {taskinstance.py:2191} INFO - Executing <Task(MarketOpenSensor): check_market_open> on 2026-05-01 00:30:00+00:00
[2026-05-01T01:01:16.534+0000] {standard_task_runner.py:60} INFO - Started process 646977 to run task
[2026-05-01T01:01:16.537+0000] {standard_task_runner.py:87} INFO - Running: ['airflow', 'tasks', 'run', 'fetch_market_data', 'check_market_open', 'scheduled__2026-05-01T00:30:00+00:00', '--job-id', '471', '--raw', '--subdir', 'DAGS_FOLDER/fetch_market_data.py', '--cfg-path', '/tmp/tmpu5y63b9k']
[2026-05-01T01:01:16.539+0000] {standard_task_runner.py:88} INFO - Job 471: Subtask check_market_open
[2026-05-01T01:01:16.616+0000] {task_command.py:423} INFO - Running <TaskInstance: fetch_market_data.check_market_open scheduled__2026-05-01T00:30:00+00:00 [running]> on host reddit-pipeline-vm
[2026-05-01T01:01:16.726+0000] {taskinstance.py:2480} INFO - Exporting env vars: AIRFLOW_CTX_DAG_OWNER='pipeline' AIRFLOW_CTX_DAG_ID='fetch_market_data' AIRFLOW_CTX_TASK_ID='check_market_open' AIRFLOW_CTX_EXECUTION_DATE='2026-05-01T00:30:00+00:00' AIRFLOW_CTX_TRY_NUMBER='1' AIRFLOW_CTX_DAG_RUN_ID='scheduled__2026-05-01T00:30:00+00:00'
[2026-05-01T01:01:16.744+0000] {sensors.py:45} INFO - Market open check at 2026-04-30 21:01 ET: False
[2026-05-01T01:01:16.770+0000] {taskinstance.py:2658} INFO - Rescheduling task, marking task as UP_FOR_RESCHEDULE
[2026-05-01T01:01:16.790+0000] {local_task_job_runner.py:234} INFO - Task exited with return code 0
[2026-05-01T01:01:16.842+0000] {taskinstance.py:3280} INFO - 0 downstream tasks scheduled from follow-on schedule check
[2026-05-01T01:02:17.880+0000] {taskinstance.py:1956} INFO - Dependencies all met for dep_context=non-requeueable deps ti=<TaskInstance: fetch_market_data.check_market_open scheduled__2026-05-01T00:30:00+00:00 [queued]>
[2026-05-01T01:02:17.888+0000] {taskinstance.py:1956} INFO - Dependencies all met for dep_context=requeueable deps ti=<TaskInstance: fetch_market_data.check_market_open scheduled__2026-05-01T00:30:00+00:00 [queued]>
[2026-05-01T01:02:17.888+0000] {taskinstance.py:2170} INFO - Starting attempt 1 of 3
[2026-05-01T01:02:17.898+0000] {taskinstance.py:2191} INFO - Executing <Task(MarketOpenSensor): check_market_open> on 2026-05-01 00:30:00+00:00
[2026-05-01T01:02:17.904+0000] {standard_task_runner.py:60} INFO - Started process 647045 to run task
[2026-05-01T01:02:17.907+0000] {standard_task_runner.py:87} INFO - Running: ['airflow', 'tasks', 'run', 'fetch_market_data', 'check_market_open', 'scheduled__2026-05-01T00:30:00+00:00', '--job-id', '472', '--raw', '--subdir', 'DAGS_FOLDER/fetch_market_data.py', '--cfg-path', '/tmp/tmpbdnnak1j']
[2026-05-01T01:02:17.909+0000] {standard_task_runner.py:88} INFO - Job 472: Subtask check_market_open
[2026-05-01T01:02:17.983+0000] {task_command.py:423} INFO - Running <TaskInstance: fetch_market_data.check_market_open scheduled__2026-05-01T00:30:00+00:00 [running]> on host reddit-pipeline-vm
[2026-05-01T01:02:18.091+0000] {taskinstance.py:2480} INFO - Exporting env vars: AIRFLOW_CTX_DAG_OWNER='pipeline' AIRFLOW_CTX_DAG_ID='fetch_market_data' AIRFLOW_CTX_TASK_ID='check_market_open' AIRFLOW_CTX_EXECUTION_DATE='2026-05-01T00:30:00+00:00' AIRFLOW_CTX_TRY_NUMBER='1' AIRFLOW_CTX_DAG_RUN_ID='scheduled__2026-05-01T00:30:00+00:00'
[2026-05-01T01:02:18.110+0000] {sensors.py:45} INFO - Market open check at 2026-04-30 21:02 ET: False
[2026-05-01T01:02:18.136+0000] {taskinstance.py:2658} INFO - Rescheduling task, marking task as UP_FOR_RESCHEDULE
[2026-05-01T01:02:18.160+0000] {local_task_job_runner.py:234} INFO - Task exited with return code 0
[2026-05-01T01:02:18.200+0000] {taskinstance.py:3280} INFO - 0 downstream tasks scheduled from follow-on schedule check
[2026-05-01T01:03:19.459+0000] {taskinstance.py:1956} INFO - Dependencies all met for dep_context=non-requeueable deps ti=<TaskInstance: fetch_market_data.check_market_open scheduled__2026-05-01T00:30:00+00:00 [queued]>
[2026-05-01T01:03:19.467+0000] {taskinstance.py:1956} INFO - Dependencies all met for dep_context=requeueable deps ti=<TaskInstance: fetch_market_data.check_market_open scheduled__2026-05-01T00:30:00+00:00 [queued]>
[2026-05-01T01:03:19.467+0000] {taskinstance.py:2170} INFO - Starting attempt 1 of 3
[2026-05-01T01:03:19.477+0000] {taskinstance.py:2191} INFO - Executing <Task(MarketOpenSensor): check_market_open> on 2026-05-01 00:30:00+00:00
[2026-05-01T01:03:19.483+0000] {standard_task_runner.py:60} INFO - Started process 647114 to run task
[2026-05-01T01:03:19.487+0000] {standard_task_runner.py:87} INFO - Running: ['airflow', 'tasks', 'run', 'fetch_market_data', 'check_market_open', 'scheduled__2026-05-01T00:30:00+00:00', '--job-id', '473', '--raw', '--subdir', 'DAGS_FOLDER/fetch_market_data.py', '--cfg-path', '/tmp/tmplyluqwwn']
[2026-05-01T01:03:19.489+0000] {standard_task_runner.py:88} INFO - Job 473: Subtask check_market_open
[2026-05-01T01:03:19.563+0000] {task_command.py:423} INFO - Running <TaskInstance: fetch_market_data.check_market_open scheduled__2026-05-01T00:30:00+00:00 [running]> on host reddit-pipeline-vm
[2026-05-01T01:03:19.672+0000] {taskinstance.py:2480} INFO - Exporting env vars: AIRFLOW_CTX_DAG_OWNER='pipeline' AIRFLOW_CTX_DAG_ID='fetch_market_data' AIRFLOW_CTX_TASK_ID='check_market_open' AIRFLOW_CTX_EXECUTION_DATE='2026-05-01T00:30:00+00:00' AIRFLOW_CTX_TRY_NUMBER='1' AIRFLOW_CTX_DAG_RUN_ID='scheduled__2026-05-01T00:30:00+00:00'
[2026-05-01T01:03:19.690+0000] {sensors.py:45} INFO - Market open check at 2026-04-30 21:03 ET: False
[2026-05-01T01:03:19.716+0000] {taskinstance.py:2658} INFO - Rescheduling task, marking task as UP_FOR_RESCHEDULE
[2026-05-01T01:03:19.740+0000] {local_task_job_runner.py:234} INFO - Task exited with return code 0
[2026-05-01T01:03:19.779+0000] {taskinstance.py:3280} INFO - 0 downstream tasks scheduled from follow-on schedule check
[2026-05-01T01:04:21.035+0000] {taskinstance.py:1956} INFO - Dependencies all met for dep_context=non-requeueable deps ti=<TaskInstance: fetch_market_data.check_market_open scheduled__2026-05-01T00:30:00+00:00 [queued]>
[2026-05-01T01:04:21.042+0000] {taskinstance.py:1956} INFO - Dependencies all met for dep_context=requeueable deps ti=<TaskInstance: fetch_market_data.check_market_open scheduled__2026-05-01T00:30:00+00:00 [queued]>
[2026-05-01T01:04:21.042+0000] {taskinstance.py:2170} INFO - Starting attempt 1 of 3
[2026-05-01T01:04:21.052+0000] {taskinstance.py:2191} INFO - Executing <Task(MarketOpenSensor): check_market_open> on 2026-05-01 00:30:00+00:00
[2026-05-01T01:04:21.059+0000] {standard_task_runner.py:60} INFO - Started process 647180 to run task
[2026-05-01T01:04:21.062+0000] {standard_task_runner.py:87} INFO - Running: ['airflow', 'tasks', 'run', 'fetch_market_data', 'check_market_open', 'scheduled__2026-05-01T00:30:00+00:00', '--job-id', '474', '--raw', '--subdir', 'DAGS_FOLDER/fetch_market_data.py', '--cfg-path', '/tmp/tmp0f_ukphb']
[2026-05-01T01:04:21.064+0000] {standard_task_runner.py:88} INFO - Job 474: Subtask check_market_open
[2026-05-01T01:04:21.139+0000] {task_command.py:423} INFO - Running <TaskInstance: fetch_market_data.check_market_open scheduled__2026-05-01T00:30:00+00:00 [running]> on host reddit-pipeline-vm
[2026-05-01T01:04:21.247+0000] {taskinstance.py:2480} INFO - Exporting env vars: AIRFLOW_CTX_DAG_OWNER='pipeline' AIRFLOW_CTX_DAG_ID='fetch_market_data' AIRFLOW_CTX_TASK_ID='check_market_open' AIRFLOW_CTX_EXECUTION_DATE='2026-05-01T00:30:00+00:00' AIRFLOW_CTX_TRY_NUMBER='1' AIRFLOW_CTX_DAG_RUN_ID='scheduled__2026-05-01T00:30:00+00:00'
[2026-05-01T01:04:21.266+0000] {sensors.py:45} INFO - Market open check at 2026-04-30 21:04 ET: False
[2026-05-01T01:04:21.294+0000] {taskinstance.py:2658} INFO - Rescheduling task, marking task as UP_FOR_RESCHEDULE
[2026-05-01T01:04:21.316+0000] {local_task_job_runner.py:234} INFO - Task exited with return code 0
[2026-05-01T01:04:21.355+0000] {taskinstance.py:3280} INFO - 0 downstream tasks scheduled from follow-on schedule check
[2026-05-01T01:05:22.080+0000] {taskinstance.py:1956} INFO - Dependencies all met for dep_context=non-requeueable deps ti=<TaskInstance: fetch_market_data.check_market_open scheduled__2026-05-01T00:30:00+00:00 [queued]>
[2026-05-01T01:05:22.088+0000] {taskinstance.py:1956} INFO - Dependencies all met for dep_context=requeueable deps ti=<TaskInstance: fetch_market_data.check_market_open scheduled__2026-05-01T00:30:00+00:00 [queued]>
[2026-05-01T01:05:22.088+0000] {taskinstance.py:2170} INFO - Starting attempt 1 of 3
[2026-05-01T01:05:22.098+0000] {taskinstance.py:2191} INFO - Executing <Task(MarketOpenSensor): check_market_open> on 2026-05-01 00:30:00+00:00
[2026-05-01T01:05:22.105+0000] {standard_task_runner.py:60} INFO - Started process 647254 to run task
[2026-05-01T01:05:22.108+0000] {standard_task_runner.py:87} INFO - Running: ['airflow', 'tasks', 'run', 'fetch_market_data', 'check_market_open', 'scheduled__2026-05-01T00:30:00+00:00', '--job-id', '475', '--raw', '--subdir', 'DAGS_FOLDER/fetch_market_data.py', '--cfg-path', '/tmp/tmpx5lximqo']
[2026-05-01T01:05:22.109+0000] {standard_task_runner.py:88} INFO - Job 475: Subtask check_market_open
[2026-05-01T01:05:22.185+0000] {task_command.py:423} INFO - Running <TaskInstance: fetch_market_data.check_market_open scheduled__2026-05-01T00:30:00+00:00 [running]> on host reddit-pipeline-vm
[2026-05-01T01:05:22.293+0000] {taskinstance.py:2480} INFO - Exporting env vars: AIRFLOW_CTX_DAG_OWNER='pipeline' AIRFLOW_CTX_DAG_ID='fetch_market_data' AIRFLOW_CTX_TASK_ID='check_market_open' AIRFLOW_CTX_EXECUTION_DATE='2026-05-01T00:30:00+00:00' AIRFLOW_CTX_TRY_NUMBER='1' AIRFLOW_CTX_DAG_RUN_ID='scheduled__2026-05-01T00:30:00+00:00'
[2026-05-01T01:05:22.311+0000] {sensors.py:45} INFO - Market open check at 2026-04-30 21:05 ET: False
[2026-05-01T01:05:22.337+0000] {taskinstance.py:2658} INFO - Rescheduling task, marking task as UP_FOR_RESCHEDULE
[2026-05-01T01:05:22.360+0000] {local_task_job_runner.py:234} INFO - Task exited with return code 0
[2026-05-01T01:05:22.401+0000] {taskinstance.py:3280} INFO - 0 downstream tasks scheduled from follow-on schedule check
[2026-05-01T01:06:23.389+0000] {taskinstance.py:1956} INFO - Dependencies all met for dep_context=non-requeueable deps ti=<TaskInstance: fetch_market_data.check_market_open scheduled__2026-05-01T00:30:00+00:00 [queued]>
[2026-05-01T01:06:23.396+0000] {taskinstance.py:1956} INFO - Dependencies all met for dep_context=requeueable deps ti=<TaskInstance: fetch_market_data.check_market_open scheduled__2026-05-01T00:30:00+00:00 [queued]>
[2026-05-01T01:06:23.397+0000] {taskinstance.py:2170} INFO - Starting attempt 1 of 3
[2026-05-01T01:06:23.407+0000] {taskinstance.py:2191} INFO - Executing <Task(MarketOpenSensor): check_market_open> on 2026-05-01 00:30:00+00:00
[2026-05-01T01:06:23.413+0000] {standard_task_runner.py:60} INFO - Started process 647332 to run task
[2026-05-01T01:06:23.416+0000] {standard_task_runner.py:87} INFO - Running: ['airflow', 'tasks', 'run', 'fetch_market_data', 'check_market_open', 'scheduled__2026-05-01T00:30:00+00:00', '--job-id', '476', '--raw', '--subdir', 'DAGS_FOLDER/fetch_market_data.py', '--cfg-path', '/tmp/tmp4cix582n']
[2026-05-01T01:06:23.418+0000] {standard_task_runner.py:88} INFO - Job 476: Subtask check_market_open
[2026-05-01T01:06:23.492+0000] {task_command.py:423} INFO - Running <TaskInstance: fetch_market_data.check_market_open scheduled__2026-05-01T00:30:00+00:00 [running]> on host reddit-pipeline-vm
[2026-05-01T01:06:23.601+0000] {taskinstance.py:2480} INFO - Exporting env vars: AIRFLOW_CTX_DAG_OWNER='pipeline' AIRFLOW_CTX_DAG_ID='fetch_market_data' AIRFLOW_CTX_TASK_ID='check_market_open' AIRFLOW_CTX_EXECUTION_DATE='2026-05-01T00:30:00+00:00' AIRFLOW_CTX_TRY_NUMBER='1' AIRFLOW_CTX_DAG_RUN_ID='scheduled__2026-05-01T00:30:00+00:00'
[2026-05-01T01:06:23.619+0000] {sensors.py:45} INFO - Market open check at 2026-04-30 21:06 ET: False
[2026-05-01T01:06:23.647+0000] {taskinstance.py:2658} INFO - Rescheduling task, marking task as UP_FOR_RESCHEDULE
[2026-05-01T01:06:23.668+0000] {local_task_job_runner.py:234} INFO - Task exited with return code 0
[2026-05-01T01:06:23.709+0000] {taskinstance.py:3280} INFO - 0 downstream tasks scheduled from follow-on schedule check
[2026-05-01T01:07:24.615+0000] {taskinstance.py:1956} INFO - Dependencies all met for dep_context=non-requeueable deps ti=<TaskInstance: fetch_market_data.check_market_open scheduled__2026-05-01T00:30:00+00:00 [queued]>
[2026-05-01T01:07:24.623+0000] {taskinstance.py:1956} INFO - Dependencies all met for dep_context=requeueable deps ti=<TaskInstance: fetch_market_data.check_market_open scheduled__2026-05-01T00:30:00+00:00 [queued]>
[2026-05-01T01:07:24.623+0000] {taskinstance.py:2170} INFO - Starting attempt 1 of 3
[2026-05-01T01:07:24.633+0000] {taskinstance.py:2191} INFO - Executing <Task(MarketOpenSensor): check_market_open> on 2026-05-01 00:30:00+00:00
[2026-05-01T01:07:24.640+0000] {standard_task_runner.py:60} INFO - Started process 647398 to run task
[2026-05-01T01:07:24.643+0000] {standard_task_runner.py:87} INFO - Running: ['airflow', 'tasks', 'run', 'fetch_market_data', 'check_market_open', 'scheduled__2026-05-01T00:30:00+00:00', '--job-id', '477', '--raw', '--subdir', 'DAGS_FOLDER/fetch_market_data.py', '--cfg-path', '/tmp/tmpvsln4kwy']
[2026-05-01T01:07:24.645+0000] {standard_task_runner.py:88} INFO - Job 477: Subtask check_market_open
[2026-05-01T01:07:24.720+0000] {task_command.py:423} INFO - Running <TaskInstance: fetch_market_data.check_market_open scheduled__2026-05-01T00:30:00+00:00 [running]> on host reddit-pipeline-vm
[2026-05-01T01:07:24.829+0000] {taskinstance.py:2480} INFO - Exporting env vars: AIRFLOW_CTX_DAG_OWNER='pipeline' AIRFLOW_CTX_DAG_ID='fetch_market_data' AIRFLOW_CTX_TASK_ID='check_market_open' AIRFLOW_CTX_EXECUTION_DATE='2026-05-01T00:30:00+00:00' AIRFLOW_CTX_TRY_NUMBER='1' AIRFLOW_CTX_DAG_RUN_ID='scheduled__2026-05-01T00:30:00+00:00'
[2026-05-01T01:07:24.847+0000] {sensors.py:45} INFO - Market open check at 2026-04-30 21:07 ET: False
[2026-05-01T01:07:24.847+0000] {taskinstance.py:2698} ERROR - Task failed with exception
Traceback (most recent call last):
  File "/home/ubuntu/github_repo/Stock-Market-Intelligence-Pipeline/venv/lib/python3.11/site-packages/airflow/models/taskinstance.py", line 433, in _execute_task
    result = execute_callable(context=context, **execute_callable_kwargs)
             ^^^^^^^^^^^^^^^^^^^^^^^^^^^^^^^^^^^^^^^^^^^^^^^^^^^^^^^^^^^^
  File "/home/ubuntu/github_repo/Stock-Market-Intelligence-Pipeline/venv/lib/python3.11/site-packages/airflow/sensors/base.py", line 282, in execute
    raise AirflowSensorTimeout(message)
airflow.exceptions.AirflowSensorTimeout: Sensor has timed out; run duration of 921.144824 seconds exceeds the specified timeout of 900.0.
[2026-05-01T01:07:24.864+0000] {taskinstance.py:1138} INFO - Immediate failure requested. Marking task as FAILED. dag_id=fetch_market_data, task_id=check_market_open, execution_date=20260501T003000, start_date=20260501T010724, end_date=20260501T010724
[2026-05-01T01:07:24.873+0000] {standard_task_runner.py:107} ERROR - Failed to execute job 477 for task check_market_open (Sensor has timed out; run duration of 921.144824 seconds exceeds the specified timeout of 900.0.; 647398)
[2026-05-01T01:07:24.896+0000] {local_task_job_runner.py:234} INFO - Task exited with return code 1
[2026-05-01T01:07:24.946+0000] {taskinstance.py:3280} INFO - 0 downstream tasks scheduled from follow-on schedule check
