[2026-05-01T02:24:26.047+0000] {taskinstance.py:1956} INFO - Dependencies all met for dep_context=non-requeueable deps ti=<TaskInstance: fetch_market_data.check_market_open scheduled__2026-05-01T02:00:00+00:00 [queued]>
[2026-05-01T02:24:26.054+0000] {taskinstance.py:1956} INFO - Dependencies all met for dep_context=requeueable deps ti=<TaskInstance: fetch_market_data.check_market_open scheduled__2026-05-01T02:00:00+00:00 [queued]>
[2026-05-01T02:24:26.054+0000] {taskinstance.py:2170} INFO - Starting attempt 1 of 3
[2026-05-01T02:24:26.066+0000] {taskinstance.py:2191} INFO - Executing <Task(MarketOpenSensor): check_market_open> on 2026-05-01 02:00:00+00:00
[2026-05-01T02:24:26.072+0000] {standard_task_runner.py:60} INFO - Started process 653155 to run task
[2026-05-01T02:24:26.077+0000] {standard_task_runner.py:87} INFO - Running: ['airflow', 'tasks', 'run', 'fetch_market_data', 'check_market_open', 'scheduled__2026-05-01T02:00:00+00:00', '--job-id', '558', '--raw', '--subdir', 'DAGS_FOLDER/fetch_market_data.py', '--cfg-path', '/tmp/tmpkkijrgt8']
[2026-05-01T02:24:26.079+0000] {standard_task_runner.py:88} INFO - Job 558: Subtask check_market_open
[2026-05-01T02:24:26.155+0000] {task_command.py:423} INFO - Running <TaskInstance: fetch_market_data.check_market_open scheduled__2026-05-01T02:00:00+00:00 [running]> on host reddit-pipeline-vm
[2026-05-01T02:24:26.266+0000] {taskinstance.py:2480} INFO - Exporting env vars: AIRFLOW_CTX_DAG_OWNER='pipeline' AIRFLOW_CTX_DAG_ID='fetch_market_data' AIRFLOW_CTX_TASK_ID='check_market_open' AIRFLOW_CTX_EXECUTION_DATE='2026-05-01T02:00:00+00:00' AIRFLOW_CTX_TRY_NUMBER='1' AIRFLOW_CTX_DAG_RUN_ID='scheduled__2026-05-01T02:00:00+00:00'
[2026-05-01T02:24:26.284+0000] {sensors.py:45} INFO - Market open check at 2026-04-30 22:24 ET: False
[2026-05-01T02:24:26.309+0000] {taskinstance.py:2658} INFO - Rescheduling task, marking task as UP_FOR_RESCHEDULE
[2026-05-01T02:24:26.332+0000] {local_task_job_runner.py:234} INFO - Task exited with return code 0
[2026-05-01T02:24:26.373+0000] {taskinstance.py:3280} INFO - 0 downstream tasks scheduled from follow-on schedule check
[2026-05-01T02:25:27.174+0000] {taskinstance.py:1956} INFO - Dependencies all met for dep_context=non-requeueable deps ti=<TaskInstance: fetch_market_data.check_market_open scheduled__2026-05-01T02:00:00+00:00 [queued]>
[2026-05-01T02:25:27.181+0000] {taskinstance.py:1956} INFO - Dependencies all met for dep_context=requeueable deps ti=<TaskInstance: fetch_market_data.check_market_open scheduled__2026-05-01T02:00:00+00:00 [queued]>
[2026-05-01T02:25:27.182+0000] {taskinstance.py:2170} INFO - Starting attempt 1 of 3
[2026-05-01T02:25:27.192+0000] {taskinstance.py:2191} INFO - Executing <Task(MarketOpenSensor): check_market_open> on 2026-05-01 02:00:00+00:00
[2026-05-01T02:25:27.199+0000] {standard_task_runner.py:60} INFO - Started process 653226 to run task
[2026-05-01T02:25:27.202+0000] {standard_task_runner.py:87} INFO - Running: ['airflow', 'tasks', 'run', 'fetch_market_data', 'check_market_open', 'scheduled__2026-05-01T02:00:00+00:00', '--job-id', '559', '--raw', '--subdir', 'DAGS_FOLDER/fetch_market_data.py', '--cfg-path', '/tmp/tmpu0bjua49']
[2026-05-01T02:25:27.204+0000] {standard_task_runner.py:88} INFO - Job 559: Subtask check_market_open
[2026-05-01T02:25:27.279+0000] {task_command.py:423} INFO - Running <TaskInstance: fetch_market_data.check_market_open scheduled__2026-05-01T02:00:00+00:00 [running]> on host reddit-pipeline-vm
[2026-05-01T02:25:27.387+0000] {taskinstance.py:2480} INFO - Exporting env vars: AIRFLOW_CTX_DAG_OWNER='pipeline' AIRFLOW_CTX_DAG_ID='fetch_market_data' AIRFLOW_CTX_TASK_ID='check_market_open' AIRFLOW_CTX_EXECUTION_DATE='2026-05-01T02:00:00+00:00' AIRFLOW_CTX_TRY_NUMBER='1' AIRFLOW_CTX_DAG_RUN_ID='scheduled__2026-05-01T02:00:00+00:00'
[2026-05-01T02:25:27.406+0000] {sensors.py:45} INFO - Market open check at 2026-04-30 22:25 ET: False
[2026-05-01T02:25:27.432+0000] {taskinstance.py:2658} INFO - Rescheduling task, marking task as UP_FOR_RESCHEDULE
[2026-05-01T02:25:27.455+0000] {local_task_job_runner.py:234} INFO - Task exited with return code 0
[2026-05-01T02:25:27.495+0000] {taskinstance.py:3280} INFO - 0 downstream tasks scheduled from follow-on schedule check
[2026-05-01T02:26:28.758+0000] {taskinstance.py:1956} INFO - Dependencies all met for dep_context=non-requeueable deps ti=<TaskInstance: fetch_market_data.check_market_open scheduled__2026-05-01T02:00:00+00:00 [queued]>
[2026-05-01T02:26:28.766+0000] {taskinstance.py:1956} INFO - Dependencies all met for dep_context=requeueable deps ti=<TaskInstance: fetch_market_data.check_market_open scheduled__2026-05-01T02:00:00+00:00 [queued]>
[2026-05-01T02:26:28.766+0000] {taskinstance.py:2170} INFO - Starting attempt 1 of 3
[2026-05-01T02:26:28.776+0000] {taskinstance.py:2191} INFO - Executing <Task(MarketOpenSensor): check_market_open> on 2026-05-01 02:00:00+00:00
[2026-05-01T02:26:28.783+0000] {standard_task_runner.py:60} INFO - Started process 653295 to run task
[2026-05-01T02:26:28.787+0000] {standard_task_runner.py:87} INFO - Running: ['airflow', 'tasks', 'run', 'fetch_market_data', 'check_market_open', 'scheduled__2026-05-01T02:00:00+00:00', '--job-id', '560', '--raw', '--subdir', 'DAGS_FOLDER/fetch_market_data.py', '--cfg-path', '/tmp/tmpponal3pz']
[2026-05-01T02:26:28.789+0000] {standard_task_runner.py:88} INFO - Job 560: Subtask check_market_open
[2026-05-01T02:26:28.867+0000] {task_command.py:423} INFO - Running <TaskInstance: fetch_market_data.check_market_open scheduled__2026-05-01T02:00:00+00:00 [running]> on host reddit-pipeline-vm
[2026-05-01T02:26:28.976+0000] {taskinstance.py:2480} INFO - Exporting env vars: AIRFLOW_CTX_DAG_OWNER='pipeline' AIRFLOW_CTX_DAG_ID='fetch_market_data' AIRFLOW_CTX_TASK_ID='check_market_open' AIRFLOW_CTX_EXECUTION_DATE='2026-05-01T02:00:00+00:00' AIRFLOW_CTX_TRY_NUMBER='1' AIRFLOW_CTX_DAG_RUN_ID='scheduled__2026-05-01T02:00:00+00:00'
[2026-05-01T02:26:28.993+0000] {sensors.py:45} INFO - Market open check at 2026-04-30 22:26 ET: False
[2026-05-01T02:26:29.019+0000] {taskinstance.py:2658} INFO - Rescheduling task, marking task as UP_FOR_RESCHEDULE
[2026-05-01T02:26:29.041+0000] {local_task_job_runner.py:234} INFO - Task exited with return code 0
[2026-05-01T02:26:29.082+0000] {taskinstance.py:3280} INFO - 0 downstream tasks scheduled from follow-on schedule check
[2026-05-01T02:27:30.373+0000] {taskinstance.py:1956} INFO - Dependencies all met for dep_context=non-requeueable deps ti=<TaskInstance: fetch_market_data.check_market_open scheduled__2026-05-01T02:00:00+00:00 [queued]>
[2026-05-01T02:27:30.380+0000] {taskinstance.py:1956} INFO - Dependencies all met for dep_context=requeueable deps ti=<TaskInstance: fetch_market_data.check_market_open scheduled__2026-05-01T02:00:00+00:00 [queued]>
[2026-05-01T02:27:30.380+0000] {taskinstance.py:2170} INFO - Starting attempt 1 of 3
[2026-05-01T02:27:30.391+0000] {taskinstance.py:2191} INFO - Executing <Task(MarketOpenSensor): check_market_open> on 2026-05-01 02:00:00+00:00
[2026-05-01T02:27:30.398+0000] {standard_task_runner.py:60} INFO - Started process 653369 to run task
[2026-05-01T02:27:30.401+0000] {standard_task_runner.py:87} INFO - Running: ['airflow', 'tasks', 'run', 'fetch_market_data', 'check_market_open', 'scheduled__2026-05-01T02:00:00+00:00', '--job-id', '561', '--raw', '--subdir', 'DAGS_FOLDER/fetch_market_data.py', '--cfg-path', '/tmp/tmpjbsyjwbv']
[2026-05-01T02:27:30.403+0000] {standard_task_runner.py:88} INFO - Job 561: Subtask check_market_open
[2026-05-01T02:27:30.480+0000] {task_command.py:423} INFO - Running <TaskInstance: fetch_market_data.check_market_open scheduled__2026-05-01T02:00:00+00:00 [running]> on host reddit-pipeline-vm
[2026-05-01T02:27:30.596+0000] {taskinstance.py:2480} INFO - Exporting env vars: AIRFLOW_CTX_DAG_OWNER='pipeline' AIRFLOW_CTX_DAG_ID='fetch_market_data' AIRFLOW_CTX_TASK_ID='check_market_open' AIRFLOW_CTX_EXECUTION_DATE='2026-05-01T02:00:00+00:00' AIRFLOW_CTX_TRY_NUMBER='1' AIRFLOW_CTX_DAG_RUN_ID='scheduled__2026-05-01T02:00:00+00:00'
[2026-05-01T02:27:30.613+0000] {sensors.py:45} INFO - Market open check at 2026-04-30 22:27 ET: False
[2026-05-01T02:27:30.640+0000] {taskinstance.py:2658} INFO - Rescheduling task, marking task as UP_FOR_RESCHEDULE
[2026-05-01T02:27:30.655+0000] {local_task_job_runner.py:234} INFO - Task exited with return code 0
[2026-05-01T02:27:30.694+0000] {taskinstance.py:3280} INFO - 0 downstream tasks scheduled from follow-on schedule check
[2026-05-01T02:28:31.888+0000] {taskinstance.py:1956} INFO - Dependencies all met for dep_context=non-requeueable deps ti=<TaskInstance: fetch_market_data.check_market_open scheduled__2026-05-01T02:00:00+00:00 [queued]>
[2026-05-01T02:28:31.896+0000] {taskinstance.py:1956} INFO - Dependencies all met for dep_context=requeueable deps ti=<TaskInstance: fetch_market_data.check_market_open scheduled__2026-05-01T02:00:00+00:00 [queued]>
[2026-05-01T02:28:31.896+0000] {taskinstance.py:2170} INFO - Starting attempt 1 of 3
[2026-05-01T02:28:31.907+0000] {taskinstance.py:2191} INFO - Executing <Task(MarketOpenSensor): check_market_open> on 2026-05-01 02:00:00+00:00
[2026-05-01T02:28:31.913+0000] {standard_task_runner.py:60} INFO - Started process 653443 to run task
[2026-05-01T02:28:31.917+0000] {standard_task_runner.py:87} INFO - Running: ['airflow', 'tasks', 'run', 'fetch_market_data', 'check_market_open', 'scheduled__2026-05-01T02:00:00+00:00', '--job-id', '562', '--raw', '--subdir', 'DAGS_FOLDER/fetch_market_data.py', '--cfg-path', '/tmp/tmp8q3031hj']
[2026-05-01T02:28:31.919+0000] {standard_task_runner.py:88} INFO - Job 562: Subtask check_market_open
[2026-05-01T02:28:31.995+0000] {task_command.py:423} INFO - Running <TaskInstance: fetch_market_data.check_market_open scheduled__2026-05-01T02:00:00+00:00 [running]> on host reddit-pipeline-vm
[2026-05-01T02:28:32.104+0000] {taskinstance.py:2480} INFO - Exporting env vars: AIRFLOW_CTX_DAG_OWNER='pipeline' AIRFLOW_CTX_DAG_ID='fetch_market_data' AIRFLOW_CTX_TASK_ID='check_market_open' AIRFLOW_CTX_EXECUTION_DATE='2026-05-01T02:00:00+00:00' AIRFLOW_CTX_TRY_NUMBER='1' AIRFLOW_CTX_DAG_RUN_ID='scheduled__2026-05-01T02:00:00+00:00'
[2026-05-01T02:28:32.122+0000] {sensors.py:45} INFO - Market open check at 2026-04-30 22:28 ET: False
[2026-05-01T02:28:32.148+0000] {taskinstance.py:2658} INFO - Rescheduling task, marking task as UP_FOR_RESCHEDULE
[2026-05-01T02:28:32.170+0000] {local_task_job_runner.py:234} INFO - Task exited with return code 0
[2026-05-01T02:28:32.209+0000] {taskinstance.py:3280} INFO - 0 downstream tasks scheduled from follow-on schedule check
[2026-05-01T02:29:33.731+0000] {taskinstance.py:1956} INFO - Dependencies all met for dep_context=non-requeueable deps ti=<TaskInstance: fetch_market_data.check_market_open scheduled__2026-05-01T02:00:00+00:00 [queued]>
[2026-05-01T02:29:33.739+0000] {taskinstance.py:1956} INFO - Dependencies all met for dep_context=requeueable deps ti=<TaskInstance: fetch_market_data.check_market_open scheduled__2026-05-01T02:00:00+00:00 [queued]>
[2026-05-01T02:29:33.739+0000] {taskinstance.py:2170} INFO - Starting attempt 1 of 3
[2026-05-01T02:29:33.748+0000] {taskinstance.py:2191} INFO - Executing <Task(MarketOpenSensor): check_market_open> on 2026-05-01 02:00:00+00:00
[2026-05-01T02:29:33.755+0000] {standard_task_runner.py:60} INFO - Started process 653518 to run task
[2026-05-01T02:29:33.758+0000] {standard_task_runner.py:87} INFO - Running: ['airflow', 'tasks', 'run', 'fetch_market_data', 'check_market_open', 'scheduled__2026-05-01T02:00:00+00:00', '--job-id', '563', '--raw', '--subdir', 'DAGS_FOLDER/fetch_market_data.py', '--cfg-path', '/tmp/tmpxek9i4pc']
[2026-05-01T02:29:33.760+0000] {standard_task_runner.py:88} INFO - Job 563: Subtask check_market_open
[2026-05-01T02:29:33.839+0000] {task_command.py:423} INFO - Running <TaskInstance: fetch_market_data.check_market_open scheduled__2026-05-01T02:00:00+00:00 [running]> on host reddit-pipeline-vm
[2026-05-01T02:29:33.949+0000] {taskinstance.py:2480} INFO - Exporting env vars: AIRFLOW_CTX_DAG_OWNER='pipeline' AIRFLOW_CTX_DAG_ID='fetch_market_data' AIRFLOW_CTX_TASK_ID='check_market_open' AIRFLOW_CTX_EXECUTION_DATE='2026-05-01T02:00:00+00:00' AIRFLOW_CTX_TRY_NUMBER='1' AIRFLOW_CTX_DAG_RUN_ID='scheduled__2026-05-01T02:00:00+00:00'
[2026-05-01T02:29:33.967+0000] {sensors.py:45} INFO - Market open check at 2026-04-30 22:29 ET: False
[2026-05-01T02:29:33.993+0000] {taskinstance.py:2658} INFO - Rescheduling task, marking task as UP_FOR_RESCHEDULE
[2026-05-01T02:29:34.012+0000] {local_task_job_runner.py:234} INFO - Task exited with return code 0
[2026-05-01T02:29:34.053+0000] {taskinstance.py:3280} INFO - 0 downstream tasks scheduled from follow-on schedule check
[2026-05-01T02:30:34.904+0000] {taskinstance.py:1956} INFO - Dependencies all met for dep_context=non-requeueable deps ti=<TaskInstance: fetch_market_data.check_market_open scheduled__2026-05-01T02:00:00+00:00 [queued]>
[2026-05-01T02:30:34.911+0000] {taskinstance.py:1956} INFO - Dependencies all met for dep_context=requeueable deps ti=<TaskInstance: fetch_market_data.check_market_open scheduled__2026-05-01T02:00:00+00:00 [queued]>
[2026-05-01T02:30:34.911+0000] {taskinstance.py:2170} INFO - Starting attempt 1 of 3
[2026-05-01T02:30:34.921+0000] {taskinstance.py:2191} INFO - Executing <Task(MarketOpenSensor): check_market_open> on 2026-05-01 02:00:00+00:00
[2026-05-01T02:30:34.927+0000] {standard_task_runner.py:60} INFO - Started process 653586 to run task
[2026-05-01T02:30:34.930+0000] {standard_task_runner.py:87} INFO - Running: ['airflow', 'tasks', 'run', 'fetch_market_data', 'check_market_open', 'scheduled__2026-05-01T02:00:00+00:00', '--job-id', '564', '--raw', '--subdir', 'DAGS_FOLDER/fetch_market_data.py', '--cfg-path', '/tmp/tmpelwnuhjv']
[2026-05-01T02:30:34.932+0000] {standard_task_runner.py:88} INFO - Job 564: Subtask check_market_open
[2026-05-01T02:30:35.008+0000] {task_command.py:423} INFO - Running <TaskInstance: fetch_market_data.check_market_open scheduled__2026-05-01T02:00:00+00:00 [running]> on host reddit-pipeline-vm
[2026-05-01T02:30:35.121+0000] {taskinstance.py:2480} INFO - Exporting env vars: AIRFLOW_CTX_DAG_OWNER='pipeline' AIRFLOW_CTX_DAG_ID='fetch_market_data' AIRFLOW_CTX_TASK_ID='check_market_open' AIRFLOW_CTX_EXECUTION_DATE='2026-05-01T02:00:00+00:00' AIRFLOW_CTX_TRY_NUMBER='1' AIRFLOW_CTX_DAG_RUN_ID='scheduled__2026-05-01T02:00:00+00:00'
[2026-05-01T02:30:35.139+0000] {sensors.py:45} INFO - Market open check at 2026-04-30 22:30 ET: False
[2026-05-01T02:30:35.165+0000] {taskinstance.py:2658} INFO - Rescheduling task, marking task as UP_FOR_RESCHEDULE
[2026-05-01T02:30:35.184+0000] {local_task_job_runner.py:234} INFO - Task exited with return code 0
[2026-05-01T02:30:35.225+0000] {taskinstance.py:3280} INFO - 0 downstream tasks scheduled from follow-on schedule check
[2026-05-01T02:31:36.504+0000] {taskinstance.py:1956} INFO - Dependencies all met for dep_context=non-requeueable deps ti=<TaskInstance: fetch_market_data.check_market_open scheduled__2026-05-01T02:00:00+00:00 [queued]>
[2026-05-01T02:31:36.511+0000] {taskinstance.py:1956} INFO - Dependencies all met for dep_context=requeueable deps ti=<TaskInstance: fetch_market_data.check_market_open scheduled__2026-05-01T02:00:00+00:00 [queued]>
[2026-05-01T02:31:36.511+0000] {taskinstance.py:2170} INFO - Starting attempt 1 of 3
[2026-05-01T02:31:36.521+0000] {taskinstance.py:2191} INFO - Executing <Task(MarketOpenSensor): check_market_open> on 2026-05-01 02:00:00+00:00
[2026-05-01T02:31:36.528+0000] {standard_task_runner.py:60} INFO - Started process 653661 to run task
[2026-05-01T02:31:36.531+0000] {standard_task_runner.py:87} INFO - Running: ['airflow', 'tasks', 'run', 'fetch_market_data', 'check_market_open', 'scheduled__2026-05-01T02:00:00+00:00', '--job-id', '565', '--raw', '--subdir', 'DAGS_FOLDER/fetch_market_data.py', '--cfg-path', '/tmp/tmpg0jzwdkt']
[2026-05-01T02:31:36.533+0000] {standard_task_runner.py:88} INFO - Job 565: Subtask check_market_open
[2026-05-01T02:31:36.609+0000] {task_command.py:423} INFO - Running <TaskInstance: fetch_market_data.check_market_open scheduled__2026-05-01T02:00:00+00:00 [running]> on host reddit-pipeline-vm
[2026-05-01T02:31:36.717+0000] {taskinstance.py:2480} INFO - Exporting env vars: AIRFLOW_CTX_DAG_OWNER='pipeline' AIRFLOW_CTX_DAG_ID='fetch_market_data' AIRFLOW_CTX_TASK_ID='check_market_open' AIRFLOW_CTX_EXECUTION_DATE='2026-05-01T02:00:00+00:00' AIRFLOW_CTX_TRY_NUMBER='1' AIRFLOW_CTX_DAG_RUN_ID='scheduled__2026-05-01T02:00:00+00:00'
[2026-05-01T02:31:36.735+0000] {sensors.py:45} INFO - Market open check at 2026-04-30 22:31 ET: False
[2026-05-01T02:31:36.761+0000] {taskinstance.py:2658} INFO - Rescheduling task, marking task as UP_FOR_RESCHEDULE
[2026-05-01T02:31:36.784+0000] {local_task_job_runner.py:234} INFO - Task exited with return code 0
[2026-05-01T02:31:36.825+0000] {taskinstance.py:3280} INFO - 0 downstream tasks scheduled from follow-on schedule check
[2026-05-01T02:32:38.072+0000] {taskinstance.py:1956} INFO - Dependencies all met for dep_context=non-requeueable deps ti=<TaskInstance: fetch_market_data.check_market_open scheduled__2026-05-01T02:00:00+00:00 [queued]>
[2026-05-01T02:32:38.080+0000] {taskinstance.py:1956} INFO - Dependencies all met for dep_context=requeueable deps ti=<TaskInstance: fetch_market_data.check_market_open scheduled__2026-05-01T02:00:00+00:00 [queued]>
[2026-05-01T02:32:38.080+0000] {taskinstance.py:2170} INFO - Starting attempt 1 of 3
[2026-05-01T02:32:38.091+0000] {taskinstance.py:2191} INFO - Executing <Task(MarketOpenSensor): check_market_open> on 2026-05-01 02:00:00+00:00
[2026-05-01T02:32:38.097+0000] {standard_task_runner.py:60} INFO - Started process 653729 to run task
[2026-05-01T02:32:38.100+0000] {standard_task_runner.py:87} INFO - Running: ['airflow', 'tasks', 'run', 'fetch_market_data', 'check_market_open', 'scheduled__2026-05-01T02:00:00+00:00', '--job-id', '566', '--raw', '--subdir', 'DAGS_FOLDER/fetch_market_data.py', '--cfg-path', '/tmp/tmpm1xcb62g']
[2026-05-01T02:32:38.102+0000] {standard_task_runner.py:88} INFO - Job 566: Subtask check_market_open
[2026-05-01T02:32:38.180+0000] {task_command.py:423} INFO - Running <TaskInstance: fetch_market_data.check_market_open scheduled__2026-05-01T02:00:00+00:00 [running]> on host reddit-pipeline-vm
[2026-05-01T02:32:38.289+0000] {taskinstance.py:2480} INFO - Exporting env vars: AIRFLOW_CTX_DAG_OWNER='pipeline' AIRFLOW_CTX_DAG_ID='fetch_market_data' AIRFLOW_CTX_TASK_ID='check_market_open' AIRFLOW_CTX_EXECUTION_DATE='2026-05-01T02:00:00+00:00' AIRFLOW_CTX_TRY_NUMBER='1' AIRFLOW_CTX_DAG_RUN_ID='scheduled__2026-05-01T02:00:00+00:00'
[2026-05-01T02:32:38.307+0000] {sensors.py:45} INFO - Market open check at 2026-04-30 22:32 ET: False
[2026-05-01T02:32:38.333+0000] {taskinstance.py:2658} INFO - Rescheduling task, marking task as UP_FOR_RESCHEDULE
[2026-05-01T02:32:38.356+0000] {local_task_job_runner.py:234} INFO - Task exited with return code 0
[2026-05-01T02:32:38.397+0000] {taskinstance.py:3280} INFO - 0 downstream tasks scheduled from follow-on schedule check
[2026-05-01T02:33:39.643+0000] {taskinstance.py:1956} INFO - Dependencies all met for dep_context=non-requeueable deps ti=<TaskInstance: fetch_market_data.check_market_open scheduled__2026-05-01T02:00:00+00:00 [queued]>
[2026-05-01T02:33:39.650+0000] {taskinstance.py:1956} INFO - Dependencies all met for dep_context=requeueable deps ti=<TaskInstance: fetch_market_data.check_market_open scheduled__2026-05-01T02:00:00+00:00 [queued]>
[2026-05-01T02:33:39.650+0000] {taskinstance.py:2170} INFO - Starting attempt 1 of 3
[2026-05-01T02:33:39.660+0000] {taskinstance.py:2191} INFO - Executing <Task(MarketOpenSensor): check_market_open> on 2026-05-01 02:00:00+00:00
[2026-05-01T02:33:39.667+0000] {standard_task_runner.py:60} INFO - Started process 653804 to run task
[2026-05-01T02:33:39.670+0000] {standard_task_runner.py:87} INFO - Running: ['airflow', 'tasks', 'run', 'fetch_market_data', 'check_market_open', 'scheduled__2026-05-01T02:00:00+00:00', '--job-id', '567', '--raw', '--subdir', 'DAGS_FOLDER/fetch_market_data.py', '--cfg-path', '/tmp/tmp_5f95n05']
[2026-05-01T02:33:39.672+0000] {standard_task_runner.py:88} INFO - Job 567: Subtask check_market_open
[2026-05-01T02:33:39.746+0000] {task_command.py:423} INFO - Running <TaskInstance: fetch_market_data.check_market_open scheduled__2026-05-01T02:00:00+00:00 [running]> on host reddit-pipeline-vm
[2026-05-01T02:33:39.854+0000] {taskinstance.py:2480} INFO - Exporting env vars: AIRFLOW_CTX_DAG_OWNER='pipeline' AIRFLOW_CTX_DAG_ID='fetch_market_data' AIRFLOW_CTX_TASK_ID='check_market_open' AIRFLOW_CTX_EXECUTION_DATE='2026-05-01T02:00:00+00:00' AIRFLOW_CTX_TRY_NUMBER='1' AIRFLOW_CTX_DAG_RUN_ID='scheduled__2026-05-01T02:00:00+00:00'
[2026-05-01T02:33:39.872+0000] {sensors.py:45} INFO - Market open check at 2026-04-30 22:33 ET: False
[2026-05-01T02:33:39.898+0000] {taskinstance.py:2658} INFO - Rescheduling task, marking task as UP_FOR_RESCHEDULE
[2026-05-01T02:33:39.922+0000] {local_task_job_runner.py:234} INFO - Task exited with return code 0
[2026-05-01T02:33:39.961+0000] {taskinstance.py:3280} INFO - 0 downstream tasks scheduled from follow-on schedule check
[2026-05-01T02:34:41.221+0000] {taskinstance.py:1956} INFO - Dependencies all met for dep_context=non-requeueable deps ti=<TaskInstance: fetch_market_data.check_market_open scheduled__2026-05-01T02:00:00+00:00 [queued]>
[2026-05-01T02:34:41.229+0000] {taskinstance.py:1956} INFO - Dependencies all met for dep_context=requeueable deps ti=<TaskInstance: fetch_market_data.check_market_open scheduled__2026-05-01T02:00:00+00:00 [queued]>
[2026-05-01T02:34:41.229+0000] {taskinstance.py:2170} INFO - Starting attempt 1 of 3
[2026-05-01T02:34:41.238+0000] {taskinstance.py:2191} INFO - Executing <Task(MarketOpenSensor): check_market_open> on 2026-05-01 02:00:00+00:00
[2026-05-01T02:34:41.245+0000] {standard_task_runner.py:60} INFO - Started process 653872 to run task
[2026-05-01T02:34:41.248+0000] {standard_task_runner.py:87} INFO - Running: ['airflow', 'tasks', 'run', 'fetch_market_data', 'check_market_open', 'scheduled__2026-05-01T02:00:00+00:00', '--job-id', '568', '--raw', '--subdir', 'DAGS_FOLDER/fetch_market_data.py', '--cfg-path', '/tmp/tmp9sie9gj6']
[2026-05-01T02:34:41.250+0000] {standard_task_runner.py:88} INFO - Job 568: Subtask check_market_open
[2026-05-01T02:34:41.324+0000] {task_command.py:423} INFO - Running <TaskInstance: fetch_market_data.check_market_open scheduled__2026-05-01T02:00:00+00:00 [running]> on host reddit-pipeline-vm
[2026-05-01T02:34:41.433+0000] {taskinstance.py:2480} INFO - Exporting env vars: AIRFLOW_CTX_DAG_OWNER='pipeline' AIRFLOW_CTX_DAG_ID='fetch_market_data' AIRFLOW_CTX_TASK_ID='check_market_open' AIRFLOW_CTX_EXECUTION_DATE='2026-05-01T02:00:00+00:00' AIRFLOW_CTX_TRY_NUMBER='1' AIRFLOW_CTX_DAG_RUN_ID='scheduled__2026-05-01T02:00:00+00:00'
[2026-05-01T02:34:41.451+0000] {sensors.py:45} INFO - Market open check at 2026-04-30 22:34 ET: False
[2026-05-01T02:34:41.477+0000] {taskinstance.py:2658} INFO - Rescheduling task, marking task as UP_FOR_RESCHEDULE
[2026-05-01T02:34:41.500+0000] {local_task_job_runner.py:234} INFO - Task exited with return code 0
[2026-05-01T02:34:41.541+0000] {taskinstance.py:3280} INFO - 0 downstream tasks scheduled from follow-on schedule check
[2026-05-01T02:35:42.634+0000] {taskinstance.py:1956} INFO - Dependencies all met for dep_context=non-requeueable deps ti=<TaskInstance: fetch_market_data.check_market_open scheduled__2026-05-01T02:00:00+00:00 [queued]>
[2026-05-01T02:35:42.642+0000] {taskinstance.py:1956} INFO - Dependencies all met for dep_context=requeueable deps ti=<TaskInstance: fetch_market_data.check_market_open scheduled__2026-05-01T02:00:00+00:00 [queued]>
[2026-05-01T02:35:42.642+0000] {taskinstance.py:2170} INFO - Starting attempt 1 of 3
[2026-05-01T02:35:42.652+0000] {taskinstance.py:2191} INFO - Executing <Task(MarketOpenSensor): check_market_open> on 2026-05-01 02:00:00+00:00
[2026-05-01T02:35:42.659+0000] {standard_task_runner.py:60} INFO - Started process 653937 to run task
[2026-05-01T02:35:42.663+0000] {standard_task_runner.py:87} INFO - Running: ['airflow', 'tasks', 'run', 'fetch_market_data', 'check_market_open', 'scheduled__2026-05-01T02:00:00+00:00', '--job-id', '569', '--raw', '--subdir', 'DAGS_FOLDER/fetch_market_data.py', '--cfg-path', '/tmp/tmp3s_ncfcq']
[2026-05-01T02:35:42.665+0000] {standard_task_runner.py:88} INFO - Job 569: Subtask check_market_open
[2026-05-01T02:35:42.742+0000] {task_command.py:423} INFO - Running <TaskInstance: fetch_market_data.check_market_open scheduled__2026-05-01T02:00:00+00:00 [running]> on host reddit-pipeline-vm
[2026-05-01T02:35:42.852+0000] {taskinstance.py:2480} INFO - Exporting env vars: AIRFLOW_CTX_DAG_OWNER='pipeline' AIRFLOW_CTX_DAG_ID='fetch_market_data' AIRFLOW_CTX_TASK_ID='check_market_open' AIRFLOW_CTX_EXECUTION_DATE='2026-05-01T02:00:00+00:00' AIRFLOW_CTX_TRY_NUMBER='1' AIRFLOW_CTX_DAG_RUN_ID='scheduled__2026-05-01T02:00:00+00:00'
[2026-05-01T02:35:42.871+0000] {sensors.py:45} INFO - Market open check at 2026-04-30 22:35 ET: False
[2026-05-01T02:35:42.898+0000] {taskinstance.py:2658} INFO - Rescheduling task, marking task as UP_FOR_RESCHEDULE
[2026-05-01T02:35:42.916+0000] {local_task_job_runner.py:234} INFO - Task exited with return code 0
[2026-05-01T02:35:42.957+0000] {taskinstance.py:3280} INFO - 0 downstream tasks scheduled from follow-on schedule check
[2026-05-01T02:36:44.215+0000] {taskinstance.py:1956} INFO - Dependencies all met for dep_context=non-requeueable deps ti=<TaskInstance: fetch_market_data.check_market_open scheduled__2026-05-01T02:00:00+00:00 [queued]>
[2026-05-01T02:36:44.223+0000] {taskinstance.py:1956} INFO - Dependencies all met for dep_context=requeueable deps ti=<TaskInstance: fetch_market_data.check_market_open scheduled__2026-05-01T02:00:00+00:00 [queued]>
[2026-05-01T02:36:44.223+0000] {taskinstance.py:2170} INFO - Starting attempt 1 of 3
[2026-05-01T02:36:44.233+0000] {taskinstance.py:2191} INFO - Executing <Task(MarketOpenSensor): check_market_open> on 2026-05-01 02:00:00+00:00
[2026-05-01T02:36:44.239+0000] {standard_task_runner.py:60} INFO - Started process 654010 to run task
[2026-05-01T02:36:44.243+0000] {standard_task_runner.py:87} INFO - Running: ['airflow', 'tasks', 'run', 'fetch_market_data', 'check_market_open', 'scheduled__2026-05-01T02:00:00+00:00', '--job-id', '570', '--raw', '--subdir', 'DAGS_FOLDER/fetch_market_data.py', '--cfg-path', '/tmp/tmplf3utt_m']
[2026-05-01T02:36:44.245+0000] {standard_task_runner.py:88} INFO - Job 570: Subtask check_market_open
[2026-05-01T02:36:44.319+0000] {task_command.py:423} INFO - Running <TaskInstance: fetch_market_data.check_market_open scheduled__2026-05-01T02:00:00+00:00 [running]> on host reddit-pipeline-vm
[2026-05-01T02:36:44.427+0000] {taskinstance.py:2480} INFO - Exporting env vars: AIRFLOW_CTX_DAG_OWNER='pipeline' AIRFLOW_CTX_DAG_ID='fetch_market_data' AIRFLOW_CTX_TASK_ID='check_market_open' AIRFLOW_CTX_EXECUTION_DATE='2026-05-01T02:00:00+00:00' AIRFLOW_CTX_TRY_NUMBER='1' AIRFLOW_CTX_DAG_RUN_ID='scheduled__2026-05-01T02:00:00+00:00'
[2026-05-01T02:36:44.445+0000] {sensors.py:45} INFO - Market open check at 2026-04-30 22:36 ET: False
[2026-05-01T02:36:44.471+0000] {taskinstance.py:2658} INFO - Rescheduling task, marking task as UP_FOR_RESCHEDULE
[2026-05-01T02:36:44.495+0000] {local_task_job_runner.py:234} INFO - Task exited with return code 0
[2026-05-01T02:36:44.535+0000] {taskinstance.py:3280} INFO - 0 downstream tasks scheduled from follow-on schedule check
[2026-05-01T02:37:45.647+0000] {taskinstance.py:1956} INFO - Dependencies all met for dep_context=non-requeueable deps ti=<TaskInstance: fetch_market_data.check_market_open scheduled__2026-05-01T02:00:00+00:00 [queued]>
[2026-05-01T02:37:45.655+0000] {taskinstance.py:1956} INFO - Dependencies all met for dep_context=requeueable deps ti=<TaskInstance: fetch_market_data.check_market_open scheduled__2026-05-01T02:00:00+00:00 [queued]>
[2026-05-01T02:37:45.655+0000] {taskinstance.py:2170} INFO - Starting attempt 1 of 3
[2026-05-01T02:37:45.664+0000] {taskinstance.py:2191} INFO - Executing <Task(MarketOpenSensor): check_market_open> on 2026-05-01 02:00:00+00:00
[2026-05-01T02:37:45.671+0000] {standard_task_runner.py:60} INFO - Started process 654078 to run task
[2026-05-01T02:37:45.674+0000] {standard_task_runner.py:87} INFO - Running: ['airflow', 'tasks', 'run', 'fetch_market_data', 'check_market_open', 'scheduled__2026-05-01T02:00:00+00:00', '--job-id', '571', '--raw', '--subdir', 'DAGS_FOLDER/fetch_market_data.py', '--cfg-path', '/tmp/tmp8ky0wjqn']
[2026-05-01T02:37:45.676+0000] {standard_task_runner.py:88} INFO - Job 571: Subtask check_market_open
[2026-05-01T02:37:45.750+0000] {task_command.py:423} INFO - Running <TaskInstance: fetch_market_data.check_market_open scheduled__2026-05-01T02:00:00+00:00 [running]> on host reddit-pipeline-vm
[2026-05-01T02:37:45.857+0000] {taskinstance.py:2480} INFO - Exporting env vars: AIRFLOW_CTX_DAG_OWNER='pipeline' AIRFLOW_CTX_DAG_ID='fetch_market_data' AIRFLOW_CTX_TASK_ID='check_market_open' AIRFLOW_CTX_EXECUTION_DATE='2026-05-01T02:00:00+00:00' AIRFLOW_CTX_TRY_NUMBER='1' AIRFLOW_CTX_DAG_RUN_ID='scheduled__2026-05-01T02:00:00+00:00'
[2026-05-01T02:37:45.874+0000] {sensors.py:45} INFO - Market open check at 2026-04-30 22:37 ET: False
[2026-05-01T02:37:45.900+0000] {taskinstance.py:2658} INFO - Rescheduling task, marking task as UP_FOR_RESCHEDULE
[2026-05-01T02:37:45.926+0000] {local_task_job_runner.py:234} INFO - Task exited with return code 0
[2026-05-01T02:37:45.965+0000] {taskinstance.py:3280} INFO - 0 downstream tasks scheduled from follow-on schedule check
[2026-05-01T02:38:46.926+0000] {taskinstance.py:1956} INFO - Dependencies all met for dep_context=non-requeueable deps ti=<TaskInstance: fetch_market_data.check_market_open scheduled__2026-05-01T02:00:00+00:00 [queued]>
[2026-05-01T02:38:46.933+0000] {taskinstance.py:1956} INFO - Dependencies all met for dep_context=requeueable deps ti=<TaskInstance: fetch_market_data.check_market_open scheduled__2026-05-01T02:00:00+00:00 [queued]>
[2026-05-01T02:38:46.933+0000] {taskinstance.py:2170} INFO - Starting attempt 1 of 3
[2026-05-01T02:38:46.943+0000] {taskinstance.py:2191} INFO - Executing <Task(MarketOpenSensor): check_market_open> on 2026-05-01 02:00:00+00:00
[2026-05-01T02:38:46.950+0000] {standard_task_runner.py:60} INFO - Started process 654146 to run task
[2026-05-01T02:38:46.953+0000] {standard_task_runner.py:87} INFO - Running: ['airflow', 'tasks', 'run', 'fetch_market_data', 'check_market_open', 'scheduled__2026-05-01T02:00:00+00:00', '--job-id', '572', '--raw', '--subdir', 'DAGS_FOLDER/fetch_market_data.py', '--cfg-path', '/tmp/tmpe03751y8']
[2026-05-01T02:38:46.955+0000] {standard_task_runner.py:88} INFO - Job 572: Subtask check_market_open
[2026-05-01T02:38:47.030+0000] {task_command.py:423} INFO - Running <TaskInstance: fetch_market_data.check_market_open scheduled__2026-05-01T02:00:00+00:00 [running]> on host reddit-pipeline-vm
[2026-05-01T02:38:47.139+0000] {taskinstance.py:2480} INFO - Exporting env vars: AIRFLOW_CTX_DAG_OWNER='pipeline' AIRFLOW_CTX_DAG_ID='fetch_market_data' AIRFLOW_CTX_TASK_ID='check_market_open' AIRFLOW_CTX_EXECUTION_DATE='2026-05-01T02:00:00+00:00' AIRFLOW_CTX_TRY_NUMBER='1' AIRFLOW_CTX_DAG_RUN_ID='scheduled__2026-05-01T02:00:00+00:00'
[2026-05-01T02:38:47.157+0000] {sensors.py:45} INFO - Market open check at 2026-04-30 22:38 ET: False
[2026-05-01T02:38:47.183+0000] {taskinstance.py:2658} INFO - Rescheduling task, marking task as UP_FOR_RESCHEDULE
[2026-05-01T02:38:47.206+0000] {local_task_job_runner.py:234} INFO - Task exited with return code 0
[2026-05-01T02:38:47.245+0000] {taskinstance.py:3280} INFO - 0 downstream tasks scheduled from follow-on schedule check
[2026-05-01T02:39:48.215+0000] {taskinstance.py:1956} INFO - Dependencies all met for dep_context=non-requeueable deps ti=<TaskInstance: fetch_market_data.check_market_open scheduled__2026-05-01T02:00:00+00:00 [queued]>
[2026-05-01T02:39:48.222+0000] {taskinstance.py:1956} INFO - Dependencies all met for dep_context=requeueable deps ti=<TaskInstance: fetch_market_data.check_market_open scheduled__2026-05-01T02:00:00+00:00 [queued]>
[2026-05-01T02:39:48.223+0000] {taskinstance.py:2170} INFO - Starting attempt 1 of 3
[2026-05-01T02:39:48.232+0000] {taskinstance.py:2191} INFO - Executing <Task(MarketOpenSensor): check_market_open> on 2026-05-01 02:00:00+00:00
[2026-05-01T02:39:48.239+0000] {standard_task_runner.py:60} INFO - Started process 654219 to run task
[2026-05-01T02:39:48.242+0000] {standard_task_runner.py:87} INFO - Running: ['airflow', 'tasks', 'run', 'fetch_market_data', 'check_market_open', 'scheduled__2026-05-01T02:00:00+00:00', '--job-id', '573', '--raw', '--subdir', 'DAGS_FOLDER/fetch_market_data.py', '--cfg-path', '/tmp/tmplqg4igs8']
[2026-05-01T02:39:48.244+0000] {standard_task_runner.py:88} INFO - Job 573: Subtask check_market_open
[2026-05-01T02:39:48.319+0000] {task_command.py:423} INFO - Running <TaskInstance: fetch_market_data.check_market_open scheduled__2026-05-01T02:00:00+00:00 [running]> on host reddit-pipeline-vm
[2026-05-01T02:39:48.427+0000] {taskinstance.py:2480} INFO - Exporting env vars: AIRFLOW_CTX_DAG_OWNER='pipeline' AIRFLOW_CTX_DAG_ID='fetch_market_data' AIRFLOW_CTX_TASK_ID='check_market_open' AIRFLOW_CTX_EXECUTION_DATE='2026-05-01T02:00:00+00:00' AIRFLOW_CTX_TRY_NUMBER='1' AIRFLOW_CTX_DAG_RUN_ID='scheduled__2026-05-01T02:00:00+00:00'
[2026-05-01T02:39:48.444+0000] {sensors.py:45} INFO - Market open check at 2026-04-30 22:39 ET: False
[2026-05-01T02:39:48.445+0000] {taskinstance.py:2698} ERROR - Task failed with exception
Traceback (most recent call last):
  File "/home/ubuntu/github_repo/Stock-Market-Intelligence-Pipeline/venv/lib/python3.11/site-packages/airflow/models/taskinstance.py", line 433, in _execute_task
    result = execute_callable(context=context, **execute_callable_kwargs)
             ^^^^^^^^^^^^^^^^^^^^^^^^^^^^^^^^^^^^^^^^^^^^^^^^^^^^^^^^^^^^
  File "/home/ubuntu/github_repo/Stock-Market-Intelligence-Pipeline/venv/lib/python3.11/site-packages/airflow/sensors/base.py", line 282, in execute
    raise AirflowSensorTimeout(message)
airflow.exceptions.AirflowSensorTimeout: Sensor has timed out; run duration of 922.255897 seconds exceeds the specified timeout of 900.0.
[2026-05-01T02:39:48.462+0000] {taskinstance.py:1138} INFO - Immediate failure requested. Marking task as FAILED. dag_id=fetch_market_data, task_id=check_market_open, execution_date=20260501T020000, start_date=20260501T023948, end_date=20260501T023948
[2026-05-01T02:39:48.471+0000] {standard_task_runner.py:107} ERROR - Failed to execute job 573 for task check_market_open (Sensor has timed out; run duration of 922.255897 seconds exceeds the specified timeout of 900.0.; 654219)
[2026-05-01T02:39:48.495+0000] {local_task_job_runner.py:234} INFO - Task exited with return code 1
[2026-05-01T02:39:48.543+0000] {taskinstance.py:3280} INFO - 0 downstream tasks scheduled from follow-on schedule check
