[2026-05-05T18:24:27.771+0000] {processor.py:161} INFO - Started process (PID=1008921) to work on /home/ubuntu/github_repo/Stock-Market-Intelligence-Pipeline/dags/monthly_maintenance.py
[2026-05-05T18:24:27.772+0000] {processor.py:830} INFO - Processing file /home/ubuntu/github_repo/Stock-Market-Intelligence-Pipeline/dags/monthly_maintenance.py for tasks to queue
[2026-05-05T18:24:27.773+0000] {logging_mixin.py:188} INFO - [2026-05-05T18:24:27.772+0000] {dagbag.py:538} INFO - Filling up the DagBag from /home/ubuntu/github_repo/Stock-Market-Intelligence-Pipeline/dags/monthly_maintenance.py
[2026-05-05T18:24:27.779+0000] {logging_mixin.py:188} INFO - [2026-05-05T18:24:27.776+0000] {dagbag.py:348} ERROR - Failed to import: /home/ubuntu/github_repo/Stock-Market-Intelligence-Pipeline/dags/monthly_maintenance.py
Traceback (most recent call last):
  File "/home/ubuntu/github_repo/Stock-Market-Intelligence-Pipeline/venv/lib/python3.11/site-packages/airflow/utils/deprecation_tools.py", line 56, in getattr_with_deprecation
    return getattr(importlib.import_module(new_module), new_class_name)
                   ^^^^^^^^^^^^^^^^^^^^^^^^^^^^^^^^^^^
  File "/usr/lib/python3.11/importlib/__init__.py", line 126, in import_module
    return _bootstrap._gcd_import(name[level:], package, level)
           ^^^^^^^^^^^^^^^^^^^^^^^^^^^^^^^^^^^^^^^^^^^^^^^^^^^^
  File "<frozen importlib._bootstrap>", line 1206, in _gcd_import
  File "<frozen importlib._bootstrap>", line 1178, in _find_and_load
  File "<frozen importlib._bootstrap>", line 1128, in _find_and_load_unlocked
  File "<frozen importlib._bootstrap>", line 241, in _call_with_frames_removed
  File "<frozen importlib._bootstrap>", line 1206, in _gcd_import
  File "<frozen importlib._bootstrap>", line 1178, in _find_and_load
  File "<frozen importlib._bootstrap>", line 1128, in _find_and_load_unlocked
  File "<frozen importlib._bootstrap>", line 241, in _call_with_frames_removed
  File "<frozen importlib._bootstrap>", line 1206, in _gcd_import
  File "<frozen importlib._bootstrap>", line 1178, in _find_and_load
  File "<frozen importlib._bootstrap>", line 1142, in _find_and_load_unlocked
ModuleNotFoundError: No module named 'airflow.providers.postgres'

The above exception was the direct cause of the following exception:

Traceback (most recent call last):
  File "/home/ubuntu/github_repo/Stock-Market-Intelligence-Pipeline/venv/lib/python3.11/site-packages/airflow/models/dagbag.py", line 344, in parse
    loader.exec_module(new_module)
  File "<frozen importlib._bootstrap_external>", line 940, in exec_module
  File "<frozen importlib._bootstrap>", line 241, in _call_with_frames_removed
  File "/home/ubuntu/github_repo/Stock-Market-Intelligence-Pipeline/dags/monthly_maintenance.py", line 2, in <module>
    from airflow.operators.postgres_operator import PostgresOperator
  File "/home/ubuntu/github_repo/Stock-Market-Intelligence-Pipeline/venv/lib/python3.11/site-packages/airflow/utils/deprecation_tools.py", line 63, in getattr_with_deprecation
    raise ImportError(error_message) from e
ImportError: Could not import `airflow.providers.postgres.operators.postgres.PostgresOperator` while trying to import `airflow.operators.postgres_operator.PostgresOperator`.
[2026-05-05T18:24:27.780+0000] {processor.py:842} WARNING - No viable dags retrieved from /home/ubuntu/github_repo/Stock-Market-Intelligence-Pipeline/dags/monthly_maintenance.py
[2026-05-05T18:24:27.816+0000] {processor.py:183} INFO - Processing /home/ubuntu/github_repo/Stock-Market-Intelligence-Pipeline/dags/monthly_maintenance.py took 0.049 seconds
[2026-05-05T18:24:58.245+0000] {processor.py:161} INFO - Started process (PID=1008952) to work on /home/ubuntu/github_repo/Stock-Market-Intelligence-Pipeline/dags/monthly_maintenance.py
[2026-05-05T18:24:58.245+0000] {processor.py:830} INFO - Processing file /home/ubuntu/github_repo/Stock-Market-Intelligence-Pipeline/dags/monthly_maintenance.py for tasks to queue
[2026-05-05T18:24:58.246+0000] {logging_mixin.py:188} INFO - [2026-05-05T18:24:58.246+0000] {dagbag.py:538} INFO - Filling up the DagBag from /home/ubuntu/github_repo/Stock-Market-Intelligence-Pipeline/dags/monthly_maintenance.py
[2026-05-05T18:24:58.250+0000] {logging_mixin.py:188} INFO - [2026-05-05T18:24:58.249+0000] {dagbag.py:348} ERROR - Failed to import: /home/ubuntu/github_repo/Stock-Market-Intelligence-Pipeline/dags/monthly_maintenance.py
Traceback (most recent call last):
  File "/home/ubuntu/github_repo/Stock-Market-Intelligence-Pipeline/venv/lib/python3.11/site-packages/airflow/utils/deprecation_tools.py", line 56, in getattr_with_deprecation
    return getattr(importlib.import_module(new_module), new_class_name)
                   ^^^^^^^^^^^^^^^^^^^^^^^^^^^^^^^^^^^
  File "/usr/lib/python3.11/importlib/__init__.py", line 126, in import_module
    return _bootstrap._gcd_import(name[level:], package, level)
           ^^^^^^^^^^^^^^^^^^^^^^^^^^^^^^^^^^^^^^^^^^^^^^^^^^^^
  File "<frozen importlib._bootstrap>", line 1206, in _gcd_import
  File "<frozen importlib._bootstrap>", line 1178, in _find_and_load
  File "<frozen importlib._bootstrap>", line 1128, in _find_and_load_unlocked
  File "<frozen importlib._bootstrap>", line 241, in _call_with_frames_removed
  File "<frozen importlib._bootstrap>", line 1206, in _gcd_import
  File "<frozen importlib._bootstrap>", line 1178, in _find_and_load
  File "<frozen importlib._bootstrap>", line 1128, in _find_and_load_unlocked
  File "<frozen importlib._bootstrap>", line 241, in _call_with_frames_removed
  File "<frozen importlib._bootstrap>", line 1206, in _gcd_import
  File "<frozen importlib._bootstrap>", line 1178, in _find_and_load
  File "<frozen importlib._bootstrap>", line 1142, in _find_and_load_unlocked
ModuleNotFoundError: No module named 'airflow.providers.postgres'

The above exception was the direct cause of the following exception:

Traceback (most recent call last):
  File "/home/ubuntu/github_repo/Stock-Market-Intelligence-Pipeline/venv/lib/python3.11/site-packages/airflow/models/dagbag.py", line 344, in parse
    loader.exec_module(new_module)
  File "<frozen importlib._bootstrap_external>", line 940, in exec_module
  File "<frozen importlib._bootstrap>", line 241, in _call_with_frames_removed
  File "/home/ubuntu/github_repo/Stock-Market-Intelligence-Pipeline/dags/monthly_maintenance.py", line 2, in <module>
    from airflow.operators.postgres_operator import PostgresOperator
  File "/home/ubuntu/github_repo/Stock-Market-Intelligence-Pipeline/venv/lib/python3.11/site-packages/airflow/utils/deprecation_tools.py", line 63, in getattr_with_deprecation
    raise ImportError(error_message) from e
ImportError: Could not import `airflow.providers.postgres.operators.postgres.PostgresOperator` while trying to import `airflow.operators.postgres_operator.PostgresOperator`.
[2026-05-05T18:24:58.251+0000] {processor.py:842} WARNING - No viable dags retrieved from /home/ubuntu/github_repo/Stock-Market-Intelligence-Pipeline/dags/monthly_maintenance.py
[2026-05-05T18:24:58.283+0000] {processor.py:183} INFO - Processing /home/ubuntu/github_repo/Stock-Market-Intelligence-Pipeline/dags/monthly_maintenance.py took 0.043 seconds
[2026-05-05T18:25:28.706+0000] {processor.py:161} INFO - Started process (PID=1008984) to work on /home/ubuntu/github_repo/Stock-Market-Intelligence-Pipeline/dags/monthly_maintenance.py
[2026-05-05T18:25:28.708+0000] {processor.py:830} INFO - Processing file /home/ubuntu/github_repo/Stock-Market-Intelligence-Pipeline/dags/monthly_maintenance.py for tasks to queue
[2026-05-05T18:25:28.709+0000] {logging_mixin.py:188} INFO - [2026-05-05T18:25:28.709+0000] {dagbag.py:538} INFO - Filling up the DagBag from /home/ubuntu/github_repo/Stock-Market-Intelligence-Pipeline/dags/monthly_maintenance.py
[2026-05-05T18:25:28.714+0000] {logging_mixin.py:188} INFO - [2026-05-05T18:25:28.711+0000] {dagbag.py:348} ERROR - Failed to import: /home/ubuntu/github_repo/Stock-Market-Intelligence-Pipeline/dags/monthly_maintenance.py
Traceback (most recent call last):
  File "/home/ubuntu/github_repo/Stock-Market-Intelligence-Pipeline/venv/lib/python3.11/site-packages/airflow/utils/deprecation_tools.py", line 56, in getattr_with_deprecation
    return getattr(importlib.import_module(new_module), new_class_name)
                   ^^^^^^^^^^^^^^^^^^^^^^^^^^^^^^^^^^^
  File "/usr/lib/python3.11/importlib/__init__.py", line 126, in import_module
    return _bootstrap._gcd_import(name[level:], package, level)
           ^^^^^^^^^^^^^^^^^^^^^^^^^^^^^^^^^^^^^^^^^^^^^^^^^^^^
  File "<frozen importlib._bootstrap>", line 1206, in _gcd_import
  File "<frozen importlib._bootstrap>", line 1178, in _find_and_load
  File "<frozen importlib._bootstrap>", line 1128, in _find_and_load_unlocked
  File "<frozen importlib._bootstrap>", line 241, in _call_with_frames_removed
  File "<frozen importlib._bootstrap>", line 1206, in _gcd_import
  File "<frozen importlib._bootstrap>", line 1178, in _find_and_load
  File "<frozen importlib._bootstrap>", line 1128, in _find_and_load_unlocked
  File "<frozen importlib._bootstrap>", line 241, in _call_with_frames_removed
  File "<frozen importlib._bootstrap>", line 1206, in _gcd_import
  File "<frozen importlib._bootstrap>", line 1178, in _find_and_load
  File "<frozen importlib._bootstrap>", line 1142, in _find_and_load_unlocked
ModuleNotFoundError: No module named 'airflow.providers.postgres'

The above exception was the direct cause of the following exception:

Traceback (most recent call last):
  File "/home/ubuntu/github_repo/Stock-Market-Intelligence-Pipeline/venv/lib/python3.11/site-packages/airflow/models/dagbag.py", line 344, in parse
    loader.exec_module(new_module)
  File "<frozen importlib._bootstrap_external>", line 940, in exec_module
  File "<frozen importlib._bootstrap>", line 241, in _call_with_frames_removed
  File "/home/ubuntu/github_repo/Stock-Market-Intelligence-Pipeline/dags/monthly_maintenance.py", line 2, in <module>
    from airflow.operators.postgres_operator import PostgresOperator
  File "/home/ubuntu/github_repo/Stock-Market-Intelligence-Pipeline/venv/lib/python3.11/site-packages/airflow/utils/deprecation_tools.py", line 63, in getattr_with_deprecation
    raise ImportError(error_message) from e
ImportError: Could not import `airflow.providers.postgres.operators.postgres.PostgresOperator` while trying to import `airflow.operators.postgres_operator.PostgresOperator`.
[2026-05-05T18:25:28.714+0000] {processor.py:842} WARNING - No viable dags retrieved from /home/ubuntu/github_repo/Stock-Market-Intelligence-Pipeline/dags/monthly_maintenance.py
[2026-05-05T18:25:28.749+0000] {processor.py:183} INFO - Processing /home/ubuntu/github_repo/Stock-Market-Intelligence-Pipeline/dags/monthly_maintenance.py took 0.047 seconds
[2026-05-05T18:25:59.341+0000] {processor.py:161} INFO - Started process (PID=1009030) to work on /home/ubuntu/github_repo/Stock-Market-Intelligence-Pipeline/dags/monthly_maintenance.py
[2026-05-05T18:25:59.342+0000] {processor.py:830} INFO - Processing file /home/ubuntu/github_repo/Stock-Market-Intelligence-Pipeline/dags/monthly_maintenance.py for tasks to queue
[2026-05-05T18:25:59.342+0000] {logging_mixin.py:188} INFO - [2026-05-05T18:25:59.342+0000] {dagbag.py:538} INFO - Filling up the DagBag from /home/ubuntu/github_repo/Stock-Market-Intelligence-Pipeline/dags/monthly_maintenance.py
[2026-05-05T18:25:59.347+0000] {logging_mixin.py:188} INFO - [2026-05-05T18:25:59.345+0000] {dagbag.py:348} ERROR - Failed to import: /home/ubuntu/github_repo/Stock-Market-Intelligence-Pipeline/dags/monthly_maintenance.py
Traceback (most recent call last):
  File "/home/ubuntu/github_repo/Stock-Market-Intelligence-Pipeline/venv/lib/python3.11/site-packages/airflow/models/dagbag.py", line 344, in parse
  File "<frozen importlib._bootstrap_external>", line 940, in exec_module
  File "<frozen importlib._bootstrap>", line 241, in _call_with_frames_removed
  File "/home/ubuntu/github_repo/Stock-Market-Intelligence-Pipeline/dags/monthly_maintenance.py", line 2, in <module>
    from airflow.operators.postgres_operator import PostgresOperator
  File "/home/ubuntu/github_repo/Stock-Market-Intelligence-Pipeline/venv/lib/python3.11/site-packages/airflow/utils/deprecation_tools.py", line 56, in getattr_with_deprecation
  File "/usr/lib/python3.11/importlib/__init__.py", line 126, in import_module
    return _bootstrap._gcd_import(name[level:], package, level)
           ^^^^^^^^^^^^^^^^^^^^^^^^^^^^^^^^^^^^^^^^^^^^^^^^^^^^
  File "<frozen importlib._bootstrap>", line 1206, in _gcd_import
  File "<frozen importlib._bootstrap>", line 1178, in _find_and_load
  File "<frozen importlib._bootstrap>", line 1128, in _find_and_load_unlocked
  File "<frozen importlib._bootstrap>", line 241, in _call_with_frames_removed
  File "<frozen importlib._bootstrap>", line 1206, in _gcd_import
  File "<frozen importlib._bootstrap>", line 1178, in _find_and_load
  File "<frozen importlib._bootstrap>", line 1128, in _find_and_load_unlocked
  File "<frozen importlib._bootstrap>", line 241, in _call_with_frames_removed
  File "<frozen importlib._bootstrap>", line 1206, in _gcd_import
  File "<frozen importlib._bootstrap>", line 1178, in _find_and_load
  File "<frozen importlib._bootstrap>", line 1149, in _find_and_load_unlocked
  File "<frozen importlib._bootstrap>", line 690, in _load_unlocked
  File "<frozen importlib._bootstrap_external>", line 940, in exec_module
  File "<frozen importlib._bootstrap>", line 241, in _call_with_frames_removed
  File "/home/ubuntu/github_repo/Stock-Market-Intelligence-Pipeline/venv/lib/python3.11/site-packages/airflow/providers/postgres/__init__.py", line 37, in <module>
    raise RuntimeError(
RuntimeError: The package `apache-airflow-providers-postgres:6.6.3` needs Apache Airflow 2.11.0+
[2026-05-05T18:25:59.348+0000] {processor.py:842} WARNING - No viable dags retrieved from /home/ubuntu/github_repo/Stock-Market-Intelligence-Pipeline/dags/monthly_maintenance.py
[2026-05-05T18:25:59.380+0000] {processor.py:183} INFO - Processing /home/ubuntu/github_repo/Stock-Market-Intelligence-Pipeline/dags/monthly_maintenance.py took 0.043 seconds
[2026-05-05T18:26:29.868+0000] {processor.py:161} INFO - Started process (PID=1009065) to work on /home/ubuntu/github_repo/Stock-Market-Intelligence-Pipeline/dags/monthly_maintenance.py
[2026-05-05T18:26:29.870+0000] {processor.py:830} INFO - Processing file /home/ubuntu/github_repo/Stock-Market-Intelligence-Pipeline/dags/monthly_maintenance.py for tasks to queue
[2026-05-05T18:26:29.871+0000] {logging_mixin.py:188} INFO - [2026-05-05T18:26:29.870+0000] {dagbag.py:538} INFO - Filling up the DagBag from /home/ubuntu/github_repo/Stock-Market-Intelligence-Pipeline/dags/monthly_maintenance.py
[2026-05-05T18:26:29.875+0000] {logging_mixin.py:188} INFO - [2026-05-05T18:26:29.873+0000] {dagbag.py:348} ERROR - Failed to import: /home/ubuntu/github_repo/Stock-Market-Intelligence-Pipeline/dags/monthly_maintenance.py
Traceback (most recent call last):
  File "/home/ubuntu/github_repo/Stock-Market-Intelligence-Pipeline/venv/lib/python3.11/site-packages/airflow/models/dagbag.py", line 344, in parse
  File "<frozen importlib._bootstrap_external>", line 940, in exec_module
  File "<frozen importlib._bootstrap>", line 241, in _call_with_frames_removed
  File "/home/ubuntu/github_repo/Stock-Market-Intelligence-Pipeline/dags/monthly_maintenance.py", line 2, in <module>
    from airflow.operators.postgres_operator import PostgresOperator
  File "/home/ubuntu/github_repo/Stock-Market-Intelligence-Pipeline/venv/lib/python3.11/site-packages/airflow/utils/deprecation_tools.py", line 56, in getattr_with_deprecation
  File "/usr/lib/python3.11/importlib/__init__.py", line 126, in import_module
    return _bootstrap._gcd_import(name[level:], package, level)
           ^^^^^^^^^^^^^^^^^^^^^^^^^^^^^^^^^^^^^^^^^^^^^^^^^^^^
  File "<frozen importlib._bootstrap>", line 1206, in _gcd_import
  File "<frozen importlib._bootstrap>", line 1178, in _find_and_load
  File "<frozen importlib._bootstrap>", line 1128, in _find_and_load_unlocked
  File "<frozen importlib._bootstrap>", line 241, in _call_with_frames_removed
  File "<frozen importlib._bootstrap>", line 1206, in _gcd_import
  File "<frozen importlib._bootstrap>", line 1178, in _find_and_load
  File "<frozen importlib._bootstrap>", line 1128, in _find_and_load_unlocked
  File "<frozen importlib._bootstrap>", line 241, in _call_with_frames_removed
  File "<frozen importlib._bootstrap>", line 1206, in _gcd_import
  File "<frozen importlib._bootstrap>", line 1178, in _find_and_load
  File "<frozen importlib._bootstrap>", line 1149, in _find_and_load_unlocked
  File "<frozen importlib._bootstrap>", line 690, in _load_unlocked
  File "<frozen importlib._bootstrap_external>", line 940, in exec_module
  File "<frozen importlib._bootstrap>", line 241, in _call_with_frames_removed
  File "/home/ubuntu/github_repo/Stock-Market-Intelligence-Pipeline/venv/lib/python3.11/site-packages/airflow/providers/postgres/__init__.py", line 37, in <module>
    raise RuntimeError(
RuntimeError: The package `apache-airflow-providers-postgres:6.6.3` needs Apache Airflow 2.11.0+
[2026-05-05T18:26:29.876+0000] {processor.py:842} WARNING - No viable dags retrieved from /home/ubuntu/github_repo/Stock-Market-Intelligence-Pipeline/dags/monthly_maintenance.py
[2026-05-05T18:26:29.909+0000] {processor.py:183} INFO - Processing /home/ubuntu/github_repo/Stock-Market-Intelligence-Pipeline/dags/monthly_maintenance.py took 0.045 seconds
[2026-05-05T18:27:00.404+0000] {processor.py:161} INFO - Started process (PID=1009098) to work on /home/ubuntu/github_repo/Stock-Market-Intelligence-Pipeline/dags/monthly_maintenance.py
[2026-05-05T18:27:00.405+0000] {processor.py:830} INFO - Processing file /home/ubuntu/github_repo/Stock-Market-Intelligence-Pipeline/dags/monthly_maintenance.py for tasks to queue
[2026-05-05T18:27:00.406+0000] {logging_mixin.py:188} INFO - [2026-05-05T18:27:00.406+0000] {dagbag.py:538} INFO - Filling up the DagBag from /home/ubuntu/github_repo/Stock-Market-Intelligence-Pipeline/dags/monthly_maintenance.py
[2026-05-05T18:27:00.411+0000] {logging_mixin.py:188} INFO - [2026-05-05T18:27:00.409+0000] {dagbag.py:348} ERROR - Failed to import: /home/ubuntu/github_repo/Stock-Market-Intelligence-Pipeline/dags/monthly_maintenance.py
Traceback (most recent call last):
  File "/home/ubuntu/github_repo/Stock-Market-Intelligence-Pipeline/venv/lib/python3.11/site-packages/airflow/models/dagbag.py", line 344, in parse
  File "<frozen importlib._bootstrap_external>", line 940, in exec_module
  File "<frozen importlib._bootstrap>", line 241, in _call_with_frames_removed
  File "/home/ubuntu/github_repo/Stock-Market-Intelligence-Pipeline/dags/monthly_maintenance.py", line 2, in <module>
    from airflow.operators.postgres_operator import PostgresOperator
  File "/home/ubuntu/github_repo/Stock-Market-Intelligence-Pipeline/venv/lib/python3.11/site-packages/airflow/utils/deprecation_tools.py", line 56, in getattr_with_deprecation
  File "/usr/lib/python3.11/importlib/__init__.py", line 126, in import_module
    return _bootstrap._gcd_import(name[level:], package, level)
           ^^^^^^^^^^^^^^^^^^^^^^^^^^^^^^^^^^^^^^^^^^^^^^^^^^^^
  File "<frozen importlib._bootstrap>", line 1206, in _gcd_import
  File "<frozen importlib._bootstrap>", line 1178, in _find_and_load
  File "<frozen importlib._bootstrap>", line 1128, in _find_and_load_unlocked
  File "<frozen importlib._bootstrap>", line 241, in _call_with_frames_removed
  File "<frozen importlib._bootstrap>", line 1206, in _gcd_import
  File "<frozen importlib._bootstrap>", line 1178, in _find_and_load
  File "<frozen importlib._bootstrap>", line 1128, in _find_and_load_unlocked
  File "<frozen importlib._bootstrap>", line 241, in _call_with_frames_removed
  File "<frozen importlib._bootstrap>", line 1206, in _gcd_import
  File "<frozen importlib._bootstrap>", line 1178, in _find_and_load
  File "<frozen importlib._bootstrap>", line 1149, in _find_and_load_unlocked
  File "<frozen importlib._bootstrap>", line 690, in _load_unlocked
  File "<frozen importlib._bootstrap_external>", line 940, in exec_module
  File "<frozen importlib._bootstrap>", line 241, in _call_with_frames_removed
  File "/home/ubuntu/github_repo/Stock-Market-Intelligence-Pipeline/venv/lib/python3.11/site-packages/airflow/providers/postgres/__init__.py", line 37, in <module>
    raise RuntimeError(
RuntimeError: The package `apache-airflow-providers-postgres:6.6.3` needs Apache Airflow 2.11.0+
[2026-05-05T18:27:00.412+0000] {processor.py:842} WARNING - No viable dags retrieved from /home/ubuntu/github_repo/Stock-Market-Intelligence-Pipeline/dags/monthly_maintenance.py
[2026-05-05T18:27:00.443+0000] {processor.py:183} INFO - Processing /home/ubuntu/github_repo/Stock-Market-Intelligence-Pipeline/dags/monthly_maintenance.py took 0.042 seconds
[2026-05-05T18:27:30.881+0000] {processor.py:161} INFO - Started process (PID=1009135) to work on /home/ubuntu/github_repo/Stock-Market-Intelligence-Pipeline/dags/monthly_maintenance.py
[2026-05-05T18:27:30.883+0000] {processor.py:830} INFO - Processing file /home/ubuntu/github_repo/Stock-Market-Intelligence-Pipeline/dags/monthly_maintenance.py for tasks to queue
[2026-05-05T18:27:30.884+0000] {logging_mixin.py:188} INFO - [2026-05-05T18:27:30.884+0000] {dagbag.py:538} INFO - Filling up the DagBag from /home/ubuntu/github_repo/Stock-Market-Intelligence-Pipeline/dags/monthly_maintenance.py
[2026-05-05T18:27:30.888+0000] {logging_mixin.py:188} INFO - [2026-05-05T18:27:30.887+0000] {dagbag.py:348} ERROR - Failed to import: /home/ubuntu/github_repo/Stock-Market-Intelligence-Pipeline/dags/monthly_maintenance.py
Traceback (most recent call last):
  File "/home/ubuntu/github_repo/Stock-Market-Intelligence-Pipeline/venv/lib/python3.11/site-packages/airflow/models/dagbag.py", line 344, in parse
  File "<frozen importlib._bootstrap_external>", line 940, in exec_module
  File "<frozen importlib._bootstrap>", line 241, in _call_with_frames_removed
  File "/home/ubuntu/github_repo/Stock-Market-Intelligence-Pipeline/dags/monthly_maintenance.py", line 2, in <module>
    from airflow.operators.postgres_operator import PostgresOperator
  File "/home/ubuntu/github_repo/Stock-Market-Intelligence-Pipeline/venv/lib/python3.11/site-packages/airflow/utils/deprecation_tools.py", line 56, in getattr_with_deprecation
  File "/usr/lib/python3.11/importlib/__init__.py", line 126, in import_module
    return _bootstrap._gcd_import(name[level:], package, level)
           ^^^^^^^^^^^^^^^^^^^^^^^^^^^^^^^^^^^^^^^^^^^^^^^^^^^^
  File "<frozen importlib._bootstrap>", line 1206, in _gcd_import
  File "<frozen importlib._bootstrap>", line 1178, in _find_and_load
  File "<frozen importlib._bootstrap>", line 1128, in _find_and_load_unlocked
  File "<frozen importlib._bootstrap>", line 241, in _call_with_frames_removed
  File "<frozen importlib._bootstrap>", line 1206, in _gcd_import
  File "<frozen importlib._bootstrap>", line 1178, in _find_and_load
  File "<frozen importlib._bootstrap>", line 1128, in _find_and_load_unlocked
  File "<frozen importlib._bootstrap>", line 241, in _call_with_frames_removed
  File "<frozen importlib._bootstrap>", line 1206, in _gcd_import
  File "<frozen importlib._bootstrap>", line 1178, in _find_and_load
  File "<frozen importlib._bootstrap>", line 1149, in _find_and_load_unlocked
  File "<frozen importlib._bootstrap>", line 690, in _load_unlocked
  File "<frozen importlib._bootstrap_external>", line 940, in exec_module
  File "<frozen importlib._bootstrap>", line 241, in _call_with_frames_removed
  File "/home/ubuntu/github_repo/Stock-Market-Intelligence-Pipeline/venv/lib/python3.11/site-packages/airflow/providers/postgres/__init__.py", line 37, in <module>
    raise RuntimeError(
RuntimeError: The package `apache-airflow-providers-postgres:6.6.3` needs Apache Airflow 2.11.0+
[2026-05-05T18:27:30.889+0000] {processor.py:842} WARNING - No viable dags retrieved from /home/ubuntu/github_repo/Stock-Market-Intelligence-Pipeline/dags/monthly_maintenance.py
[2026-05-05T18:27:30.923+0000] {processor.py:183} INFO - Processing /home/ubuntu/github_repo/Stock-Market-Intelligence-Pipeline/dags/monthly_maintenance.py took 0.046 seconds
[2026-05-05T18:28:01.344+0000] {processor.py:161} INFO - Started process (PID=1009168) to work on /home/ubuntu/github_repo/Stock-Market-Intelligence-Pipeline/dags/monthly_maintenance.py
[2026-05-05T18:28:01.345+0000] {processor.py:830} INFO - Processing file /home/ubuntu/github_repo/Stock-Market-Intelligence-Pipeline/dags/monthly_maintenance.py for tasks to queue
[2026-05-05T18:28:01.346+0000] {logging_mixin.py:188} INFO - [2026-05-05T18:28:01.345+0000] {dagbag.py:538} INFO - Filling up the DagBag from /home/ubuntu/github_repo/Stock-Market-Intelligence-Pipeline/dags/monthly_maintenance.py
[2026-05-05T18:28:01.351+0000] {logging_mixin.py:188} INFO - [2026-05-05T18:28:01.349+0000] {dagbag.py:348} ERROR - Failed to import: /home/ubuntu/github_repo/Stock-Market-Intelligence-Pipeline/dags/monthly_maintenance.py
Traceback (most recent call last):
  File "/home/ubuntu/github_repo/Stock-Market-Intelligence-Pipeline/venv/lib/python3.11/site-packages/airflow/models/dagbag.py", line 344, in parse
  File "<frozen importlib._bootstrap_external>", line 940, in exec_module
  File "<frozen importlib._bootstrap>", line 241, in _call_with_frames_removed
  File "/home/ubuntu/github_repo/Stock-Market-Intelligence-Pipeline/dags/monthly_maintenance.py", line 2, in <module>
    from airflow.operators.postgres_operator import PostgresOperator
  File "/home/ubuntu/github_repo/Stock-Market-Intelligence-Pipeline/venv/lib/python3.11/site-packages/airflow/utils/deprecation_tools.py", line 56, in getattr_with_deprecation
  File "/usr/lib/python3.11/importlib/__init__.py", line 126, in import_module
    return _bootstrap._gcd_import(name[level:], package, level)
           ^^^^^^^^^^^^^^^^^^^^^^^^^^^^^^^^^^^^^^^^^^^^^^^^^^^^
  File "<frozen importlib._bootstrap>", line 1206, in _gcd_import
  File "<frozen importlib._bootstrap>", line 1178, in _find_and_load
  File "<frozen importlib._bootstrap>", line 1128, in _find_and_load_unlocked
  File "<frozen importlib._bootstrap>", line 241, in _call_with_frames_removed
  File "<frozen importlib._bootstrap>", line 1206, in _gcd_import
  File "<frozen importlib._bootstrap>", line 1178, in _find_and_load
  File "<frozen importlib._bootstrap>", line 1128, in _find_and_load_unlocked
  File "<frozen importlib._bootstrap>", line 241, in _call_with_frames_removed
  File "<frozen importlib._bootstrap>", line 1206, in _gcd_import
  File "<frozen importlib._bootstrap>", line 1178, in _find_and_load
  File "<frozen importlib._bootstrap>", line 1149, in _find_and_load_unlocked
  File "<frozen importlib._bootstrap>", line 690, in _load_unlocked
  File "<frozen importlib._bootstrap_external>", line 940, in exec_module
  File "<frozen importlib._bootstrap>", line 241, in _call_with_frames_removed
  File "/home/ubuntu/github_repo/Stock-Market-Intelligence-Pipeline/venv/lib/python3.11/site-packages/airflow/providers/postgres/__init__.py", line 37, in <module>
    raise RuntimeError(
RuntimeError: The package `apache-airflow-providers-postgres:6.6.3` needs Apache Airflow 2.11.0+
[2026-05-05T18:28:01.351+0000] {processor.py:842} WARNING - No viable dags retrieved from /home/ubuntu/github_repo/Stock-Market-Intelligence-Pipeline/dags/monthly_maintenance.py
[2026-05-05T18:28:01.384+0000] {processor.py:183} INFO - Processing /home/ubuntu/github_repo/Stock-Market-Intelligence-Pipeline/dags/monthly_maintenance.py took 0.044 seconds
[2026-05-05T18:28:31.826+0000] {processor.py:161} INFO - Started process (PID=1009201) to work on /home/ubuntu/github_repo/Stock-Market-Intelligence-Pipeline/dags/monthly_maintenance.py
[2026-05-05T18:28:31.828+0000] {processor.py:830} INFO - Processing file /home/ubuntu/github_repo/Stock-Market-Intelligence-Pipeline/dags/monthly_maintenance.py for tasks to queue
[2026-05-05T18:28:31.829+0000] {logging_mixin.py:188} INFO - [2026-05-05T18:28:31.829+0000] {dagbag.py:538} INFO - Filling up the DagBag from /home/ubuntu/github_repo/Stock-Market-Intelligence-Pipeline/dags/monthly_maintenance.py
[2026-05-05T18:28:31.834+0000] {logging_mixin.py:188} INFO - [2026-05-05T18:28:31.832+0000] {dagbag.py:348} ERROR - Failed to import: /home/ubuntu/github_repo/Stock-Market-Intelligence-Pipeline/dags/monthly_maintenance.py
Traceback (most recent call last):
  File "/home/ubuntu/github_repo/Stock-Market-Intelligence-Pipeline/venv/lib/python3.11/site-packages/airflow/models/dagbag.py", line 344, in parse
  File "<frozen importlib._bootstrap_external>", line 940, in exec_module
  File "<frozen importlib._bootstrap>", line 241, in _call_with_frames_removed
  File "/home/ubuntu/github_repo/Stock-Market-Intelligence-Pipeline/dags/monthly_maintenance.py", line 2, in <module>
    from airflow.operators.postgres_operator import PostgresOperator
  File "/home/ubuntu/github_repo/Stock-Market-Intelligence-Pipeline/venv/lib/python3.11/site-packages/airflow/utils/deprecation_tools.py", line 56, in getattr_with_deprecation
  File "/usr/lib/python3.11/importlib/__init__.py", line 126, in import_module
    return _bootstrap._gcd_import(name[level:], package, level)
           ^^^^^^^^^^^^^^^^^^^^^^^^^^^^^^^^^^^^^^^^^^^^^^^^^^^^
  File "<frozen importlib._bootstrap>", line 1206, in _gcd_import
  File "<frozen importlib._bootstrap>", line 1178, in _find_and_load
  File "<frozen importlib._bootstrap>", line 1128, in _find_and_load_unlocked
  File "<frozen importlib._bootstrap>", line 241, in _call_with_frames_removed
  File "<frozen importlib._bootstrap>", line 1206, in _gcd_import
  File "<frozen importlib._bootstrap>", line 1178, in _find_and_load
  File "<frozen importlib._bootstrap>", line 1128, in _find_and_load_unlocked
  File "<frozen importlib._bootstrap>", line 241, in _call_with_frames_removed
  File "<frozen importlib._bootstrap>", line 1206, in _gcd_import
  File "<frozen importlib._bootstrap>", line 1178, in _find_and_load
  File "<frozen importlib._bootstrap>", line 1149, in _find_and_load_unlocked
  File "<frozen importlib._bootstrap>", line 690, in _load_unlocked
  File "<frozen importlib._bootstrap_external>", line 940, in exec_module
  File "<frozen importlib._bootstrap>", line 241, in _call_with_frames_removed
  File "/home/ubuntu/github_repo/Stock-Market-Intelligence-Pipeline/venv/lib/python3.11/site-packages/airflow/providers/postgres/__init__.py", line 37, in <module>
    raise RuntimeError(
RuntimeError: The package `apache-airflow-providers-postgres:6.6.3` needs Apache Airflow 2.11.0+
[2026-05-05T18:28:31.835+0000] {processor.py:842} WARNING - No viable dags retrieved from /home/ubuntu/github_repo/Stock-Market-Intelligence-Pipeline/dags/monthly_maintenance.py
[2026-05-05T18:28:31.869+0000] {processor.py:183} INFO - Processing /home/ubuntu/github_repo/Stock-Market-Intelligence-Pipeline/dags/monthly_maintenance.py took 0.047 seconds
[2026-05-05T18:29:02.305+0000] {processor.py:161} INFO - Started process (PID=1009229) to work on /home/ubuntu/github_repo/Stock-Market-Intelligence-Pipeline/dags/monthly_maintenance.py
[2026-05-05T18:29:02.306+0000] {processor.py:830} INFO - Processing file /home/ubuntu/github_repo/Stock-Market-Intelligence-Pipeline/dags/monthly_maintenance.py for tasks to queue
[2026-05-05T18:29:02.306+0000] {logging_mixin.py:188} INFO - [2026-05-05T18:29:02.306+0000] {dagbag.py:538} INFO - Filling up the DagBag from /home/ubuntu/github_repo/Stock-Market-Intelligence-Pipeline/dags/monthly_maintenance.py
[2026-05-05T18:29:02.311+0000] {logging_mixin.py:188} INFO - [2026-05-05T18:29:02.309+0000] {dagbag.py:348} ERROR - Failed to import: /home/ubuntu/github_repo/Stock-Market-Intelligence-Pipeline/dags/monthly_maintenance.py
Traceback (most recent call last):
  File "/home/ubuntu/github_repo/Stock-Market-Intelligence-Pipeline/venv/lib/python3.11/site-packages/airflow/models/dagbag.py", line 344, in parse
  File "<frozen importlib._bootstrap_external>", line 940, in exec_module
  File "<frozen importlib._bootstrap>", line 241, in _call_with_frames_removed
  File "/home/ubuntu/github_repo/Stock-Market-Intelligence-Pipeline/dags/monthly_maintenance.py", line 2, in <module>
    from airflow.operators.postgres_operator import PostgresOperator
  File "/home/ubuntu/github_repo/Stock-Market-Intelligence-Pipeline/venv/lib/python3.11/site-packages/airflow/utils/deprecation_tools.py", line 56, in getattr_with_deprecation
  File "/usr/lib/python3.11/importlib/__init__.py", line 126, in import_module
    return _bootstrap._gcd_import(name[level:], package, level)
           ^^^^^^^^^^^^^^^^^^^^^^^^^^^^^^^^^^^^^^^^^^^^^^^^^^^^
  File "<frozen importlib._bootstrap>", line 1206, in _gcd_import
  File "<frozen importlib._bootstrap>", line 1178, in _find_and_load
  File "<frozen importlib._bootstrap>", line 1128, in _find_and_load_unlocked
  File "<frozen importlib._bootstrap>", line 241, in _call_with_frames_removed
  File "<frozen importlib._bootstrap>", line 1206, in _gcd_import
  File "<frozen importlib._bootstrap>", line 1178, in _find_and_load
  File "<frozen importlib._bootstrap>", line 1128, in _find_and_load_unlocked
  File "<frozen importlib._bootstrap>", line 241, in _call_with_frames_removed
  File "<frozen importlib._bootstrap>", line 1206, in _gcd_import
  File "<frozen importlib._bootstrap>", line 1178, in _find_and_load
  File "<frozen importlib._bootstrap>", line 1149, in _find_and_load_unlocked
  File "<frozen importlib._bootstrap>", line 690, in _load_unlocked
  File "<frozen importlib._bootstrap_external>", line 940, in exec_module
  File "<frozen importlib._bootstrap>", line 241, in _call_with_frames_removed
  File "/home/ubuntu/github_repo/Stock-Market-Intelligence-Pipeline/venv/lib/python3.11/site-packages/airflow/providers/postgres/__init__.py", line 37, in <module>
    raise RuntimeError(
RuntimeError: The package `apache-airflow-providers-postgres:6.6.3` needs Apache Airflow 2.11.0+
[2026-05-05T18:29:02.312+0000] {processor.py:842} WARNING - No viable dags retrieved from /home/ubuntu/github_repo/Stock-Market-Intelligence-Pipeline/dags/monthly_maintenance.py
[2026-05-05T18:29:02.345+0000] {processor.py:183} INFO - Processing /home/ubuntu/github_repo/Stock-Market-Intelligence-Pipeline/dags/monthly_maintenance.py took 0.044 seconds
[2026-05-05T18:29:32.786+0000] {processor.py:161} INFO - Started process (PID=1009269) to work on /home/ubuntu/github_repo/Stock-Market-Intelligence-Pipeline/dags/monthly_maintenance.py
[2026-05-05T18:29:32.788+0000] {processor.py:830} INFO - Processing file /home/ubuntu/github_repo/Stock-Market-Intelligence-Pipeline/dags/monthly_maintenance.py for tasks to queue
[2026-05-05T18:29:32.790+0000] {logging_mixin.py:188} INFO - [2026-05-05T18:29:32.788+0000] {dagbag.py:538} INFO - Filling up the DagBag from /home/ubuntu/github_repo/Stock-Market-Intelligence-Pipeline/dags/monthly_maintenance.py
[2026-05-05T18:29:32.795+0000] {logging_mixin.py:188} INFO - [2026-05-05T18:29:32.793+0000] {dagbag.py:348} ERROR - Failed to import: /home/ubuntu/github_repo/Stock-Market-Intelligence-Pipeline/dags/monthly_maintenance.py
Traceback (most recent call last):
  File "/home/ubuntu/github_repo/Stock-Market-Intelligence-Pipeline/venv/lib/python3.11/site-packages/airflow/models/dagbag.py", line 344, in parse
  File "<frozen importlib._bootstrap_external>", line 940, in exec_module
  File "<frozen importlib._bootstrap>", line 241, in _call_with_frames_removed
  File "/home/ubuntu/github_repo/Stock-Market-Intelligence-Pipeline/dags/monthly_maintenance.py", line 2, in <module>
    from airflow.operators.postgres_operator import PostgresOperator
  File "/home/ubuntu/github_repo/Stock-Market-Intelligence-Pipeline/venv/lib/python3.11/site-packages/airflow/utils/deprecation_tools.py", line 56, in getattr_with_deprecation
  File "/usr/lib/python3.11/importlib/__init__.py", line 126, in import_module
    return _bootstrap._gcd_import(name[level:], package, level)
           ^^^^^^^^^^^^^^^^^^^^^^^^^^^^^^^^^^^^^^^^^^^^^^^^^^^^
  File "<frozen importlib._bootstrap>", line 1206, in _gcd_import
  File "<frozen importlib._bootstrap>", line 1178, in _find_and_load
  File "<frozen importlib._bootstrap>", line 1128, in _find_and_load_unlocked
  File "<frozen importlib._bootstrap>", line 241, in _call_with_frames_removed
  File "<frozen importlib._bootstrap>", line 1206, in _gcd_import
  File "<frozen importlib._bootstrap>", line 1178, in _find_and_load
  File "<frozen importlib._bootstrap>", line 1128, in _find_and_load_unlocked
  File "<frozen importlib._bootstrap>", line 241, in _call_with_frames_removed
  File "<frozen importlib._bootstrap>", line 1206, in _gcd_import
  File "<frozen importlib._bootstrap>", line 1178, in _find_and_load
  File "<frozen importlib._bootstrap>", line 1149, in _find_and_load_unlocked
  File "<frozen importlib._bootstrap>", line 690, in _load_unlocked
  File "<frozen importlib._bootstrap_external>", line 940, in exec_module
  File "<frozen importlib._bootstrap>", line 241, in _call_with_frames_removed
  File "/home/ubuntu/github_repo/Stock-Market-Intelligence-Pipeline/venv/lib/python3.11/site-packages/airflow/providers/postgres/__init__.py", line 37, in <module>
    raise RuntimeError(
RuntimeError: The package `apache-airflow-providers-postgres:6.6.3` needs Apache Airflow 2.11.0+
[2026-05-05T18:29:32.796+0000] {processor.py:842} WARNING - No viable dags retrieved from /home/ubuntu/github_repo/Stock-Market-Intelligence-Pipeline/dags/monthly_maintenance.py
[2026-05-05T18:29:32.829+0000] {processor.py:183} INFO - Processing /home/ubuntu/github_repo/Stock-Market-Intelligence-Pipeline/dags/monthly_maintenance.py took 0.047 seconds
[2026-05-05T18:30:03.258+0000] {processor.py:161} INFO - Started process (PID=1009329) to work on /home/ubuntu/github_repo/Stock-Market-Intelligence-Pipeline/dags/monthly_maintenance.py
[2026-05-05T18:30:03.259+0000] {processor.py:830} INFO - Processing file /home/ubuntu/github_repo/Stock-Market-Intelligence-Pipeline/dags/monthly_maintenance.py for tasks to queue
[2026-05-05T18:30:03.260+0000] {logging_mixin.py:188} INFO - [2026-05-05T18:30:03.259+0000] {dagbag.py:538} INFO - Filling up the DagBag from /home/ubuntu/github_repo/Stock-Market-Intelligence-Pipeline/dags/monthly_maintenance.py
[2026-05-05T18:30:03.264+0000] {logging_mixin.py:188} INFO - [2026-05-05T18:30:03.262+0000] {dagbag.py:348} ERROR - Failed to import: /home/ubuntu/github_repo/Stock-Market-Intelligence-Pipeline/dags/monthly_maintenance.py
Traceback (most recent call last):
  File "/home/ubuntu/github_repo/Stock-Market-Intelligence-Pipeline/venv/lib/python3.11/site-packages/airflow/models/dagbag.py", line 344, in parse
  File "<frozen importlib._bootstrap_external>", line 940, in exec_module
  File "<frozen importlib._bootstrap>", line 241, in _call_with_frames_removed
  File "/home/ubuntu/github_repo/Stock-Market-Intelligence-Pipeline/dags/monthly_maintenance.py", line 2, in <module>
    from airflow.operators.postgres_operator import PostgresOperator
  File "/home/ubuntu/github_repo/Stock-Market-Intelligence-Pipeline/venv/lib/python3.11/site-packages/airflow/utils/deprecation_tools.py", line 56, in getattr_with_deprecation
  File "/usr/lib/python3.11/importlib/__init__.py", line 126, in import_module
    return _bootstrap._gcd_import(name[level:], package, level)
           ^^^^^^^^^^^^^^^^^^^^^^^^^^^^^^^^^^^^^^^^^^^^^^^^^^^^
  File "<frozen importlib._bootstrap>", line 1206, in _gcd_import
  File "<frozen importlib._bootstrap>", line 1178, in _find_and_load
  File "<frozen importlib._bootstrap>", line 1128, in _find_and_load_unlocked
  File "<frozen importlib._bootstrap>", line 241, in _call_with_frames_removed
  File "<frozen importlib._bootstrap>", line 1206, in _gcd_import
  File "<frozen importlib._bootstrap>", line 1178, in _find_and_load
  File "<frozen importlib._bootstrap>", line 1128, in _find_and_load_unlocked
  File "<frozen importlib._bootstrap>", line 241, in _call_with_frames_removed
  File "<frozen importlib._bootstrap>", line 1206, in _gcd_import
  File "<frozen importlib._bootstrap>", line 1178, in _find_and_load
  File "<frozen importlib._bootstrap>", line 1149, in _find_and_load_unlocked
  File "<frozen importlib._bootstrap>", line 690, in _load_unlocked
  File "<frozen importlib._bootstrap_external>", line 940, in exec_module
  File "<frozen importlib._bootstrap>", line 241, in _call_with_frames_removed
  File "/home/ubuntu/github_repo/Stock-Market-Intelligence-Pipeline/venv/lib/python3.11/site-packages/airflow/providers/postgres/__init__.py", line 37, in <module>
    raise RuntimeError(
RuntimeError: The package `apache-airflow-providers-postgres:6.6.3` needs Apache Airflow 2.11.0+
[2026-05-05T18:30:03.265+0000] {processor.py:842} WARNING - No viable dags retrieved from /home/ubuntu/github_repo/Stock-Market-Intelligence-Pipeline/dags/monthly_maintenance.py
[2026-05-05T18:30:03.297+0000] {processor.py:183} INFO - Processing /home/ubuntu/github_repo/Stock-Market-Intelligence-Pipeline/dags/monthly_maintenance.py took 0.044 seconds
[2026-05-05T18:30:33.726+0000] {processor.py:161} INFO - Started process (PID=1009399) to work on /home/ubuntu/github_repo/Stock-Market-Intelligence-Pipeline/dags/monthly_maintenance.py
[2026-05-05T18:30:33.728+0000] {processor.py:830} INFO - Processing file /home/ubuntu/github_repo/Stock-Market-Intelligence-Pipeline/dags/monthly_maintenance.py for tasks to queue
[2026-05-05T18:30:33.729+0000] {logging_mixin.py:188} INFO - [2026-05-05T18:30:33.729+0000] {dagbag.py:538} INFO - Filling up the DagBag from /home/ubuntu/github_repo/Stock-Market-Intelligence-Pipeline/dags/monthly_maintenance.py
[2026-05-05T18:30:33.734+0000] {logging_mixin.py:188} INFO - [2026-05-05T18:30:33.732+0000] {dagbag.py:348} ERROR - Failed to import: /home/ubuntu/github_repo/Stock-Market-Intelligence-Pipeline/dags/monthly_maintenance.py
Traceback (most recent call last):
  File "/home/ubuntu/github_repo/Stock-Market-Intelligence-Pipeline/venv/lib/python3.11/site-packages/airflow/models/dagbag.py", line 344, in parse
  File "<frozen importlib._bootstrap_external>", line 940, in exec_module
  File "<frozen importlib._bootstrap>", line 241, in _call_with_frames_removed
  File "/home/ubuntu/github_repo/Stock-Market-Intelligence-Pipeline/dags/monthly_maintenance.py", line 2, in <module>
    from airflow.operators.postgres_operator import PostgresOperator
  File "/home/ubuntu/github_repo/Stock-Market-Intelligence-Pipeline/venv/lib/python3.11/site-packages/airflow/utils/deprecation_tools.py", line 56, in getattr_with_deprecation
  File "/usr/lib/python3.11/importlib/__init__.py", line 126, in import_module
    return _bootstrap._gcd_import(name[level:], package, level)
           ^^^^^^^^^^^^^^^^^^^^^^^^^^^^^^^^^^^^^^^^^^^^^^^^^^^^
  File "<frozen importlib._bootstrap>", line 1206, in _gcd_import
  File "<frozen importlib._bootstrap>", line 1178, in _find_and_load
  File "<frozen importlib._bootstrap>", line 1128, in _find_and_load_unlocked
  File "<frozen importlib._bootstrap>", line 241, in _call_with_frames_removed
  File "<frozen importlib._bootstrap>", line 1206, in _gcd_import
  File "<frozen importlib._bootstrap>", line 1178, in _find_and_load
  File "<frozen importlib._bootstrap>", line 1128, in _find_and_load_unlocked
  File "<frozen importlib._bootstrap>", line 241, in _call_with_frames_removed
  File "<frozen importlib._bootstrap>", line 1206, in _gcd_import
  File "<frozen importlib._bootstrap>", line 1178, in _find_and_load
  File "<frozen importlib._bootstrap>", line 1149, in _find_and_load_unlocked
  File "<frozen importlib._bootstrap>", line 690, in _load_unlocked
  File "<frozen importlib._bootstrap_external>", line 940, in exec_module
  File "<frozen importlib._bootstrap>", line 241, in _call_with_frames_removed
  File "/home/ubuntu/github_repo/Stock-Market-Intelligence-Pipeline/venv/lib/python3.11/site-packages/airflow/providers/postgres/__init__.py", line 37, in <module>
    raise RuntimeError(
RuntimeError: The package `apache-airflow-providers-postgres:6.6.3` needs Apache Airflow 2.11.0+
[2026-05-05T18:30:33.734+0000] {processor.py:842} WARNING - No viable dags retrieved from /home/ubuntu/github_repo/Stock-Market-Intelligence-Pipeline/dags/monthly_maintenance.py
[2026-05-05T18:30:33.767+0000] {processor.py:183} INFO - Processing /home/ubuntu/github_repo/Stock-Market-Intelligence-Pipeline/dags/monthly_maintenance.py took 0.045 seconds
[2026-05-05T18:31:04.179+0000] {processor.py:161} INFO - Started process (PID=1009429) to work on /home/ubuntu/github_repo/Stock-Market-Intelligence-Pipeline/dags/monthly_maintenance.py
[2026-05-05T18:31:04.180+0000] {processor.py:830} INFO - Processing file /home/ubuntu/github_repo/Stock-Market-Intelligence-Pipeline/dags/monthly_maintenance.py for tasks to queue
[2026-05-05T18:31:04.181+0000] {logging_mixin.py:188} INFO - [2026-05-05T18:31:04.181+0000] {dagbag.py:538} INFO - Filling up the DagBag from /home/ubuntu/github_repo/Stock-Market-Intelligence-Pipeline/dags/monthly_maintenance.py
[2026-05-05T18:31:04.186+0000] {logging_mixin.py:188} INFO - [2026-05-05T18:31:04.184+0000] {dagbag.py:348} ERROR - Failed to import: /home/ubuntu/github_repo/Stock-Market-Intelligence-Pipeline/dags/monthly_maintenance.py
Traceback (most recent call last):
  File "/home/ubuntu/github_repo/Stock-Market-Intelligence-Pipeline/venv/lib/python3.11/site-packages/airflow/models/dagbag.py", line 344, in parse
  File "<frozen importlib._bootstrap_external>", line 940, in exec_module
  File "<frozen importlib._bootstrap>", line 241, in _call_with_frames_removed
  File "/home/ubuntu/github_repo/Stock-Market-Intelligence-Pipeline/dags/monthly_maintenance.py", line 2, in <module>
    from airflow.operators.postgres_operator import PostgresOperator
  File "/home/ubuntu/github_repo/Stock-Market-Intelligence-Pipeline/venv/lib/python3.11/site-packages/airflow/utils/deprecation_tools.py", line 56, in getattr_with_deprecation
  File "/usr/lib/python3.11/importlib/__init__.py", line 126, in import_module
    return _bootstrap._gcd_import(name[level:], package, level)
           ^^^^^^^^^^^^^^^^^^^^^^^^^^^^^^^^^^^^^^^^^^^^^^^^^^^^
  File "<frozen importlib._bootstrap>", line 1206, in _gcd_import
  File "<frozen importlib._bootstrap>", line 1178, in _find_and_load
  File "<frozen importlib._bootstrap>", line 1128, in _find_and_load_unlocked
  File "<frozen importlib._bootstrap>", line 241, in _call_with_frames_removed
  File "<frozen importlib._bootstrap>", line 1206, in _gcd_import
  File "<frozen importlib._bootstrap>", line 1178, in _find_and_load
  File "<frozen importlib._bootstrap>", line 1128, in _find_and_load_unlocked
  File "<frozen importlib._bootstrap>", line 241, in _call_with_frames_removed
  File "<frozen importlib._bootstrap>", line 1206, in _gcd_import
  File "<frozen importlib._bootstrap>", line 1178, in _find_and_load
  File "<frozen importlib._bootstrap>", line 1149, in _find_and_load_unlocked
  File "<frozen importlib._bootstrap>", line 690, in _load_unlocked
  File "<frozen importlib._bootstrap_external>", line 940, in exec_module
  File "<frozen importlib._bootstrap>", line 241, in _call_with_frames_removed
  File "/home/ubuntu/github_repo/Stock-Market-Intelligence-Pipeline/venv/lib/python3.11/site-packages/airflow/providers/postgres/__init__.py", line 37, in <module>
    raise RuntimeError(
RuntimeError: The package `apache-airflow-providers-postgres:6.6.3` needs Apache Airflow 2.11.0+
[2026-05-05T18:31:04.186+0000] {processor.py:842} WARNING - No viable dags retrieved from /home/ubuntu/github_repo/Stock-Market-Intelligence-Pipeline/dags/monthly_maintenance.py
[2026-05-05T18:31:04.220+0000] {processor.py:183} INFO - Processing /home/ubuntu/github_repo/Stock-Market-Intelligence-Pipeline/dags/monthly_maintenance.py took 0.045 seconds
