[2026-05-05T16:00:28.015+0000] {taskinstance.py:1956} INFO - Dependencies all met for dep_context=non-requeueable deps ti=<TaskInstance: run_dbt_models.dbt_run manual__2026-05-05T16:00:27.553254+00:00 [queued]>
[2026-05-05T16:00:28.024+0000] {taskinstance.py:1956} INFO - Dependencies all met for dep_context=requeueable deps ti=<TaskInstance: run_dbt_models.dbt_run manual__2026-05-05T16:00:27.553254+00:00 [queued]>
[2026-05-05T16:00:28.024+0000] {taskinstance.py:2170} INFO - Starting attempt 1 of 2
[2026-05-05T16:00:28.039+0000] {taskinstance.py:2191} INFO - Executing <Task(BashOperator): dbt_run> on 2026-05-05 16:00:27.553254+00:00
[2026-05-05T16:00:28.044+0000] {standard_task_runner.py:60} INFO - Started process 998911 to run task
[2026-05-05T16:00:28.048+0000] {standard_task_runner.py:87} INFO - Running: ['airflow', 'tasks', 'run', 'run_dbt_models', 'dbt_run', 'manual__2026-05-05T16:00:27.553254+00:00', '--job-id', '1328', '--raw', '--subdir', 'DAGS_FOLDER/run_dbt_models.py', '--cfg-path', '/tmp/tmplp4ebv__']
[2026-05-05T16:00:28.050+0000] {standard_task_runner.py:88} INFO - Job 1328: Subtask dbt_run
[2026-05-05T16:00:28.130+0000] {task_command.py:423} INFO - Running <TaskInstance: run_dbt_models.dbt_run manual__2026-05-05T16:00:27.553254+00:00 [running]> on host reddit-pipeline-vm
[2026-05-05T16:00:28.254+0000] {taskinstance.py:2480} INFO - Exporting env vars: AIRFLOW_CTX_DAG_OWNER='pipeline' AIRFLOW_CTX_DAG_ID='run_dbt_models' AIRFLOW_CTX_TASK_ID='dbt_run' AIRFLOW_CTX_EXECUTION_DATE='2026-05-05T16:00:27.553254+00:00' AIRFLOW_CTX_TRY_NUMBER='1' AIRFLOW_CTX_DAG_RUN_ID='manual__2026-05-05T16:00:27.553254+00:00'
[2026-05-05T16:00:28.255+0000] {subprocess.py:63} INFO - Tmp dir root location: /tmp
[2026-05-05T16:00:28.256+0000] {subprocess.py:75} INFO - Running command: ['/usr/bin/bash', '-c', 'cd /home/ubuntu/github_repo/Stock-Market-Intelligence-Pipeline/dbt_project && /home/ubuntu/github_repo/Stock-Market-Intelligence-Pipeline/venv/bin/dbt run --profiles-dir /home/ubuntu/github_repo/Stock-Market-Intelligence-Pipeline/dbt_project']
[2026-05-05T16:00:28.268+0000] {subprocess.py:86} INFO - Output:
[2026-05-05T16:00:30.252+0000] {subprocess.py:93} INFO - [0m16:00:30  Running with dbt=1.7.0
[2026-05-05T16:00:30.507+0000] {subprocess.py:93} INFO - [0m16:00:30  Registered adapter: postgres=1.7.0
[2026-05-05T16:00:30.559+0000] {subprocess.py:93} INFO - [0m16:00:30  Found 5 models, 8 tests, 0 sources, 0 exposures, 0 metrics, 401 macros, 0 groups, 0 semantic models
[2026-05-05T16:00:30.561+0000] {subprocess.py:93} INFO - [0m16:00:30
[2026-05-05T16:00:30.695+0000] {subprocess.py:93} INFO - [0m16:00:30  Concurrency: 2 threads (target='dev')
[2026-05-05T16:00:30.697+0000] {subprocess.py:93} INFO - [0m16:00:30
[2026-05-05T16:00:30.700+0000] {subprocess.py:93} INFO - [0m16:00:30  1 of 5 START sql view model public_staging.stg_prices .......................... [RUN]
[2026-05-05T16:00:30.820+0000] {subprocess.py:93} INFO - [0m16:00:30  1 of 5 OK created sql view model public_staging.stg_prices ..................... [[32mCREATE VIEW[0m in 0.12s]
[2026-05-05T16:00:30.823+0000] {subprocess.py:93} INFO - [0m16:00:30  2 of 5 START sql view model public_staging.int_price_with_returns .............. [RUN]
[2026-05-05T16:00:30.878+0000] {subprocess.py:93} INFO - [0m16:00:30  2 of 5 OK created sql view model public_staging.int_price_with_returns ......... [[32mCREATE VIEW[0m in 0.05s]
[2026-05-05T16:00:30.880+0000] {subprocess.py:93} INFO - [0m16:00:30  3 of 5 START sql table model public.fact_prices ................................ [RUN]
[2026-05-05T16:00:30.980+0000] {subprocess.py:93} INFO - [0m16:00:30  3 of 5 OK created sql table model public.fact_prices ........................... [[32mSELECT 3675[0m in 0.10s]
[2026-05-05T16:00:30.981+0000] {subprocess.py:93} INFO - [0m16:00:30  4 of 5 START sql table model public.fact_indicators ............................ [RUN]
[2026-05-05T16:00:31.205+0000] {subprocess.py:93} INFO - [0m16:00:31  4 of 5 OK created sql table model public.fact_indicators ....................... [[32mSELECT 3675[0m in 0.22s]
[2026-05-05T16:00:31.207+0000] {subprocess.py:93} INFO - [0m16:00:31  5 of 5 START sql table model public.fact_alerts ................................ [RUN]
[2026-05-05T16:00:31.290+0000] {subprocess.py:93} INFO - [0m16:00:31  5 of 5 OK created sql table model public.fact_alerts ........................... [[32mSELECT 2104[0m in 0.08s]
[2026-05-05T16:00:31.312+0000] {subprocess.py:93} INFO - [0m16:00:31
[2026-05-05T16:00:31.313+0000] {subprocess.py:93} INFO - [0m16:00:31  Finished running 2 view models, 3 table models in 0 hours 0 minutes and 0.75 seconds (0.75s).
[2026-05-05T16:00:31.324+0000] {subprocess.py:93} INFO - [0m16:00:31
[2026-05-05T16:00:31.324+0000] {subprocess.py:93} INFO - [0m16:00:31  [32mCompleted successfully[0m
[2026-05-05T16:00:31.324+0000] {subprocess.py:93} INFO - [0m16:00:31
[2026-05-05T16:00:31.325+0000] {subprocess.py:93} INFO - [0m16:00:31  Done. PASS=5 WARN=0 ERROR=0 SKIP=0 TOTAL=5
[2026-05-05T16:00:33.282+0000] {subprocess.py:97} INFO - Command exited with return code 0
[2026-05-05T16:00:33.335+0000] {taskinstance.py:1138} INFO - Marking task as SUCCESS. dag_id=run_dbt_models, task_id=dbt_run, execution_date=20260505T160027, start_date=20260505T160028, end_date=20260505T160033
[2026-05-05T16:00:33.387+0000] {local_task_job_runner.py:234} INFO - Task exited with return code 0
[2026-05-05T16:00:33.417+0000] {taskinstance.py:3280} INFO - 1 downstream tasks scheduled from follow-on schedule check
