[2026-05-01T02:55:14.850+0000] {taskinstance.py:1956} INFO - Dependencies all met for dep_context=non-requeueable deps ti=<TaskInstance: fetch_market_data.check_market_open scheduled__2026-05-01T02:30:00+00:00 [queued]>
[2026-05-01T02:55:14.859+0000] {taskinstance.py:1956} INFO - Dependencies all met for dep_context=requeueable deps ti=<TaskInstance: fetch_market_data.check_market_open scheduled__2026-05-01T02:30:00+00:00 [queued]>
[2026-05-01T02:55:14.859+0000] {taskinstance.py:2170} INFO - Starting attempt 1 of 3
[2026-05-01T02:55:14.872+0000] {taskinstance.py:2191} INFO - Executing <Task(MarketOpenSensor): check_market_open> on 2026-05-01 02:30:00+00:00
[2026-05-01T02:55:14.889+0000] {standard_task_runner.py:60} INFO - Started process 655611 to run task
[2026-05-01T02:55:14.896+0000] {standard_task_runner.py:87} INFO - Running: ['airflow', 'tasks', 'run', 'fetch_market_data', 'check_market_open', 'scheduled__2026-05-01T02:30:00+00:00', '--job-id', '590', '--raw', '--subdir', 'DAGS_FOLDER/fetch_market_data.py', '--cfg-path', '/tmp/tmph5__wvvb']
[2026-05-01T02:55:14.902+0000] {standard_task_runner.py:88} INFO - Job 590: Subtask check_market_open
[2026-05-01T02:55:15.053+0000] {task_command.py:423} INFO - Running <TaskInstance: fetch_market_data.check_market_open scheduled__2026-05-01T02:30:00+00:00 [running]> on host reddit-pipeline-vm
[2026-05-01T02:55:15.250+0000] {taskinstance.py:2480} INFO - Exporting env vars: AIRFLOW_CTX_DAG_OWNER='pipeline' AIRFLOW_CTX_DAG_ID='fetch_market_data' AIRFLOW_CTX_TASK_ID='check_market_open' AIRFLOW_CTX_EXECUTION_DATE='2026-05-01T02:30:00+00:00' AIRFLOW_CTX_TRY_NUMBER='1' AIRFLOW_CTX_DAG_RUN_ID='scheduled__2026-05-01T02:30:00+00:00'
[2026-05-01T02:55:15.274+0000] {sensors.py:45} INFO - Market open check at 2026-04-30 22:55 ET: False
[2026-05-01T02:55:15.307+0000] {taskinstance.py:2658} INFO - Rescheduling task, marking task as UP_FOR_RESCHEDULE
[2026-05-01T02:55:15.352+0000] {local_task_job_runner.py:234} INFO - Task exited with return code 0
[2026-05-01T02:55:15.399+0000] {taskinstance.py:3280} INFO - 0 downstream tasks scheduled from follow-on schedule check
[2026-05-01T02:56:16.503+0000] {taskinstance.py:1956} INFO - Dependencies all met for dep_context=non-requeueable deps ti=<TaskInstance: fetch_market_data.check_market_open scheduled__2026-05-01T02:30:00+00:00 [queued]>
[2026-05-01T02:56:16.520+0000] {taskinstance.py:1956} INFO - Dependencies all met for dep_context=requeueable deps ti=<TaskInstance: fetch_market_data.check_market_open scheduled__2026-05-01T02:30:00+00:00 [queued]>
[2026-05-01T02:56:16.520+0000] {taskinstance.py:2170} INFO - Starting attempt 1 of 3
[2026-05-01T02:56:16.540+0000] {taskinstance.py:2191} INFO - Executing <Task(MarketOpenSensor): check_market_open> on 2026-05-01 02:30:00+00:00
[2026-05-01T02:56:16.558+0000] {standard_task_runner.py:60} INFO - Started process 655682 to run task
[2026-05-01T02:56:16.566+0000] {standard_task_runner.py:87} INFO - Running: ['airflow', 'tasks', 'run', 'fetch_market_data', 'check_market_open', 'scheduled__2026-05-01T02:30:00+00:00', '--job-id', '591', '--raw', '--subdir', 'DAGS_FOLDER/fetch_market_data.py', '--cfg-path', '/tmp/tmpurps8i8r']
[2026-05-01T02:56:16.571+0000] {standard_task_runner.py:88} INFO - Job 591: Subtask check_market_open
[2026-05-01T02:56:16.726+0000] {task_command.py:423} INFO - Running <TaskInstance: fetch_market_data.check_market_open scheduled__2026-05-01T02:30:00+00:00 [running]> on host reddit-pipeline-vm
[2026-05-01T02:56:16.902+0000] {taskinstance.py:2480} INFO - Exporting env vars: AIRFLOW_CTX_DAG_OWNER='pipeline' AIRFLOW_CTX_DAG_ID='fetch_market_data' AIRFLOW_CTX_TASK_ID='check_market_open' AIRFLOW_CTX_EXECUTION_DATE='2026-05-01T02:30:00+00:00' AIRFLOW_CTX_TRY_NUMBER='1' AIRFLOW_CTX_DAG_RUN_ID='scheduled__2026-05-01T02:30:00+00:00'
[2026-05-01T02:56:16.927+0000] {sensors.py:45} INFO - Market open check at 2026-04-30 22:56 ET: False
[2026-05-01T02:56:16.958+0000] {taskinstance.py:2658} INFO - Rescheduling task, marking task as UP_FOR_RESCHEDULE
[2026-05-01T02:56:16.986+0000] {local_task_job_runner.py:234} INFO - Task exited with return code 0
[2026-05-01T02:56:17.029+0000] {taskinstance.py:3280} INFO - 0 downstream tasks scheduled from follow-on schedule check
[2026-05-01T02:57:17.578+0000] {taskinstance.py:1956} INFO - Dependencies all met for dep_context=non-requeueable deps ti=<TaskInstance: fetch_market_data.check_market_open scheduled__2026-05-01T02:30:00+00:00 [queued]>
[2026-05-01T02:57:17.588+0000] {taskinstance.py:1956} INFO - Dependencies all met for dep_context=requeueable deps ti=<TaskInstance: fetch_market_data.check_market_open scheduled__2026-05-01T02:30:00+00:00 [queued]>
[2026-05-01T02:57:17.588+0000] {taskinstance.py:2170} INFO - Starting attempt 1 of 3
[2026-05-01T02:57:17.600+0000] {taskinstance.py:2191} INFO - Executing <Task(MarketOpenSensor): check_market_open> on 2026-05-01 02:30:00+00:00
[2026-05-01T02:57:17.606+0000] {standard_task_runner.py:60} INFO - Started process 655738 to run task
[2026-05-01T02:57:17.610+0000] {standard_task_runner.py:87} INFO - Running: ['airflow', 'tasks', 'run', 'fetch_market_data', 'check_market_open', 'scheduled__2026-05-01T02:30:00+00:00', '--job-id', '592', '--raw', '--subdir', 'DAGS_FOLDER/fetch_market_data.py', '--cfg-path', '/tmp/tmp43mfg5j1']
[2026-05-01T02:57:17.612+0000] {standard_task_runner.py:88} INFO - Job 592: Subtask check_market_open
[2026-05-01T02:57:17.695+0000] {task_command.py:423} INFO - Running <TaskInstance: fetch_market_data.check_market_open scheduled__2026-05-01T02:30:00+00:00 [running]> on host reddit-pipeline-vm
[2026-05-01T02:57:17.865+0000] {taskinstance.py:2480} INFO - Exporting env vars: AIRFLOW_CTX_DAG_OWNER='pipeline' AIRFLOW_CTX_DAG_ID='fetch_market_data' AIRFLOW_CTX_TASK_ID='check_market_open' AIRFLOW_CTX_EXECUTION_DATE='2026-05-01T02:30:00+00:00' AIRFLOW_CTX_TRY_NUMBER='1' AIRFLOW_CTX_DAG_RUN_ID='scheduled__2026-05-01T02:30:00+00:00'
[2026-05-01T02:57:17.908+0000] {sensors.py:45} INFO - Market open check at 2026-04-30 22:57 ET: False
[2026-05-01T02:57:17.970+0000] {taskinstance.py:2658} INFO - Rescheduling task, marking task as UP_FOR_RESCHEDULE
[2026-05-01T02:57:18.028+0000] {local_task_job_runner.py:234} INFO - Task exited with return code 0
[2026-05-01T02:57:18.112+0000] {taskinstance.py:3280} INFO - 0 downstream tasks scheduled from follow-on schedule check
[2026-05-01T02:58:18.807+0000] {taskinstance.py:1956} INFO - Dependencies all met for dep_context=non-requeueable deps ti=<TaskInstance: fetch_market_data.check_market_open scheduled__2026-05-01T02:30:00+00:00 [queued]>
[2026-05-01T02:58:18.817+0000] {taskinstance.py:1956} INFO - Dependencies all met for dep_context=requeueable deps ti=<TaskInstance: fetch_market_data.check_market_open scheduled__2026-05-01T02:30:00+00:00 [queued]>
[2026-05-01T02:58:18.817+0000] {taskinstance.py:2170} INFO - Starting attempt 1 of 3
[2026-05-01T02:58:18.829+0000] {taskinstance.py:2191} INFO - Executing <Task(MarketOpenSensor): check_market_open> on 2026-05-01 02:30:00+00:00
[2026-05-01T02:58:18.835+0000] {standard_task_runner.py:60} INFO - Started process 655806 to run task
[2026-05-01T02:58:18.839+0000] {standard_task_runner.py:87} INFO - Running: ['airflow', 'tasks', 'run', 'fetch_market_data', 'check_market_open', 'scheduled__2026-05-01T02:30:00+00:00', '--job-id', '593', '--raw', '--subdir', 'DAGS_FOLDER/fetch_market_data.py', '--cfg-path', '/tmp/tmpof47slnl']
[2026-05-01T02:58:18.841+0000] {standard_task_runner.py:88} INFO - Job 593: Subtask check_market_open
[2026-05-01T02:58:18.924+0000] {task_command.py:423} INFO - Running <TaskInstance: fetch_market_data.check_market_open scheduled__2026-05-01T02:30:00+00:00 [running]> on host reddit-pipeline-vm
[2026-05-01T02:58:19.046+0000] {taskinstance.py:2480} INFO - Exporting env vars: AIRFLOW_CTX_DAG_OWNER='pipeline' AIRFLOW_CTX_DAG_ID='fetch_market_data' AIRFLOW_CTX_TASK_ID='check_market_open' AIRFLOW_CTX_EXECUTION_DATE='2026-05-01T02:30:00+00:00' AIRFLOW_CTX_TRY_NUMBER='1' AIRFLOW_CTX_DAG_RUN_ID='scheduled__2026-05-01T02:30:00+00:00'
[2026-05-01T02:58:19.066+0000] {sensors.py:45} INFO - Market open check at 2026-04-30 22:58 ET: False
[2026-05-01T02:58:19.096+0000] {taskinstance.py:2658} INFO - Rescheduling task, marking task as UP_FOR_RESCHEDULE
[2026-05-01T02:58:19.134+0000] {local_task_job_runner.py:234} INFO - Task exited with return code 0
[2026-05-01T02:58:19.179+0000] {taskinstance.py:3280} INFO - 0 downstream tasks scheduled from follow-on schedule check
[2026-05-01T02:59:20.007+0000] {taskinstance.py:1956} INFO - Dependencies all met for dep_context=non-requeueable deps ti=<TaskInstance: fetch_market_data.check_market_open scheduled__2026-05-01T02:30:00+00:00 [queued]>
[2026-05-01T02:59:20.015+0000] {taskinstance.py:1956} INFO - Dependencies all met for dep_context=requeueable deps ti=<TaskInstance: fetch_market_data.check_market_open scheduled__2026-05-01T02:30:00+00:00 [queued]>
[2026-05-01T02:59:20.016+0000] {taskinstance.py:2170} INFO - Starting attempt 1 of 3
[2026-05-01T02:59:20.028+0000] {taskinstance.py:2191} INFO - Executing <Task(MarketOpenSensor): check_market_open> on 2026-05-01 02:30:00+00:00
[2026-05-01T02:59:20.035+0000] {standard_task_runner.py:60} INFO - Started process 655881 to run task
[2026-05-01T02:59:20.038+0000] {standard_task_runner.py:87} INFO - Running: ['airflow', 'tasks', 'run', 'fetch_market_data', 'check_market_open', 'scheduled__2026-05-01T02:30:00+00:00', '--job-id', '594', '--raw', '--subdir', 'DAGS_FOLDER/fetch_market_data.py', '--cfg-path', '/tmp/tmpts2wyc99']
[2026-05-01T02:59:20.041+0000] {standard_task_runner.py:88} INFO - Job 594: Subtask check_market_open
[2026-05-01T02:59:20.123+0000] {task_command.py:423} INFO - Running <TaskInstance: fetch_market_data.check_market_open scheduled__2026-05-01T02:30:00+00:00 [running]> on host reddit-pipeline-vm
[2026-05-01T02:59:20.247+0000] {taskinstance.py:2480} INFO - Exporting env vars: AIRFLOW_CTX_DAG_OWNER='pipeline' AIRFLOW_CTX_DAG_ID='fetch_market_data' AIRFLOW_CTX_TASK_ID='check_market_open' AIRFLOW_CTX_EXECUTION_DATE='2026-05-01T02:30:00+00:00' AIRFLOW_CTX_TRY_NUMBER='1' AIRFLOW_CTX_DAG_RUN_ID='scheduled__2026-05-01T02:30:00+00:00'
[2026-05-01T02:59:20.267+0000] {sensors.py:45} INFO - Market open check at 2026-04-30 22:59 ET: False
[2026-05-01T02:59:20.298+0000] {taskinstance.py:2658} INFO - Rescheduling task, marking task as UP_FOR_RESCHEDULE
[2026-05-01T02:59:20.332+0000] {local_task_job_runner.py:234} INFO - Task exited with return code 0
[2026-05-01T02:59:20.377+0000] {taskinstance.py:3280} INFO - 0 downstream tasks scheduled from follow-on schedule check
[2026-05-01T03:00:21.319+0000] {taskinstance.py:1956} INFO - Dependencies all met for dep_context=non-requeueable deps ti=<TaskInstance: fetch_market_data.check_market_open scheduled__2026-05-01T02:30:00+00:00 [queued]>
[2026-05-01T03:00:21.326+0000] {taskinstance.py:1956} INFO - Dependencies all met for dep_context=requeueable deps ti=<TaskInstance: fetch_market_data.check_market_open scheduled__2026-05-01T02:30:00+00:00 [queued]>
[2026-05-01T03:00:21.327+0000] {taskinstance.py:2170} INFO - Starting attempt 1 of 3
[2026-05-01T03:00:21.338+0000] {taskinstance.py:2191} INFO - Executing <Task(MarketOpenSensor): check_market_open> on 2026-05-01 02:30:00+00:00
[2026-05-01T03:00:21.344+0000] {standard_task_runner.py:60} INFO - Started process 655954 to run task
[2026-05-01T03:00:21.347+0000] {standard_task_runner.py:87} INFO - Running: ['airflow', 'tasks', 'run', 'fetch_market_data', 'check_market_open', 'scheduled__2026-05-01T02:30:00+00:00', '--job-id', '595', '--raw', '--subdir', 'DAGS_FOLDER/fetch_market_data.py', '--cfg-path', '/tmp/tmpje15ex83']
[2026-05-01T03:00:21.349+0000] {standard_task_runner.py:88} INFO - Job 595: Subtask check_market_open
[2026-05-01T03:00:21.428+0000] {task_command.py:423} INFO - Running <TaskInstance: fetch_market_data.check_market_open scheduled__2026-05-01T02:30:00+00:00 [running]> on host reddit-pipeline-vm
[2026-05-01T03:00:21.541+0000] {taskinstance.py:2480} INFO - Exporting env vars: AIRFLOW_CTX_DAG_OWNER='pipeline' AIRFLOW_CTX_DAG_ID='fetch_market_data' AIRFLOW_CTX_TASK_ID='check_market_open' AIRFLOW_CTX_EXECUTION_DATE='2026-05-01T02:30:00+00:00' AIRFLOW_CTX_TRY_NUMBER='1' AIRFLOW_CTX_DAG_RUN_ID='scheduled__2026-05-01T02:30:00+00:00'
[2026-05-01T03:00:21.560+0000] {sensors.py:45} INFO - Market open check at 2026-04-30 23:00 ET: False
[2026-05-01T03:00:21.587+0000] {taskinstance.py:2658} INFO - Rescheduling task, marking task as UP_FOR_RESCHEDULE
[2026-05-01T03:00:21.602+0000] {local_task_job_runner.py:234} INFO - Task exited with return code 0
[2026-05-01T03:00:21.642+0000] {taskinstance.py:3280} INFO - 0 downstream tasks scheduled from follow-on schedule check
[2026-05-01T03:01:22.909+0000] {taskinstance.py:1956} INFO - Dependencies all met for dep_context=non-requeueable deps ti=<TaskInstance: fetch_market_data.check_market_open scheduled__2026-05-01T02:30:00+00:00 [queued]>
[2026-05-01T03:01:22.917+0000] {taskinstance.py:1956} INFO - Dependencies all met for dep_context=requeueable deps ti=<TaskInstance: fetch_market_data.check_market_open scheduled__2026-05-01T02:30:00+00:00 [queued]>
[2026-05-01T03:01:22.917+0000] {taskinstance.py:2170} INFO - Starting attempt 1 of 3
[2026-05-01T03:01:22.928+0000] {taskinstance.py:2191} INFO - Executing <Task(MarketOpenSensor): check_market_open> on 2026-05-01 02:30:00+00:00
[2026-05-01T03:01:22.934+0000] {standard_task_runner.py:60} INFO - Started process 656025 to run task
[2026-05-01T03:01:22.937+0000] {standard_task_runner.py:87} INFO - Running: ['airflow', 'tasks', 'run', 'fetch_market_data', 'check_market_open', 'scheduled__2026-05-01T02:30:00+00:00', '--job-id', '596', '--raw', '--subdir', 'DAGS_FOLDER/fetch_market_data.py', '--cfg-path', '/tmp/tmpjhct9130']
[2026-05-01T03:01:22.939+0000] {standard_task_runner.py:88} INFO - Job 596: Subtask check_market_open
[2026-05-01T03:01:23.019+0000] {task_command.py:423} INFO - Running <TaskInstance: fetch_market_data.check_market_open scheduled__2026-05-01T02:30:00+00:00 [running]> on host reddit-pipeline-vm
[2026-05-01T03:01:23.136+0000] {taskinstance.py:2480} INFO - Exporting env vars: AIRFLOW_CTX_DAG_OWNER='pipeline' AIRFLOW_CTX_DAG_ID='fetch_market_data' AIRFLOW_CTX_TASK_ID='check_market_open' AIRFLOW_CTX_EXECUTION_DATE='2026-05-01T02:30:00+00:00' AIRFLOW_CTX_TRY_NUMBER='1' AIRFLOW_CTX_DAG_RUN_ID='scheduled__2026-05-01T02:30:00+00:00'
[2026-05-01T03:01:23.159+0000] {sensors.py:45} INFO - Market open check at 2026-04-30 23:01 ET: False
[2026-05-01T03:01:23.193+0000] {taskinstance.py:2658} INFO - Rescheduling task, marking task as UP_FOR_RESCHEDULE
[2026-05-01T03:01:23.235+0000] {local_task_job_runner.py:234} INFO - Task exited with return code 0
[2026-05-01T03:01:23.335+0000] {taskinstance.py:3280} INFO - 0 downstream tasks scheduled from follow-on schedule check
[2026-05-01T03:02:24.469+0000] {taskinstance.py:1956} INFO - Dependencies all met for dep_context=non-requeueable deps ti=<TaskInstance: fetch_market_data.check_market_open scheduled__2026-05-01T02:30:00+00:00 [queued]>
[2026-05-01T03:02:24.476+0000] {taskinstance.py:1956} INFO - Dependencies all met for dep_context=requeueable deps ti=<TaskInstance: fetch_market_data.check_market_open scheduled__2026-05-01T02:30:00+00:00 [queued]>
[2026-05-01T03:02:24.477+0000] {taskinstance.py:2170} INFO - Starting attempt 1 of 3
[2026-05-01T03:02:24.486+0000] {taskinstance.py:2191} INFO - Executing <Task(MarketOpenSensor): check_market_open> on 2026-05-01 02:30:00+00:00
[2026-05-01T03:02:24.493+0000] {standard_task_runner.py:60} INFO - Started process 656102 to run task
[2026-05-01T03:02:24.497+0000] {standard_task_runner.py:87} INFO - Running: ['airflow', 'tasks', 'run', 'fetch_market_data', 'check_market_open', 'scheduled__2026-05-01T02:30:00+00:00', '--job-id', '597', '--raw', '--subdir', 'DAGS_FOLDER/fetch_market_data.py', '--cfg-path', '/tmp/tmpm09nzkf0']
[2026-05-01T03:02:24.499+0000] {standard_task_runner.py:88} INFO - Job 597: Subtask check_market_open
[2026-05-01T03:02:24.620+0000] {task_command.py:423} INFO - Running <TaskInstance: fetch_market_data.check_market_open scheduled__2026-05-01T02:30:00+00:00 [running]> on host reddit-pipeline-vm
[2026-05-01T03:02:24.881+0000] {taskinstance.py:2480} INFO - Exporting env vars: AIRFLOW_CTX_DAG_OWNER='pipeline' AIRFLOW_CTX_DAG_ID='fetch_market_data' AIRFLOW_CTX_TASK_ID='check_market_open' AIRFLOW_CTX_EXECUTION_DATE='2026-05-01T02:30:00+00:00' AIRFLOW_CTX_TRY_NUMBER='1' AIRFLOW_CTX_DAG_RUN_ID='scheduled__2026-05-01T02:30:00+00:00'
[2026-05-01T03:02:24.916+0000] {sensors.py:45} INFO - Market open check at 2026-04-30 23:02 ET: False
[2026-05-01T03:02:24.995+0000] {taskinstance.py:2658} INFO - Rescheduling task, marking task as UP_FOR_RESCHEDULE
[2026-05-01T03:02:25.047+0000] {local_task_job_runner.py:234} INFO - Task exited with return code 0
[2026-05-01T03:02:25.135+0000] {taskinstance.py:3280} INFO - 0 downstream tasks scheduled from follow-on schedule check
[2026-05-01T03:03:26.005+0000] {taskinstance.py:1956} INFO - Dependencies all met for dep_context=non-requeueable deps ti=<TaskInstance: fetch_market_data.check_market_open scheduled__2026-05-01T02:30:00+00:00 [queued]>
[2026-05-01T03:03:26.013+0000] {taskinstance.py:1956} INFO - Dependencies all met for dep_context=requeueable deps ti=<TaskInstance: fetch_market_data.check_market_open scheduled__2026-05-01T02:30:00+00:00 [queued]>
[2026-05-01T03:03:26.013+0000] {taskinstance.py:2170} INFO - Starting attempt 1 of 3
[2026-05-01T03:03:26.023+0000] {taskinstance.py:2191} INFO - Executing <Task(MarketOpenSensor): check_market_open> on 2026-05-01 02:30:00+00:00
[2026-05-01T03:03:26.029+0000] {standard_task_runner.py:60} INFO - Started process 656175 to run task
[2026-05-01T03:03:26.032+0000] {standard_task_runner.py:87} INFO - Running: ['airflow', 'tasks', 'run', 'fetch_market_data', 'check_market_open', 'scheduled__2026-05-01T02:30:00+00:00', '--job-id', '598', '--raw', '--subdir', 'DAGS_FOLDER/fetch_market_data.py', '--cfg-path', '/tmp/tmp20lfj2x5']
[2026-05-01T03:03:26.035+0000] {standard_task_runner.py:88} INFO - Job 598: Subtask check_market_open
[2026-05-01T03:03:26.115+0000] {task_command.py:423} INFO - Running <TaskInstance: fetch_market_data.check_market_open scheduled__2026-05-01T02:30:00+00:00 [running]> on host reddit-pipeline-vm
[2026-05-01T03:03:26.252+0000] {taskinstance.py:2480} INFO - Exporting env vars: AIRFLOW_CTX_DAG_OWNER='pipeline' AIRFLOW_CTX_DAG_ID='fetch_market_data' AIRFLOW_CTX_TASK_ID='check_market_open' AIRFLOW_CTX_EXECUTION_DATE='2026-05-01T02:30:00+00:00' AIRFLOW_CTX_TRY_NUMBER='1' AIRFLOW_CTX_DAG_RUN_ID='scheduled__2026-05-01T02:30:00+00:00'
[2026-05-01T03:03:26.270+0000] {sensors.py:45} INFO - Market open check at 2026-04-30 23:03 ET: False
[2026-05-01T03:03:26.308+0000] {taskinstance.py:2658} INFO - Rescheduling task, marking task as UP_FOR_RESCHEDULE
[2026-05-01T03:03:26.330+0000] {local_task_job_runner.py:234} INFO - Task exited with return code 0
[2026-05-01T03:03:26.411+0000] {taskinstance.py:3280} INFO - 0 downstream tasks scheduled from follow-on schedule check
[2026-05-01T03:04:27.562+0000] {taskinstance.py:1956} INFO - Dependencies all met for dep_context=non-requeueable deps ti=<TaskInstance: fetch_market_data.check_market_open scheduled__2026-05-01T02:30:00+00:00 [queued]>
[2026-05-01T03:04:27.570+0000] {taskinstance.py:1956} INFO - Dependencies all met for dep_context=requeueable deps ti=<TaskInstance: fetch_market_data.check_market_open scheduled__2026-05-01T02:30:00+00:00 [queued]>
[2026-05-01T03:04:27.570+0000] {taskinstance.py:2170} INFO - Starting attempt 1 of 3
[2026-05-01T03:04:27.580+0000] {taskinstance.py:2191} INFO - Executing <Task(MarketOpenSensor): check_market_open> on 2026-05-01 02:30:00+00:00
[2026-05-01T03:04:27.590+0000] {standard_task_runner.py:60} INFO - Started process 656249 to run task
[2026-05-01T03:04:27.597+0000] {standard_task_runner.py:87} INFO - Running: ['airflow', 'tasks', 'run', 'fetch_market_data', 'check_market_open', 'scheduled__2026-05-01T02:30:00+00:00', '--job-id', '599', '--raw', '--subdir', 'DAGS_FOLDER/fetch_market_data.py', '--cfg-path', '/tmp/tmp4ru1fqdo']
[2026-05-01T03:04:27.599+0000] {standard_task_runner.py:88} INFO - Job 599: Subtask check_market_open
[2026-05-01T03:04:27.754+0000] {task_command.py:423} INFO - Running <TaskInstance: fetch_market_data.check_market_open scheduled__2026-05-01T02:30:00+00:00 [running]> on host reddit-pipeline-vm
[2026-05-01T03:04:27.972+0000] {taskinstance.py:2480} INFO - Exporting env vars: AIRFLOW_CTX_DAG_OWNER='pipeline' AIRFLOW_CTX_DAG_ID='fetch_market_data' AIRFLOW_CTX_TASK_ID='check_market_open' AIRFLOW_CTX_EXECUTION_DATE='2026-05-01T02:30:00+00:00' AIRFLOW_CTX_TRY_NUMBER='1' AIRFLOW_CTX_DAG_RUN_ID='scheduled__2026-05-01T02:30:00+00:00'
[2026-05-01T03:04:28.006+0000] {sensors.py:45} INFO - Market open check at 2026-04-30 23:04 ET: False
[2026-05-01T03:04:28.061+0000] {taskinstance.py:2658} INFO - Rescheduling task, marking task as UP_FOR_RESCHEDULE
[2026-05-01T03:04:28.095+0000] {local_task_job_runner.py:234} INFO - Task exited with return code 0
[2026-05-01T03:04:28.172+0000] {taskinstance.py:3280} INFO - 0 downstream tasks scheduled from follow-on schedule check
[2026-05-01T03:05:29.013+0000] {taskinstance.py:1956} INFO - Dependencies all met for dep_context=non-requeueable deps ti=<TaskInstance: fetch_market_data.check_market_open scheduled__2026-05-01T02:30:00+00:00 [queued]>
[2026-05-01T03:05:29.020+0000] {taskinstance.py:1956} INFO - Dependencies all met for dep_context=requeueable deps ti=<TaskInstance: fetch_market_data.check_market_open scheduled__2026-05-01T02:30:00+00:00 [queued]>
[2026-05-01T03:05:29.020+0000] {taskinstance.py:2170} INFO - Starting attempt 1 of 3
[2026-05-01T03:05:29.030+0000] {taskinstance.py:2191} INFO - Executing <Task(MarketOpenSensor): check_market_open> on 2026-05-01 02:30:00+00:00
[2026-05-01T03:05:29.037+0000] {standard_task_runner.py:60} INFO - Started process 656309 to run task
[2026-05-01T03:05:29.040+0000] {standard_task_runner.py:87} INFO - Running: ['airflow', 'tasks', 'run', 'fetch_market_data', 'check_market_open', 'scheduled__2026-05-01T02:30:00+00:00', '--job-id', '600', '--raw', '--subdir', 'DAGS_FOLDER/fetch_market_data.py', '--cfg-path', '/tmp/tmpux4x3tut']
[2026-05-01T03:05:29.042+0000] {standard_task_runner.py:88} INFO - Job 600: Subtask check_market_open
[2026-05-01T03:05:29.131+0000] {task_command.py:423} INFO - Running <TaskInstance: fetch_market_data.check_market_open scheduled__2026-05-01T02:30:00+00:00 [running]> on host reddit-pipeline-vm
[2026-05-01T03:05:29.306+0000] {taskinstance.py:2480} INFO - Exporting env vars: AIRFLOW_CTX_DAG_OWNER='pipeline' AIRFLOW_CTX_DAG_ID='fetch_market_data' AIRFLOW_CTX_TASK_ID='check_market_open' AIRFLOW_CTX_EXECUTION_DATE='2026-05-01T02:30:00+00:00' AIRFLOW_CTX_TRY_NUMBER='1' AIRFLOW_CTX_DAG_RUN_ID='scheduled__2026-05-01T02:30:00+00:00'
[2026-05-01T03:05:29.330+0000] {sensors.py:45} INFO - Market open check at 2026-04-30 23:05 ET: False
[2026-05-01T03:05:29.356+0000] {taskinstance.py:2658} INFO - Rescheduling task, marking task as UP_FOR_RESCHEDULE
[2026-05-01T03:05:29.379+0000] {local_task_job_runner.py:234} INFO - Task exited with return code 0
[2026-05-01T03:05:29.464+0000] {taskinstance.py:3280} INFO - 0 downstream tasks scheduled from follow-on schedule check
[2026-05-01T03:06:30.689+0000] {taskinstance.py:1956} INFO - Dependencies all met for dep_context=non-requeueable deps ti=<TaskInstance: fetch_market_data.check_market_open scheduled__2026-05-01T02:30:00+00:00 [queued]>
[2026-05-01T03:06:30.704+0000] {taskinstance.py:1956} INFO - Dependencies all met for dep_context=requeueable deps ti=<TaskInstance: fetch_market_data.check_market_open scheduled__2026-05-01T02:30:00+00:00 [queued]>
[2026-05-01T03:06:30.706+0000] {taskinstance.py:2170} INFO - Starting attempt 1 of 3
[2026-05-01T03:06:30.728+0000] {taskinstance.py:2191} INFO - Executing <Task(MarketOpenSensor): check_market_open> on 2026-05-01 02:30:00+00:00
[2026-05-01T03:06:30.741+0000] {standard_task_runner.py:60} INFO - Started process 656388 to run task
[2026-05-01T03:06:30.750+0000] {standard_task_runner.py:87} INFO - Running: ['airflow', 'tasks', 'run', 'fetch_market_data', 'check_market_open', 'scheduled__2026-05-01T02:30:00+00:00', '--job-id', '601', '--raw', '--subdir', 'DAGS_FOLDER/fetch_market_data.py', '--cfg-path', '/tmp/tmpsy9nwob3']
[2026-05-01T03:06:30.754+0000] {standard_task_runner.py:88} INFO - Job 601: Subtask check_market_open
[2026-05-01T03:06:30.905+0000] {task_command.py:423} INFO - Running <TaskInstance: fetch_market_data.check_market_open scheduled__2026-05-01T02:30:00+00:00 [running]> on host reddit-pipeline-vm
[2026-05-01T03:06:31.071+0000] {taskinstance.py:2480} INFO - Exporting env vars: AIRFLOW_CTX_DAG_OWNER='pipeline' AIRFLOW_CTX_DAG_ID='fetch_market_data' AIRFLOW_CTX_TASK_ID='check_market_open' AIRFLOW_CTX_EXECUTION_DATE='2026-05-01T02:30:00+00:00' AIRFLOW_CTX_TRY_NUMBER='1' AIRFLOW_CTX_DAG_RUN_ID='scheduled__2026-05-01T02:30:00+00:00'
[2026-05-01T03:06:31.106+0000] {sensors.py:45} INFO - Market open check at 2026-04-30 23:06 ET: False
[2026-05-01T03:06:31.141+0000] {taskinstance.py:2658} INFO - Rescheduling task, marking task as UP_FOR_RESCHEDULE
[2026-05-01T03:06:31.167+0000] {local_task_job_runner.py:234} INFO - Task exited with return code 0
[2026-05-01T03:06:31.233+0000] {taskinstance.py:3280} INFO - 0 downstream tasks scheduled from follow-on schedule check
[2026-05-01T03:07:32.246+0000] {taskinstance.py:1956} INFO - Dependencies all met for dep_context=non-requeueable deps ti=<TaskInstance: fetch_market_data.check_market_open scheduled__2026-05-01T02:30:00+00:00 [queued]>
[2026-05-01T03:07:32.262+0000] {taskinstance.py:1956} INFO - Dependencies all met for dep_context=requeueable deps ti=<TaskInstance: fetch_market_data.check_market_open scheduled__2026-05-01T02:30:00+00:00 [queued]>
[2026-05-01T03:07:32.265+0000] {taskinstance.py:2170} INFO - Starting attempt 1 of 3
[2026-05-01T03:07:32.284+0000] {taskinstance.py:2191} INFO - Executing <Task(MarketOpenSensor): check_market_open> on 2026-05-01 02:30:00+00:00
[2026-05-01T03:07:32.300+0000] {standard_task_runner.py:60} INFO - Started process 656458 to run task
[2026-05-01T03:07:32.305+0000] {standard_task_runner.py:87} INFO - Running: ['airflow', 'tasks', 'run', 'fetch_market_data', 'check_market_open', 'scheduled__2026-05-01T02:30:00+00:00', '--job-id', '602', '--raw', '--subdir', 'DAGS_FOLDER/fetch_market_data.py', '--cfg-path', '/tmp/tmp0hs2_c2g']
[2026-05-01T03:07:32.311+0000] {standard_task_runner.py:88} INFO - Job 602: Subtask check_market_open
[2026-05-01T03:07:32.455+0000] {task_command.py:423} INFO - Running <TaskInstance: fetch_market_data.check_market_open scheduled__2026-05-01T02:30:00+00:00 [running]> on host reddit-pipeline-vm
[2026-05-01T03:07:32.581+0000] {taskinstance.py:2480} INFO - Exporting env vars: AIRFLOW_CTX_DAG_OWNER='pipeline' AIRFLOW_CTX_DAG_ID='fetch_market_data' AIRFLOW_CTX_TASK_ID='check_market_open' AIRFLOW_CTX_EXECUTION_DATE='2026-05-01T02:30:00+00:00' AIRFLOW_CTX_TRY_NUMBER='1' AIRFLOW_CTX_DAG_RUN_ID='scheduled__2026-05-01T02:30:00+00:00'
[2026-05-01T03:07:32.601+0000] {sensors.py:45} INFO - Market open check at 2026-04-30 23:07 ET: False
[2026-05-01T03:07:32.635+0000] {taskinstance.py:2658} INFO - Rescheduling task, marking task as UP_FOR_RESCHEDULE
[2026-05-01T03:07:32.681+0000] {local_task_job_runner.py:234} INFO - Task exited with return code 0
[2026-05-01T03:07:32.757+0000] {taskinstance.py:3280} INFO - 0 downstream tasks scheduled from follow-on schedule check
[2026-05-01T03:08:33.549+0000] {taskinstance.py:1956} INFO - Dependencies all met for dep_context=non-requeueable deps ti=<TaskInstance: fetch_market_data.check_market_open scheduled__2026-05-01T02:30:00+00:00 [queued]>
[2026-05-01T03:08:33.559+0000] {taskinstance.py:1956} INFO - Dependencies all met for dep_context=requeueable deps ti=<TaskInstance: fetch_market_data.check_market_open scheduled__2026-05-01T02:30:00+00:00 [queued]>
[2026-05-01T03:08:33.560+0000] {taskinstance.py:2170} INFO - Starting attempt 1 of 3
[2026-05-01T03:08:33.572+0000] {taskinstance.py:2191} INFO - Executing <Task(MarketOpenSensor): check_market_open> on 2026-05-01 02:30:00+00:00
[2026-05-01T03:08:33.580+0000] {standard_task_runner.py:60} INFO - Started process 656514 to run task
[2026-05-01T03:08:33.583+0000] {standard_task_runner.py:87} INFO - Running: ['airflow', 'tasks', 'run', 'fetch_market_data', 'check_market_open', 'scheduled__2026-05-01T02:30:00+00:00', '--job-id', '603', '--raw', '--subdir', 'DAGS_FOLDER/fetch_market_data.py', '--cfg-path', '/tmp/tmpfjk6wq7f']
[2026-05-01T03:08:33.586+0000] {standard_task_runner.py:88} INFO - Job 603: Subtask check_market_open
[2026-05-01T03:08:33.672+0000] {task_command.py:423} INFO - Running <TaskInstance: fetch_market_data.check_market_open scheduled__2026-05-01T02:30:00+00:00 [running]> on host reddit-pipeline-vm
[2026-05-01T03:08:33.808+0000] {taskinstance.py:2480} INFO - Exporting env vars: AIRFLOW_CTX_DAG_OWNER='pipeline' AIRFLOW_CTX_DAG_ID='fetch_market_data' AIRFLOW_CTX_TASK_ID='check_market_open' AIRFLOW_CTX_EXECUTION_DATE='2026-05-01T02:30:00+00:00' AIRFLOW_CTX_TRY_NUMBER='1' AIRFLOW_CTX_DAG_RUN_ID='scheduled__2026-05-01T02:30:00+00:00'
[2026-05-01T03:08:33.831+0000] {sensors.py:45} INFO - Market open check at 2026-04-30 23:08 ET: False
[2026-05-01T03:08:33.871+0000] {taskinstance.py:2658} INFO - Rescheduling task, marking task as UP_FOR_RESCHEDULE
[2026-05-01T03:08:33.926+0000] {local_task_job_runner.py:234} INFO - Task exited with return code 0
[2026-05-01T03:08:34.039+0000] {taskinstance.py:3280} INFO - 0 downstream tasks scheduled from follow-on schedule check
[2026-05-01T03:09:34.875+0000] {taskinstance.py:1956} INFO - Dependencies all met for dep_context=non-requeueable deps ti=<TaskInstance: fetch_market_data.check_market_open scheduled__2026-05-01T02:30:00+00:00 [queued]>
[2026-05-01T03:09:34.885+0000] {taskinstance.py:1956} INFO - Dependencies all met for dep_context=requeueable deps ti=<TaskInstance: fetch_market_data.check_market_open scheduled__2026-05-01T02:30:00+00:00 [queued]>
[2026-05-01T03:09:34.885+0000] {taskinstance.py:2170} INFO - Starting attempt 1 of 3
[2026-05-01T03:09:34.898+0000] {taskinstance.py:2191} INFO - Executing <Task(MarketOpenSensor): check_market_open> on 2026-05-01 02:30:00+00:00
[2026-05-01T03:09:34.905+0000] {standard_task_runner.py:60} INFO - Started process 656588 to run task
[2026-05-01T03:09:34.909+0000] {standard_task_runner.py:87} INFO - Running: ['airflow', 'tasks', 'run', 'fetch_market_data', 'check_market_open', 'scheduled__2026-05-01T02:30:00+00:00', '--job-id', '604', '--raw', '--subdir', 'DAGS_FOLDER/fetch_market_data.py', '--cfg-path', '/tmp/tmpl0_nyik5']
[2026-05-01T03:09:34.911+0000] {standard_task_runner.py:88} INFO - Job 604: Subtask check_market_open
[2026-05-01T03:09:34.996+0000] {task_command.py:423} INFO - Running <TaskInstance: fetch_market_data.check_market_open scheduled__2026-05-01T02:30:00+00:00 [running]> on host reddit-pipeline-vm
[2026-05-01T03:09:35.122+0000] {taskinstance.py:2480} INFO - Exporting env vars: AIRFLOW_CTX_DAG_OWNER='pipeline' AIRFLOW_CTX_DAG_ID='fetch_market_data' AIRFLOW_CTX_TASK_ID='check_market_open' AIRFLOW_CTX_EXECUTION_DATE='2026-05-01T02:30:00+00:00' AIRFLOW_CTX_TRY_NUMBER='1' AIRFLOW_CTX_DAG_RUN_ID='scheduled__2026-05-01T02:30:00+00:00'
[2026-05-01T03:09:35.142+0000] {sensors.py:45} INFO - Market open check at 2026-04-30 23:09 ET: False
[2026-05-01T03:09:35.173+0000] {taskinstance.py:2658} INFO - Rescheduling task, marking task as UP_FOR_RESCHEDULE
[2026-05-01T03:09:35.205+0000] {local_task_job_runner.py:234} INFO - Task exited with return code 0
[2026-05-01T03:09:35.295+0000] {taskinstance.py:3280} INFO - 0 downstream tasks scheduled from follow-on schedule check
[2026-05-01T03:10:36.158+0000] {taskinstance.py:1956} INFO - Dependencies all met for dep_context=non-requeueable deps ti=<TaskInstance: fetch_market_data.check_market_open scheduled__2026-05-01T02:30:00+00:00 [queued]>
[2026-05-01T03:10:36.169+0000] {taskinstance.py:1956} INFO - Dependencies all met for dep_context=requeueable deps ti=<TaskInstance: fetch_market_data.check_market_open scheduled__2026-05-01T02:30:00+00:00 [queued]>
[2026-05-01T03:10:36.169+0000] {taskinstance.py:2170} INFO - Starting attempt 1 of 3
[2026-05-01T03:10:36.182+0000] {taskinstance.py:2191} INFO - Executing <Task(MarketOpenSensor): check_market_open> on 2026-05-01 02:30:00+00:00
[2026-05-01T03:10:36.189+0000] {standard_task_runner.py:60} INFO - Started process 656660 to run task
[2026-05-01T03:10:36.193+0000] {standard_task_runner.py:87} INFO - Running: ['airflow', 'tasks', 'run', 'fetch_market_data', 'check_market_open', 'scheduled__2026-05-01T02:30:00+00:00', '--job-id', '605', '--raw', '--subdir', 'DAGS_FOLDER/fetch_market_data.py', '--cfg-path', '/tmp/tmpo2nxoeso']
[2026-05-01T03:10:36.195+0000] {standard_task_runner.py:88} INFO - Job 605: Subtask check_market_open
[2026-05-01T03:10:36.280+0000] {task_command.py:423} INFO - Running <TaskInstance: fetch_market_data.check_market_open scheduled__2026-05-01T02:30:00+00:00 [running]> on host reddit-pipeline-vm
[2026-05-01T03:10:36.406+0000] {taskinstance.py:2480} INFO - Exporting env vars: AIRFLOW_CTX_DAG_OWNER='pipeline' AIRFLOW_CTX_DAG_ID='fetch_market_data' AIRFLOW_CTX_TASK_ID='check_market_open' AIRFLOW_CTX_EXECUTION_DATE='2026-05-01T02:30:00+00:00' AIRFLOW_CTX_TRY_NUMBER='1' AIRFLOW_CTX_DAG_RUN_ID='scheduled__2026-05-01T02:30:00+00:00'
[2026-05-01T03:10:36.426+0000] {sensors.py:45} INFO - Market open check at 2026-04-30 23:10 ET: False
[2026-05-01T03:10:36.426+0000] {taskinstance.py:2698} ERROR - Task failed with exception
Traceback (most recent call last):
  File "/home/ubuntu/github_repo/Stock-Market-Intelligence-Pipeline/venv/lib/python3.11/site-packages/airflow/models/taskinstance.py", line 433, in _execute_task
    result = execute_callable(context=context, **execute_callable_kwargs)
             ^^^^^^^^^^^^^^^^^^^^^^^^^^^^^^^^^^^^^^^^^^^^^^^^^^^^^^^^^^^^
  File "/home/ubuntu/github_repo/Stock-Market-Intelligence-Pipeline/venv/lib/python3.11/site-packages/airflow/sensors/base.py", line 282, in execute
    raise AirflowSensorTimeout(message)
airflow.exceptions.AirflowSensorTimeout: Sensor has timed out; run duration of 921.296082 seconds exceeds the specified timeout of 900.0.
[2026-05-01T03:10:36.445+0000] {taskinstance.py:1138} INFO - Immediate failure requested. Marking task as FAILED. dag_id=fetch_market_data, task_id=check_market_open, execution_date=20260501T023000, start_date=20260501T031036, end_date=20260501T031036
[2026-05-01T03:10:36.457+0000] {standard_task_runner.py:107} ERROR - Failed to execute job 605 for task check_market_open (Sensor has timed out; run duration of 921.296082 seconds exceeds the specified timeout of 900.0.; 656660)
[2026-05-01T03:10:36.489+0000] {local_task_job_runner.py:234} INFO - Task exited with return code 1
[2026-05-01T03:10:36.531+0000] {taskinstance.py:3280} INFO - 0 downstream tasks scheduled from follow-on schedule check
