[2026-05-08T21:00:07.427+0000] {taskinstance.py:1956} INFO - Dependencies all met for dep_context=non-requeueable deps ti=<TaskInstance: fetch_market_data.check_market_open scheduled__2026-05-08T20:00:00+00:00 [queued]>
[2026-05-08T21:00:07.433+0000] {taskinstance.py:1956} INFO - Dependencies all met for dep_context=requeueable deps ti=<TaskInstance: fetch_market_data.check_market_open scheduled__2026-05-08T20:00:00+00:00 [queued]>
[2026-05-08T21:00:07.433+0000] {taskinstance.py:2170} INFO - Starting attempt 1 of 3
[2026-05-08T21:00:07.446+0000] {taskinstance.py:2191} INFO - Executing <Task(MarketOpenSensor): check_market_open> on 2026-05-08 20:00:00+00:00
[2026-05-08T21:00:07.452+0000] {standard_task_runner.py:60} INFO - Started process 1251362 to run task
[2026-05-08T21:00:07.455+0000] {standard_task_runner.py:87} INFO - Running: ['airflow', 'tasks', 'run', 'fetch_market_data', 'check_market_open', 'scheduled__2026-05-08T20:00:00+00:00', '--job-id', '1751', '--raw', '--subdir', 'DAGS_FOLDER/fetch_market_data.py', '--cfg-path', '/tmp/tmp23572zax']
[2026-05-08T21:00:07.457+0000] {standard_task_runner.py:88} INFO - Job 1751: Subtask check_market_open
[2026-05-08T21:00:07.525+0000] {task_command.py:423} INFO - Running <TaskInstance: fetch_market_data.check_market_open scheduled__2026-05-08T20:00:00+00:00 [running]> on host reddit-pipeline-vm
[2026-05-08T21:00:07.627+0000] {taskinstance.py:2480} INFO - Exporting env vars: AIRFLOW_CTX_DAG_OWNER='pipeline' AIRFLOW_CTX_DAG_ID='fetch_market_data' AIRFLOW_CTX_TASK_ID='check_market_open' AIRFLOW_CTX_EXECUTION_DATE='2026-05-08T20:00:00+00:00' AIRFLOW_CTX_TRY_NUMBER='1' AIRFLOW_CTX_DAG_RUN_ID='scheduled__2026-05-08T20:00:00+00:00'
[2026-05-08T21:00:07.643+0000] {sensors.py:45} INFO - Market open check at 2026-05-08 17:00 ET: False
[2026-05-08T21:00:07.666+0000] {taskinstance.py:2658} INFO - Rescheduling task, marking task as UP_FOR_RESCHEDULE
[2026-05-08T21:00:07.709+0000] {local_task_job_runner.py:234} INFO - Task exited with return code 0
[2026-05-08T21:00:07.743+0000] {taskinstance.py:3280} INFO - 0 downstream tasks scheduled from follow-on schedule check
[2026-05-08T21:15:08.516+0000] {taskinstance.py:1956} INFO - Dependencies all met for dep_context=non-requeueable deps ti=<TaskInstance: fetch_market_data.check_market_open scheduled__2026-05-08T20:00:00+00:00 [queued]>
[2026-05-08T21:15:08.523+0000] {taskinstance.py:1956} INFO - Dependencies all met for dep_context=requeueable deps ti=<TaskInstance: fetch_market_data.check_market_open scheduled__2026-05-08T20:00:00+00:00 [queued]>
[2026-05-08T21:15:08.523+0000] {taskinstance.py:2170} INFO - Starting attempt 1 of 3
[2026-05-08T21:15:08.535+0000] {taskinstance.py:2191} INFO - Executing <Task(MarketOpenSensor): check_market_open> on 2026-05-08 20:00:00+00:00
[2026-05-08T21:15:08.541+0000] {standard_task_runner.py:60} INFO - Started process 1252357 to run task
[2026-05-08T21:15:08.544+0000] {standard_task_runner.py:87} INFO - Running: ['airflow', 'tasks', 'run', 'fetch_market_data', 'check_market_open', 'scheduled__2026-05-08T20:00:00+00:00', '--job-id', '1752', '--raw', '--subdir', 'DAGS_FOLDER/fetch_market_data.py', '--cfg-path', '/tmp/tmpsmiavdz2']
[2026-05-08T21:15:08.546+0000] {standard_task_runner.py:88} INFO - Job 1752: Subtask check_market_open
[2026-05-08T21:15:08.611+0000] {task_command.py:423} INFO - Running <TaskInstance: fetch_market_data.check_market_open scheduled__2026-05-08T20:00:00+00:00 [running]> on host reddit-pipeline-vm
[2026-05-08T21:15:08.706+0000] {taskinstance.py:2480} INFO - Exporting env vars: AIRFLOW_CTX_DAG_OWNER='pipeline' AIRFLOW_CTX_DAG_ID='fetch_market_data' AIRFLOW_CTX_TASK_ID='check_market_open' AIRFLOW_CTX_EXECUTION_DATE='2026-05-08T20:00:00+00:00' AIRFLOW_CTX_TRY_NUMBER='1' AIRFLOW_CTX_DAG_RUN_ID='scheduled__2026-05-08T20:00:00+00:00'
[2026-05-08T21:15:08.721+0000] {sensors.py:45} INFO - Market open check at 2026-05-08 17:15 ET: False
[2026-05-08T21:15:08.745+0000] {taskinstance.py:2658} INFO - Rescheduling task, marking task as UP_FOR_RESCHEDULE
[2026-05-08T21:15:08.758+0000] {local_task_job_runner.py:234} INFO - Task exited with return code 0
[2026-05-08T21:15:08.792+0000] {taskinstance.py:3280} INFO - 0 downstream tasks scheduled from follow-on schedule check
[2026-05-08T21:30:10.174+0000] {taskinstance.py:1956} INFO - Dependencies all met for dep_context=non-requeueable deps ti=<TaskInstance: fetch_market_data.check_market_open scheduled__2026-05-08T20:00:00+00:00 [queued]>
[2026-05-08T21:30:10.182+0000] {taskinstance.py:1956} INFO - Dependencies all met for dep_context=requeueable deps ti=<TaskInstance: fetch_market_data.check_market_open scheduled__2026-05-08T20:00:00+00:00 [queued]>
[2026-05-08T21:30:10.182+0000] {taskinstance.py:2170} INFO - Starting attempt 1 of 3
[2026-05-08T21:30:10.194+0000] {taskinstance.py:2191} INFO - Executing <Task(MarketOpenSensor): check_market_open> on 2026-05-08 20:00:00+00:00
[2026-05-08T21:30:10.200+0000] {standard_task_runner.py:60} INFO - Started process 1253329 to run task
[2026-05-08T21:30:10.204+0000] {standard_task_runner.py:87} INFO - Running: ['airflow', 'tasks', 'run', 'fetch_market_data', 'check_market_open', 'scheduled__2026-05-08T20:00:00+00:00', '--job-id', '1753', '--raw', '--subdir', 'DAGS_FOLDER/fetch_market_data.py', '--cfg-path', '/tmp/tmp_t170qs1']
[2026-05-08T21:30:10.206+0000] {standard_task_runner.py:88} INFO - Job 1753: Subtask check_market_open
[2026-05-08T21:30:10.272+0000] {task_command.py:423} INFO - Running <TaskInstance: fetch_market_data.check_market_open scheduled__2026-05-08T20:00:00+00:00 [running]> on host reddit-pipeline-vm
[2026-05-08T21:30:10.368+0000] {taskinstance.py:2480} INFO - Exporting env vars: AIRFLOW_CTX_DAG_OWNER='pipeline' AIRFLOW_CTX_DAG_ID='fetch_market_data' AIRFLOW_CTX_TASK_ID='check_market_open' AIRFLOW_CTX_EXECUTION_DATE='2026-05-08T20:00:00+00:00' AIRFLOW_CTX_TRY_NUMBER='1' AIRFLOW_CTX_DAG_RUN_ID='scheduled__2026-05-08T20:00:00+00:00'
[2026-05-08T21:30:10.383+0000] {sensors.py:45} INFO - Market open check at 2026-05-08 17:30 ET: False
[2026-05-08T21:30:10.405+0000] {taskinstance.py:2658} INFO - Rescheduling task, marking task as UP_FOR_RESCHEDULE
[2026-05-08T21:30:10.416+0000] {local_task_job_runner.py:234} INFO - Task exited with return code 0
[2026-05-08T21:30:10.449+0000] {taskinstance.py:3280} INFO - 0 downstream tasks scheduled from follow-on schedule check
[2026-05-08T21:45:12.099+0000] {taskinstance.py:1956} INFO - Dependencies all met for dep_context=non-requeueable deps ti=<TaskInstance: fetch_market_data.check_market_open scheduled__2026-05-08T20:00:00+00:00 [queued]>
[2026-05-08T21:45:12.107+0000] {taskinstance.py:1956} INFO - Dependencies all met for dep_context=requeueable deps ti=<TaskInstance: fetch_market_data.check_market_open scheduled__2026-05-08T20:00:00+00:00 [queued]>
[2026-05-08T21:45:12.107+0000] {taskinstance.py:2170} INFO - Starting attempt 1 of 3
[2026-05-08T21:45:12.118+0000] {taskinstance.py:2191} INFO - Executing <Task(MarketOpenSensor): check_market_open> on 2026-05-08 20:00:00+00:00
[2026-05-08T21:45:12.124+0000] {standard_task_runner.py:60} INFO - Started process 1254299 to run task
[2026-05-08T21:45:12.128+0000] {standard_task_runner.py:87} INFO - Running: ['airflow', 'tasks', 'run', 'fetch_market_data', 'check_market_open', 'scheduled__2026-05-08T20:00:00+00:00', '--job-id', '1754', '--raw', '--subdir', 'DAGS_FOLDER/fetch_market_data.py', '--cfg-path', '/tmp/tmpvbnr_yrs']
[2026-05-08T21:45:12.130+0000] {standard_task_runner.py:88} INFO - Job 1754: Subtask check_market_open
[2026-05-08T21:45:12.196+0000] {task_command.py:423} INFO - Running <TaskInstance: fetch_market_data.check_market_open scheduled__2026-05-08T20:00:00+00:00 [running]> on host reddit-pipeline-vm
[2026-05-08T21:45:12.289+0000] {taskinstance.py:2480} INFO - Exporting env vars: AIRFLOW_CTX_DAG_OWNER='pipeline' AIRFLOW_CTX_DAG_ID='fetch_market_data' AIRFLOW_CTX_TASK_ID='check_market_open' AIRFLOW_CTX_EXECUTION_DATE='2026-05-08T20:00:00+00:00' AIRFLOW_CTX_TRY_NUMBER='1' AIRFLOW_CTX_DAG_RUN_ID='scheduled__2026-05-08T20:00:00+00:00'
[2026-05-08T21:45:12.304+0000] {sensors.py:45} INFO - Market open check at 2026-05-08 17:45 ET: False
[2026-05-08T21:45:12.328+0000] {taskinstance.py:2658} INFO - Rescheduling task, marking task as UP_FOR_RESCHEDULE
[2026-05-08T21:45:12.340+0000] {local_task_job_runner.py:234} INFO - Task exited with return code 0
[2026-05-08T21:45:12.374+0000] {taskinstance.py:3280} INFO - 0 downstream tasks scheduled from follow-on schedule check
[2026-05-08T22:00:13.164+0000] {taskinstance.py:1956} INFO - Dependencies all met for dep_context=non-requeueable deps ti=<TaskInstance: fetch_market_data.check_market_open scheduled__2026-05-08T20:00:00+00:00 [queued]>
[2026-05-08T22:00:13.172+0000] {taskinstance.py:1956} INFO - Dependencies all met for dep_context=requeueable deps ti=<TaskInstance: fetch_market_data.check_market_open scheduled__2026-05-08T20:00:00+00:00 [queued]>
[2026-05-08T22:00:13.172+0000] {taskinstance.py:2170} INFO - Starting attempt 1 of 3
[2026-05-08T22:00:13.184+0000] {taskinstance.py:2191} INFO - Executing <Task(MarketOpenSensor): check_market_open> on 2026-05-08 20:00:00+00:00
[2026-05-08T22:00:13.190+0000] {standard_task_runner.py:60} INFO - Started process 1255281 to run task
[2026-05-08T22:00:13.194+0000] {standard_task_runner.py:87} INFO - Running: ['airflow', 'tasks', 'run', 'fetch_market_data', 'check_market_open', 'scheduled__2026-05-08T20:00:00+00:00', '--job-id', '1755', '--raw', '--subdir', 'DAGS_FOLDER/fetch_market_data.py', '--cfg-path', '/tmp/tmpdiv1i26o']
[2026-05-08T22:00:13.197+0000] {standard_task_runner.py:88} INFO - Job 1755: Subtask check_market_open
[2026-05-08T22:00:13.262+0000] {task_command.py:423} INFO - Running <TaskInstance: fetch_market_data.check_market_open scheduled__2026-05-08T20:00:00+00:00 [running]> on host reddit-pipeline-vm
[2026-05-08T22:00:13.356+0000] {taskinstance.py:2480} INFO - Exporting env vars: AIRFLOW_CTX_DAG_OWNER='pipeline' AIRFLOW_CTX_DAG_ID='fetch_market_data' AIRFLOW_CTX_TASK_ID='check_market_open' AIRFLOW_CTX_EXECUTION_DATE='2026-05-08T20:00:00+00:00' AIRFLOW_CTX_TRY_NUMBER='1' AIRFLOW_CTX_DAG_RUN_ID='scheduled__2026-05-08T20:00:00+00:00'
[2026-05-08T22:00:13.372+0000] {sensors.py:45} INFO - Market open check at 2026-05-08 18:00 ET: False
[2026-05-08T22:00:13.372+0000] {taskinstance.py:2360} INFO - Sensor has timed out; run duration of 3605.818147 seconds exceeds the specified timeout of 3600.0.
[2026-05-08T22:00:13.386+0000] {taskinstance.py:1138} INFO - Marking task as SKIPPED. dag_id=fetch_market_data, task_id=check_market_open, execution_date=20260508T200000, start_date=20260508T220013, end_date=20260508T220013
[2026-05-08T22:00:13.406+0000] {local_task_job_runner.py:234} INFO - Task exited with return code 0
[2026-05-08T22:00:13.450+0000] {taskinstance.py:3280} INFO - 0 downstream tasks scheduled from follow-on schedule check
