[2026-05-01T04:43:03.570+0000] {taskinstance.py:1956} INFO - Dependencies all met for dep_context=non-requeueable deps ti=<TaskInstance: fetch_market_data.check_market_open scheduled__2026-05-01T04:15:00+00:00 [queued]>
[2026-05-01T04:43:03.577+0000] {taskinstance.py:1956} INFO - Dependencies all met for dep_context=requeueable deps ti=<TaskInstance: fetch_market_data.check_market_open scheduled__2026-05-01T04:15:00+00:00 [queued]>
[2026-05-01T04:43:03.577+0000] {taskinstance.py:2170} INFO - Starting attempt 1 of 3
[2026-05-01T04:43:03.588+0000] {taskinstance.py:2191} INFO - Executing <Task(MarketOpenSensor): check_market_open> on 2026-05-01 04:15:00+00:00
[2026-05-01T04:43:03.594+0000] {standard_task_runner.py:60} INFO - Started process 663127 to run task
[2026-05-01T04:43:03.598+0000] {standard_task_runner.py:87} INFO - Running: ['airflow', 'tasks', 'run', 'fetch_market_data', 'check_market_open', 'scheduled__2026-05-01T04:15:00+00:00', '--job-id', '702', '--raw', '--subdir', 'DAGS_FOLDER/fetch_market_data.py', '--cfg-path', '/tmp/tmp8whk59fe']
[2026-05-01T04:43:03.600+0000] {standard_task_runner.py:88} INFO - Job 702: Subtask check_market_open
[2026-05-01T04:43:03.676+0000] {task_command.py:423} INFO - Running <TaskInstance: fetch_market_data.check_market_open scheduled__2026-05-01T04:15:00+00:00 [running]> on host reddit-pipeline-vm
[2026-05-01T04:43:03.786+0000] {taskinstance.py:2480} INFO - Exporting env vars: AIRFLOW_CTX_DAG_OWNER='pipeline' AIRFLOW_CTX_DAG_ID='fetch_market_data' AIRFLOW_CTX_TASK_ID='check_market_open' AIRFLOW_CTX_EXECUTION_DATE='2026-05-01T04:15:00+00:00' AIRFLOW_CTX_TRY_NUMBER='1' AIRFLOW_CTX_DAG_RUN_ID='scheduled__2026-05-01T04:15:00+00:00'
[2026-05-01T04:43:03.804+0000] {sensors.py:45} INFO - Market open check at 2026-05-01 00:43 ET: False
[2026-05-01T04:43:03.830+0000] {taskinstance.py:2658} INFO - Rescheduling task, marking task as UP_FOR_RESCHEDULE
[2026-05-01T04:43:03.851+0000] {local_task_job_runner.py:234} INFO - Task exited with return code 0
[2026-05-01T04:43:03.891+0000] {taskinstance.py:3280} INFO - 0 downstream tasks scheduled from follow-on schedule check
[2026-05-01T04:44:04.779+0000] {taskinstance.py:1956} INFO - Dependencies all met for dep_context=non-requeueable deps ti=<TaskInstance: fetch_market_data.check_market_open scheduled__2026-05-01T04:15:00+00:00 [queued]>
[2026-05-01T04:44:04.786+0000] {taskinstance.py:1956} INFO - Dependencies all met for dep_context=requeueable deps ti=<TaskInstance: fetch_market_data.check_market_open scheduled__2026-05-01T04:15:00+00:00 [queued]>
[2026-05-01T04:44:04.786+0000] {taskinstance.py:2170} INFO - Starting attempt 1 of 3
[2026-05-01T04:44:04.796+0000] {taskinstance.py:2191} INFO - Executing <Task(MarketOpenSensor): check_market_open> on 2026-05-01 04:15:00+00:00
[2026-05-01T04:44:04.802+0000] {standard_task_runner.py:60} INFO - Started process 663193 to run task
[2026-05-01T04:44:04.807+0000] {standard_task_runner.py:87} INFO - Running: ['airflow', 'tasks', 'run', 'fetch_market_data', 'check_market_open', 'scheduled__2026-05-01T04:15:00+00:00', '--job-id', '703', '--raw', '--subdir', 'DAGS_FOLDER/fetch_market_data.py', '--cfg-path', '/tmp/tmp68ej5gsk']
[2026-05-01T04:44:04.809+0000] {standard_task_runner.py:88} INFO - Job 703: Subtask check_market_open
[2026-05-01T04:44:04.883+0000] {task_command.py:423} INFO - Running <TaskInstance: fetch_market_data.check_market_open scheduled__2026-05-01T04:15:00+00:00 [running]> on host reddit-pipeline-vm
[2026-05-01T04:44:04.993+0000] {taskinstance.py:2480} INFO - Exporting env vars: AIRFLOW_CTX_DAG_OWNER='pipeline' AIRFLOW_CTX_DAG_ID='fetch_market_data' AIRFLOW_CTX_TASK_ID='check_market_open' AIRFLOW_CTX_EXECUTION_DATE='2026-05-01T04:15:00+00:00' AIRFLOW_CTX_TRY_NUMBER='1' AIRFLOW_CTX_DAG_RUN_ID='scheduled__2026-05-01T04:15:00+00:00'
[2026-05-01T04:44:05.011+0000] {sensors.py:45} INFO - Market open check at 2026-05-01 00:44 ET: False
[2026-05-01T04:44:05.038+0000] {taskinstance.py:2658} INFO - Rescheduling task, marking task as UP_FOR_RESCHEDULE
[2026-05-01T04:44:05.061+0000] {local_task_job_runner.py:234} INFO - Task exited with return code 0
[2026-05-01T04:44:05.101+0000] {taskinstance.py:3280} INFO - 0 downstream tasks scheduled from follow-on schedule check
[2026-05-01T04:45:05.991+0000] {taskinstance.py:1956} INFO - Dependencies all met for dep_context=non-requeueable deps ti=<TaskInstance: fetch_market_data.check_market_open scheduled__2026-05-01T04:15:00+00:00 [queued]>
[2026-05-01T04:45:05.998+0000] {taskinstance.py:1956} INFO - Dependencies all met for dep_context=requeueable deps ti=<TaskInstance: fetch_market_data.check_market_open scheduled__2026-05-01T04:15:00+00:00 [queued]>
[2026-05-01T04:45:05.999+0000] {taskinstance.py:2170} INFO - Starting attempt 1 of 3
[2026-05-01T04:45:06.009+0000] {taskinstance.py:2191} INFO - Executing <Task(MarketOpenSensor): check_market_open> on 2026-05-01 04:15:00+00:00
[2026-05-01T04:45:06.016+0000] {standard_task_runner.py:60} INFO - Started process 663265 to run task
[2026-05-01T04:45:06.019+0000] {standard_task_runner.py:87} INFO - Running: ['airflow', 'tasks', 'run', 'fetch_market_data', 'check_market_open', 'scheduled__2026-05-01T04:15:00+00:00', '--job-id', '704', '--raw', '--subdir', 'DAGS_FOLDER/fetch_market_data.py', '--cfg-path', '/tmp/tmpl602w_sg']
[2026-05-01T04:45:06.021+0000] {standard_task_runner.py:88} INFO - Job 704: Subtask check_market_open
[2026-05-01T04:45:06.096+0000] {task_command.py:423} INFO - Running <TaskInstance: fetch_market_data.check_market_open scheduled__2026-05-01T04:15:00+00:00 [running]> on host reddit-pipeline-vm
[2026-05-01T04:45:06.203+0000] {taskinstance.py:2480} INFO - Exporting env vars: AIRFLOW_CTX_DAG_OWNER='pipeline' AIRFLOW_CTX_DAG_ID='fetch_market_data' AIRFLOW_CTX_TASK_ID='check_market_open' AIRFLOW_CTX_EXECUTION_DATE='2026-05-01T04:15:00+00:00' AIRFLOW_CTX_TRY_NUMBER='1' AIRFLOW_CTX_DAG_RUN_ID='scheduled__2026-05-01T04:15:00+00:00'
[2026-05-01T04:45:06.221+0000] {sensors.py:45} INFO - Market open check at 2026-05-01 00:45 ET: False
[2026-05-01T04:45:06.247+0000] {taskinstance.py:2658} INFO - Rescheduling task, marking task as UP_FOR_RESCHEDULE
[2026-05-01T04:45:06.272+0000] {local_task_job_runner.py:234} INFO - Task exited with return code 0
[2026-05-01T04:45:06.311+0000] {taskinstance.py:3280} INFO - 0 downstream tasks scheduled from follow-on schedule check
[2026-05-01T04:46:07.076+0000] {taskinstance.py:1956} INFO - Dependencies all met for dep_context=non-requeueable deps ti=<TaskInstance: fetch_market_data.check_market_open scheduled__2026-05-01T04:15:00+00:00 [queued]>
[2026-05-01T04:46:07.084+0000] {taskinstance.py:1956} INFO - Dependencies all met for dep_context=requeueable deps ti=<TaskInstance: fetch_market_data.check_market_open scheduled__2026-05-01T04:15:00+00:00 [queued]>
[2026-05-01T04:46:07.084+0000] {taskinstance.py:2170} INFO - Starting attempt 1 of 3
[2026-05-01T04:46:07.094+0000] {taskinstance.py:2191} INFO - Executing <Task(MarketOpenSensor): check_market_open> on 2026-05-01 04:15:00+00:00
[2026-05-01T04:46:07.100+0000] {standard_task_runner.py:60} INFO - Started process 663336 to run task
[2026-05-01T04:46:07.103+0000] {standard_task_runner.py:87} INFO - Running: ['airflow', 'tasks', 'run', 'fetch_market_data', 'check_market_open', 'scheduled__2026-05-01T04:15:00+00:00', '--job-id', '705', '--raw', '--subdir', 'DAGS_FOLDER/fetch_market_data.py', '--cfg-path', '/tmp/tmpk82a45w1']
[2026-05-01T04:46:07.105+0000] {standard_task_runner.py:88} INFO - Job 705: Subtask check_market_open
[2026-05-01T04:46:07.179+0000] {task_command.py:423} INFO - Running <TaskInstance: fetch_market_data.check_market_open scheduled__2026-05-01T04:15:00+00:00 [running]> on host reddit-pipeline-vm
[2026-05-01T04:46:07.288+0000] {taskinstance.py:2480} INFO - Exporting env vars: AIRFLOW_CTX_DAG_OWNER='pipeline' AIRFLOW_CTX_DAG_ID='fetch_market_data' AIRFLOW_CTX_TASK_ID='check_market_open' AIRFLOW_CTX_EXECUTION_DATE='2026-05-01T04:15:00+00:00' AIRFLOW_CTX_TRY_NUMBER='1' AIRFLOW_CTX_DAG_RUN_ID='scheduled__2026-05-01T04:15:00+00:00'
[2026-05-01T04:46:07.306+0000] {sensors.py:45} INFO - Market open check at 2026-05-01 00:46 ET: False
[2026-05-01T04:46:07.332+0000] {taskinstance.py:2658} INFO - Rescheduling task, marking task as UP_FOR_RESCHEDULE
[2026-05-01T04:46:07.356+0000] {local_task_job_runner.py:234} INFO - Task exited with return code 0
[2026-05-01T04:46:07.396+0000] {taskinstance.py:3280} INFO - 0 downstream tasks scheduled from follow-on schedule check
[2026-05-01T04:47:08.163+0000] {taskinstance.py:1956} INFO - Dependencies all met for dep_context=non-requeueable deps ti=<TaskInstance: fetch_market_data.check_market_open scheduled__2026-05-01T04:15:00+00:00 [queued]>
[2026-05-01T04:47:08.171+0000] {taskinstance.py:1956} INFO - Dependencies all met for dep_context=requeueable deps ti=<TaskInstance: fetch_market_data.check_market_open scheduled__2026-05-01T04:15:00+00:00 [queued]>
[2026-05-01T04:47:08.171+0000] {taskinstance.py:2170} INFO - Starting attempt 1 of 3
[2026-05-01T04:47:08.181+0000] {taskinstance.py:2191} INFO - Executing <Task(MarketOpenSensor): check_market_open> on 2026-05-01 04:15:00+00:00
[2026-05-01T04:47:08.187+0000] {standard_task_runner.py:60} INFO - Started process 663404 to run task
[2026-05-01T04:47:08.190+0000] {standard_task_runner.py:87} INFO - Running: ['airflow', 'tasks', 'run', 'fetch_market_data', 'check_market_open', 'scheduled__2026-05-01T04:15:00+00:00', '--job-id', '706', '--raw', '--subdir', 'DAGS_FOLDER/fetch_market_data.py', '--cfg-path', '/tmp/tmp8n8ecps9']
[2026-05-01T04:47:08.192+0000] {standard_task_runner.py:88} INFO - Job 706: Subtask check_market_open
[2026-05-01T04:47:08.266+0000] {task_command.py:423} INFO - Running <TaskInstance: fetch_market_data.check_market_open scheduled__2026-05-01T04:15:00+00:00 [running]> on host reddit-pipeline-vm
[2026-05-01T04:47:08.374+0000] {taskinstance.py:2480} INFO - Exporting env vars: AIRFLOW_CTX_DAG_OWNER='pipeline' AIRFLOW_CTX_DAG_ID='fetch_market_data' AIRFLOW_CTX_TASK_ID='check_market_open' AIRFLOW_CTX_EXECUTION_DATE='2026-05-01T04:15:00+00:00' AIRFLOW_CTX_TRY_NUMBER='1' AIRFLOW_CTX_DAG_RUN_ID='scheduled__2026-05-01T04:15:00+00:00'
[2026-05-01T04:47:08.392+0000] {sensors.py:45} INFO - Market open check at 2026-05-01 00:47 ET: False
[2026-05-01T04:47:08.417+0000] {taskinstance.py:2658} INFO - Rescheduling task, marking task as UP_FOR_RESCHEDULE
[2026-05-01T04:47:08.443+0000] {local_task_job_runner.py:234} INFO - Task exited with return code 0
[2026-05-01T04:47:08.483+0000] {taskinstance.py:3280} INFO - 0 downstream tasks scheduled from follow-on schedule check
[2026-05-01T04:48:09.467+0000] {taskinstance.py:1956} INFO - Dependencies all met for dep_context=non-requeueable deps ti=<TaskInstance: fetch_market_data.check_market_open scheduled__2026-05-01T04:15:00+00:00 [queued]>
[2026-05-01T04:48:09.475+0000] {taskinstance.py:1956} INFO - Dependencies all met for dep_context=requeueable deps ti=<TaskInstance: fetch_market_data.check_market_open scheduled__2026-05-01T04:15:00+00:00 [queued]>
[2026-05-01T04:48:09.475+0000] {taskinstance.py:2170} INFO - Starting attempt 1 of 3
[2026-05-01T04:48:09.485+0000] {taskinstance.py:2191} INFO - Executing <Task(MarketOpenSensor): check_market_open> on 2026-05-01 04:15:00+00:00
[2026-05-01T04:48:09.491+0000] {standard_task_runner.py:60} INFO - Started process 663472 to run task
[2026-05-01T04:48:09.494+0000] {standard_task_runner.py:87} INFO - Running: ['airflow', 'tasks', 'run', 'fetch_market_data', 'check_market_open', 'scheduled__2026-05-01T04:15:00+00:00', '--job-id', '707', '--raw', '--subdir', 'DAGS_FOLDER/fetch_market_data.py', '--cfg-path', '/tmp/tmpad2gp170']
[2026-05-01T04:48:09.496+0000] {standard_task_runner.py:88} INFO - Job 707: Subtask check_market_open
[2026-05-01T04:48:09.571+0000] {task_command.py:423} INFO - Running <TaskInstance: fetch_market_data.check_market_open scheduled__2026-05-01T04:15:00+00:00 [running]> on host reddit-pipeline-vm
[2026-05-01T04:48:09.680+0000] {taskinstance.py:2480} INFO - Exporting env vars: AIRFLOW_CTX_DAG_OWNER='pipeline' AIRFLOW_CTX_DAG_ID='fetch_market_data' AIRFLOW_CTX_TASK_ID='check_market_open' AIRFLOW_CTX_EXECUTION_DATE='2026-05-01T04:15:00+00:00' AIRFLOW_CTX_TRY_NUMBER='1' AIRFLOW_CTX_DAG_RUN_ID='scheduled__2026-05-01T04:15:00+00:00'
[2026-05-01T04:48:09.698+0000] {sensors.py:45} INFO - Market open check at 2026-05-01 00:48 ET: False
[2026-05-01T04:48:09.725+0000] {taskinstance.py:2658} INFO - Rescheduling task, marking task as UP_FOR_RESCHEDULE
[2026-05-01T04:48:09.747+0000] {local_task_job_runner.py:234} INFO - Task exited with return code 0
[2026-05-01T04:48:09.786+0000] {taskinstance.py:3280} INFO - 0 downstream tasks scheduled from follow-on schedule check
[2026-05-01T04:49:10.734+0000] {taskinstance.py:1956} INFO - Dependencies all met for dep_context=non-requeueable deps ti=<TaskInstance: fetch_market_data.check_market_open scheduled__2026-05-01T04:15:00+00:00 [queued]>
[2026-05-01T04:49:10.741+0000] {taskinstance.py:1956} INFO - Dependencies all met for dep_context=requeueable deps ti=<TaskInstance: fetch_market_data.check_market_open scheduled__2026-05-01T04:15:00+00:00 [queued]>
[2026-05-01T04:49:10.742+0000] {taskinstance.py:2170} INFO - Starting attempt 1 of 3
[2026-05-01T04:49:10.751+0000] {taskinstance.py:2191} INFO - Executing <Task(MarketOpenSensor): check_market_open> on 2026-05-01 04:15:00+00:00
[2026-05-01T04:49:10.758+0000] {standard_task_runner.py:60} INFO - Started process 663540 to run task
[2026-05-01T04:49:10.761+0000] {standard_task_runner.py:87} INFO - Running: ['airflow', 'tasks', 'run', 'fetch_market_data', 'check_market_open', 'scheduled__2026-05-01T04:15:00+00:00', '--job-id', '708', '--raw', '--subdir', 'DAGS_FOLDER/fetch_market_data.py', '--cfg-path', '/tmp/tmp7i3cnl0i']
[2026-05-01T04:49:10.762+0000] {standard_task_runner.py:88} INFO - Job 708: Subtask check_market_open
[2026-05-01T04:49:10.836+0000] {task_command.py:423} INFO - Running <TaskInstance: fetch_market_data.check_market_open scheduled__2026-05-01T04:15:00+00:00 [running]> on host reddit-pipeline-vm
[2026-05-01T04:49:10.947+0000] {taskinstance.py:2480} INFO - Exporting env vars: AIRFLOW_CTX_DAG_OWNER='pipeline' AIRFLOW_CTX_DAG_ID='fetch_market_data' AIRFLOW_CTX_TASK_ID='check_market_open' AIRFLOW_CTX_EXECUTION_DATE='2026-05-01T04:15:00+00:00' AIRFLOW_CTX_TRY_NUMBER='1' AIRFLOW_CTX_DAG_RUN_ID='scheduled__2026-05-01T04:15:00+00:00'
[2026-05-01T04:49:10.966+0000] {sensors.py:45} INFO - Market open check at 2026-05-01 00:49 ET: False
[2026-05-01T04:49:10.991+0000] {taskinstance.py:2658} INFO - Rescheduling task, marking task as UP_FOR_RESCHEDULE
[2026-05-01T04:49:11.013+0000] {local_task_job_runner.py:234} INFO - Task exited with return code 0
[2026-05-01T04:49:11.053+0000] {taskinstance.py:3280} INFO - 0 downstream tasks scheduled from follow-on schedule check
[2026-05-01T04:50:12.257+0000] {taskinstance.py:1956} INFO - Dependencies all met for dep_context=non-requeueable deps ti=<TaskInstance: fetch_market_data.check_market_open scheduled__2026-05-01T04:15:00+00:00 [queued]>
[2026-05-01T04:50:12.265+0000] {taskinstance.py:1956} INFO - Dependencies all met for dep_context=requeueable deps ti=<TaskInstance: fetch_market_data.check_market_open scheduled__2026-05-01T04:15:00+00:00 [queued]>
[2026-05-01T04:50:12.265+0000] {taskinstance.py:2170} INFO - Starting attempt 1 of 3
[2026-05-01T04:50:12.275+0000] {taskinstance.py:2191} INFO - Executing <Task(MarketOpenSensor): check_market_open> on 2026-05-01 04:15:00+00:00
[2026-05-01T04:50:12.281+0000] {standard_task_runner.py:60} INFO - Started process 663612 to run task
[2026-05-01T04:50:12.284+0000] {standard_task_runner.py:87} INFO - Running: ['airflow', 'tasks', 'run', 'fetch_market_data', 'check_market_open', 'scheduled__2026-05-01T04:15:00+00:00', '--job-id', '709', '--raw', '--subdir', 'DAGS_FOLDER/fetch_market_data.py', '--cfg-path', '/tmp/tmpjvxmnkuu']
[2026-05-01T04:50:12.286+0000] {standard_task_runner.py:88} INFO - Job 709: Subtask check_market_open
[2026-05-01T04:50:12.360+0000] {task_command.py:423} INFO - Running <TaskInstance: fetch_market_data.check_market_open scheduled__2026-05-01T04:15:00+00:00 [running]> on host reddit-pipeline-vm
[2026-05-01T04:50:12.468+0000] {taskinstance.py:2480} INFO - Exporting env vars: AIRFLOW_CTX_DAG_OWNER='pipeline' AIRFLOW_CTX_DAG_ID='fetch_market_data' AIRFLOW_CTX_TASK_ID='check_market_open' AIRFLOW_CTX_EXECUTION_DATE='2026-05-01T04:15:00+00:00' AIRFLOW_CTX_TRY_NUMBER='1' AIRFLOW_CTX_DAG_RUN_ID='scheduled__2026-05-01T04:15:00+00:00'
[2026-05-01T04:50:12.486+0000] {sensors.py:45} INFO - Market open check at 2026-05-01 00:50 ET: False
[2026-05-01T04:50:12.512+0000] {taskinstance.py:2658} INFO - Rescheduling task, marking task as UP_FOR_RESCHEDULE
[2026-05-01T04:50:12.538+0000] {local_task_job_runner.py:234} INFO - Task exited with return code 0
[2026-05-01T04:50:12.578+0000] {taskinstance.py:3280} INFO - 0 downstream tasks scheduled from follow-on schedule check
[2026-05-01T04:51:13.893+0000] {taskinstance.py:1956} INFO - Dependencies all met for dep_context=non-requeueable deps ti=<TaskInstance: fetch_market_data.check_market_open scheduled__2026-05-01T04:15:00+00:00 [queued]>
[2026-05-01T04:51:13.901+0000] {taskinstance.py:1956} INFO - Dependencies all met for dep_context=requeueable deps ti=<TaskInstance: fetch_market_data.check_market_open scheduled__2026-05-01T04:15:00+00:00 [queued]>
[2026-05-01T04:51:13.901+0000] {taskinstance.py:2170} INFO - Starting attempt 1 of 3
[2026-05-01T04:51:13.911+0000] {taskinstance.py:2191} INFO - Executing <Task(MarketOpenSensor): check_market_open> on 2026-05-01 04:15:00+00:00
[2026-05-01T04:51:13.917+0000] {standard_task_runner.py:60} INFO - Started process 663684 to run task
[2026-05-01T04:51:13.921+0000] {standard_task_runner.py:87} INFO - Running: ['airflow', 'tasks', 'run', 'fetch_market_data', 'check_market_open', 'scheduled__2026-05-01T04:15:00+00:00', '--job-id', '710', '--raw', '--subdir', 'DAGS_FOLDER/fetch_market_data.py', '--cfg-path', '/tmp/tmpqxfmi59z']
[2026-05-01T04:51:13.923+0000] {standard_task_runner.py:88} INFO - Job 710: Subtask check_market_open
[2026-05-01T04:51:13.999+0000] {task_command.py:423} INFO - Running <TaskInstance: fetch_market_data.check_market_open scheduled__2026-05-01T04:15:00+00:00 [running]> on host reddit-pipeline-vm
[2026-05-01T04:51:14.110+0000] {taskinstance.py:2480} INFO - Exporting env vars: AIRFLOW_CTX_DAG_OWNER='pipeline' AIRFLOW_CTX_DAG_ID='fetch_market_data' AIRFLOW_CTX_TASK_ID='check_market_open' AIRFLOW_CTX_EXECUTION_DATE='2026-05-01T04:15:00+00:00' AIRFLOW_CTX_TRY_NUMBER='1' AIRFLOW_CTX_DAG_RUN_ID='scheduled__2026-05-01T04:15:00+00:00'
[2026-05-01T04:51:14.128+0000] {sensors.py:45} INFO - Market open check at 2026-05-01 00:51 ET: False
[2026-05-01T04:51:14.156+0000] {taskinstance.py:2658} INFO - Rescheduling task, marking task as UP_FOR_RESCHEDULE
[2026-05-01T04:51:14.174+0000] {local_task_job_runner.py:234} INFO - Task exited with return code 0
[2026-05-01T04:51:14.215+0000] {taskinstance.py:3280} INFO - 0 downstream tasks scheduled from follow-on schedule check
[2026-05-01T04:52:15.311+0000] {taskinstance.py:1956} INFO - Dependencies all met for dep_context=non-requeueable deps ti=<TaskInstance: fetch_market_data.check_market_open scheduled__2026-05-01T04:15:00+00:00 [queued]>
[2026-05-01T04:52:15.318+0000] {taskinstance.py:1956} INFO - Dependencies all met for dep_context=requeueable deps ti=<TaskInstance: fetch_market_data.check_market_open scheduled__2026-05-01T04:15:00+00:00 [queued]>
[2026-05-01T04:52:15.319+0000] {taskinstance.py:2170} INFO - Starting attempt 1 of 3
[2026-05-01T04:52:15.328+0000] {taskinstance.py:2191} INFO - Executing <Task(MarketOpenSensor): check_market_open> on 2026-05-01 04:15:00+00:00
[2026-05-01T04:52:15.335+0000] {standard_task_runner.py:60} INFO - Started process 663759 to run task
[2026-05-01T04:52:15.338+0000] {standard_task_runner.py:87} INFO - Running: ['airflow', 'tasks', 'run', 'fetch_market_data', 'check_market_open', 'scheduled__2026-05-01T04:15:00+00:00', '--job-id', '711', '--raw', '--subdir', 'DAGS_FOLDER/fetch_market_data.py', '--cfg-path', '/tmp/tmp8ivp9g_k']
[2026-05-01T04:52:15.341+0000] {standard_task_runner.py:88} INFO - Job 711: Subtask check_market_open
[2026-05-01T04:52:15.418+0000] {task_command.py:423} INFO - Running <TaskInstance: fetch_market_data.check_market_open scheduled__2026-05-01T04:15:00+00:00 [running]> on host reddit-pipeline-vm
[2026-05-01T04:52:15.528+0000] {taskinstance.py:2480} INFO - Exporting env vars: AIRFLOW_CTX_DAG_OWNER='pipeline' AIRFLOW_CTX_DAG_ID='fetch_market_data' AIRFLOW_CTX_TASK_ID='check_market_open' AIRFLOW_CTX_EXECUTION_DATE='2026-05-01T04:15:00+00:00' AIRFLOW_CTX_TRY_NUMBER='1' AIRFLOW_CTX_DAG_RUN_ID='scheduled__2026-05-01T04:15:00+00:00'
[2026-05-01T04:52:15.546+0000] {sensors.py:45} INFO - Market open check at 2026-05-01 00:52 ET: False
[2026-05-01T04:52:15.573+0000] {taskinstance.py:2658} INFO - Rescheduling task, marking task as UP_FOR_RESCHEDULE
[2026-05-01T04:52:15.592+0000] {local_task_job_runner.py:234} INFO - Task exited with return code 0
[2026-05-01T04:52:15.633+0000] {taskinstance.py:3280} INFO - 0 downstream tasks scheduled from follow-on schedule check
[2026-05-01T04:53:16.859+0000] {taskinstance.py:1956} INFO - Dependencies all met for dep_context=non-requeueable deps ti=<TaskInstance: fetch_market_data.check_market_open scheduled__2026-05-01T04:15:00+00:00 [queued]>
[2026-05-01T04:53:16.867+0000] {taskinstance.py:1956} INFO - Dependencies all met for dep_context=requeueable deps ti=<TaskInstance: fetch_market_data.check_market_open scheduled__2026-05-01T04:15:00+00:00 [queued]>
[2026-05-01T04:53:16.867+0000] {taskinstance.py:2170} INFO - Starting attempt 1 of 3
[2026-05-01T04:53:16.877+0000] {taskinstance.py:2191} INFO - Executing <Task(MarketOpenSensor): check_market_open> on 2026-05-01 04:15:00+00:00
[2026-05-01T04:53:16.886+0000] {standard_task_runner.py:60} INFO - Started process 663828 to run task
[2026-05-01T04:53:16.894+0000] {standard_task_runner.py:87} INFO - Running: ['airflow', 'tasks', 'run', 'fetch_market_data', 'check_market_open', 'scheduled__2026-05-01T04:15:00+00:00', '--job-id', '712', '--raw', '--subdir', 'DAGS_FOLDER/fetch_market_data.py', '--cfg-path', '/tmp/tmp6x1zwbji']
[2026-05-01T04:53:16.896+0000] {standard_task_runner.py:88} INFO - Job 712: Subtask check_market_open
[2026-05-01T04:53:16.974+0000] {task_command.py:423} INFO - Running <TaskInstance: fetch_market_data.check_market_open scheduled__2026-05-01T04:15:00+00:00 [running]> on host reddit-pipeline-vm
[2026-05-01T04:53:17.090+0000] {taskinstance.py:2480} INFO - Exporting env vars: AIRFLOW_CTX_DAG_OWNER='pipeline' AIRFLOW_CTX_DAG_ID='fetch_market_data' AIRFLOW_CTX_TASK_ID='check_market_open' AIRFLOW_CTX_EXECUTION_DATE='2026-05-01T04:15:00+00:00' AIRFLOW_CTX_TRY_NUMBER='1' AIRFLOW_CTX_DAG_RUN_ID='scheduled__2026-05-01T04:15:00+00:00'
[2026-05-01T04:53:17.114+0000] {sensors.py:45} INFO - Market open check at 2026-05-01 00:53 ET: False
[2026-05-01T04:53:17.141+0000] {taskinstance.py:2658} INFO - Rescheduling task, marking task as UP_FOR_RESCHEDULE
[2026-05-01T04:53:17.187+0000] {local_task_job_runner.py:234} INFO - Task exited with return code 0
[2026-05-01T04:53:17.227+0000] {taskinstance.py:3280} INFO - 0 downstream tasks scheduled from follow-on schedule check
[2026-05-01T04:54:18.406+0000] {taskinstance.py:1956} INFO - Dependencies all met for dep_context=non-requeueable deps ti=<TaskInstance: fetch_market_data.check_market_open scheduled__2026-05-01T04:15:00+00:00 [queued]>
[2026-05-01T04:54:18.413+0000] {taskinstance.py:1956} INFO - Dependencies all met for dep_context=requeueable deps ti=<TaskInstance: fetch_market_data.check_market_open scheduled__2026-05-01T04:15:00+00:00 [queued]>
[2026-05-01T04:54:18.414+0000] {taskinstance.py:2170} INFO - Starting attempt 1 of 3
[2026-05-01T04:54:18.424+0000] {taskinstance.py:2191} INFO - Executing <Task(MarketOpenSensor): check_market_open> on 2026-05-01 04:15:00+00:00
[2026-05-01T04:54:18.430+0000] {standard_task_runner.py:60} INFO - Started process 663902 to run task
[2026-05-01T04:54:18.433+0000] {standard_task_runner.py:87} INFO - Running: ['airflow', 'tasks', 'run', 'fetch_market_data', 'check_market_open', 'scheduled__2026-05-01T04:15:00+00:00', '--job-id', '713', '--raw', '--subdir', 'DAGS_FOLDER/fetch_market_data.py', '--cfg-path', '/tmp/tmpo7fmaych']
[2026-05-01T04:54:18.435+0000] {standard_task_runner.py:88} INFO - Job 713: Subtask check_market_open
[2026-05-01T04:54:18.510+0000] {task_command.py:423} INFO - Running <TaskInstance: fetch_market_data.check_market_open scheduled__2026-05-01T04:15:00+00:00 [running]> on host reddit-pipeline-vm
[2026-05-01T04:54:18.619+0000] {taskinstance.py:2480} INFO - Exporting env vars: AIRFLOW_CTX_DAG_OWNER='pipeline' AIRFLOW_CTX_DAG_ID='fetch_market_data' AIRFLOW_CTX_TASK_ID='check_market_open' AIRFLOW_CTX_EXECUTION_DATE='2026-05-01T04:15:00+00:00' AIRFLOW_CTX_TRY_NUMBER='1' AIRFLOW_CTX_DAG_RUN_ID='scheduled__2026-05-01T04:15:00+00:00'
[2026-05-01T04:54:18.637+0000] {sensors.py:45} INFO - Market open check at 2026-05-01 00:54 ET: False
[2026-05-01T04:54:18.663+0000] {taskinstance.py:2658} INFO - Rescheduling task, marking task as UP_FOR_RESCHEDULE
[2026-05-01T04:54:18.685+0000] {local_task_job_runner.py:234} INFO - Task exited with return code 0
[2026-05-01T04:54:18.725+0000] {taskinstance.py:3280} INFO - 0 downstream tasks scheduled from follow-on schedule check
[2026-05-01T04:55:19.677+0000] {taskinstance.py:1956} INFO - Dependencies all met for dep_context=non-requeueable deps ti=<TaskInstance: fetch_market_data.check_market_open scheduled__2026-05-01T04:15:00+00:00 [queued]>
[2026-05-01T04:55:19.684+0000] {taskinstance.py:1956} INFO - Dependencies all met for dep_context=requeueable deps ti=<TaskInstance: fetch_market_data.check_market_open scheduled__2026-05-01T04:15:00+00:00 [queued]>
[2026-05-01T04:55:19.684+0000] {taskinstance.py:2170} INFO - Starting attempt 1 of 3
[2026-05-01T04:55:19.696+0000] {taskinstance.py:2191} INFO - Executing <Task(MarketOpenSensor): check_market_open> on 2026-05-01 04:15:00+00:00
[2026-05-01T04:55:19.703+0000] {standard_task_runner.py:60} INFO - Started process 663970 to run task
[2026-05-01T04:55:19.707+0000] {standard_task_runner.py:87} INFO - Running: ['airflow', 'tasks', 'run', 'fetch_market_data', 'check_market_open', 'scheduled__2026-05-01T04:15:00+00:00', '--job-id', '714', '--raw', '--subdir', 'DAGS_FOLDER/fetch_market_data.py', '--cfg-path', '/tmp/tmpxm7l6cy7']
[2026-05-01T04:55:19.708+0000] {standard_task_runner.py:88} INFO - Job 714: Subtask check_market_open
[2026-05-01T04:55:19.783+0000] {task_command.py:423} INFO - Running <TaskInstance: fetch_market_data.check_market_open scheduled__2026-05-01T04:15:00+00:00 [running]> on host reddit-pipeline-vm
[2026-05-01T04:55:19.891+0000] {taskinstance.py:2480} INFO - Exporting env vars: AIRFLOW_CTX_DAG_OWNER='pipeline' AIRFLOW_CTX_DAG_ID='fetch_market_data' AIRFLOW_CTX_TASK_ID='check_market_open' AIRFLOW_CTX_EXECUTION_DATE='2026-05-01T04:15:00+00:00' AIRFLOW_CTX_TRY_NUMBER='1' AIRFLOW_CTX_DAG_RUN_ID='scheduled__2026-05-01T04:15:00+00:00'
[2026-05-01T04:55:19.909+0000] {sensors.py:45} INFO - Market open check at 2026-05-01 00:55 ET: False
[2026-05-01T04:55:19.934+0000] {taskinstance.py:2658} INFO - Rescheduling task, marking task as UP_FOR_RESCHEDULE
[2026-05-01T04:55:19.959+0000] {local_task_job_runner.py:234} INFO - Task exited with return code 0
[2026-05-01T04:55:20.009+0000] {taskinstance.py:3280} INFO - 0 downstream tasks scheduled from follow-on schedule check
[2026-05-01T04:56:20.709+0000] {taskinstance.py:1956} INFO - Dependencies all met for dep_context=non-requeueable deps ti=<TaskInstance: fetch_market_data.check_market_open scheduled__2026-05-01T04:15:00+00:00 [queued]>
[2026-05-01T04:56:20.716+0000] {taskinstance.py:1956} INFO - Dependencies all met for dep_context=requeueable deps ti=<TaskInstance: fetch_market_data.check_market_open scheduled__2026-05-01T04:15:00+00:00 [queued]>
[2026-05-01T04:56:20.716+0000] {taskinstance.py:2170} INFO - Starting attempt 1 of 3
[2026-05-01T04:56:20.726+0000] {taskinstance.py:2191} INFO - Executing <Task(MarketOpenSensor): check_market_open> on 2026-05-01 04:15:00+00:00
[2026-05-01T04:56:20.732+0000] {standard_task_runner.py:60} INFO - Started process 664039 to run task
[2026-05-01T04:56:20.735+0000] {standard_task_runner.py:87} INFO - Running: ['airflow', 'tasks', 'run', 'fetch_market_data', 'check_market_open', 'scheduled__2026-05-01T04:15:00+00:00', '--job-id', '715', '--raw', '--subdir', 'DAGS_FOLDER/fetch_market_data.py', '--cfg-path', '/tmp/tmpraurwaof']
[2026-05-01T04:56:20.737+0000] {standard_task_runner.py:88} INFO - Job 715: Subtask check_market_open
[2026-05-01T04:56:20.812+0000] {task_command.py:423} INFO - Running <TaskInstance: fetch_market_data.check_market_open scheduled__2026-05-01T04:15:00+00:00 [running]> on host reddit-pipeline-vm
[2026-05-01T04:56:20.920+0000] {taskinstance.py:2480} INFO - Exporting env vars: AIRFLOW_CTX_DAG_OWNER='pipeline' AIRFLOW_CTX_DAG_ID='fetch_market_data' AIRFLOW_CTX_TASK_ID='check_market_open' AIRFLOW_CTX_EXECUTION_DATE='2026-05-01T04:15:00+00:00' AIRFLOW_CTX_TRY_NUMBER='1' AIRFLOW_CTX_DAG_RUN_ID='scheduled__2026-05-01T04:15:00+00:00'
[2026-05-01T04:56:20.938+0000] {sensors.py:45} INFO - Market open check at 2026-05-01 00:56 ET: False
[2026-05-01T04:56:20.964+0000] {taskinstance.py:2658} INFO - Rescheduling task, marking task as UP_FOR_RESCHEDULE
[2026-05-01T04:56:20.988+0000] {local_task_job_runner.py:234} INFO - Task exited with return code 0
[2026-05-01T04:56:21.028+0000] {taskinstance.py:3280} INFO - 0 downstream tasks scheduled from follow-on schedule check
[2026-05-01T04:57:21.912+0000] {taskinstance.py:1956} INFO - Dependencies all met for dep_context=non-requeueable deps ti=<TaskInstance: fetch_market_data.check_market_open scheduled__2026-05-01T04:15:00+00:00 [queued]>
[2026-05-01T04:57:21.919+0000] {taskinstance.py:1956} INFO - Dependencies all met for dep_context=requeueable deps ti=<TaskInstance: fetch_market_data.check_market_open scheduled__2026-05-01T04:15:00+00:00 [queued]>
[2026-05-01T04:57:21.920+0000] {taskinstance.py:2170} INFO - Starting attempt 1 of 3
[2026-05-01T04:57:21.930+0000] {taskinstance.py:2191} INFO - Executing <Task(MarketOpenSensor): check_market_open> on 2026-05-01 04:15:00+00:00
[2026-05-01T04:57:21.936+0000] {standard_task_runner.py:60} INFO - Started process 664109 to run task
[2026-05-01T04:57:21.940+0000] {standard_task_runner.py:87} INFO - Running: ['airflow', 'tasks', 'run', 'fetch_market_data', 'check_market_open', 'scheduled__2026-05-01T04:15:00+00:00', '--job-id', '716', '--raw', '--subdir', 'DAGS_FOLDER/fetch_market_data.py', '--cfg-path', '/tmp/tmptx7l6h7p']
[2026-05-01T04:57:21.942+0000] {standard_task_runner.py:88} INFO - Job 716: Subtask check_market_open
[2026-05-01T04:57:22.017+0000] {task_command.py:423} INFO - Running <TaskInstance: fetch_market_data.check_market_open scheduled__2026-05-01T04:15:00+00:00 [running]> on host reddit-pipeline-vm
[2026-05-01T04:57:22.127+0000] {taskinstance.py:2480} INFO - Exporting env vars: AIRFLOW_CTX_DAG_OWNER='pipeline' AIRFLOW_CTX_DAG_ID='fetch_market_data' AIRFLOW_CTX_TASK_ID='check_market_open' AIRFLOW_CTX_EXECUTION_DATE='2026-05-01T04:15:00+00:00' AIRFLOW_CTX_TRY_NUMBER='1' AIRFLOW_CTX_DAG_RUN_ID='scheduled__2026-05-01T04:15:00+00:00'
[2026-05-01T04:57:22.145+0000] {sensors.py:45} INFO - Market open check at 2026-05-01 00:57 ET: False
[2026-05-01T04:57:22.171+0000] {taskinstance.py:2658} INFO - Rescheduling task, marking task as UP_FOR_RESCHEDULE
[2026-05-01T04:57:22.193+0000] {local_task_job_runner.py:234} INFO - Task exited with return code 0
[2026-05-01T04:57:22.233+0000] {taskinstance.py:3280} INFO - 0 downstream tasks scheduled from follow-on schedule check
[2026-05-01T04:58:23.111+0000] {taskinstance.py:1956} INFO - Dependencies all met for dep_context=non-requeueable deps ti=<TaskInstance: fetch_market_data.check_market_open scheduled__2026-05-01T04:15:00+00:00 [queued]>
[2026-05-01T04:58:23.119+0000] {taskinstance.py:1956} INFO - Dependencies all met for dep_context=requeueable deps ti=<TaskInstance: fetch_market_data.check_market_open scheduled__2026-05-01T04:15:00+00:00 [queued]>
[2026-05-01T04:58:23.119+0000] {taskinstance.py:2170} INFO - Starting attempt 1 of 3
[2026-05-01T04:58:23.129+0000] {taskinstance.py:2191} INFO - Executing <Task(MarketOpenSensor): check_market_open> on 2026-05-01 04:15:00+00:00
[2026-05-01T04:58:23.135+0000] {standard_task_runner.py:60} INFO - Started process 664175 to run task
[2026-05-01T04:58:23.139+0000] {standard_task_runner.py:87} INFO - Running: ['airflow', 'tasks', 'run', 'fetch_market_data', 'check_market_open', 'scheduled__2026-05-01T04:15:00+00:00', '--job-id', '717', '--raw', '--subdir', 'DAGS_FOLDER/fetch_market_data.py', '--cfg-path', '/tmp/tmpgoivmfez']
[2026-05-01T04:58:23.141+0000] {standard_task_runner.py:88} INFO - Job 717: Subtask check_market_open
[2026-05-01T04:58:23.217+0000] {task_command.py:423} INFO - Running <TaskInstance: fetch_market_data.check_market_open scheduled__2026-05-01T04:15:00+00:00 [running]> on host reddit-pipeline-vm
[2026-05-01T04:58:23.327+0000] {taskinstance.py:2480} INFO - Exporting env vars: AIRFLOW_CTX_DAG_OWNER='pipeline' AIRFLOW_CTX_DAG_ID='fetch_market_data' AIRFLOW_CTX_TASK_ID='check_market_open' AIRFLOW_CTX_EXECUTION_DATE='2026-05-01T04:15:00+00:00' AIRFLOW_CTX_TRY_NUMBER='1' AIRFLOW_CTX_DAG_RUN_ID='scheduled__2026-05-01T04:15:00+00:00'
[2026-05-01T04:58:23.345+0000] {sensors.py:45} INFO - Market open check at 2026-05-01 00:58 ET: False
[2026-05-01T04:58:23.345+0000] {taskinstance.py:2698} ERROR - Task failed with exception
Traceback (most recent call last):
  File "/home/ubuntu/github_repo/Stock-Market-Intelligence-Pipeline/venv/lib/python3.11/site-packages/airflow/models/taskinstance.py", line 433, in _execute_task
    result = execute_callable(context=context, **execute_callable_kwargs)
             ^^^^^^^^^^^^^^^^^^^^^^^^^^^^^^^^^^^^^^^^^^^^^^^^^^^^^^^^^^^^
  File "/home/ubuntu/github_repo/Stock-Market-Intelligence-Pipeline/venv/lib/python3.11/site-packages/airflow/sensors/base.py", line 282, in execute
    raise AirflowSensorTimeout(message)
airflow.exceptions.AirflowSensorTimeout: Sensor has timed out; run duration of 919.636077 seconds exceeds the specified timeout of 900.0.
[2026-05-01T04:58:23.363+0000] {taskinstance.py:1138} INFO - Immediate failure requested. Marking task as FAILED. dag_id=fetch_market_data, task_id=check_market_open, execution_date=20260501T041500, start_date=20260501T045823, end_date=20260501T045823
[2026-05-01T04:58:23.371+0000] {standard_task_runner.py:107} ERROR - Failed to execute job 717 for task check_market_open (Sensor has timed out; run duration of 919.636077 seconds exceeds the specified timeout of 900.0.; 664175)
[2026-05-01T04:58:23.392+0000] {local_task_job_runner.py:234} INFO - Task exited with return code 1
[2026-05-01T04:58:23.442+0000] {taskinstance.py:3280} INFO - 0 downstream tasks scheduled from follow-on schedule check
