[2026-05-08T10:02:00.437+0000] {taskinstance.py:1956} INFO - Dependencies all met for dep_context=non-requeueable deps ti=<TaskInstance: fetch_market_data.check_market_open scheduled__2026-05-08T09:00:00+00:00 [queued]>
[2026-05-08T10:02:00.445+0000] {taskinstance.py:1956} INFO - Dependencies all met for dep_context=requeueable deps ti=<TaskInstance: fetch_market_data.check_market_open scheduled__2026-05-08T09:00:00+00:00 [queued]>
[2026-05-08T10:02:00.445+0000] {taskinstance.py:2170} INFO - Starting attempt 1 of 3
[2026-05-08T10:02:00.459+0000] {taskinstance.py:2191} INFO - Executing <Task(MarketOpenSensor): check_market_open> on 2026-05-08 09:00:00+00:00
[2026-05-08T10:02:00.467+0000] {standard_task_runner.py:60} INFO - Started process 1206246 to run task
[2026-05-08T10:02:00.471+0000] {standard_task_runner.py:87} INFO - Running: ['airflow', 'tasks', 'run', 'fetch_market_data', 'check_market_open', 'scheduled__2026-05-08T09:00:00+00:00', '--job-id', '1652', '--raw', '--subdir', 'DAGS_FOLDER/fetch_market_data.py', '--cfg-path', '/tmp/tmpaofisl3e']
[2026-05-08T10:02:00.474+0000] {standard_task_runner.py:88} INFO - Job 1652: Subtask check_market_open
[2026-05-08T10:02:00.549+0000] {task_command.py:423} INFO - Running <TaskInstance: fetch_market_data.check_market_open scheduled__2026-05-08T09:00:00+00:00 [running]> on host reddit-pipeline-vm
[2026-05-08T10:02:00.662+0000] {taskinstance.py:2480} INFO - Exporting env vars: AIRFLOW_CTX_DAG_OWNER='pipeline' AIRFLOW_CTX_DAG_ID='fetch_market_data' AIRFLOW_CTX_TASK_ID='check_market_open' AIRFLOW_CTX_EXECUTION_DATE='2026-05-08T09:00:00+00:00' AIRFLOW_CTX_TRY_NUMBER='1' AIRFLOW_CTX_DAG_RUN_ID='scheduled__2026-05-08T09:00:00+00:00'
[2026-05-08T10:02:00.680+0000] {sensors.py:45} INFO - Market open check at 2026-05-08 06:02 ET: False
[2026-05-08T10:02:00.708+0000] {taskinstance.py:2658} INFO - Rescheduling task, marking task as UP_FOR_RESCHEDULE
[2026-05-08T10:02:00.724+0000] {local_task_job_runner.py:234} INFO - Task exited with return code 0
[2026-05-08T10:02:00.763+0000] {taskinstance.py:3280} INFO - 0 downstream tasks scheduled from follow-on schedule check
[2026-05-08T10:17:01.891+0000] {taskinstance.py:1956} INFO - Dependencies all met for dep_context=non-requeueable deps ti=<TaskInstance: fetch_market_data.check_market_open scheduled__2026-05-08T09:00:00+00:00 [queued]>
[2026-05-08T10:17:01.901+0000] {taskinstance.py:1956} INFO - Dependencies all met for dep_context=requeueable deps ti=<TaskInstance: fetch_market_data.check_market_open scheduled__2026-05-08T09:00:00+00:00 [queued]>
[2026-05-08T10:17:01.902+0000] {taskinstance.py:2170} INFO - Starting attempt 1 of 3
[2026-05-08T10:17:01.916+0000] {taskinstance.py:2191} INFO - Executing <Task(MarketOpenSensor): check_market_open> on 2026-05-08 09:00:00+00:00
[2026-05-08T10:17:01.923+0000] {standard_task_runner.py:60} INFO - Started process 1207212 to run task
[2026-05-08T10:17:01.927+0000] {standard_task_runner.py:87} INFO - Running: ['airflow', 'tasks', 'run', 'fetch_market_data', 'check_market_open', 'scheduled__2026-05-08T09:00:00+00:00', '--job-id', '1653', '--raw', '--subdir', 'DAGS_FOLDER/fetch_market_data.py', '--cfg-path', '/tmp/tmpnq1nle_o']
[2026-05-08T10:17:01.929+0000] {standard_task_runner.py:88} INFO - Job 1653: Subtask check_market_open
[2026-05-08T10:17:02.005+0000] {task_command.py:423} INFO - Running <TaskInstance: fetch_market_data.check_market_open scheduled__2026-05-08T09:00:00+00:00 [running]> on host reddit-pipeline-vm
[2026-05-08T10:17:02.116+0000] {taskinstance.py:2480} INFO - Exporting env vars: AIRFLOW_CTX_DAG_OWNER='pipeline' AIRFLOW_CTX_DAG_ID='fetch_market_data' AIRFLOW_CTX_TASK_ID='check_market_open' AIRFLOW_CTX_EXECUTION_DATE='2026-05-08T09:00:00+00:00' AIRFLOW_CTX_TRY_NUMBER='1' AIRFLOW_CTX_DAG_RUN_ID='scheduled__2026-05-08T09:00:00+00:00'
[2026-05-08T10:17:02.133+0000] {sensors.py:45} INFO - Market open check at 2026-05-08 06:17 ET: False
[2026-05-08T10:17:02.160+0000] {taskinstance.py:2658} INFO - Rescheduling task, marking task as UP_FOR_RESCHEDULE
[2026-05-08T10:17:02.181+0000] {local_task_job_runner.py:234} INFO - Task exited with return code 0
[2026-05-08T10:17:02.222+0000] {taskinstance.py:3280} INFO - 0 downstream tasks scheduled from follow-on schedule check
[2026-05-08T10:32:03.057+0000] {taskinstance.py:1956} INFO - Dependencies all met for dep_context=non-requeueable deps ti=<TaskInstance: fetch_market_data.check_market_open scheduled__2026-05-08T09:00:00+00:00 [queued]>
[2026-05-08T10:32:03.067+0000] {taskinstance.py:1956} INFO - Dependencies all met for dep_context=requeueable deps ti=<TaskInstance: fetch_market_data.check_market_open scheduled__2026-05-08T09:00:00+00:00 [queued]>
[2026-05-08T10:32:03.067+0000] {taskinstance.py:2170} INFO - Starting attempt 1 of 3
[2026-05-08T10:32:03.082+0000] {taskinstance.py:2191} INFO - Executing <Task(MarketOpenSensor): check_market_open> on 2026-05-08 09:00:00+00:00
[2026-05-08T10:32:03.090+0000] {standard_task_runner.py:60} INFO - Started process 1208160 to run task
[2026-05-08T10:32:03.093+0000] {standard_task_runner.py:87} INFO - Running: ['airflow', 'tasks', 'run', 'fetch_market_data', 'check_market_open', 'scheduled__2026-05-08T09:00:00+00:00', '--job-id', '1654', '--raw', '--subdir', 'DAGS_FOLDER/fetch_market_data.py', '--cfg-path', '/tmp/tmpeg6mrd0g']
[2026-05-08T10:32:03.096+0000] {standard_task_runner.py:88} INFO - Job 1654: Subtask check_market_open
[2026-05-08T10:32:03.171+0000] {task_command.py:423} INFO - Running <TaskInstance: fetch_market_data.check_market_open scheduled__2026-05-08T09:00:00+00:00 [running]> on host reddit-pipeline-vm
[2026-05-08T10:32:03.284+0000] {taskinstance.py:2480} INFO - Exporting env vars: AIRFLOW_CTX_DAG_OWNER='pipeline' AIRFLOW_CTX_DAG_ID='fetch_market_data' AIRFLOW_CTX_TASK_ID='check_market_open' AIRFLOW_CTX_EXECUTION_DATE='2026-05-08T09:00:00+00:00' AIRFLOW_CTX_TRY_NUMBER='1' AIRFLOW_CTX_DAG_RUN_ID='scheduled__2026-05-08T09:00:00+00:00'
[2026-05-08T10:32:03.301+0000] {sensors.py:45} INFO - Market open check at 2026-05-08 06:32 ET: False
[2026-05-08T10:32:03.327+0000] {taskinstance.py:2658} INFO - Rescheduling task, marking task as UP_FOR_RESCHEDULE
[2026-05-08T10:32:03.348+0000] {local_task_job_runner.py:234} INFO - Task exited with return code 0
[2026-05-08T10:32:03.386+0000] {taskinstance.py:3280} INFO - 0 downstream tasks scheduled from follow-on schedule check
[2026-05-08T10:47:04.158+0000] {taskinstance.py:1956} INFO - Dependencies all met for dep_context=non-requeueable deps ti=<TaskInstance: fetch_market_data.check_market_open scheduled__2026-05-08T09:00:00+00:00 [queued]>
[2026-05-08T10:47:04.168+0000] {taskinstance.py:1956} INFO - Dependencies all met for dep_context=requeueable deps ti=<TaskInstance: fetch_market_data.check_market_open scheduled__2026-05-08T09:00:00+00:00 [queued]>
[2026-05-08T10:47:04.169+0000] {taskinstance.py:2170} INFO - Starting attempt 1 of 3
[2026-05-08T10:47:04.183+0000] {taskinstance.py:2191} INFO - Executing <Task(MarketOpenSensor): check_market_open> on 2026-05-08 09:00:00+00:00
[2026-05-08T10:47:04.191+0000] {standard_task_runner.py:60} INFO - Started process 1209094 to run task
[2026-05-08T10:47:04.194+0000] {standard_task_runner.py:87} INFO - Running: ['airflow', 'tasks', 'run', 'fetch_market_data', 'check_market_open', 'scheduled__2026-05-08T09:00:00+00:00', '--job-id', '1655', '--raw', '--subdir', 'DAGS_FOLDER/fetch_market_data.py', '--cfg-path', '/tmp/tmpi952i2n9']
[2026-05-08T10:47:04.197+0000] {standard_task_runner.py:88} INFO - Job 1655: Subtask check_market_open
[2026-05-08T10:47:04.268+0000] {task_command.py:423} INFO - Running <TaskInstance: fetch_market_data.check_market_open scheduled__2026-05-08T09:00:00+00:00 [running]> on host reddit-pipeline-vm
[2026-05-08T10:47:04.380+0000] {taskinstance.py:2480} INFO - Exporting env vars: AIRFLOW_CTX_DAG_OWNER='pipeline' AIRFLOW_CTX_DAG_ID='fetch_market_data' AIRFLOW_CTX_TASK_ID='check_market_open' AIRFLOW_CTX_EXECUTION_DATE='2026-05-08T09:00:00+00:00' AIRFLOW_CTX_TRY_NUMBER='1' AIRFLOW_CTX_DAG_RUN_ID='scheduled__2026-05-08T09:00:00+00:00'
[2026-05-08T10:47:04.399+0000] {sensors.py:45} INFO - Market open check at 2026-05-08 06:47 ET: False
[2026-05-08T10:47:04.427+0000] {taskinstance.py:2658} INFO - Rescheduling task, marking task as UP_FOR_RESCHEDULE
[2026-05-08T10:47:04.448+0000] {local_task_job_runner.py:234} INFO - Task exited with return code 0
[2026-05-08T10:47:04.489+0000] {taskinstance.py:3280} INFO - 0 downstream tasks scheduled from follow-on schedule check
[2026-05-08T11:02:05.900+0000] {taskinstance.py:1956} INFO - Dependencies all met for dep_context=non-requeueable deps ti=<TaskInstance: fetch_market_data.check_market_open scheduled__2026-05-08T09:00:00+00:00 [queued]>
[2026-05-08T11:02:05.910+0000] {taskinstance.py:1956} INFO - Dependencies all met for dep_context=requeueable deps ti=<TaskInstance: fetch_market_data.check_market_open scheduled__2026-05-08T09:00:00+00:00 [queued]>
[2026-05-08T11:02:05.910+0000] {taskinstance.py:2170} INFO - Starting attempt 1 of 3
[2026-05-08T11:02:05.924+0000] {taskinstance.py:2191} INFO - Executing <Task(MarketOpenSensor): check_market_open> on 2026-05-08 09:00:00+00:00
[2026-05-08T11:02:05.931+0000] {standard_task_runner.py:60} INFO - Started process 1210051 to run task
[2026-05-08T11:02:05.935+0000] {standard_task_runner.py:87} INFO - Running: ['airflow', 'tasks', 'run', 'fetch_market_data', 'check_market_open', 'scheduled__2026-05-08T09:00:00+00:00', '--job-id', '1656', '--raw', '--subdir', 'DAGS_FOLDER/fetch_market_data.py', '--cfg-path', '/tmp/tmp5ju8fx0r']
[2026-05-08T11:02:05.937+0000] {standard_task_runner.py:88} INFO - Job 1656: Subtask check_market_open
[2026-05-08T11:02:06.014+0000] {task_command.py:423} INFO - Running <TaskInstance: fetch_market_data.check_market_open scheduled__2026-05-08T09:00:00+00:00 [running]> on host reddit-pipeline-vm
[2026-05-08T11:02:06.122+0000] {taskinstance.py:2480} INFO - Exporting env vars: AIRFLOW_CTX_DAG_OWNER='pipeline' AIRFLOW_CTX_DAG_ID='fetch_market_data' AIRFLOW_CTX_TASK_ID='check_market_open' AIRFLOW_CTX_EXECUTION_DATE='2026-05-08T09:00:00+00:00' AIRFLOW_CTX_TRY_NUMBER='1' AIRFLOW_CTX_DAG_RUN_ID='scheduled__2026-05-08T09:00:00+00:00'
[2026-05-08T11:02:06.138+0000] {sensors.py:45} INFO - Market open check at 2026-05-08 07:02 ET: False
[2026-05-08T11:02:06.138+0000] {taskinstance.py:2360} INFO - Sensor has timed out; run duration of 3605.555456 seconds exceeds the specified timeout of 3600.0.
[2026-05-08T11:02:06.156+0000] {taskinstance.py:1138} INFO - Marking task as SKIPPED. dag_id=fetch_market_data, task_id=check_market_open, execution_date=20260508T090000, start_date=20260508T110205, end_date=20260508T110206
[2026-05-08T11:02:06.189+0000] {local_task_job_runner.py:234} INFO - Task exited with return code 0
[2026-05-08T11:02:06.236+0000] {taskinstance.py:3280} INFO - 0 downstream tasks scheduled from follow-on schedule check
