[2026-05-11T01:00:09.091+0000] {taskinstance.py:1956} INFO - Dependencies all met for dep_context=non-requeueable deps ti=<TaskInstance: fetch_market_data.check_market_open scheduled__2026-05-11T00:00:00+00:00 [queued]>
[2026-05-11T01:00:09.097+0000] {taskinstance.py:1956} INFO - Dependencies all met for dep_context=requeueable deps ti=<TaskInstance: fetch_market_data.check_market_open scheduled__2026-05-11T00:00:00+00:00 [queued]>
[2026-05-11T01:00:09.098+0000] {taskinstance.py:2170} INFO - Starting attempt 1 of 3
[2026-05-11T01:00:09.110+0000] {taskinstance.py:2191} INFO - Executing <Task(MarketOpenSensor): check_market_open> on 2026-05-11 00:00:00+00:00
[2026-05-11T01:00:09.116+0000] {standard_task_runner.py:60} INFO - Started process 1457149 to run task
[2026-05-11T01:00:09.121+0000] {standard_task_runner.py:87} INFO - Running: ['airflow', 'tasks', 'run', 'fetch_market_data', 'check_market_open', 'scheduled__2026-05-11T00:00:00+00:00', '--job-id', '1771', '--raw', '--subdir', 'DAGS_FOLDER/fetch_market_data.py', '--cfg-path', '/tmp/tmps8b_oo17']
[2026-05-11T01:00:09.123+0000] {standard_task_runner.py:88} INFO - Job 1771: Subtask check_market_open
[2026-05-11T01:00:09.194+0000] {task_command.py:423} INFO - Running <TaskInstance: fetch_market_data.check_market_open scheduled__2026-05-11T00:00:00+00:00 [running]> on host reddit-pipeline-vm
[2026-05-11T01:00:09.290+0000] {taskinstance.py:2480} INFO - Exporting env vars: AIRFLOW_CTX_DAG_OWNER='pipeline' AIRFLOW_CTX_DAG_ID='fetch_market_data' AIRFLOW_CTX_TASK_ID='check_market_open' AIRFLOW_CTX_EXECUTION_DATE='2026-05-11T00:00:00+00:00' AIRFLOW_CTX_TRY_NUMBER='1' AIRFLOW_CTX_DAG_RUN_ID='scheduled__2026-05-11T00:00:00+00:00'
[2026-05-11T01:00:09.305+0000] {sensors.py:45} INFO - Market open check at 2026-05-10 21:00 ET: False
[2026-05-11T01:00:09.327+0000] {taskinstance.py:2658} INFO - Rescheduling task, marking task as UP_FOR_RESCHEDULE
[2026-05-11T01:00:09.375+0000] {local_task_job_runner.py:234} INFO - Task exited with return code 0
[2026-05-11T01:00:09.409+0000] {taskinstance.py:3280} INFO - 0 downstream tasks scheduled from follow-on schedule check
[2026-05-11T01:15:10.625+0000] {taskinstance.py:1956} INFO - Dependencies all met for dep_context=non-requeueable deps ti=<TaskInstance: fetch_market_data.check_market_open scheduled__2026-05-11T00:00:00+00:00 [queued]>
[2026-05-11T01:15:10.632+0000] {taskinstance.py:1956} INFO - Dependencies all met for dep_context=requeueable deps ti=<TaskInstance: fetch_market_data.check_market_open scheduled__2026-05-11T00:00:00+00:00 [queued]>
[2026-05-11T01:15:10.633+0000] {taskinstance.py:2170} INFO - Starting attempt 1 of 3
[2026-05-11T01:15:10.644+0000] {taskinstance.py:2191} INFO - Executing <Task(MarketOpenSensor): check_market_open> on 2026-05-11 00:00:00+00:00
[2026-05-11T01:15:10.652+0000] {standard_task_runner.py:60} INFO - Started process 1458137 to run task
[2026-05-11T01:15:10.655+0000] {standard_task_runner.py:87} INFO - Running: ['airflow', 'tasks', 'run', 'fetch_market_data', 'check_market_open', 'scheduled__2026-05-11T00:00:00+00:00', '--job-id', '1772', '--raw', '--subdir', 'DAGS_FOLDER/fetch_market_data.py', '--cfg-path', '/tmp/tmpkwa7oih8']
[2026-05-11T01:15:10.657+0000] {standard_task_runner.py:88} INFO - Job 1772: Subtask check_market_open
[2026-05-11T01:15:10.721+0000] {task_command.py:423} INFO - Running <TaskInstance: fetch_market_data.check_market_open scheduled__2026-05-11T00:00:00+00:00 [running]> on host reddit-pipeline-vm
[2026-05-11T01:15:10.812+0000] {taskinstance.py:2480} INFO - Exporting env vars: AIRFLOW_CTX_DAG_OWNER='pipeline' AIRFLOW_CTX_DAG_ID='fetch_market_data' AIRFLOW_CTX_TASK_ID='check_market_open' AIRFLOW_CTX_EXECUTION_DATE='2026-05-11T00:00:00+00:00' AIRFLOW_CTX_TRY_NUMBER='1' AIRFLOW_CTX_DAG_RUN_ID='scheduled__2026-05-11T00:00:00+00:00'
[2026-05-11T01:15:10.828+0000] {sensors.py:45} INFO - Market open check at 2026-05-10 21:15 ET: False
[2026-05-11T01:15:10.853+0000] {taskinstance.py:2658} INFO - Rescheduling task, marking task as UP_FOR_RESCHEDULE
[2026-05-11T01:15:10.871+0000] {local_task_job_runner.py:234} INFO - Task exited with return code 0
[2026-05-11T01:15:10.904+0000] {taskinstance.py:3280} INFO - 0 downstream tasks scheduled from follow-on schedule check
[2026-05-11T01:30:12.092+0000] {taskinstance.py:1956} INFO - Dependencies all met for dep_context=non-requeueable deps ti=<TaskInstance: fetch_market_data.check_market_open scheduled__2026-05-11T00:00:00+00:00 [queued]>
[2026-05-11T01:30:12.100+0000] {taskinstance.py:1956} INFO - Dependencies all met for dep_context=requeueable deps ti=<TaskInstance: fetch_market_data.check_market_open scheduled__2026-05-11T00:00:00+00:00 [queued]>
[2026-05-11T01:30:12.100+0000] {taskinstance.py:2170} INFO - Starting attempt 1 of 3
[2026-05-11T01:30:12.111+0000] {taskinstance.py:2191} INFO - Executing <Task(MarketOpenSensor): check_market_open> on 2026-05-11 00:00:00+00:00
[2026-05-11T01:30:12.118+0000] {standard_task_runner.py:60} INFO - Started process 1459103 to run task
[2026-05-11T01:30:12.121+0000] {standard_task_runner.py:87} INFO - Running: ['airflow', 'tasks', 'run', 'fetch_market_data', 'check_market_open', 'scheduled__2026-05-11T00:00:00+00:00', '--job-id', '1773', '--raw', '--subdir', 'DAGS_FOLDER/fetch_market_data.py', '--cfg-path', '/tmp/tmp41811i5t']
[2026-05-11T01:30:12.123+0000] {standard_task_runner.py:88} INFO - Job 1773: Subtask check_market_open
[2026-05-11T01:30:12.194+0000] {task_command.py:423} INFO - Running <TaskInstance: fetch_market_data.check_market_open scheduled__2026-05-11T00:00:00+00:00 [running]> on host reddit-pipeline-vm
[2026-05-11T01:30:12.320+0000] {taskinstance.py:2480} INFO - Exporting env vars: AIRFLOW_CTX_DAG_OWNER='pipeline' AIRFLOW_CTX_DAG_ID='fetch_market_data' AIRFLOW_CTX_TASK_ID='check_market_open' AIRFLOW_CTX_EXECUTION_DATE='2026-05-11T00:00:00+00:00' AIRFLOW_CTX_TRY_NUMBER='1' AIRFLOW_CTX_DAG_RUN_ID='scheduled__2026-05-11T00:00:00+00:00'
[2026-05-11T01:30:12.335+0000] {sensors.py:45} INFO - Market open check at 2026-05-10 21:30 ET: False
[2026-05-11T01:30:12.357+0000] {taskinstance.py:2658} INFO - Rescheduling task, marking task as UP_FOR_RESCHEDULE
[2026-05-11T01:30:12.375+0000] {local_task_job_runner.py:234} INFO - Task exited with return code 0
[2026-05-11T01:30:12.409+0000] {taskinstance.py:3280} INFO - 0 downstream tasks scheduled from follow-on schedule check
[2026-05-11T01:45:13.885+0000] {taskinstance.py:1956} INFO - Dependencies all met for dep_context=non-requeueable deps ti=<TaskInstance: fetch_market_data.check_market_open scheduled__2026-05-11T00:00:00+00:00 [queued]>
[2026-05-11T01:45:13.893+0000] {taskinstance.py:1956} INFO - Dependencies all met for dep_context=requeueable deps ti=<TaskInstance: fetch_market_data.check_market_open scheduled__2026-05-11T00:00:00+00:00 [queued]>
[2026-05-11T01:45:13.893+0000] {taskinstance.py:2170} INFO - Starting attempt 1 of 3
[2026-05-11T01:45:13.904+0000] {taskinstance.py:2191} INFO - Executing <Task(MarketOpenSensor): check_market_open> on 2026-05-11 00:00:00+00:00
[2026-05-11T01:45:13.910+0000] {standard_task_runner.py:60} INFO - Started process 1460090 to run task
[2026-05-11T01:45:13.913+0000] {standard_task_runner.py:87} INFO - Running: ['airflow', 'tasks', 'run', 'fetch_market_data', 'check_market_open', 'scheduled__2026-05-11T00:00:00+00:00', '--job-id', '1774', '--raw', '--subdir', 'DAGS_FOLDER/fetch_market_data.py', '--cfg-path', '/tmp/tmpncy591uh']
[2026-05-11T01:45:13.915+0000] {standard_task_runner.py:88} INFO - Job 1774: Subtask check_market_open
[2026-05-11T01:45:13.979+0000] {task_command.py:423} INFO - Running <TaskInstance: fetch_market_data.check_market_open scheduled__2026-05-11T00:00:00+00:00 [running]> on host reddit-pipeline-vm
[2026-05-11T01:45:14.071+0000] {taskinstance.py:2480} INFO - Exporting env vars: AIRFLOW_CTX_DAG_OWNER='pipeline' AIRFLOW_CTX_DAG_ID='fetch_market_data' AIRFLOW_CTX_TASK_ID='check_market_open' AIRFLOW_CTX_EXECUTION_DATE='2026-05-11T00:00:00+00:00' AIRFLOW_CTX_TRY_NUMBER='1' AIRFLOW_CTX_DAG_RUN_ID='scheduled__2026-05-11T00:00:00+00:00'
[2026-05-11T01:45:14.086+0000] {sensors.py:45} INFO - Market open check at 2026-05-10 21:45 ET: False
[2026-05-11T01:45:14.109+0000] {taskinstance.py:2658} INFO - Rescheduling task, marking task as UP_FOR_RESCHEDULE
[2026-05-11T01:45:14.128+0000] {local_task_job_runner.py:234} INFO - Task exited with return code 0
[2026-05-11T01:45:14.161+0000] {taskinstance.py:3280} INFO - 0 downstream tasks scheduled from follow-on schedule check
[2026-05-11T02:00:15.387+0000] {taskinstance.py:1956} INFO - Dependencies all met for dep_context=non-requeueable deps ti=<TaskInstance: fetch_market_data.check_market_open scheduled__2026-05-11T00:00:00+00:00 [queued]>
[2026-05-11T02:00:15.395+0000] {taskinstance.py:1956} INFO - Dependencies all met for dep_context=requeueable deps ti=<TaskInstance: fetch_market_data.check_market_open scheduled__2026-05-11T00:00:00+00:00 [queued]>
[2026-05-11T02:00:15.395+0000] {taskinstance.py:2170} INFO - Starting attempt 1 of 3
[2026-05-11T02:00:15.406+0000] {taskinstance.py:2191} INFO - Executing <Task(MarketOpenSensor): check_market_open> on 2026-05-11 00:00:00+00:00
[2026-05-11T02:00:15.413+0000] {standard_task_runner.py:60} INFO - Started process 1461064 to run task
[2026-05-11T02:00:15.416+0000] {standard_task_runner.py:87} INFO - Running: ['airflow', 'tasks', 'run', 'fetch_market_data', 'check_market_open', 'scheduled__2026-05-11T00:00:00+00:00', '--job-id', '1775', '--raw', '--subdir', 'DAGS_FOLDER/fetch_market_data.py', '--cfg-path', '/tmp/tmp9lu8uora']
[2026-05-11T02:00:15.418+0000] {standard_task_runner.py:88} INFO - Job 1775: Subtask check_market_open
[2026-05-11T02:00:15.483+0000] {task_command.py:423} INFO - Running <TaskInstance: fetch_market_data.check_market_open scheduled__2026-05-11T00:00:00+00:00 [running]> on host reddit-pipeline-vm
[2026-05-11T02:00:15.575+0000] {taskinstance.py:2480} INFO - Exporting env vars: AIRFLOW_CTX_DAG_OWNER='pipeline' AIRFLOW_CTX_DAG_ID='fetch_market_data' AIRFLOW_CTX_TASK_ID='check_market_open' AIRFLOW_CTX_EXECUTION_DATE='2026-05-11T00:00:00+00:00' AIRFLOW_CTX_TRY_NUMBER='1' AIRFLOW_CTX_DAG_RUN_ID='scheduled__2026-05-11T00:00:00+00:00'
[2026-05-11T02:00:15.590+0000] {sensors.py:45} INFO - Market open check at 2026-05-10 22:00 ET: False
[2026-05-11T02:00:15.590+0000] {taskinstance.py:2360} INFO - Sensor has timed out; run duration of 3606.36638 seconds exceeds the specified timeout of 3600.0.
[2026-05-11T02:00:15.604+0000] {taskinstance.py:1138} INFO - Marking task as SKIPPED. dag_id=fetch_market_data, task_id=check_market_open, execution_date=20260511T000000, start_date=20260511T020015, end_date=20260511T020015
[2026-05-11T02:00:15.629+0000] {local_task_job_runner.py:234} INFO - Task exited with return code 0
[2026-05-11T02:00:15.672+0000] {taskinstance.py:3280} INFO - 0 downstream tasks scheduled from follow-on schedule check
