[2026-05-01T12:00:01.149+0000] {taskinstance.py:1956} INFO - Dependencies all met for dep_context=non-requeueable deps ti=<TaskInstance: fetch_market_data.check_market_open scheduled__2026-05-01T11:00:00+00:00 [queued]>
[2026-05-01T12:00:01.155+0000] {taskinstance.py:1956} INFO - Dependencies all met for dep_context=requeueable deps ti=<TaskInstance: fetch_market_data.check_market_open scheduled__2026-05-01T11:00:00+00:00 [queued]>
[2026-05-01T12:00:01.156+0000] {taskinstance.py:2170} INFO - Starting attempt 1 of 3
[2026-05-01T12:00:01.165+0000] {taskinstance.py:2191} INFO - Executing <Task(MarketOpenSensor): check_market_open> on 2026-05-01 11:00:00+00:00
[2026-05-01T12:00:01.172+0000] {standard_task_runner.py:60} INFO - Started process 689351 to run task
[2026-05-01T12:00:01.175+0000] {standard_task_runner.py:87} INFO - Running: ['airflow', 'tasks', 'run', 'fetch_market_data', 'check_market_open', 'scheduled__2026-05-01T11:00:00+00:00', '--job-id', '926', '--raw', '--subdir', 'DAGS_FOLDER/fetch_market_data.py', '--cfg-path', '/tmp/tmpefnqj0ms']
[2026-05-01T12:00:01.177+0000] {standard_task_runner.py:88} INFO - Job 926: Subtask check_market_open
[2026-05-01T12:00:01.251+0000] {task_command.py:423} INFO - Running <TaskInstance: fetch_market_data.check_market_open scheduled__2026-05-01T11:00:00+00:00 [running]> on host reddit-pipeline-vm
[2026-05-01T12:00:01.363+0000] {taskinstance.py:2480} INFO - Exporting env vars: AIRFLOW_CTX_DAG_OWNER='pipeline' AIRFLOW_CTX_DAG_ID='fetch_market_data' AIRFLOW_CTX_TASK_ID='check_market_open' AIRFLOW_CTX_EXECUTION_DATE='2026-05-01T11:00:00+00:00' AIRFLOW_CTX_TRY_NUMBER='1' AIRFLOW_CTX_DAG_RUN_ID='scheduled__2026-05-01T11:00:00+00:00'
[2026-05-01T12:00:01.380+0000] {sensors.py:45} INFO - Market open check at 2026-05-01 08:00 ET: False
[2026-05-01T12:00:01.406+0000] {taskinstance.py:2658} INFO - Rescheduling task, marking task as UP_FOR_RESCHEDULE
[2026-05-01T12:00:01.430+0000] {local_task_job_runner.py:234} INFO - Task exited with return code 0
[2026-05-01T12:00:01.470+0000] {taskinstance.py:3280} INFO - 0 downstream tasks scheduled from follow-on schedule check
[2026-05-01T12:01:02.132+0000] {taskinstance.py:1956} INFO - Dependencies all met for dep_context=non-requeueable deps ti=<TaskInstance: fetch_market_data.check_market_open scheduled__2026-05-01T11:00:00+00:00 [queued]>
[2026-05-01T12:01:02.139+0000] {taskinstance.py:1956} INFO - Dependencies all met for dep_context=requeueable deps ti=<TaskInstance: fetch_market_data.check_market_open scheduled__2026-05-01T11:00:00+00:00 [queued]>
[2026-05-01T12:01:02.139+0000] {taskinstance.py:2170} INFO - Starting attempt 1 of 3
[2026-05-01T12:01:02.149+0000] {taskinstance.py:2191} INFO - Executing <Task(MarketOpenSensor): check_market_open> on 2026-05-01 11:00:00+00:00
[2026-05-01T12:01:02.161+0000] {standard_task_runner.py:60} INFO - Started process 689415 to run task
[2026-05-01T12:01:02.164+0000] {standard_task_runner.py:87} INFO - Running: ['airflow', 'tasks', 'run', 'fetch_market_data', 'check_market_open', 'scheduled__2026-05-01T11:00:00+00:00', '--job-id', '927', '--raw', '--subdir', 'DAGS_FOLDER/fetch_market_data.py', '--cfg-path', '/tmp/tmpsv5xob7n']
[2026-05-01T12:01:02.167+0000] {standard_task_runner.py:88} INFO - Job 927: Subtask check_market_open
[2026-05-01T12:01:02.252+0000] {task_command.py:423} INFO - Running <TaskInstance: fetch_market_data.check_market_open scheduled__2026-05-01T11:00:00+00:00 [running]> on host reddit-pipeline-vm
[2026-05-01T12:01:02.358+0000] {taskinstance.py:2480} INFO - Exporting env vars: AIRFLOW_CTX_DAG_OWNER='pipeline' AIRFLOW_CTX_DAG_ID='fetch_market_data' AIRFLOW_CTX_TASK_ID='check_market_open' AIRFLOW_CTX_EXECUTION_DATE='2026-05-01T11:00:00+00:00' AIRFLOW_CTX_TRY_NUMBER='1' AIRFLOW_CTX_DAG_RUN_ID='scheduled__2026-05-01T11:00:00+00:00'
[2026-05-01T12:01:02.375+0000] {sensors.py:45} INFO - Market open check at 2026-05-01 08:01 ET: False
[2026-05-01T12:01:02.400+0000] {taskinstance.py:2658} INFO - Rescheduling task, marking task as UP_FOR_RESCHEDULE
[2026-05-01T12:01:02.420+0000] {local_task_job_runner.py:234} INFO - Task exited with return code 0
[2026-05-01T12:01:02.459+0000] {taskinstance.py:3280} INFO - 0 downstream tasks scheduled from follow-on schedule check
[2026-05-01T12:02:03.717+0000] {taskinstance.py:1956} INFO - Dependencies all met for dep_context=non-requeueable deps ti=<TaskInstance: fetch_market_data.check_market_open scheduled__2026-05-01T11:00:00+00:00 [queued]>
[2026-05-01T12:02:03.724+0000] {taskinstance.py:1956} INFO - Dependencies all met for dep_context=requeueable deps ti=<TaskInstance: fetch_market_data.check_market_open scheduled__2026-05-01T11:00:00+00:00 [queued]>
[2026-05-01T12:02:03.724+0000] {taskinstance.py:2170} INFO - Starting attempt 1 of 3
[2026-05-01T12:02:03.733+0000] {taskinstance.py:2191} INFO - Executing <Task(MarketOpenSensor): check_market_open> on 2026-05-01 11:00:00+00:00
[2026-05-01T12:02:03.739+0000] {standard_task_runner.py:60} INFO - Started process 689487 to run task
[2026-05-01T12:02:03.743+0000] {standard_task_runner.py:87} INFO - Running: ['airflow', 'tasks', 'run', 'fetch_market_data', 'check_market_open', 'scheduled__2026-05-01T11:00:00+00:00', '--job-id', '928', '--raw', '--subdir', 'DAGS_FOLDER/fetch_market_data.py', '--cfg-path', '/tmp/tmpu5l_fg2t']
[2026-05-01T12:02:03.745+0000] {standard_task_runner.py:88} INFO - Job 928: Subtask check_market_open
[2026-05-01T12:02:03.816+0000] {task_command.py:423} INFO - Running <TaskInstance: fetch_market_data.check_market_open scheduled__2026-05-01T11:00:00+00:00 [running]> on host reddit-pipeline-vm
[2026-05-01T12:02:03.919+0000] {taskinstance.py:2480} INFO - Exporting env vars: AIRFLOW_CTX_DAG_OWNER='pipeline' AIRFLOW_CTX_DAG_ID='fetch_market_data' AIRFLOW_CTX_TASK_ID='check_market_open' AIRFLOW_CTX_EXECUTION_DATE='2026-05-01T11:00:00+00:00' AIRFLOW_CTX_TRY_NUMBER='1' AIRFLOW_CTX_DAG_RUN_ID='scheduled__2026-05-01T11:00:00+00:00'
[2026-05-01T12:02:03.937+0000] {sensors.py:45} INFO - Market open check at 2026-05-01 08:02 ET: False
[2026-05-01T12:02:03.962+0000] {taskinstance.py:2658} INFO - Rescheduling task, marking task as UP_FOR_RESCHEDULE
[2026-05-01T12:02:03.996+0000] {local_task_job_runner.py:234} INFO - Task exited with return code 0
[2026-05-01T12:02:04.036+0000] {taskinstance.py:3280} INFO - 0 downstream tasks scheduled from follow-on schedule check
[2026-05-01T12:03:05.000+0000] {taskinstance.py:1956} INFO - Dependencies all met for dep_context=non-requeueable deps ti=<TaskInstance: fetch_market_data.check_market_open scheduled__2026-05-01T11:00:00+00:00 [queued]>
[2026-05-01T12:03:05.007+0000] {taskinstance.py:1956} INFO - Dependencies all met for dep_context=requeueable deps ti=<TaskInstance: fetch_market_data.check_market_open scheduled__2026-05-01T11:00:00+00:00 [queued]>
[2026-05-01T12:03:05.007+0000] {taskinstance.py:2170} INFO - Starting attempt 1 of 3
[2026-05-01T12:03:05.022+0000] {taskinstance.py:2191} INFO - Executing <Task(MarketOpenSensor): check_market_open> on 2026-05-01 11:00:00+00:00
[2026-05-01T12:03:05.037+0000] {standard_task_runner.py:60} INFO - Started process 689560 to run task
[2026-05-01T12:03:05.043+0000] {standard_task_runner.py:87} INFO - Running: ['airflow', 'tasks', 'run', 'fetch_market_data', 'check_market_open', 'scheduled__2026-05-01T11:00:00+00:00', '--job-id', '929', '--raw', '--subdir', 'DAGS_FOLDER/fetch_market_data.py', '--cfg-path', '/tmp/tmpffpfc_09']
[2026-05-01T12:03:05.047+0000] {standard_task_runner.py:88} INFO - Job 929: Subtask check_market_open
[2026-05-01T12:03:05.130+0000] {task_command.py:423} INFO - Running <TaskInstance: fetch_market_data.check_market_open scheduled__2026-05-01T11:00:00+00:00 [running]> on host reddit-pipeline-vm
[2026-05-01T12:03:05.245+0000] {taskinstance.py:2480} INFO - Exporting env vars: AIRFLOW_CTX_DAG_OWNER='pipeline' AIRFLOW_CTX_DAG_ID='fetch_market_data' AIRFLOW_CTX_TASK_ID='check_market_open' AIRFLOW_CTX_EXECUTION_DATE='2026-05-01T11:00:00+00:00' AIRFLOW_CTX_TRY_NUMBER='1' AIRFLOW_CTX_DAG_RUN_ID='scheduled__2026-05-01T11:00:00+00:00'
[2026-05-01T12:03:05.266+0000] {sensors.py:45} INFO - Market open check at 2026-05-01 08:03 ET: False
[2026-05-01T12:03:05.292+0000] {taskinstance.py:2658} INFO - Rescheduling task, marking task as UP_FOR_RESCHEDULE
[2026-05-01T12:03:05.339+0000] {local_task_job_runner.py:234} INFO - Task exited with return code 0
[2026-05-01T12:03:05.379+0000] {taskinstance.py:3280} INFO - 0 downstream tasks scheduled from follow-on schedule check
[2026-05-01T12:04:06.062+0000] {taskinstance.py:1956} INFO - Dependencies all met for dep_context=non-requeueable deps ti=<TaskInstance: fetch_market_data.check_market_open scheduled__2026-05-01T11:00:00+00:00 [queued]>
[2026-05-01T12:04:06.069+0000] {taskinstance.py:1956} INFO - Dependencies all met for dep_context=requeueable deps ti=<TaskInstance: fetch_market_data.check_market_open scheduled__2026-05-01T11:00:00+00:00 [queued]>
[2026-05-01T12:04:06.069+0000] {taskinstance.py:2170} INFO - Starting attempt 1 of 3
[2026-05-01T12:04:06.079+0000] {taskinstance.py:2191} INFO - Executing <Task(MarketOpenSensor): check_market_open> on 2026-05-01 11:00:00+00:00
[2026-05-01T12:04:06.085+0000] {standard_task_runner.py:60} INFO - Started process 689624 to run task
[2026-05-01T12:04:06.089+0000] {standard_task_runner.py:87} INFO - Running: ['airflow', 'tasks', 'run', 'fetch_market_data', 'check_market_open', 'scheduled__2026-05-01T11:00:00+00:00', '--job-id', '930', '--raw', '--subdir', 'DAGS_FOLDER/fetch_market_data.py', '--cfg-path', '/tmp/tmprstfdxdn']
[2026-05-01T12:04:06.091+0000] {standard_task_runner.py:88} INFO - Job 930: Subtask check_market_open
[2026-05-01T12:04:06.164+0000] {task_command.py:423} INFO - Running <TaskInstance: fetch_market_data.check_market_open scheduled__2026-05-01T11:00:00+00:00 [running]> on host reddit-pipeline-vm
[2026-05-01T12:04:06.267+0000] {taskinstance.py:2480} INFO - Exporting env vars: AIRFLOW_CTX_DAG_OWNER='pipeline' AIRFLOW_CTX_DAG_ID='fetch_market_data' AIRFLOW_CTX_TASK_ID='check_market_open' AIRFLOW_CTX_EXECUTION_DATE='2026-05-01T11:00:00+00:00' AIRFLOW_CTX_TRY_NUMBER='1' AIRFLOW_CTX_DAG_RUN_ID='scheduled__2026-05-01T11:00:00+00:00'
[2026-05-01T12:04:06.285+0000] {sensors.py:45} INFO - Market open check at 2026-05-01 08:04 ET: False
[2026-05-01T12:04:06.310+0000] {taskinstance.py:2658} INFO - Rescheduling task, marking task as UP_FOR_RESCHEDULE
[2026-05-01T12:04:06.341+0000] {local_task_job_runner.py:234} INFO - Task exited with return code 0
[2026-05-01T12:04:06.381+0000] {taskinstance.py:3280} INFO - 0 downstream tasks scheduled from follow-on schedule check
[2026-05-01T12:05:07.739+0000] {taskinstance.py:1956} INFO - Dependencies all met for dep_context=non-requeueable deps ti=<TaskInstance: fetch_market_data.check_market_open scheduled__2026-05-01T11:00:00+00:00 [queued]>
[2026-05-01T12:05:07.746+0000] {taskinstance.py:1956} INFO - Dependencies all met for dep_context=requeueable deps ti=<TaskInstance: fetch_market_data.check_market_open scheduled__2026-05-01T11:00:00+00:00 [queued]>
[2026-05-01T12:05:07.746+0000] {taskinstance.py:2170} INFO - Starting attempt 1 of 3
[2026-05-01T12:05:07.755+0000] {taskinstance.py:2191} INFO - Executing <Task(MarketOpenSensor): check_market_open> on 2026-05-01 11:00:00+00:00
[2026-05-01T12:05:07.765+0000] {standard_task_runner.py:60} INFO - Started process 689694 to run task
[2026-05-01T12:05:07.771+0000] {standard_task_runner.py:87} INFO - Running: ['airflow', 'tasks', 'run', 'fetch_market_data', 'check_market_open', 'scheduled__2026-05-01T11:00:00+00:00', '--job-id', '931', '--raw', '--subdir', 'DAGS_FOLDER/fetch_market_data.py', '--cfg-path', '/tmp/tmpfx4js6wr']
[2026-05-01T12:05:07.773+0000] {standard_task_runner.py:88} INFO - Job 931: Subtask check_market_open
[2026-05-01T12:05:07.878+0000] {task_command.py:423} INFO - Running <TaskInstance: fetch_market_data.check_market_open scheduled__2026-05-01T11:00:00+00:00 [running]> on host reddit-pipeline-vm
[2026-05-01T12:05:07.998+0000] {taskinstance.py:2480} INFO - Exporting env vars: AIRFLOW_CTX_DAG_OWNER='pipeline' AIRFLOW_CTX_DAG_ID='fetch_market_data' AIRFLOW_CTX_TASK_ID='check_market_open' AIRFLOW_CTX_EXECUTION_DATE='2026-05-01T11:00:00+00:00' AIRFLOW_CTX_TRY_NUMBER='1' AIRFLOW_CTX_DAG_RUN_ID='scheduled__2026-05-01T11:00:00+00:00'
[2026-05-01T12:05:08.017+0000] {sensors.py:45} INFO - Market open check at 2026-05-01 08:05 ET: False
[2026-05-01T12:05:08.045+0000] {taskinstance.py:2658} INFO - Rescheduling task, marking task as UP_FOR_RESCHEDULE
[2026-05-01T12:05:08.064+0000] {local_task_job_runner.py:234} INFO - Task exited with return code 0
[2026-05-01T12:05:08.104+0000] {taskinstance.py:3280} INFO - 0 downstream tasks scheduled from follow-on schedule check
[2026-05-01T12:06:09.374+0000] {taskinstance.py:1956} INFO - Dependencies all met for dep_context=non-requeueable deps ti=<TaskInstance: fetch_market_data.check_market_open scheduled__2026-05-01T11:00:00+00:00 [queued]>
[2026-05-01T12:06:09.381+0000] {taskinstance.py:1956} INFO - Dependencies all met for dep_context=requeueable deps ti=<TaskInstance: fetch_market_data.check_market_open scheduled__2026-05-01T11:00:00+00:00 [queued]>
[2026-05-01T12:06:09.382+0000] {taskinstance.py:2170} INFO - Starting attempt 1 of 3
[2026-05-01T12:06:09.391+0000] {taskinstance.py:2191} INFO - Executing <Task(MarketOpenSensor): check_market_open> on 2026-05-01 11:00:00+00:00
[2026-05-01T12:06:09.400+0000] {standard_task_runner.py:60} INFO - Started process 689768 to run task
[2026-05-01T12:06:09.406+0000] {standard_task_runner.py:87} INFO - Running: ['airflow', 'tasks', 'run', 'fetch_market_data', 'check_market_open', 'scheduled__2026-05-01T11:00:00+00:00', '--job-id', '932', '--raw', '--subdir', 'DAGS_FOLDER/fetch_market_data.py', '--cfg-path', '/tmp/tmpcv0pdnt8']
[2026-05-01T12:06:09.409+0000] {standard_task_runner.py:88} INFO - Job 932: Subtask check_market_open
[2026-05-01T12:06:09.485+0000] {task_command.py:423} INFO - Running <TaskInstance: fetch_market_data.check_market_open scheduled__2026-05-01T11:00:00+00:00 [running]> on host reddit-pipeline-vm
[2026-05-01T12:06:09.589+0000] {taskinstance.py:2480} INFO - Exporting env vars: AIRFLOW_CTX_DAG_OWNER='pipeline' AIRFLOW_CTX_DAG_ID='fetch_market_data' AIRFLOW_CTX_TASK_ID='check_market_open' AIRFLOW_CTX_EXECUTION_DATE='2026-05-01T11:00:00+00:00' AIRFLOW_CTX_TRY_NUMBER='1' AIRFLOW_CTX_DAG_RUN_ID='scheduled__2026-05-01T11:00:00+00:00'
[2026-05-01T12:06:09.607+0000] {sensors.py:45} INFO - Market open check at 2026-05-01 08:06 ET: False
[2026-05-01T12:06:09.631+0000] {taskinstance.py:2658} INFO - Rescheduling task, marking task as UP_FOR_RESCHEDULE
[2026-05-01T12:06:09.662+0000] {local_task_job_runner.py:234} INFO - Task exited with return code 0
[2026-05-01T12:06:09.701+0000] {taskinstance.py:3280} INFO - 0 downstream tasks scheduled from follow-on schedule check
[2026-05-01T12:07:11.019+0000] {taskinstance.py:1956} INFO - Dependencies all met for dep_context=non-requeueable deps ti=<TaskInstance: fetch_market_data.check_market_open scheduled__2026-05-01T11:00:00+00:00 [queued]>
[2026-05-01T12:07:11.026+0000] {taskinstance.py:1956} INFO - Dependencies all met for dep_context=requeueable deps ti=<TaskInstance: fetch_market_data.check_market_open scheduled__2026-05-01T11:00:00+00:00 [queued]>
[2026-05-01T12:07:11.027+0000] {taskinstance.py:2170} INFO - Starting attempt 1 of 3
[2026-05-01T12:07:11.037+0000] {taskinstance.py:2191} INFO - Executing <Task(MarketOpenSensor): check_market_open> on 2026-05-01 11:00:00+00:00
[2026-05-01T12:07:11.043+0000] {standard_task_runner.py:60} INFO - Started process 689839 to run task
[2026-05-01T12:07:11.046+0000] {standard_task_runner.py:87} INFO - Running: ['airflow', 'tasks', 'run', 'fetch_market_data', 'check_market_open', 'scheduled__2026-05-01T11:00:00+00:00', '--job-id', '933', '--raw', '--subdir', 'DAGS_FOLDER/fetch_market_data.py', '--cfg-path', '/tmp/tmpk28jx18t']
[2026-05-01T12:07:11.048+0000] {standard_task_runner.py:88} INFO - Job 933: Subtask check_market_open
[2026-05-01T12:07:11.121+0000] {task_command.py:423} INFO - Running <TaskInstance: fetch_market_data.check_market_open scheduled__2026-05-01T11:00:00+00:00 [running]> on host reddit-pipeline-vm
[2026-05-01T12:07:11.232+0000] {taskinstance.py:2480} INFO - Exporting env vars: AIRFLOW_CTX_DAG_OWNER='pipeline' AIRFLOW_CTX_DAG_ID='fetch_market_data' AIRFLOW_CTX_TASK_ID='check_market_open' AIRFLOW_CTX_EXECUTION_DATE='2026-05-01T11:00:00+00:00' AIRFLOW_CTX_TRY_NUMBER='1' AIRFLOW_CTX_DAG_RUN_ID='scheduled__2026-05-01T11:00:00+00:00'
[2026-05-01T12:07:11.253+0000] {sensors.py:45} INFO - Market open check at 2026-05-01 08:07 ET: False
[2026-05-01T12:07:11.278+0000] {taskinstance.py:2658} INFO - Rescheduling task, marking task as UP_FOR_RESCHEDULE
[2026-05-01T12:07:11.301+0000] {local_task_job_runner.py:234} INFO - Task exited with return code 0
[2026-05-01T12:07:11.340+0000] {taskinstance.py:3280} INFO - 0 downstream tasks scheduled from follow-on schedule check
[2026-05-01T12:08:12.531+0000] {taskinstance.py:1956} INFO - Dependencies all met for dep_context=non-requeueable deps ti=<TaskInstance: fetch_market_data.check_market_open scheduled__2026-05-01T11:00:00+00:00 [queued]>
[2026-05-01T12:08:12.538+0000] {taskinstance.py:1956} INFO - Dependencies all met for dep_context=requeueable deps ti=<TaskInstance: fetch_market_data.check_market_open scheduled__2026-05-01T11:00:00+00:00 [queued]>
[2026-05-01T12:08:12.538+0000] {taskinstance.py:2170} INFO - Starting attempt 1 of 3
[2026-05-01T12:08:12.548+0000] {taskinstance.py:2191} INFO - Executing <Task(MarketOpenSensor): check_market_open> on 2026-05-01 11:00:00+00:00
[2026-05-01T12:08:12.554+0000] {standard_task_runner.py:60} INFO - Started process 689909 to run task
[2026-05-01T12:08:12.557+0000] {standard_task_runner.py:87} INFO - Running: ['airflow', 'tasks', 'run', 'fetch_market_data', 'check_market_open', 'scheduled__2026-05-01T11:00:00+00:00', '--job-id', '934', '--raw', '--subdir', 'DAGS_FOLDER/fetch_market_data.py', '--cfg-path', '/tmp/tmpky863hsm']
[2026-05-01T12:08:12.559+0000] {standard_task_runner.py:88} INFO - Job 934: Subtask check_market_open
[2026-05-01T12:08:12.633+0000] {task_command.py:423} INFO - Running <TaskInstance: fetch_market_data.check_market_open scheduled__2026-05-01T11:00:00+00:00 [running]> on host reddit-pipeline-vm
[2026-05-01T12:08:12.736+0000] {taskinstance.py:2480} INFO - Exporting env vars: AIRFLOW_CTX_DAG_OWNER='pipeline' AIRFLOW_CTX_DAG_ID='fetch_market_data' AIRFLOW_CTX_TASK_ID='check_market_open' AIRFLOW_CTX_EXECUTION_DATE='2026-05-01T11:00:00+00:00' AIRFLOW_CTX_TRY_NUMBER='1' AIRFLOW_CTX_DAG_RUN_ID='scheduled__2026-05-01T11:00:00+00:00'
[2026-05-01T12:08:12.753+0000] {sensors.py:45} INFO - Market open check at 2026-05-01 08:08 ET: False
[2026-05-01T12:08:12.777+0000] {taskinstance.py:2658} INFO - Rescheduling task, marking task as UP_FOR_RESCHEDULE
[2026-05-01T12:08:12.809+0000] {local_task_job_runner.py:234} INFO - Task exited with return code 0
[2026-05-01T12:08:12.851+0000] {taskinstance.py:3280} INFO - 0 downstream tasks scheduled from follow-on schedule check
[2026-05-01T12:09:13.877+0000] {taskinstance.py:1956} INFO - Dependencies all met for dep_context=non-requeueable deps ti=<TaskInstance: fetch_market_data.check_market_open scheduled__2026-05-01T11:00:00+00:00 [queued]>
[2026-05-01T12:09:13.884+0000] {taskinstance.py:1956} INFO - Dependencies all met for dep_context=requeueable deps ti=<TaskInstance: fetch_market_data.check_market_open scheduled__2026-05-01T11:00:00+00:00 [queued]>
[2026-05-01T12:09:13.884+0000] {taskinstance.py:2170} INFO - Starting attempt 1 of 3
[2026-05-01T12:09:13.894+0000] {taskinstance.py:2191} INFO - Executing <Task(MarketOpenSensor): check_market_open> on 2026-05-01 11:00:00+00:00
[2026-05-01T12:09:13.904+0000] {standard_task_runner.py:60} INFO - Started process 689976 to run task
[2026-05-01T12:09:13.908+0000] {standard_task_runner.py:87} INFO - Running: ['airflow', 'tasks', 'run', 'fetch_market_data', 'check_market_open', 'scheduled__2026-05-01T11:00:00+00:00', '--job-id', '935', '--raw', '--subdir', 'DAGS_FOLDER/fetch_market_data.py', '--cfg-path', '/tmp/tmphavykqx9']
[2026-05-01T12:09:13.911+0000] {standard_task_runner.py:88} INFO - Job 935: Subtask check_market_open
[2026-05-01T12:09:13.996+0000] {task_command.py:423} INFO - Running <TaskInstance: fetch_market_data.check_market_open scheduled__2026-05-01T11:00:00+00:00 [running]> on host reddit-pipeline-vm
[2026-05-01T12:09:14.112+0000] {taskinstance.py:2480} INFO - Exporting env vars: AIRFLOW_CTX_DAG_OWNER='pipeline' AIRFLOW_CTX_DAG_ID='fetch_market_data' AIRFLOW_CTX_TASK_ID='check_market_open' AIRFLOW_CTX_EXECUTION_DATE='2026-05-01T11:00:00+00:00' AIRFLOW_CTX_TRY_NUMBER='1' AIRFLOW_CTX_DAG_RUN_ID='scheduled__2026-05-01T11:00:00+00:00'
[2026-05-01T12:09:14.132+0000] {sensors.py:45} INFO - Market open check at 2026-05-01 08:09 ET: False
[2026-05-01T12:09:14.160+0000] {taskinstance.py:2658} INFO - Rescheduling task, marking task as UP_FOR_RESCHEDULE
[2026-05-01T12:09:14.202+0000] {local_task_job_runner.py:234} INFO - Task exited with return code 0
[2026-05-01T12:09:14.242+0000] {taskinstance.py:3280} INFO - 0 downstream tasks scheduled from follow-on schedule check
[2026-05-01T12:10:14.687+0000] {taskinstance.py:1956} INFO - Dependencies all met for dep_context=non-requeueable deps ti=<TaskInstance: fetch_market_data.check_market_open scheduled__2026-05-01T11:00:00+00:00 [queued]>
[2026-05-01T12:10:14.695+0000] {taskinstance.py:1956} INFO - Dependencies all met for dep_context=requeueable deps ti=<TaskInstance: fetch_market_data.check_market_open scheduled__2026-05-01T11:00:00+00:00 [queued]>
[2026-05-01T12:10:14.695+0000] {taskinstance.py:2170} INFO - Starting attempt 1 of 3
[2026-05-01T12:10:14.705+0000] {taskinstance.py:2191} INFO - Executing <Task(MarketOpenSensor): check_market_open> on 2026-05-01 11:00:00+00:00
[2026-05-01T12:10:14.711+0000] {standard_task_runner.py:60} INFO - Started process 690041 to run task
[2026-05-01T12:10:14.714+0000] {standard_task_runner.py:87} INFO - Running: ['airflow', 'tasks', 'run', 'fetch_market_data', 'check_market_open', 'scheduled__2026-05-01T11:00:00+00:00', '--job-id', '936', '--raw', '--subdir', 'DAGS_FOLDER/fetch_market_data.py', '--cfg-path', '/tmp/tmpr_n450kw']
[2026-05-01T12:10:14.716+0000] {standard_task_runner.py:88} INFO - Job 936: Subtask check_market_open
[2026-05-01T12:10:14.789+0000] {task_command.py:423} INFO - Running <TaskInstance: fetch_market_data.check_market_open scheduled__2026-05-01T11:00:00+00:00 [running]> on host reddit-pipeline-vm
[2026-05-01T12:10:14.893+0000] {taskinstance.py:2480} INFO - Exporting env vars: AIRFLOW_CTX_DAG_OWNER='pipeline' AIRFLOW_CTX_DAG_ID='fetch_market_data' AIRFLOW_CTX_TASK_ID='check_market_open' AIRFLOW_CTX_EXECUTION_DATE='2026-05-01T11:00:00+00:00' AIRFLOW_CTX_TRY_NUMBER='1' AIRFLOW_CTX_DAG_RUN_ID='scheduled__2026-05-01T11:00:00+00:00'
[2026-05-01T12:10:14.910+0000] {sensors.py:45} INFO - Market open check at 2026-05-01 08:10 ET: False
[2026-05-01T12:10:14.934+0000] {taskinstance.py:2658} INFO - Rescheduling task, marking task as UP_FOR_RESCHEDULE
[2026-05-01T12:10:14.966+0000] {local_task_job_runner.py:234} INFO - Task exited with return code 0
[2026-05-01T12:10:15.004+0000] {taskinstance.py:3280} INFO - 0 downstream tasks scheduled from follow-on schedule check
[2026-05-01T12:11:15.987+0000] {taskinstance.py:1956} INFO - Dependencies all met for dep_context=non-requeueable deps ti=<TaskInstance: fetch_market_data.check_market_open scheduled__2026-05-01T11:00:00+00:00 [queued]>
[2026-05-01T12:11:15.994+0000] {taskinstance.py:1956} INFO - Dependencies all met for dep_context=requeueable deps ti=<TaskInstance: fetch_market_data.check_market_open scheduled__2026-05-01T11:00:00+00:00 [queued]>
[2026-05-01T12:11:15.995+0000] {taskinstance.py:2170} INFO - Starting attempt 1 of 3
[2026-05-01T12:11:16.004+0000] {taskinstance.py:2191} INFO - Executing <Task(MarketOpenSensor): check_market_open> on 2026-05-01 11:00:00+00:00
[2026-05-01T12:11:16.010+0000] {standard_task_runner.py:60} INFO - Started process 690121 to run task
[2026-05-01T12:11:16.013+0000] {standard_task_runner.py:87} INFO - Running: ['airflow', 'tasks', 'run', 'fetch_market_data', 'check_market_open', 'scheduled__2026-05-01T11:00:00+00:00', '--job-id', '937', '--raw', '--subdir', 'DAGS_FOLDER/fetch_market_data.py', '--cfg-path', '/tmp/tmppm_p99y1']
[2026-05-01T12:11:16.015+0000] {standard_task_runner.py:88} INFO - Job 937: Subtask check_market_open
[2026-05-01T12:11:16.089+0000] {task_command.py:423} INFO - Running <TaskInstance: fetch_market_data.check_market_open scheduled__2026-05-01T11:00:00+00:00 [running]> on host reddit-pipeline-vm
[2026-05-01T12:11:16.193+0000] {taskinstance.py:2480} INFO - Exporting env vars: AIRFLOW_CTX_DAG_OWNER='pipeline' AIRFLOW_CTX_DAG_ID='fetch_market_data' AIRFLOW_CTX_TASK_ID='check_market_open' AIRFLOW_CTX_EXECUTION_DATE='2026-05-01T11:00:00+00:00' AIRFLOW_CTX_TRY_NUMBER='1' AIRFLOW_CTX_DAG_RUN_ID='scheduled__2026-05-01T11:00:00+00:00'
[2026-05-01T12:11:16.210+0000] {sensors.py:45} INFO - Market open check at 2026-05-01 08:11 ET: False
[2026-05-01T12:11:16.235+0000] {taskinstance.py:2658} INFO - Rescheduling task, marking task as UP_FOR_RESCHEDULE
[2026-05-01T12:11:16.266+0000] {local_task_job_runner.py:234} INFO - Task exited with return code 0
[2026-05-01T12:11:16.305+0000] {taskinstance.py:3280} INFO - 0 downstream tasks scheduled from follow-on schedule check
[2026-05-01T12:12:17.488+0000] {taskinstance.py:1956} INFO - Dependencies all met for dep_context=non-requeueable deps ti=<TaskInstance: fetch_market_data.check_market_open scheduled__2026-05-01T11:00:00+00:00 [queued]>
[2026-05-01T12:12:17.495+0000] {taskinstance.py:1956} INFO - Dependencies all met for dep_context=requeueable deps ti=<TaskInstance: fetch_market_data.check_market_open scheduled__2026-05-01T11:00:00+00:00 [queued]>
[2026-05-01T12:12:17.495+0000] {taskinstance.py:2170} INFO - Starting attempt 1 of 3
[2026-05-01T12:12:17.505+0000] {taskinstance.py:2191} INFO - Executing <Task(MarketOpenSensor): check_market_open> on 2026-05-01 11:00:00+00:00
[2026-05-01T12:12:17.511+0000] {standard_task_runner.py:60} INFO - Started process 690191 to run task
[2026-05-01T12:12:17.514+0000] {standard_task_runner.py:87} INFO - Running: ['airflow', 'tasks', 'run', 'fetch_market_data', 'check_market_open', 'scheduled__2026-05-01T11:00:00+00:00', '--job-id', '938', '--raw', '--subdir', 'DAGS_FOLDER/fetch_market_data.py', '--cfg-path', '/tmp/tmpt912cntu']
[2026-05-01T12:12:17.516+0000] {standard_task_runner.py:88} INFO - Job 938: Subtask check_market_open
[2026-05-01T12:12:17.589+0000] {task_command.py:423} INFO - Running <TaskInstance: fetch_market_data.check_market_open scheduled__2026-05-01T11:00:00+00:00 [running]> on host reddit-pipeline-vm
[2026-05-01T12:12:17.693+0000] {taskinstance.py:2480} INFO - Exporting env vars: AIRFLOW_CTX_DAG_OWNER='pipeline' AIRFLOW_CTX_DAG_ID='fetch_market_data' AIRFLOW_CTX_TASK_ID='check_market_open' AIRFLOW_CTX_EXECUTION_DATE='2026-05-01T11:00:00+00:00' AIRFLOW_CTX_TRY_NUMBER='1' AIRFLOW_CTX_DAG_RUN_ID='scheduled__2026-05-01T11:00:00+00:00'
[2026-05-01T12:12:17.711+0000] {sensors.py:45} INFO - Market open check at 2026-05-01 08:12 ET: False
[2026-05-01T12:12:17.735+0000] {taskinstance.py:2658} INFO - Rescheduling task, marking task as UP_FOR_RESCHEDULE
[2026-05-01T12:12:17.767+0000] {local_task_job_runner.py:234} INFO - Task exited with return code 0
[2026-05-01T12:12:17.806+0000] {taskinstance.py:3280} INFO - 0 downstream tasks scheduled from follow-on schedule check
[2026-05-01T12:13:19.018+0000] {taskinstance.py:1956} INFO - Dependencies all met for dep_context=non-requeueable deps ti=<TaskInstance: fetch_market_data.check_market_open scheduled__2026-05-01T11:00:00+00:00 [queued]>
[2026-05-01T12:13:19.025+0000] {taskinstance.py:1956} INFO - Dependencies all met for dep_context=requeueable deps ti=<TaskInstance: fetch_market_data.check_market_open scheduled__2026-05-01T11:00:00+00:00 [queued]>
[2026-05-01T12:13:19.025+0000] {taskinstance.py:2170} INFO - Starting attempt 1 of 3
[2026-05-01T12:13:19.034+0000] {taskinstance.py:2191} INFO - Executing <Task(MarketOpenSensor): check_market_open> on 2026-05-01 11:00:00+00:00
[2026-05-01T12:13:19.041+0000] {standard_task_runner.py:60} INFO - Started process 690258 to run task
[2026-05-01T12:13:19.044+0000] {standard_task_runner.py:87} INFO - Running: ['airflow', 'tasks', 'run', 'fetch_market_data', 'check_market_open', 'scheduled__2026-05-01T11:00:00+00:00', '--job-id', '939', '--raw', '--subdir', 'DAGS_FOLDER/fetch_market_data.py', '--cfg-path', '/tmp/tmp8fauuu4p']
[2026-05-01T12:13:19.045+0000] {standard_task_runner.py:88} INFO - Job 939: Subtask check_market_open
[2026-05-01T12:13:19.116+0000] {task_command.py:423} INFO - Running <TaskInstance: fetch_market_data.check_market_open scheduled__2026-05-01T11:00:00+00:00 [running]> on host reddit-pipeline-vm
[2026-05-01T12:13:19.217+0000] {taskinstance.py:2480} INFO - Exporting env vars: AIRFLOW_CTX_DAG_OWNER='pipeline' AIRFLOW_CTX_DAG_ID='fetch_market_data' AIRFLOW_CTX_TASK_ID='check_market_open' AIRFLOW_CTX_EXECUTION_DATE='2026-05-01T11:00:00+00:00' AIRFLOW_CTX_TRY_NUMBER='1' AIRFLOW_CTX_DAG_RUN_ID='scheduled__2026-05-01T11:00:00+00:00'
[2026-05-01T12:13:19.234+0000] {sensors.py:45} INFO - Market open check at 2026-05-01 08:13 ET: False
[2026-05-01T12:13:19.258+0000] {taskinstance.py:2658} INFO - Rescheduling task, marking task as UP_FOR_RESCHEDULE
[2026-05-01T12:13:19.296+0000] {local_task_job_runner.py:234} INFO - Task exited with return code 0
[2026-05-01T12:13:19.334+0000] {taskinstance.py:3280} INFO - 0 downstream tasks scheduled from follow-on schedule check
[2026-05-01T12:14:20.564+0000] {taskinstance.py:1956} INFO - Dependencies all met for dep_context=non-requeueable deps ti=<TaskInstance: fetch_market_data.check_market_open scheduled__2026-05-01T11:00:00+00:00 [queued]>
[2026-05-01T12:14:20.571+0000] {taskinstance.py:1956} INFO - Dependencies all met for dep_context=requeueable deps ti=<TaskInstance: fetch_market_data.check_market_open scheduled__2026-05-01T11:00:00+00:00 [queued]>
[2026-05-01T12:14:20.571+0000] {taskinstance.py:2170} INFO - Starting attempt 1 of 3
[2026-05-01T12:14:20.581+0000] {taskinstance.py:2191} INFO - Executing <Task(MarketOpenSensor): check_market_open> on 2026-05-01 11:00:00+00:00
[2026-05-01T12:14:20.587+0000] {standard_task_runner.py:60} INFO - Started process 690326 to run task
[2026-05-01T12:14:20.590+0000] {standard_task_runner.py:87} INFO - Running: ['airflow', 'tasks', 'run', 'fetch_market_data', 'check_market_open', 'scheduled__2026-05-01T11:00:00+00:00', '--job-id', '940', '--raw', '--subdir', 'DAGS_FOLDER/fetch_market_data.py', '--cfg-path', '/tmp/tmpc03ks_pn']
[2026-05-01T12:14:20.592+0000] {standard_task_runner.py:88} INFO - Job 940: Subtask check_market_open
[2026-05-01T12:14:20.666+0000] {task_command.py:423} INFO - Running <TaskInstance: fetch_market_data.check_market_open scheduled__2026-05-01T11:00:00+00:00 [running]> on host reddit-pipeline-vm
[2026-05-01T12:14:20.792+0000] {taskinstance.py:2480} INFO - Exporting env vars: AIRFLOW_CTX_DAG_OWNER='pipeline' AIRFLOW_CTX_DAG_ID='fetch_market_data' AIRFLOW_CTX_TASK_ID='check_market_open' AIRFLOW_CTX_EXECUTION_DATE='2026-05-01T11:00:00+00:00' AIRFLOW_CTX_TRY_NUMBER='1' AIRFLOW_CTX_DAG_RUN_ID='scheduled__2026-05-01T11:00:00+00:00'
[2026-05-01T12:14:20.827+0000] {sensors.py:45} INFO - Market open check at 2026-05-01 08:14 ET: False
[2026-05-01T12:14:20.862+0000] {taskinstance.py:2658} INFO - Rescheduling task, marking task as UP_FOR_RESCHEDULE
[2026-05-01T12:14:20.885+0000] {local_task_job_runner.py:234} INFO - Task exited with return code 0
[2026-05-01T12:14:20.926+0000] {taskinstance.py:3280} INFO - 0 downstream tasks scheduled from follow-on schedule check
[2026-05-01T12:15:21.943+0000] {taskinstance.py:1956} INFO - Dependencies all met for dep_context=non-requeueable deps ti=<TaskInstance: fetch_market_data.check_market_open scheduled__2026-05-01T11:00:00+00:00 [queued]>
[2026-05-01T12:15:21.951+0000] {taskinstance.py:1956} INFO - Dependencies all met for dep_context=requeueable deps ti=<TaskInstance: fetch_market_data.check_market_open scheduled__2026-05-01T11:00:00+00:00 [queued]>
[2026-05-01T12:15:21.952+0000] {taskinstance.py:2170} INFO - Starting attempt 1 of 3
[2026-05-01T12:15:21.961+0000] {taskinstance.py:2191} INFO - Executing <Task(MarketOpenSensor): check_market_open> on 2026-05-01 11:00:00+00:00
[2026-05-01T12:15:21.972+0000] {standard_task_runner.py:60} INFO - Started process 690400 to run task
[2026-05-01T12:15:21.977+0000] {standard_task_runner.py:87} INFO - Running: ['airflow', 'tasks', 'run', 'fetch_market_data', 'check_market_open', 'scheduled__2026-05-01T11:00:00+00:00', '--job-id', '941', '--raw', '--subdir', 'DAGS_FOLDER/fetch_market_data.py', '--cfg-path', '/tmp/tmpgm1rvnoa']
[2026-05-01T12:15:21.979+0000] {standard_task_runner.py:88} INFO - Job 941: Subtask check_market_open
[2026-05-01T12:15:22.089+0000] {task_command.py:423} INFO - Running <TaskInstance: fetch_market_data.check_market_open scheduled__2026-05-01T11:00:00+00:00 [running]> on host reddit-pipeline-vm
[2026-05-01T12:15:22.206+0000] {taskinstance.py:2480} INFO - Exporting env vars: AIRFLOW_CTX_DAG_OWNER='pipeline' AIRFLOW_CTX_DAG_ID='fetch_market_data' AIRFLOW_CTX_TASK_ID='check_market_open' AIRFLOW_CTX_EXECUTION_DATE='2026-05-01T11:00:00+00:00' AIRFLOW_CTX_TRY_NUMBER='1' AIRFLOW_CTX_DAG_RUN_ID='scheduled__2026-05-01T11:00:00+00:00'
[2026-05-01T12:15:22.225+0000] {sensors.py:45} INFO - Market open check at 2026-05-01 08:15 ET: False
[2026-05-01T12:15:22.225+0000] {taskinstance.py:2698} ERROR - Task failed with exception
Traceback (most recent call last):
  File "/home/ubuntu/github_repo/Stock-Market-Intelligence-Pipeline/venv/lib/python3.11/site-packages/airflow/models/taskinstance.py", line 433, in _execute_task
    result = execute_callable(context=context, **execute_callable_kwargs)
             ^^^^^^^^^^^^^^^^^^^^^^^^^^^^^^^^^^^^^^^^^^^^^^^^^^^^^^^^^^^^
  File "/home/ubuntu/github_repo/Stock-Market-Intelligence-Pipeline/venv/lib/python3.11/site-packages/airflow/sensors/base.py", line 282, in execute
    raise AirflowSensorTimeout(message)
airflow.exceptions.AirflowSensorTimeout: Sensor has timed out; run duration of 920.940624 seconds exceeds the specified timeout of 900.0.
[2026-05-01T12:15:22.245+0000] {taskinstance.py:1138} INFO - Immediate failure requested. Marking task as FAILED. dag_id=fetch_market_data, task_id=check_market_open, execution_date=20260501T110000, start_date=20260501T121521, end_date=20260501T121522
[2026-05-01T12:15:22.258+0000] {standard_task_runner.py:107} ERROR - Failed to execute job 941 for task check_market_open (Sensor has timed out; run duration of 920.940624 seconds exceeds the specified timeout of 900.0.; 690400)
[2026-05-01T12:15:22.311+0000] {local_task_job_runner.py:234} INFO - Task exited with return code 1
[2026-05-01T12:15:22.345+0000] {taskinstance.py:3280} INFO - 0 downstream tasks scheduled from follow-on schedule check
