[2026-05-01T06:00:01.016+0000] {taskinstance.py:1956} INFO - Dependencies all met for dep_context=non-requeueable deps ti=<TaskInstance: fetch_market_data.check_market_open scheduled__2026-05-01T05:30:00+00:00 [queued]>
[2026-05-01T06:00:01.023+0000] {taskinstance.py:1956} INFO - Dependencies all met for dep_context=requeueable deps ti=<TaskInstance: fetch_market_data.check_market_open scheduled__2026-05-01T05:30:00+00:00 [queued]>
[2026-05-01T06:00:01.023+0000] {taskinstance.py:2170} INFO - Starting attempt 1 of 3
[2026-05-01T06:00:01.033+0000] {taskinstance.py:2191} INFO - Executing <Task(MarketOpenSensor): check_market_open> on 2026-05-01 05:30:00+00:00
[2026-05-01T06:00:01.039+0000] {standard_task_runner.py:60} INFO - Started process 668677 to run task
[2026-05-01T06:00:01.043+0000] {standard_task_runner.py:87} INFO - Running: ['airflow', 'tasks', 'run', 'fetch_market_data', 'check_market_open', 'scheduled__2026-05-01T05:30:00+00:00', '--job-id', '782', '--raw', '--subdir', 'DAGS_FOLDER/fetch_market_data.py', '--cfg-path', '/tmp/tmp_vpngk58']
[2026-05-01T06:00:01.044+0000] {standard_task_runner.py:88} INFO - Job 782: Subtask check_market_open
[2026-05-01T06:00:01.121+0000] {task_command.py:423} INFO - Running <TaskInstance: fetch_market_data.check_market_open scheduled__2026-05-01T05:30:00+00:00 [running]> on host reddit-pipeline-vm
[2026-05-01T06:00:01.233+0000] {taskinstance.py:2480} INFO - Exporting env vars: AIRFLOW_CTX_DAG_OWNER='pipeline' AIRFLOW_CTX_DAG_ID='fetch_market_data' AIRFLOW_CTX_TASK_ID='check_market_open' AIRFLOW_CTX_EXECUTION_DATE='2026-05-01T05:30:00+00:00' AIRFLOW_CTX_TRY_NUMBER='1' AIRFLOW_CTX_DAG_RUN_ID='scheduled__2026-05-01T05:30:00+00:00'
[2026-05-01T06:00:01.251+0000] {sensors.py:45} INFO - Market open check at 2026-05-01 02:00 ET: False
[2026-05-01T06:00:01.277+0000] {taskinstance.py:2658} INFO - Rescheduling task, marking task as UP_FOR_RESCHEDULE
[2026-05-01T06:00:01.296+0000] {local_task_job_runner.py:234} INFO - Task exited with return code 0
[2026-05-01T06:00:01.337+0000] {taskinstance.py:3280} INFO - 0 downstream tasks scheduled from follow-on schedule check
[2026-05-01T06:01:02.770+0000] {taskinstance.py:1956} INFO - Dependencies all met for dep_context=non-requeueable deps ti=<TaskInstance: fetch_market_data.check_market_open scheduled__2026-05-01T05:30:00+00:00 [queued]>
[2026-05-01T06:01:02.777+0000] {taskinstance.py:1956} INFO - Dependencies all met for dep_context=requeueable deps ti=<TaskInstance: fetch_market_data.check_market_open scheduled__2026-05-01T05:30:00+00:00 [queued]>
[2026-05-01T06:01:02.778+0000] {taskinstance.py:2170} INFO - Starting attempt 1 of 3
[2026-05-01T06:01:02.787+0000] {taskinstance.py:2191} INFO - Executing <Task(MarketOpenSensor): check_market_open> on 2026-05-01 05:30:00+00:00
[2026-05-01T06:01:02.794+0000] {standard_task_runner.py:60} INFO - Started process 668746 to run task
[2026-05-01T06:01:02.797+0000] {standard_task_runner.py:87} INFO - Running: ['airflow', 'tasks', 'run', 'fetch_market_data', 'check_market_open', 'scheduled__2026-05-01T05:30:00+00:00', '--job-id', '783', '--raw', '--subdir', 'DAGS_FOLDER/fetch_market_data.py', '--cfg-path', '/tmp/tmpxd928o8n']
[2026-05-01T06:01:02.799+0000] {standard_task_runner.py:88} INFO - Job 783: Subtask check_market_open
[2026-05-01T06:01:02.875+0000] {task_command.py:423} INFO - Running <TaskInstance: fetch_market_data.check_market_open scheduled__2026-05-01T05:30:00+00:00 [running]> on host reddit-pipeline-vm
[2026-05-01T06:01:02.984+0000] {taskinstance.py:2480} INFO - Exporting env vars: AIRFLOW_CTX_DAG_OWNER='pipeline' AIRFLOW_CTX_DAG_ID='fetch_market_data' AIRFLOW_CTX_TASK_ID='check_market_open' AIRFLOW_CTX_EXECUTION_DATE='2026-05-01T05:30:00+00:00' AIRFLOW_CTX_TRY_NUMBER='1' AIRFLOW_CTX_DAG_RUN_ID='scheduled__2026-05-01T05:30:00+00:00'
[2026-05-01T06:01:03.003+0000] {sensors.py:45} INFO - Market open check at 2026-05-01 02:01 ET: False
[2026-05-01T06:01:03.029+0000] {taskinstance.py:2658} INFO - Rescheduling task, marking task as UP_FOR_RESCHEDULE
[2026-05-01T06:01:03.050+0000] {local_task_job_runner.py:234} INFO - Task exited with return code 0
[2026-05-01T06:01:03.090+0000] {taskinstance.py:3280} INFO - 0 downstream tasks scheduled from follow-on schedule check
[2026-05-01T06:02:04.359+0000] {taskinstance.py:1956} INFO - Dependencies all met for dep_context=non-requeueable deps ti=<TaskInstance: fetch_market_data.check_market_open scheduled__2026-05-01T05:30:00+00:00 [queued]>
[2026-05-01T06:02:04.367+0000] {taskinstance.py:1956} INFO - Dependencies all met for dep_context=requeueable deps ti=<TaskInstance: fetch_market_data.check_market_open scheduled__2026-05-01T05:30:00+00:00 [queued]>
[2026-05-01T06:02:04.367+0000] {taskinstance.py:2170} INFO - Starting attempt 1 of 3
[2026-05-01T06:02:04.378+0000] {taskinstance.py:2191} INFO - Executing <Task(MarketOpenSensor): check_market_open> on 2026-05-01 05:30:00+00:00
[2026-05-01T06:02:04.384+0000] {standard_task_runner.py:60} INFO - Started process 668822 to run task
[2026-05-01T06:02:04.388+0000] {standard_task_runner.py:87} INFO - Running: ['airflow', 'tasks', 'run', 'fetch_market_data', 'check_market_open', 'scheduled__2026-05-01T05:30:00+00:00', '--job-id', '784', '--raw', '--subdir', 'DAGS_FOLDER/fetch_market_data.py', '--cfg-path', '/tmp/tmpzub7a1cz']
[2026-05-01T06:02:04.390+0000] {standard_task_runner.py:88} INFO - Job 784: Subtask check_market_open
[2026-05-01T06:02:04.467+0000] {task_command.py:423} INFO - Running <TaskInstance: fetch_market_data.check_market_open scheduled__2026-05-01T05:30:00+00:00 [running]> on host reddit-pipeline-vm
[2026-05-01T06:02:04.579+0000] {taskinstance.py:2480} INFO - Exporting env vars: AIRFLOW_CTX_DAG_OWNER='pipeline' AIRFLOW_CTX_DAG_ID='fetch_market_data' AIRFLOW_CTX_TASK_ID='check_market_open' AIRFLOW_CTX_EXECUTION_DATE='2026-05-01T05:30:00+00:00' AIRFLOW_CTX_TRY_NUMBER='1' AIRFLOW_CTX_DAG_RUN_ID='scheduled__2026-05-01T05:30:00+00:00'
[2026-05-01T06:02:04.597+0000] {sensors.py:45} INFO - Market open check at 2026-05-01 02:02 ET: False
[2026-05-01T06:02:04.624+0000] {taskinstance.py:2658} INFO - Rescheduling task, marking task as UP_FOR_RESCHEDULE
[2026-05-01T06:02:04.641+0000] {local_task_job_runner.py:234} INFO - Task exited with return code 0
[2026-05-01T06:02:04.684+0000] {taskinstance.py:3280} INFO - 0 downstream tasks scheduled from follow-on schedule check
[2026-05-01T06:03:05.918+0000] {taskinstance.py:1956} INFO - Dependencies all met for dep_context=non-requeueable deps ti=<TaskInstance: fetch_market_data.check_market_open scheduled__2026-05-01T05:30:00+00:00 [queued]>
[2026-05-01T06:03:05.926+0000] {taskinstance.py:1956} INFO - Dependencies all met for dep_context=requeueable deps ti=<TaskInstance: fetch_market_data.check_market_open scheduled__2026-05-01T05:30:00+00:00 [queued]>
[2026-05-01T06:03:05.926+0000] {taskinstance.py:2170} INFO - Starting attempt 1 of 3
[2026-05-01T06:03:05.936+0000] {taskinstance.py:2191} INFO - Executing <Task(MarketOpenSensor): check_market_open> on 2026-05-01 05:30:00+00:00
[2026-05-01T06:03:05.942+0000] {standard_task_runner.py:60} INFO - Started process 668891 to run task
[2026-05-01T06:03:05.946+0000] {standard_task_runner.py:87} INFO - Running: ['airflow', 'tasks', 'run', 'fetch_market_data', 'check_market_open', 'scheduled__2026-05-01T05:30:00+00:00', '--job-id', '785', '--raw', '--subdir', 'DAGS_FOLDER/fetch_market_data.py', '--cfg-path', '/tmp/tmpzm_qh034']
[2026-05-01T06:03:05.947+0000] {standard_task_runner.py:88} INFO - Job 785: Subtask check_market_open
[2026-05-01T06:03:06.023+0000] {task_command.py:423} INFO - Running <TaskInstance: fetch_market_data.check_market_open scheduled__2026-05-01T05:30:00+00:00 [running]> on host reddit-pipeline-vm
[2026-05-01T06:03:06.135+0000] {taskinstance.py:2480} INFO - Exporting env vars: AIRFLOW_CTX_DAG_OWNER='pipeline' AIRFLOW_CTX_DAG_ID='fetch_market_data' AIRFLOW_CTX_TASK_ID='check_market_open' AIRFLOW_CTX_EXECUTION_DATE='2026-05-01T05:30:00+00:00' AIRFLOW_CTX_TRY_NUMBER='1' AIRFLOW_CTX_DAG_RUN_ID='scheduled__2026-05-01T05:30:00+00:00'
[2026-05-01T06:03:06.153+0000] {sensors.py:45} INFO - Market open check at 2026-05-01 02:03 ET: False
[2026-05-01T06:03:06.179+0000] {taskinstance.py:2658} INFO - Rescheduling task, marking task as UP_FOR_RESCHEDULE
[2026-05-01T06:03:06.199+0000] {local_task_job_runner.py:234} INFO - Task exited with return code 0
[2026-05-01T06:03:06.240+0000] {taskinstance.py:3280} INFO - 0 downstream tasks scheduled from follow-on schedule check
[2026-05-01T06:04:07.078+0000] {taskinstance.py:1956} INFO - Dependencies all met for dep_context=non-requeueable deps ti=<TaskInstance: fetch_market_data.check_market_open scheduled__2026-05-01T05:30:00+00:00 [queued]>
[2026-05-01T06:04:07.086+0000] {taskinstance.py:1956} INFO - Dependencies all met for dep_context=requeueable deps ti=<TaskInstance: fetch_market_data.check_market_open scheduled__2026-05-01T05:30:00+00:00 [queued]>
[2026-05-01T06:04:07.086+0000] {taskinstance.py:2170} INFO - Starting attempt 1 of 3
[2026-05-01T06:04:07.096+0000] {taskinstance.py:2191} INFO - Executing <Task(MarketOpenSensor): check_market_open> on 2026-05-01 05:30:00+00:00
[2026-05-01T06:04:07.103+0000] {standard_task_runner.py:60} INFO - Started process 668955 to run task
[2026-05-01T06:04:07.106+0000] {standard_task_runner.py:87} INFO - Running: ['airflow', 'tasks', 'run', 'fetch_market_data', 'check_market_open', 'scheduled__2026-05-01T05:30:00+00:00', '--job-id', '786', '--raw', '--subdir', 'DAGS_FOLDER/fetch_market_data.py', '--cfg-path', '/tmp/tmpozereiw7']
[2026-05-01T06:04:07.108+0000] {standard_task_runner.py:88} INFO - Job 786: Subtask check_market_open
[2026-05-01T06:04:07.182+0000] {task_command.py:423} INFO - Running <TaskInstance: fetch_market_data.check_market_open scheduled__2026-05-01T05:30:00+00:00 [running]> on host reddit-pipeline-vm
[2026-05-01T06:04:07.294+0000] {taskinstance.py:2480} INFO - Exporting env vars: AIRFLOW_CTX_DAG_OWNER='pipeline' AIRFLOW_CTX_DAG_ID='fetch_market_data' AIRFLOW_CTX_TASK_ID='check_market_open' AIRFLOW_CTX_EXECUTION_DATE='2026-05-01T05:30:00+00:00' AIRFLOW_CTX_TRY_NUMBER='1' AIRFLOW_CTX_DAG_RUN_ID='scheduled__2026-05-01T05:30:00+00:00'
[2026-05-01T06:04:07.312+0000] {sensors.py:45} INFO - Market open check at 2026-05-01 02:04 ET: False
[2026-05-01T06:04:07.338+0000] {taskinstance.py:2658} INFO - Rescheduling task, marking task as UP_FOR_RESCHEDULE
[2026-05-01T06:04:07.358+0000] {local_task_job_runner.py:234} INFO - Task exited with return code 0
[2026-05-01T06:04:07.399+0000] {taskinstance.py:3280} INFO - 0 downstream tasks scheduled from follow-on schedule check
[2026-05-01T06:05:08.373+0000] {taskinstance.py:1956} INFO - Dependencies all met for dep_context=non-requeueable deps ti=<TaskInstance: fetch_market_data.check_market_open scheduled__2026-05-01T05:30:00+00:00 [queued]>
[2026-05-01T06:05:08.380+0000] {taskinstance.py:1956} INFO - Dependencies all met for dep_context=requeueable deps ti=<TaskInstance: fetch_market_data.check_market_open scheduled__2026-05-01T05:30:00+00:00 [queued]>
[2026-05-01T06:05:08.380+0000] {taskinstance.py:2170} INFO - Starting attempt 1 of 3
[2026-05-01T06:05:08.391+0000] {taskinstance.py:2191} INFO - Executing <Task(MarketOpenSensor): check_market_open> on 2026-05-01 05:30:00+00:00
[2026-05-01T06:05:08.397+0000] {standard_task_runner.py:60} INFO - Started process 669023 to run task
[2026-05-01T06:05:08.400+0000] {standard_task_runner.py:87} INFO - Running: ['airflow', 'tasks', 'run', 'fetch_market_data', 'check_market_open', 'scheduled__2026-05-01T05:30:00+00:00', '--job-id', '787', '--raw', '--subdir', 'DAGS_FOLDER/fetch_market_data.py', '--cfg-path', '/tmp/tmpgi0yj6gs']
[2026-05-01T06:05:08.402+0000] {standard_task_runner.py:88} INFO - Job 787: Subtask check_market_open
[2026-05-01T06:05:08.478+0000] {task_command.py:423} INFO - Running <TaskInstance: fetch_market_data.check_market_open scheduled__2026-05-01T05:30:00+00:00 [running]> on host reddit-pipeline-vm
[2026-05-01T06:05:08.586+0000] {taskinstance.py:2480} INFO - Exporting env vars: AIRFLOW_CTX_DAG_OWNER='pipeline' AIRFLOW_CTX_DAG_ID='fetch_market_data' AIRFLOW_CTX_TASK_ID='check_market_open' AIRFLOW_CTX_EXECUTION_DATE='2026-05-01T05:30:00+00:00' AIRFLOW_CTX_TRY_NUMBER='1' AIRFLOW_CTX_DAG_RUN_ID='scheduled__2026-05-01T05:30:00+00:00'
[2026-05-01T06:05:08.604+0000] {sensors.py:45} INFO - Market open check at 2026-05-01 02:05 ET: False
[2026-05-01T06:05:08.630+0000] {taskinstance.py:2658} INFO - Rescheduling task, marking task as UP_FOR_RESCHEDULE
[2026-05-01T06:05:08.653+0000] {local_task_job_runner.py:234} INFO - Task exited with return code 0
[2026-05-01T06:05:08.693+0000] {taskinstance.py:3280} INFO - 0 downstream tasks scheduled from follow-on schedule check
[2026-05-01T06:06:09.420+0000] {taskinstance.py:1956} INFO - Dependencies all met for dep_context=non-requeueable deps ti=<TaskInstance: fetch_market_data.check_market_open scheduled__2026-05-01T05:30:00+00:00 [queued]>
[2026-05-01T06:06:09.428+0000] {taskinstance.py:1956} INFO - Dependencies all met for dep_context=requeueable deps ti=<TaskInstance: fetch_market_data.check_market_open scheduled__2026-05-01T05:30:00+00:00 [queued]>
[2026-05-01T06:06:09.428+0000] {taskinstance.py:2170} INFO - Starting attempt 1 of 3
[2026-05-01T06:06:09.438+0000] {taskinstance.py:2191} INFO - Executing <Task(MarketOpenSensor): check_market_open> on 2026-05-01 05:30:00+00:00
[2026-05-01T06:06:09.444+0000] {standard_task_runner.py:60} INFO - Started process 669094 to run task
[2026-05-01T06:06:09.447+0000] {standard_task_runner.py:87} INFO - Running: ['airflow', 'tasks', 'run', 'fetch_market_data', 'check_market_open', 'scheduled__2026-05-01T05:30:00+00:00', '--job-id', '788', '--raw', '--subdir', 'DAGS_FOLDER/fetch_market_data.py', '--cfg-path', '/tmp/tmp3i9gn6sn']
[2026-05-01T06:06:09.449+0000] {standard_task_runner.py:88} INFO - Job 788: Subtask check_market_open
[2026-05-01T06:06:09.524+0000] {task_command.py:423} INFO - Running <TaskInstance: fetch_market_data.check_market_open scheduled__2026-05-01T05:30:00+00:00 [running]> on host reddit-pipeline-vm
[2026-05-01T06:06:09.632+0000] {taskinstance.py:2480} INFO - Exporting env vars: AIRFLOW_CTX_DAG_OWNER='pipeline' AIRFLOW_CTX_DAG_ID='fetch_market_data' AIRFLOW_CTX_TASK_ID='check_market_open' AIRFLOW_CTX_EXECUTION_DATE='2026-05-01T05:30:00+00:00' AIRFLOW_CTX_TRY_NUMBER='1' AIRFLOW_CTX_DAG_RUN_ID='scheduled__2026-05-01T05:30:00+00:00'
[2026-05-01T06:06:09.650+0000] {sensors.py:45} INFO - Market open check at 2026-05-01 02:06 ET: False
[2026-05-01T06:06:09.676+0000] {taskinstance.py:2658} INFO - Rescheduling task, marking task as UP_FOR_RESCHEDULE
[2026-05-01T06:06:09.700+0000] {local_task_job_runner.py:234} INFO - Task exited with return code 0
[2026-05-01T06:06:09.740+0000] {taskinstance.py:3280} INFO - 0 downstream tasks scheduled from follow-on schedule check
[2026-05-01T06:07:11.005+0000] {taskinstance.py:1956} INFO - Dependencies all met for dep_context=non-requeueable deps ti=<TaskInstance: fetch_market_data.check_market_open scheduled__2026-05-01T05:30:00+00:00 [queued]>
[2026-05-01T06:07:11.012+0000] {taskinstance.py:1956} INFO - Dependencies all met for dep_context=requeueable deps ti=<TaskInstance: fetch_market_data.check_market_open scheduled__2026-05-01T05:30:00+00:00 [queued]>
[2026-05-01T06:07:11.012+0000] {taskinstance.py:2170} INFO - Starting attempt 1 of 3
[2026-05-01T06:07:11.022+0000] {taskinstance.py:2191} INFO - Executing <Task(MarketOpenSensor): check_market_open> on 2026-05-01 05:30:00+00:00
[2026-05-01T06:07:11.029+0000] {standard_task_runner.py:60} INFO - Started process 669163 to run task
[2026-05-01T06:07:11.032+0000] {standard_task_runner.py:87} INFO - Running: ['airflow', 'tasks', 'run', 'fetch_market_data', 'check_market_open', 'scheduled__2026-05-01T05:30:00+00:00', '--job-id', '789', '--raw', '--subdir', 'DAGS_FOLDER/fetch_market_data.py', '--cfg-path', '/tmp/tmpus_zsgqk']
[2026-05-01T06:07:11.034+0000] {standard_task_runner.py:88} INFO - Job 789: Subtask check_market_open
[2026-05-01T06:07:11.111+0000] {task_command.py:423} INFO - Running <TaskInstance: fetch_market_data.check_market_open scheduled__2026-05-01T05:30:00+00:00 [running]> on host reddit-pipeline-vm
[2026-05-01T06:07:11.220+0000] {taskinstance.py:2480} INFO - Exporting env vars: AIRFLOW_CTX_DAG_OWNER='pipeline' AIRFLOW_CTX_DAG_ID='fetch_market_data' AIRFLOW_CTX_TASK_ID='check_market_open' AIRFLOW_CTX_EXECUTION_DATE='2026-05-01T05:30:00+00:00' AIRFLOW_CTX_TRY_NUMBER='1' AIRFLOW_CTX_DAG_RUN_ID='scheduled__2026-05-01T05:30:00+00:00'
[2026-05-01T06:07:11.238+0000] {sensors.py:45} INFO - Market open check at 2026-05-01 02:07 ET: False
[2026-05-01T06:07:11.263+0000] {taskinstance.py:2658} INFO - Rescheduling task, marking task as UP_FOR_RESCHEDULE
[2026-05-01T06:07:11.285+0000] {local_task_job_runner.py:234} INFO - Task exited with return code 0
[2026-05-01T06:07:11.325+0000] {taskinstance.py:3280} INFO - 0 downstream tasks scheduled from follow-on schedule check
[2026-05-01T06:08:12.554+0000] {taskinstance.py:1956} INFO - Dependencies all met for dep_context=non-requeueable deps ti=<TaskInstance: fetch_market_data.check_market_open scheduled__2026-05-01T05:30:00+00:00 [queued]>
[2026-05-01T06:08:12.561+0000] {taskinstance.py:1956} INFO - Dependencies all met for dep_context=requeueable deps ti=<TaskInstance: fetch_market_data.check_market_open scheduled__2026-05-01T05:30:00+00:00 [queued]>
[2026-05-01T06:08:12.561+0000] {taskinstance.py:2170} INFO - Starting attempt 1 of 3
[2026-05-01T06:08:12.572+0000] {taskinstance.py:2191} INFO - Executing <Task(MarketOpenSensor): check_market_open> on 2026-05-01 05:30:00+00:00
[2026-05-01T06:08:12.578+0000] {standard_task_runner.py:60} INFO - Started process 669236 to run task
[2026-05-01T06:08:12.581+0000] {standard_task_runner.py:87} INFO - Running: ['airflow', 'tasks', 'run', 'fetch_market_data', 'check_market_open', 'scheduled__2026-05-01T05:30:00+00:00', '--job-id', '790', '--raw', '--subdir', 'DAGS_FOLDER/fetch_market_data.py', '--cfg-path', '/tmp/tmpvick01yw']
[2026-05-01T06:08:12.583+0000] {standard_task_runner.py:88} INFO - Job 790: Subtask check_market_open
[2026-05-01T06:08:12.659+0000] {task_command.py:423} INFO - Running <TaskInstance: fetch_market_data.check_market_open scheduled__2026-05-01T05:30:00+00:00 [running]> on host reddit-pipeline-vm
[2026-05-01T06:08:12.767+0000] {taskinstance.py:2480} INFO - Exporting env vars: AIRFLOW_CTX_DAG_OWNER='pipeline' AIRFLOW_CTX_DAG_ID='fetch_market_data' AIRFLOW_CTX_TASK_ID='check_market_open' AIRFLOW_CTX_EXECUTION_DATE='2026-05-01T05:30:00+00:00' AIRFLOW_CTX_TRY_NUMBER='1' AIRFLOW_CTX_DAG_RUN_ID='scheduled__2026-05-01T05:30:00+00:00'
[2026-05-01T06:08:12.784+0000] {sensors.py:45} INFO - Market open check at 2026-05-01 02:08 ET: False
[2026-05-01T06:08:12.810+0000] {taskinstance.py:2658} INFO - Rescheduling task, marking task as UP_FOR_RESCHEDULE
[2026-05-01T06:08:12.835+0000] {local_task_job_runner.py:234} INFO - Task exited with return code 0
[2026-05-01T06:08:12.875+0000] {taskinstance.py:3280} INFO - 0 downstream tasks scheduled from follow-on schedule check
[2026-05-01T06:09:14.124+0000] {taskinstance.py:1956} INFO - Dependencies all met for dep_context=non-requeueable deps ti=<TaskInstance: fetch_market_data.check_market_open scheduled__2026-05-01T05:30:00+00:00 [queued]>
[2026-05-01T06:09:14.132+0000] {taskinstance.py:1956} INFO - Dependencies all met for dep_context=requeueable deps ti=<TaskInstance: fetch_market_data.check_market_open scheduled__2026-05-01T05:30:00+00:00 [queued]>
[2026-05-01T06:09:14.132+0000] {taskinstance.py:2170} INFO - Starting attempt 1 of 3
[2026-05-01T06:09:14.142+0000] {taskinstance.py:2191} INFO - Executing <Task(MarketOpenSensor): check_market_open> on 2026-05-01 05:30:00+00:00
[2026-05-01T06:09:14.148+0000] {standard_task_runner.py:60} INFO - Started process 669304 to run task
[2026-05-01T06:09:14.152+0000] {standard_task_runner.py:87} INFO - Running: ['airflow', 'tasks', 'run', 'fetch_market_data', 'check_market_open', 'scheduled__2026-05-01T05:30:00+00:00', '--job-id', '791', '--raw', '--subdir', 'DAGS_FOLDER/fetch_market_data.py', '--cfg-path', '/tmp/tmp6w7873w7']
[2026-05-01T06:09:14.154+0000] {standard_task_runner.py:88} INFO - Job 791: Subtask check_market_open
[2026-05-01T06:09:14.232+0000] {task_command.py:423} INFO - Running <TaskInstance: fetch_market_data.check_market_open scheduled__2026-05-01T05:30:00+00:00 [running]> on host reddit-pipeline-vm
[2026-05-01T06:09:14.341+0000] {taskinstance.py:2480} INFO - Exporting env vars: AIRFLOW_CTX_DAG_OWNER='pipeline' AIRFLOW_CTX_DAG_ID='fetch_market_data' AIRFLOW_CTX_TASK_ID='check_market_open' AIRFLOW_CTX_EXECUTION_DATE='2026-05-01T05:30:00+00:00' AIRFLOW_CTX_TRY_NUMBER='1' AIRFLOW_CTX_DAG_RUN_ID='scheduled__2026-05-01T05:30:00+00:00'
[2026-05-01T06:09:14.359+0000] {sensors.py:45} INFO - Market open check at 2026-05-01 02:09 ET: False
[2026-05-01T06:09:14.385+0000] {taskinstance.py:2658} INFO - Rescheduling task, marking task as UP_FOR_RESCHEDULE
[2026-05-01T06:09:14.405+0000] {local_task_job_runner.py:234} INFO - Task exited with return code 0
[2026-05-01T06:09:14.446+0000] {taskinstance.py:3280} INFO - 0 downstream tasks scheduled from follow-on schedule check
[2026-05-01T06:10:15.734+0000] {taskinstance.py:1956} INFO - Dependencies all met for dep_context=non-requeueable deps ti=<TaskInstance: fetch_market_data.check_market_open scheduled__2026-05-01T05:30:00+00:00 [queued]>
[2026-05-01T06:10:15.742+0000] {taskinstance.py:1956} INFO - Dependencies all met for dep_context=requeueable deps ti=<TaskInstance: fetch_market_data.check_market_open scheduled__2026-05-01T05:30:00+00:00 [queued]>
[2026-05-01T06:10:15.742+0000] {taskinstance.py:2170} INFO - Starting attempt 1 of 3
[2026-05-01T06:10:15.752+0000] {taskinstance.py:2191} INFO - Executing <Task(MarketOpenSensor): check_market_open> on 2026-05-01 05:30:00+00:00
[2026-05-01T06:10:15.758+0000] {standard_task_runner.py:60} INFO - Started process 669375 to run task
[2026-05-01T06:10:15.762+0000] {standard_task_runner.py:87} INFO - Running: ['airflow', 'tasks', 'run', 'fetch_market_data', 'check_market_open', 'scheduled__2026-05-01T05:30:00+00:00', '--job-id', '792', '--raw', '--subdir', 'DAGS_FOLDER/fetch_market_data.py', '--cfg-path', '/tmp/tmpucqms9nd']
[2026-05-01T06:10:15.764+0000] {standard_task_runner.py:88} INFO - Job 792: Subtask check_market_open
[2026-05-01T06:10:15.841+0000] {task_command.py:423} INFO - Running <TaskInstance: fetch_market_data.check_market_open scheduled__2026-05-01T05:30:00+00:00 [running]> on host reddit-pipeline-vm
[2026-05-01T06:10:15.950+0000] {taskinstance.py:2480} INFO - Exporting env vars: AIRFLOW_CTX_DAG_OWNER='pipeline' AIRFLOW_CTX_DAG_ID='fetch_market_data' AIRFLOW_CTX_TASK_ID='check_market_open' AIRFLOW_CTX_EXECUTION_DATE='2026-05-01T05:30:00+00:00' AIRFLOW_CTX_TRY_NUMBER='1' AIRFLOW_CTX_DAG_RUN_ID='scheduled__2026-05-01T05:30:00+00:00'
[2026-05-01T06:10:15.968+0000] {sensors.py:45} INFO - Market open check at 2026-05-01 02:10 ET: False
[2026-05-01T06:10:15.994+0000] {taskinstance.py:2658} INFO - Rescheduling task, marking task as UP_FOR_RESCHEDULE
[2026-05-01T06:10:16.015+0000] {local_task_job_runner.py:234} INFO - Task exited with return code 0
[2026-05-01T06:10:16.068+0000] {taskinstance.py:3280} INFO - 0 downstream tasks scheduled from follow-on schedule check
[2026-05-01T06:11:17.151+0000] {taskinstance.py:1956} INFO - Dependencies all met for dep_context=non-requeueable deps ti=<TaskInstance: fetch_market_data.check_market_open scheduled__2026-05-01T05:30:00+00:00 [queued]>
[2026-05-01T06:11:17.158+0000] {taskinstance.py:1956} INFO - Dependencies all met for dep_context=requeueable deps ti=<TaskInstance: fetch_market_data.check_market_open scheduled__2026-05-01T05:30:00+00:00 [queued]>
[2026-05-01T06:11:17.159+0000] {taskinstance.py:2170} INFO - Starting attempt 1 of 3
[2026-05-01T06:11:17.169+0000] {taskinstance.py:2191} INFO - Executing <Task(MarketOpenSensor): check_market_open> on 2026-05-01 05:30:00+00:00
[2026-05-01T06:11:17.175+0000] {standard_task_runner.py:60} INFO - Started process 669454 to run task
[2026-05-01T06:11:17.179+0000] {standard_task_runner.py:87} INFO - Running: ['airflow', 'tasks', 'run', 'fetch_market_data', 'check_market_open', 'scheduled__2026-05-01T05:30:00+00:00', '--job-id', '793', '--raw', '--subdir', 'DAGS_FOLDER/fetch_market_data.py', '--cfg-path', '/tmp/tmpxw3r8np3']
[2026-05-01T06:11:17.181+0000] {standard_task_runner.py:88} INFO - Job 793: Subtask check_market_open
[2026-05-01T06:11:17.260+0000] {task_command.py:423} INFO - Running <TaskInstance: fetch_market_data.check_market_open scheduled__2026-05-01T05:30:00+00:00 [running]> on host reddit-pipeline-vm
[2026-05-01T06:11:17.372+0000] {taskinstance.py:2480} INFO - Exporting env vars: AIRFLOW_CTX_DAG_OWNER='pipeline' AIRFLOW_CTX_DAG_ID='fetch_market_data' AIRFLOW_CTX_TASK_ID='check_market_open' AIRFLOW_CTX_EXECUTION_DATE='2026-05-01T05:30:00+00:00' AIRFLOW_CTX_TRY_NUMBER='1' AIRFLOW_CTX_DAG_RUN_ID='scheduled__2026-05-01T05:30:00+00:00'
[2026-05-01T06:11:17.391+0000] {sensors.py:45} INFO - Market open check at 2026-05-01 02:11 ET: False
[2026-05-01T06:11:17.418+0000] {taskinstance.py:2658} INFO - Rescheduling task, marking task as UP_FOR_RESCHEDULE
[2026-05-01T06:11:17.435+0000] {local_task_job_runner.py:234} INFO - Task exited with return code 0
[2026-05-01T06:11:17.477+0000] {taskinstance.py:3280} INFO - 0 downstream tasks scheduled from follow-on schedule check
[2026-05-01T06:12:17.977+0000] {taskinstance.py:1956} INFO - Dependencies all met for dep_context=non-requeueable deps ti=<TaskInstance: fetch_market_data.check_market_open scheduled__2026-05-01T05:30:00+00:00 [queued]>
[2026-05-01T06:12:17.985+0000] {taskinstance.py:1956} INFO - Dependencies all met for dep_context=requeueable deps ti=<TaskInstance: fetch_market_data.check_market_open scheduled__2026-05-01T05:30:00+00:00 [queued]>
[2026-05-01T06:12:17.985+0000] {taskinstance.py:2170} INFO - Starting attempt 1 of 3
[2026-05-01T06:12:17.995+0000] {taskinstance.py:2191} INFO - Executing <Task(MarketOpenSensor): check_market_open> on 2026-05-01 05:30:00+00:00
[2026-05-01T06:12:18.001+0000] {standard_task_runner.py:60} INFO - Started process 669520 to run task
[2026-05-01T06:12:18.005+0000] {standard_task_runner.py:87} INFO - Running: ['airflow', 'tasks', 'run', 'fetch_market_data', 'check_market_open', 'scheduled__2026-05-01T05:30:00+00:00', '--job-id', '794', '--raw', '--subdir', 'DAGS_FOLDER/fetch_market_data.py', '--cfg-path', '/tmp/tmpcm56s5fj']
[2026-05-01T06:12:18.007+0000] {standard_task_runner.py:88} INFO - Job 794: Subtask check_market_open
[2026-05-01T06:12:18.084+0000] {task_command.py:423} INFO - Running <TaskInstance: fetch_market_data.check_market_open scheduled__2026-05-01T05:30:00+00:00 [running]> on host reddit-pipeline-vm
[2026-05-01T06:12:18.195+0000] {taskinstance.py:2480} INFO - Exporting env vars: AIRFLOW_CTX_DAG_OWNER='pipeline' AIRFLOW_CTX_DAG_ID='fetch_market_data' AIRFLOW_CTX_TASK_ID='check_market_open' AIRFLOW_CTX_EXECUTION_DATE='2026-05-01T05:30:00+00:00' AIRFLOW_CTX_TRY_NUMBER='1' AIRFLOW_CTX_DAG_RUN_ID='scheduled__2026-05-01T05:30:00+00:00'
[2026-05-01T06:12:18.214+0000] {sensors.py:45} INFO - Market open check at 2026-05-01 02:12 ET: False
[2026-05-01T06:12:18.240+0000] {taskinstance.py:2658} INFO - Rescheduling task, marking task as UP_FOR_RESCHEDULE
[2026-05-01T06:12:18.258+0000] {local_task_job_runner.py:234} INFO - Task exited with return code 0
[2026-05-01T06:12:18.300+0000] {taskinstance.py:3280} INFO - 0 downstream tasks scheduled from follow-on schedule check
[2026-05-01T06:13:19.269+0000] {taskinstance.py:1956} INFO - Dependencies all met for dep_context=non-requeueable deps ti=<TaskInstance: fetch_market_data.check_market_open scheduled__2026-05-01T05:30:00+00:00 [queued]>
[2026-05-01T06:13:19.276+0000] {taskinstance.py:1956} INFO - Dependencies all met for dep_context=requeueable deps ti=<TaskInstance: fetch_market_data.check_market_open scheduled__2026-05-01T05:30:00+00:00 [queued]>
[2026-05-01T06:13:19.276+0000] {taskinstance.py:2170} INFO - Starting attempt 1 of 3
[2026-05-01T06:13:19.286+0000] {taskinstance.py:2191} INFO - Executing <Task(MarketOpenSensor): check_market_open> on 2026-05-01 05:30:00+00:00
[2026-05-01T06:13:19.292+0000] {standard_task_runner.py:60} INFO - Started process 669588 to run task
[2026-05-01T06:13:19.295+0000] {standard_task_runner.py:87} INFO - Running: ['airflow', 'tasks', 'run', 'fetch_market_data', 'check_market_open', 'scheduled__2026-05-01T05:30:00+00:00', '--job-id', '795', '--raw', '--subdir', 'DAGS_FOLDER/fetch_market_data.py', '--cfg-path', '/tmp/tmpz8teq_ev']
[2026-05-01T06:13:19.297+0000] {standard_task_runner.py:88} INFO - Job 795: Subtask check_market_open
[2026-05-01T06:13:19.373+0000] {task_command.py:423} INFO - Running <TaskInstance: fetch_market_data.check_market_open scheduled__2026-05-01T05:30:00+00:00 [running]> on host reddit-pipeline-vm
[2026-05-01T06:13:19.481+0000] {taskinstance.py:2480} INFO - Exporting env vars: AIRFLOW_CTX_DAG_OWNER='pipeline' AIRFLOW_CTX_DAG_ID='fetch_market_data' AIRFLOW_CTX_TASK_ID='check_market_open' AIRFLOW_CTX_EXECUTION_DATE='2026-05-01T05:30:00+00:00' AIRFLOW_CTX_TRY_NUMBER='1' AIRFLOW_CTX_DAG_RUN_ID='scheduled__2026-05-01T05:30:00+00:00'
[2026-05-01T06:13:19.499+0000] {sensors.py:45} INFO - Market open check at 2026-05-01 02:13 ET: False
[2026-05-01T06:13:19.525+0000] {taskinstance.py:2658} INFO - Rescheduling task, marking task as UP_FOR_RESCHEDULE
[2026-05-01T06:13:19.549+0000] {local_task_job_runner.py:234} INFO - Task exited with return code 0
[2026-05-01T06:13:19.589+0000] {taskinstance.py:3280} INFO - 0 downstream tasks scheduled from follow-on schedule check
[2026-05-01T06:14:20.676+0000] {taskinstance.py:1956} INFO - Dependencies all met for dep_context=non-requeueable deps ti=<TaskInstance: fetch_market_data.check_market_open scheduled__2026-05-01T05:30:00+00:00 [queued]>
[2026-05-01T06:14:20.683+0000] {taskinstance.py:1956} INFO - Dependencies all met for dep_context=requeueable deps ti=<TaskInstance: fetch_market_data.check_market_open scheduled__2026-05-01T05:30:00+00:00 [queued]>
[2026-05-01T06:14:20.684+0000] {taskinstance.py:2170} INFO - Starting attempt 1 of 3
[2026-05-01T06:14:20.694+0000] {taskinstance.py:2191} INFO - Executing <Task(MarketOpenSensor): check_market_open> on 2026-05-01 05:30:00+00:00
[2026-05-01T06:14:20.700+0000] {standard_task_runner.py:60} INFO - Started process 669652 to run task
[2026-05-01T06:14:20.703+0000] {standard_task_runner.py:87} INFO - Running: ['airflow', 'tasks', 'run', 'fetch_market_data', 'check_market_open', 'scheduled__2026-05-01T05:30:00+00:00', '--job-id', '796', '--raw', '--subdir', 'DAGS_FOLDER/fetch_market_data.py', '--cfg-path', '/tmp/tmpri6wm02i']
[2026-05-01T06:14:20.705+0000] {standard_task_runner.py:88} INFO - Job 796: Subtask check_market_open
[2026-05-01T06:14:20.781+0000] {task_command.py:423} INFO - Running <TaskInstance: fetch_market_data.check_market_open scheduled__2026-05-01T05:30:00+00:00 [running]> on host reddit-pipeline-vm
[2026-05-01T06:14:20.891+0000] {taskinstance.py:2480} INFO - Exporting env vars: AIRFLOW_CTX_DAG_OWNER='pipeline' AIRFLOW_CTX_DAG_ID='fetch_market_data' AIRFLOW_CTX_TASK_ID='check_market_open' AIRFLOW_CTX_EXECUTION_DATE='2026-05-01T05:30:00+00:00' AIRFLOW_CTX_TRY_NUMBER='1' AIRFLOW_CTX_DAG_RUN_ID='scheduled__2026-05-01T05:30:00+00:00'
[2026-05-01T06:14:20.909+0000] {sensors.py:45} INFO - Market open check at 2026-05-01 02:14 ET: False
[2026-05-01T06:14:20.934+0000] {taskinstance.py:2658} INFO - Rescheduling task, marking task as UP_FOR_RESCHEDULE
[2026-05-01T06:14:20.957+0000] {local_task_job_runner.py:234} INFO - Task exited with return code 0
[2026-05-01T06:14:20.997+0000] {taskinstance.py:3280} INFO - 0 downstream tasks scheduled from follow-on schedule check
[2026-05-01T06:15:21.856+0000] {taskinstance.py:1956} INFO - Dependencies all met for dep_context=non-requeueable deps ti=<TaskInstance: fetch_market_data.check_market_open scheduled__2026-05-01T05:30:00+00:00 [queued]>
[2026-05-01T06:15:21.864+0000] {taskinstance.py:1956} INFO - Dependencies all met for dep_context=requeueable deps ti=<TaskInstance: fetch_market_data.check_market_open scheduled__2026-05-01T05:30:00+00:00 [queued]>
[2026-05-01T06:15:21.864+0000] {taskinstance.py:2170} INFO - Starting attempt 1 of 3
[2026-05-01T06:15:21.874+0000] {taskinstance.py:2191} INFO - Executing <Task(MarketOpenSensor): check_market_open> on 2026-05-01 05:30:00+00:00
[2026-05-01T06:15:21.881+0000] {standard_task_runner.py:60} INFO - Started process 669720 to run task
[2026-05-01T06:15:21.884+0000] {standard_task_runner.py:87} INFO - Running: ['airflow', 'tasks', 'run', 'fetch_market_data', 'check_market_open', 'scheduled__2026-05-01T05:30:00+00:00', '--job-id', '797', '--raw', '--subdir', 'DAGS_FOLDER/fetch_market_data.py', '--cfg-path', '/tmp/tmpc_lg559o']
[2026-05-01T06:15:21.886+0000] {standard_task_runner.py:88} INFO - Job 797: Subtask check_market_open
[2026-05-01T06:15:21.963+0000] {task_command.py:423} INFO - Running <TaskInstance: fetch_market_data.check_market_open scheduled__2026-05-01T05:30:00+00:00 [running]> on host reddit-pipeline-vm
[2026-05-01T06:15:22.073+0000] {taskinstance.py:2480} INFO - Exporting env vars: AIRFLOW_CTX_DAG_OWNER='pipeline' AIRFLOW_CTX_DAG_ID='fetch_market_data' AIRFLOW_CTX_TASK_ID='check_market_open' AIRFLOW_CTX_EXECUTION_DATE='2026-05-01T05:30:00+00:00' AIRFLOW_CTX_TRY_NUMBER='1' AIRFLOW_CTX_DAG_RUN_ID='scheduled__2026-05-01T05:30:00+00:00'
[2026-05-01T06:15:22.092+0000] {sensors.py:45} INFO - Market open check at 2026-05-01 02:15 ET: False
[2026-05-01T06:15:22.092+0000] {taskinstance.py:2698} ERROR - Task failed with exception
Traceback (most recent call last):
  File "/home/ubuntu/github_repo/Stock-Market-Intelligence-Pipeline/venv/lib/python3.11/site-packages/airflow/models/taskinstance.py", line 433, in _execute_task
    result = execute_callable(context=context, **execute_callable_kwargs)
             ^^^^^^^^^^^^^^^^^^^^^^^^^^^^^^^^^^^^^^^^^^^^^^^^^^^^^^^^^^^^
  File "/home/ubuntu/github_repo/Stock-Market-Intelligence-Pipeline/venv/lib/python3.11/site-packages/airflow/sensors/base.py", line 282, in execute
    raise AirflowSensorTimeout(message)
airflow.exceptions.AirflowSensorTimeout: Sensor has timed out; run duration of 920.935978 seconds exceeds the specified timeout of 900.0.
[2026-05-01T06:15:22.110+0000] {taskinstance.py:1138} INFO - Immediate failure requested. Marking task as FAILED. dag_id=fetch_market_data, task_id=check_market_open, execution_date=20260501T053000, start_date=20260501T061521, end_date=20260501T061522
[2026-05-01T06:15:22.120+0000] {standard_task_runner.py:107} ERROR - Failed to execute job 797 for task check_market_open (Sensor has timed out; run duration of 920.935978 seconds exceeds the specified timeout of 900.0.; 669720)
[2026-05-01T06:15:22.137+0000] {local_task_job_runner.py:234} INFO - Task exited with return code 1
[2026-05-01T06:15:22.186+0000] {taskinstance.py:3280} INFO - 0 downstream tasks scheduled from follow-on schedule check
