[2026-04-30T23:35:05.498+0000] {taskinstance.py:1956} INFO - Dependencies all met for dep_context=non-requeueable deps ti=<TaskInstance: fetch_market_data.check_market_open scheduled__2026-04-30T23:15:00+00:00 [queued]>
[2026-04-30T23:35:05.504+0000] {taskinstance.py:1956} INFO - Dependencies all met for dep_context=requeueable deps ti=<TaskInstance: fetch_market_data.check_market_open scheduled__2026-04-30T23:15:00+00:00 [queued]>
[2026-04-30T23:35:05.504+0000] {taskinstance.py:2170} INFO - Starting attempt 1 of 3
[2026-04-30T23:35:05.514+0000] {taskinstance.py:2191} INFO - Executing <Task(MarketOpenSensor): check_market_open> on 2026-04-30 23:15:00+00:00
[2026-04-30T23:35:05.521+0000] {standard_task_runner.py:60} INFO - Started process 640824 to run task
[2026-04-30T23:35:05.524+0000] {standard_task_runner.py:87} INFO - Running: ['airflow', 'tasks', 'run', 'fetch_market_data', 'check_market_open', 'scheduled__2026-04-30T23:15:00+00:00', '--job-id', '382', '--raw', '--subdir', 'DAGS_FOLDER/fetch_market_data.py', '--cfg-path', '/tmp/tmpdgzf_0q9']
[2026-04-30T23:35:05.526+0000] {standard_task_runner.py:88} INFO - Job 382: Subtask check_market_open
[2026-04-30T23:35:05.600+0000] {task_command.py:423} INFO - Running <TaskInstance: fetch_market_data.check_market_open scheduled__2026-04-30T23:15:00+00:00 [running]> on host reddit-pipeline-vm
[2026-04-30T23:35:05.710+0000] {taskinstance.py:2480} INFO - Exporting env vars: AIRFLOW_CTX_DAG_OWNER='pipeline' AIRFLOW_CTX_DAG_ID='fetch_market_data' AIRFLOW_CTX_TASK_ID='check_market_open' AIRFLOW_CTX_EXECUTION_DATE='2026-04-30T23:15:00+00:00' AIRFLOW_CTX_TRY_NUMBER='1' AIRFLOW_CTX_DAG_RUN_ID='scheduled__2026-04-30T23:15:00+00:00'
[2026-04-30T23:35:05.727+0000] {sensors.py:45} INFO - Market open check at 2026-04-30 19:35 ET: False
[2026-04-30T23:35:05.753+0000] {taskinstance.py:2658} INFO - Rescheduling task, marking task as UP_FOR_RESCHEDULE
[2026-04-30T23:35:05.777+0000] {local_task_job_runner.py:234} INFO - Task exited with return code 0
[2026-04-30T23:35:05.817+0000] {taskinstance.py:3280} INFO - 0 downstream tasks scheduled from follow-on schedule check
[2026-04-30T23:36:06.585+0000] {taskinstance.py:1956} INFO - Dependencies all met for dep_context=non-requeueable deps ti=<TaskInstance: fetch_market_data.check_market_open scheduled__2026-04-30T23:15:00+00:00 [queued]>
[2026-04-30T23:36:06.593+0000] {taskinstance.py:1956} INFO - Dependencies all met for dep_context=requeueable deps ti=<TaskInstance: fetch_market_data.check_market_open scheduled__2026-04-30T23:15:00+00:00 [queued]>
[2026-04-30T23:36:06.593+0000] {taskinstance.py:2170} INFO - Starting attempt 1 of 3
[2026-04-30T23:36:06.603+0000] {taskinstance.py:2191} INFO - Executing <Task(MarketOpenSensor): check_market_open> on 2026-04-30 23:15:00+00:00
[2026-04-30T23:36:06.612+0000] {standard_task_runner.py:60} INFO - Started process 640896 to run task
[2026-04-30T23:36:06.615+0000] {standard_task_runner.py:87} INFO - Running: ['airflow', 'tasks', 'run', 'fetch_market_data', 'check_market_open', 'scheduled__2026-04-30T23:15:00+00:00', '--job-id', '383', '--raw', '--subdir', 'DAGS_FOLDER/fetch_market_data.py', '--cfg-path', '/tmp/tmp6ixkly8y']
[2026-04-30T23:36:06.617+0000] {standard_task_runner.py:88} INFO - Job 383: Subtask check_market_open
[2026-04-30T23:36:06.692+0000] {task_command.py:423} INFO - Running <TaskInstance: fetch_market_data.check_market_open scheduled__2026-04-30T23:15:00+00:00 [running]> on host reddit-pipeline-vm
[2026-04-30T23:36:06.799+0000] {taskinstance.py:2480} INFO - Exporting env vars: AIRFLOW_CTX_DAG_OWNER='pipeline' AIRFLOW_CTX_DAG_ID='fetch_market_data' AIRFLOW_CTX_TASK_ID='check_market_open' AIRFLOW_CTX_EXECUTION_DATE='2026-04-30T23:15:00+00:00' AIRFLOW_CTX_TRY_NUMBER='1' AIRFLOW_CTX_DAG_RUN_ID='scheduled__2026-04-30T23:15:00+00:00'
[2026-04-30T23:36:06.818+0000] {sensors.py:45} INFO - Market open check at 2026-04-30 19:36 ET: False
[2026-04-30T23:36:06.844+0000] {taskinstance.py:2658} INFO - Rescheduling task, marking task as UP_FOR_RESCHEDULE
[2026-04-30T23:36:06.868+0000] {local_task_job_runner.py:234} INFO - Task exited with return code 0
[2026-04-30T23:36:06.908+0000] {taskinstance.py:3280} INFO - 0 downstream tasks scheduled from follow-on schedule check
[2026-04-30T23:37:07.490+0000] {taskinstance.py:1956} INFO - Dependencies all met for dep_context=non-requeueable deps ti=<TaskInstance: fetch_market_data.check_market_open scheduled__2026-04-30T23:15:00+00:00 [queued]>
[2026-04-30T23:37:07.497+0000] {taskinstance.py:1956} INFO - Dependencies all met for dep_context=requeueable deps ti=<TaskInstance: fetch_market_data.check_market_open scheduled__2026-04-30T23:15:00+00:00 [queued]>
[2026-04-30T23:37:07.497+0000] {taskinstance.py:2170} INFO - Starting attempt 1 of 3
[2026-04-30T23:37:07.507+0000] {taskinstance.py:2191} INFO - Executing <Task(MarketOpenSensor): check_market_open> on 2026-04-30 23:15:00+00:00
[2026-04-30T23:37:07.513+0000] {standard_task_runner.py:60} INFO - Started process 640960 to run task
[2026-04-30T23:37:07.516+0000] {standard_task_runner.py:87} INFO - Running: ['airflow', 'tasks', 'run', 'fetch_market_data', 'check_market_open', 'scheduled__2026-04-30T23:15:00+00:00', '--job-id', '384', '--raw', '--subdir', 'DAGS_FOLDER/fetch_market_data.py', '--cfg-path', '/tmp/tmpua7d8nt5']
[2026-04-30T23:37:07.518+0000] {standard_task_runner.py:88} INFO - Job 384: Subtask check_market_open
[2026-04-30T23:37:07.594+0000] {task_command.py:423} INFO - Running <TaskInstance: fetch_market_data.check_market_open scheduled__2026-04-30T23:15:00+00:00 [running]> on host reddit-pipeline-vm
[2026-04-30T23:37:07.703+0000] {taskinstance.py:2480} INFO - Exporting env vars: AIRFLOW_CTX_DAG_OWNER='pipeline' AIRFLOW_CTX_DAG_ID='fetch_market_data' AIRFLOW_CTX_TASK_ID='check_market_open' AIRFLOW_CTX_EXECUTION_DATE='2026-04-30T23:15:00+00:00' AIRFLOW_CTX_TRY_NUMBER='1' AIRFLOW_CTX_DAG_RUN_ID='scheduled__2026-04-30T23:15:00+00:00'
[2026-04-30T23:37:07.721+0000] {sensors.py:45} INFO - Market open check at 2026-04-30 19:37 ET: False
[2026-04-30T23:37:07.746+0000] {taskinstance.py:2658} INFO - Rescheduling task, marking task as UP_FOR_RESCHEDULE
[2026-04-30T23:37:07.769+0000] {local_task_job_runner.py:234} INFO - Task exited with return code 0
[2026-04-30T23:37:07.809+0000] {taskinstance.py:3280} INFO - 0 downstream tasks scheduled from follow-on schedule check
[2026-04-30T23:38:09.062+0000] {taskinstance.py:1956} INFO - Dependencies all met for dep_context=non-requeueable deps ti=<TaskInstance: fetch_market_data.check_market_open scheduled__2026-04-30T23:15:00+00:00 [queued]>
[2026-04-30T23:38:09.070+0000] {taskinstance.py:1956} INFO - Dependencies all met for dep_context=requeueable deps ti=<TaskInstance: fetch_market_data.check_market_open scheduled__2026-04-30T23:15:00+00:00 [queued]>
[2026-04-30T23:38:09.071+0000] {taskinstance.py:2170} INFO - Starting attempt 1 of 3
[2026-04-30T23:38:09.081+0000] {taskinstance.py:2191} INFO - Executing <Task(MarketOpenSensor): check_market_open> on 2026-04-30 23:15:00+00:00
[2026-04-30T23:38:09.087+0000] {standard_task_runner.py:60} INFO - Started process 641033 to run task
[2026-04-30T23:38:09.090+0000] {standard_task_runner.py:87} INFO - Running: ['airflow', 'tasks', 'run', 'fetch_market_data', 'check_market_open', 'scheduled__2026-04-30T23:15:00+00:00', '--job-id', '385', '--raw', '--subdir', 'DAGS_FOLDER/fetch_market_data.py', '--cfg-path', '/tmp/tmpawbh_gbz']
[2026-04-30T23:38:09.092+0000] {standard_task_runner.py:88} INFO - Job 385: Subtask check_market_open
[2026-04-30T23:38:09.167+0000] {task_command.py:423} INFO - Running <TaskInstance: fetch_market_data.check_market_open scheduled__2026-04-30T23:15:00+00:00 [running]> on host reddit-pipeline-vm
[2026-04-30T23:38:09.275+0000] {taskinstance.py:2480} INFO - Exporting env vars: AIRFLOW_CTX_DAG_OWNER='pipeline' AIRFLOW_CTX_DAG_ID='fetch_market_data' AIRFLOW_CTX_TASK_ID='check_market_open' AIRFLOW_CTX_EXECUTION_DATE='2026-04-30T23:15:00+00:00' AIRFLOW_CTX_TRY_NUMBER='1' AIRFLOW_CTX_DAG_RUN_ID='scheduled__2026-04-30T23:15:00+00:00'
[2026-04-30T23:38:09.292+0000] {sensors.py:45} INFO - Market open check at 2026-04-30 19:38 ET: False
[2026-04-30T23:38:09.319+0000] {taskinstance.py:2658} INFO - Rescheduling task, marking task as UP_FOR_RESCHEDULE
[2026-04-30T23:38:09.343+0000] {local_task_job_runner.py:234} INFO - Task exited with return code 0
[2026-04-30T23:38:09.382+0000] {taskinstance.py:3280} INFO - 0 downstream tasks scheduled from follow-on schedule check
[2026-04-30T23:39:10.633+0000] {taskinstance.py:1956} INFO - Dependencies all met for dep_context=non-requeueable deps ti=<TaskInstance: fetch_market_data.check_market_open scheduled__2026-04-30T23:15:00+00:00 [queued]>
[2026-04-30T23:39:10.640+0000] {taskinstance.py:1956} INFO - Dependencies all met for dep_context=requeueable deps ti=<TaskInstance: fetch_market_data.check_market_open scheduled__2026-04-30T23:15:00+00:00 [queued]>
[2026-04-30T23:39:10.640+0000] {taskinstance.py:2170} INFO - Starting attempt 1 of 3
[2026-04-30T23:39:10.650+0000] {taskinstance.py:2191} INFO - Executing <Task(MarketOpenSensor): check_market_open> on 2026-04-30 23:15:00+00:00
[2026-04-30T23:39:10.656+0000] {standard_task_runner.py:60} INFO - Started process 641101 to run task
[2026-04-30T23:39:10.659+0000] {standard_task_runner.py:87} INFO - Running: ['airflow', 'tasks', 'run', 'fetch_market_data', 'check_market_open', 'scheduled__2026-04-30T23:15:00+00:00', '--job-id', '386', '--raw', '--subdir', 'DAGS_FOLDER/fetch_market_data.py', '--cfg-path', '/tmp/tmpltn0eh5u']
[2026-04-30T23:39:10.661+0000] {standard_task_runner.py:88} INFO - Job 386: Subtask check_market_open
[2026-04-30T23:39:10.738+0000] {task_command.py:423} INFO - Running <TaskInstance: fetch_market_data.check_market_open scheduled__2026-04-30T23:15:00+00:00 [running]> on host reddit-pipeline-vm
[2026-04-30T23:39:10.845+0000] {taskinstance.py:2480} INFO - Exporting env vars: AIRFLOW_CTX_DAG_OWNER='pipeline' AIRFLOW_CTX_DAG_ID='fetch_market_data' AIRFLOW_CTX_TASK_ID='check_market_open' AIRFLOW_CTX_EXECUTION_DATE='2026-04-30T23:15:00+00:00' AIRFLOW_CTX_TRY_NUMBER='1' AIRFLOW_CTX_DAG_RUN_ID='scheduled__2026-04-30T23:15:00+00:00'
[2026-04-30T23:39:10.863+0000] {sensors.py:45} INFO - Market open check at 2026-04-30 19:39 ET: False
[2026-04-30T23:39:10.889+0000] {taskinstance.py:2658} INFO - Rescheduling task, marking task as UP_FOR_RESCHEDULE
[2026-04-30T23:39:10.913+0000] {local_task_job_runner.py:234} INFO - Task exited with return code 0
[2026-04-30T23:39:10.953+0000] {taskinstance.py:3280} INFO - 0 downstream tasks scheduled from follow-on schedule check
[2026-04-30T23:40:12.087+0000] {taskinstance.py:1956} INFO - Dependencies all met for dep_context=non-requeueable deps ti=<TaskInstance: fetch_market_data.check_market_open scheduled__2026-04-30T23:15:00+00:00 [queued]>
[2026-04-30T23:40:12.094+0000] {taskinstance.py:1956} INFO - Dependencies all met for dep_context=requeueable deps ti=<TaskInstance: fetch_market_data.check_market_open scheduled__2026-04-30T23:15:00+00:00 [queued]>
[2026-04-30T23:40:12.094+0000] {taskinstance.py:2170} INFO - Starting attempt 1 of 3
[2026-04-30T23:40:12.104+0000] {taskinstance.py:2191} INFO - Executing <Task(MarketOpenSensor): check_market_open> on 2026-04-30 23:15:00+00:00
[2026-04-30T23:40:12.111+0000] {standard_task_runner.py:60} INFO - Started process 641172 to run task
[2026-04-30T23:40:12.114+0000] {standard_task_runner.py:87} INFO - Running: ['airflow', 'tasks', 'run', 'fetch_market_data', 'check_market_open', 'scheduled__2026-04-30T23:15:00+00:00', '--job-id', '387', '--raw', '--subdir', 'DAGS_FOLDER/fetch_market_data.py', '--cfg-path', '/tmp/tmp8r2kss_g']
[2026-04-30T23:40:12.116+0000] {standard_task_runner.py:88} INFO - Job 387: Subtask check_market_open
[2026-04-30T23:40:12.190+0000] {task_command.py:423} INFO - Running <TaskInstance: fetch_market_data.check_market_open scheduled__2026-04-30T23:15:00+00:00 [running]> on host reddit-pipeline-vm
[2026-04-30T23:40:12.299+0000] {taskinstance.py:2480} INFO - Exporting env vars: AIRFLOW_CTX_DAG_OWNER='pipeline' AIRFLOW_CTX_DAG_ID='fetch_market_data' AIRFLOW_CTX_TASK_ID='check_market_open' AIRFLOW_CTX_EXECUTION_DATE='2026-04-30T23:15:00+00:00' AIRFLOW_CTX_TRY_NUMBER='1' AIRFLOW_CTX_DAG_RUN_ID='scheduled__2026-04-30T23:15:00+00:00'
[2026-04-30T23:40:12.317+0000] {sensors.py:45} INFO - Market open check at 2026-04-30 19:40 ET: False
[2026-04-30T23:40:12.344+0000] {taskinstance.py:2658} INFO - Rescheduling task, marking task as UP_FOR_RESCHEDULE
[2026-04-30T23:40:12.366+0000] {local_task_job_runner.py:234} INFO - Task exited with return code 0
[2026-04-30T23:40:12.407+0000] {taskinstance.py:3280} INFO - 0 downstream tasks scheduled from follow-on schedule check
[2026-04-30T23:41:13.410+0000] {taskinstance.py:1956} INFO - Dependencies all met for dep_context=non-requeueable deps ti=<TaskInstance: fetch_market_data.check_market_open scheduled__2026-04-30T23:15:00+00:00 [queued]>
[2026-04-30T23:41:13.418+0000] {taskinstance.py:1956} INFO - Dependencies all met for dep_context=requeueable deps ti=<TaskInstance: fetch_market_data.check_market_open scheduled__2026-04-30T23:15:00+00:00 [queued]>
[2026-04-30T23:41:13.418+0000] {taskinstance.py:2170} INFO - Starting attempt 1 of 3
[2026-04-30T23:41:13.429+0000] {taskinstance.py:2191} INFO - Executing <Task(MarketOpenSensor): check_market_open> on 2026-04-30 23:15:00+00:00
[2026-04-30T23:41:13.436+0000] {standard_task_runner.py:60} INFO - Started process 641247 to run task
[2026-04-30T23:41:13.440+0000] {standard_task_runner.py:87} INFO - Running: ['airflow', 'tasks', 'run', 'fetch_market_data', 'check_market_open', 'scheduled__2026-04-30T23:15:00+00:00', '--job-id', '388', '--raw', '--subdir', 'DAGS_FOLDER/fetch_market_data.py', '--cfg-path', '/tmp/tmphartdppg']
[2026-04-30T23:41:13.442+0000] {standard_task_runner.py:88} INFO - Job 388: Subtask check_market_open
[2026-04-30T23:41:13.520+0000] {task_command.py:423} INFO - Running <TaskInstance: fetch_market_data.check_market_open scheduled__2026-04-30T23:15:00+00:00 [running]> on host reddit-pipeline-vm
[2026-04-30T23:41:13.631+0000] {taskinstance.py:2480} INFO - Exporting env vars: AIRFLOW_CTX_DAG_OWNER='pipeline' AIRFLOW_CTX_DAG_ID='fetch_market_data' AIRFLOW_CTX_TASK_ID='check_market_open' AIRFLOW_CTX_EXECUTION_DATE='2026-04-30T23:15:00+00:00' AIRFLOW_CTX_TRY_NUMBER='1' AIRFLOW_CTX_DAG_RUN_ID='scheduled__2026-04-30T23:15:00+00:00'
[2026-04-30T23:41:13.650+0000] {sensors.py:45} INFO - Market open check at 2026-04-30 19:41 ET: False
[2026-04-30T23:41:13.677+0000] {taskinstance.py:2658} INFO - Rescheduling task, marking task as UP_FOR_RESCHEDULE
[2026-04-30T23:41:13.694+0000] {local_task_job_runner.py:234} INFO - Task exited with return code 0
[2026-04-30T23:41:13.737+0000] {taskinstance.py:3280} INFO - 0 downstream tasks scheduled from follow-on schedule check
[2026-04-30T23:42:15.077+0000] {taskinstance.py:1956} INFO - Dependencies all met for dep_context=non-requeueable deps ti=<TaskInstance: fetch_market_data.check_market_open scheduled__2026-04-30T23:15:00+00:00 [queued]>
[2026-04-30T23:42:15.085+0000] {taskinstance.py:1956} INFO - Dependencies all met for dep_context=requeueable deps ti=<TaskInstance: fetch_market_data.check_market_open scheduled__2026-04-30T23:15:00+00:00 [queued]>
[2026-04-30T23:42:15.085+0000] {taskinstance.py:2170} INFO - Starting attempt 1 of 3
[2026-04-30T23:42:15.095+0000] {taskinstance.py:2191} INFO - Executing <Task(MarketOpenSensor): check_market_open> on 2026-04-30 23:15:00+00:00
[2026-04-30T23:42:15.102+0000] {standard_task_runner.py:60} INFO - Started process 641321 to run task
[2026-04-30T23:42:15.105+0000] {standard_task_runner.py:87} INFO - Running: ['airflow', 'tasks', 'run', 'fetch_market_data', 'check_market_open', 'scheduled__2026-04-30T23:15:00+00:00', '--job-id', '389', '--raw', '--subdir', 'DAGS_FOLDER/fetch_market_data.py', '--cfg-path', '/tmp/tmpcowk44i4']
[2026-04-30T23:42:15.107+0000] {standard_task_runner.py:88} INFO - Job 389: Subtask check_market_open
[2026-04-30T23:42:15.184+0000] {task_command.py:423} INFO - Running <TaskInstance: fetch_market_data.check_market_open scheduled__2026-04-30T23:15:00+00:00 [running]> on host reddit-pipeline-vm
[2026-04-30T23:42:15.292+0000] {taskinstance.py:2480} INFO - Exporting env vars: AIRFLOW_CTX_DAG_OWNER='pipeline' AIRFLOW_CTX_DAG_ID='fetch_market_data' AIRFLOW_CTX_TASK_ID='check_market_open' AIRFLOW_CTX_EXECUTION_DATE='2026-04-30T23:15:00+00:00' AIRFLOW_CTX_TRY_NUMBER='1' AIRFLOW_CTX_DAG_RUN_ID='scheduled__2026-04-30T23:15:00+00:00'
[2026-04-30T23:42:15.309+0000] {sensors.py:45} INFO - Market open check at 2026-04-30 19:42 ET: False
[2026-04-30T23:42:15.335+0000] {taskinstance.py:2658} INFO - Rescheduling task, marking task as UP_FOR_RESCHEDULE
[2026-04-30T23:42:15.357+0000] {local_task_job_runner.py:234} INFO - Task exited with return code 0
[2026-04-30T23:42:15.397+0000] {taskinstance.py:3280} INFO - 0 downstream tasks scheduled from follow-on schedule check
[2026-04-30T23:43:16.813+0000] {taskinstance.py:1956} INFO - Dependencies all met for dep_context=non-requeueable deps ti=<TaskInstance: fetch_market_data.check_market_open scheduled__2026-04-30T23:15:00+00:00 [queued]>
[2026-04-30T23:43:16.821+0000] {taskinstance.py:1956} INFO - Dependencies all met for dep_context=requeueable deps ti=<TaskInstance: fetch_market_data.check_market_open scheduled__2026-04-30T23:15:00+00:00 [queued]>
[2026-04-30T23:43:16.821+0000] {taskinstance.py:2170} INFO - Starting attempt 1 of 3
[2026-04-30T23:43:16.831+0000] {taskinstance.py:2191} INFO - Executing <Task(MarketOpenSensor): check_market_open> on 2026-04-30 23:15:00+00:00
[2026-04-30T23:43:16.837+0000] {standard_task_runner.py:60} INFO - Started process 641385 to run task
[2026-04-30T23:43:16.840+0000] {standard_task_runner.py:87} INFO - Running: ['airflow', 'tasks', 'run', 'fetch_market_data', 'check_market_open', 'scheduled__2026-04-30T23:15:00+00:00', '--job-id', '390', '--raw', '--subdir', 'DAGS_FOLDER/fetch_market_data.py', '--cfg-path', '/tmp/tmpfuwlscjp']
[2026-04-30T23:43:16.842+0000] {standard_task_runner.py:88} INFO - Job 390: Subtask check_market_open
[2026-04-30T23:43:16.917+0000] {task_command.py:423} INFO - Running <TaskInstance: fetch_market_data.check_market_open scheduled__2026-04-30T23:15:00+00:00 [running]> on host reddit-pipeline-vm
[2026-04-30T23:43:17.025+0000] {taskinstance.py:2480} INFO - Exporting env vars: AIRFLOW_CTX_DAG_OWNER='pipeline' AIRFLOW_CTX_DAG_ID='fetch_market_data' AIRFLOW_CTX_TASK_ID='check_market_open' AIRFLOW_CTX_EXECUTION_DATE='2026-04-30T23:15:00+00:00' AIRFLOW_CTX_TRY_NUMBER='1' AIRFLOW_CTX_DAG_RUN_ID='scheduled__2026-04-30T23:15:00+00:00'
[2026-04-30T23:43:17.042+0000] {sensors.py:45} INFO - Market open check at 2026-04-30 19:43 ET: False
[2026-04-30T23:43:17.068+0000] {taskinstance.py:2658} INFO - Rescheduling task, marking task as UP_FOR_RESCHEDULE
[2026-04-30T23:43:17.093+0000] {local_task_job_runner.py:234} INFO - Task exited with return code 0
[2026-04-30T23:43:17.133+0000] {taskinstance.py:3280} INFO - 0 downstream tasks scheduled from follow-on schedule check
[2026-04-30T23:44:18.349+0000] {taskinstance.py:1956} INFO - Dependencies all met for dep_context=non-requeueable deps ti=<TaskInstance: fetch_market_data.check_market_open scheduled__2026-04-30T23:15:00+00:00 [queued]>
[2026-04-30T23:44:18.356+0000] {taskinstance.py:1956} INFO - Dependencies all met for dep_context=requeueable deps ti=<TaskInstance: fetch_market_data.check_market_open scheduled__2026-04-30T23:15:00+00:00 [queued]>
[2026-04-30T23:44:18.357+0000] {taskinstance.py:2170} INFO - Starting attempt 1 of 3
[2026-04-30T23:44:18.366+0000] {taskinstance.py:2191} INFO - Executing <Task(MarketOpenSensor): check_market_open> on 2026-04-30 23:15:00+00:00
[2026-04-30T23:44:18.373+0000] {standard_task_runner.py:60} INFO - Started process 641455 to run task
[2026-04-30T23:44:18.376+0000] {standard_task_runner.py:87} INFO - Running: ['airflow', 'tasks', 'run', 'fetch_market_data', 'check_market_open', 'scheduled__2026-04-30T23:15:00+00:00', '--job-id', '391', '--raw', '--subdir', 'DAGS_FOLDER/fetch_market_data.py', '--cfg-path', '/tmp/tmph6qihcri']
[2026-04-30T23:44:18.378+0000] {standard_task_runner.py:88} INFO - Job 391: Subtask check_market_open
[2026-04-30T23:44:18.453+0000] {task_command.py:423} INFO - Running <TaskInstance: fetch_market_data.check_market_open scheduled__2026-04-30T23:15:00+00:00 [running]> on host reddit-pipeline-vm
[2026-04-30T23:44:18.560+0000] {taskinstance.py:2480} INFO - Exporting env vars: AIRFLOW_CTX_DAG_OWNER='pipeline' AIRFLOW_CTX_DAG_ID='fetch_market_data' AIRFLOW_CTX_TASK_ID='check_market_open' AIRFLOW_CTX_EXECUTION_DATE='2026-04-30T23:15:00+00:00' AIRFLOW_CTX_TRY_NUMBER='1' AIRFLOW_CTX_DAG_RUN_ID='scheduled__2026-04-30T23:15:00+00:00'
[2026-04-30T23:44:18.578+0000] {sensors.py:45} INFO - Market open check at 2026-04-30 19:44 ET: False
[2026-04-30T23:44:18.604+0000] {taskinstance.py:2658} INFO - Rescheduling task, marking task as UP_FOR_RESCHEDULE
[2026-04-30T23:44:18.628+0000] {local_task_job_runner.py:234} INFO - Task exited with return code 0
[2026-04-30T23:44:18.669+0000] {taskinstance.py:3280} INFO - 0 downstream tasks scheduled from follow-on schedule check
[2026-04-30T23:45:19.902+0000] {taskinstance.py:1956} INFO - Dependencies all met for dep_context=non-requeueable deps ti=<TaskInstance: fetch_market_data.check_market_open scheduled__2026-04-30T23:15:00+00:00 [queued]>
[2026-04-30T23:45:19.910+0000] {taskinstance.py:1956} INFO - Dependencies all met for dep_context=requeueable deps ti=<TaskInstance: fetch_market_data.check_market_open scheduled__2026-04-30T23:15:00+00:00 [queued]>
[2026-04-30T23:45:19.910+0000] {taskinstance.py:2170} INFO - Starting attempt 1 of 3
[2026-04-30T23:45:19.920+0000] {taskinstance.py:2191} INFO - Executing <Task(MarketOpenSensor): check_market_open> on 2026-04-30 23:15:00+00:00
[2026-04-30T23:45:19.927+0000] {standard_task_runner.py:60} INFO - Started process 641523 to run task
[2026-04-30T23:45:19.930+0000] {standard_task_runner.py:87} INFO - Running: ['airflow', 'tasks', 'run', 'fetch_market_data', 'check_market_open', 'scheduled__2026-04-30T23:15:00+00:00', '--job-id', '392', '--raw', '--subdir', 'DAGS_FOLDER/fetch_market_data.py', '--cfg-path', '/tmp/tmpf_fj3mhx']
[2026-04-30T23:45:19.932+0000] {standard_task_runner.py:88} INFO - Job 392: Subtask check_market_open
[2026-04-30T23:45:20.006+0000] {task_command.py:423} INFO - Running <TaskInstance: fetch_market_data.check_market_open scheduled__2026-04-30T23:15:00+00:00 [running]> on host reddit-pipeline-vm
[2026-04-30T23:45:20.115+0000] {taskinstance.py:2480} INFO - Exporting env vars: AIRFLOW_CTX_DAG_OWNER='pipeline' AIRFLOW_CTX_DAG_ID='fetch_market_data' AIRFLOW_CTX_TASK_ID='check_market_open' AIRFLOW_CTX_EXECUTION_DATE='2026-04-30T23:15:00+00:00' AIRFLOW_CTX_TRY_NUMBER='1' AIRFLOW_CTX_DAG_RUN_ID='scheduled__2026-04-30T23:15:00+00:00'
[2026-04-30T23:45:20.133+0000] {sensors.py:45} INFO - Market open check at 2026-04-30 19:45 ET: False
[2026-04-30T23:45:20.159+0000] {taskinstance.py:2658} INFO - Rescheduling task, marking task as UP_FOR_RESCHEDULE
[2026-04-30T23:45:20.182+0000] {local_task_job_runner.py:234} INFO - Task exited with return code 0
[2026-04-30T23:45:20.222+0000] {taskinstance.py:3280} INFO - 0 downstream tasks scheduled from follow-on schedule check
[2026-04-30T23:46:21.469+0000] {taskinstance.py:1956} INFO - Dependencies all met for dep_context=non-requeueable deps ti=<TaskInstance: fetch_market_data.check_market_open scheduled__2026-04-30T23:15:00+00:00 [queued]>
[2026-04-30T23:46:21.476+0000] {taskinstance.py:1956} INFO - Dependencies all met for dep_context=requeueable deps ti=<TaskInstance: fetch_market_data.check_market_open scheduled__2026-04-30T23:15:00+00:00 [queued]>
[2026-04-30T23:46:21.476+0000] {taskinstance.py:2170} INFO - Starting attempt 1 of 3
[2026-04-30T23:46:21.486+0000] {taskinstance.py:2191} INFO - Executing <Task(MarketOpenSensor): check_market_open> on 2026-04-30 23:15:00+00:00
[2026-04-30T23:46:21.492+0000] {standard_task_runner.py:60} INFO - Started process 641595 to run task
[2026-04-30T23:46:21.495+0000] {standard_task_runner.py:87} INFO - Running: ['airflow', 'tasks', 'run', 'fetch_market_data', 'check_market_open', 'scheduled__2026-04-30T23:15:00+00:00', '--job-id', '393', '--raw', '--subdir', 'DAGS_FOLDER/fetch_market_data.py', '--cfg-path', '/tmp/tmpfskjmay_']
[2026-04-30T23:46:21.497+0000] {standard_task_runner.py:88} INFO - Job 393: Subtask check_market_open
[2026-04-30T23:46:21.572+0000] {task_command.py:423} INFO - Running <TaskInstance: fetch_market_data.check_market_open scheduled__2026-04-30T23:15:00+00:00 [running]> on host reddit-pipeline-vm
[2026-04-30T23:46:21.682+0000] {taskinstance.py:2480} INFO - Exporting env vars: AIRFLOW_CTX_DAG_OWNER='pipeline' AIRFLOW_CTX_DAG_ID='fetch_market_data' AIRFLOW_CTX_TASK_ID='check_market_open' AIRFLOW_CTX_EXECUTION_DATE='2026-04-30T23:15:00+00:00' AIRFLOW_CTX_TRY_NUMBER='1' AIRFLOW_CTX_DAG_RUN_ID='scheduled__2026-04-30T23:15:00+00:00'
[2026-04-30T23:46:21.700+0000] {sensors.py:45} INFO - Market open check at 2026-04-30 19:46 ET: False
[2026-04-30T23:46:21.725+0000] {taskinstance.py:2658} INFO - Rescheduling task, marking task as UP_FOR_RESCHEDULE
[2026-04-30T23:46:21.748+0000] {local_task_job_runner.py:234} INFO - Task exited with return code 0
[2026-04-30T23:46:21.788+0000] {taskinstance.py:3280} INFO - 0 downstream tasks scheduled from follow-on schedule check
[2026-04-30T23:47:22.776+0000] {taskinstance.py:1956} INFO - Dependencies all met for dep_context=non-requeueable deps ti=<TaskInstance: fetch_market_data.check_market_open scheduled__2026-04-30T23:15:00+00:00 [queued]>
[2026-04-30T23:47:22.783+0000] {taskinstance.py:1956} INFO - Dependencies all met for dep_context=requeueable deps ti=<TaskInstance: fetch_market_data.check_market_open scheduled__2026-04-30T23:15:00+00:00 [queued]>
[2026-04-30T23:47:22.783+0000] {taskinstance.py:2170} INFO - Starting attempt 1 of 3
[2026-04-30T23:47:22.793+0000] {taskinstance.py:2191} INFO - Executing <Task(MarketOpenSensor): check_market_open> on 2026-04-30 23:15:00+00:00
[2026-04-30T23:47:22.799+0000] {standard_task_runner.py:60} INFO - Started process 641661 to run task
[2026-04-30T23:47:22.803+0000] {standard_task_runner.py:87} INFO - Running: ['airflow', 'tasks', 'run', 'fetch_market_data', 'check_market_open', 'scheduled__2026-04-30T23:15:00+00:00', '--job-id', '394', '--raw', '--subdir', 'DAGS_FOLDER/fetch_market_data.py', '--cfg-path', '/tmp/tmppq3xldnt']
[2026-04-30T23:47:22.805+0000] {standard_task_runner.py:88} INFO - Job 394: Subtask check_market_open
[2026-04-30T23:47:22.880+0000] {task_command.py:423} INFO - Running <TaskInstance: fetch_market_data.check_market_open scheduled__2026-04-30T23:15:00+00:00 [running]> on host reddit-pipeline-vm
[2026-04-30T23:47:22.991+0000] {taskinstance.py:2480} INFO - Exporting env vars: AIRFLOW_CTX_DAG_OWNER='pipeline' AIRFLOW_CTX_DAG_ID='fetch_market_data' AIRFLOW_CTX_TASK_ID='check_market_open' AIRFLOW_CTX_EXECUTION_DATE='2026-04-30T23:15:00+00:00' AIRFLOW_CTX_TRY_NUMBER='1' AIRFLOW_CTX_DAG_RUN_ID='scheduled__2026-04-30T23:15:00+00:00'
[2026-04-30T23:47:23.009+0000] {sensors.py:45} INFO - Market open check at 2026-04-30 19:47 ET: False
[2026-04-30T23:47:23.036+0000] {taskinstance.py:2658} INFO - Rescheduling task, marking task as UP_FOR_RESCHEDULE
[2026-04-30T23:47:23.055+0000] {local_task_job_runner.py:234} INFO - Task exited with return code 0
[2026-04-30T23:47:23.096+0000] {taskinstance.py:3280} INFO - 0 downstream tasks scheduled from follow-on schedule check
[2026-04-30T23:48:24.500+0000] {taskinstance.py:1956} INFO - Dependencies all met for dep_context=non-requeueable deps ti=<TaskInstance: fetch_market_data.check_market_open scheduled__2026-04-30T23:15:00+00:00 [queued]>
[2026-04-30T23:48:24.507+0000] {taskinstance.py:1956} INFO - Dependencies all met for dep_context=requeueable deps ti=<TaskInstance: fetch_market_data.check_market_open scheduled__2026-04-30T23:15:00+00:00 [queued]>
[2026-04-30T23:48:24.507+0000] {taskinstance.py:2170} INFO - Starting attempt 1 of 3
[2026-04-30T23:48:24.517+0000] {taskinstance.py:2191} INFO - Executing <Task(MarketOpenSensor): check_market_open> on 2026-04-30 23:15:00+00:00
[2026-04-30T23:48:24.524+0000] {standard_task_runner.py:60} INFO - Started process 641735 to run task
[2026-04-30T23:48:24.527+0000] {standard_task_runner.py:87} INFO - Running: ['airflow', 'tasks', 'run', 'fetch_market_data', 'check_market_open', 'scheduled__2026-04-30T23:15:00+00:00', '--job-id', '395', '--raw', '--subdir', 'DAGS_FOLDER/fetch_market_data.py', '--cfg-path', '/tmp/tmpwigmosk6']
[2026-04-30T23:48:24.529+0000] {standard_task_runner.py:88} INFO - Job 395: Subtask check_market_open
[2026-04-30T23:48:24.604+0000] {task_command.py:423} INFO - Running <TaskInstance: fetch_market_data.check_market_open scheduled__2026-04-30T23:15:00+00:00 [running]> on host reddit-pipeline-vm
[2026-04-30T23:48:24.713+0000] {taskinstance.py:2480} INFO - Exporting env vars: AIRFLOW_CTX_DAG_OWNER='pipeline' AIRFLOW_CTX_DAG_ID='fetch_market_data' AIRFLOW_CTX_TASK_ID='check_market_open' AIRFLOW_CTX_EXECUTION_DATE='2026-04-30T23:15:00+00:00' AIRFLOW_CTX_TRY_NUMBER='1' AIRFLOW_CTX_DAG_RUN_ID='scheduled__2026-04-30T23:15:00+00:00'
[2026-04-30T23:48:24.731+0000] {sensors.py:45} INFO - Market open check at 2026-04-30 19:48 ET: False
[2026-04-30T23:48:24.757+0000] {taskinstance.py:2658} INFO - Rescheduling task, marking task as UP_FOR_RESCHEDULE
[2026-04-30T23:48:24.780+0000] {local_task_job_runner.py:234} INFO - Task exited with return code 0
[2026-04-30T23:48:24.820+0000] {taskinstance.py:3280} INFO - 0 downstream tasks scheduled from follow-on schedule check
[2026-04-30T23:49:26.099+0000] {taskinstance.py:1956} INFO - Dependencies all met for dep_context=non-requeueable deps ti=<TaskInstance: fetch_market_data.check_market_open scheduled__2026-04-30T23:15:00+00:00 [queued]>
[2026-04-30T23:49:26.106+0000] {taskinstance.py:1956} INFO - Dependencies all met for dep_context=requeueable deps ti=<TaskInstance: fetch_market_data.check_market_open scheduled__2026-04-30T23:15:00+00:00 [queued]>
[2026-04-30T23:49:26.106+0000] {taskinstance.py:2170} INFO - Starting attempt 1 of 3
[2026-04-30T23:49:26.116+0000] {taskinstance.py:2191} INFO - Executing <Task(MarketOpenSensor): check_market_open> on 2026-04-30 23:15:00+00:00
[2026-04-30T23:49:26.123+0000] {standard_task_runner.py:60} INFO - Started process 641832 to run task
[2026-04-30T23:49:26.126+0000] {standard_task_runner.py:87} INFO - Running: ['airflow', 'tasks', 'run', 'fetch_market_data', 'check_market_open', 'scheduled__2026-04-30T23:15:00+00:00', '--job-id', '396', '--raw', '--subdir', 'DAGS_FOLDER/fetch_market_data.py', '--cfg-path', '/tmp/tmpc9zc21c9']
[2026-04-30T23:49:26.129+0000] {standard_task_runner.py:88} INFO - Job 396: Subtask check_market_open
[2026-04-30T23:49:26.203+0000] {task_command.py:423} INFO - Running <TaskInstance: fetch_market_data.check_market_open scheduled__2026-04-30T23:15:00+00:00 [running]> on host reddit-pipeline-vm
[2026-04-30T23:49:26.312+0000] {taskinstance.py:2480} INFO - Exporting env vars: AIRFLOW_CTX_DAG_OWNER='pipeline' AIRFLOW_CTX_DAG_ID='fetch_market_data' AIRFLOW_CTX_TASK_ID='check_market_open' AIRFLOW_CTX_EXECUTION_DATE='2026-04-30T23:15:00+00:00' AIRFLOW_CTX_TRY_NUMBER='1' AIRFLOW_CTX_DAG_RUN_ID='scheduled__2026-04-30T23:15:00+00:00'
[2026-04-30T23:49:26.330+0000] {sensors.py:45} INFO - Market open check at 2026-04-30 19:49 ET: False
[2026-04-30T23:49:26.356+0000] {taskinstance.py:2658} INFO - Rescheduling task, marking task as UP_FOR_RESCHEDULE
[2026-04-30T23:49:26.379+0000] {local_task_job_runner.py:234} INFO - Task exited with return code 0
[2026-04-30T23:49:26.419+0000] {taskinstance.py:3280} INFO - 0 downstream tasks scheduled from follow-on schedule check
[2026-04-30T23:50:27.638+0000] {taskinstance.py:1956} INFO - Dependencies all met for dep_context=non-requeueable deps ti=<TaskInstance: fetch_market_data.check_market_open scheduled__2026-04-30T23:15:00+00:00 [queued]>
[2026-04-30T23:50:27.646+0000] {taskinstance.py:1956} INFO - Dependencies all met for dep_context=requeueable deps ti=<TaskInstance: fetch_market_data.check_market_open scheduled__2026-04-30T23:15:00+00:00 [queued]>
[2026-04-30T23:50:27.646+0000] {taskinstance.py:2170} INFO - Starting attempt 1 of 3
[2026-04-30T23:50:27.656+0000] {taskinstance.py:2191} INFO - Executing <Task(MarketOpenSensor): check_market_open> on 2026-04-30 23:15:00+00:00
[2026-04-30T23:50:27.662+0000] {standard_task_runner.py:60} INFO - Started process 641909 to run task
[2026-04-30T23:50:27.665+0000] {standard_task_runner.py:87} INFO - Running: ['airflow', 'tasks', 'run', 'fetch_market_data', 'check_market_open', 'scheduled__2026-04-30T23:15:00+00:00', '--job-id', '397', '--raw', '--subdir', 'DAGS_FOLDER/fetch_market_data.py', '--cfg-path', '/tmp/tmpp95sq6wq']
[2026-04-30T23:50:27.667+0000] {standard_task_runner.py:88} INFO - Job 397: Subtask check_market_open
[2026-04-30T23:50:27.741+0000] {task_command.py:423} INFO - Running <TaskInstance: fetch_market_data.check_market_open scheduled__2026-04-30T23:15:00+00:00 [running]> on host reddit-pipeline-vm
[2026-04-30T23:50:27.848+0000] {taskinstance.py:2480} INFO - Exporting env vars: AIRFLOW_CTX_DAG_OWNER='pipeline' AIRFLOW_CTX_DAG_ID='fetch_market_data' AIRFLOW_CTX_TASK_ID='check_market_open' AIRFLOW_CTX_EXECUTION_DATE='2026-04-30T23:15:00+00:00' AIRFLOW_CTX_TRY_NUMBER='1' AIRFLOW_CTX_DAG_RUN_ID='scheduled__2026-04-30T23:15:00+00:00'
[2026-04-30T23:50:27.866+0000] {sensors.py:45} INFO - Market open check at 2026-04-30 19:50 ET: False
[2026-04-30T23:50:27.866+0000] {taskinstance.py:2698} ERROR - Task failed with exception
Traceback (most recent call last):
  File "/home/ubuntu/github_repo/Stock-Market-Intelligence-Pipeline/venv/lib/python3.11/site-packages/airflow/models/taskinstance.py", line 433, in _execute_task
    result = execute_callable(context=context, **execute_callable_kwargs)
             ^^^^^^^^^^^^^^^^^^^^^^^^^^^^^^^^^^^^^^^^^^^^^^^^^^^^^^^^^^^^
  File "/home/ubuntu/github_repo/Stock-Market-Intelligence-Pipeline/venv/lib/python3.11/site-packages/airflow/sensors/base.py", line 282, in execute
    raise AirflowSensorTimeout(message)
airflow.exceptions.AirflowSensorTimeout: Sensor has timed out; run duration of 922.232152 seconds exceeds the specified timeout of 900.0.
[2026-04-30T23:50:27.883+0000] {taskinstance.py:1138} INFO - Immediate failure requested. Marking task as FAILED. dag_id=fetch_market_data, task_id=check_market_open, execution_date=20260430T231500, start_date=20260430T235027, end_date=20260430T235027
[2026-04-30T23:50:27.892+0000] {standard_task_runner.py:107} ERROR - Failed to execute job 397 for task check_market_open (Sensor has timed out; run duration of 922.232152 seconds exceeds the specified timeout of 900.0.; 641909)
[2026-04-30T23:50:27.918+0000] {local_task_job_runner.py:234} INFO - Task exited with return code 1
[2026-04-30T23:50:27.966+0000] {taskinstance.py:3280} INFO - 0 downstream tasks scheduled from follow-on schedule check
