[2026-05-05T00:00:25.522+0000] {taskinstance.py:1956} INFO - Dependencies all met for dep_context=non-requeueable deps ti=<TaskInstance: fetch_market_data.check_market_open scheduled__2026-05-04T23:00:00+00:00 [queued]>
[2026-05-05T00:00:25.529+0000] {taskinstance.py:1956} INFO - Dependencies all met for dep_context=requeueable deps ti=<TaskInstance: fetch_market_data.check_market_open scheduled__2026-05-04T23:00:00+00:00 [queued]>
[2026-05-05T00:00:25.529+0000] {taskinstance.py:2170} INFO - Starting attempt 1 of 3
[2026-05-05T00:00:25.539+0000] {taskinstance.py:2191} INFO - Executing <Task(MarketOpenSensor): check_market_open> on 2026-05-04 23:00:00+00:00
[2026-05-05T00:00:25.546+0000] {standard_task_runner.py:60} INFO - Started process 949813 to run task
[2026-05-05T00:00:25.549+0000] {standard_task_runner.py:87} INFO - Running: ['airflow', 'tasks', 'run', 'fetch_market_data', 'check_market_open', 'scheduled__2026-05-04T23:00:00+00:00', '--job-id', '1219', '--raw', '--subdir', 'DAGS_FOLDER/fetch_market_data.py', '--cfg-path', '/tmp/tmpymc1xm9s']
[2026-05-05T00:00:25.551+0000] {standard_task_runner.py:88} INFO - Job 1219: Subtask check_market_open
[2026-05-05T00:00:25.627+0000] {task_command.py:423} INFO - Running <TaskInstance: fetch_market_data.check_market_open scheduled__2026-05-04T23:00:00+00:00 [running]> on host reddit-pipeline-vm
[2026-05-05T00:00:25.744+0000] {taskinstance.py:2480} INFO - Exporting env vars: AIRFLOW_CTX_DAG_OWNER='pipeline' AIRFLOW_CTX_DAG_ID='fetch_market_data' AIRFLOW_CTX_TASK_ID='check_market_open' AIRFLOW_CTX_EXECUTION_DATE='2026-05-04T23:00:00+00:00' AIRFLOW_CTX_TRY_NUMBER='1' AIRFLOW_CTX_DAG_RUN_ID='scheduled__2026-05-04T23:00:00+00:00'
[2026-05-05T00:00:25.761+0000] {sensors.py:45} INFO - Market open check at 2026-05-04 20:00 ET: False
[2026-05-05T00:00:25.787+0000] {taskinstance.py:2658} INFO - Rescheduling task, marking task as UP_FOR_RESCHEDULE
[2026-05-05T00:00:25.803+0000] {local_task_job_runner.py:234} INFO - Task exited with return code 0
[2026-05-05T00:00:25.844+0000] {taskinstance.py:3280} INFO - 0 downstream tasks scheduled from follow-on schedule check
[2026-05-05T00:15:26.640+0000] {taskinstance.py:1956} INFO - Dependencies all met for dep_context=non-requeueable deps ti=<TaskInstance: fetch_market_data.check_market_open scheduled__2026-05-04T23:00:00+00:00 [queued]>
[2026-05-05T00:15:26.648+0000] {taskinstance.py:1956} INFO - Dependencies all met for dep_context=requeueable deps ti=<TaskInstance: fetch_market_data.check_market_open scheduled__2026-05-04T23:00:00+00:00 [queued]>
[2026-05-05T00:15:26.648+0000] {taskinstance.py:2170} INFO - Starting attempt 1 of 3
[2026-05-05T00:15:26.658+0000] {taskinstance.py:2191} INFO - Executing <Task(MarketOpenSensor): check_market_open> on 2026-05-04 23:00:00+00:00
[2026-05-05T00:15:26.665+0000] {standard_task_runner.py:60} INFO - Started process 950553 to run task
[2026-05-05T00:15:26.668+0000] {standard_task_runner.py:87} INFO - Running: ['airflow', 'tasks', 'run', 'fetch_market_data', 'check_market_open', 'scheduled__2026-05-04T23:00:00+00:00', '--job-id', '1220', '--raw', '--subdir', 'DAGS_FOLDER/fetch_market_data.py', '--cfg-path', '/tmp/tmpibhxzul_']
[2026-05-05T00:15:26.670+0000] {standard_task_runner.py:88} INFO - Job 1220: Subtask check_market_open
[2026-05-05T00:15:26.747+0000] {task_command.py:423} INFO - Running <TaskInstance: fetch_market_data.check_market_open scheduled__2026-05-04T23:00:00+00:00 [running]> on host reddit-pipeline-vm
[2026-05-05T00:15:26.855+0000] {taskinstance.py:2480} INFO - Exporting env vars: AIRFLOW_CTX_DAG_OWNER='pipeline' AIRFLOW_CTX_DAG_ID='fetch_market_data' AIRFLOW_CTX_TASK_ID='check_market_open' AIRFLOW_CTX_EXECUTION_DATE='2026-05-04T23:00:00+00:00' AIRFLOW_CTX_TRY_NUMBER='1' AIRFLOW_CTX_DAG_RUN_ID='scheduled__2026-05-04T23:00:00+00:00'
[2026-05-05T00:15:26.873+0000] {sensors.py:45} INFO - Market open check at 2026-05-04 20:15 ET: False
[2026-05-05T00:15:26.899+0000] {taskinstance.py:2658} INFO - Rescheduling task, marking task as UP_FOR_RESCHEDULE
[2026-05-05T00:15:26.922+0000] {local_task_job_runner.py:234} INFO - Task exited with return code 0
[2026-05-05T00:15:26.962+0000] {taskinstance.py:3280} INFO - 0 downstream tasks scheduled from follow-on schedule check
[2026-05-05T00:30:27.808+0000] {taskinstance.py:1956} INFO - Dependencies all met for dep_context=non-requeueable deps ti=<TaskInstance: fetch_market_data.check_market_open scheduled__2026-05-04T23:00:00+00:00 [queued]>
[2026-05-05T00:30:27.816+0000] {taskinstance.py:1956} INFO - Dependencies all met for dep_context=requeueable deps ti=<TaskInstance: fetch_market_data.check_market_open scheduled__2026-05-04T23:00:00+00:00 [queued]>
[2026-05-05T00:30:27.816+0000] {taskinstance.py:2170} INFO - Starting attempt 1 of 3
[2026-05-05T00:30:27.827+0000] {taskinstance.py:2191} INFO - Executing <Task(MarketOpenSensor): check_market_open> on 2026-05-04 23:00:00+00:00
[2026-05-05T00:30:27.833+0000] {standard_task_runner.py:60} INFO - Started process 951292 to run task
[2026-05-05T00:30:27.837+0000] {standard_task_runner.py:87} INFO - Running: ['airflow', 'tasks', 'run', 'fetch_market_data', 'check_market_open', 'scheduled__2026-05-04T23:00:00+00:00', '--job-id', '1221', '--raw', '--subdir', 'DAGS_FOLDER/fetch_market_data.py', '--cfg-path', '/tmp/tmp1ub9faro']
[2026-05-05T00:30:27.839+0000] {standard_task_runner.py:88} INFO - Job 1221: Subtask check_market_open
[2026-05-05T00:30:27.918+0000] {task_command.py:423} INFO - Running <TaskInstance: fetch_market_data.check_market_open scheduled__2026-05-04T23:00:00+00:00 [running]> on host reddit-pipeline-vm
[2026-05-05T00:30:28.029+0000] {taskinstance.py:2480} INFO - Exporting env vars: AIRFLOW_CTX_DAG_OWNER='pipeline' AIRFLOW_CTX_DAG_ID='fetch_market_data' AIRFLOW_CTX_TASK_ID='check_market_open' AIRFLOW_CTX_EXECUTION_DATE='2026-05-04T23:00:00+00:00' AIRFLOW_CTX_TRY_NUMBER='1' AIRFLOW_CTX_DAG_RUN_ID='scheduled__2026-05-04T23:00:00+00:00'
[2026-05-05T00:30:28.047+0000] {sensors.py:45} INFO - Market open check at 2026-05-04 20:30 ET: False
[2026-05-05T00:30:28.078+0000] {taskinstance.py:2658} INFO - Rescheduling task, marking task as UP_FOR_RESCHEDULE
[2026-05-05T00:30:28.092+0000] {local_task_job_runner.py:234} INFO - Task exited with return code 0
[2026-05-05T00:30:28.136+0000] {taskinstance.py:3280} INFO - 0 downstream tasks scheduled from follow-on schedule check
[2026-05-05T00:45:28.858+0000] {taskinstance.py:1956} INFO - Dependencies all met for dep_context=non-requeueable deps ti=<TaskInstance: fetch_market_data.check_market_open scheduled__2026-05-04T23:00:00+00:00 [queued]>
[2026-05-05T00:45:28.866+0000] {taskinstance.py:1956} INFO - Dependencies all met for dep_context=requeueable deps ti=<TaskInstance: fetch_market_data.check_market_open scheduled__2026-05-04T23:00:00+00:00 [queued]>
[2026-05-05T00:45:28.866+0000] {taskinstance.py:2170} INFO - Starting attempt 1 of 3
[2026-05-05T00:45:28.877+0000] {taskinstance.py:2191} INFO - Executing <Task(MarketOpenSensor): check_market_open> on 2026-05-04 23:00:00+00:00
[2026-05-05T00:45:28.883+0000] {standard_task_runner.py:60} INFO - Started process 952043 to run task
[2026-05-05T00:45:28.887+0000] {standard_task_runner.py:87} INFO - Running: ['airflow', 'tasks', 'run', 'fetch_market_data', 'check_market_open', 'scheduled__2026-05-04T23:00:00+00:00', '--job-id', '1222', '--raw', '--subdir', 'DAGS_FOLDER/fetch_market_data.py', '--cfg-path', '/tmp/tmp9cnvj0jz']
[2026-05-05T00:45:28.889+0000] {standard_task_runner.py:88} INFO - Job 1222: Subtask check_market_open
[2026-05-05T00:45:28.963+0000] {task_command.py:423} INFO - Running <TaskInstance: fetch_market_data.check_market_open scheduled__2026-05-04T23:00:00+00:00 [running]> on host reddit-pipeline-vm
[2026-05-05T00:45:29.071+0000] {taskinstance.py:2480} INFO - Exporting env vars: AIRFLOW_CTX_DAG_OWNER='pipeline' AIRFLOW_CTX_DAG_ID='fetch_market_data' AIRFLOW_CTX_TASK_ID='check_market_open' AIRFLOW_CTX_EXECUTION_DATE='2026-05-04T23:00:00+00:00' AIRFLOW_CTX_TRY_NUMBER='1' AIRFLOW_CTX_DAG_RUN_ID='scheduled__2026-05-04T23:00:00+00:00'
[2026-05-05T00:45:29.090+0000] {sensors.py:45} INFO - Market open check at 2026-05-04 20:45 ET: False
[2026-05-05T00:45:29.116+0000] {taskinstance.py:2658} INFO - Rescheduling task, marking task as UP_FOR_RESCHEDULE
[2026-05-05T00:45:29.139+0000] {local_task_job_runner.py:234} INFO - Task exited with return code 0
[2026-05-05T00:45:29.179+0000] {taskinstance.py:3280} INFO - 0 downstream tasks scheduled from follow-on schedule check
[2026-05-05T01:00:29.766+0000] {taskinstance.py:1956} INFO - Dependencies all met for dep_context=non-requeueable deps ti=<TaskInstance: fetch_market_data.check_market_open scheduled__2026-05-04T23:00:00+00:00 [queued]>
[2026-05-05T01:00:29.773+0000] {taskinstance.py:1956} INFO - Dependencies all met for dep_context=requeueable deps ti=<TaskInstance: fetch_market_data.check_market_open scheduled__2026-05-04T23:00:00+00:00 [queued]>
[2026-05-05T01:00:29.774+0000] {taskinstance.py:2170} INFO - Starting attempt 1 of 3
[2026-05-05T01:00:29.783+0000] {taskinstance.py:2191} INFO - Executing <Task(MarketOpenSensor): check_market_open> on 2026-05-04 23:00:00+00:00
[2026-05-05T01:00:29.790+0000] {standard_task_runner.py:60} INFO - Started process 952762 to run task
[2026-05-05T01:00:29.793+0000] {standard_task_runner.py:87} INFO - Running: ['airflow', 'tasks', 'run', 'fetch_market_data', 'check_market_open', 'scheduled__2026-05-04T23:00:00+00:00', '--job-id', '1223', '--raw', '--subdir', 'DAGS_FOLDER/fetch_market_data.py', '--cfg-path', '/tmp/tmpsq1_77on']
[2026-05-05T01:00:29.795+0000] {standard_task_runner.py:88} INFO - Job 1223: Subtask check_market_open
[2026-05-05T01:00:29.873+0000] {task_command.py:423} INFO - Running <TaskInstance: fetch_market_data.check_market_open scheduled__2026-05-04T23:00:00+00:00 [running]> on host reddit-pipeline-vm
[2026-05-05T01:00:29.983+0000] {taskinstance.py:2480} INFO - Exporting env vars: AIRFLOW_CTX_DAG_OWNER='pipeline' AIRFLOW_CTX_DAG_ID='fetch_market_data' AIRFLOW_CTX_TASK_ID='check_market_open' AIRFLOW_CTX_EXECUTION_DATE='2026-05-04T23:00:00+00:00' AIRFLOW_CTX_TRY_NUMBER='1' AIRFLOW_CTX_DAG_RUN_ID='scheduled__2026-05-04T23:00:00+00:00'
[2026-05-05T01:00:30.001+0000] {sensors.py:45} INFO - Market open check at 2026-05-04 21:00 ET: False
[2026-05-05T01:00:30.001+0000] {taskinstance.py:2360} INFO - Sensor has timed out; run duration of 3604.338913 seconds exceeds the specified timeout of 3600.0.
[2026-05-05T01:00:30.018+0000] {taskinstance.py:1138} INFO - Marking task as SKIPPED. dag_id=fetch_market_data, task_id=check_market_open, execution_date=20260504T230000, start_date=20260505T010029, end_date=20260505T010030
[2026-05-05T01:00:30.047+0000] {local_task_job_runner.py:234} INFO - Task exited with return code 0
[2026-05-05T01:00:30.097+0000] {taskinstance.py:3280} INFO - 0 downstream tasks scheduled from follow-on schedule check
