[2026-05-07T15:00:21.168+0000] {taskinstance.py:1956} INFO - Dependencies all met for dep_context=non-requeueable deps ti=<TaskInstance: run_dbt_models.dbt_run manual__2026-05-07T15:00:20.635623+00:00 [queued]>
[2026-05-07T15:00:21.175+0000] {taskinstance.py:1956} INFO - Dependencies all met for dep_context=requeueable deps ti=<TaskInstance: run_dbt_models.dbt_run manual__2026-05-07T15:00:20.635623+00:00 [queued]>
[2026-05-07T15:00:21.175+0000] {taskinstance.py:2170} INFO - Starting attempt 1 of 2
[2026-05-07T15:00:21.185+0000] {taskinstance.py:2191} INFO - Executing <Task(BashOperator): dbt_run> on 2026-05-07 15:00:20.635623+00:00
[2026-05-07T15:00:21.189+0000] {standard_task_runner.py:60} INFO - Started process 1128583 to run task
[2026-05-07T15:00:21.193+0000] {standard_task_runner.py:87} INFO - Running: ['airflow', 'tasks', 'run', 'run_dbt_models', 'dbt_run', 'manual__2026-05-07T15:00:20.635623+00:00', '--job-id', '1536', '--raw', '--subdir', 'DAGS_FOLDER/run_dbt_models.py', '--cfg-path', '/tmp/tmpyde4kk59']
[2026-05-07T15:00:21.195+0000] {standard_task_runner.py:88} INFO - Job 1536: Subtask dbt_run
[2026-05-07T15:00:21.256+0000] {task_command.py:423} INFO - Running <TaskInstance: run_dbt_models.dbt_run manual__2026-05-07T15:00:20.635623+00:00 [running]> on host reddit-pipeline-vm
[2026-05-07T15:00:21.362+0000] {taskinstance.py:2480} INFO - Exporting env vars: AIRFLOW_CTX_DAG_OWNER='pipeline' AIRFLOW_CTX_DAG_ID='run_dbt_models' AIRFLOW_CTX_TASK_ID='dbt_run' AIRFLOW_CTX_EXECUTION_DATE='2026-05-07T15:00:20.635623+00:00' AIRFLOW_CTX_TRY_NUMBER='1' AIRFLOW_CTX_DAG_RUN_ID='manual__2026-05-07T15:00:20.635623+00:00'
[2026-05-07T15:00:21.362+0000] {subprocess.py:63} INFO - Tmp dir root location: /tmp
[2026-05-07T15:00:21.363+0000] {subprocess.py:75} INFO - Running command: ['/usr/bin/bash', '-c', 'cd /home/ubuntu/github_repo/Stock-Market-Intelligence-Pipeline/dbt_project && /home/ubuntu/github_repo/Stock-Market-Intelligence-Pipeline/venv/bin/dbt run --profiles-dir /home/ubuntu/github_repo/Stock-Market-Intelligence-Pipeline/dbt_project']
[2026-05-07T15:00:21.372+0000] {subprocess.py:86} INFO - Output:
[2026-05-07T15:00:23.088+0000] {subprocess.py:93} INFO - [0m15:00:23  Running with dbt=1.7.0
[2026-05-07T15:00:23.326+0000] {subprocess.py:93} INFO - [0m15:00:23  Registered adapter: postgres=1.7.0
[2026-05-07T15:00:23.369+0000] {subprocess.py:93} INFO - [0m15:00:23  Found 5 models, 8 tests, 0 sources, 0 exposures, 0 metrics, 401 macros, 0 groups, 0 semantic models
[2026-05-07T15:00:23.371+0000] {subprocess.py:93} INFO - [0m15:00:23
[2026-05-07T15:00:23.473+0000] {subprocess.py:93} INFO - [0m15:00:23  Concurrency: 2 threads (target='dev')
[2026-05-07T15:00:23.475+0000] {subprocess.py:93} INFO - [0m15:00:23
[2026-05-07T15:00:23.476+0000] {subprocess.py:93} INFO - [0m15:00:23  1 of 5 START sql view model public_staging.stg_prices .......................... [RUN]
[2026-05-07T15:00:23.583+0000] {subprocess.py:93} INFO - [0m15:00:23  1 of 5 OK created sql view model public_staging.stg_prices ..................... [[32mCREATE VIEW[0m in 0.11s]
[2026-05-07T15:00:23.586+0000] {subprocess.py:93} INFO - [0m15:00:23  2 of 5 START sql view model public_staging.int_price_with_returns .............. [RUN]
[2026-05-07T15:00:23.630+0000] {subprocess.py:93} INFO - [0m15:00:23  2 of 5 OK created sql view model public_staging.int_price_with_returns ......... [[32mCREATE VIEW[0m in 0.04s]
[2026-05-07T15:00:23.631+0000] {subprocess.py:93} INFO - [0m15:00:23  3 of 5 START sql table model public.fact_prices ................................ [RUN]
[2026-05-07T15:00:23.722+0000] {subprocess.py:93} INFO - [0m15:00:23  3 of 5 OK created sql table model public.fact_prices ........................... [[32mSELECT 3766[0m in 0.09s]
[2026-05-07T15:00:23.725+0000] {subprocess.py:93} INFO - [0m15:00:23  4 of 5 START sql table model public.fact_indicators ............................ [RUN]
[2026-05-07T15:00:23.910+0000] {subprocess.py:93} INFO - [0m15:00:23  4 of 5 OK created sql table model public.fact_indicators ....................... [[32mSELECT 3766[0m in 0.18s]
[2026-05-07T15:00:23.912+0000] {subprocess.py:93} INFO - [0m15:00:23  5 of 5 START sql table model public.fact_alerts ................................ [RUN]
[2026-05-07T15:00:23.988+0000] {subprocess.py:93} INFO - [0m15:00:23  5 of 5 OK created sql table model public.fact_alerts ........................... [[32mSELECT 2157[0m in 0.07s]
[2026-05-07T15:00:24.005+0000] {subprocess.py:93} INFO - [0m15:00:24
[2026-05-07T15:00:24.006+0000] {subprocess.py:93} INFO - [0m15:00:24  Finished running 2 view models, 3 table models in 0 hours 0 minutes and 0.63 seconds (0.63s).
[2026-05-07T15:00:24.017+0000] {subprocess.py:93} INFO - [0m15:00:24
[2026-05-07T15:00:24.017+0000] {subprocess.py:93} INFO - [0m15:00:24  [32mCompleted successfully[0m
[2026-05-07T15:00:24.018+0000] {subprocess.py:93} INFO - [0m15:00:24
[2026-05-07T15:00:24.018+0000] {subprocess.py:93} INFO - [0m15:00:24  Done. PASS=5 WARN=0 ERROR=0 SKIP=0 TOTAL=5
[2026-05-07T15:00:25.400+0000] {subprocess.py:97} INFO - Command exited with return code 0
[2026-05-07T15:00:25.437+0000] {taskinstance.py:1138} INFO - Marking task as SUCCESS. dag_id=run_dbt_models, task_id=dbt_run, execution_date=20260507T150020, start_date=20260507T150021, end_date=20260507T150025
[2026-05-07T15:00:25.458+0000] {local_task_job_runner.py:234} INFO - Task exited with return code 0
[2026-05-07T15:00:25.484+0000] {taskinstance.py:3280} INFO - 1 downstream tasks scheduled from follow-on schedule check
