[2026-05-08T09:01:51.659+0000] {taskinstance.py:1956} INFO - Dependencies all met for dep_context=non-requeueable deps ti=<TaskInstance: fetch_market_data.check_market_open scheduled__2026-05-08T08:00:00+00:00 [queued]>
[2026-05-08T09:01:51.667+0000] {taskinstance.py:1956} INFO - Dependencies all met for dep_context=requeueable deps ti=<TaskInstance: fetch_market_data.check_market_open scheduled__2026-05-08T08:00:00+00:00 [queued]>
[2026-05-08T09:01:51.668+0000] {taskinstance.py:2170} INFO - Starting attempt 1 of 3
[2026-05-08T09:01:51.682+0000] {taskinstance.py:2191} INFO - Executing <Task(MarketOpenSensor): check_market_open> on 2026-05-08 08:00:00+00:00
[2026-05-08T09:01:51.689+0000] {standard_task_runner.py:60} INFO - Started process 1202343 to run task
[2026-05-08T09:01:51.693+0000] {standard_task_runner.py:87} INFO - Running: ['airflow', 'tasks', 'run', 'fetch_market_data', 'check_market_open', 'scheduled__2026-05-08T08:00:00+00:00', '--job-id', '1647', '--raw', '--subdir', 'DAGS_FOLDER/fetch_market_data.py', '--cfg-path', '/tmp/tmp_m_7qtq4']
[2026-05-08T09:01:51.695+0000] {standard_task_runner.py:88} INFO - Job 1647: Subtask check_market_open
[2026-05-08T09:01:51.767+0000] {task_command.py:423} INFO - Running <TaskInstance: fetch_market_data.check_market_open scheduled__2026-05-08T08:00:00+00:00 [running]> on host reddit-pipeline-vm
[2026-05-08T09:01:51.880+0000] {taskinstance.py:2480} INFO - Exporting env vars: AIRFLOW_CTX_DAG_OWNER='pipeline' AIRFLOW_CTX_DAG_ID='fetch_market_data' AIRFLOW_CTX_TASK_ID='check_market_open' AIRFLOW_CTX_EXECUTION_DATE='2026-05-08T08:00:00+00:00' AIRFLOW_CTX_TRY_NUMBER='1' AIRFLOW_CTX_DAG_RUN_ID='scheduled__2026-05-08T08:00:00+00:00'
[2026-05-08T09:01:51.898+0000] {sensors.py:45} INFO - Market open check at 2026-05-08 05:01 ET: False
[2026-05-08T09:01:51.926+0000] {taskinstance.py:2658} INFO - Rescheduling task, marking task as UP_FOR_RESCHEDULE
[2026-05-08T09:01:51.945+0000] {local_task_job_runner.py:234} INFO - Task exited with return code 0
[2026-05-08T09:01:51.984+0000] {taskinstance.py:3280} INFO - 0 downstream tasks scheduled from follow-on schedule check
[2026-05-08T09:16:53.349+0000] {taskinstance.py:1956} INFO - Dependencies all met for dep_context=non-requeueable deps ti=<TaskInstance: fetch_market_data.check_market_open scheduled__2026-05-08T08:00:00+00:00 [queued]>
[2026-05-08T09:16:53.358+0000] {taskinstance.py:1956} INFO - Dependencies all met for dep_context=requeueable deps ti=<TaskInstance: fetch_market_data.check_market_open scheduled__2026-05-08T08:00:00+00:00 [queued]>
[2026-05-08T09:16:53.358+0000] {taskinstance.py:2170} INFO - Starting attempt 1 of 3
[2026-05-08T09:16:53.372+0000] {taskinstance.py:2191} INFO - Executing <Task(MarketOpenSensor): check_market_open> on 2026-05-08 08:00:00+00:00
[2026-05-08T09:16:53.379+0000] {standard_task_runner.py:60} INFO - Started process 1203335 to run task
[2026-05-08T09:16:53.383+0000] {standard_task_runner.py:87} INFO - Running: ['airflow', 'tasks', 'run', 'fetch_market_data', 'check_market_open', 'scheduled__2026-05-08T08:00:00+00:00', '--job-id', '1648', '--raw', '--subdir', 'DAGS_FOLDER/fetch_market_data.py', '--cfg-path', '/tmp/tmpdby_pt1z']
[2026-05-08T09:16:53.385+0000] {standard_task_runner.py:88} INFO - Job 1648: Subtask check_market_open
[2026-05-08T09:16:53.456+0000] {task_command.py:423} INFO - Running <TaskInstance: fetch_market_data.check_market_open scheduled__2026-05-08T08:00:00+00:00 [running]> on host reddit-pipeline-vm
[2026-05-08T09:16:53.563+0000] {taskinstance.py:2480} INFO - Exporting env vars: AIRFLOW_CTX_DAG_OWNER='pipeline' AIRFLOW_CTX_DAG_ID='fetch_market_data' AIRFLOW_CTX_TASK_ID='check_market_open' AIRFLOW_CTX_EXECUTION_DATE='2026-05-08T08:00:00+00:00' AIRFLOW_CTX_TRY_NUMBER='1' AIRFLOW_CTX_DAG_RUN_ID='scheduled__2026-05-08T08:00:00+00:00'
[2026-05-08T09:16:53.582+0000] {sensors.py:45} INFO - Market open check at 2026-05-08 05:16 ET: False
[2026-05-08T09:16:53.608+0000] {taskinstance.py:2658} INFO - Rescheduling task, marking task as UP_FOR_RESCHEDULE
[2026-05-08T09:16:53.637+0000] {local_task_job_runner.py:234} INFO - Task exited with return code 0
[2026-05-08T09:16:53.675+0000] {taskinstance.py:3280} INFO - 0 downstream tasks scheduled from follow-on schedule check
[2026-05-08T09:31:54.358+0000] {taskinstance.py:1956} INFO - Dependencies all met for dep_context=non-requeueable deps ti=<TaskInstance: fetch_market_data.check_market_open scheduled__2026-05-08T08:00:00+00:00 [queued]>
[2026-05-08T09:31:54.368+0000] {taskinstance.py:1956} INFO - Dependencies all met for dep_context=requeueable deps ti=<TaskInstance: fetch_market_data.check_market_open scheduled__2026-05-08T08:00:00+00:00 [queued]>
[2026-05-08T09:31:54.369+0000] {taskinstance.py:2170} INFO - Starting attempt 1 of 3
[2026-05-08T09:31:54.383+0000] {taskinstance.py:2191} INFO - Executing <Task(MarketOpenSensor): check_market_open> on 2026-05-08 08:00:00+00:00
[2026-05-08T09:31:54.390+0000] {standard_task_runner.py:60} INFO - Started process 1204309 to run task
[2026-05-08T09:31:54.393+0000] {standard_task_runner.py:87} INFO - Running: ['airflow', 'tasks', 'run', 'fetch_market_data', 'check_market_open', 'scheduled__2026-05-08T08:00:00+00:00', '--job-id', '1649', '--raw', '--subdir', 'DAGS_FOLDER/fetch_market_data.py', '--cfg-path', '/tmp/tmpo2eee9v3']
[2026-05-08T09:31:54.395+0000] {standard_task_runner.py:88} INFO - Job 1649: Subtask check_market_open
[2026-05-08T09:31:54.467+0000] {task_command.py:423} INFO - Running <TaskInstance: fetch_market_data.check_market_open scheduled__2026-05-08T08:00:00+00:00 [running]> on host reddit-pipeline-vm
[2026-05-08T09:31:54.573+0000] {taskinstance.py:2480} INFO - Exporting env vars: AIRFLOW_CTX_DAG_OWNER='pipeline' AIRFLOW_CTX_DAG_ID='fetch_market_data' AIRFLOW_CTX_TASK_ID='check_market_open' AIRFLOW_CTX_EXECUTION_DATE='2026-05-08T08:00:00+00:00' AIRFLOW_CTX_TRY_NUMBER='1' AIRFLOW_CTX_DAG_RUN_ID='scheduled__2026-05-08T08:00:00+00:00'
[2026-05-08T09:31:54.590+0000] {sensors.py:45} INFO - Market open check at 2026-05-08 05:31 ET: False
[2026-05-08T09:31:54.618+0000] {taskinstance.py:2658} INFO - Rescheduling task, marking task as UP_FOR_RESCHEDULE
[2026-05-08T09:31:54.648+0000] {local_task_job_runner.py:234} INFO - Task exited with return code 0
[2026-05-08T09:31:54.686+0000] {taskinstance.py:3280} INFO - 0 downstream tasks scheduled from follow-on schedule check
[2026-05-08T09:46:55.324+0000] {taskinstance.py:1956} INFO - Dependencies all met for dep_context=non-requeueable deps ti=<TaskInstance: fetch_market_data.check_market_open scheduled__2026-05-08T08:00:00+00:00 [queued]>
[2026-05-08T09:46:55.332+0000] {taskinstance.py:1956} INFO - Dependencies all met for dep_context=requeueable deps ti=<TaskInstance: fetch_market_data.check_market_open scheduled__2026-05-08T08:00:00+00:00 [queued]>
[2026-05-08T09:46:55.333+0000] {taskinstance.py:2170} INFO - Starting attempt 1 of 3
[2026-05-08T09:46:55.344+0000] {taskinstance.py:2191} INFO - Executing <Task(MarketOpenSensor): check_market_open> on 2026-05-08 08:00:00+00:00
[2026-05-08T09:46:55.351+0000] {standard_task_runner.py:60} INFO - Started process 1205254 to run task
[2026-05-08T09:46:55.355+0000] {standard_task_runner.py:87} INFO - Running: ['airflow', 'tasks', 'run', 'fetch_market_data', 'check_market_open', 'scheduled__2026-05-08T08:00:00+00:00', '--job-id', '1650', '--raw', '--subdir', 'DAGS_FOLDER/fetch_market_data.py', '--cfg-path', '/tmp/tmpukx5ka_d']
[2026-05-08T09:46:55.357+0000] {standard_task_runner.py:88} INFO - Job 1650: Subtask check_market_open
[2026-05-08T09:46:55.432+0000] {task_command.py:423} INFO - Running <TaskInstance: fetch_market_data.check_market_open scheduled__2026-05-08T08:00:00+00:00 [running]> on host reddit-pipeline-vm
[2026-05-08T09:46:55.540+0000] {taskinstance.py:2480} INFO - Exporting env vars: AIRFLOW_CTX_DAG_OWNER='pipeline' AIRFLOW_CTX_DAG_ID='fetch_market_data' AIRFLOW_CTX_TASK_ID='check_market_open' AIRFLOW_CTX_EXECUTION_DATE='2026-05-08T08:00:00+00:00' AIRFLOW_CTX_TRY_NUMBER='1' AIRFLOW_CTX_DAG_RUN_ID='scheduled__2026-05-08T08:00:00+00:00'
[2026-05-08T09:46:55.556+0000] {sensors.py:45} INFO - Market open check at 2026-05-08 05:46 ET: False
[2026-05-08T09:46:55.584+0000] {taskinstance.py:2658} INFO - Rescheduling task, marking task as UP_FOR_RESCHEDULE
[2026-05-08T09:46:55.608+0000] {local_task_job_runner.py:234} INFO - Task exited with return code 0
[2026-05-08T09:46:55.644+0000] {taskinstance.py:3280} INFO - 0 downstream tasks scheduled from follow-on schedule check
[2026-05-08T10:01:57.042+0000] {taskinstance.py:1956} INFO - Dependencies all met for dep_context=non-requeueable deps ti=<TaskInstance: fetch_market_data.check_market_open scheduled__2026-05-08T08:00:00+00:00 [queued]>
[2026-05-08T10:01:57.050+0000] {taskinstance.py:1956} INFO - Dependencies all met for dep_context=requeueable deps ti=<TaskInstance: fetch_market_data.check_market_open scheduled__2026-05-08T08:00:00+00:00 [queued]>
[2026-05-08T10:01:57.051+0000] {taskinstance.py:2170} INFO - Starting attempt 1 of 3
[2026-05-08T10:01:57.065+0000] {taskinstance.py:2191} INFO - Executing <Task(MarketOpenSensor): check_market_open> on 2026-05-08 08:00:00+00:00
[2026-05-08T10:01:57.072+0000] {standard_task_runner.py:60} INFO - Started process 1206225 to run task
[2026-05-08T10:01:57.076+0000] {standard_task_runner.py:87} INFO - Running: ['airflow', 'tasks', 'run', 'fetch_market_data', 'check_market_open', 'scheduled__2026-05-08T08:00:00+00:00', '--job-id', '1651', '--raw', '--subdir', 'DAGS_FOLDER/fetch_market_data.py', '--cfg-path', '/tmp/tmpnzyaxwvt']
[2026-05-08T10:01:57.078+0000] {standard_task_runner.py:88} INFO - Job 1651: Subtask check_market_open
[2026-05-08T10:01:57.150+0000] {task_command.py:423} INFO - Running <TaskInstance: fetch_market_data.check_market_open scheduled__2026-05-08T08:00:00+00:00 [running]> on host reddit-pipeline-vm
[2026-05-08T10:01:57.266+0000] {taskinstance.py:2480} INFO - Exporting env vars: AIRFLOW_CTX_DAG_OWNER='pipeline' AIRFLOW_CTX_DAG_ID='fetch_market_data' AIRFLOW_CTX_TASK_ID='check_market_open' AIRFLOW_CTX_EXECUTION_DATE='2026-05-08T08:00:00+00:00' AIRFLOW_CTX_TRY_NUMBER='1' AIRFLOW_CTX_DAG_RUN_ID='scheduled__2026-05-08T08:00:00+00:00'
[2026-05-08T10:01:57.283+0000] {sensors.py:45} INFO - Market open check at 2026-05-08 06:01 ET: False
[2026-05-08T10:01:57.284+0000] {taskinstance.py:2360} INFO - Sensor has timed out; run duration of 3605.484435 seconds exceeds the specified timeout of 3600.0.
[2026-05-08T10:01:57.300+0000] {taskinstance.py:1138} INFO - Marking task as SKIPPED. dag_id=fetch_market_data, task_id=check_market_open, execution_date=20260508T080000, start_date=20260508T100157, end_date=20260508T100157
[2026-05-08T10:01:57.330+0000] {local_task_job_runner.py:234} INFO - Task exited with return code 0
[2026-05-08T10:01:57.378+0000] {taskinstance.py:3280} INFO - 0 downstream tasks scheduled from follow-on schedule check
