[2026-05-06T19:08:08.714+0000] {taskinstance.py:1956} INFO - Dependencies all met for dep_context=non-requeueable deps ti=<TaskInstance: run_dbt_models.dbt_run manual__2026-05-06T19:01:32.031359+00:00 [queued]>
[2026-05-06T19:08:08.730+0000] {taskinstance.py:1956} INFO - Dependencies all met for dep_context=requeueable deps ti=<TaskInstance: run_dbt_models.dbt_run manual__2026-05-06T19:01:32.031359+00:00 [queued]>
[2026-05-06T19:08:08.731+0000] {taskinstance.py:2170} INFO - Starting attempt 1 of 2
[2026-05-06T19:08:08.754+0000] {taskinstance.py:2191} INFO - Executing <Task(BashOperator): dbt_run> on 2026-05-06 19:01:32.031359+00:00
[2026-05-06T19:08:08.766+0000] {standard_task_runner.py:60} INFO - Started process 1046983 to run task
[2026-05-06T19:08:08.776+0000] {standard_task_runner.py:87} INFO - Running: ['airflow', 'tasks', 'run', 'run_dbt_models', 'dbt_run', 'manual__2026-05-06T19:01:32.031359+00:00', '--job-id', '1380', '--raw', '--subdir', 'DAGS_FOLDER/run_dbt_models.py', '--cfg-path', '/tmp/tmpt8rg2yjx']
[2026-05-06T19:08:08.780+0000] {standard_task_runner.py:88} INFO - Job 1380: Subtask dbt_run
[2026-05-06T19:08:08.908+0000] {task_command.py:423} INFO - Running <TaskInstance: run_dbt_models.dbt_run manual__2026-05-06T19:01:32.031359+00:00 [running]> on host reddit-pipeline-vm
[2026-05-06T19:08:09.157+0000] {taskinstance.py:2480} INFO - Exporting env vars: AIRFLOW_CTX_DAG_OWNER='pipeline' AIRFLOW_CTX_DAG_ID='run_dbt_models' AIRFLOW_CTX_TASK_ID='dbt_run' AIRFLOW_CTX_EXECUTION_DATE='2026-05-06T19:01:32.031359+00:00' AIRFLOW_CTX_TRY_NUMBER='1' AIRFLOW_CTX_DAG_RUN_ID='manual__2026-05-06T19:01:32.031359+00:00'
[2026-05-06T19:08:09.161+0000] {subprocess.py:63} INFO - Tmp dir root location: /tmp
[2026-05-06T19:08:09.164+0000] {subprocess.py:75} INFO - Running command: ['/usr/bin/bash', '-c', 'cd /home/ubuntu/github_repo/Stock-Market-Intelligence-Pipeline/dbt_project && /home/ubuntu/github_repo/Stock-Market-Intelligence-Pipeline/venv/bin/dbt run --profiles-dir /home/ubuntu/github_repo/Stock-Market-Intelligence-Pipeline/dbt_project']
[2026-05-06T19:08:09.184+0000] {subprocess.py:86} INFO - Output:
[2026-05-06T19:08:13.180+0000] {subprocess.py:93} INFO - [0m19:08:13  Running with dbt=1.7.0
[2026-05-06T19:08:14.272+0000] {subprocess.py:93} INFO - [0m19:08:14  Registered adapter: postgres=1.7.0
[2026-05-06T19:08:14.424+0000] {subprocess.py:93} INFO - [0m19:08:14  Found 5 models, 8 tests, 0 sources, 0 exposures, 0 metrics, 401 macros, 0 groups, 0 semantic models
[2026-05-06T19:08:14.432+0000] {subprocess.py:93} INFO - [0m19:08:14
[2026-05-06T19:08:14.600+0000] {subprocess.py:93} INFO - [0m19:08:14  Concurrency: 2 threads (target='dev')
[2026-05-06T19:08:14.600+0000] {subprocess.py:93} INFO - [0m19:08:14
[2026-05-06T19:08:14.603+0000] {subprocess.py:93} INFO - [0m19:08:14  1 of 5 START sql view model public_staging.stg_prices .......................... [RUN]
[2026-05-06T19:08:14.707+0000] {subprocess.py:93} INFO - [0m19:08:14  1 of 5 OK created sql view model public_staging.stg_prices ..................... [[32mCREATE VIEW[0m in 0.10s]
[2026-05-06T19:08:14.709+0000] {subprocess.py:93} INFO - [0m19:08:14  2 of 5 START sql view model public_staging.int_price_with_returns .............. [RUN]
[2026-05-06T19:08:14.754+0000] {subprocess.py:93} INFO - [0m19:08:14  2 of 5 OK created sql view model public_staging.int_price_with_returns ......... [[32mCREATE VIEW[0m in 0.04s]
[2026-05-06T19:08:14.756+0000] {subprocess.py:93} INFO - [0m19:08:14  3 of 5 START sql table model public.fact_prices ................................ [RUN]
[2026-05-06T19:08:14.844+0000] {subprocess.py:93} INFO - [0m19:08:14  3 of 5 OK created sql table model public.fact_prices ........................... [[32mSELECT 3738[0m in 0.09s]
[2026-05-06T19:08:14.847+0000] {subprocess.py:93} INFO - [0m19:08:14  4 of 5 START sql table model public.fact_indicators ............................ [RUN]
[2026-05-06T19:08:15.029+0000] {subprocess.py:93} INFO - [0m19:08:15  4 of 5 OK created sql table model public.fact_indicators ....................... [[32mSELECT 3738[0m in 0.18s]
[2026-05-06T19:08:15.032+0000] {subprocess.py:93} INFO - [0m19:08:15  5 of 5 START sql table model public.fact_alerts ................................ [RUN]
[2026-05-06T19:08:15.106+0000] {subprocess.py:93} INFO - [0m19:08:15  5 of 5 OK created sql table model public.fact_alerts ........................... [[32mSELECT 2134[0m in 0.07s]
[2026-05-06T19:08:15.124+0000] {subprocess.py:93} INFO - [0m19:08:15
[2026-05-06T19:08:15.124+0000] {subprocess.py:93} INFO - [0m19:08:15  Finished running 2 view models, 3 table models in 0 hours 0 minutes and 0.69 seconds (0.69s).
[2026-05-06T19:08:15.136+0000] {subprocess.py:93} INFO - [0m19:08:15
[2026-05-06T19:08:15.137+0000] {subprocess.py:93} INFO - [0m19:08:15  [32mCompleted successfully[0m
[2026-05-06T19:08:15.137+0000] {subprocess.py:93} INFO - [0m19:08:15
[2026-05-06T19:08:15.137+0000] {subprocess.py:93} INFO - [0m19:08:15  Done. PASS=5 WARN=0 ERROR=0 SKIP=0 TOTAL=5
[2026-05-06T19:08:17.525+0000] {subprocess.py:97} INFO - Command exited with return code 0
[2026-05-06T19:08:17.563+0000] {taskinstance.py:1138} INFO - Marking task as SUCCESS. dag_id=run_dbt_models, task_id=dbt_run, execution_date=20260506T190132, start_date=20260506T190808, end_date=20260506T190817
[2026-05-06T19:08:17.612+0000] {local_task_job_runner.py:234} INFO - Task exited with return code 0
[2026-05-06T19:08:17.651+0000] {taskinstance.py:3280} INFO - 0 downstream tasks scheduled from follow-on schedule check
