[2026-05-01T19:05:19.487+0000] {taskinstance.py:1956} INFO - Dependencies all met for dep_context=non-requeueable deps ti=<TaskInstance: run_dbt_models.dbt_run manual__2026-05-01T14:00:15.714770+00:00 [queued]>
[2026-05-01T19:05:19.493+0000] {taskinstance.py:1956} INFO - Dependencies all met for dep_context=requeueable deps ti=<TaskInstance: run_dbt_models.dbt_run manual__2026-05-01T14:00:15.714770+00:00 [queued]>
[2026-05-01T19:05:19.494+0000] {taskinstance.py:2170} INFO - Starting attempt 2 of 3
[2026-05-01T19:05:19.505+0000] {taskinstance.py:2191} INFO - Executing <Task(BashOperator): dbt_run> on 2026-05-01 14:00:15.714770+00:00
[2026-05-01T19:05:19.510+0000] {standard_task_runner.py:60} INFO - Started process 713310 to run task
[2026-05-01T19:05:19.513+0000] {standard_task_runner.py:87} INFO - Running: ['airflow', 'tasks', 'run', 'run_dbt_models', 'dbt_run', 'manual__2026-05-01T14:00:15.714770+00:00', '--job-id', '1019', '--raw', '--subdir', 'DAGS_FOLDER/run_dbt_models.py', '--cfg-path', '/tmp/tmpic_i72bb']
[2026-05-01T19:05:19.515+0000] {standard_task_runner.py:88} INFO - Job 1019: Subtask dbt_run
[2026-05-01T19:05:19.584+0000] {task_command.py:423} INFO - Running <TaskInstance: run_dbt_models.dbt_run manual__2026-05-01T14:00:15.714770+00:00 [running]> on host reddit-pipeline-vm
[2026-05-01T19:05:19.685+0000] {taskinstance.py:2480} INFO - Exporting env vars: AIRFLOW_CTX_DAG_OWNER='pipeline' AIRFLOW_CTX_DAG_ID='run_dbt_models' AIRFLOW_CTX_TASK_ID='dbt_run' AIRFLOW_CTX_EXECUTION_DATE='2026-05-01T14:00:15.714770+00:00' AIRFLOW_CTX_TRY_NUMBER='2' AIRFLOW_CTX_DAG_RUN_ID='manual__2026-05-01T14:00:15.714770+00:00'
[2026-05-01T19:05:19.686+0000] {subprocess.py:63} INFO - Tmp dir root location: /tmp
[2026-05-01T19:05:19.686+0000] {subprocess.py:75} INFO - Running command: ['/usr/bin/bash', '-c', 'cd /home/ubuntu/github_repo/Stock-Market-Intelligence-Pipeline/dbt_project && /home/ubuntu/github_repo/Stock-Market-Intelligence-Pipeline/venv/bin/dbt run --profiles-dir /home/ubuntu/github_repo/Stock-Market-Intelligence-Pipeline/dbt_project']
[2026-05-01T19:05:19.696+0000] {subprocess.py:86} INFO - Output:
[2026-05-01T19:05:21.444+0000] {subprocess.py:93} INFO - [0m19:05:21  Running with dbt=1.7.0
[2026-05-01T19:05:21.685+0000] {subprocess.py:93} INFO - [0m19:05:21  Registered adapter: postgres=1.7.0
[2026-05-01T19:05:21.735+0000] {subprocess.py:93} INFO - [0m19:05:21  Found 5 models, 8 tests, 0 sources, 0 exposures, 0 metrics, 401 macros, 0 groups, 0 semantic models
[2026-05-01T19:05:21.736+0000] {subprocess.py:93} INFO - [0m19:05:21
[2026-05-01T19:05:21.850+0000] {subprocess.py:93} INFO - [0m19:05:21  Concurrency: 2 threads (target='dev')
[2026-05-01T19:05:21.851+0000] {subprocess.py:93} INFO - [0m19:05:21
[2026-05-01T19:05:21.852+0000] {subprocess.py:93} INFO - [0m19:05:21  1 of 5 START sql view model public_staging.stg_prices .......................... [RUN]
[2026-05-01T19:05:21.958+0000] {subprocess.py:93} INFO - [0m19:05:21  1 of 5 OK created sql view model public_staging.stg_prices ..................... [[32mCREATE VIEW[0m in 0.11s]
[2026-05-01T19:05:21.961+0000] {subprocess.py:93} INFO - [0m19:05:21  2 of 5 START sql view model public_staging.int_price_with_returns .............. [RUN]
[2026-05-01T19:05:22.008+0000] {subprocess.py:93} INFO - [0m19:05:22  2 of 5 OK created sql view model public_staging.int_price_with_returns ......... [[32mCREATE VIEW[0m in 0.05s]
[2026-05-01T19:05:22.010+0000] {subprocess.py:93} INFO - [0m19:05:22  3 of 5 START sql table model public.fact_prices ................................ [RUN]
[2026-05-01T19:05:22.096+0000] {subprocess.py:93} INFO - [0m19:05:22  3 of 5 OK created sql table model public.fact_prices ........................... [[32mSELECT 3598[0m in 0.09s]
[2026-05-01T19:05:22.098+0000] {subprocess.py:93} INFO - [0m19:05:22  4 of 5 START sql table model public.fact_indicators ............................ [RUN]
[2026-05-01T19:05:22.285+0000] {subprocess.py:93} INFO - [0m19:05:22  4 of 5 OK created sql table model public.fact_indicators ....................... [[32mSELECT 3598[0m in 0.19s]
[2026-05-01T19:05:22.288+0000] {subprocess.py:93} INFO - [0m19:05:22  5 of 5 START sql table model public.fact_alerts ................................ [RUN]
[2026-05-01T19:05:22.364+0000] {subprocess.py:93} INFO - [0m19:05:22  5 of 5 OK created sql table model public.fact_alerts ........................... [[32mSELECT 2074[0m in 0.08s]
[2026-05-01T19:05:22.385+0000] {subprocess.py:93} INFO - [0m19:05:22
[2026-05-01T19:05:22.385+0000] {subprocess.py:93} INFO - [0m19:05:22  Finished running 2 view models, 3 table models in 0 hours 0 minutes and 0.65 seconds (0.65s).
[2026-05-01T19:05:22.396+0000] {subprocess.py:93} INFO - [0m19:05:22
[2026-05-01T19:05:22.397+0000] {subprocess.py:93} INFO - [0m19:05:22  [32mCompleted successfully[0m
[2026-05-01T19:05:22.397+0000] {subprocess.py:93} INFO - [0m19:05:22
[2026-05-01T19:05:22.398+0000] {subprocess.py:93} INFO - [0m19:05:22  Done. PASS=5 WARN=0 ERROR=0 SKIP=0 TOTAL=5
[2026-05-01T19:05:24.288+0000] {subprocess.py:97} INFO - Command exited with return code 0
[2026-05-01T19:05:24.338+0000] {taskinstance.py:1138} INFO - Marking task as SUCCESS. dag_id=run_dbt_models, task_id=dbt_run, execution_date=20260501T140015, start_date=20260501T190519, end_date=20260501T190524
[2026-05-01T19:05:24.387+0000] {local_task_job_runner.py:234} INFO - Task exited with return code 0
[2026-05-01T19:05:24.418+0000] {taskinstance.py:3280} INFO - 1 downstream tasks scheduled from follow-on schedule check
