[2026-05-07T19:00:16.627+0000] {taskinstance.py:1956} INFO - Dependencies all met for dep_context=non-requeueable deps ti=<TaskInstance: run_dbt_models.dbt_run manual__2026-05-07T19:00:16.077991+00:00 [queued]>
[2026-05-07T19:00:16.633+0000] {taskinstance.py:1956} INFO - Dependencies all met for dep_context=requeueable deps ti=<TaskInstance: run_dbt_models.dbt_run manual__2026-05-07T19:00:16.077991+00:00 [queued]>
[2026-05-07T19:00:16.634+0000] {taskinstance.py:2170} INFO - Starting attempt 1 of 2
[2026-05-07T19:00:16.644+0000] {taskinstance.py:2191} INFO - Executing <Task(BashOperator): dbt_run> on 2026-05-07 19:00:16.077991+00:00
[2026-05-07T19:00:16.648+0000] {standard_task_runner.py:60} INFO - Started process 1145165 to run task
[2026-05-07T19:00:16.652+0000] {standard_task_runner.py:87} INFO - Running: ['airflow', 'tasks', 'run', 'run_dbt_models', 'dbt_run', 'manual__2026-05-07T19:00:16.077991+00:00', '--job-id', '1580', '--raw', '--subdir', 'DAGS_FOLDER/run_dbt_models.py', '--cfg-path', '/tmp/tmpw0i5dovt']
[2026-05-07T19:00:16.654+0000] {standard_task_runner.py:88} INFO - Job 1580: Subtask dbt_run
[2026-05-07T19:00:16.715+0000] {task_command.py:423} INFO - Running <TaskInstance: run_dbt_models.dbt_run manual__2026-05-07T19:00:16.077991+00:00 [running]> on host reddit-pipeline-vm
[2026-05-07T19:00:16.810+0000] {taskinstance.py:2480} INFO - Exporting env vars: AIRFLOW_CTX_DAG_OWNER='pipeline' AIRFLOW_CTX_DAG_ID='run_dbt_models' AIRFLOW_CTX_TASK_ID='dbt_run' AIRFLOW_CTX_EXECUTION_DATE='2026-05-07T19:00:16.077991+00:00' AIRFLOW_CTX_TRY_NUMBER='1' AIRFLOW_CTX_DAG_RUN_ID='manual__2026-05-07T19:00:16.077991+00:00'
[2026-05-07T19:00:16.810+0000] {subprocess.py:63} INFO - Tmp dir root location: /tmp
[2026-05-07T19:00:16.811+0000] {subprocess.py:75} INFO - Running command: ['/usr/bin/bash', '-c', 'cd /home/ubuntu/github_repo/Stock-Market-Intelligence-Pipeline/dbt_project && /home/ubuntu/github_repo/Stock-Market-Intelligence-Pipeline/venv/bin/dbt run --profiles-dir /home/ubuntu/github_repo/Stock-Market-Intelligence-Pipeline/dbt_project']
[2026-05-07T19:00:16.820+0000] {subprocess.py:86} INFO - Output:
[2026-05-07T19:00:18.573+0000] {subprocess.py:93} INFO - [0m19:00:18  Running with dbt=1.7.0
[2026-05-07T19:00:18.815+0000] {subprocess.py:93} INFO - [0m19:00:18  Registered adapter: postgres=1.7.0
[2026-05-07T19:00:18.860+0000] {subprocess.py:93} INFO - [0m19:00:18  Found 5 models, 8 tests, 0 sources, 0 exposures, 0 metrics, 401 macros, 0 groups, 0 semantic models
[2026-05-07T19:00:18.862+0000] {subprocess.py:93} INFO - [0m19:00:18
[2026-05-07T19:00:18.970+0000] {subprocess.py:93} INFO - [0m19:00:18  Concurrency: 2 threads (target='dev')
[2026-05-07T19:00:18.971+0000] {subprocess.py:93} INFO - [0m19:00:18
[2026-05-07T19:00:18.972+0000] {subprocess.py:93} INFO - [0m19:00:18  1 of 5 START sql view model public_staging.stg_prices .......................... [RUN]
[2026-05-07T19:00:19.077+0000] {subprocess.py:93} INFO - [0m19:00:19  1 of 5 OK created sql view model public_staging.stg_prices ..................... [[32mCREATE VIEW[0m in 0.10s]
[2026-05-07T19:00:19.080+0000] {subprocess.py:93} INFO - [0m19:00:19  2 of 5 START sql view model public_staging.int_price_with_returns .............. [RUN]
[2026-05-07T19:00:19.125+0000] {subprocess.py:93} INFO - [0m19:00:19  2 of 5 OK created sql view model public_staging.int_price_with_returns ......... [[32mCREATE VIEW[0m in 0.04s]
[2026-05-07T19:00:19.127+0000] {subprocess.py:93} INFO - [0m19:00:19  3 of 5 START sql table model public.fact_prices ................................ [RUN]
[2026-05-07T19:00:19.216+0000] {subprocess.py:93} INFO - [0m19:00:19  3 of 5 OK created sql table model public.fact_prices ........................... [[32mSELECT 3794[0m in 0.09s]
[2026-05-07T19:00:19.218+0000] {subprocess.py:93} INFO - [0m19:00:19  4 of 5 START sql table model public.fact_indicators ............................ [RUN]
[2026-05-07T19:00:19.402+0000] {subprocess.py:93} INFO - [0m19:00:19  4 of 5 OK created sql table model public.fact_indicators ....................... [[32mSELECT 3794[0m in 0.18s]
[2026-05-07T19:00:19.406+0000] {subprocess.py:93} INFO - [0m19:00:19  5 of 5 START sql table model public.fact_alerts ................................ [RUN]
[2026-05-07T19:00:19.481+0000] {subprocess.py:93} INFO - [0m19:00:19  5 of 5 OK created sql table model public.fact_alerts ........................... [[32mSELECT 2170[0m in 0.07s]
[2026-05-07T19:00:19.498+0000] {subprocess.py:93} INFO - [0m19:00:19
[2026-05-07T19:00:19.499+0000] {subprocess.py:93} INFO - [0m19:00:19  Finished running 2 view models, 3 table models in 0 hours 0 minutes and 0.64 seconds (0.64s).
[2026-05-07T19:00:19.510+0000] {subprocess.py:93} INFO - [0m19:00:19
[2026-05-07T19:00:19.510+0000] {subprocess.py:93} INFO - [0m19:00:19  [32mCompleted successfully[0m
[2026-05-07T19:00:19.510+0000] {subprocess.py:93} INFO - [0m19:00:19
[2026-05-07T19:00:19.510+0000] {subprocess.py:93} INFO - [0m19:00:19  Done. PASS=5 WARN=0 ERROR=0 SKIP=0 TOTAL=5
[2026-05-07T19:00:21.062+0000] {subprocess.py:97} INFO - Command exited with return code 0
[2026-05-07T19:00:21.100+0000] {taskinstance.py:1138} INFO - Marking task as SUCCESS. dag_id=run_dbt_models, task_id=dbt_run, execution_date=20260507T190016, start_date=20260507T190016, end_date=20260507T190021
[2026-05-07T19:00:21.126+0000] {local_task_job_runner.py:234} INFO - Task exited with return code 0
[2026-05-07T19:00:21.153+0000] {taskinstance.py:3280} INFO - 1 downstream tasks scheduled from follow-on schedule check
