[2026-05-07T01:00:34.543+0000] {taskinstance.py:1956} INFO - Dependencies all met for dep_context=non-requeueable deps ti=<TaskInstance: fetch_market_data.check_market_open scheduled__2026-05-07T00:00:00+00:00 [queued]>
[2026-05-07T01:00:34.551+0000] {taskinstance.py:1956} INFO - Dependencies all met for dep_context=requeueable deps ti=<TaskInstance: fetch_market_data.check_market_open scheduled__2026-05-07T00:00:00+00:00 [queued]>
[2026-05-07T01:00:34.552+0000] {taskinstance.py:2170} INFO - Starting attempt 1 of 3
[2026-05-07T01:00:34.566+0000] {taskinstance.py:2191} INFO - Executing <Task(MarketOpenSensor): check_market_open> on 2026-05-07 00:00:00+00:00
[2026-05-07T01:00:34.574+0000] {standard_task_runner.py:60} INFO - Started process 1071684 to run task
[2026-05-07T01:00:34.578+0000] {standard_task_runner.py:87} INFO - Running: ['airflow', 'tasks', 'run', 'fetch_market_data', 'check_market_open', 'scheduled__2026-05-07T00:00:00+00:00', '--job-id', '1443', '--raw', '--subdir', 'DAGS_FOLDER/fetch_market_data.py', '--cfg-path', '/tmp/tmpmx49nc3l']
[2026-05-07T01:00:34.580+0000] {standard_task_runner.py:88} INFO - Job 1443: Subtask check_market_open
[2026-05-07T01:00:34.654+0000] {task_command.py:423} INFO - Running <TaskInstance: fetch_market_data.check_market_open scheduled__2026-05-07T00:00:00+00:00 [running]> on host reddit-pipeline-vm
[2026-05-07T01:00:34.766+0000] {taskinstance.py:2480} INFO - Exporting env vars: AIRFLOW_CTX_DAG_OWNER='pipeline' AIRFLOW_CTX_DAG_ID='fetch_market_data' AIRFLOW_CTX_TASK_ID='check_market_open' AIRFLOW_CTX_EXECUTION_DATE='2026-05-07T00:00:00+00:00' AIRFLOW_CTX_TRY_NUMBER='1' AIRFLOW_CTX_DAG_RUN_ID='scheduled__2026-05-07T00:00:00+00:00'
[2026-05-07T01:00:34.785+0000] {sensors.py:45} INFO - Market open check at 2026-05-06 21:00 ET: False
[2026-05-07T01:00:34.813+0000] {taskinstance.py:2658} INFO - Rescheduling task, marking task as UP_FOR_RESCHEDULE
[2026-05-07T01:00:34.830+0000] {local_task_job_runner.py:234} INFO - Task exited with return code 0
[2026-05-07T01:00:34.870+0000] {taskinstance.py:3280} INFO - 0 downstream tasks scheduled from follow-on schedule check
[2026-05-07T01:15:35.540+0000] {taskinstance.py:1956} INFO - Dependencies all met for dep_context=non-requeueable deps ti=<TaskInstance: fetch_market_data.check_market_open scheduled__2026-05-07T00:00:00+00:00 [queued]>
[2026-05-07T01:15:35.550+0000] {taskinstance.py:1956} INFO - Dependencies all met for dep_context=requeueable deps ti=<TaskInstance: fetch_market_data.check_market_open scheduled__2026-05-07T00:00:00+00:00 [queued]>
[2026-05-07T01:15:35.550+0000] {taskinstance.py:2170} INFO - Starting attempt 1 of 3
[2026-05-07T01:15:35.564+0000] {taskinstance.py:2191} INFO - Executing <Task(MarketOpenSensor): check_market_open> on 2026-05-07 00:00:00+00:00
[2026-05-07T01:15:35.571+0000] {standard_task_runner.py:60} INFO - Started process 1072694 to run task
[2026-05-07T01:15:35.575+0000] {standard_task_runner.py:87} INFO - Running: ['airflow', 'tasks', 'run', 'fetch_market_data', 'check_market_open', 'scheduled__2026-05-07T00:00:00+00:00', '--job-id', '1444', '--raw', '--subdir', 'DAGS_FOLDER/fetch_market_data.py', '--cfg-path', '/tmp/tmprq4q8rb1']
[2026-05-07T01:15:35.577+0000] {standard_task_runner.py:88} INFO - Job 1444: Subtask check_market_open
[2026-05-07T01:15:35.651+0000] {task_command.py:423} INFO - Running <TaskInstance: fetch_market_data.check_market_open scheduled__2026-05-07T00:00:00+00:00 [running]> on host reddit-pipeline-vm
[2026-05-07T01:15:35.759+0000] {taskinstance.py:2480} INFO - Exporting env vars: AIRFLOW_CTX_DAG_OWNER='pipeline' AIRFLOW_CTX_DAG_ID='fetch_market_data' AIRFLOW_CTX_TASK_ID='check_market_open' AIRFLOW_CTX_EXECUTION_DATE='2026-05-07T00:00:00+00:00' AIRFLOW_CTX_TRY_NUMBER='1' AIRFLOW_CTX_DAG_RUN_ID='scheduled__2026-05-07T00:00:00+00:00'
[2026-05-07T01:15:35.776+0000] {sensors.py:45} INFO - Market open check at 2026-05-06 21:15 ET: False
[2026-05-07T01:15:35.803+0000] {taskinstance.py:2658} INFO - Rescheduling task, marking task as UP_FOR_RESCHEDULE
[2026-05-07T01:15:35.827+0000] {local_task_job_runner.py:234} INFO - Task exited with return code 0
[2026-05-07T01:15:35.867+0000] {taskinstance.py:3280} INFO - 0 downstream tasks scheduled from follow-on schedule check
[2026-05-07T01:30:36.801+0000] {taskinstance.py:1956} INFO - Dependencies all met for dep_context=non-requeueable deps ti=<TaskInstance: fetch_market_data.check_market_open scheduled__2026-05-07T00:00:00+00:00 [queued]>
[2026-05-07T01:30:36.810+0000] {taskinstance.py:1956} INFO - Dependencies all met for dep_context=requeueable deps ti=<TaskInstance: fetch_market_data.check_market_open scheduled__2026-05-07T00:00:00+00:00 [queued]>
[2026-05-07T01:30:36.810+0000] {taskinstance.py:2170} INFO - Starting attempt 1 of 3
[2026-05-07T01:30:36.823+0000] {taskinstance.py:2191} INFO - Executing <Task(MarketOpenSensor): check_market_open> on 2026-05-07 00:00:00+00:00
[2026-05-07T01:30:36.830+0000] {standard_task_runner.py:60} INFO - Started process 1073659 to run task
[2026-05-07T01:30:36.833+0000] {standard_task_runner.py:87} INFO - Running: ['airflow', 'tasks', 'run', 'fetch_market_data', 'check_market_open', 'scheduled__2026-05-07T00:00:00+00:00', '--job-id', '1445', '--raw', '--subdir', 'DAGS_FOLDER/fetch_market_data.py', '--cfg-path', '/tmp/tmpw5wh42d9']
[2026-05-07T01:30:36.835+0000] {standard_task_runner.py:88} INFO - Job 1445: Subtask check_market_open
[2026-05-07T01:30:36.908+0000] {task_command.py:423} INFO - Running <TaskInstance: fetch_market_data.check_market_open scheduled__2026-05-07T00:00:00+00:00 [running]> on host reddit-pipeline-vm
[2026-05-07T01:30:37.016+0000] {taskinstance.py:2480} INFO - Exporting env vars: AIRFLOW_CTX_DAG_OWNER='pipeline' AIRFLOW_CTX_DAG_ID='fetch_market_data' AIRFLOW_CTX_TASK_ID='check_market_open' AIRFLOW_CTX_EXECUTION_DATE='2026-05-07T00:00:00+00:00' AIRFLOW_CTX_TRY_NUMBER='1' AIRFLOW_CTX_DAG_RUN_ID='scheduled__2026-05-07T00:00:00+00:00'
[2026-05-07T01:30:37.033+0000] {sensors.py:45} INFO - Market open check at 2026-05-06 21:30 ET: False
[2026-05-07T01:30:37.058+0000] {taskinstance.py:2658} INFO - Rescheduling task, marking task as UP_FOR_RESCHEDULE
[2026-05-07T01:30:37.088+0000] {local_task_job_runner.py:234} INFO - Task exited with return code 0
[2026-05-07T01:30:37.125+0000] {taskinstance.py:3280} INFO - 0 downstream tasks scheduled from follow-on schedule check
[2026-05-07T01:45:38.299+0000] {taskinstance.py:1956} INFO - Dependencies all met for dep_context=non-requeueable deps ti=<TaskInstance: fetch_market_data.check_market_open scheduled__2026-05-07T00:00:00+00:00 [queued]>
[2026-05-07T01:45:38.307+0000] {taskinstance.py:1956} INFO - Dependencies all met for dep_context=requeueable deps ti=<TaskInstance: fetch_market_data.check_market_open scheduled__2026-05-07T00:00:00+00:00 [queued]>
[2026-05-07T01:45:38.307+0000] {taskinstance.py:2170} INFO - Starting attempt 1 of 3
[2026-05-07T01:45:38.320+0000] {taskinstance.py:2191} INFO - Executing <Task(MarketOpenSensor): check_market_open> on 2026-05-07 00:00:00+00:00
[2026-05-07T01:45:38.327+0000] {standard_task_runner.py:60} INFO - Started process 1074647 to run task
[2026-05-07T01:45:38.332+0000] {standard_task_runner.py:87} INFO - Running: ['airflow', 'tasks', 'run', 'fetch_market_data', 'check_market_open', 'scheduled__2026-05-07T00:00:00+00:00', '--job-id', '1446', '--raw', '--subdir', 'DAGS_FOLDER/fetch_market_data.py', '--cfg-path', '/tmp/tmpzrffh35x']
[2026-05-07T01:45:38.334+0000] {standard_task_runner.py:88} INFO - Job 1446: Subtask check_market_open
[2026-05-07T01:45:38.407+0000] {task_command.py:423} INFO - Running <TaskInstance: fetch_market_data.check_market_open scheduled__2026-05-07T00:00:00+00:00 [running]> on host reddit-pipeline-vm
[2026-05-07T01:45:38.514+0000] {taskinstance.py:2480} INFO - Exporting env vars: AIRFLOW_CTX_DAG_OWNER='pipeline' AIRFLOW_CTX_DAG_ID='fetch_market_data' AIRFLOW_CTX_TASK_ID='check_market_open' AIRFLOW_CTX_EXECUTION_DATE='2026-05-07T00:00:00+00:00' AIRFLOW_CTX_TRY_NUMBER='1' AIRFLOW_CTX_DAG_RUN_ID='scheduled__2026-05-07T00:00:00+00:00'
[2026-05-07T01:45:38.532+0000] {sensors.py:45} INFO - Market open check at 2026-05-06 21:45 ET: False
[2026-05-07T01:45:38.559+0000] {taskinstance.py:2658} INFO - Rescheduling task, marking task as UP_FOR_RESCHEDULE
[2026-05-07T01:45:38.584+0000] {local_task_job_runner.py:234} INFO - Task exited with return code 0
[2026-05-07T01:45:38.622+0000] {taskinstance.py:3280} INFO - 0 downstream tasks scheduled from follow-on schedule check
[2026-05-07T02:00:39.254+0000] {taskinstance.py:1956} INFO - Dependencies all met for dep_context=non-requeueable deps ti=<TaskInstance: fetch_market_data.check_market_open scheduled__2026-05-07T00:00:00+00:00 [queued]>
[2026-05-07T02:00:39.262+0000] {taskinstance.py:1956} INFO - Dependencies all met for dep_context=requeueable deps ti=<TaskInstance: fetch_market_data.check_market_open scheduled__2026-05-07T00:00:00+00:00 [queued]>
[2026-05-07T02:00:39.263+0000] {taskinstance.py:2170} INFO - Starting attempt 1 of 3
[2026-05-07T02:00:39.276+0000] {taskinstance.py:2191} INFO - Executing <Task(MarketOpenSensor): check_market_open> on 2026-05-07 00:00:00+00:00
[2026-05-07T02:00:39.283+0000] {standard_task_runner.py:60} INFO - Started process 1076093 to run task
[2026-05-07T02:00:39.286+0000] {standard_task_runner.py:87} INFO - Running: ['airflow', 'tasks', 'run', 'fetch_market_data', 'check_market_open', 'scheduled__2026-05-07T00:00:00+00:00', '--job-id', '1447', '--raw', '--subdir', 'DAGS_FOLDER/fetch_market_data.py', '--cfg-path', '/tmp/tmpcefeibyg']
[2026-05-07T02:00:39.288+0000] {standard_task_runner.py:88} INFO - Job 1447: Subtask check_market_open
[2026-05-07T02:00:39.360+0000] {task_command.py:423} INFO - Running <TaskInstance: fetch_market_data.check_market_open scheduled__2026-05-07T00:00:00+00:00 [running]> on host reddit-pipeline-vm
[2026-05-07T02:00:39.463+0000] {taskinstance.py:2480} INFO - Exporting env vars: AIRFLOW_CTX_DAG_OWNER='pipeline' AIRFLOW_CTX_DAG_ID='fetch_market_data' AIRFLOW_CTX_TASK_ID='check_market_open' AIRFLOW_CTX_EXECUTION_DATE='2026-05-07T00:00:00+00:00' AIRFLOW_CTX_TRY_NUMBER='1' AIRFLOW_CTX_DAG_RUN_ID='scheduled__2026-05-07T00:00:00+00:00'
[2026-05-07T02:00:39.479+0000] {sensors.py:45} INFO - Market open check at 2026-05-06 22:00 ET: False
[2026-05-07T02:00:39.480+0000] {taskinstance.py:2360} INFO - Sensor has timed out; run duration of 3604.792938 seconds exceeds the specified timeout of 3600.0.
[2026-05-07T02:00:39.495+0000] {taskinstance.py:1138} INFO - Marking task as SKIPPED. dag_id=fetch_market_data, task_id=check_market_open, execution_date=20260507T000000, start_date=20260507T020039, end_date=20260507T020039
[2026-05-07T02:00:39.539+0000] {local_task_job_runner.py:234} INFO - Task exited with return code 0
[2026-05-07T02:00:39.576+0000] {taskinstance.py:3280} INFO - 0 downstream tasks scheduled from follow-on schedule check
