[2026-05-11T09:01:20.748+0000] {taskinstance.py:1956} INFO - Dependencies all met for dep_context=non-requeueable deps ti=<TaskInstance: fetch_market_data.check_market_open scheduled__2026-05-11T08:00:00+00:00 [queued]>
[2026-05-11T09:01:20.757+0000] {taskinstance.py:1956} INFO - Dependencies all met for dep_context=requeueable deps ti=<TaskInstance: fetch_market_data.check_market_open scheduled__2026-05-11T08:00:00+00:00 [queued]>
[2026-05-11T09:01:20.758+0000] {taskinstance.py:2170} INFO - Starting attempt 1 of 3
[2026-05-11T09:01:20.772+0000] {taskinstance.py:2191} INFO - Executing <Task(MarketOpenSensor): check_market_open> on 2026-05-11 08:00:00+00:00
[2026-05-11T09:01:20.779+0000] {standard_task_runner.py:60} INFO - Started process 1488987 to run task
[2026-05-11T09:01:20.784+0000] {standard_task_runner.py:87} INFO - Running: ['airflow', 'tasks', 'run', 'fetch_market_data', 'check_market_open', 'scheduled__2026-05-11T08:00:00+00:00', '--job-id', '1811', '--raw', '--subdir', 'DAGS_FOLDER/fetch_market_data.py', '--cfg-path', '/tmp/tmp8qi11lap']
[2026-05-11T09:01:20.786+0000] {standard_task_runner.py:88} INFO - Job 1811: Subtask check_market_open
[2026-05-11T09:01:20.858+0000] {task_command.py:423} INFO - Running <TaskInstance: fetch_market_data.check_market_open scheduled__2026-05-11T08:00:00+00:00 [running]> on host reddit-pipeline-vm
[2026-05-11T09:01:20.968+0000] {taskinstance.py:2480} INFO - Exporting env vars: AIRFLOW_CTX_DAG_OWNER='pipeline' AIRFLOW_CTX_DAG_ID='fetch_market_data' AIRFLOW_CTX_TASK_ID='check_market_open' AIRFLOW_CTX_EXECUTION_DATE='2026-05-11T08:00:00+00:00' AIRFLOW_CTX_TRY_NUMBER='1' AIRFLOW_CTX_DAG_RUN_ID='scheduled__2026-05-11T08:00:00+00:00'
[2026-05-11T09:01:20.985+0000] {sensors.py:45} INFO - Market open check at 2026-05-11 05:01 ET: False
[2026-05-11T09:01:21.013+0000] {taskinstance.py:2658} INFO - Rescheduling task, marking task as UP_FOR_RESCHEDULE
[2026-05-11T09:01:21.036+0000] {local_task_job_runner.py:234} INFO - Task exited with return code 0
[2026-05-11T09:01:21.075+0000] {taskinstance.py:3280} INFO - 0 downstream tasks scheduled from follow-on schedule check
[2026-05-11T09:16:22.164+0000] {taskinstance.py:1956} INFO - Dependencies all met for dep_context=non-requeueable deps ti=<TaskInstance: fetch_market_data.check_market_open scheduled__2026-05-11T08:00:00+00:00 [queued]>
[2026-05-11T09:16:22.174+0000] {taskinstance.py:1956} INFO - Dependencies all met for dep_context=requeueable deps ti=<TaskInstance: fetch_market_data.check_market_open scheduled__2026-05-11T08:00:00+00:00 [queued]>
[2026-05-11T09:16:22.175+0000] {taskinstance.py:2170} INFO - Starting attempt 1 of 3
[2026-05-11T09:16:22.190+0000] {taskinstance.py:2191} INFO - Executing <Task(MarketOpenSensor): check_market_open> on 2026-05-11 08:00:00+00:00
[2026-05-11T09:16:22.201+0000] {standard_task_runner.py:60} INFO - Started process 1489957 to run task
[2026-05-11T09:16:22.208+0000] {standard_task_runner.py:87} INFO - Running: ['airflow', 'tasks', 'run', 'fetch_market_data', 'check_market_open', 'scheduled__2026-05-11T08:00:00+00:00', '--job-id', '1812', '--raw', '--subdir', 'DAGS_FOLDER/fetch_market_data.py', '--cfg-path', '/tmp/tmpw61rphv2']
[2026-05-11T09:16:22.210+0000] {standard_task_runner.py:88} INFO - Job 1812: Subtask check_market_open
[2026-05-11T09:16:22.291+0000] {task_command.py:423} INFO - Running <TaskInstance: fetch_market_data.check_market_open scheduled__2026-05-11T08:00:00+00:00 [running]> on host reddit-pipeline-vm
[2026-05-11T09:16:22.412+0000] {taskinstance.py:2480} INFO - Exporting env vars: AIRFLOW_CTX_DAG_OWNER='pipeline' AIRFLOW_CTX_DAG_ID='fetch_market_data' AIRFLOW_CTX_TASK_ID='check_market_open' AIRFLOW_CTX_EXECUTION_DATE='2026-05-11T08:00:00+00:00' AIRFLOW_CTX_TRY_NUMBER='1' AIRFLOW_CTX_DAG_RUN_ID='scheduled__2026-05-11T08:00:00+00:00'
[2026-05-11T09:16:22.431+0000] {sensors.py:45} INFO - Market open check at 2026-05-11 05:16 ET: False
[2026-05-11T09:16:22.461+0000] {taskinstance.py:2658} INFO - Rescheduling task, marking task as UP_FOR_RESCHEDULE
[2026-05-11T09:16:22.508+0000] {local_task_job_runner.py:234} INFO - Task exited with return code 0
[2026-05-11T09:16:22.547+0000] {taskinstance.py:3280} INFO - 0 downstream tasks scheduled from follow-on schedule check
[2026-05-11T09:31:23.345+0000] {taskinstance.py:1956} INFO - Dependencies all met for dep_context=non-requeueable deps ti=<TaskInstance: fetch_market_data.check_market_open scheduled__2026-05-11T08:00:00+00:00 [queued]>
[2026-05-11T09:31:23.355+0000] {taskinstance.py:1956} INFO - Dependencies all met for dep_context=requeueable deps ti=<TaskInstance: fetch_market_data.check_market_open scheduled__2026-05-11T08:00:00+00:00 [queued]>
[2026-05-11T09:31:23.355+0000] {taskinstance.py:2170} INFO - Starting attempt 1 of 3
[2026-05-11T09:31:23.370+0000] {taskinstance.py:2191} INFO - Executing <Task(MarketOpenSensor): check_market_open> on 2026-05-11 08:00:00+00:00
[2026-05-11T09:31:23.377+0000] {standard_task_runner.py:60} INFO - Started process 1490933 to run task
[2026-05-11T09:31:23.381+0000] {standard_task_runner.py:87} INFO - Running: ['airflow', 'tasks', 'run', 'fetch_market_data', 'check_market_open', 'scheduled__2026-05-11T08:00:00+00:00', '--job-id', '1813', '--raw', '--subdir', 'DAGS_FOLDER/fetch_market_data.py', '--cfg-path', '/tmp/tmp5kdlix_1']
[2026-05-11T09:31:23.383+0000] {standard_task_runner.py:88} INFO - Job 1813: Subtask check_market_open
[2026-05-11T09:31:23.459+0000] {task_command.py:423} INFO - Running <TaskInstance: fetch_market_data.check_market_open scheduled__2026-05-11T08:00:00+00:00 [running]> on host reddit-pipeline-vm
[2026-05-11T09:31:23.571+0000] {taskinstance.py:2480} INFO - Exporting env vars: AIRFLOW_CTX_DAG_OWNER='pipeline' AIRFLOW_CTX_DAG_ID='fetch_market_data' AIRFLOW_CTX_TASK_ID='check_market_open' AIRFLOW_CTX_EXECUTION_DATE='2026-05-11T08:00:00+00:00' AIRFLOW_CTX_TRY_NUMBER='1' AIRFLOW_CTX_DAG_RUN_ID='scheduled__2026-05-11T08:00:00+00:00'
[2026-05-11T09:31:23.588+0000] {sensors.py:45} INFO - Market open check at 2026-05-11 05:31 ET: False
[2026-05-11T09:31:23.617+0000] {taskinstance.py:2658} INFO - Rescheduling task, marking task as UP_FOR_RESCHEDULE
[2026-05-11T09:31:23.633+0000] {local_task_job_runner.py:234} INFO - Task exited with return code 0
[2026-05-11T09:31:23.673+0000] {taskinstance.py:3280} INFO - 0 downstream tasks scheduled from follow-on schedule check
[2026-05-11T09:46:24.581+0000] {taskinstance.py:1956} INFO - Dependencies all met for dep_context=non-requeueable deps ti=<TaskInstance: fetch_market_data.check_market_open scheduled__2026-05-11T08:00:00+00:00 [queued]>
[2026-05-11T09:46:24.590+0000] {taskinstance.py:1956} INFO - Dependencies all met for dep_context=requeueable deps ti=<TaskInstance: fetch_market_data.check_market_open scheduled__2026-05-11T08:00:00+00:00 [queued]>
[2026-05-11T09:46:24.590+0000] {taskinstance.py:2170} INFO - Starting attempt 1 of 3
[2026-05-11T09:46:24.605+0000] {taskinstance.py:2191} INFO - Executing <Task(MarketOpenSensor): check_market_open> on 2026-05-11 08:00:00+00:00
[2026-05-11T09:46:24.611+0000] {standard_task_runner.py:60} INFO - Started process 1491879 to run task
[2026-05-11T09:46:24.615+0000] {standard_task_runner.py:87} INFO - Running: ['airflow', 'tasks', 'run', 'fetch_market_data', 'check_market_open', 'scheduled__2026-05-11T08:00:00+00:00', '--job-id', '1814', '--raw', '--subdir', 'DAGS_FOLDER/fetch_market_data.py', '--cfg-path', '/tmp/tmpd77vblmx']
[2026-05-11T09:46:24.617+0000] {standard_task_runner.py:88} INFO - Job 1814: Subtask check_market_open
[2026-05-11T09:46:24.691+0000] {task_command.py:423} INFO - Running <TaskInstance: fetch_market_data.check_market_open scheduled__2026-05-11T08:00:00+00:00 [running]> on host reddit-pipeline-vm
[2026-05-11T09:46:24.801+0000] {taskinstance.py:2480} INFO - Exporting env vars: AIRFLOW_CTX_DAG_OWNER='pipeline' AIRFLOW_CTX_DAG_ID='fetch_market_data' AIRFLOW_CTX_TASK_ID='check_market_open' AIRFLOW_CTX_EXECUTION_DATE='2026-05-11T08:00:00+00:00' AIRFLOW_CTX_TRY_NUMBER='1' AIRFLOW_CTX_DAG_RUN_ID='scheduled__2026-05-11T08:00:00+00:00'
[2026-05-11T09:46:24.818+0000] {sensors.py:45} INFO - Market open check at 2026-05-11 05:46 ET: False
[2026-05-11T09:46:24.845+0000] {taskinstance.py:2658} INFO - Rescheduling task, marking task as UP_FOR_RESCHEDULE
[2026-05-11T09:46:24.867+0000] {local_task_job_runner.py:234} INFO - Task exited with return code 0
[2026-05-11T09:46:24.905+0000] {taskinstance.py:3280} INFO - 0 downstream tasks scheduled from follow-on schedule check
[2026-05-11T10:01:25.505+0000] {taskinstance.py:1956} INFO - Dependencies all met for dep_context=non-requeueable deps ti=<TaskInstance: fetch_market_data.check_market_open scheduled__2026-05-11T08:00:00+00:00 [queued]>
[2026-05-11T10:01:25.513+0000] {taskinstance.py:1956} INFO - Dependencies all met for dep_context=requeueable deps ti=<TaskInstance: fetch_market_data.check_market_open scheduled__2026-05-11T08:00:00+00:00 [queued]>
[2026-05-11T10:01:25.514+0000] {taskinstance.py:2170} INFO - Starting attempt 1 of 3
[2026-05-11T10:01:25.526+0000] {taskinstance.py:2191} INFO - Executing <Task(MarketOpenSensor): check_market_open> on 2026-05-11 08:00:00+00:00
[2026-05-11T10:01:25.533+0000] {standard_task_runner.py:60} INFO - Started process 1492989 to run task
[2026-05-11T10:01:25.537+0000] {standard_task_runner.py:87} INFO - Running: ['airflow', 'tasks', 'run', 'fetch_market_data', 'check_market_open', 'scheduled__2026-05-11T08:00:00+00:00', '--job-id', '1815', '--raw', '--subdir', 'DAGS_FOLDER/fetch_market_data.py', '--cfg-path', '/tmp/tmp_l84w94o']
[2026-05-11T10:01:25.539+0000] {standard_task_runner.py:88} INFO - Job 1815: Subtask check_market_open
[2026-05-11T10:01:25.613+0000] {task_command.py:423} INFO - Running <TaskInstance: fetch_market_data.check_market_open scheduled__2026-05-11T08:00:00+00:00 [running]> on host reddit-pipeline-vm
[2026-05-11T10:01:25.723+0000] {taskinstance.py:2480} INFO - Exporting env vars: AIRFLOW_CTX_DAG_OWNER='pipeline' AIRFLOW_CTX_DAG_ID='fetch_market_data' AIRFLOW_CTX_TASK_ID='check_market_open' AIRFLOW_CTX_EXECUTION_DATE='2026-05-11T08:00:00+00:00' AIRFLOW_CTX_TRY_NUMBER='1' AIRFLOW_CTX_DAG_RUN_ID='scheduled__2026-05-11T08:00:00+00:00'
[2026-05-11T10:01:25.739+0000] {sensors.py:45} INFO - Market open check at 2026-05-11 06:01 ET: False
[2026-05-11T10:01:25.740+0000] {taskinstance.py:2360} INFO - Sensor has timed out; run duration of 3604.848973 seconds exceeds the specified timeout of 3600.0.
[2026-05-11T10:01:25.756+0000] {taskinstance.py:1138} INFO - Marking task as SKIPPED. dag_id=fetch_market_data, task_id=check_market_open, execution_date=20260511T080000, start_date=20260511T100125, end_date=20260511T100125
[2026-05-11T10:01:25.790+0000] {local_task_job_runner.py:234} INFO - Task exited with return code 0
[2026-05-11T10:01:25.842+0000] {taskinstance.py:3280} INFO - 0 downstream tasks scheduled from follow-on schedule check
