[2026-05-07T13:32:23.037+0000] {taskinstance.py:1956} INFO - Dependencies all met for dep_context=non-requeueable deps ti=<TaskInstance: run_dbt_models.dbt_run manual__2026-05-07T13:32:22.510834+00:00 [queued]>
[2026-05-07T13:32:23.044+0000] {taskinstance.py:1956} INFO - Dependencies all met for dep_context=requeueable deps ti=<TaskInstance: run_dbt_models.dbt_run manual__2026-05-07T13:32:22.510834+00:00 [queued]>
[2026-05-07T13:32:23.045+0000] {taskinstance.py:2170} INFO - Starting attempt 1 of 2
[2026-05-07T13:32:23.056+0000] {taskinstance.py:2191} INFO - Executing <Task(BashOperator): dbt_run> on 2026-05-07 13:32:22.510834+00:00
[2026-05-07T13:32:23.061+0000] {standard_task_runner.py:60} INFO - Started process 1122415 to run task
[2026-05-07T13:32:23.064+0000] {standard_task_runner.py:87} INFO - Running: ['airflow', 'tasks', 'run', 'run_dbt_models', 'dbt_run', 'manual__2026-05-07T13:32:22.510834+00:00', '--job-id', '1514', '--raw', '--subdir', 'DAGS_FOLDER/run_dbt_models.py', '--cfg-path', '/tmp/tmplxc5bryd']
[2026-05-07T13:32:23.066+0000] {standard_task_runner.py:88} INFO - Job 1514: Subtask dbt_run
[2026-05-07T13:32:23.131+0000] {task_command.py:423} INFO - Running <TaskInstance: run_dbt_models.dbt_run manual__2026-05-07T13:32:22.510834+00:00 [running]> on host reddit-pipeline-vm
[2026-05-07T13:32:23.238+0000] {taskinstance.py:2480} INFO - Exporting env vars: AIRFLOW_CTX_DAG_OWNER='pipeline' AIRFLOW_CTX_DAG_ID='run_dbt_models' AIRFLOW_CTX_TASK_ID='dbt_run' AIRFLOW_CTX_EXECUTION_DATE='2026-05-07T13:32:22.510834+00:00' AIRFLOW_CTX_TRY_NUMBER='1' AIRFLOW_CTX_DAG_RUN_ID='manual__2026-05-07T13:32:22.510834+00:00'
[2026-05-07T13:32:23.239+0000] {subprocess.py:63} INFO - Tmp dir root location: /tmp
[2026-05-07T13:32:23.240+0000] {subprocess.py:75} INFO - Running command: ['/usr/bin/bash', '-c', 'cd /home/ubuntu/github_repo/Stock-Market-Intelligence-Pipeline/dbt_project && /home/ubuntu/github_repo/Stock-Market-Intelligence-Pipeline/venv/bin/dbt run --profiles-dir /home/ubuntu/github_repo/Stock-Market-Intelligence-Pipeline/dbt_project']
[2026-05-07T13:32:23.250+0000] {subprocess.py:86} INFO - Output:
[2026-05-07T13:32:25.044+0000] {subprocess.py:93} INFO - [0m13:32:25  Running with dbt=1.7.0
[2026-05-07T13:32:25.284+0000] {subprocess.py:93} INFO - [0m13:32:25  Registered adapter: postgres=1.7.0
[2026-05-07T13:32:25.331+0000] {subprocess.py:93} INFO - [0m13:32:25  Found 5 models, 8 tests, 0 sources, 0 exposures, 0 metrics, 401 macros, 0 groups, 0 semantic models
[2026-05-07T13:32:25.333+0000] {subprocess.py:93} INFO - [0m13:32:25
[2026-05-07T13:32:25.448+0000] {subprocess.py:93} INFO - [0m13:32:25  Concurrency: 2 threads (target='dev')
[2026-05-07T13:32:25.450+0000] {subprocess.py:93} INFO - [0m13:32:25
[2026-05-07T13:32:25.453+0000] {subprocess.py:93} INFO - [0m13:32:25  1 of 5 START sql view model public_staging.stg_prices .......................... [RUN]
[2026-05-07T13:32:25.557+0000] {subprocess.py:93} INFO - [0m13:32:25  1 of 5 OK created sql view model public_staging.stg_prices ..................... [[32mCREATE VIEW[0m in 0.10s]
[2026-05-07T13:32:25.559+0000] {subprocess.py:93} INFO - [0m13:32:25  2 of 5 START sql view model public_staging.int_price_with_returns .............. [RUN]
[2026-05-07T13:32:25.605+0000] {subprocess.py:93} INFO - [0m13:32:25  2 of 5 OK created sql view model public_staging.int_price_with_returns ......... [[32mCREATE VIEW[0m in 0.04s]
[2026-05-07T13:32:25.607+0000] {subprocess.py:93} INFO - [0m13:32:25  3 of 5 START sql table model public.fact_prices ................................ [RUN]
[2026-05-07T13:32:25.696+0000] {subprocess.py:93} INFO - [0m13:32:25  3 of 5 OK created sql table model public.fact_prices ........................... [[32mSELECT 3759[0m in 0.09s]
[2026-05-07T13:32:25.699+0000] {subprocess.py:93} INFO - [0m13:32:25  4 of 5 START sql table model public.fact_indicators ............................ [RUN]
[2026-05-07T13:32:25.902+0000] {subprocess.py:93} INFO - [0m13:32:25  4 of 5 OK created sql table model public.fact_indicators ....................... [[32mSELECT 3759[0m in 0.20s]
[2026-05-07T13:32:25.904+0000] {subprocess.py:93} INFO - [0m13:32:25  5 of 5 START sql table model public.fact_alerts ................................ [RUN]
[2026-05-07T13:32:25.980+0000] {subprocess.py:93} INFO - [0m13:32:25  5 of 5 OK created sql table model public.fact_alerts ........................... [[32mSELECT 2149[0m in 0.07s]
[2026-05-07T13:32:26.000+0000] {subprocess.py:93} INFO - [0m13:32:25
[2026-05-07T13:32:26.001+0000] {subprocess.py:93} INFO - [0m13:32:25  Finished running 2 view models, 3 table models in 0 hours 0 minutes and 0.67 seconds (0.67s).
[2026-05-07T13:32:26.010+0000] {subprocess.py:93} INFO - [0m13:32:26
[2026-05-07T13:32:26.011+0000] {subprocess.py:93} INFO - [0m13:32:26  [32mCompleted successfully[0m
[2026-05-07T13:32:26.011+0000] {subprocess.py:93} INFO - [0m13:32:26
[2026-05-07T13:32:26.012+0000] {subprocess.py:93} INFO - [0m13:32:26  Done. PASS=5 WARN=0 ERROR=0 SKIP=0 TOTAL=5
[2026-05-07T13:32:27.709+0000] {subprocess.py:97} INFO - Command exited with return code 0
[2026-05-07T13:32:27.753+0000] {taskinstance.py:1138} INFO - Marking task as SUCCESS. dag_id=run_dbt_models, task_id=dbt_run, execution_date=20260507T133222, start_date=20260507T133223, end_date=20260507T133227
[2026-05-07T13:32:27.772+0000] {local_task_job_runner.py:234} INFO - Task exited with return code 0
[2026-05-07T13:32:27.800+0000] {taskinstance.py:3280} INFO - 1 downstream tasks scheduled from follow-on schedule check
