[2026-05-11T08:01:12.240+0000] {taskinstance.py:1956} INFO - Dependencies all met for dep_context=non-requeueable deps ti=<TaskInstance: fetch_market_data.check_market_open scheduled__2026-05-11T07:00:00+00:00 [queued]>
[2026-05-11T08:01:12.249+0000] {taskinstance.py:1956} INFO - Dependencies all met for dep_context=requeueable deps ti=<TaskInstance: fetch_market_data.check_market_open scheduled__2026-05-11T07:00:00+00:00 [queued]>
[2026-05-11T08:01:12.249+0000] {taskinstance.py:2170} INFO - Starting attempt 1 of 3
[2026-05-11T08:01:12.264+0000] {taskinstance.py:2191} INFO - Executing <Task(MarketOpenSensor): check_market_open> on 2026-05-11 07:00:00+00:00
[2026-05-11T08:01:12.271+0000] {standard_task_runner.py:60} INFO - Started process 1485002 to run task
[2026-05-11T08:01:12.274+0000] {standard_task_runner.py:87} INFO - Running: ['airflow', 'tasks', 'run', 'fetch_market_data', 'check_market_open', 'scheduled__2026-05-11T07:00:00+00:00', '--job-id', '1806', '--raw', '--subdir', 'DAGS_FOLDER/fetch_market_data.py', '--cfg-path', '/tmp/tmpclv42a_k']
[2026-05-11T08:01:12.277+0000] {standard_task_runner.py:88} INFO - Job 1806: Subtask check_market_open
[2026-05-11T08:01:12.348+0000] {task_command.py:423} INFO - Running <TaskInstance: fetch_market_data.check_market_open scheduled__2026-05-11T07:00:00+00:00 [running]> on host reddit-pipeline-vm
[2026-05-11T08:01:12.460+0000] {taskinstance.py:2480} INFO - Exporting env vars: AIRFLOW_CTX_DAG_OWNER='pipeline' AIRFLOW_CTX_DAG_ID='fetch_market_data' AIRFLOW_CTX_TASK_ID='check_market_open' AIRFLOW_CTX_EXECUTION_DATE='2026-05-11T07:00:00+00:00' AIRFLOW_CTX_TRY_NUMBER='1' AIRFLOW_CTX_DAG_RUN_ID='scheduled__2026-05-11T07:00:00+00:00'
[2026-05-11T08:01:12.478+0000] {sensors.py:45} INFO - Market open check at 2026-05-11 04:01 ET: False
[2026-05-11T08:01:12.504+0000] {taskinstance.py:2658} INFO - Rescheduling task, marking task as UP_FOR_RESCHEDULE
[2026-05-11T08:01:12.527+0000] {local_task_job_runner.py:234} INFO - Task exited with return code 0
[2026-05-11T08:01:12.565+0000] {taskinstance.py:3280} INFO - 0 downstream tasks scheduled from follow-on schedule check
[2026-05-11T08:16:14.081+0000] {taskinstance.py:1956} INFO - Dependencies all met for dep_context=non-requeueable deps ti=<TaskInstance: fetch_market_data.check_market_open scheduled__2026-05-11T07:00:00+00:00 [queued]>
[2026-05-11T08:16:14.090+0000] {taskinstance.py:1956} INFO - Dependencies all met for dep_context=requeueable deps ti=<TaskInstance: fetch_market_data.check_market_open scheduled__2026-05-11T07:00:00+00:00 [queued]>
[2026-05-11T08:16:14.090+0000] {taskinstance.py:2170} INFO - Starting attempt 1 of 3
[2026-05-11T08:16:14.103+0000] {taskinstance.py:2191} INFO - Executing <Task(MarketOpenSensor): check_market_open> on 2026-05-11 07:00:00+00:00
[2026-05-11T08:16:14.110+0000] {standard_task_runner.py:60} INFO - Started process 1485979 to run task
[2026-05-11T08:16:14.113+0000] {standard_task_runner.py:87} INFO - Running: ['airflow', 'tasks', 'run', 'fetch_market_data', 'check_market_open', 'scheduled__2026-05-11T07:00:00+00:00', '--job-id', '1807', '--raw', '--subdir', 'DAGS_FOLDER/fetch_market_data.py', '--cfg-path', '/tmp/tmp0izi6lwc']
[2026-05-11T08:16:14.116+0000] {standard_task_runner.py:88} INFO - Job 1807: Subtask check_market_open
[2026-05-11T08:16:14.187+0000] {task_command.py:423} INFO - Running <TaskInstance: fetch_market_data.check_market_open scheduled__2026-05-11T07:00:00+00:00 [running]> on host reddit-pipeline-vm
[2026-05-11T08:16:14.291+0000] {taskinstance.py:2480} INFO - Exporting env vars: AIRFLOW_CTX_DAG_OWNER='pipeline' AIRFLOW_CTX_DAG_ID='fetch_market_data' AIRFLOW_CTX_TASK_ID='check_market_open' AIRFLOW_CTX_EXECUTION_DATE='2026-05-11T07:00:00+00:00' AIRFLOW_CTX_TRY_NUMBER='1' AIRFLOW_CTX_DAG_RUN_ID='scheduled__2026-05-11T07:00:00+00:00'
[2026-05-11T08:16:14.308+0000] {sensors.py:45} INFO - Market open check at 2026-05-11 04:16 ET: False
[2026-05-11T08:16:14.333+0000] {taskinstance.py:2658} INFO - Rescheduling task, marking task as UP_FOR_RESCHEDULE
[2026-05-11T08:16:14.367+0000] {local_task_job_runner.py:234} INFO - Task exited with return code 0
[2026-05-11T08:16:14.405+0000] {taskinstance.py:3280} INFO - 0 downstream tasks scheduled from follow-on schedule check
[2026-05-11T08:31:15.515+0000] {taskinstance.py:1956} INFO - Dependencies all met for dep_context=non-requeueable deps ti=<TaskInstance: fetch_market_data.check_market_open scheduled__2026-05-11T07:00:00+00:00 [queued]>
[2026-05-11T08:31:15.524+0000] {taskinstance.py:1956} INFO - Dependencies all met for dep_context=requeueable deps ti=<TaskInstance: fetch_market_data.check_market_open scheduled__2026-05-11T07:00:00+00:00 [queued]>
[2026-05-11T08:31:15.524+0000] {taskinstance.py:2170} INFO - Starting attempt 1 of 3
[2026-05-11T08:31:15.537+0000] {taskinstance.py:2191} INFO - Executing <Task(MarketOpenSensor): check_market_open> on 2026-05-11 07:00:00+00:00
[2026-05-11T08:31:15.544+0000] {standard_task_runner.py:60} INFO - Started process 1486995 to run task
[2026-05-11T08:31:15.547+0000] {standard_task_runner.py:87} INFO - Running: ['airflow', 'tasks', 'run', 'fetch_market_data', 'check_market_open', 'scheduled__2026-05-11T07:00:00+00:00', '--job-id', '1808', '--raw', '--subdir', 'DAGS_FOLDER/fetch_market_data.py', '--cfg-path', '/tmp/tmpdc7nitsu']
[2026-05-11T08:31:15.550+0000] {standard_task_runner.py:88} INFO - Job 1808: Subtask check_market_open
[2026-05-11T08:31:15.618+0000] {task_command.py:423} INFO - Running <TaskInstance: fetch_market_data.check_market_open scheduled__2026-05-11T07:00:00+00:00 [running]> on host reddit-pipeline-vm
[2026-05-11T08:31:15.720+0000] {taskinstance.py:2480} INFO - Exporting env vars: AIRFLOW_CTX_DAG_OWNER='pipeline' AIRFLOW_CTX_DAG_ID='fetch_market_data' AIRFLOW_CTX_TASK_ID='check_market_open' AIRFLOW_CTX_EXECUTION_DATE='2026-05-11T07:00:00+00:00' AIRFLOW_CTX_TRY_NUMBER='1' AIRFLOW_CTX_DAG_RUN_ID='scheduled__2026-05-11T07:00:00+00:00'
[2026-05-11T08:31:15.737+0000] {sensors.py:45} INFO - Market open check at 2026-05-11 04:31 ET: False
[2026-05-11T08:31:15.764+0000] {taskinstance.py:2658} INFO - Rescheduling task, marking task as UP_FOR_RESCHEDULE
[2026-05-11T08:31:15.800+0000] {local_task_job_runner.py:234} INFO - Task exited with return code 0
[2026-05-11T08:31:15.834+0000] {taskinstance.py:3280} INFO - 0 downstream tasks scheduled from follow-on schedule check
[2026-05-11T08:46:16.482+0000] {taskinstance.py:1956} INFO - Dependencies all met for dep_context=non-requeueable deps ti=<TaskInstance: fetch_market_data.check_market_open scheduled__2026-05-11T07:00:00+00:00 [queued]>
[2026-05-11T08:46:16.489+0000] {taskinstance.py:1956} INFO - Dependencies all met for dep_context=requeueable deps ti=<TaskInstance: fetch_market_data.check_market_open scheduled__2026-05-11T07:00:00+00:00 [queued]>
[2026-05-11T08:46:16.490+0000] {taskinstance.py:2170} INFO - Starting attempt 1 of 3
[2026-05-11T08:46:16.503+0000] {taskinstance.py:2191} INFO - Executing <Task(MarketOpenSensor): check_market_open> on 2026-05-11 07:00:00+00:00
[2026-05-11T08:46:16.510+0000] {standard_task_runner.py:60} INFO - Started process 1488029 to run task
[2026-05-11T08:46:16.513+0000] {standard_task_runner.py:87} INFO - Running: ['airflow', 'tasks', 'run', 'fetch_market_data', 'check_market_open', 'scheduled__2026-05-11T07:00:00+00:00', '--job-id', '1809', '--raw', '--subdir', 'DAGS_FOLDER/fetch_market_data.py', '--cfg-path', '/tmp/tmpfhfh08w7']
[2026-05-11T08:46:16.515+0000] {standard_task_runner.py:88} INFO - Job 1809: Subtask check_market_open
[2026-05-11T08:46:16.582+0000] {task_command.py:423} INFO - Running <TaskInstance: fetch_market_data.check_market_open scheduled__2026-05-11T07:00:00+00:00 [running]> on host reddit-pipeline-vm
[2026-05-11T08:46:16.681+0000] {taskinstance.py:2480} INFO - Exporting env vars: AIRFLOW_CTX_DAG_OWNER='pipeline' AIRFLOW_CTX_DAG_ID='fetch_market_data' AIRFLOW_CTX_TASK_ID='check_market_open' AIRFLOW_CTX_EXECUTION_DATE='2026-05-11T07:00:00+00:00' AIRFLOW_CTX_TRY_NUMBER='1' AIRFLOW_CTX_DAG_RUN_ID='scheduled__2026-05-11T07:00:00+00:00'
[2026-05-11T08:46:16.696+0000] {sensors.py:45} INFO - Market open check at 2026-05-11 04:46 ET: False
[2026-05-11T08:46:16.722+0000] {taskinstance.py:2658} INFO - Rescheduling task, marking task as UP_FOR_RESCHEDULE
[2026-05-11T08:46:16.767+0000] {local_task_job_runner.py:234} INFO - Task exited with return code 0
[2026-05-11T08:46:16.803+0000] {taskinstance.py:3280} INFO - 0 downstream tasks scheduled from follow-on schedule check
[2026-05-11T09:01:17.466+0000] {taskinstance.py:1956} INFO - Dependencies all met for dep_context=non-requeueable deps ti=<TaskInstance: fetch_market_data.check_market_open scheduled__2026-05-11T07:00:00+00:00 [queued]>
[2026-05-11T09:01:17.476+0000] {taskinstance.py:1956} INFO - Dependencies all met for dep_context=requeueable deps ti=<TaskInstance: fetch_market_data.check_market_open scheduled__2026-05-11T07:00:00+00:00 [queued]>
[2026-05-11T09:01:17.476+0000] {taskinstance.py:2170} INFO - Starting attempt 1 of 3
[2026-05-11T09:01:17.493+0000] {taskinstance.py:2191} INFO - Executing <Task(MarketOpenSensor): check_market_open> on 2026-05-11 07:00:00+00:00
[2026-05-11T09:01:17.500+0000] {standard_task_runner.py:60} INFO - Started process 1488959 to run task
[2026-05-11T09:01:17.504+0000] {standard_task_runner.py:87} INFO - Running: ['airflow', 'tasks', 'run', 'fetch_market_data', 'check_market_open', 'scheduled__2026-05-11T07:00:00+00:00', '--job-id', '1810', '--raw', '--subdir', 'DAGS_FOLDER/fetch_market_data.py', '--cfg-path', '/tmp/tmp0pxjw1gi']
[2026-05-11T09:01:17.506+0000] {standard_task_runner.py:88} INFO - Job 1810: Subtask check_market_open
[2026-05-11T09:01:17.580+0000] {task_command.py:423} INFO - Running <TaskInstance: fetch_market_data.check_market_open scheduled__2026-05-11T07:00:00+00:00 [running]> on host reddit-pipeline-vm
[2026-05-11T09:01:17.694+0000] {taskinstance.py:2480} INFO - Exporting env vars: AIRFLOW_CTX_DAG_OWNER='pipeline' AIRFLOW_CTX_DAG_ID='fetch_market_data' AIRFLOW_CTX_TASK_ID='check_market_open' AIRFLOW_CTX_EXECUTION_DATE='2026-05-11T07:00:00+00:00' AIRFLOW_CTX_TRY_NUMBER='1' AIRFLOW_CTX_DAG_RUN_ID='scheduled__2026-05-11T07:00:00+00:00'
[2026-05-11T09:01:17.711+0000] {sensors.py:45} INFO - Market open check at 2026-05-11 05:01 ET: False
[2026-05-11T09:01:17.711+0000] {taskinstance.py:2360} INFO - Sensor has timed out; run duration of 3605.328667 seconds exceeds the specified timeout of 3600.0.
[2026-05-11T09:01:17.727+0000] {taskinstance.py:1138} INFO - Marking task as SKIPPED. dag_id=fetch_market_data, task_id=check_market_open, execution_date=20260511T070000, start_date=20260511T090117, end_date=20260511T090117
[2026-05-11T09:01:17.759+0000] {local_task_job_runner.py:234} INFO - Task exited with return code 0
[2026-05-11T09:01:17.806+0000] {taskinstance.py:3280} INFO - 0 downstream tasks scheduled from follow-on schedule check
