[2026-05-07T20:00:01.582+0000] {taskinstance.py:1956} INFO - Dependencies all met for dep_context=non-requeueable deps ti=<TaskInstance: fetch_market_data.check_market_open scheduled__2026-05-07T19:00:00+00:00 [queued]>
[2026-05-07T20:00:01.589+0000] {taskinstance.py:1956} INFO - Dependencies all met for dep_context=requeueable deps ti=<TaskInstance: fetch_market_data.check_market_open scheduled__2026-05-07T19:00:00+00:00 [queued]>
[2026-05-07T20:00:01.589+0000] {taskinstance.py:2170} INFO - Starting attempt 1 of 3
[2026-05-07T20:00:01.601+0000] {taskinstance.py:2191} INFO - Executing <Task(MarketOpenSensor): check_market_open> on 2026-05-07 19:00:00+00:00
[2026-05-07T20:00:01.607+0000] {standard_task_runner.py:60} INFO - Started process 1149146 to run task
[2026-05-07T20:00:01.610+0000] {standard_task_runner.py:87} INFO - Running: ['airflow', 'tasks', 'run', 'fetch_market_data', 'check_market_open', 'scheduled__2026-05-07T19:00:00+00:00', '--job-id', '1582', '--raw', '--subdir', 'DAGS_FOLDER/fetch_market_data.py', '--cfg-path', '/tmp/tmp4_k180oc']
[2026-05-07T20:00:01.612+0000] {standard_task_runner.py:88} INFO - Job 1582: Subtask check_market_open
[2026-05-07T20:00:01.678+0000] {task_command.py:423} INFO - Running <TaskInstance: fetch_market_data.check_market_open scheduled__2026-05-07T19:00:00+00:00 [running]> on host reddit-pipeline-vm
[2026-05-07T20:00:01.781+0000] {taskinstance.py:2480} INFO - Exporting env vars: AIRFLOW_CTX_DAG_OWNER='pipeline' AIRFLOW_CTX_DAG_ID='fetch_market_data' AIRFLOW_CTX_TASK_ID='check_market_open' AIRFLOW_CTX_EXECUTION_DATE='2026-05-07T19:00:00+00:00' AIRFLOW_CTX_TRY_NUMBER='1' AIRFLOW_CTX_DAG_RUN_ID='scheduled__2026-05-07T19:00:00+00:00'
[2026-05-07T20:00:01.796+0000] {sensors.py:45} INFO - Market open check at 2026-05-07 16:00 ET: False
[2026-05-07T20:00:01.819+0000] {taskinstance.py:2658} INFO - Rescheduling task, marking task as UP_FOR_RESCHEDULE
[2026-05-07T20:00:01.863+0000] {local_task_job_runner.py:234} INFO - Task exited with return code 0
[2026-05-07T20:00:01.898+0000] {taskinstance.py:3280} INFO - 0 downstream tasks scheduled from follow-on schedule check
[2026-05-07T20:15:02.633+0000] {taskinstance.py:1956} INFO - Dependencies all met for dep_context=non-requeueable deps ti=<TaskInstance: fetch_market_data.check_market_open scheduled__2026-05-07T19:00:00+00:00 [queued]>
[2026-05-07T20:15:02.643+0000] {taskinstance.py:1956} INFO - Dependencies all met for dep_context=requeueable deps ti=<TaskInstance: fetch_market_data.check_market_open scheduled__2026-05-07T19:00:00+00:00 [queued]>
[2026-05-07T20:15:02.643+0000] {taskinstance.py:2170} INFO - Starting attempt 1 of 3
[2026-05-07T20:15:02.656+0000] {taskinstance.py:2191} INFO - Executing <Task(MarketOpenSensor): check_market_open> on 2026-05-07 19:00:00+00:00
[2026-05-07T20:15:02.663+0000] {standard_task_runner.py:60} INFO - Started process 1150133 to run task
[2026-05-07T20:15:02.666+0000] {standard_task_runner.py:87} INFO - Running: ['airflow', 'tasks', 'run', 'fetch_market_data', 'check_market_open', 'scheduled__2026-05-07T19:00:00+00:00', '--job-id', '1583', '--raw', '--subdir', 'DAGS_FOLDER/fetch_market_data.py', '--cfg-path', '/tmp/tmpnfcemual']
[2026-05-07T20:15:02.668+0000] {standard_task_runner.py:88} INFO - Job 1583: Subtask check_market_open
[2026-05-07T20:15:02.742+0000] {task_command.py:423} INFO - Running <TaskInstance: fetch_market_data.check_market_open scheduled__2026-05-07T19:00:00+00:00 [running]> on host reddit-pipeline-vm
[2026-05-07T20:15:02.849+0000] {taskinstance.py:2480} INFO - Exporting env vars: AIRFLOW_CTX_DAG_OWNER='pipeline' AIRFLOW_CTX_DAG_ID='fetch_market_data' AIRFLOW_CTX_TASK_ID='check_market_open' AIRFLOW_CTX_EXECUTION_DATE='2026-05-07T19:00:00+00:00' AIRFLOW_CTX_TRY_NUMBER='1' AIRFLOW_CTX_DAG_RUN_ID='scheduled__2026-05-07T19:00:00+00:00'
[2026-05-07T20:15:02.866+0000] {sensors.py:45} INFO - Market open check at 2026-05-07 16:15 ET: False
[2026-05-07T20:15:02.892+0000] {taskinstance.py:2658} INFO - Rescheduling task, marking task as UP_FOR_RESCHEDULE
[2026-05-07T20:15:02.919+0000] {local_task_job_runner.py:234} INFO - Task exited with return code 0
[2026-05-07T20:15:02.957+0000] {taskinstance.py:3280} INFO - 0 downstream tasks scheduled from follow-on schedule check
[2026-05-07T20:30:04.351+0000] {taskinstance.py:1956} INFO - Dependencies all met for dep_context=non-requeueable deps ti=<TaskInstance: fetch_market_data.check_market_open scheduled__2026-05-07T19:00:00+00:00 [queued]>
[2026-05-07T20:30:04.358+0000] {taskinstance.py:1956} INFO - Dependencies all met for dep_context=requeueable deps ti=<TaskInstance: fetch_market_data.check_market_open scheduled__2026-05-07T19:00:00+00:00 [queued]>
[2026-05-07T20:30:04.358+0000] {taskinstance.py:2170} INFO - Starting attempt 1 of 3
[2026-05-07T20:30:04.370+0000] {taskinstance.py:2191} INFO - Executing <Task(MarketOpenSensor): check_market_open> on 2026-05-07 19:00:00+00:00
[2026-05-07T20:30:04.376+0000] {standard_task_runner.py:60} INFO - Started process 1151113 to run task
[2026-05-07T20:30:04.379+0000] {standard_task_runner.py:87} INFO - Running: ['airflow', 'tasks', 'run', 'fetch_market_data', 'check_market_open', 'scheduled__2026-05-07T19:00:00+00:00', '--job-id', '1584', '--raw', '--subdir', 'DAGS_FOLDER/fetch_market_data.py', '--cfg-path', '/tmp/tmpg4_9j6_k']
[2026-05-07T20:30:04.381+0000] {standard_task_runner.py:88} INFO - Job 1584: Subtask check_market_open
[2026-05-07T20:30:04.447+0000] {task_command.py:423} INFO - Running <TaskInstance: fetch_market_data.check_market_open scheduled__2026-05-07T19:00:00+00:00 [running]> on host reddit-pipeline-vm
[2026-05-07T20:30:04.539+0000] {taskinstance.py:2480} INFO - Exporting env vars: AIRFLOW_CTX_DAG_OWNER='pipeline' AIRFLOW_CTX_DAG_ID='fetch_market_data' AIRFLOW_CTX_TASK_ID='check_market_open' AIRFLOW_CTX_EXECUTION_DATE='2026-05-07T19:00:00+00:00' AIRFLOW_CTX_TRY_NUMBER='1' AIRFLOW_CTX_DAG_RUN_ID='scheduled__2026-05-07T19:00:00+00:00'
[2026-05-07T20:30:04.553+0000] {sensors.py:45} INFO - Market open check at 2026-05-07 16:30 ET: False
[2026-05-07T20:30:04.576+0000] {taskinstance.py:2658} INFO - Rescheduling task, marking task as UP_FOR_RESCHEDULE
[2026-05-07T20:30:04.591+0000] {local_task_job_runner.py:234} INFO - Task exited with return code 0
[2026-05-07T20:30:04.625+0000] {taskinstance.py:3280} INFO - 0 downstream tasks scheduled from follow-on schedule check
[2026-05-07T20:45:05.794+0000] {taskinstance.py:1956} INFO - Dependencies all met for dep_context=non-requeueable deps ti=<TaskInstance: fetch_market_data.check_market_open scheduled__2026-05-07T19:00:00+00:00 [queued]>
[2026-05-07T20:45:05.801+0000] {taskinstance.py:1956} INFO - Dependencies all met for dep_context=requeueable deps ti=<TaskInstance: fetch_market_data.check_market_open scheduled__2026-05-07T19:00:00+00:00 [queued]>
[2026-05-07T20:45:05.801+0000] {taskinstance.py:2170} INFO - Starting attempt 1 of 3
[2026-05-07T20:45:05.814+0000] {taskinstance.py:2191} INFO - Executing <Task(MarketOpenSensor): check_market_open> on 2026-05-07 19:00:00+00:00
[2026-05-07T20:45:05.821+0000] {standard_task_runner.py:60} INFO - Started process 1152110 to run task
[2026-05-07T20:45:05.825+0000] {standard_task_runner.py:87} INFO - Running: ['airflow', 'tasks', 'run', 'fetch_market_data', 'check_market_open', 'scheduled__2026-05-07T19:00:00+00:00', '--job-id', '1585', '--raw', '--subdir', 'DAGS_FOLDER/fetch_market_data.py', '--cfg-path', '/tmp/tmpau82kjf7']
[2026-05-07T20:45:05.827+0000] {standard_task_runner.py:88} INFO - Job 1585: Subtask check_market_open
[2026-05-07T20:45:05.895+0000] {task_command.py:423} INFO - Running <TaskInstance: fetch_market_data.check_market_open scheduled__2026-05-07T19:00:00+00:00 [running]> on host reddit-pipeline-vm
[2026-05-07T20:45:05.992+0000] {taskinstance.py:2480} INFO - Exporting env vars: AIRFLOW_CTX_DAG_OWNER='pipeline' AIRFLOW_CTX_DAG_ID='fetch_market_data' AIRFLOW_CTX_TASK_ID='check_market_open' AIRFLOW_CTX_EXECUTION_DATE='2026-05-07T19:00:00+00:00' AIRFLOW_CTX_TRY_NUMBER='1' AIRFLOW_CTX_DAG_RUN_ID='scheduled__2026-05-07T19:00:00+00:00'
[2026-05-07T20:45:06.008+0000] {sensors.py:45} INFO - Market open check at 2026-05-07 16:45 ET: False
[2026-05-07T20:45:06.032+0000] {taskinstance.py:2658} INFO - Rescheduling task, marking task as UP_FOR_RESCHEDULE
[2026-05-07T20:45:06.078+0000] {local_task_job_runner.py:234} INFO - Task exited with return code 0
[2026-05-07T20:45:06.114+0000] {taskinstance.py:3280} INFO - 0 downstream tasks scheduled from follow-on schedule check
[2026-05-07T21:00:07.143+0000] {taskinstance.py:1956} INFO - Dependencies all met for dep_context=non-requeueable deps ti=<TaskInstance: fetch_market_data.check_market_open scheduled__2026-05-07T19:00:00+00:00 [queued]>
[2026-05-07T21:00:07.150+0000] {taskinstance.py:1956} INFO - Dependencies all met for dep_context=requeueable deps ti=<TaskInstance: fetch_market_data.check_market_open scheduled__2026-05-07T19:00:00+00:00 [queued]>
[2026-05-07T21:00:07.151+0000] {taskinstance.py:2170} INFO - Starting attempt 1 of 3
[2026-05-07T21:00:07.163+0000] {taskinstance.py:2191} INFO - Executing <Task(MarketOpenSensor): check_market_open> on 2026-05-07 19:00:00+00:00
[2026-05-07T21:00:07.169+0000] {standard_task_runner.py:60} INFO - Started process 1153102 to run task
[2026-05-07T21:00:07.173+0000] {standard_task_runner.py:87} INFO - Running: ['airflow', 'tasks', 'run', 'fetch_market_data', 'check_market_open', 'scheduled__2026-05-07T19:00:00+00:00', '--job-id', '1586', '--raw', '--subdir', 'DAGS_FOLDER/fetch_market_data.py', '--cfg-path', '/tmp/tmpe5jngq0o']
[2026-05-07T21:00:07.175+0000] {standard_task_runner.py:88} INFO - Job 1586: Subtask check_market_open
[2026-05-07T21:00:07.241+0000] {task_command.py:423} INFO - Running <TaskInstance: fetch_market_data.check_market_open scheduled__2026-05-07T19:00:00+00:00 [running]> on host reddit-pipeline-vm
[2026-05-07T21:00:07.336+0000] {taskinstance.py:2480} INFO - Exporting env vars: AIRFLOW_CTX_DAG_OWNER='pipeline' AIRFLOW_CTX_DAG_ID='fetch_market_data' AIRFLOW_CTX_TASK_ID='check_market_open' AIRFLOW_CTX_EXECUTION_DATE='2026-05-07T19:00:00+00:00' AIRFLOW_CTX_TRY_NUMBER='1' AIRFLOW_CTX_DAG_RUN_ID='scheduled__2026-05-07T19:00:00+00:00'
[2026-05-07T21:00:07.351+0000] {sensors.py:45} INFO - Market open check at 2026-05-07 17:00 ET: False
[2026-05-07T21:00:07.351+0000] {taskinstance.py:2360} INFO - Sensor has timed out; run duration of 3605.640739 seconds exceeds the specified timeout of 3600.0.
[2026-05-07T21:00:07.365+0000] {taskinstance.py:1138} INFO - Marking task as SKIPPED. dag_id=fetch_market_data, task_id=check_market_open, execution_date=20260507T190000, start_date=20260507T210007, end_date=20260507T210007
[2026-05-07T21:00:07.385+0000] {local_task_job_runner.py:234} INFO - Task exited with return code 0
[2026-05-07T21:00:07.428+0000] {taskinstance.py:3280} INFO - 0 downstream tasks scheduled from follow-on schedule check
