[2026-05-11T20:00:01.196+0000] {taskinstance.py:1956} INFO - Dependencies all met for dep_context=non-requeueable deps ti=<TaskInstance: fetch_market_data.check_market_open scheduled__2026-05-11T19:00:00+00:00 [queued]>
[2026-05-11T20:00:01.203+0000] {taskinstance.py:1956} INFO - Dependencies all met for dep_context=requeueable deps ti=<TaskInstance: fetch_market_data.check_market_open scheduled__2026-05-11T19:00:00+00:00 [queued]>
[2026-05-11T20:00:01.203+0000] {taskinstance.py:2170} INFO - Starting attempt 1 of 3
[2026-05-11T20:00:01.214+0000] {taskinstance.py:2191} INFO - Executing <Task(MarketOpenSensor): check_market_open> on 2026-05-11 19:00:00+00:00
[2026-05-11T20:00:01.220+0000] {standard_task_runner.py:60} INFO - Started process 1533460 to run task
[2026-05-11T20:00:01.224+0000] {standard_task_runner.py:87} INFO - Running: ['airflow', 'tasks', 'run', 'fetch_market_data', 'check_market_open', 'scheduled__2026-05-11T19:00:00+00:00', '--job-id', '1910', '--raw', '--subdir', 'DAGS_FOLDER/fetch_market_data.py', '--cfg-path', '/tmp/tmpqc804je9']
[2026-05-11T20:00:01.226+0000] {standard_task_runner.py:88} INFO - Job 1910: Subtask check_market_open
[2026-05-11T20:00:01.290+0000] {task_command.py:423} INFO - Running <TaskInstance: fetch_market_data.check_market_open scheduled__2026-05-11T19:00:00+00:00 [running]> on host reddit-pipeline-vm
[2026-05-11T20:00:01.386+0000] {taskinstance.py:2480} INFO - Exporting env vars: AIRFLOW_CTX_DAG_OWNER='pipeline' AIRFLOW_CTX_DAG_ID='fetch_market_data' AIRFLOW_CTX_TASK_ID='check_market_open' AIRFLOW_CTX_EXECUTION_DATE='2026-05-11T19:00:00+00:00' AIRFLOW_CTX_TRY_NUMBER='1' AIRFLOW_CTX_DAG_RUN_ID='scheduled__2026-05-11T19:00:00+00:00'
[2026-05-11T20:00:01.400+0000] {sensors.py:45} INFO - Market open check at 2026-05-11 16:00 ET: False
[2026-05-11T20:00:01.424+0000] {taskinstance.py:2658} INFO - Rescheduling task, marking task as UP_FOR_RESCHEDULE
[2026-05-11T20:00:01.436+0000] {local_task_job_runner.py:234} INFO - Task exited with return code 0
[2026-05-11T20:00:01.469+0000] {taskinstance.py:3280} INFO - 0 downstream tasks scheduled from follow-on schedule check
[2026-05-11T20:15:02.027+0000] {taskinstance.py:1956} INFO - Dependencies all met for dep_context=non-requeueable deps ti=<TaskInstance: fetch_market_data.check_market_open scheduled__2026-05-11T19:00:00+00:00 [queued]>
[2026-05-11T20:15:02.034+0000] {taskinstance.py:1956} INFO - Dependencies all met for dep_context=requeueable deps ti=<TaskInstance: fetch_market_data.check_market_open scheduled__2026-05-11T19:00:00+00:00 [queued]>
[2026-05-11T20:15:02.034+0000] {taskinstance.py:2170} INFO - Starting attempt 1 of 3
[2026-05-11T20:15:02.045+0000] {taskinstance.py:2191} INFO - Executing <Task(MarketOpenSensor): check_market_open> on 2026-05-11 19:00:00+00:00
[2026-05-11T20:15:02.052+0000] {standard_task_runner.py:60} INFO - Started process 1534477 to run task
[2026-05-11T20:15:02.055+0000] {standard_task_runner.py:87} INFO - Running: ['airflow', 'tasks', 'run', 'fetch_market_data', 'check_market_open', 'scheduled__2026-05-11T19:00:00+00:00', '--job-id', '1911', '--raw', '--subdir', 'DAGS_FOLDER/fetch_market_data.py', '--cfg-path', '/tmp/tmpdsw2bo_6']
[2026-05-11T20:15:02.057+0000] {standard_task_runner.py:88} INFO - Job 1911: Subtask check_market_open
[2026-05-11T20:15:02.124+0000] {task_command.py:423} INFO - Running <TaskInstance: fetch_market_data.check_market_open scheduled__2026-05-11T19:00:00+00:00 [running]> on host reddit-pipeline-vm
[2026-05-11T20:15:02.217+0000] {taskinstance.py:2480} INFO - Exporting env vars: AIRFLOW_CTX_DAG_OWNER='pipeline' AIRFLOW_CTX_DAG_ID='fetch_market_data' AIRFLOW_CTX_TASK_ID='check_market_open' AIRFLOW_CTX_EXECUTION_DATE='2026-05-11T19:00:00+00:00' AIRFLOW_CTX_TRY_NUMBER='1' AIRFLOW_CTX_DAG_RUN_ID='scheduled__2026-05-11T19:00:00+00:00'
[2026-05-11T20:15:02.231+0000] {sensors.py:45} INFO - Market open check at 2026-05-11 16:15 ET: False
[2026-05-11T20:15:02.253+0000] {taskinstance.py:2658} INFO - Rescheduling task, marking task as UP_FOR_RESCHEDULE
[2026-05-11T20:15:02.267+0000] {local_task_job_runner.py:234} INFO - Task exited with return code 0
[2026-05-11T20:15:02.300+0000] {taskinstance.py:3280} INFO - 0 downstream tasks scheduled from follow-on schedule check
[2026-05-11T20:30:02.890+0000] {taskinstance.py:1956} INFO - Dependencies all met for dep_context=non-requeueable deps ti=<TaskInstance: fetch_market_data.check_market_open scheduled__2026-05-11T19:00:00+00:00 [queued]>
[2026-05-11T20:30:02.898+0000] {taskinstance.py:1956} INFO - Dependencies all met for dep_context=requeueable deps ti=<TaskInstance: fetch_market_data.check_market_open scheduled__2026-05-11T19:00:00+00:00 [queued]>
[2026-05-11T20:30:02.898+0000] {taskinstance.py:2170} INFO - Starting attempt 1 of 3
[2026-05-11T20:30:02.909+0000] {taskinstance.py:2191} INFO - Executing <Task(MarketOpenSensor): check_market_open> on 2026-05-11 19:00:00+00:00
[2026-05-11T20:30:02.916+0000] {standard_task_runner.py:60} INFO - Started process 1535432 to run task
[2026-05-11T20:30:02.919+0000] {standard_task_runner.py:87} INFO - Running: ['airflow', 'tasks', 'run', 'fetch_market_data', 'check_market_open', 'scheduled__2026-05-11T19:00:00+00:00', '--job-id', '1912', '--raw', '--subdir', 'DAGS_FOLDER/fetch_market_data.py', '--cfg-path', '/tmp/tmp6meohln_']
[2026-05-11T20:30:02.921+0000] {standard_task_runner.py:88} INFO - Job 1912: Subtask check_market_open
[2026-05-11T20:30:02.986+0000] {task_command.py:423} INFO - Running <TaskInstance: fetch_market_data.check_market_open scheduled__2026-05-11T19:00:00+00:00 [running]> on host reddit-pipeline-vm
[2026-05-11T20:30:03.077+0000] {taskinstance.py:2480} INFO - Exporting env vars: AIRFLOW_CTX_DAG_OWNER='pipeline' AIRFLOW_CTX_DAG_ID='fetch_market_data' AIRFLOW_CTX_TASK_ID='check_market_open' AIRFLOW_CTX_EXECUTION_DATE='2026-05-11T19:00:00+00:00' AIRFLOW_CTX_TRY_NUMBER='1' AIRFLOW_CTX_DAG_RUN_ID='scheduled__2026-05-11T19:00:00+00:00'
[2026-05-11T20:30:03.091+0000] {sensors.py:45} INFO - Market open check at 2026-05-11 16:30 ET: False
[2026-05-11T20:30:03.113+0000] {taskinstance.py:2658} INFO - Rescheduling task, marking task as UP_FOR_RESCHEDULE
[2026-05-11T20:30:03.134+0000] {local_task_job_runner.py:234} INFO - Task exited with return code 0
[2026-05-11T20:30:03.168+0000] {taskinstance.py:3280} INFO - 0 downstream tasks scheduled from follow-on schedule check
[2026-05-11T20:45:03.859+0000] {taskinstance.py:1956} INFO - Dependencies all met for dep_context=non-requeueable deps ti=<TaskInstance: fetch_market_data.check_market_open scheduled__2026-05-11T19:00:00+00:00 [queued]>
[2026-05-11T20:45:03.866+0000] {taskinstance.py:1956} INFO - Dependencies all met for dep_context=requeueable deps ti=<TaskInstance: fetch_market_data.check_market_open scheduled__2026-05-11T19:00:00+00:00 [queued]>
[2026-05-11T20:45:03.866+0000] {taskinstance.py:2170} INFO - Starting attempt 1 of 3
[2026-05-11T20:45:03.878+0000] {taskinstance.py:2191} INFO - Executing <Task(MarketOpenSensor): check_market_open> on 2026-05-11 19:00:00+00:00
[2026-05-11T20:45:03.885+0000] {standard_task_runner.py:60} INFO - Started process 1536403 to run task
[2026-05-11T20:45:03.888+0000] {standard_task_runner.py:87} INFO - Running: ['airflow', 'tasks', 'run', 'fetch_market_data', 'check_market_open', 'scheduled__2026-05-11T19:00:00+00:00', '--job-id', '1913', '--raw', '--subdir', 'DAGS_FOLDER/fetch_market_data.py', '--cfg-path', '/tmp/tmpvvnmq89v']
[2026-05-11T20:45:03.890+0000] {standard_task_runner.py:88} INFO - Job 1913: Subtask check_market_open
[2026-05-11T20:45:03.959+0000] {task_command.py:423} INFO - Running <TaskInstance: fetch_market_data.check_market_open scheduled__2026-05-11T19:00:00+00:00 [running]> on host reddit-pipeline-vm
[2026-05-11T20:45:04.098+0000] {taskinstance.py:2480} INFO - Exporting env vars: AIRFLOW_CTX_DAG_OWNER='pipeline' AIRFLOW_CTX_DAG_ID='fetch_market_data' AIRFLOW_CTX_TASK_ID='check_market_open' AIRFLOW_CTX_EXECUTION_DATE='2026-05-11T19:00:00+00:00' AIRFLOW_CTX_TRY_NUMBER='1' AIRFLOW_CTX_DAG_RUN_ID='scheduled__2026-05-11T19:00:00+00:00'
[2026-05-11T20:45:04.116+0000] {sensors.py:45} INFO - Market open check at 2026-05-11 16:45 ET: False
[2026-05-11T20:45:04.147+0000] {taskinstance.py:2658} INFO - Rescheduling task, marking task as UP_FOR_RESCHEDULE
[2026-05-11T20:45:04.183+0000] {local_task_job_runner.py:234} INFO - Task exited with return code 0
[2026-05-11T20:45:04.220+0000] {taskinstance.py:3280} INFO - 0 downstream tasks scheduled from follow-on schedule check
[2026-05-11T21:00:05.078+0000] {taskinstance.py:1956} INFO - Dependencies all met for dep_context=non-requeueable deps ti=<TaskInstance: fetch_market_data.check_market_open scheduled__2026-05-11T19:00:00+00:00 [queued]>
[2026-05-11T21:00:05.085+0000] {taskinstance.py:1956} INFO - Dependencies all met for dep_context=requeueable deps ti=<TaskInstance: fetch_market_data.check_market_open scheduled__2026-05-11T19:00:00+00:00 [queued]>
[2026-05-11T21:00:05.085+0000] {taskinstance.py:2170} INFO - Starting attempt 1 of 3
[2026-05-11T21:00:05.096+0000] {taskinstance.py:2191} INFO - Executing <Task(MarketOpenSensor): check_market_open> on 2026-05-11 19:00:00+00:00
[2026-05-11T21:00:05.103+0000] {standard_task_runner.py:60} INFO - Started process 1537375 to run task
[2026-05-11T21:00:05.106+0000] {standard_task_runner.py:87} INFO - Running: ['airflow', 'tasks', 'run', 'fetch_market_data', 'check_market_open', 'scheduled__2026-05-11T19:00:00+00:00', '--job-id', '1914', '--raw', '--subdir', 'DAGS_FOLDER/fetch_market_data.py', '--cfg-path', '/tmp/tmp9ctwkm5h']
[2026-05-11T21:00:05.108+0000] {standard_task_runner.py:88} INFO - Job 1914: Subtask check_market_open
[2026-05-11T21:00:05.173+0000] {task_command.py:423} INFO - Running <TaskInstance: fetch_market_data.check_market_open scheduled__2026-05-11T19:00:00+00:00 [running]> on host reddit-pipeline-vm
[2026-05-11T21:00:05.264+0000] {taskinstance.py:2480} INFO - Exporting env vars: AIRFLOW_CTX_DAG_OWNER='pipeline' AIRFLOW_CTX_DAG_ID='fetch_market_data' AIRFLOW_CTX_TASK_ID='check_market_open' AIRFLOW_CTX_EXECUTION_DATE='2026-05-11T19:00:00+00:00' AIRFLOW_CTX_TRY_NUMBER='1' AIRFLOW_CTX_DAG_RUN_ID='scheduled__2026-05-11T19:00:00+00:00'
[2026-05-11T21:00:05.279+0000] {sensors.py:45} INFO - Market open check at 2026-05-11 17:00 ET: False
[2026-05-11T21:00:05.280+0000] {taskinstance.py:2360} INFO - Sensor has timed out; run duration of 3603.960451 seconds exceeds the specified timeout of 3600.0.
[2026-05-11T21:00:05.293+0000] {taskinstance.py:1138} INFO - Marking task as SKIPPED. dag_id=fetch_market_data, task_id=check_market_open, execution_date=20260511T190000, start_date=20260511T210005, end_date=20260511T210005
[2026-05-11T21:00:05.318+0000] {local_task_job_runner.py:234} INFO - Task exited with return code 0
[2026-05-11T21:00:05.359+0000] {taskinstance.py:3280} INFO - 0 downstream tasks scheduled from follow-on schedule check
