[2026-05-05T05:01:08.634+0000] {taskinstance.py:1956} INFO - Dependencies all met for dep_context=non-requeueable deps ti=<TaskInstance: fetch_market_data.check_market_open scheduled__2026-05-05T04:00:00+00:00 [queued]>
[2026-05-05T05:01:08.644+0000] {taskinstance.py:1956} INFO - Dependencies all met for dep_context=requeueable deps ti=<TaskInstance: fetch_market_data.check_market_open scheduled__2026-05-05T04:00:00+00:00 [queued]>
[2026-05-05T05:01:08.644+0000] {taskinstance.py:2170} INFO - Starting attempt 1 of 3
[2026-05-05T05:01:08.657+0000] {taskinstance.py:2191} INFO - Executing <Task(MarketOpenSensor): check_market_open> on 2026-05-05 04:00:00+00:00
[2026-05-05T05:01:08.664+0000] {standard_task_runner.py:60} INFO - Started process 964796 to run task
[2026-05-05T05:01:08.668+0000] {standard_task_runner.py:87} INFO - Running: ['airflow', 'tasks', 'run', 'fetch_market_data', 'check_market_open', 'scheduled__2026-05-05T04:00:00+00:00', '--job-id', '1244', '--raw', '--subdir', 'DAGS_FOLDER/fetch_market_data.py', '--cfg-path', '/tmp/tmpusphyqba']
[2026-05-05T05:01:08.670+0000] {standard_task_runner.py:88} INFO - Job 1244: Subtask check_market_open
[2026-05-05T05:01:08.756+0000] {task_command.py:423} INFO - Running <TaskInstance: fetch_market_data.check_market_open scheduled__2026-05-05T04:00:00+00:00 [running]> on host reddit-pipeline-vm
[2026-05-05T05:01:08.885+0000] {taskinstance.py:2480} INFO - Exporting env vars: AIRFLOW_CTX_DAG_OWNER='pipeline' AIRFLOW_CTX_DAG_ID='fetch_market_data' AIRFLOW_CTX_TASK_ID='check_market_open' AIRFLOW_CTX_EXECUTION_DATE='2026-05-05T04:00:00+00:00' AIRFLOW_CTX_TRY_NUMBER='1' AIRFLOW_CTX_DAG_RUN_ID='scheduled__2026-05-05T04:00:00+00:00'
[2026-05-05T05:01:08.905+0000] {sensors.py:45} INFO - Market open check at 2026-05-05 01:01 ET: False
[2026-05-05T05:01:08.936+0000] {taskinstance.py:2658} INFO - Rescheduling task, marking task as UP_FOR_RESCHEDULE
[2026-05-05T05:01:08.962+0000] {local_task_job_runner.py:234} INFO - Task exited with return code 0
[2026-05-05T05:01:09.008+0000] {taskinstance.py:3280} INFO - 0 downstream tasks scheduled from follow-on schedule check
[2026-05-05T05:16:09.735+0000] {taskinstance.py:1956} INFO - Dependencies all met for dep_context=non-requeueable deps ti=<TaskInstance: fetch_market_data.check_market_open scheduled__2026-05-05T04:00:00+00:00 [queued]>
[2026-05-05T05:16:09.744+0000] {taskinstance.py:1956} INFO - Dependencies all met for dep_context=requeueable deps ti=<TaskInstance: fetch_market_data.check_market_open scheduled__2026-05-05T04:00:00+00:00 [queued]>
[2026-05-05T05:16:09.744+0000] {taskinstance.py:2170} INFO - Starting attempt 1 of 3
[2026-05-05T05:16:09.755+0000] {taskinstance.py:2191} INFO - Executing <Task(MarketOpenSensor): check_market_open> on 2026-05-05 04:00:00+00:00
[2026-05-05T05:16:09.762+0000] {standard_task_runner.py:60} INFO - Started process 965599 to run task
[2026-05-05T05:16:09.765+0000] {standard_task_runner.py:87} INFO - Running: ['airflow', 'tasks', 'run', 'fetch_market_data', 'check_market_open', 'scheduled__2026-05-05T04:00:00+00:00', '--job-id', '1245', '--raw', '--subdir', 'DAGS_FOLDER/fetch_market_data.py', '--cfg-path', '/tmp/tmp78j1ttmo']
[2026-05-05T05:16:09.767+0000] {standard_task_runner.py:88} INFO - Job 1245: Subtask check_market_open
[2026-05-05T05:16:09.850+0000] {task_command.py:423} INFO - Running <TaskInstance: fetch_market_data.check_market_open scheduled__2026-05-05T04:00:00+00:00 [running]> on host reddit-pipeline-vm
[2026-05-05T05:16:09.973+0000] {taskinstance.py:2480} INFO - Exporting env vars: AIRFLOW_CTX_DAG_OWNER='pipeline' AIRFLOW_CTX_DAG_ID='fetch_market_data' AIRFLOW_CTX_TASK_ID='check_market_open' AIRFLOW_CTX_EXECUTION_DATE='2026-05-05T04:00:00+00:00' AIRFLOW_CTX_TRY_NUMBER='1' AIRFLOW_CTX_DAG_RUN_ID='scheduled__2026-05-05T04:00:00+00:00'
[2026-05-05T05:16:09.992+0000] {sensors.py:45} INFO - Market open check at 2026-05-05 01:16 ET: False
[2026-05-05T05:16:10.022+0000] {taskinstance.py:2658} INFO - Rescheduling task, marking task as UP_FOR_RESCHEDULE
[2026-05-05T05:16:10.059+0000] {local_task_job_runner.py:234} INFO - Task exited with return code 0
[2026-05-05T05:16:10.104+0000] {taskinstance.py:3280} INFO - 0 downstream tasks scheduled from follow-on schedule check
[2026-05-05T05:31:11.058+0000] {taskinstance.py:1956} INFO - Dependencies all met for dep_context=non-requeueable deps ti=<TaskInstance: fetch_market_data.check_market_open scheduled__2026-05-05T04:00:00+00:00 [queued]>
[2026-05-05T05:31:11.067+0000] {taskinstance.py:1956} INFO - Dependencies all met for dep_context=requeueable deps ti=<TaskInstance: fetch_market_data.check_market_open scheduled__2026-05-05T04:00:00+00:00 [queued]>
[2026-05-05T05:31:11.068+0000] {taskinstance.py:2170} INFO - Starting attempt 1 of 3
[2026-05-05T05:31:11.081+0000] {taskinstance.py:2191} INFO - Executing <Task(MarketOpenSensor): check_market_open> on 2026-05-05 04:00:00+00:00
[2026-05-05T05:31:11.088+0000] {standard_task_runner.py:60} INFO - Started process 966379 to run task
[2026-05-05T05:31:11.092+0000] {standard_task_runner.py:87} INFO - Running: ['airflow', 'tasks', 'run', 'fetch_market_data', 'check_market_open', 'scheduled__2026-05-05T04:00:00+00:00', '--job-id', '1246', '--raw', '--subdir', 'DAGS_FOLDER/fetch_market_data.py', '--cfg-path', '/tmp/tmp40dni_hs']
[2026-05-05T05:31:11.094+0000] {standard_task_runner.py:88} INFO - Job 1246: Subtask check_market_open
[2026-05-05T05:31:11.180+0000] {task_command.py:423} INFO - Running <TaskInstance: fetch_market_data.check_market_open scheduled__2026-05-05T04:00:00+00:00 [running]> on host reddit-pipeline-vm
[2026-05-05T05:31:11.306+0000] {taskinstance.py:2480} INFO - Exporting env vars: AIRFLOW_CTX_DAG_OWNER='pipeline' AIRFLOW_CTX_DAG_ID='fetch_market_data' AIRFLOW_CTX_TASK_ID='check_market_open' AIRFLOW_CTX_EXECUTION_DATE='2026-05-05T04:00:00+00:00' AIRFLOW_CTX_TRY_NUMBER='1' AIRFLOW_CTX_DAG_RUN_ID='scheduled__2026-05-05T04:00:00+00:00'
[2026-05-05T05:31:11.328+0000] {sensors.py:45} INFO - Market open check at 2026-05-05 01:31 ET: False
[2026-05-05T05:31:11.359+0000] {taskinstance.py:2658} INFO - Rescheduling task, marking task as UP_FOR_RESCHEDULE
[2026-05-05T05:31:11.385+0000] {local_task_job_runner.py:234} INFO - Task exited with return code 0
[2026-05-05T05:31:11.432+0000] {taskinstance.py:3280} INFO - 0 downstream tasks scheduled from follow-on schedule check
[2026-05-05T05:46:12.377+0000] {taskinstance.py:1956} INFO - Dependencies all met for dep_context=non-requeueable deps ti=<TaskInstance: fetch_market_data.check_market_open scheduled__2026-05-05T04:00:00+00:00 [queued]>
[2026-05-05T05:46:12.386+0000] {taskinstance.py:1956} INFO - Dependencies all met for dep_context=requeueable deps ti=<TaskInstance: fetch_market_data.check_market_open scheduled__2026-05-05T04:00:00+00:00 [queued]>
[2026-05-05T05:46:12.387+0000] {taskinstance.py:2170} INFO - Starting attempt 1 of 3
[2026-05-05T05:46:12.399+0000] {taskinstance.py:2191} INFO - Executing <Task(MarketOpenSensor): check_market_open> on 2026-05-05 04:00:00+00:00
[2026-05-05T05:46:12.407+0000] {standard_task_runner.py:60} INFO - Started process 967138 to run task
[2026-05-05T05:46:12.411+0000] {standard_task_runner.py:87} INFO - Running: ['airflow', 'tasks', 'run', 'fetch_market_data', 'check_market_open', 'scheduled__2026-05-05T04:00:00+00:00', '--job-id', '1247', '--raw', '--subdir', 'DAGS_FOLDER/fetch_market_data.py', '--cfg-path', '/tmp/tmpnveih987']
[2026-05-05T05:46:12.413+0000] {standard_task_runner.py:88} INFO - Job 1247: Subtask check_market_open
[2026-05-05T05:46:12.499+0000] {task_command.py:423} INFO - Running <TaskInstance: fetch_market_data.check_market_open scheduled__2026-05-05T04:00:00+00:00 [running]> on host reddit-pipeline-vm
[2026-05-05T05:46:12.629+0000] {taskinstance.py:2480} INFO - Exporting env vars: AIRFLOW_CTX_DAG_OWNER='pipeline' AIRFLOW_CTX_DAG_ID='fetch_market_data' AIRFLOW_CTX_TASK_ID='check_market_open' AIRFLOW_CTX_EXECUTION_DATE='2026-05-05T04:00:00+00:00' AIRFLOW_CTX_TRY_NUMBER='1' AIRFLOW_CTX_DAG_RUN_ID='scheduled__2026-05-05T04:00:00+00:00'
[2026-05-05T05:46:12.650+0000] {sensors.py:45} INFO - Market open check at 2026-05-05 01:46 ET: False
[2026-05-05T05:46:12.681+0000] {taskinstance.py:2658} INFO - Rescheduling task, marking task as UP_FOR_RESCHEDULE
[2026-05-05T05:46:12.706+0000] {local_task_job_runner.py:234} INFO - Task exited with return code 0
[2026-05-05T05:46:12.753+0000] {taskinstance.py:3280} INFO - 0 downstream tasks scheduled from follow-on schedule check
[2026-05-05T06:01:13.459+0000] {taskinstance.py:1956} INFO - Dependencies all met for dep_context=non-requeueable deps ti=<TaskInstance: fetch_market_data.check_market_open scheduled__2026-05-05T04:00:00+00:00 [queued]>
[2026-05-05T06:01:13.466+0000] {taskinstance.py:1956} INFO - Dependencies all met for dep_context=requeueable deps ti=<TaskInstance: fetch_market_data.check_market_open scheduled__2026-05-05T04:00:00+00:00 [queued]>
[2026-05-05T06:01:13.467+0000] {taskinstance.py:2170} INFO - Starting attempt 1 of 3
[2026-05-05T06:01:13.477+0000] {taskinstance.py:2191} INFO - Executing <Task(MarketOpenSensor): check_market_open> on 2026-05-05 04:00:00+00:00
[2026-05-05T06:01:13.484+0000] {standard_task_runner.py:60} INFO - Started process 967875 to run task
[2026-05-05T06:01:13.489+0000] {standard_task_runner.py:87} INFO - Running: ['airflow', 'tasks', 'run', 'fetch_market_data', 'check_market_open', 'scheduled__2026-05-05T04:00:00+00:00', '--job-id', '1248', '--raw', '--subdir', 'DAGS_FOLDER/fetch_market_data.py', '--cfg-path', '/tmp/tmpwt9_bzwn']
[2026-05-05T06:01:13.491+0000] {standard_task_runner.py:88} INFO - Job 1248: Subtask check_market_open
[2026-05-05T06:01:13.572+0000] {task_command.py:423} INFO - Running <TaskInstance: fetch_market_data.check_market_open scheduled__2026-05-05T04:00:00+00:00 [running]> on host reddit-pipeline-vm
[2026-05-05T06:01:13.694+0000] {taskinstance.py:2480} INFO - Exporting env vars: AIRFLOW_CTX_DAG_OWNER='pipeline' AIRFLOW_CTX_DAG_ID='fetch_market_data' AIRFLOW_CTX_TASK_ID='check_market_open' AIRFLOW_CTX_EXECUTION_DATE='2026-05-05T04:00:00+00:00' AIRFLOW_CTX_TRY_NUMBER='1' AIRFLOW_CTX_DAG_RUN_ID='scheduled__2026-05-05T04:00:00+00:00'
[2026-05-05T06:01:13.714+0000] {sensors.py:45} INFO - Market open check at 2026-05-05 02:01 ET: False
[2026-05-05T06:01:13.714+0000] {taskinstance.py:2360} INFO - Sensor has timed out; run duration of 3604.918567 seconds exceeds the specified timeout of 3600.0.
[2026-05-05T06:01:13.734+0000] {taskinstance.py:1138} INFO - Marking task as SKIPPED. dag_id=fetch_market_data, task_id=check_market_open, execution_date=20260505T040000, start_date=20260505T060113, end_date=20260505T060113
[2026-05-05T06:01:13.781+0000] {local_task_job_runner.py:234} INFO - Task exited with return code 0
[2026-05-05T06:01:13.838+0000] {taskinstance.py:3280} INFO - 0 downstream tasks scheduled from follow-on schedule check
