[2026-05-08T12:02:17.674+0000] {taskinstance.py:1956} INFO - Dependencies all met for dep_context=non-requeueable deps ti=<TaskInstance: fetch_market_data.check_market_open scheduled__2026-05-08T11:00:00+00:00 [queued]>
[2026-05-08T12:02:17.683+0000] {taskinstance.py:1956} INFO - Dependencies all met for dep_context=requeueable deps ti=<TaskInstance: fetch_market_data.check_market_open scheduled__2026-05-08T11:00:00+00:00 [queued]>
[2026-05-08T12:02:17.683+0000] {taskinstance.py:2170} INFO - Starting attempt 1 of 3
[2026-05-08T12:02:17.698+0000] {taskinstance.py:2191} INFO - Executing <Task(MarketOpenSensor): check_market_open> on 2026-05-08 11:00:00+00:00
[2026-05-08T12:02:17.705+0000] {standard_task_runner.py:60} INFO - Started process 1213947 to run task
[2026-05-08T12:02:17.708+0000] {standard_task_runner.py:87} INFO - Running: ['airflow', 'tasks', 'run', 'fetch_market_data', 'check_market_open', 'scheduled__2026-05-08T11:00:00+00:00', '--job-id', '1662', '--raw', '--subdir', 'DAGS_FOLDER/fetch_market_data.py', '--cfg-path', '/tmp/tmp83gmiwk6']
[2026-05-08T12:02:17.711+0000] {standard_task_runner.py:88} INFO - Job 1662: Subtask check_market_open
[2026-05-08T12:02:17.787+0000] {task_command.py:423} INFO - Running <TaskInstance: fetch_market_data.check_market_open scheduled__2026-05-08T11:00:00+00:00 [running]> on host reddit-pipeline-vm
[2026-05-08T12:02:17.899+0000] {taskinstance.py:2480} INFO - Exporting env vars: AIRFLOW_CTX_DAG_OWNER='pipeline' AIRFLOW_CTX_DAG_ID='fetch_market_data' AIRFLOW_CTX_TASK_ID='check_market_open' AIRFLOW_CTX_EXECUTION_DATE='2026-05-08T11:00:00+00:00' AIRFLOW_CTX_TRY_NUMBER='1' AIRFLOW_CTX_DAG_RUN_ID='scheduled__2026-05-08T11:00:00+00:00'
[2026-05-08T12:02:17.916+0000] {sensors.py:45} INFO - Market open check at 2026-05-08 08:02 ET: False
[2026-05-08T12:02:17.945+0000] {taskinstance.py:2658} INFO - Rescheduling task, marking task as UP_FOR_RESCHEDULE
[2026-05-08T12:02:17.963+0000] {local_task_job_runner.py:234} INFO - Task exited with return code 0
[2026-05-08T12:02:18.001+0000] {taskinstance.py:3280} INFO - 0 downstream tasks scheduled from follow-on schedule check
[2026-05-08T12:17:19.183+0000] {taskinstance.py:1956} INFO - Dependencies all met for dep_context=non-requeueable deps ti=<TaskInstance: fetch_market_data.check_market_open scheduled__2026-05-08T11:00:00+00:00 [queued]>
[2026-05-08T12:17:19.193+0000] {taskinstance.py:1956} INFO - Dependencies all met for dep_context=requeueable deps ti=<TaskInstance: fetch_market_data.check_market_open scheduled__2026-05-08T11:00:00+00:00 [queued]>
[2026-05-08T12:17:19.193+0000] {taskinstance.py:2170} INFO - Starting attempt 1 of 3
[2026-05-08T12:17:19.209+0000] {taskinstance.py:2191} INFO - Executing <Task(MarketOpenSensor): check_market_open> on 2026-05-08 11:00:00+00:00
[2026-05-08T12:17:19.215+0000] {standard_task_runner.py:60} INFO - Started process 1214938 to run task
[2026-05-08T12:17:19.219+0000] {standard_task_runner.py:87} INFO - Running: ['airflow', 'tasks', 'run', 'fetch_market_data', 'check_market_open', 'scheduled__2026-05-08T11:00:00+00:00', '--job-id', '1663', '--raw', '--subdir', 'DAGS_FOLDER/fetch_market_data.py', '--cfg-path', '/tmp/tmpmya3rshr']
[2026-05-08T12:17:19.221+0000] {standard_task_runner.py:88} INFO - Job 1663: Subtask check_market_open
[2026-05-08T12:17:19.294+0000] {task_command.py:423} INFO - Running <TaskInstance: fetch_market_data.check_market_open scheduled__2026-05-08T11:00:00+00:00 [running]> on host reddit-pipeline-vm
[2026-05-08T12:17:19.401+0000] {taskinstance.py:2480} INFO - Exporting env vars: AIRFLOW_CTX_DAG_OWNER='pipeline' AIRFLOW_CTX_DAG_ID='fetch_market_data' AIRFLOW_CTX_TASK_ID='check_market_open' AIRFLOW_CTX_EXECUTION_DATE='2026-05-08T11:00:00+00:00' AIRFLOW_CTX_TRY_NUMBER='1' AIRFLOW_CTX_DAG_RUN_ID='scheduled__2026-05-08T11:00:00+00:00'
[2026-05-08T12:17:19.419+0000] {sensors.py:45} INFO - Market open check at 2026-05-08 08:17 ET: False
[2026-05-08T12:17:19.443+0000] {taskinstance.py:2658} INFO - Rescheduling task, marking task as UP_FOR_RESCHEDULE
[2026-05-08T12:17:19.473+0000] {local_task_job_runner.py:234} INFO - Task exited with return code 0
[2026-05-08T12:17:19.511+0000] {taskinstance.py:3280} INFO - 0 downstream tasks scheduled from follow-on schedule check
[2026-05-08T12:32:20.252+0000] {taskinstance.py:1956} INFO - Dependencies all met for dep_context=non-requeueable deps ti=<TaskInstance: fetch_market_data.check_market_open scheduled__2026-05-08T11:00:00+00:00 [queued]>
[2026-05-08T12:32:20.263+0000] {taskinstance.py:1956} INFO - Dependencies all met for dep_context=requeueable deps ti=<TaskInstance: fetch_market_data.check_market_open scheduled__2026-05-08T11:00:00+00:00 [queued]>
[2026-05-08T12:32:20.264+0000] {taskinstance.py:2170} INFO - Starting attempt 1 of 3
[2026-05-08T12:32:20.278+0000] {taskinstance.py:2191} INFO - Executing <Task(MarketOpenSensor): check_market_open> on 2026-05-08 11:00:00+00:00
[2026-05-08T12:32:20.286+0000] {standard_task_runner.py:60} INFO - Started process 1215962 to run task
[2026-05-08T12:32:20.289+0000] {standard_task_runner.py:87} INFO - Running: ['airflow', 'tasks', 'run', 'fetch_market_data', 'check_market_open', 'scheduled__2026-05-08T11:00:00+00:00', '--job-id', '1664', '--raw', '--subdir', 'DAGS_FOLDER/fetch_market_data.py', '--cfg-path', '/tmp/tmp1b2l3w5o']
[2026-05-08T12:32:20.292+0000] {standard_task_runner.py:88} INFO - Job 1664: Subtask check_market_open
[2026-05-08T12:32:20.366+0000] {task_command.py:423} INFO - Running <TaskInstance: fetch_market_data.check_market_open scheduled__2026-05-08T11:00:00+00:00 [running]> on host reddit-pipeline-vm
[2026-05-08T12:32:20.475+0000] {taskinstance.py:2480} INFO - Exporting env vars: AIRFLOW_CTX_DAG_OWNER='pipeline' AIRFLOW_CTX_DAG_ID='fetch_market_data' AIRFLOW_CTX_TASK_ID='check_market_open' AIRFLOW_CTX_EXECUTION_DATE='2026-05-08T11:00:00+00:00' AIRFLOW_CTX_TRY_NUMBER='1' AIRFLOW_CTX_DAG_RUN_ID='scheduled__2026-05-08T11:00:00+00:00'
[2026-05-08T12:32:20.492+0000] {sensors.py:45} INFO - Market open check at 2026-05-08 08:32 ET: False
[2026-05-08T12:32:20.519+0000] {taskinstance.py:2658} INFO - Rescheduling task, marking task as UP_FOR_RESCHEDULE
[2026-05-08T12:32:20.543+0000] {local_task_job_runner.py:234} INFO - Task exited with return code 0
[2026-05-08T12:32:20.584+0000] {taskinstance.py:3280} INFO - 0 downstream tasks scheduled from follow-on schedule check
[2026-05-08T12:47:21.113+0000] {taskinstance.py:1956} INFO - Dependencies all met for dep_context=non-requeueable deps ti=<TaskInstance: fetch_market_data.check_market_open scheduled__2026-05-08T11:00:00+00:00 [queued]>
[2026-05-08T12:47:21.121+0000] {taskinstance.py:1956} INFO - Dependencies all met for dep_context=requeueable deps ti=<TaskInstance: fetch_market_data.check_market_open scheduled__2026-05-08T11:00:00+00:00 [queued]>
[2026-05-08T12:47:21.122+0000] {taskinstance.py:2170} INFO - Starting attempt 1 of 3
[2026-05-08T12:47:21.135+0000] {taskinstance.py:2191} INFO - Executing <Task(MarketOpenSensor): check_market_open> on 2026-05-08 11:00:00+00:00
[2026-05-08T12:47:21.142+0000] {standard_task_runner.py:60} INFO - Started process 1216993 to run task
[2026-05-08T12:47:21.145+0000] {standard_task_runner.py:87} INFO - Running: ['airflow', 'tasks', 'run', 'fetch_market_data', 'check_market_open', 'scheduled__2026-05-08T11:00:00+00:00', '--job-id', '1665', '--raw', '--subdir', 'DAGS_FOLDER/fetch_market_data.py', '--cfg-path', '/tmp/tmprrn991t9']
[2026-05-08T12:47:21.147+0000] {standard_task_runner.py:88} INFO - Job 1665: Subtask check_market_open
[2026-05-08T12:47:21.220+0000] {task_command.py:423} INFO - Running <TaskInstance: fetch_market_data.check_market_open scheduled__2026-05-08T11:00:00+00:00 [running]> on host reddit-pipeline-vm
[2026-05-08T12:47:21.327+0000] {taskinstance.py:2480} INFO - Exporting env vars: AIRFLOW_CTX_DAG_OWNER='pipeline' AIRFLOW_CTX_DAG_ID='fetch_market_data' AIRFLOW_CTX_TASK_ID='check_market_open' AIRFLOW_CTX_EXECUTION_DATE='2026-05-08T11:00:00+00:00' AIRFLOW_CTX_TRY_NUMBER='1' AIRFLOW_CTX_DAG_RUN_ID='scheduled__2026-05-08T11:00:00+00:00'
[2026-05-08T12:47:21.344+0000] {sensors.py:45} INFO - Market open check at 2026-05-08 08:47 ET: False
[2026-05-08T12:47:21.371+0000] {taskinstance.py:2658} INFO - Rescheduling task, marking task as UP_FOR_RESCHEDULE
[2026-05-08T12:47:21.398+0000] {local_task_job_runner.py:234} INFO - Task exited with return code 0
[2026-05-08T12:47:21.436+0000] {taskinstance.py:3280} INFO - 0 downstream tasks scheduled from follow-on schedule check
[2026-05-08T13:02:22.189+0000] {taskinstance.py:1956} INFO - Dependencies all met for dep_context=non-requeueable deps ti=<TaskInstance: fetch_market_data.check_market_open scheduled__2026-05-08T11:00:00+00:00 [queued]>
[2026-05-08T13:02:22.198+0000] {taskinstance.py:1956} INFO - Dependencies all met for dep_context=requeueable deps ti=<TaskInstance: fetch_market_data.check_market_open scheduled__2026-05-08T11:00:00+00:00 [queued]>
[2026-05-08T13:02:22.198+0000] {taskinstance.py:2170} INFO - Starting attempt 1 of 3
[2026-05-08T13:02:22.211+0000] {taskinstance.py:2191} INFO - Executing <Task(MarketOpenSensor): check_market_open> on 2026-05-08 11:00:00+00:00
[2026-05-08T13:02:22.218+0000] {standard_task_runner.py:60} INFO - Started process 1217921 to run task
[2026-05-08T13:02:22.222+0000] {standard_task_runner.py:87} INFO - Running: ['airflow', 'tasks', 'run', 'fetch_market_data', 'check_market_open', 'scheduled__2026-05-08T11:00:00+00:00', '--job-id', '1666', '--raw', '--subdir', 'DAGS_FOLDER/fetch_market_data.py', '--cfg-path', '/tmp/tmp6d5s30ay']
[2026-05-08T13:02:22.224+0000] {standard_task_runner.py:88} INFO - Job 1666: Subtask check_market_open
[2026-05-08T13:02:22.293+0000] {task_command.py:423} INFO - Running <TaskInstance: fetch_market_data.check_market_open scheduled__2026-05-08T11:00:00+00:00 [running]> on host reddit-pipeline-vm
[2026-05-08T13:02:22.394+0000] {taskinstance.py:2480} INFO - Exporting env vars: AIRFLOW_CTX_DAG_OWNER='pipeline' AIRFLOW_CTX_DAG_ID='fetch_market_data' AIRFLOW_CTX_TASK_ID='check_market_open' AIRFLOW_CTX_EXECUTION_DATE='2026-05-08T11:00:00+00:00' AIRFLOW_CTX_TRY_NUMBER='1' AIRFLOW_CTX_DAG_RUN_ID='scheduled__2026-05-08T11:00:00+00:00'
[2026-05-08T13:02:22.410+0000] {sensors.py:45} INFO - Market open check at 2026-05-08 09:02 ET: False
[2026-05-08T13:02:22.410+0000] {taskinstance.py:2360} INFO - Sensor has timed out; run duration of 3604.589715 seconds exceeds the specified timeout of 3600.0.
[2026-05-08T13:02:22.425+0000] {taskinstance.py:1138} INFO - Marking task as SKIPPED. dag_id=fetch_market_data, task_id=check_market_open, execution_date=20260508T110000, start_date=20260508T130222, end_date=20260508T130222
[2026-05-08T13:02:22.475+0000] {local_task_job_runner.py:234} INFO - Task exited with return code 0
[2026-05-08T13:02:22.520+0000] {taskinstance.py:3280} INFO - 0 downstream tasks scheduled from follow-on schedule check
