[2026-05-01T06:46:10.778+0000] {taskinstance.py:1956} INFO - Dependencies all met for dep_context=non-requeueable deps ti=<TaskInstance: fetch_market_data.check_market_open scheduled__2026-05-01T06:30:00+00:00 [queued]>
[2026-05-01T06:46:10.784+0000] {taskinstance.py:1956} INFO - Dependencies all met for dep_context=requeueable deps ti=<TaskInstance: fetch_market_data.check_market_open scheduled__2026-05-01T06:30:00+00:00 [queued]>
[2026-05-01T06:46:10.784+0000] {taskinstance.py:2170} INFO - Starting attempt 1 of 3
[2026-05-01T06:46:10.794+0000] {taskinstance.py:2191} INFO - Executing <Task(MarketOpenSensor): check_market_open> on 2026-05-01 06:30:00+00:00
[2026-05-01T06:46:10.800+0000] {standard_task_runner.py:60} INFO - Started process 672001 to run task
[2026-05-01T06:46:10.804+0000] {standard_task_runner.py:87} INFO - Running: ['airflow', 'tasks', 'run', 'fetch_market_data', 'check_market_open', 'scheduled__2026-05-01T06:30:00+00:00', '--job-id', '830', '--raw', '--subdir', 'DAGS_FOLDER/fetch_market_data.py', '--cfg-path', '/tmp/tmpjbzhk6uj']
[2026-05-01T06:46:10.805+0000] {standard_task_runner.py:88} INFO - Job 830: Subtask check_market_open
[2026-05-01T06:46:10.881+0000] {task_command.py:423} INFO - Running <TaskInstance: fetch_market_data.check_market_open scheduled__2026-05-01T06:30:00+00:00 [running]> on host reddit-pipeline-vm
[2026-05-01T06:46:10.993+0000] {taskinstance.py:2480} INFO - Exporting env vars: AIRFLOW_CTX_DAG_OWNER='pipeline' AIRFLOW_CTX_DAG_ID='fetch_market_data' AIRFLOW_CTX_TASK_ID='check_market_open' AIRFLOW_CTX_EXECUTION_DATE='2026-05-01T06:30:00+00:00' AIRFLOW_CTX_TRY_NUMBER='1' AIRFLOW_CTX_DAG_RUN_ID='scheduled__2026-05-01T06:30:00+00:00'
[2026-05-01T06:46:11.011+0000] {sensors.py:45} INFO - Market open check at 2026-05-01 02:46 ET: False
[2026-05-01T06:46:11.037+0000] {taskinstance.py:2658} INFO - Rescheduling task, marking task as UP_FOR_RESCHEDULE
[2026-05-01T06:46:11.056+0000] {local_task_job_runner.py:234} INFO - Task exited with return code 0
[2026-05-01T06:46:11.096+0000] {taskinstance.py:3280} INFO - 0 downstream tasks scheduled from follow-on schedule check
[2026-05-01T06:47:12.365+0000] {taskinstance.py:1956} INFO - Dependencies all met for dep_context=non-requeueable deps ti=<TaskInstance: fetch_market_data.check_market_open scheduled__2026-05-01T06:30:00+00:00 [queued]>
[2026-05-01T06:47:12.373+0000] {taskinstance.py:1956} INFO - Dependencies all met for dep_context=requeueable deps ti=<TaskInstance: fetch_market_data.check_market_open scheduled__2026-05-01T06:30:00+00:00 [queued]>
[2026-05-01T06:47:12.373+0000] {taskinstance.py:2170} INFO - Starting attempt 1 of 3
[2026-05-01T06:47:12.383+0000] {taskinstance.py:2191} INFO - Executing <Task(MarketOpenSensor): check_market_open> on 2026-05-01 06:30:00+00:00
[2026-05-01T06:47:12.389+0000] {standard_task_runner.py:60} INFO - Started process 672069 to run task
[2026-05-01T06:47:12.392+0000] {standard_task_runner.py:87} INFO - Running: ['airflow', 'tasks', 'run', 'fetch_market_data', 'check_market_open', 'scheduled__2026-05-01T06:30:00+00:00', '--job-id', '831', '--raw', '--subdir', 'DAGS_FOLDER/fetch_market_data.py', '--cfg-path', '/tmp/tmp1la7hizv']
[2026-05-01T06:47:12.394+0000] {standard_task_runner.py:88} INFO - Job 831: Subtask check_market_open
[2026-05-01T06:47:12.468+0000] {task_command.py:423} INFO - Running <TaskInstance: fetch_market_data.check_market_open scheduled__2026-05-01T06:30:00+00:00 [running]> on host reddit-pipeline-vm
[2026-05-01T06:47:12.575+0000] {taskinstance.py:2480} INFO - Exporting env vars: AIRFLOW_CTX_DAG_OWNER='pipeline' AIRFLOW_CTX_DAG_ID='fetch_market_data' AIRFLOW_CTX_TASK_ID='check_market_open' AIRFLOW_CTX_EXECUTION_DATE='2026-05-01T06:30:00+00:00' AIRFLOW_CTX_TRY_NUMBER='1' AIRFLOW_CTX_DAG_RUN_ID='scheduled__2026-05-01T06:30:00+00:00'
[2026-05-01T06:47:12.593+0000] {sensors.py:45} INFO - Market open check at 2026-05-01 02:47 ET: False
[2026-05-01T06:47:12.619+0000] {taskinstance.py:2658} INFO - Rescheduling task, marking task as UP_FOR_RESCHEDULE
[2026-05-01T06:47:12.645+0000] {local_task_job_runner.py:234} INFO - Task exited with return code 0
[2026-05-01T06:47:12.685+0000] {taskinstance.py:3280} INFO - 0 downstream tasks scheduled from follow-on schedule check
[2026-05-01T06:48:13.920+0000] {taskinstance.py:1956} INFO - Dependencies all met for dep_context=non-requeueable deps ti=<TaskInstance: fetch_market_data.check_market_open scheduled__2026-05-01T06:30:00+00:00 [queued]>
[2026-05-01T06:48:13.928+0000] {taskinstance.py:1956} INFO - Dependencies all met for dep_context=requeueable deps ti=<TaskInstance: fetch_market_data.check_market_open scheduled__2026-05-01T06:30:00+00:00 [queued]>
[2026-05-01T06:48:13.928+0000] {taskinstance.py:2170} INFO - Starting attempt 1 of 3
[2026-05-01T06:48:13.938+0000] {taskinstance.py:2191} INFO - Executing <Task(MarketOpenSensor): check_market_open> on 2026-05-01 06:30:00+00:00
[2026-05-01T06:48:13.944+0000] {standard_task_runner.py:60} INFO - Started process 672137 to run task
[2026-05-01T06:48:13.947+0000] {standard_task_runner.py:87} INFO - Running: ['airflow', 'tasks', 'run', 'fetch_market_data', 'check_market_open', 'scheduled__2026-05-01T06:30:00+00:00', '--job-id', '832', '--raw', '--subdir', 'DAGS_FOLDER/fetch_market_data.py', '--cfg-path', '/tmp/tmpggj1wcuc']
[2026-05-01T06:48:13.949+0000] {standard_task_runner.py:88} INFO - Job 832: Subtask check_market_open
[2026-05-01T06:48:14.026+0000] {task_command.py:423} INFO - Running <TaskInstance: fetch_market_data.check_market_open scheduled__2026-05-01T06:30:00+00:00 [running]> on host reddit-pipeline-vm
[2026-05-01T06:48:14.135+0000] {taskinstance.py:2480} INFO - Exporting env vars: AIRFLOW_CTX_DAG_OWNER='pipeline' AIRFLOW_CTX_DAG_ID='fetch_market_data' AIRFLOW_CTX_TASK_ID='check_market_open' AIRFLOW_CTX_EXECUTION_DATE='2026-05-01T06:30:00+00:00' AIRFLOW_CTX_TRY_NUMBER='1' AIRFLOW_CTX_DAG_RUN_ID='scheduled__2026-05-01T06:30:00+00:00'
[2026-05-01T06:48:14.153+0000] {sensors.py:45} INFO - Market open check at 2026-05-01 02:48 ET: False
[2026-05-01T06:48:14.179+0000] {taskinstance.py:2658} INFO - Rescheduling task, marking task as UP_FOR_RESCHEDULE
[2026-05-01T06:48:14.201+0000] {local_task_job_runner.py:234} INFO - Task exited with return code 0
[2026-05-01T06:48:14.242+0000] {taskinstance.py:3280} INFO - 0 downstream tasks scheduled from follow-on schedule check
[2026-05-01T06:49:15.464+0000] {taskinstance.py:1956} INFO - Dependencies all met for dep_context=non-requeueable deps ti=<TaskInstance: fetch_market_data.check_market_open scheduled__2026-05-01T06:30:00+00:00 [queued]>
[2026-05-01T06:49:15.471+0000] {taskinstance.py:1956} INFO - Dependencies all met for dep_context=requeueable deps ti=<TaskInstance: fetch_market_data.check_market_open scheduled__2026-05-01T06:30:00+00:00 [queued]>
[2026-05-01T06:49:15.471+0000] {taskinstance.py:2170} INFO - Starting attempt 1 of 3
[2026-05-01T06:49:15.481+0000] {taskinstance.py:2191} INFO - Executing <Task(MarketOpenSensor): check_market_open> on 2026-05-01 06:30:00+00:00
[2026-05-01T06:49:15.487+0000] {standard_task_runner.py:60} INFO - Started process 672205 to run task
[2026-05-01T06:49:15.491+0000] {standard_task_runner.py:87} INFO - Running: ['airflow', 'tasks', 'run', 'fetch_market_data', 'check_market_open', 'scheduled__2026-05-01T06:30:00+00:00', '--job-id', '833', '--raw', '--subdir', 'DAGS_FOLDER/fetch_market_data.py', '--cfg-path', '/tmp/tmpd3cjtrhv']
[2026-05-01T06:49:15.492+0000] {standard_task_runner.py:88} INFO - Job 833: Subtask check_market_open
[2026-05-01T06:49:15.568+0000] {task_command.py:423} INFO - Running <TaskInstance: fetch_market_data.check_market_open scheduled__2026-05-01T06:30:00+00:00 [running]> on host reddit-pipeline-vm
[2026-05-01T06:49:15.676+0000] {taskinstance.py:2480} INFO - Exporting env vars: AIRFLOW_CTX_DAG_OWNER='pipeline' AIRFLOW_CTX_DAG_ID='fetch_market_data' AIRFLOW_CTX_TASK_ID='check_market_open' AIRFLOW_CTX_EXECUTION_DATE='2026-05-01T06:30:00+00:00' AIRFLOW_CTX_TRY_NUMBER='1' AIRFLOW_CTX_DAG_RUN_ID='scheduled__2026-05-01T06:30:00+00:00'
[2026-05-01T06:49:15.694+0000] {sensors.py:45} INFO - Market open check at 2026-05-01 02:49 ET: False
[2026-05-01T06:49:15.719+0000] {taskinstance.py:2658} INFO - Rescheduling task, marking task as UP_FOR_RESCHEDULE
[2026-05-01T06:49:15.743+0000] {local_task_job_runner.py:234} INFO - Task exited with return code 0
[2026-05-01T06:49:15.783+0000] {taskinstance.py:3280} INFO - 0 downstream tasks scheduled from follow-on schedule check
[2026-05-01T06:50:17.066+0000] {taskinstance.py:1956} INFO - Dependencies all met for dep_context=non-requeueable deps ti=<TaskInstance: fetch_market_data.check_market_open scheduled__2026-05-01T06:30:00+00:00 [queued]>
[2026-05-01T06:50:17.074+0000] {taskinstance.py:1956} INFO - Dependencies all met for dep_context=requeueable deps ti=<TaskInstance: fetch_market_data.check_market_open scheduled__2026-05-01T06:30:00+00:00 [queued]>
[2026-05-01T06:50:17.074+0000] {taskinstance.py:2170} INFO - Starting attempt 1 of 3
[2026-05-01T06:50:17.084+0000] {taskinstance.py:2191} INFO - Executing <Task(MarketOpenSensor): check_market_open> on 2026-05-01 06:30:00+00:00
[2026-05-01T06:50:17.090+0000] {standard_task_runner.py:60} INFO - Started process 672278 to run task
[2026-05-01T06:50:17.093+0000] {standard_task_runner.py:87} INFO - Running: ['airflow', 'tasks', 'run', 'fetch_market_data', 'check_market_open', 'scheduled__2026-05-01T06:30:00+00:00', '--job-id', '834', '--raw', '--subdir', 'DAGS_FOLDER/fetch_market_data.py', '--cfg-path', '/tmp/tmp324tioah']
[2026-05-01T06:50:17.095+0000] {standard_task_runner.py:88} INFO - Job 834: Subtask check_market_open
[2026-05-01T06:50:17.171+0000] {task_command.py:423} INFO - Running <TaskInstance: fetch_market_data.check_market_open scheduled__2026-05-01T06:30:00+00:00 [running]> on host reddit-pipeline-vm
[2026-05-01T06:50:17.282+0000] {taskinstance.py:2480} INFO - Exporting env vars: AIRFLOW_CTX_DAG_OWNER='pipeline' AIRFLOW_CTX_DAG_ID='fetch_market_data' AIRFLOW_CTX_TASK_ID='check_market_open' AIRFLOW_CTX_EXECUTION_DATE='2026-05-01T06:30:00+00:00' AIRFLOW_CTX_TRY_NUMBER='1' AIRFLOW_CTX_DAG_RUN_ID='scheduled__2026-05-01T06:30:00+00:00'
[2026-05-01T06:50:17.301+0000] {sensors.py:45} INFO - Market open check at 2026-05-01 02:50 ET: False
[2026-05-01T06:50:17.327+0000] {taskinstance.py:2658} INFO - Rescheduling task, marking task as UP_FOR_RESCHEDULE
[2026-05-01T06:50:17.347+0000] {local_task_job_runner.py:234} INFO - Task exited with return code 0
[2026-05-01T06:50:17.388+0000] {taskinstance.py:3280} INFO - 0 downstream tasks scheduled from follow-on schedule check
[2026-05-01T06:51:18.502+0000] {taskinstance.py:1956} INFO - Dependencies all met for dep_context=non-requeueable deps ti=<TaskInstance: fetch_market_data.check_market_open scheduled__2026-05-01T06:30:00+00:00 [queued]>
[2026-05-01T06:51:18.510+0000] {taskinstance.py:1956} INFO - Dependencies all met for dep_context=requeueable deps ti=<TaskInstance: fetch_market_data.check_market_open scheduled__2026-05-01T06:30:00+00:00 [queued]>
[2026-05-01T06:51:18.510+0000] {taskinstance.py:2170} INFO - Starting attempt 1 of 3
[2026-05-01T06:51:18.520+0000] {taskinstance.py:2191} INFO - Executing <Task(MarketOpenSensor): check_market_open> on 2026-05-01 06:30:00+00:00
[2026-05-01T06:51:18.528+0000] {standard_task_runner.py:60} INFO - Started process 672360 to run task
[2026-05-01T06:51:18.531+0000] {standard_task_runner.py:87} INFO - Running: ['airflow', 'tasks', 'run', 'fetch_market_data', 'check_market_open', 'scheduled__2026-05-01T06:30:00+00:00', '--job-id', '835', '--raw', '--subdir', 'DAGS_FOLDER/fetch_market_data.py', '--cfg-path', '/tmp/tmpq9makn3k']
[2026-05-01T06:51:18.534+0000] {standard_task_runner.py:88} INFO - Job 835: Subtask check_market_open
[2026-05-01T06:51:18.616+0000] {task_command.py:423} INFO - Running <TaskInstance: fetch_market_data.check_market_open scheduled__2026-05-01T06:30:00+00:00 [running]> on host reddit-pipeline-vm
[2026-05-01T06:51:18.737+0000] {taskinstance.py:2480} INFO - Exporting env vars: AIRFLOW_CTX_DAG_OWNER='pipeline' AIRFLOW_CTX_DAG_ID='fetch_market_data' AIRFLOW_CTX_TASK_ID='check_market_open' AIRFLOW_CTX_EXECUTION_DATE='2026-05-01T06:30:00+00:00' AIRFLOW_CTX_TRY_NUMBER='1' AIRFLOW_CTX_DAG_RUN_ID='scheduled__2026-05-01T06:30:00+00:00'
[2026-05-01T06:51:18.757+0000] {sensors.py:45} INFO - Market open check at 2026-05-01 02:51 ET: False
[2026-05-01T06:51:18.800+0000] {taskinstance.py:2658} INFO - Rescheduling task, marking task as UP_FOR_RESCHEDULE
[2026-05-01T06:51:18.832+0000] {local_task_job_runner.py:234} INFO - Task exited with return code 0
[2026-05-01T06:51:18.924+0000] {taskinstance.py:3280} INFO - 0 downstream tasks scheduled from follow-on schedule check
[2026-05-01T06:52:20.110+0000] {taskinstance.py:1956} INFO - Dependencies all met for dep_context=non-requeueable deps ti=<TaskInstance: fetch_market_data.check_market_open scheduled__2026-05-01T06:30:00+00:00 [queued]>
[2026-05-01T06:52:20.133+0000] {taskinstance.py:1956} INFO - Dependencies all met for dep_context=requeueable deps ti=<TaskInstance: fetch_market_data.check_market_open scheduled__2026-05-01T06:30:00+00:00 [queued]>
[2026-05-01T06:52:20.133+0000] {taskinstance.py:2170} INFO - Starting attempt 1 of 3
[2026-05-01T06:52:20.158+0000] {taskinstance.py:2191} INFO - Executing <Task(MarketOpenSensor): check_market_open> on 2026-05-01 06:30:00+00:00
[2026-05-01T06:52:20.179+0000] {standard_task_runner.py:60} INFO - Started process 672438 to run task
[2026-05-01T06:52:20.185+0000] {standard_task_runner.py:87} INFO - Running: ['airflow', 'tasks', 'run', 'fetch_market_data', 'check_market_open', 'scheduled__2026-05-01T06:30:00+00:00', '--job-id', '836', '--raw', '--subdir', 'DAGS_FOLDER/fetch_market_data.py', '--cfg-path', '/tmp/tmpsjgv5emg']
[2026-05-01T06:52:20.189+0000] {standard_task_runner.py:88} INFO - Job 836: Subtask check_market_open
[2026-05-01T06:52:20.332+0000] {task_command.py:423} INFO - Running <TaskInstance: fetch_market_data.check_market_open scheduled__2026-05-01T06:30:00+00:00 [running]> on host reddit-pipeline-vm
[2026-05-01T06:52:20.530+0000] {taskinstance.py:2480} INFO - Exporting env vars: AIRFLOW_CTX_DAG_OWNER='pipeline' AIRFLOW_CTX_DAG_ID='fetch_market_data' AIRFLOW_CTX_TASK_ID='check_market_open' AIRFLOW_CTX_EXECUTION_DATE='2026-05-01T06:30:00+00:00' AIRFLOW_CTX_TRY_NUMBER='1' AIRFLOW_CTX_DAG_RUN_ID='scheduled__2026-05-01T06:30:00+00:00'
[2026-05-01T06:52:20.551+0000] {sensors.py:45} INFO - Market open check at 2026-05-01 02:52 ET: False
[2026-05-01T06:52:20.586+0000] {taskinstance.py:2658} INFO - Rescheduling task, marking task as UP_FOR_RESCHEDULE
[2026-05-01T06:52:20.643+0000] {local_task_job_runner.py:234} INFO - Task exited with return code 0
[2026-05-01T06:52:20.685+0000] {taskinstance.py:3280} INFO - 0 downstream tasks scheduled from follow-on schedule check
[2026-05-01T06:53:21.758+0000] {taskinstance.py:1956} INFO - Dependencies all met for dep_context=non-requeueable deps ti=<TaskInstance: fetch_market_data.check_market_open scheduled__2026-05-01T06:30:00+00:00 [queued]>
[2026-05-01T06:53:21.771+0000] {taskinstance.py:1956} INFO - Dependencies all met for dep_context=requeueable deps ti=<TaskInstance: fetch_market_data.check_market_open scheduled__2026-05-01T06:30:00+00:00 [queued]>
[2026-05-01T06:53:21.771+0000] {taskinstance.py:2170} INFO - Starting attempt 1 of 3
[2026-05-01T06:53:21.793+0000] {taskinstance.py:2191} INFO - Executing <Task(MarketOpenSensor): check_market_open> on 2026-05-01 06:30:00+00:00
[2026-05-01T06:53:21.808+0000] {standard_task_runner.py:60} INFO - Started process 672502 to run task
[2026-05-01T06:53:21.812+0000] {standard_task_runner.py:87} INFO - Running: ['airflow', 'tasks', 'run', 'fetch_market_data', 'check_market_open', 'scheduled__2026-05-01T06:30:00+00:00', '--job-id', '837', '--raw', '--subdir', 'DAGS_FOLDER/fetch_market_data.py', '--cfg-path', '/tmp/tmpxg8_trky']
[2026-05-01T06:53:21.816+0000] {standard_task_runner.py:88} INFO - Job 837: Subtask check_market_open
[2026-05-01T06:53:21.963+0000] {task_command.py:423} INFO - Running <TaskInstance: fetch_market_data.check_market_open scheduled__2026-05-01T06:30:00+00:00 [running]> on host reddit-pipeline-vm
[2026-05-01T06:53:22.137+0000] {taskinstance.py:2480} INFO - Exporting env vars: AIRFLOW_CTX_DAG_OWNER='pipeline' AIRFLOW_CTX_DAG_ID='fetch_market_data' AIRFLOW_CTX_TASK_ID='check_market_open' AIRFLOW_CTX_EXECUTION_DATE='2026-05-01T06:30:00+00:00' AIRFLOW_CTX_TRY_NUMBER='1' AIRFLOW_CTX_DAG_RUN_ID='scheduled__2026-05-01T06:30:00+00:00'
[2026-05-01T06:53:22.158+0000] {sensors.py:45} INFO - Market open check at 2026-05-01 02:53 ET: False
[2026-05-01T06:53:22.185+0000] {taskinstance.py:2658} INFO - Rescheduling task, marking task as UP_FOR_RESCHEDULE
[2026-05-01T06:53:22.230+0000] {local_task_job_runner.py:234} INFO - Task exited with return code 0
[2026-05-01T06:53:22.271+0000] {taskinstance.py:3280} INFO - 0 downstream tasks scheduled from follow-on schedule check
[2026-05-01T06:54:23.392+0000] {taskinstance.py:1956} INFO - Dependencies all met for dep_context=non-requeueable deps ti=<TaskInstance: fetch_market_data.check_market_open scheduled__2026-05-01T06:30:00+00:00 [queued]>
[2026-05-01T06:54:23.408+0000] {taskinstance.py:1956} INFO - Dependencies all met for dep_context=requeueable deps ti=<TaskInstance: fetch_market_data.check_market_open scheduled__2026-05-01T06:30:00+00:00 [queued]>
[2026-05-01T06:54:23.408+0000] {taskinstance.py:2170} INFO - Starting attempt 1 of 3
[2026-05-01T06:54:23.428+0000] {taskinstance.py:2191} INFO - Executing <Task(MarketOpenSensor): check_market_open> on 2026-05-01 06:30:00+00:00
[2026-05-01T06:54:23.442+0000] {standard_task_runner.py:60} INFO - Started process 672570 to run task
[2026-05-01T06:54:23.448+0000] {standard_task_runner.py:87} INFO - Running: ['airflow', 'tasks', 'run', 'fetch_market_data', 'check_market_open', 'scheduled__2026-05-01T06:30:00+00:00', '--job-id', '838', '--raw', '--subdir', 'DAGS_FOLDER/fetch_market_data.py', '--cfg-path', '/tmp/tmpiylbzfy0']
[2026-05-01T06:54:23.452+0000] {standard_task_runner.py:88} INFO - Job 838: Subtask check_market_open
[2026-05-01T06:54:23.569+0000] {task_command.py:423} INFO - Running <TaskInstance: fetch_market_data.check_market_open scheduled__2026-05-01T06:30:00+00:00 [running]> on host reddit-pipeline-vm
[2026-05-01T06:54:23.688+0000] {taskinstance.py:2480} INFO - Exporting env vars: AIRFLOW_CTX_DAG_OWNER='pipeline' AIRFLOW_CTX_DAG_ID='fetch_market_data' AIRFLOW_CTX_TASK_ID='check_market_open' AIRFLOW_CTX_EXECUTION_DATE='2026-05-01T06:30:00+00:00' AIRFLOW_CTX_TRY_NUMBER='1' AIRFLOW_CTX_DAG_RUN_ID='scheduled__2026-05-01T06:30:00+00:00'
[2026-05-01T06:54:23.705+0000] {sensors.py:45} INFO - Market open check at 2026-05-01 02:54 ET: False
[2026-05-01T06:54:23.731+0000] {taskinstance.py:2658} INFO - Rescheduling task, marking task as UP_FOR_RESCHEDULE
[2026-05-01T06:54:23.742+0000] {local_task_job_runner.py:234} INFO - Task exited with return code 0
[2026-05-01T06:54:23.782+0000] {taskinstance.py:3280} INFO - 0 downstream tasks scheduled from follow-on schedule check
[2026-05-01T06:55:24.733+0000] {taskinstance.py:1956} INFO - Dependencies all met for dep_context=non-requeueable deps ti=<TaskInstance: fetch_market_data.check_market_open scheduled__2026-05-01T06:30:00+00:00 [queued]>
[2026-05-01T06:55:24.748+0000] {taskinstance.py:1956} INFO - Dependencies all met for dep_context=requeueable deps ti=<TaskInstance: fetch_market_data.check_market_open scheduled__2026-05-01T06:30:00+00:00 [queued]>
[2026-05-01T06:55:24.750+0000] {taskinstance.py:2170} INFO - Starting attempt 1 of 3
[2026-05-01T06:55:24.768+0000] {taskinstance.py:2191} INFO - Executing <Task(MarketOpenSensor): check_market_open> on 2026-05-01 06:30:00+00:00
[2026-05-01T06:55:24.783+0000] {standard_task_runner.py:60} INFO - Started process 672636 to run task
[2026-05-01T06:55:24.790+0000] {standard_task_runner.py:87} INFO - Running: ['airflow', 'tasks', 'run', 'fetch_market_data', 'check_market_open', 'scheduled__2026-05-01T06:30:00+00:00', '--job-id', '839', '--raw', '--subdir', 'DAGS_FOLDER/fetch_market_data.py', '--cfg-path', '/tmp/tmpe70wh9vt']
[2026-05-01T06:55:24.794+0000] {standard_task_runner.py:88} INFO - Job 839: Subtask check_market_open
[2026-05-01T06:55:24.938+0000] {task_command.py:423} INFO - Running <TaskInstance: fetch_market_data.check_market_open scheduled__2026-05-01T06:30:00+00:00 [running]> on host reddit-pipeline-vm
[2026-05-01T06:55:25.082+0000] {taskinstance.py:2480} INFO - Exporting env vars: AIRFLOW_CTX_DAG_OWNER='pipeline' AIRFLOW_CTX_DAG_ID='fetch_market_data' AIRFLOW_CTX_TASK_ID='check_market_open' AIRFLOW_CTX_EXECUTION_DATE='2026-05-01T06:30:00+00:00' AIRFLOW_CTX_TRY_NUMBER='1' AIRFLOW_CTX_DAG_RUN_ID='scheduled__2026-05-01T06:30:00+00:00'
[2026-05-01T06:55:25.104+0000] {sensors.py:45} INFO - Market open check at 2026-05-01 02:55 ET: False
[2026-05-01T06:55:25.131+0000] {taskinstance.py:2658} INFO - Rescheduling task, marking task as UP_FOR_RESCHEDULE
[2026-05-01T06:55:25.165+0000] {local_task_job_runner.py:234} INFO - Task exited with return code 0
[2026-05-01T06:55:25.204+0000] {taskinstance.py:3280} INFO - 0 downstream tasks scheduled from follow-on schedule check
[2026-05-01T06:56:26.294+0000] {taskinstance.py:1956} INFO - Dependencies all met for dep_context=non-requeueable deps ti=<TaskInstance: fetch_market_data.check_market_open scheduled__2026-05-01T06:30:00+00:00 [queued]>
[2026-05-01T06:56:26.308+0000] {taskinstance.py:1956} INFO - Dependencies all met for dep_context=requeueable deps ti=<TaskInstance: fetch_market_data.check_market_open scheduled__2026-05-01T06:30:00+00:00 [queued]>
[2026-05-01T06:56:26.310+0000] {taskinstance.py:2170} INFO - Starting attempt 1 of 3
[2026-05-01T06:56:26.329+0000] {taskinstance.py:2191} INFO - Executing <Task(MarketOpenSensor): check_market_open> on 2026-05-01 06:30:00+00:00
[2026-05-01T06:56:26.343+0000] {standard_task_runner.py:60} INFO - Started process 672706 to run task
[2026-05-01T06:56:26.351+0000] {standard_task_runner.py:87} INFO - Running: ['airflow', 'tasks', 'run', 'fetch_market_data', 'check_market_open', 'scheduled__2026-05-01T06:30:00+00:00', '--job-id', '840', '--raw', '--subdir', 'DAGS_FOLDER/fetch_market_data.py', '--cfg-path', '/tmp/tmpo4xfxxsk']
[2026-05-01T06:56:26.355+0000] {standard_task_runner.py:88} INFO - Job 840: Subtask check_market_open
[2026-05-01T06:56:26.467+0000] {task_command.py:423} INFO - Running <TaskInstance: fetch_market_data.check_market_open scheduled__2026-05-01T06:30:00+00:00 [running]> on host reddit-pipeline-vm
[2026-05-01T06:56:26.586+0000] {taskinstance.py:2480} INFO - Exporting env vars: AIRFLOW_CTX_DAG_OWNER='pipeline' AIRFLOW_CTX_DAG_ID='fetch_market_data' AIRFLOW_CTX_TASK_ID='check_market_open' AIRFLOW_CTX_EXECUTION_DATE='2026-05-01T06:30:00+00:00' AIRFLOW_CTX_TRY_NUMBER='1' AIRFLOW_CTX_DAG_RUN_ID='scheduled__2026-05-01T06:30:00+00:00'
[2026-05-01T06:56:26.605+0000] {sensors.py:45} INFO - Market open check at 2026-05-01 02:56 ET: False
[2026-05-01T06:56:26.631+0000] {taskinstance.py:2658} INFO - Rescheduling task, marking task as UP_FOR_RESCHEDULE
[2026-05-01T06:56:26.642+0000] {local_task_job_runner.py:234} INFO - Task exited with return code 0
[2026-05-01T06:56:26.682+0000] {taskinstance.py:3280} INFO - 0 downstream tasks scheduled from follow-on schedule check
[2026-05-01T06:57:28.109+0000] {taskinstance.py:1956} INFO - Dependencies all met for dep_context=non-requeueable deps ti=<TaskInstance: fetch_market_data.check_market_open scheduled__2026-05-01T06:30:00+00:00 [queued]>
[2026-05-01T06:57:28.117+0000] {taskinstance.py:1956} INFO - Dependencies all met for dep_context=requeueable deps ti=<TaskInstance: fetch_market_data.check_market_open scheduled__2026-05-01T06:30:00+00:00 [queued]>
[2026-05-01T06:57:28.118+0000] {taskinstance.py:2170} INFO - Starting attempt 1 of 3
[2026-05-01T06:57:28.128+0000] {taskinstance.py:2191} INFO - Executing <Task(MarketOpenSensor): check_market_open> on 2026-05-01 06:30:00+00:00
[2026-05-01T06:57:28.136+0000] {standard_task_runner.py:60} INFO - Started process 672778 to run task
[2026-05-01T06:57:28.139+0000] {standard_task_runner.py:87} INFO - Running: ['airflow', 'tasks', 'run', 'fetch_market_data', 'check_market_open', 'scheduled__2026-05-01T06:30:00+00:00', '--job-id', '841', '--raw', '--subdir', 'DAGS_FOLDER/fetch_market_data.py', '--cfg-path', '/tmp/tmp6mm7047j']
[2026-05-01T06:57:28.141+0000] {standard_task_runner.py:88} INFO - Job 841: Subtask check_market_open
[2026-05-01T06:57:28.217+0000] {task_command.py:423} INFO - Running <TaskInstance: fetch_market_data.check_market_open scheduled__2026-05-01T06:30:00+00:00 [running]> on host reddit-pipeline-vm
[2026-05-01T06:57:28.324+0000] {taskinstance.py:2480} INFO - Exporting env vars: AIRFLOW_CTX_DAG_OWNER='pipeline' AIRFLOW_CTX_DAG_ID='fetch_market_data' AIRFLOW_CTX_TASK_ID='check_market_open' AIRFLOW_CTX_EXECUTION_DATE='2026-05-01T06:30:00+00:00' AIRFLOW_CTX_TRY_NUMBER='1' AIRFLOW_CTX_DAG_RUN_ID='scheduled__2026-05-01T06:30:00+00:00'
[2026-05-01T06:57:28.343+0000] {sensors.py:45} INFO - Market open check at 2026-05-01 02:57 ET: False
[2026-05-01T06:57:28.369+0000] {taskinstance.py:2658} INFO - Rescheduling task, marking task as UP_FOR_RESCHEDULE
[2026-05-01T06:57:28.392+0000] {local_task_job_runner.py:234} INFO - Task exited with return code 0
[2026-05-01T06:57:28.432+0000] {taskinstance.py:3280} INFO - 0 downstream tasks scheduled from follow-on schedule check
[2026-05-01T06:58:29.398+0000] {taskinstance.py:1956} INFO - Dependencies all met for dep_context=non-requeueable deps ti=<TaskInstance: fetch_market_data.check_market_open scheduled__2026-05-01T06:30:00+00:00 [queued]>
[2026-05-01T06:58:29.406+0000] {taskinstance.py:1956} INFO - Dependencies all met for dep_context=requeueable deps ti=<TaskInstance: fetch_market_data.check_market_open scheduled__2026-05-01T06:30:00+00:00 [queued]>
[2026-05-01T06:58:29.406+0000] {taskinstance.py:2170} INFO - Starting attempt 1 of 3
[2026-05-01T06:58:29.416+0000] {taskinstance.py:2191} INFO - Executing <Task(MarketOpenSensor): check_market_open> on 2026-05-01 06:30:00+00:00
[2026-05-01T06:58:29.425+0000] {standard_task_runner.py:60} INFO - Started process 672844 to run task
[2026-05-01T06:58:29.431+0000] {standard_task_runner.py:87} INFO - Running: ['airflow', 'tasks', 'run', 'fetch_market_data', 'check_market_open', 'scheduled__2026-05-01T06:30:00+00:00', '--job-id', '842', '--raw', '--subdir', 'DAGS_FOLDER/fetch_market_data.py', '--cfg-path', '/tmp/tmpieivjfxf']
[2026-05-01T06:58:29.434+0000] {standard_task_runner.py:88} INFO - Job 842: Subtask check_market_open
[2026-05-01T06:58:29.539+0000] {task_command.py:423} INFO - Running <TaskInstance: fetch_market_data.check_market_open scheduled__2026-05-01T06:30:00+00:00 [running]> on host reddit-pipeline-vm
[2026-05-01T06:58:29.695+0000] {taskinstance.py:2480} INFO - Exporting env vars: AIRFLOW_CTX_DAG_OWNER='pipeline' AIRFLOW_CTX_DAG_ID='fetch_market_data' AIRFLOW_CTX_TASK_ID='check_market_open' AIRFLOW_CTX_EXECUTION_DATE='2026-05-01T06:30:00+00:00' AIRFLOW_CTX_TRY_NUMBER='1' AIRFLOW_CTX_DAG_RUN_ID='scheduled__2026-05-01T06:30:00+00:00'
[2026-05-01T06:58:29.714+0000] {sensors.py:45} INFO - Market open check at 2026-05-01 02:58 ET: False
[2026-05-01T06:58:29.748+0000] {taskinstance.py:2658} INFO - Rescheduling task, marking task as UP_FOR_RESCHEDULE
[2026-05-01T06:58:29.768+0000] {local_task_job_runner.py:234} INFO - Task exited with return code 0
[2026-05-01T06:58:29.846+0000] {taskinstance.py:3280} INFO - 0 downstream tasks scheduled from follow-on schedule check
[2026-05-01T06:59:30.578+0000] {taskinstance.py:1956} INFO - Dependencies all met for dep_context=non-requeueable deps ti=<TaskInstance: fetch_market_data.check_market_open scheduled__2026-05-01T06:30:00+00:00 [queued]>
[2026-05-01T06:59:30.586+0000] {taskinstance.py:1956} INFO - Dependencies all met for dep_context=requeueable deps ti=<TaskInstance: fetch_market_data.check_market_open scheduled__2026-05-01T06:30:00+00:00 [queued]>
[2026-05-01T06:59:30.586+0000] {taskinstance.py:2170} INFO - Starting attempt 1 of 3
[2026-05-01T06:59:30.596+0000] {taskinstance.py:2191} INFO - Executing <Task(MarketOpenSensor): check_market_open> on 2026-05-01 06:30:00+00:00
[2026-05-01T06:59:30.603+0000] {standard_task_runner.py:60} INFO - Started process 672909 to run task
[2026-05-01T06:59:30.606+0000] {standard_task_runner.py:87} INFO - Running: ['airflow', 'tasks', 'run', 'fetch_market_data', 'check_market_open', 'scheduled__2026-05-01T06:30:00+00:00', '--job-id', '843', '--raw', '--subdir', 'DAGS_FOLDER/fetch_market_data.py', '--cfg-path', '/tmp/tmpxik28aq5']
[2026-05-01T06:59:30.608+0000] {standard_task_runner.py:88} INFO - Job 843: Subtask check_market_open
[2026-05-01T06:59:30.683+0000] {task_command.py:423} INFO - Running <TaskInstance: fetch_market_data.check_market_open scheduled__2026-05-01T06:30:00+00:00 [running]> on host reddit-pipeline-vm
[2026-05-01T06:59:30.802+0000] {taskinstance.py:2480} INFO - Exporting env vars: AIRFLOW_CTX_DAG_OWNER='pipeline' AIRFLOW_CTX_DAG_ID='fetch_market_data' AIRFLOW_CTX_TASK_ID='check_market_open' AIRFLOW_CTX_EXECUTION_DATE='2026-05-01T06:30:00+00:00' AIRFLOW_CTX_TRY_NUMBER='1' AIRFLOW_CTX_DAG_RUN_ID='scheduled__2026-05-01T06:30:00+00:00'
[2026-05-01T06:59:30.843+0000] {sensors.py:45} INFO - Market open check at 2026-05-01 02:59 ET: False
[2026-05-01T06:59:30.882+0000] {taskinstance.py:2658} INFO - Rescheduling task, marking task as UP_FOR_RESCHEDULE
[2026-05-01T06:59:30.941+0000] {local_task_job_runner.py:234} INFO - Task exited with return code 0
[2026-05-01T06:59:31.022+0000] {taskinstance.py:3280} INFO - 0 downstream tasks scheduled from follow-on schedule check
[2026-05-01T07:00:31.888+0000] {taskinstance.py:1956} INFO - Dependencies all met for dep_context=non-requeueable deps ti=<TaskInstance: fetch_market_data.check_market_open scheduled__2026-05-01T06:30:00+00:00 [queued]>
[2026-05-01T07:00:31.895+0000] {taskinstance.py:1956} INFO - Dependencies all met for dep_context=requeueable deps ti=<TaskInstance: fetch_market_data.check_market_open scheduled__2026-05-01T06:30:00+00:00 [queued]>
[2026-05-01T07:00:31.896+0000] {taskinstance.py:2170} INFO - Starting attempt 1 of 3
[2026-05-01T07:00:31.905+0000] {taskinstance.py:2191} INFO - Executing <Task(MarketOpenSensor): check_market_open> on 2026-05-01 06:30:00+00:00
[2026-05-01T07:00:31.912+0000] {standard_task_runner.py:60} INFO - Started process 672978 to run task
[2026-05-01T07:00:31.916+0000] {standard_task_runner.py:87} INFO - Running: ['airflow', 'tasks', 'run', 'fetch_market_data', 'check_market_open', 'scheduled__2026-05-01T06:30:00+00:00', '--job-id', '844', '--raw', '--subdir', 'DAGS_FOLDER/fetch_market_data.py', '--cfg-path', '/tmp/tmpg7x3o09z']
[2026-05-01T07:00:31.918+0000] {standard_task_runner.py:88} INFO - Job 844: Subtask check_market_open
[2026-05-01T07:00:31.998+0000] {task_command.py:423} INFO - Running <TaskInstance: fetch_market_data.check_market_open scheduled__2026-05-01T06:30:00+00:00 [running]> on host reddit-pipeline-vm
[2026-05-01T07:00:32.111+0000] {taskinstance.py:2480} INFO - Exporting env vars: AIRFLOW_CTX_DAG_OWNER='pipeline' AIRFLOW_CTX_DAG_ID='fetch_market_data' AIRFLOW_CTX_TASK_ID='check_market_open' AIRFLOW_CTX_EXECUTION_DATE='2026-05-01T06:30:00+00:00' AIRFLOW_CTX_TRY_NUMBER='1' AIRFLOW_CTX_DAG_RUN_ID='scheduled__2026-05-01T06:30:00+00:00'
[2026-05-01T07:00:32.130+0000] {sensors.py:45} INFO - Market open check at 2026-05-01 03:00 ET: False
[2026-05-01T07:00:32.163+0000] {taskinstance.py:2658} INFO - Rescheduling task, marking task as UP_FOR_RESCHEDULE
[2026-05-01T07:00:32.215+0000] {local_task_job_runner.py:234} INFO - Task exited with return code 0
[2026-05-01T07:00:32.315+0000] {taskinstance.py:3280} INFO - 0 downstream tasks scheduled from follow-on schedule check
[2026-05-01T07:01:33.153+0000] {taskinstance.py:1956} INFO - Dependencies all met for dep_context=non-requeueable deps ti=<TaskInstance: fetch_market_data.check_market_open scheduled__2026-05-01T06:30:00+00:00 [queued]>
[2026-05-01T07:01:33.161+0000] {taskinstance.py:1956} INFO - Dependencies all met for dep_context=requeueable deps ti=<TaskInstance: fetch_market_data.check_market_open scheduled__2026-05-01T06:30:00+00:00 [queued]>
[2026-05-01T07:01:33.161+0000] {taskinstance.py:2170} INFO - Starting attempt 1 of 3
[2026-05-01T07:01:33.171+0000] {taskinstance.py:2191} INFO - Executing <Task(MarketOpenSensor): check_market_open> on 2026-05-01 06:30:00+00:00
[2026-05-01T07:01:33.177+0000] {standard_task_runner.py:60} INFO - Started process 673053 to run task
[2026-05-01T07:01:33.181+0000] {standard_task_runner.py:87} INFO - Running: ['airflow', 'tasks', 'run', 'fetch_market_data', 'check_market_open', 'scheduled__2026-05-01T06:30:00+00:00', '--job-id', '845', '--raw', '--subdir', 'DAGS_FOLDER/fetch_market_data.py', '--cfg-path', '/tmp/tmpxwtukxme']
[2026-05-01T07:01:33.183+0000] {standard_task_runner.py:88} INFO - Job 845: Subtask check_market_open
[2026-05-01T07:01:33.258+0000] {task_command.py:423} INFO - Running <TaskInstance: fetch_market_data.check_market_open scheduled__2026-05-01T06:30:00+00:00 [running]> on host reddit-pipeline-vm
[2026-05-01T07:01:33.370+0000] {taskinstance.py:2480} INFO - Exporting env vars: AIRFLOW_CTX_DAG_OWNER='pipeline' AIRFLOW_CTX_DAG_ID='fetch_market_data' AIRFLOW_CTX_TASK_ID='check_market_open' AIRFLOW_CTX_EXECUTION_DATE='2026-05-01T06:30:00+00:00' AIRFLOW_CTX_TRY_NUMBER='1' AIRFLOW_CTX_DAG_RUN_ID='scheduled__2026-05-01T06:30:00+00:00'
[2026-05-01T07:01:33.389+0000] {sensors.py:45} INFO - Market open check at 2026-05-01 03:01 ET: False
[2026-05-01T07:01:33.390+0000] {taskinstance.py:2698} ERROR - Task failed with exception
Traceback (most recent call last):
  File "/home/ubuntu/github_repo/Stock-Market-Intelligence-Pipeline/venv/lib/python3.11/site-packages/airflow/models/taskinstance.py", line 433, in _execute_task
    result = execute_callable(context=context, **execute_callable_kwargs)
             ^^^^^^^^^^^^^^^^^^^^^^^^^^^^^^^^^^^^^^^^^^^^^^^^^^^^^^^^^^^^
  File "/home/ubuntu/github_repo/Stock-Market-Intelligence-Pipeline/venv/lib/python3.11/site-packages/airflow/sensors/base.py", line 282, in execute
    raise AirflowSensorTimeout(message)
airflow.exceptions.AirflowSensorTimeout: Sensor has timed out; run duration of 922.4729 seconds exceeds the specified timeout of 900.0.
[2026-05-01T07:01:33.408+0000] {taskinstance.py:1138} INFO - Immediate failure requested. Marking task as FAILED. dag_id=fetch_market_data, task_id=check_market_open, execution_date=20260501T063000, start_date=20260501T070133, end_date=20260501T070133
[2026-05-01T07:01:33.418+0000] {standard_task_runner.py:107} ERROR - Failed to execute job 845 for task check_market_open (Sensor has timed out; run duration of 922.4729 seconds exceeds the specified timeout of 900.0.; 673053)
[2026-05-01T07:01:33.433+0000] {local_task_job_runner.py:234} INFO - Task exited with return code 1
[2026-05-01T07:01:33.484+0000] {taskinstance.py:3280} INFO - 0 downstream tasks scheduled from follow-on schedule check
