[2026-05-04T20:00:13.803+0000] {taskinstance.py:1956} INFO - Dependencies all met for dep_context=non-requeueable deps ti=<TaskInstance: run_dbt_models.dbt_run manual__2026-05-04T20:00:13.303126+00:00 [queued]>
[2026-05-04T20:00:13.810+0000] {taskinstance.py:1956} INFO - Dependencies all met for dep_context=requeueable deps ti=<TaskInstance: run_dbt_models.dbt_run manual__2026-05-04T20:00:13.303126+00:00 [queued]>
[2026-05-04T20:00:13.811+0000] {taskinstance.py:2170} INFO - Starting attempt 1 of 2
[2026-05-04T20:00:13.823+0000] {taskinstance.py:2191} INFO - Executing <Task(BashOperator): dbt_run> on 2026-05-04 20:00:13.303126+00:00
[2026-05-04T20:00:13.828+0000] {standard_task_runner.py:60} INFO - Started process 937708 to run task
[2026-05-04T20:00:13.831+0000] {standard_task_runner.py:87} INFO - Running: ['airflow', 'tasks', 'run', 'run_dbt_models', 'dbt_run', 'manual__2026-05-04T20:00:13.303126+00:00', '--job-id', '1202', '--raw', '--subdir', 'DAGS_FOLDER/run_dbt_models.py', '--cfg-path', '/tmp/tmpwvlgyo_b']
[2026-05-04T20:00:13.833+0000] {standard_task_runner.py:88} INFO - Job 1202: Subtask dbt_run
[2026-05-04T20:00:13.907+0000] {task_command.py:423} INFO - Running <TaskInstance: run_dbt_models.dbt_run manual__2026-05-04T20:00:13.303126+00:00 [running]> on host reddit-pipeline-vm
[2026-05-04T20:00:14.020+0000] {taskinstance.py:2480} INFO - Exporting env vars: AIRFLOW_CTX_DAG_OWNER='pipeline' AIRFLOW_CTX_DAG_ID='run_dbt_models' AIRFLOW_CTX_TASK_ID='dbt_run' AIRFLOW_CTX_EXECUTION_DATE='2026-05-04T20:00:13.303126+00:00' AIRFLOW_CTX_TRY_NUMBER='1' AIRFLOW_CTX_DAG_RUN_ID='manual__2026-05-04T20:00:13.303126+00:00'
[2026-05-04T20:00:14.021+0000] {subprocess.py:63} INFO - Tmp dir root location: /tmp
[2026-05-04T20:00:14.021+0000] {subprocess.py:75} INFO - Running command: ['/usr/bin/bash', '-c', 'cd /home/ubuntu/github_repo/Stock-Market-Intelligence-Pipeline/dbt_project && /home/ubuntu/github_repo/Stock-Market-Intelligence-Pipeline/venv/bin/dbt run --profiles-dir /home/ubuntu/github_repo/Stock-Market-Intelligence-Pipeline/dbt_project']
[2026-05-04T20:00:14.032+0000] {subprocess.py:86} INFO - Output:
[2026-05-04T20:00:15.825+0000] {subprocess.py:93} INFO - [0m20:00:15  Running with dbt=1.7.0
[2026-05-04T20:00:16.067+0000] {subprocess.py:93} INFO - [0m20:00:16  Registered adapter: postgres=1.7.0
[2026-05-04T20:00:16.115+0000] {subprocess.py:93} INFO - [0m20:00:16  Found 5 models, 8 tests, 0 sources, 0 exposures, 0 metrics, 401 macros, 0 groups, 0 semantic models
[2026-05-04T20:00:16.118+0000] {subprocess.py:93} INFO - [0m20:00:16
[2026-05-04T20:00:16.251+0000] {subprocess.py:93} INFO - [0m20:00:16  Concurrency: 2 threads (target='dev')
[2026-05-04T20:00:16.252+0000] {subprocess.py:93} INFO - [0m20:00:16
[2026-05-04T20:00:16.254+0000] {subprocess.py:93} INFO - [0m20:00:16  1 of 5 START sql view model public_staging.stg_prices .......................... [RUN]
[2026-05-04T20:00:16.365+0000] {subprocess.py:93} INFO - [0m20:00:16  1 of 5 OK created sql view model public_staging.stg_prices ..................... [[32mCREATE VIEW[0m in 0.11s]
[2026-05-04T20:00:16.368+0000] {subprocess.py:93} INFO - [0m20:00:16  2 of 5 START sql view model public_staging.int_price_with_returns .............. [RUN]
[2026-05-04T20:00:16.418+0000] {subprocess.py:93} INFO - [0m20:00:16  2 of 5 OK created sql view model public_staging.int_price_with_returns ......... [[32mCREATE VIEW[0m in 0.05s]
[2026-05-04T20:00:16.420+0000] {subprocess.py:93} INFO - [0m20:00:16  3 of 5 START sql table model public.fact_prices ................................ [RUN]
[2026-05-04T20:00:16.514+0000] {subprocess.py:93} INFO - [0m20:00:16  3 of 5 OK created sql table model public.fact_prices ........................... [[32mSELECT 3654[0m in 0.09s]
[2026-05-04T20:00:16.515+0000] {subprocess.py:93} INFO - [0m20:00:16  4 of 5 START sql table model public.fact_indicators ............................ [RUN]
[2026-05-04T20:00:16.720+0000] {subprocess.py:93} INFO - [0m20:00:16  4 of 5 OK created sql table model public.fact_indicators ....................... [[32mSELECT 3654[0m in 0.20s]
[2026-05-04T20:00:16.722+0000] {subprocess.py:93} INFO - [0m20:00:16  5 of 5 START sql table model public.fact_alerts ................................ [RUN]
[2026-05-04T20:00:16.802+0000] {subprocess.py:93} INFO - [0m20:00:16  5 of 5 OK created sql table model public.fact_alerts ........................... [[32mSELECT 2099[0m in 0.08s]
[2026-05-04T20:00:16.822+0000] {subprocess.py:93} INFO - [0m20:00:16
[2026-05-04T20:00:16.823+0000] {subprocess.py:93} INFO - [0m20:00:16  Finished running 2 view models, 3 table models in 0 hours 0 minutes and 0.70 seconds (0.70s).
[2026-05-04T20:00:16.835+0000] {subprocess.py:93} INFO - [0m20:00:16
[2026-05-04T20:00:16.836+0000] {subprocess.py:93} INFO - [0m20:00:16  [32mCompleted successfully[0m
[2026-05-04T20:00:16.837+0000] {subprocess.py:93} INFO - [0m20:00:16
[2026-05-04T20:00:16.837+0000] {subprocess.py:93} INFO - [0m20:00:16  Done. PASS=5 WARN=0 ERROR=0 SKIP=0 TOTAL=5
[2026-05-04T20:00:18.643+0000] {subprocess.py:97} INFO - Command exited with return code 0
[2026-05-04T20:00:18.690+0000] {taskinstance.py:1138} INFO - Marking task as SUCCESS. dag_id=run_dbt_models, task_id=dbt_run, execution_date=20260504T200013, start_date=20260504T200013, end_date=20260504T200018
[2026-05-04T20:00:18.736+0000] {local_task_job_runner.py:234} INFO - Task exited with return code 0
[2026-05-04T20:00:18.768+0000] {taskinstance.py:3280} INFO - 1 downstream tasks scheduled from follow-on schedule check
