[2026-05-07T06:01:13.524+0000] {taskinstance.py:1956} INFO - Dependencies all met for dep_context=non-requeueable deps ti=<TaskInstance: fetch_market_data.check_market_open scheduled__2026-05-07T05:00:00+00:00 [queued]>
[2026-05-07T06:01:13.534+0000] {taskinstance.py:1956} INFO - Dependencies all met for dep_context=requeueable deps ti=<TaskInstance: fetch_market_data.check_market_open scheduled__2026-05-07T05:00:00+00:00 [queued]>
[2026-05-07T06:01:13.534+0000] {taskinstance.py:2170} INFO - Starting attempt 1 of 3
[2026-05-07T06:01:13.549+0000] {taskinstance.py:2191} INFO - Executing <Task(MarketOpenSensor): check_market_open> on 2026-05-07 05:00:00+00:00
[2026-05-07T06:01:13.556+0000] {standard_task_runner.py:60} INFO - Started process 1092291 to run task
[2026-05-07T06:01:13.559+0000] {standard_task_runner.py:87} INFO - Running: ['airflow', 'tasks', 'run', 'fetch_market_data', 'check_market_open', 'scheduled__2026-05-07T05:00:00+00:00', '--job-id', '1468', '--raw', '--subdir', 'DAGS_FOLDER/fetch_market_data.py', '--cfg-path', '/tmp/tmpfrd86yq6']
[2026-05-07T06:01:13.561+0000] {standard_task_runner.py:88} INFO - Job 1468: Subtask check_market_open
[2026-05-07T06:01:13.634+0000] {task_command.py:423} INFO - Running <TaskInstance: fetch_market_data.check_market_open scheduled__2026-05-07T05:00:00+00:00 [running]> on host reddit-pipeline-vm
[2026-05-07T06:01:13.744+0000] {taskinstance.py:2480} INFO - Exporting env vars: AIRFLOW_CTX_DAG_OWNER='pipeline' AIRFLOW_CTX_DAG_ID='fetch_market_data' AIRFLOW_CTX_TASK_ID='check_market_open' AIRFLOW_CTX_EXECUTION_DATE='2026-05-07T05:00:00+00:00' AIRFLOW_CTX_TRY_NUMBER='1' AIRFLOW_CTX_DAG_RUN_ID='scheduled__2026-05-07T05:00:00+00:00'
[2026-05-07T06:01:13.762+0000] {sensors.py:45} INFO - Market open check at 2026-05-07 02:01 ET: False
[2026-05-07T06:01:13.787+0000] {taskinstance.py:2658} INFO - Rescheduling task, marking task as UP_FOR_RESCHEDULE
[2026-05-07T06:01:13.813+0000] {local_task_job_runner.py:234} INFO - Task exited with return code 0
[2026-05-07T06:01:13.850+0000] {taskinstance.py:3280} INFO - 0 downstream tasks scheduled from follow-on schedule check
[2026-05-07T06:16:14.662+0000] {taskinstance.py:1956} INFO - Dependencies all met for dep_context=non-requeueable deps ti=<TaskInstance: fetch_market_data.check_market_open scheduled__2026-05-07T05:00:00+00:00 [queued]>
[2026-05-07T06:16:14.672+0000] {taskinstance.py:1956} INFO - Dependencies all met for dep_context=requeueable deps ti=<TaskInstance: fetch_market_data.check_market_open scheduled__2026-05-07T05:00:00+00:00 [queued]>
[2026-05-07T06:16:14.673+0000] {taskinstance.py:2170} INFO - Starting attempt 1 of 3
[2026-05-07T06:16:14.688+0000] {taskinstance.py:2191} INFO - Executing <Task(MarketOpenSensor): check_market_open> on 2026-05-07 05:00:00+00:00
[2026-05-07T06:16:14.695+0000] {standard_task_runner.py:60} INFO - Started process 1093288 to run task
[2026-05-07T06:16:14.699+0000] {standard_task_runner.py:87} INFO - Running: ['airflow', 'tasks', 'run', 'fetch_market_data', 'check_market_open', 'scheduled__2026-05-07T05:00:00+00:00', '--job-id', '1469', '--raw', '--subdir', 'DAGS_FOLDER/fetch_market_data.py', '--cfg-path', '/tmp/tmprb34uhdf']
[2026-05-07T06:16:14.701+0000] {standard_task_runner.py:88} INFO - Job 1469: Subtask check_market_open
[2026-05-07T06:16:14.778+0000] {task_command.py:423} INFO - Running <TaskInstance: fetch_market_data.check_market_open scheduled__2026-05-07T05:00:00+00:00 [running]> on host reddit-pipeline-vm
[2026-05-07T06:16:14.890+0000] {taskinstance.py:2480} INFO - Exporting env vars: AIRFLOW_CTX_DAG_OWNER='pipeline' AIRFLOW_CTX_DAG_ID='fetch_market_data' AIRFLOW_CTX_TASK_ID='check_market_open' AIRFLOW_CTX_EXECUTION_DATE='2026-05-07T05:00:00+00:00' AIRFLOW_CTX_TRY_NUMBER='1' AIRFLOW_CTX_DAG_RUN_ID='scheduled__2026-05-07T05:00:00+00:00'
[2026-05-07T06:16:14.907+0000] {sensors.py:45} INFO - Market open check at 2026-05-07 02:16 ET: False
[2026-05-07T06:16:14.935+0000] {taskinstance.py:2658} INFO - Rescheduling task, marking task as UP_FOR_RESCHEDULE
[2026-05-07T06:16:14.954+0000] {local_task_job_runner.py:234} INFO - Task exited with return code 0
[2026-05-07T06:16:14.994+0000] {taskinstance.py:3280} INFO - 0 downstream tasks scheduled from follow-on schedule check
[2026-05-07T06:31:15.978+0000] {taskinstance.py:1956} INFO - Dependencies all met for dep_context=non-requeueable deps ti=<TaskInstance: fetch_market_data.check_market_open scheduled__2026-05-07T05:00:00+00:00 [queued]>
[2026-05-07T06:31:15.987+0000] {taskinstance.py:1956} INFO - Dependencies all met for dep_context=requeueable deps ti=<TaskInstance: fetch_market_data.check_market_open scheduled__2026-05-07T05:00:00+00:00 [queued]>
[2026-05-07T06:31:15.987+0000] {taskinstance.py:2170} INFO - Starting attempt 1 of 3
[2026-05-07T06:31:16.001+0000] {taskinstance.py:2191} INFO - Executing <Task(MarketOpenSensor): check_market_open> on 2026-05-07 05:00:00+00:00
[2026-05-07T06:31:16.007+0000] {standard_task_runner.py:60} INFO - Started process 1094339 to run task
[2026-05-07T06:31:16.010+0000] {standard_task_runner.py:87} INFO - Running: ['airflow', 'tasks', 'run', 'fetch_market_data', 'check_market_open', 'scheduled__2026-05-07T05:00:00+00:00', '--job-id', '1470', '--raw', '--subdir', 'DAGS_FOLDER/fetch_market_data.py', '--cfg-path', '/tmp/tmp3svl2rh0']
[2026-05-07T06:31:16.012+0000] {standard_task_runner.py:88} INFO - Job 1470: Subtask check_market_open
[2026-05-07T06:31:16.084+0000] {task_command.py:423} INFO - Running <TaskInstance: fetch_market_data.check_market_open scheduled__2026-05-07T05:00:00+00:00 [running]> on host reddit-pipeline-vm
[2026-05-07T06:31:16.191+0000] {taskinstance.py:2480} INFO - Exporting env vars: AIRFLOW_CTX_DAG_OWNER='pipeline' AIRFLOW_CTX_DAG_ID='fetch_market_data' AIRFLOW_CTX_TASK_ID='check_market_open' AIRFLOW_CTX_EXECUTION_DATE='2026-05-07T05:00:00+00:00' AIRFLOW_CTX_TRY_NUMBER='1' AIRFLOW_CTX_DAG_RUN_ID='scheduled__2026-05-07T05:00:00+00:00'
[2026-05-07T06:31:16.208+0000] {sensors.py:45} INFO - Market open check at 2026-05-07 02:31 ET: False
[2026-05-07T06:31:16.236+0000] {taskinstance.py:2658} INFO - Rescheduling task, marking task as UP_FOR_RESCHEDULE
[2026-05-07T06:31:16.267+0000] {local_task_job_runner.py:234} INFO - Task exited with return code 0
[2026-05-07T06:31:16.304+0000] {taskinstance.py:3280} INFO - 0 downstream tasks scheduled from follow-on schedule check
[2026-05-07T06:46:17.222+0000] {taskinstance.py:1956} INFO - Dependencies all met for dep_context=non-requeueable deps ti=<TaskInstance: fetch_market_data.check_market_open scheduled__2026-05-07T05:00:00+00:00 [queued]>
[2026-05-07T06:46:17.244+0000] {taskinstance.py:1956} INFO - Dependencies all met for dep_context=requeueable deps ti=<TaskInstance: fetch_market_data.check_market_open scheduled__2026-05-07T05:00:00+00:00 [queued]>
[2026-05-07T06:46:17.244+0000] {taskinstance.py:2170} INFO - Starting attempt 1 of 3
[2026-05-07T06:46:17.274+0000] {taskinstance.py:2191} INFO - Executing <Task(MarketOpenSensor): check_market_open> on 2026-05-07 05:00:00+00:00
[2026-05-07T06:46:17.288+0000] {standard_task_runner.py:60} INFO - Started process 1095336 to run task
[2026-05-07T06:46:17.293+0000] {standard_task_runner.py:87} INFO - Running: ['airflow', 'tasks', 'run', 'fetch_market_data', 'check_market_open', 'scheduled__2026-05-07T05:00:00+00:00', '--job-id', '1471', '--raw', '--subdir', 'DAGS_FOLDER/fetch_market_data.py', '--cfg-path', '/tmp/tmpczm77qxr']
[2026-05-07T06:46:17.297+0000] {standard_task_runner.py:88} INFO - Job 1471: Subtask check_market_open
[2026-05-07T06:46:17.437+0000] {task_command.py:423} INFO - Running <TaskInstance: fetch_market_data.check_market_open scheduled__2026-05-07T05:00:00+00:00 [running]> on host reddit-pipeline-vm
[2026-05-07T06:46:17.648+0000] {taskinstance.py:2480} INFO - Exporting env vars: AIRFLOW_CTX_DAG_OWNER='pipeline' AIRFLOW_CTX_DAG_ID='fetch_market_data' AIRFLOW_CTX_TASK_ID='check_market_open' AIRFLOW_CTX_EXECUTION_DATE='2026-05-07T05:00:00+00:00' AIRFLOW_CTX_TRY_NUMBER='1' AIRFLOW_CTX_DAG_RUN_ID='scheduled__2026-05-07T05:00:00+00:00'
[2026-05-07T06:46:17.680+0000] {sensors.py:45} INFO - Market open check at 2026-05-07 02:46 ET: False
[2026-05-07T06:46:17.710+0000] {taskinstance.py:2658} INFO - Rescheduling task, marking task as UP_FOR_RESCHEDULE
[2026-05-07T06:46:17.751+0000] {local_task_job_runner.py:234} INFO - Task exited with return code 0
[2026-05-07T06:46:17.809+0000] {taskinstance.py:3280} INFO - 0 downstream tasks scheduled from follow-on schedule check
[2026-05-07T07:01:18.790+0000] {taskinstance.py:1956} INFO - Dependencies all met for dep_context=non-requeueable deps ti=<TaskInstance: fetch_market_data.check_market_open scheduled__2026-05-07T05:00:00+00:00 [queued]>
[2026-05-07T07:01:18.800+0000] {taskinstance.py:1956} INFO - Dependencies all met for dep_context=requeueable deps ti=<TaskInstance: fetch_market_data.check_market_open scheduled__2026-05-07T05:00:00+00:00 [queued]>
[2026-05-07T07:01:18.800+0000] {taskinstance.py:2170} INFO - Starting attempt 1 of 3
[2026-05-07T07:01:18.815+0000] {taskinstance.py:2191} INFO - Executing <Task(MarketOpenSensor): check_market_open> on 2026-05-07 05:00:00+00:00
[2026-05-07T07:01:18.823+0000] {standard_task_runner.py:60} INFO - Started process 1096340 to run task
[2026-05-07T07:01:18.830+0000] {standard_task_runner.py:87} INFO - Running: ['airflow', 'tasks', 'run', 'fetch_market_data', 'check_market_open', 'scheduled__2026-05-07T05:00:00+00:00', '--job-id', '1472', '--raw', '--subdir', 'DAGS_FOLDER/fetch_market_data.py', '--cfg-path', '/tmp/tmp9ygc97in']
[2026-05-07T07:01:18.832+0000] {standard_task_runner.py:88} INFO - Job 1472: Subtask check_market_open
[2026-05-07T07:01:18.908+0000] {task_command.py:423} INFO - Running <TaskInstance: fetch_market_data.check_market_open scheduled__2026-05-07T05:00:00+00:00 [running]> on host reddit-pipeline-vm
[2026-05-07T07:01:19.016+0000] {taskinstance.py:2480} INFO - Exporting env vars: AIRFLOW_CTX_DAG_OWNER='pipeline' AIRFLOW_CTX_DAG_ID='fetch_market_data' AIRFLOW_CTX_TASK_ID='check_market_open' AIRFLOW_CTX_EXECUTION_DATE='2026-05-07T05:00:00+00:00' AIRFLOW_CTX_TRY_NUMBER='1' AIRFLOW_CTX_DAG_RUN_ID='scheduled__2026-05-07T05:00:00+00:00'
[2026-05-07T07:01:19.034+0000] {sensors.py:45} INFO - Market open check at 2026-05-07 03:01 ET: False
[2026-05-07T07:01:19.034+0000] {taskinstance.py:2360} INFO - Sensor has timed out; run duration of 3605.36727 seconds exceeds the specified timeout of 3600.0.
[2026-05-07T07:01:19.051+0000] {taskinstance.py:1138} INFO - Marking task as SKIPPED. dag_id=fetch_market_data, task_id=check_market_open, execution_date=20260507T050000, start_date=20260507T070118, end_date=20260507T070119
[2026-05-07T07:01:19.080+0000] {local_task_job_runner.py:234} INFO - Task exited with return code 0
[2026-05-07T07:01:19.128+0000] {taskinstance.py:3280} INFO - 0 downstream tasks scheduled from follow-on schedule check
