[2026-05-04T06:00:51.869+0000] {taskinstance.py:1956} INFO - Dependencies all met for dep_context=non-requeueable deps ti=<TaskInstance: fetch_market_data.check_market_open scheduled__2026-05-04T05:00:00+00:00 [queued]>
[2026-05-04T06:00:51.876+0000] {taskinstance.py:1956} INFO - Dependencies all met for dep_context=requeueable deps ti=<TaskInstance: fetch_market_data.check_market_open scheduled__2026-05-04T05:00:00+00:00 [queued]>
[2026-05-04T06:00:51.876+0000] {taskinstance.py:2170} INFO - Starting attempt 1 of 3
[2026-05-04T06:00:51.885+0000] {taskinstance.py:2191} INFO - Executing <Task(MarketOpenSensor): check_market_open> on 2026-05-04 05:00:00+00:00
[2026-05-04T06:00:51.892+0000] {standard_task_runner.py:60} INFO - Started process 894428 to run task
[2026-05-04T06:00:51.895+0000] {standard_task_runner.py:87} INFO - Running: ['airflow', 'tasks', 'run', 'fetch_market_data', 'check_market_open', 'scheduled__2026-05-04T05:00:00+00:00', '--job-id', '1079', '--raw', '--subdir', 'DAGS_FOLDER/fetch_market_data.py', '--cfg-path', '/tmp/tmpzxocnpkz']
[2026-05-04T06:00:51.897+0000] {standard_task_runner.py:88} INFO - Job 1079: Subtask check_market_open
[2026-05-04T06:00:51.972+0000] {task_command.py:423} INFO - Running <TaskInstance: fetch_market_data.check_market_open scheduled__2026-05-04T05:00:00+00:00 [running]> on host reddit-pipeline-vm
[2026-05-04T06:00:52.083+0000] {taskinstance.py:2480} INFO - Exporting env vars: AIRFLOW_CTX_DAG_OWNER='pipeline' AIRFLOW_CTX_DAG_ID='fetch_market_data' AIRFLOW_CTX_TASK_ID='check_market_open' AIRFLOW_CTX_EXECUTION_DATE='2026-05-04T05:00:00+00:00' AIRFLOW_CTX_TRY_NUMBER='1' AIRFLOW_CTX_DAG_RUN_ID='scheduled__2026-05-04T05:00:00+00:00'
[2026-05-04T06:00:52.101+0000] {sensors.py:45} INFO - Market open check at 2026-05-04 02:00 ET: False
[2026-05-04T06:00:52.127+0000] {taskinstance.py:2658} INFO - Rescheduling task, marking task as UP_FOR_RESCHEDULE
[2026-05-04T06:00:52.148+0000] {local_task_job_runner.py:234} INFO - Task exited with return code 0
[2026-05-04T06:00:52.190+0000] {taskinstance.py:3280} INFO - 0 downstream tasks scheduled from follow-on schedule check
[2026-05-04T06:15:53.097+0000] {taskinstance.py:1956} INFO - Dependencies all met for dep_context=non-requeueable deps ti=<TaskInstance: fetch_market_data.check_market_open scheduled__2026-05-04T05:00:00+00:00 [queued]>
[2026-05-04T06:15:53.105+0000] {taskinstance.py:1956} INFO - Dependencies all met for dep_context=requeueable deps ti=<TaskInstance: fetch_market_data.check_market_open scheduled__2026-05-04T05:00:00+00:00 [queued]>
[2026-05-04T06:15:53.105+0000] {taskinstance.py:2170} INFO - Starting attempt 1 of 3
[2026-05-04T06:15:53.115+0000] {taskinstance.py:2191} INFO - Executing <Task(MarketOpenSensor): check_market_open> on 2026-05-04 05:00:00+00:00
[2026-05-04T06:15:53.121+0000] {standard_task_runner.py:60} INFO - Started process 895262 to run task
[2026-05-04T06:15:53.125+0000] {standard_task_runner.py:87} INFO - Running: ['airflow', 'tasks', 'run', 'fetch_market_data', 'check_market_open', 'scheduled__2026-05-04T05:00:00+00:00', '--job-id', '1080', '--raw', '--subdir', 'DAGS_FOLDER/fetch_market_data.py', '--cfg-path', '/tmp/tmplbfwkv6m']
[2026-05-04T06:15:53.127+0000] {standard_task_runner.py:88} INFO - Job 1080: Subtask check_market_open
[2026-05-04T06:15:53.205+0000] {task_command.py:423} INFO - Running <TaskInstance: fetch_market_data.check_market_open scheduled__2026-05-04T05:00:00+00:00 [running]> on host reddit-pipeline-vm
[2026-05-04T06:15:53.322+0000] {taskinstance.py:2480} INFO - Exporting env vars: AIRFLOW_CTX_DAG_OWNER='pipeline' AIRFLOW_CTX_DAG_ID='fetch_market_data' AIRFLOW_CTX_TASK_ID='check_market_open' AIRFLOW_CTX_EXECUTION_DATE='2026-05-04T05:00:00+00:00' AIRFLOW_CTX_TRY_NUMBER='1' AIRFLOW_CTX_DAG_RUN_ID='scheduled__2026-05-04T05:00:00+00:00'
[2026-05-04T06:15:53.341+0000] {sensors.py:45} INFO - Market open check at 2026-05-04 02:15 ET: False
[2026-05-04T06:15:53.370+0000] {taskinstance.py:2658} INFO - Rescheduling task, marking task as UP_FOR_RESCHEDULE
[2026-05-04T06:15:53.418+0000] {local_task_job_runner.py:234} INFO - Task exited with return code 0
[2026-05-04T06:15:53.459+0000] {taskinstance.py:3280} INFO - 0 downstream tasks scheduled from follow-on schedule check
[2026-05-04T06:30:54.719+0000] {taskinstance.py:1956} INFO - Dependencies all met for dep_context=non-requeueable deps ti=<TaskInstance: fetch_market_data.check_market_open scheduled__2026-05-04T05:00:00+00:00 [queued]>
[2026-05-04T06:30:54.726+0000] {taskinstance.py:1956} INFO - Dependencies all met for dep_context=requeueable deps ti=<TaskInstance: fetch_market_data.check_market_open scheduled__2026-05-04T05:00:00+00:00 [queued]>
[2026-05-04T06:30:54.726+0000] {taskinstance.py:2170} INFO - Starting attempt 1 of 3
[2026-05-04T06:30:54.736+0000] {taskinstance.py:2191} INFO - Executing <Task(MarketOpenSensor): check_market_open> on 2026-05-04 05:00:00+00:00
[2026-05-04T06:30:54.743+0000] {standard_task_runner.py:60} INFO - Started process 896030 to run task
[2026-05-04T06:30:54.746+0000] {standard_task_runner.py:87} INFO - Running: ['airflow', 'tasks', 'run', 'fetch_market_data', 'check_market_open', 'scheduled__2026-05-04T05:00:00+00:00', '--job-id', '1081', '--raw', '--subdir', 'DAGS_FOLDER/fetch_market_data.py', '--cfg-path', '/tmp/tmpkoxnwumy']
[2026-05-04T06:30:54.748+0000] {standard_task_runner.py:88} INFO - Job 1081: Subtask check_market_open
[2026-05-04T06:30:54.826+0000] {task_command.py:423} INFO - Running <TaskInstance: fetch_market_data.check_market_open scheduled__2026-05-04T05:00:00+00:00 [running]> on host reddit-pipeline-vm
[2026-05-04T06:30:54.938+0000] {taskinstance.py:2480} INFO - Exporting env vars: AIRFLOW_CTX_DAG_OWNER='pipeline' AIRFLOW_CTX_DAG_ID='fetch_market_data' AIRFLOW_CTX_TASK_ID='check_market_open' AIRFLOW_CTX_EXECUTION_DATE='2026-05-04T05:00:00+00:00' AIRFLOW_CTX_TRY_NUMBER='1' AIRFLOW_CTX_DAG_RUN_ID='scheduled__2026-05-04T05:00:00+00:00'
[2026-05-04T06:30:54.957+0000] {sensors.py:45} INFO - Market open check at 2026-05-04 02:30 ET: False
[2026-05-04T06:30:54.984+0000] {taskinstance.py:2658} INFO - Rescheduling task, marking task as UP_FOR_RESCHEDULE
[2026-05-04T06:30:55.000+0000] {local_task_job_runner.py:234} INFO - Task exited with return code 0
[2026-05-04T06:30:55.042+0000] {taskinstance.py:3280} INFO - 0 downstream tasks scheduled from follow-on schedule check
[2026-05-04T06:45:55.973+0000] {taskinstance.py:1956} INFO - Dependencies all met for dep_context=non-requeueable deps ti=<TaskInstance: fetch_market_data.check_market_open scheduled__2026-05-04T05:00:00+00:00 [queued]>
[2026-05-04T06:45:55.981+0000] {taskinstance.py:1956} INFO - Dependencies all met for dep_context=requeueable deps ti=<TaskInstance: fetch_market_data.check_market_open scheduled__2026-05-04T05:00:00+00:00 [queued]>
[2026-05-04T06:45:55.981+0000] {taskinstance.py:2170} INFO - Starting attempt 1 of 3
[2026-05-04T06:45:55.992+0000] {taskinstance.py:2191} INFO - Executing <Task(MarketOpenSensor): check_market_open> on 2026-05-04 05:00:00+00:00
[2026-05-04T06:45:55.999+0000] {standard_task_runner.py:60} INFO - Started process 896857 to run task
[2026-05-04T06:45:56.002+0000] {standard_task_runner.py:87} INFO - Running: ['airflow', 'tasks', 'run', 'fetch_market_data', 'check_market_open', 'scheduled__2026-05-04T05:00:00+00:00', '--job-id', '1082', '--raw', '--subdir', 'DAGS_FOLDER/fetch_market_data.py', '--cfg-path', '/tmp/tmp3py096bd']
[2026-05-04T06:45:56.004+0000] {standard_task_runner.py:88} INFO - Job 1082: Subtask check_market_open
[2026-05-04T06:45:56.081+0000] {task_command.py:423} INFO - Running <TaskInstance: fetch_market_data.check_market_open scheduled__2026-05-04T05:00:00+00:00 [running]> on host reddit-pipeline-vm
[2026-05-04T06:45:56.193+0000] {taskinstance.py:2480} INFO - Exporting env vars: AIRFLOW_CTX_DAG_OWNER='pipeline' AIRFLOW_CTX_DAG_ID='fetch_market_data' AIRFLOW_CTX_TASK_ID='check_market_open' AIRFLOW_CTX_EXECUTION_DATE='2026-05-04T05:00:00+00:00' AIRFLOW_CTX_TRY_NUMBER='1' AIRFLOW_CTX_DAG_RUN_ID='scheduled__2026-05-04T05:00:00+00:00'
[2026-05-04T06:45:56.212+0000] {sensors.py:45} INFO - Market open check at 2026-05-04 02:45 ET: False
[2026-05-04T06:45:56.240+0000] {taskinstance.py:2658} INFO - Rescheduling task, marking task as UP_FOR_RESCHEDULE
[2026-05-04T06:45:56.256+0000] {local_task_job_runner.py:234} INFO - Task exited with return code 0
[2026-05-04T06:45:56.300+0000] {taskinstance.py:3280} INFO - 0 downstream tasks scheduled from follow-on schedule check
[2026-05-04T07:00:57.599+0000] {taskinstance.py:1956} INFO - Dependencies all met for dep_context=non-requeueable deps ti=<TaskInstance: fetch_market_data.check_market_open scheduled__2026-05-04T05:00:00+00:00 [queued]>
[2026-05-04T07:00:57.607+0000] {taskinstance.py:1956} INFO - Dependencies all met for dep_context=requeueable deps ti=<TaskInstance: fetch_market_data.check_market_open scheduled__2026-05-04T05:00:00+00:00 [queued]>
[2026-05-04T07:00:57.608+0000] {taskinstance.py:2170} INFO - Starting attempt 1 of 3
[2026-05-04T07:00:57.618+0000] {taskinstance.py:2191} INFO - Executing <Task(MarketOpenSensor): check_market_open> on 2026-05-04 05:00:00+00:00
[2026-05-04T07:00:57.624+0000] {standard_task_runner.py:60} INFO - Started process 897616 to run task
[2026-05-04T07:00:57.628+0000] {standard_task_runner.py:87} INFO - Running: ['airflow', 'tasks', 'run', 'fetch_market_data', 'check_market_open', 'scheduled__2026-05-04T05:00:00+00:00', '--job-id', '1083', '--raw', '--subdir', 'DAGS_FOLDER/fetch_market_data.py', '--cfg-path', '/tmp/tmpqek5e6qk']
[2026-05-04T07:00:57.630+0000] {standard_task_runner.py:88} INFO - Job 1083: Subtask check_market_open
[2026-05-04T07:00:57.708+0000] {task_command.py:423} INFO - Running <TaskInstance: fetch_market_data.check_market_open scheduled__2026-05-04T05:00:00+00:00 [running]> on host reddit-pipeline-vm
[2026-05-04T07:00:57.817+0000] {taskinstance.py:2480} INFO - Exporting env vars: AIRFLOW_CTX_DAG_OWNER='pipeline' AIRFLOW_CTX_DAG_ID='fetch_market_data' AIRFLOW_CTX_TASK_ID='check_market_open' AIRFLOW_CTX_EXECUTION_DATE='2026-05-04T05:00:00+00:00' AIRFLOW_CTX_TRY_NUMBER='1' AIRFLOW_CTX_DAG_RUN_ID='scheduled__2026-05-04T05:00:00+00:00'
[2026-05-04T07:00:57.834+0000] {sensors.py:45} INFO - Market open check at 2026-05-04 03:00 ET: False
[2026-05-04T07:00:57.835+0000] {taskinstance.py:2360} INFO - Sensor has timed out; run duration of 3605.828632 seconds exceeds the specified timeout of 3600.0.
[2026-05-04T07:00:57.852+0000] {taskinstance.py:1138} INFO - Marking task as SKIPPED. dag_id=fetch_market_data, task_id=check_market_open, execution_date=20260504T050000, start_date=20260504T070057, end_date=20260504T070057
[2026-05-04T07:00:57.881+0000] {local_task_job_runner.py:234} INFO - Task exited with return code 0
[2026-05-04T07:00:57.932+0000] {taskinstance.py:3280} INFO - 0 downstream tasks scheduled from follow-on schedule check
