[2026-05-08T05:01:17.163+0000] {taskinstance.py:1956} INFO - Dependencies all met for dep_context=non-requeueable deps ti=<TaskInstance: fetch_market_data.check_market_open scheduled__2026-05-08T04:00:00+00:00 [queued]>
[2026-05-08T05:01:17.173+0000] {taskinstance.py:1956} INFO - Dependencies all met for dep_context=requeueable deps ti=<TaskInstance: fetch_market_data.check_market_open scheduled__2026-05-08T04:00:00+00:00 [queued]>
[2026-05-08T05:01:17.173+0000] {taskinstance.py:2170} INFO - Starting attempt 1 of 3
[2026-05-08T05:01:17.188+0000] {taskinstance.py:2191} INFO - Executing <Task(MarketOpenSensor): check_market_open> on 2026-05-08 04:00:00+00:00
[2026-05-08T05:01:17.195+0000] {standard_task_runner.py:60} INFO - Started process 1185448 to run task
[2026-05-08T05:01:17.199+0000] {standard_task_runner.py:87} INFO - Running: ['airflow', 'tasks', 'run', 'fetch_market_data', 'check_market_open', 'scheduled__2026-05-08T04:00:00+00:00', '--job-id', '1627', '--raw', '--subdir', 'DAGS_FOLDER/fetch_market_data.py', '--cfg-path', '/tmp/tmpuapgtzy8']
[2026-05-08T05:01:17.202+0000] {standard_task_runner.py:88} INFO - Job 1627: Subtask check_market_open
[2026-05-08T05:01:17.276+0000] {task_command.py:423} INFO - Running <TaskInstance: fetch_market_data.check_market_open scheduled__2026-05-08T04:00:00+00:00 [running]> on host reddit-pipeline-vm
[2026-05-08T05:01:17.389+0000] {taskinstance.py:2480} INFO - Exporting env vars: AIRFLOW_CTX_DAG_OWNER='pipeline' AIRFLOW_CTX_DAG_ID='fetch_market_data' AIRFLOW_CTX_TASK_ID='check_market_open' AIRFLOW_CTX_EXECUTION_DATE='2026-05-08T04:00:00+00:00' AIRFLOW_CTX_TRY_NUMBER='1' AIRFLOW_CTX_DAG_RUN_ID='scheduled__2026-05-08T04:00:00+00:00'
[2026-05-08T05:01:17.407+0000] {sensors.py:45} INFO - Market open check at 2026-05-08 01:01 ET: False
[2026-05-08T05:01:17.435+0000] {taskinstance.py:2658} INFO - Rescheduling task, marking task as UP_FOR_RESCHEDULE
[2026-05-08T05:01:17.453+0000] {local_task_job_runner.py:234} INFO - Task exited with return code 0
[2026-05-08T05:01:17.492+0000] {taskinstance.py:3280} INFO - 0 downstream tasks scheduled from follow-on schedule check
[2026-05-08T05:16:19.047+0000] {taskinstance.py:1956} INFO - Dependencies all met for dep_context=non-requeueable deps ti=<TaskInstance: fetch_market_data.check_market_open scheduled__2026-05-08T04:00:00+00:00 [queued]>
[2026-05-08T05:16:19.057+0000] {taskinstance.py:1956} INFO - Dependencies all met for dep_context=requeueable deps ti=<TaskInstance: fetch_market_data.check_market_open scheduled__2026-05-08T04:00:00+00:00 [queued]>
[2026-05-08T05:16:19.057+0000] {taskinstance.py:2170} INFO - Starting attempt 1 of 3
[2026-05-08T05:16:19.071+0000] {taskinstance.py:2191} INFO - Executing <Task(MarketOpenSensor): check_market_open> on 2026-05-08 04:00:00+00:00
[2026-05-08T05:16:19.079+0000] {standard_task_runner.py:60} INFO - Started process 1186426 to run task
[2026-05-08T05:16:19.082+0000] {standard_task_runner.py:87} INFO - Running: ['airflow', 'tasks', 'run', 'fetch_market_data', 'check_market_open', 'scheduled__2026-05-08T04:00:00+00:00', '--job-id', '1628', '--raw', '--subdir', 'DAGS_FOLDER/fetch_market_data.py', '--cfg-path', '/tmp/tmpj4paeyiv']
[2026-05-08T05:16:19.085+0000] {standard_task_runner.py:88} INFO - Job 1628: Subtask check_market_open
[2026-05-08T05:16:19.160+0000] {task_command.py:423} INFO - Running <TaskInstance: fetch_market_data.check_market_open scheduled__2026-05-08T04:00:00+00:00 [running]> on host reddit-pipeline-vm
[2026-05-08T05:16:19.270+0000] {taskinstance.py:2480} INFO - Exporting env vars: AIRFLOW_CTX_DAG_OWNER='pipeline' AIRFLOW_CTX_DAG_ID='fetch_market_data' AIRFLOW_CTX_TASK_ID='check_market_open' AIRFLOW_CTX_EXECUTION_DATE='2026-05-08T04:00:00+00:00' AIRFLOW_CTX_TRY_NUMBER='1' AIRFLOW_CTX_DAG_RUN_ID='scheduled__2026-05-08T04:00:00+00:00'
[2026-05-08T05:16:19.287+0000] {sensors.py:45} INFO - Market open check at 2026-05-08 01:16 ET: False
[2026-05-08T05:16:19.314+0000] {taskinstance.py:2658} INFO - Rescheduling task, marking task as UP_FOR_RESCHEDULE
[2026-05-08T05:16:19.335+0000] {local_task_job_runner.py:234} INFO - Task exited with return code 0
[2026-05-08T05:16:19.373+0000] {taskinstance.py:3280} INFO - 0 downstream tasks scheduled from follow-on schedule check
[2026-05-08T05:31:20.407+0000] {taskinstance.py:1956} INFO - Dependencies all met for dep_context=non-requeueable deps ti=<TaskInstance: fetch_market_data.check_market_open scheduled__2026-05-08T04:00:00+00:00 [queued]>
[2026-05-08T05:31:20.417+0000] {taskinstance.py:1956} INFO - Dependencies all met for dep_context=requeueable deps ti=<TaskInstance: fetch_market_data.check_market_open scheduled__2026-05-08T04:00:00+00:00 [queued]>
[2026-05-08T05:31:20.417+0000] {taskinstance.py:2170} INFO - Starting attempt 1 of 3
[2026-05-08T05:31:20.431+0000] {taskinstance.py:2191} INFO - Executing <Task(MarketOpenSensor): check_market_open> on 2026-05-08 04:00:00+00:00
[2026-05-08T05:31:20.438+0000] {standard_task_runner.py:60} INFO - Started process 1187419 to run task
[2026-05-08T05:31:20.442+0000] {standard_task_runner.py:87} INFO - Running: ['airflow', 'tasks', 'run', 'fetch_market_data', 'check_market_open', 'scheduled__2026-05-08T04:00:00+00:00', '--job-id', '1629', '--raw', '--subdir', 'DAGS_FOLDER/fetch_market_data.py', '--cfg-path', '/tmp/tmp7i6tyqj5']
[2026-05-08T05:31:20.444+0000] {standard_task_runner.py:88} INFO - Job 1629: Subtask check_market_open
[2026-05-08T05:31:20.520+0000] {task_command.py:423} INFO - Running <TaskInstance: fetch_market_data.check_market_open scheduled__2026-05-08T04:00:00+00:00 [running]> on host reddit-pipeline-vm
[2026-05-08T05:31:20.631+0000] {taskinstance.py:2480} INFO - Exporting env vars: AIRFLOW_CTX_DAG_OWNER='pipeline' AIRFLOW_CTX_DAG_ID='fetch_market_data' AIRFLOW_CTX_TASK_ID='check_market_open' AIRFLOW_CTX_EXECUTION_DATE='2026-05-08T04:00:00+00:00' AIRFLOW_CTX_TRY_NUMBER='1' AIRFLOW_CTX_DAG_RUN_ID='scheduled__2026-05-08T04:00:00+00:00'
[2026-05-08T05:31:20.649+0000] {sensors.py:45} INFO - Market open check at 2026-05-08 01:31 ET: False
[2026-05-08T05:31:20.676+0000] {taskinstance.py:2658} INFO - Rescheduling task, marking task as UP_FOR_RESCHEDULE
[2026-05-08T05:31:20.695+0000] {local_task_job_runner.py:234} INFO - Task exited with return code 0
[2026-05-08T05:31:20.733+0000] {taskinstance.py:3280} INFO - 0 downstream tasks scheduled from follow-on schedule check
[2026-05-08T05:46:21.754+0000] {taskinstance.py:1956} INFO - Dependencies all met for dep_context=non-requeueable deps ti=<TaskInstance: fetch_market_data.check_market_open scheduled__2026-05-08T04:00:00+00:00 [queued]>
[2026-05-08T05:46:21.763+0000] {taskinstance.py:1956} INFO - Dependencies all met for dep_context=requeueable deps ti=<TaskInstance: fetch_market_data.check_market_open scheduled__2026-05-08T04:00:00+00:00 [queued]>
[2026-05-08T05:46:21.764+0000] {taskinstance.py:2170} INFO - Starting attempt 1 of 3
[2026-05-08T05:46:21.780+0000] {taskinstance.py:2191} INFO - Executing <Task(MarketOpenSensor): check_market_open> on 2026-05-08 04:00:00+00:00
[2026-05-08T05:46:21.790+0000] {standard_task_runner.py:60} INFO - Started process 1188425 to run task
[2026-05-08T05:46:21.799+0000] {standard_task_runner.py:87} INFO - Running: ['airflow', 'tasks', 'run', 'fetch_market_data', 'check_market_open', 'scheduled__2026-05-08T04:00:00+00:00', '--job-id', '1630', '--raw', '--subdir', 'DAGS_FOLDER/fetch_market_data.py', '--cfg-path', '/tmp/tmpewmjy6g2']
[2026-05-08T05:46:21.801+0000] {standard_task_runner.py:88} INFO - Job 1630: Subtask check_market_open
[2026-05-08T05:46:21.888+0000] {task_command.py:423} INFO - Running <TaskInstance: fetch_market_data.check_market_open scheduled__2026-05-08T04:00:00+00:00 [running]> on host reddit-pipeline-vm
[2026-05-08T05:46:22.054+0000] {taskinstance.py:2480} INFO - Exporting env vars: AIRFLOW_CTX_DAG_OWNER='pipeline' AIRFLOW_CTX_DAG_ID='fetch_market_data' AIRFLOW_CTX_TASK_ID='check_market_open' AIRFLOW_CTX_EXECUTION_DATE='2026-05-08T04:00:00+00:00' AIRFLOW_CTX_TRY_NUMBER='1' AIRFLOW_CTX_DAG_RUN_ID='scheduled__2026-05-08T04:00:00+00:00'
[2026-05-08T05:46:22.073+0000] {sensors.py:45} INFO - Market open check at 2026-05-08 01:46 ET: False
[2026-05-08T05:46:22.107+0000] {taskinstance.py:2658} INFO - Rescheduling task, marking task as UP_FOR_RESCHEDULE
[2026-05-08T05:46:22.133+0000] {local_task_job_runner.py:234} INFO - Task exited with return code 0
[2026-05-08T05:46:22.173+0000] {taskinstance.py:3280} INFO - 0 downstream tasks scheduled from follow-on schedule check
[2026-05-08T06:01:23.534+0000] {taskinstance.py:1956} INFO - Dependencies all met for dep_context=non-requeueable deps ti=<TaskInstance: fetch_market_data.check_market_open scheduled__2026-05-08T04:00:00+00:00 [queued]>
[2026-05-08T06:01:23.543+0000] {taskinstance.py:1956} INFO - Dependencies all met for dep_context=requeueable deps ti=<TaskInstance: fetch_market_data.check_market_open scheduled__2026-05-08T04:00:00+00:00 [queued]>
[2026-05-08T06:01:23.544+0000] {taskinstance.py:2170} INFO - Starting attempt 1 of 3
[2026-05-08T06:01:23.558+0000] {taskinstance.py:2191} INFO - Executing <Task(MarketOpenSensor): check_market_open> on 2026-05-08 04:00:00+00:00
[2026-05-08T06:01:23.573+0000] {standard_task_runner.py:60} INFO - Started process 1189416 to run task
[2026-05-08T06:01:23.577+0000] {standard_task_runner.py:87} INFO - Running: ['airflow', 'tasks', 'run', 'fetch_market_data', 'check_market_open', 'scheduled__2026-05-08T04:00:00+00:00', '--job-id', '1631', '--raw', '--subdir', 'DAGS_FOLDER/fetch_market_data.py', '--cfg-path', '/tmp/tmp37756kds']
[2026-05-08T06:01:23.579+0000] {standard_task_runner.py:88} INFO - Job 1631: Subtask check_market_open
[2026-05-08T06:01:23.654+0000] {task_command.py:423} INFO - Running <TaskInstance: fetch_market_data.check_market_open scheduled__2026-05-08T04:00:00+00:00 [running]> on host reddit-pipeline-vm
[2026-05-08T06:01:23.767+0000] {taskinstance.py:2480} INFO - Exporting env vars: AIRFLOW_CTX_DAG_OWNER='pipeline' AIRFLOW_CTX_DAG_ID='fetch_market_data' AIRFLOW_CTX_TASK_ID='check_market_open' AIRFLOW_CTX_EXECUTION_DATE='2026-05-08T04:00:00+00:00' AIRFLOW_CTX_TRY_NUMBER='1' AIRFLOW_CTX_DAG_RUN_ID='scheduled__2026-05-08T04:00:00+00:00'
[2026-05-08T06:01:23.785+0000] {sensors.py:45} INFO - Market open check at 2026-05-08 02:01 ET: False
[2026-05-08T06:01:23.786+0000] {taskinstance.py:2360} INFO - Sensor has timed out; run duration of 3606.475788 seconds exceeds the specified timeout of 3600.0.
[2026-05-08T06:01:23.803+0000] {taskinstance.py:1138} INFO - Marking task as SKIPPED. dag_id=fetch_market_data, task_id=check_market_open, execution_date=20260508T040000, start_date=20260508T060123, end_date=20260508T060123
[2026-05-08T06:01:23.832+0000] {local_task_job_runner.py:234} INFO - Task exited with return code 0
[2026-05-08T06:01:23.882+0000] {taskinstance.py:3280} INFO - 0 downstream tasks scheduled from follow-on schedule check
