[2026-05-07T07:01:22.030+0000] {taskinstance.py:1956} INFO - Dependencies all met for dep_context=non-requeueable deps ti=<TaskInstance: fetch_market_data.check_market_open scheduled__2026-05-07T06:00:00+00:00 [queued]>
[2026-05-07T07:01:22.039+0000] {taskinstance.py:1956} INFO - Dependencies all met for dep_context=requeueable deps ti=<TaskInstance: fetch_market_data.check_market_open scheduled__2026-05-07T06:00:00+00:00 [queued]>
[2026-05-07T07:01:22.039+0000] {taskinstance.py:2170} INFO - Starting attempt 1 of 3
[2026-05-07T07:01:22.054+0000] {taskinstance.py:2191} INFO - Executing <Task(MarketOpenSensor): check_market_open> on 2026-05-07 06:00:00+00:00
[2026-05-07T07:01:22.061+0000] {standard_task_runner.py:60} INFO - Started process 1096362 to run task
[2026-05-07T07:01:22.065+0000] {standard_task_runner.py:87} INFO - Running: ['airflow', 'tasks', 'run', 'fetch_market_data', 'check_market_open', 'scheduled__2026-05-07T06:00:00+00:00', '--job-id', '1473', '--raw', '--subdir', 'DAGS_FOLDER/fetch_market_data.py', '--cfg-path', '/tmp/tmpalaqvmks']
[2026-05-07T07:01:22.067+0000] {standard_task_runner.py:88} INFO - Job 1473: Subtask check_market_open
[2026-05-07T07:01:22.138+0000] {task_command.py:423} INFO - Running <TaskInstance: fetch_market_data.check_market_open scheduled__2026-05-07T06:00:00+00:00 [running]> on host reddit-pipeline-vm
[2026-05-07T07:01:22.249+0000] {taskinstance.py:2480} INFO - Exporting env vars: AIRFLOW_CTX_DAG_OWNER='pipeline' AIRFLOW_CTX_DAG_ID='fetch_market_data' AIRFLOW_CTX_TASK_ID='check_market_open' AIRFLOW_CTX_EXECUTION_DATE='2026-05-07T06:00:00+00:00' AIRFLOW_CTX_TRY_NUMBER='1' AIRFLOW_CTX_DAG_RUN_ID='scheduled__2026-05-07T06:00:00+00:00'
[2026-05-07T07:01:22.266+0000] {sensors.py:45} INFO - Market open check at 2026-05-07 03:01 ET: False
[2026-05-07T07:01:22.293+0000] {taskinstance.py:2658} INFO - Rescheduling task, marking task as UP_FOR_RESCHEDULE
[2026-05-07T07:01:22.318+0000] {local_task_job_runner.py:234} INFO - Task exited with return code 0
[2026-05-07T07:01:22.356+0000] {taskinstance.py:3280} INFO - 0 downstream tasks scheduled from follow-on schedule check
[2026-05-07T07:16:22.938+0000] {taskinstance.py:1956} INFO - Dependencies all met for dep_context=non-requeueable deps ti=<TaskInstance: fetch_market_data.check_market_open scheduled__2026-05-07T06:00:00+00:00 [queued]>
[2026-05-07T07:16:22.947+0000] {taskinstance.py:1956} INFO - Dependencies all met for dep_context=requeueable deps ti=<TaskInstance: fetch_market_data.check_market_open scheduled__2026-05-07T06:00:00+00:00 [queued]>
[2026-05-07T07:16:22.948+0000] {taskinstance.py:2170} INFO - Starting attempt 1 of 3
[2026-05-07T07:16:22.962+0000] {taskinstance.py:2191} INFO - Executing <Task(MarketOpenSensor): check_market_open> on 2026-05-07 06:00:00+00:00
[2026-05-07T07:16:22.969+0000] {standard_task_runner.py:60} INFO - Started process 1097657 to run task
[2026-05-07T07:16:22.973+0000] {standard_task_runner.py:87} INFO - Running: ['airflow', 'tasks', 'run', 'fetch_market_data', 'check_market_open', 'scheduled__2026-05-07T06:00:00+00:00', '--job-id', '1474', '--raw', '--subdir', 'DAGS_FOLDER/fetch_market_data.py', '--cfg-path', '/tmp/tmp16vfrddw']
[2026-05-07T07:16:22.975+0000] {standard_task_runner.py:88} INFO - Job 1474: Subtask check_market_open
[2026-05-07T07:16:23.052+0000] {task_command.py:423} INFO - Running <TaskInstance: fetch_market_data.check_market_open scheduled__2026-05-07T06:00:00+00:00 [running]> on host reddit-pipeline-vm
[2026-05-07T07:16:23.159+0000] {taskinstance.py:2480} INFO - Exporting env vars: AIRFLOW_CTX_DAG_OWNER='pipeline' AIRFLOW_CTX_DAG_ID='fetch_market_data' AIRFLOW_CTX_TASK_ID='check_market_open' AIRFLOW_CTX_EXECUTION_DATE='2026-05-07T06:00:00+00:00' AIRFLOW_CTX_TRY_NUMBER='1' AIRFLOW_CTX_DAG_RUN_ID='scheduled__2026-05-07T06:00:00+00:00'
[2026-05-07T07:16:23.176+0000] {sensors.py:45} INFO - Market open check at 2026-05-07 03:16 ET: False
[2026-05-07T07:16:23.201+0000] {taskinstance.py:2658} INFO - Rescheduling task, marking task as UP_FOR_RESCHEDULE
[2026-05-07T07:16:23.225+0000] {local_task_job_runner.py:234} INFO - Task exited with return code 0
[2026-05-07T07:16:23.265+0000] {taskinstance.py:3280} INFO - 0 downstream tasks scheduled from follow-on schedule check
[2026-05-07T07:31:24.384+0000] {taskinstance.py:1956} INFO - Dependencies all met for dep_context=non-requeueable deps ti=<TaskInstance: fetch_market_data.check_market_open scheduled__2026-05-07T06:00:00+00:00 [queued]>
[2026-05-07T07:31:24.391+0000] {taskinstance.py:1956} INFO - Dependencies all met for dep_context=requeueable deps ti=<TaskInstance: fetch_market_data.check_market_open scheduled__2026-05-07T06:00:00+00:00 [queued]>
[2026-05-07T07:31:24.392+0000] {taskinstance.py:2170} INFO - Starting attempt 1 of 3
[2026-05-07T07:31:24.404+0000] {taskinstance.py:2191} INFO - Executing <Task(MarketOpenSensor): check_market_open> on 2026-05-07 06:00:00+00:00
[2026-05-07T07:31:24.411+0000] {standard_task_runner.py:60} INFO - Started process 1098639 to run task
[2026-05-07T07:31:24.415+0000] {standard_task_runner.py:87} INFO - Running: ['airflow', 'tasks', 'run', 'fetch_market_data', 'check_market_open', 'scheduled__2026-05-07T06:00:00+00:00', '--job-id', '1475', '--raw', '--subdir', 'DAGS_FOLDER/fetch_market_data.py', '--cfg-path', '/tmp/tmpr_v7nrqm']
[2026-05-07T07:31:24.418+0000] {standard_task_runner.py:88} INFO - Job 1475: Subtask check_market_open
[2026-05-07T07:31:24.488+0000] {task_command.py:423} INFO - Running <TaskInstance: fetch_market_data.check_market_open scheduled__2026-05-07T06:00:00+00:00 [running]> on host reddit-pipeline-vm
[2026-05-07T07:31:24.597+0000] {taskinstance.py:2480} INFO - Exporting env vars: AIRFLOW_CTX_DAG_OWNER='pipeline' AIRFLOW_CTX_DAG_ID='fetch_market_data' AIRFLOW_CTX_TASK_ID='check_market_open' AIRFLOW_CTX_EXECUTION_DATE='2026-05-07T06:00:00+00:00' AIRFLOW_CTX_TRY_NUMBER='1' AIRFLOW_CTX_DAG_RUN_ID='scheduled__2026-05-07T06:00:00+00:00'
[2026-05-07T07:31:24.612+0000] {sensors.py:45} INFO - Market open check at 2026-05-07 03:31 ET: False
[2026-05-07T07:31:24.639+0000] {taskinstance.py:2658} INFO - Rescheduling task, marking task as UP_FOR_RESCHEDULE
[2026-05-07T07:31:24.668+0000] {local_task_job_runner.py:234} INFO - Task exited with return code 0
[2026-05-07T07:31:24.703+0000] {taskinstance.py:3280} INFO - 0 downstream tasks scheduled from follow-on schedule check
[2026-05-07T07:46:25.418+0000] {taskinstance.py:1956} INFO - Dependencies all met for dep_context=non-requeueable deps ti=<TaskInstance: fetch_market_data.check_market_open scheduled__2026-05-07T06:00:00+00:00 [queued]>
[2026-05-07T07:46:25.428+0000] {taskinstance.py:1956} INFO - Dependencies all met for dep_context=requeueable deps ti=<TaskInstance: fetch_market_data.check_market_open scheduled__2026-05-07T06:00:00+00:00 [queued]>
[2026-05-07T07:46:25.428+0000] {taskinstance.py:2170} INFO - Starting attempt 1 of 3
[2026-05-07T07:46:25.443+0000] {taskinstance.py:2191} INFO - Executing <Task(MarketOpenSensor): check_market_open> on 2026-05-07 06:00:00+00:00
[2026-05-07T07:46:25.450+0000] {standard_task_runner.py:60} INFO - Started process 1099638 to run task
[2026-05-07T07:46:25.453+0000] {standard_task_runner.py:87} INFO - Running: ['airflow', 'tasks', 'run', 'fetch_market_data', 'check_market_open', 'scheduled__2026-05-07T06:00:00+00:00', '--job-id', '1476', '--raw', '--subdir', 'DAGS_FOLDER/fetch_market_data.py', '--cfg-path', '/tmp/tmp6x55qlve']
[2026-05-07T07:46:25.456+0000] {standard_task_runner.py:88} INFO - Job 1476: Subtask check_market_open
[2026-05-07T07:46:25.530+0000] {task_command.py:423} INFO - Running <TaskInstance: fetch_market_data.check_market_open scheduled__2026-05-07T06:00:00+00:00 [running]> on host reddit-pipeline-vm
[2026-05-07T07:46:25.640+0000] {taskinstance.py:2480} INFO - Exporting env vars: AIRFLOW_CTX_DAG_OWNER='pipeline' AIRFLOW_CTX_DAG_ID='fetch_market_data' AIRFLOW_CTX_TASK_ID='check_market_open' AIRFLOW_CTX_EXECUTION_DATE='2026-05-07T06:00:00+00:00' AIRFLOW_CTX_TRY_NUMBER='1' AIRFLOW_CTX_DAG_RUN_ID='scheduled__2026-05-07T06:00:00+00:00'
[2026-05-07T07:46:25.657+0000] {sensors.py:45} INFO - Market open check at 2026-05-07 03:46 ET: False
[2026-05-07T07:46:25.685+0000] {taskinstance.py:2658} INFO - Rescheduling task, marking task as UP_FOR_RESCHEDULE
[2026-05-07T07:46:25.706+0000] {local_task_job_runner.py:234} INFO - Task exited with return code 0
[2026-05-07T07:46:25.745+0000] {taskinstance.py:3280} INFO - 0 downstream tasks scheduled from follow-on schedule check
[2026-05-07T08:01:26.956+0000] {taskinstance.py:1956} INFO - Dependencies all met for dep_context=non-requeueable deps ti=<TaskInstance: fetch_market_data.check_market_open scheduled__2026-05-07T06:00:00+00:00 [queued]>
[2026-05-07T08:01:26.966+0000] {taskinstance.py:1956} INFO - Dependencies all met for dep_context=requeueable deps ti=<TaskInstance: fetch_market_data.check_market_open scheduled__2026-05-07T06:00:00+00:00 [queued]>
[2026-05-07T08:01:26.967+0000] {taskinstance.py:2170} INFO - Starting attempt 1 of 3
[2026-05-07T08:01:26.981+0000] {taskinstance.py:2191} INFO - Executing <Task(MarketOpenSensor): check_market_open> on 2026-05-07 06:00:00+00:00
[2026-05-07T08:01:26.988+0000] {standard_task_runner.py:60} INFO - Started process 1100618 to run task
[2026-05-07T08:01:26.991+0000] {standard_task_runner.py:87} INFO - Running: ['airflow', 'tasks', 'run', 'fetch_market_data', 'check_market_open', 'scheduled__2026-05-07T06:00:00+00:00', '--job-id', '1477', '--raw', '--subdir', 'DAGS_FOLDER/fetch_market_data.py', '--cfg-path', '/tmp/tmpsso3c4ep']
[2026-05-07T08:01:26.994+0000] {standard_task_runner.py:88} INFO - Job 1477: Subtask check_market_open
[2026-05-07T08:01:27.068+0000] {task_command.py:423} INFO - Running <TaskInstance: fetch_market_data.check_market_open scheduled__2026-05-07T06:00:00+00:00 [running]> on host reddit-pipeline-vm
[2026-05-07T08:01:27.177+0000] {taskinstance.py:2480} INFO - Exporting env vars: AIRFLOW_CTX_DAG_OWNER='pipeline' AIRFLOW_CTX_DAG_ID='fetch_market_data' AIRFLOW_CTX_TASK_ID='check_market_open' AIRFLOW_CTX_EXECUTION_DATE='2026-05-07T06:00:00+00:00' AIRFLOW_CTX_TRY_NUMBER='1' AIRFLOW_CTX_DAG_RUN_ID='scheduled__2026-05-07T06:00:00+00:00'
[2026-05-07T08:01:27.194+0000] {sensors.py:45} INFO - Market open check at 2026-05-07 04:01 ET: False
[2026-05-07T08:01:27.195+0000] {taskinstance.py:2360} INFO - Sensor has timed out; run duration of 3605.023097 seconds exceeds the specified timeout of 3600.0.
[2026-05-07T08:01:27.210+0000] {taskinstance.py:1138} INFO - Marking task as SKIPPED. dag_id=fetch_market_data, task_id=check_market_open, execution_date=20260507T060000, start_date=20260507T080126, end_date=20260507T080127
[2026-05-07T08:01:27.244+0000] {local_task_job_runner.py:234} INFO - Task exited with return code 0
[2026-05-07T08:01:27.293+0000] {taskinstance.py:3280} INFO - 0 downstream tasks scheduled from follow-on schedule check
