[2026-05-07T12:02:03.241+0000] {taskinstance.py:1956} INFO - Dependencies all met for dep_context=non-requeueable deps ti=<TaskInstance: fetch_market_data.check_market_open scheduled__2026-05-07T11:00:00+00:00 [queued]>
[2026-05-07T12:02:03.247+0000] {taskinstance.py:1956} INFO - Dependencies all met for dep_context=requeueable deps ti=<TaskInstance: fetch_market_data.check_market_open scheduled__2026-05-07T11:00:00+00:00 [queued]>
[2026-05-07T12:02:03.248+0000] {taskinstance.py:2170} INFO - Starting attempt 1 of 3
[2026-05-07T12:02:03.259+0000] {taskinstance.py:2191} INFO - Executing <Task(MarketOpenSensor): check_market_open> on 2026-05-07 11:00:00+00:00
[2026-05-07T12:02:03.265+0000] {standard_task_runner.py:60} INFO - Started process 1116418 to run task
[2026-05-07T12:02:03.268+0000] {standard_task_runner.py:87} INFO - Running: ['airflow', 'tasks', 'run', 'fetch_market_data', 'check_market_open', 'scheduled__2026-05-07T11:00:00+00:00', '--job-id', '1498', '--raw', '--subdir', 'DAGS_FOLDER/fetch_market_data.py', '--cfg-path', '/tmp/tmpn7lbswnj']
[2026-05-07T12:02:03.270+0000] {standard_task_runner.py:88} INFO - Job 1498: Subtask check_market_open
[2026-05-07T12:02:03.333+0000] {task_command.py:423} INFO - Running <TaskInstance: fetch_market_data.check_market_open scheduled__2026-05-07T11:00:00+00:00 [running]> on host reddit-pipeline-vm
[2026-05-07T12:02:03.426+0000] {taskinstance.py:2480} INFO - Exporting env vars: AIRFLOW_CTX_DAG_OWNER='pipeline' AIRFLOW_CTX_DAG_ID='fetch_market_data' AIRFLOW_CTX_TASK_ID='check_market_open' AIRFLOW_CTX_EXECUTION_DATE='2026-05-07T11:00:00+00:00' AIRFLOW_CTX_TRY_NUMBER='1' AIRFLOW_CTX_DAG_RUN_ID='scheduled__2026-05-07T11:00:00+00:00'
[2026-05-07T12:02:03.443+0000] {sensors.py:45} INFO - Market open check at 2026-05-07 08:02 ET: False
[2026-05-07T12:02:03.465+0000] {taskinstance.py:2658} INFO - Rescheduling task, marking task as UP_FOR_RESCHEDULE
[2026-05-07T12:02:03.484+0000] {local_task_job_runner.py:234} INFO - Task exited with return code 0
[2026-05-07T12:02:03.517+0000] {taskinstance.py:3280} INFO - 0 downstream tasks scheduled from follow-on schedule check
[2026-05-07T12:17:04.996+0000] {taskinstance.py:1956} INFO - Dependencies all met for dep_context=non-requeueable deps ti=<TaskInstance: fetch_market_data.check_market_open scheduled__2026-05-07T11:00:00+00:00 [queued]>
[2026-05-07T12:17:05.004+0000] {taskinstance.py:1956} INFO - Dependencies all met for dep_context=requeueable deps ti=<TaskInstance: fetch_market_data.check_market_open scheduled__2026-05-07T11:00:00+00:00 [queued]>
[2026-05-07T12:17:05.004+0000] {taskinstance.py:2170} INFO - Starting attempt 1 of 3
[2026-05-07T12:17:05.021+0000] {taskinstance.py:2191} INFO - Executing <Task(MarketOpenSensor): check_market_open> on 2026-05-07 11:00:00+00:00
[2026-05-07T12:17:05.034+0000] {standard_task_runner.py:60} INFO - Started process 1117386 to run task
[2026-05-07T12:17:05.039+0000] {standard_task_runner.py:87} INFO - Running: ['airflow', 'tasks', 'run', 'fetch_market_data', 'check_market_open', 'scheduled__2026-05-07T11:00:00+00:00', '--job-id', '1499', '--raw', '--subdir', 'DAGS_FOLDER/fetch_market_data.py', '--cfg-path', '/tmp/tmpx8b9xkrh']
[2026-05-07T12:17:05.043+0000] {standard_task_runner.py:88} INFO - Job 1499: Subtask check_market_open
[2026-05-07T12:17:05.119+0000] {task_command.py:423} INFO - Running <TaskInstance: fetch_market_data.check_market_open scheduled__2026-05-07T11:00:00+00:00 [running]> on host reddit-pipeline-vm
[2026-05-07T12:17:05.222+0000] {taskinstance.py:2480} INFO - Exporting env vars: AIRFLOW_CTX_DAG_OWNER='pipeline' AIRFLOW_CTX_DAG_ID='fetch_market_data' AIRFLOW_CTX_TASK_ID='check_market_open' AIRFLOW_CTX_EXECUTION_DATE='2026-05-07T11:00:00+00:00' AIRFLOW_CTX_TRY_NUMBER='1' AIRFLOW_CTX_DAG_RUN_ID='scheduled__2026-05-07T11:00:00+00:00'
[2026-05-07T12:17:05.239+0000] {sensors.py:45} INFO - Market open check at 2026-05-07 08:17 ET: False
[2026-05-07T12:17:05.264+0000] {taskinstance.py:2658} INFO - Rescheduling task, marking task as UP_FOR_RESCHEDULE
[2026-05-07T12:17:05.293+0000] {local_task_job_runner.py:234} INFO - Task exited with return code 0
[2026-05-07T12:17:05.327+0000] {taskinstance.py:3280} INFO - 0 downstream tasks scheduled from follow-on schedule check
[2026-05-07T12:32:05.839+0000] {taskinstance.py:1956} INFO - Dependencies all met for dep_context=non-requeueable deps ti=<TaskInstance: fetch_market_data.check_market_open scheduled__2026-05-07T11:00:00+00:00 [queued]>
[2026-05-07T12:32:05.846+0000] {taskinstance.py:1956} INFO - Dependencies all met for dep_context=requeueable deps ti=<TaskInstance: fetch_market_data.check_market_open scheduled__2026-05-07T11:00:00+00:00 [queued]>
[2026-05-07T12:32:05.846+0000] {taskinstance.py:2170} INFO - Starting attempt 1 of 3
[2026-05-07T12:32:05.857+0000] {taskinstance.py:2191} INFO - Executing <Task(MarketOpenSensor): check_market_open> on 2026-05-07 11:00:00+00:00
[2026-05-07T12:32:05.863+0000] {standard_task_runner.py:60} INFO - Started process 1118341 to run task
[2026-05-07T12:32:05.866+0000] {standard_task_runner.py:87} INFO - Running: ['airflow', 'tasks', 'run', 'fetch_market_data', 'check_market_open', 'scheduled__2026-05-07T11:00:00+00:00', '--job-id', '1500', '--raw', '--subdir', 'DAGS_FOLDER/fetch_market_data.py', '--cfg-path', '/tmp/tmpwufu9r4d']
[2026-05-07T12:32:05.868+0000] {standard_task_runner.py:88} INFO - Job 1500: Subtask check_market_open
[2026-05-07T12:32:05.929+0000] {task_command.py:423} INFO - Running <TaskInstance: fetch_market_data.check_market_open scheduled__2026-05-07T11:00:00+00:00 [running]> on host reddit-pipeline-vm
[2026-05-07T12:32:06.017+0000] {taskinstance.py:2480} INFO - Exporting env vars: AIRFLOW_CTX_DAG_OWNER='pipeline' AIRFLOW_CTX_DAG_ID='fetch_market_data' AIRFLOW_CTX_TASK_ID='check_market_open' AIRFLOW_CTX_EXECUTION_DATE='2026-05-07T11:00:00+00:00' AIRFLOW_CTX_TRY_NUMBER='1' AIRFLOW_CTX_DAG_RUN_ID='scheduled__2026-05-07T11:00:00+00:00'
[2026-05-07T12:32:06.031+0000] {sensors.py:45} INFO - Market open check at 2026-05-07 08:32 ET: False
[2026-05-07T12:32:06.052+0000] {taskinstance.py:2658} INFO - Rescheduling task, marking task as UP_FOR_RESCHEDULE
[2026-05-07T12:32:06.081+0000] {local_task_job_runner.py:234} INFO - Task exited with return code 0
[2026-05-07T12:32:06.113+0000] {taskinstance.py:3280} INFO - 0 downstream tasks scheduled from follow-on schedule check
[2026-05-07T12:47:06.919+0000] {taskinstance.py:1956} INFO - Dependencies all met for dep_context=non-requeueable deps ti=<TaskInstance: fetch_market_data.check_market_open scheduled__2026-05-07T11:00:00+00:00 [queued]>
[2026-05-07T12:47:06.927+0000] {taskinstance.py:1956} INFO - Dependencies all met for dep_context=requeueable deps ti=<TaskInstance: fetch_market_data.check_market_open scheduled__2026-05-07T11:00:00+00:00 [queued]>
[2026-05-07T12:47:06.927+0000] {taskinstance.py:2170} INFO - Starting attempt 1 of 3
[2026-05-07T12:47:06.943+0000] {taskinstance.py:2191} INFO - Executing <Task(MarketOpenSensor): check_market_open> on 2026-05-07 11:00:00+00:00
[2026-05-07T12:47:06.951+0000] {standard_task_runner.py:60} INFO - Started process 1119318 to run task
[2026-05-07T12:47:06.958+0000] {standard_task_runner.py:87} INFO - Running: ['airflow', 'tasks', 'run', 'fetch_market_data', 'check_market_open', 'scheduled__2026-05-07T11:00:00+00:00', '--job-id', '1501', '--raw', '--subdir', 'DAGS_FOLDER/fetch_market_data.py', '--cfg-path', '/tmp/tmpejqhenyw']
[2026-05-07T12:47:06.960+0000] {standard_task_runner.py:88} INFO - Job 1501: Subtask check_market_open
[2026-05-07T12:47:07.027+0000] {task_command.py:423} INFO - Running <TaskInstance: fetch_market_data.check_market_open scheduled__2026-05-07T11:00:00+00:00 [running]> on host reddit-pipeline-vm
[2026-05-07T12:47:07.126+0000] {taskinstance.py:2480} INFO - Exporting env vars: AIRFLOW_CTX_DAG_OWNER='pipeline' AIRFLOW_CTX_DAG_ID='fetch_market_data' AIRFLOW_CTX_TASK_ID='check_market_open' AIRFLOW_CTX_EXECUTION_DATE='2026-05-07T11:00:00+00:00' AIRFLOW_CTX_TRY_NUMBER='1' AIRFLOW_CTX_DAG_RUN_ID='scheduled__2026-05-07T11:00:00+00:00'
[2026-05-07T12:47:07.143+0000] {sensors.py:45} INFO - Market open check at 2026-05-07 08:47 ET: False
[2026-05-07T12:47:07.170+0000] {taskinstance.py:2658} INFO - Rescheduling task, marking task as UP_FOR_RESCHEDULE
[2026-05-07T12:47:07.213+0000] {local_task_job_runner.py:234} INFO - Task exited with return code 0
[2026-05-07T12:47:07.250+0000] {taskinstance.py:3280} INFO - 0 downstream tasks scheduled from follow-on schedule check
[2026-05-07T13:02:07.901+0000] {taskinstance.py:1956} INFO - Dependencies all met for dep_context=non-requeueable deps ti=<TaskInstance: fetch_market_data.check_market_open scheduled__2026-05-07T11:00:00+00:00 [queued]>
[2026-05-07T13:02:07.909+0000] {taskinstance.py:1956} INFO - Dependencies all met for dep_context=requeueable deps ti=<TaskInstance: fetch_market_data.check_market_open scheduled__2026-05-07T11:00:00+00:00 [queued]>
[2026-05-07T13:02:07.909+0000] {taskinstance.py:2170} INFO - Starting attempt 1 of 3
[2026-05-07T13:02:07.922+0000] {taskinstance.py:2191} INFO - Executing <Task(MarketOpenSensor): check_market_open> on 2026-05-07 11:00:00+00:00
[2026-05-07T13:02:07.928+0000] {standard_task_runner.py:60} INFO - Started process 1120246 to run task
[2026-05-07T13:02:07.931+0000] {standard_task_runner.py:87} INFO - Running: ['airflow', 'tasks', 'run', 'fetch_market_data', 'check_market_open', 'scheduled__2026-05-07T11:00:00+00:00', '--job-id', '1502', '--raw', '--subdir', 'DAGS_FOLDER/fetch_market_data.py', '--cfg-path', '/tmp/tmp28yr56rg']
[2026-05-07T13:02:07.934+0000] {standard_task_runner.py:88} INFO - Job 1502: Subtask check_market_open
[2026-05-07T13:02:08.002+0000] {task_command.py:423} INFO - Running <TaskInstance: fetch_market_data.check_market_open scheduled__2026-05-07T11:00:00+00:00 [running]> on host reddit-pipeline-vm
[2026-05-07T13:02:08.103+0000] {taskinstance.py:2480} INFO - Exporting env vars: AIRFLOW_CTX_DAG_OWNER='pipeline' AIRFLOW_CTX_DAG_ID='fetch_market_data' AIRFLOW_CTX_TASK_ID='check_market_open' AIRFLOW_CTX_EXECUTION_DATE='2026-05-07T11:00:00+00:00' AIRFLOW_CTX_TRY_NUMBER='1' AIRFLOW_CTX_DAG_RUN_ID='scheduled__2026-05-07T11:00:00+00:00'
[2026-05-07T13:02:08.119+0000] {sensors.py:45} INFO - Market open check at 2026-05-07 09:02 ET: False
[2026-05-07T13:02:08.120+0000] {taskinstance.py:2360} INFO - Sensor has timed out; run duration of 3604.759248 seconds exceeds the specified timeout of 3600.0.
[2026-05-07T13:02:08.135+0000] {taskinstance.py:1138} INFO - Marking task as SKIPPED. dag_id=fetch_market_data, task_id=check_market_open, execution_date=20260507T110000, start_date=20260507T130207, end_date=20260507T130208
[2026-05-07T13:02:08.186+0000] {local_task_job_runner.py:234} INFO - Task exited with return code 0
[2026-05-07T13:02:08.230+0000] {taskinstance.py:3280} INFO - 0 downstream tasks scheduled from follow-on schedule check
