[2026-05-08T23:00:23.192+0000] {taskinstance.py:1956} INFO - Dependencies all met for dep_context=non-requeueable deps ti=<TaskInstance: fetch_market_data.check_market_open scheduled__2026-05-08T22:00:00+00:00 [queued]>
[2026-05-08T23:00:23.199+0000] {taskinstance.py:1956} INFO - Dependencies all met for dep_context=requeueable deps ti=<TaskInstance: fetch_market_data.check_market_open scheduled__2026-05-08T22:00:00+00:00 [queued]>
[2026-05-08T23:00:23.199+0000] {taskinstance.py:2170} INFO - Starting attempt 1 of 3
[2026-05-08T23:00:23.211+0000] {taskinstance.py:2191} INFO - Executing <Task(MarketOpenSensor): check_market_open> on 2026-05-08 22:00:00+00:00
[2026-05-08T23:00:23.217+0000] {standard_task_runner.py:60} INFO - Started process 1259350 to run task
[2026-05-08T23:00:23.220+0000] {standard_task_runner.py:87} INFO - Running: ['airflow', 'tasks', 'run', 'fetch_market_data', 'check_market_open', 'scheduled__2026-05-08T22:00:00+00:00', '--job-id', '1761', '--raw', '--subdir', 'DAGS_FOLDER/fetch_market_data.py', '--cfg-path', '/tmp/tmp9vs2e7b4']
[2026-05-08T23:00:23.223+0000] {standard_task_runner.py:88} INFO - Job 1761: Subtask check_market_open
[2026-05-08T23:00:23.287+0000] {task_command.py:423} INFO - Running <TaskInstance: fetch_market_data.check_market_open scheduled__2026-05-08T22:00:00+00:00 [running]> on host reddit-pipeline-vm
[2026-05-08T23:00:23.383+0000] {taskinstance.py:2480} INFO - Exporting env vars: AIRFLOW_CTX_DAG_OWNER='pipeline' AIRFLOW_CTX_DAG_ID='fetch_market_data' AIRFLOW_CTX_TASK_ID='check_market_open' AIRFLOW_CTX_EXECUTION_DATE='2026-05-08T22:00:00+00:00' AIRFLOW_CTX_TRY_NUMBER='1' AIRFLOW_CTX_DAG_RUN_ID='scheduled__2026-05-08T22:00:00+00:00'
[2026-05-08T23:00:23.398+0000] {sensors.py:45} INFO - Market open check at 2026-05-08 19:00 ET: False
[2026-05-08T23:00:23.420+0000] {taskinstance.py:2658} INFO - Rescheduling task, marking task as UP_FOR_RESCHEDULE
[2026-05-08T23:00:23.433+0000] {local_task_job_runner.py:234} INFO - Task exited with return code 0
[2026-05-08T23:00:23.466+0000] {taskinstance.py:3280} INFO - 0 downstream tasks scheduled from follow-on schedule check
[2026-05-08T23:15:23.962+0000] {taskinstance.py:1956} INFO - Dependencies all met for dep_context=non-requeueable deps ti=<TaskInstance: fetch_market_data.check_market_open scheduled__2026-05-08T22:00:00+00:00 [queued]>
[2026-05-08T23:15:23.969+0000] {taskinstance.py:1956} INFO - Dependencies all met for dep_context=requeueable deps ti=<TaskInstance: fetch_market_data.check_market_open scheduled__2026-05-08T22:00:00+00:00 [queued]>
[2026-05-08T23:15:23.969+0000] {taskinstance.py:2170} INFO - Starting attempt 1 of 3
[2026-05-08T23:15:23.981+0000] {taskinstance.py:2191} INFO - Executing <Task(MarketOpenSensor): check_market_open> on 2026-05-08 22:00:00+00:00
[2026-05-08T23:15:23.987+0000] {standard_task_runner.py:60} INFO - Started process 1260367 to run task
[2026-05-08T23:15:23.991+0000] {standard_task_runner.py:87} INFO - Running: ['airflow', 'tasks', 'run', 'fetch_market_data', 'check_market_open', 'scheduled__2026-05-08T22:00:00+00:00', '--job-id', '1762', '--raw', '--subdir', 'DAGS_FOLDER/fetch_market_data.py', '--cfg-path', '/tmp/tmpll3__bzh']
[2026-05-08T23:15:23.993+0000] {standard_task_runner.py:88} INFO - Job 1762: Subtask check_market_open
[2026-05-08T23:15:24.057+0000] {task_command.py:423} INFO - Running <TaskInstance: fetch_market_data.check_market_open scheduled__2026-05-08T22:00:00+00:00 [running]> on host reddit-pipeline-vm
[2026-05-08T23:15:24.151+0000] {taskinstance.py:2480} INFO - Exporting env vars: AIRFLOW_CTX_DAG_OWNER='pipeline' AIRFLOW_CTX_DAG_ID='fetch_market_data' AIRFLOW_CTX_TASK_ID='check_market_open' AIRFLOW_CTX_EXECUTION_DATE='2026-05-08T22:00:00+00:00' AIRFLOW_CTX_TRY_NUMBER='1' AIRFLOW_CTX_DAG_RUN_ID='scheduled__2026-05-08T22:00:00+00:00'
[2026-05-08T23:15:24.166+0000] {sensors.py:45} INFO - Market open check at 2026-05-08 19:15 ET: False
[2026-05-08T23:15:24.190+0000] {taskinstance.py:2658} INFO - Rescheduling task, marking task as UP_FOR_RESCHEDULE
[2026-05-08T23:15:24.203+0000] {local_task_job_runner.py:234} INFO - Task exited with return code 0
[2026-05-08T23:15:24.237+0000] {taskinstance.py:3280} INFO - 0 downstream tasks scheduled from follow-on schedule check
[2026-05-08T23:30:24.775+0000] {taskinstance.py:1956} INFO - Dependencies all met for dep_context=non-requeueable deps ti=<TaskInstance: fetch_market_data.check_market_open scheduled__2026-05-08T22:00:00+00:00 [queued]>
[2026-05-08T23:30:24.788+0000] {taskinstance.py:1956} INFO - Dependencies all met for dep_context=requeueable deps ti=<TaskInstance: fetch_market_data.check_market_open scheduled__2026-05-08T22:00:00+00:00 [queued]>
[2026-05-08T23:30:24.788+0000] {taskinstance.py:2170} INFO - Starting attempt 1 of 3
[2026-05-08T23:30:24.800+0000] {taskinstance.py:2191} INFO - Executing <Task(MarketOpenSensor): check_market_open> on 2026-05-08 22:00:00+00:00
[2026-05-08T23:30:24.806+0000] {standard_task_runner.py:60} INFO - Started process 1261407 to run task
[2026-05-08T23:30:24.809+0000] {standard_task_runner.py:87} INFO - Running: ['airflow', 'tasks', 'run', 'fetch_market_data', 'check_market_open', 'scheduled__2026-05-08T22:00:00+00:00', '--job-id', '1763', '--raw', '--subdir', 'DAGS_FOLDER/fetch_market_data.py', '--cfg-path', '/tmp/tmplj2adlzr']
[2026-05-08T23:30:24.811+0000] {standard_task_runner.py:88} INFO - Job 1763: Subtask check_market_open
[2026-05-08T23:30:24.876+0000] {task_command.py:423} INFO - Running <TaskInstance: fetch_market_data.check_market_open scheduled__2026-05-08T22:00:00+00:00 [running]> on host reddit-pipeline-vm
[2026-05-08T23:30:24.969+0000] {taskinstance.py:2480} INFO - Exporting env vars: AIRFLOW_CTX_DAG_OWNER='pipeline' AIRFLOW_CTX_DAG_ID='fetch_market_data' AIRFLOW_CTX_TASK_ID='check_market_open' AIRFLOW_CTX_EXECUTION_DATE='2026-05-08T22:00:00+00:00' AIRFLOW_CTX_TRY_NUMBER='1' AIRFLOW_CTX_DAG_RUN_ID='scheduled__2026-05-08T22:00:00+00:00'
[2026-05-08T23:30:24.984+0000] {sensors.py:45} INFO - Market open check at 2026-05-08 19:30 ET: False
[2026-05-08T23:30:25.007+0000] {taskinstance.py:2658} INFO - Rescheduling task, marking task as UP_FOR_RESCHEDULE
[2026-05-08T23:30:25.022+0000] {local_task_job_runner.py:234} INFO - Task exited with return code 0
[2026-05-08T23:30:25.056+0000] {taskinstance.py:3280} INFO - 0 downstream tasks scheduled from follow-on schedule check
[2026-05-08T23:45:25.562+0000] {taskinstance.py:1956} INFO - Dependencies all met for dep_context=non-requeueable deps ti=<TaskInstance: fetch_market_data.check_market_open scheduled__2026-05-08T22:00:00+00:00 [queued]>
[2026-05-08T23:45:25.569+0000] {taskinstance.py:1956} INFO - Dependencies all met for dep_context=requeueable deps ti=<TaskInstance: fetch_market_data.check_market_open scheduled__2026-05-08T22:00:00+00:00 [queued]>
[2026-05-08T23:45:25.569+0000] {taskinstance.py:2170} INFO - Starting attempt 1 of 3
[2026-05-08T23:45:25.581+0000] {taskinstance.py:2191} INFO - Executing <Task(MarketOpenSensor): check_market_open> on 2026-05-08 22:00:00+00:00
[2026-05-08T23:45:25.588+0000] {standard_task_runner.py:60} INFO - Started process 1262430 to run task
[2026-05-08T23:45:25.591+0000] {standard_task_runner.py:87} INFO - Running: ['airflow', 'tasks', 'run', 'fetch_market_data', 'check_market_open', 'scheduled__2026-05-08T22:00:00+00:00', '--job-id', '1764', '--raw', '--subdir', 'DAGS_FOLDER/fetch_market_data.py', '--cfg-path', '/tmp/tmp_fm6_nqf']
[2026-05-08T23:45:25.593+0000] {standard_task_runner.py:88} INFO - Job 1764: Subtask check_market_open
[2026-05-08T23:45:25.659+0000] {task_command.py:423} INFO - Running <TaskInstance: fetch_market_data.check_market_open scheduled__2026-05-08T22:00:00+00:00 [running]> on host reddit-pipeline-vm
[2026-05-08T23:45:25.753+0000] {taskinstance.py:2480} INFO - Exporting env vars: AIRFLOW_CTX_DAG_OWNER='pipeline' AIRFLOW_CTX_DAG_ID='fetch_market_data' AIRFLOW_CTX_TASK_ID='check_market_open' AIRFLOW_CTX_EXECUTION_DATE='2026-05-08T22:00:00+00:00' AIRFLOW_CTX_TRY_NUMBER='1' AIRFLOW_CTX_DAG_RUN_ID='scheduled__2026-05-08T22:00:00+00:00'
[2026-05-08T23:45:25.769+0000] {sensors.py:45} INFO - Market open check at 2026-05-08 19:45 ET: False
[2026-05-08T23:45:25.797+0000] {taskinstance.py:2658} INFO - Rescheduling task, marking task as UP_FOR_RESCHEDULE
[2026-05-08T23:45:25.843+0000] {local_task_job_runner.py:234} INFO - Task exited with return code 0
[2026-05-08T23:45:25.878+0000] {taskinstance.py:3280} INFO - 0 downstream tasks scheduled from follow-on schedule check
[2026-05-09T00:00:26.852+0000] {taskinstance.py:1956} INFO - Dependencies all met for dep_context=non-requeueable deps ti=<TaskInstance: fetch_market_data.check_market_open scheduled__2026-05-08T22:00:00+00:00 [queued]>
[2026-05-09T00:00:26.860+0000] {taskinstance.py:1956} INFO - Dependencies all met for dep_context=requeueable deps ti=<TaskInstance: fetch_market_data.check_market_open scheduled__2026-05-08T22:00:00+00:00 [queued]>
[2026-05-09T00:00:26.860+0000] {taskinstance.py:2170} INFO - Starting attempt 1 of 3
[2026-05-09T00:00:26.873+0000] {taskinstance.py:2191} INFO - Executing <Task(MarketOpenSensor): check_market_open> on 2026-05-08 22:00:00+00:00
[2026-05-09T00:00:26.879+0000] {standard_task_runner.py:60} INFO - Started process 1263447 to run task
[2026-05-09T00:00:26.884+0000] {standard_task_runner.py:87} INFO - Running: ['airflow', 'tasks', 'run', 'fetch_market_data', 'check_market_open', 'scheduled__2026-05-08T22:00:00+00:00', '--job-id', '1765', '--raw', '--subdir', 'DAGS_FOLDER/fetch_market_data.py', '--cfg-path', '/tmp/tmpfwjk6v9l']
[2026-05-09T00:00:26.886+0000] {standard_task_runner.py:88} INFO - Job 1765: Subtask check_market_open
[2026-05-09T00:00:26.949+0000] {task_command.py:423} INFO - Running <TaskInstance: fetch_market_data.check_market_open scheduled__2026-05-08T22:00:00+00:00 [running]> on host reddit-pipeline-vm
[2026-05-09T00:00:27.041+0000] {taskinstance.py:2480} INFO - Exporting env vars: AIRFLOW_CTX_DAG_OWNER='pipeline' AIRFLOW_CTX_DAG_ID='fetch_market_data' AIRFLOW_CTX_TASK_ID='check_market_open' AIRFLOW_CTX_EXECUTION_DATE='2026-05-08T22:00:00+00:00' AIRFLOW_CTX_TRY_NUMBER='1' AIRFLOW_CTX_DAG_RUN_ID='scheduled__2026-05-08T22:00:00+00:00'
[2026-05-09T00:00:27.056+0000] {sensors.py:45} INFO - Market open check at 2026-05-08 20:00 ET: False
[2026-05-09T00:00:27.057+0000] {taskinstance.py:2360} INFO - Sensor has timed out; run duration of 3603.740539 seconds exceeds the specified timeout of 3600.0.
[2026-05-09T00:00:27.070+0000] {taskinstance.py:1138} INFO - Marking task as SKIPPED. dag_id=fetch_market_data, task_id=check_market_open, execution_date=20260508T220000, start_date=20260509T000026, end_date=20260509T000027
[2026-05-09T00:00:27.096+0000] {local_task_job_runner.py:234} INFO - Task exited with return code 0
[2026-05-09T00:00:27.138+0000] {taskinstance.py:3280} INFO - 0 downstream tasks scheduled from follow-on schedule check
