[2026-05-05T01:00:32.947+0000] {taskinstance.py:1956} INFO - Dependencies all met for dep_context=non-requeueable deps ti=<TaskInstance: fetch_market_data.check_market_open scheduled__2026-05-05T00:00:00+00:00 [queued]>
[2026-05-05T01:00:32.954+0000] {taskinstance.py:1956} INFO - Dependencies all met for dep_context=requeueable deps ti=<TaskInstance: fetch_market_data.check_market_open scheduled__2026-05-05T00:00:00+00:00 [queued]>
[2026-05-05T01:00:32.954+0000] {taskinstance.py:2170} INFO - Starting attempt 1 of 3
[2026-05-05T01:00:32.964+0000] {taskinstance.py:2191} INFO - Executing <Task(MarketOpenSensor): check_market_open> on 2026-05-05 00:00:00+00:00
[2026-05-05T01:00:32.970+0000] {standard_task_runner.py:60} INFO - Started process 952782 to run task
[2026-05-05T01:00:32.974+0000] {standard_task_runner.py:87} INFO - Running: ['airflow', 'tasks', 'run', 'fetch_market_data', 'check_market_open', 'scheduled__2026-05-05T00:00:00+00:00', '--job-id', '1224', '--raw', '--subdir', 'DAGS_FOLDER/fetch_market_data.py', '--cfg-path', '/tmp/tmphwoxzxqd']
[2026-05-05T01:00:32.976+0000] {standard_task_runner.py:88} INFO - Job 1224: Subtask check_market_open
[2026-05-05T01:00:33.051+0000] {task_command.py:423} INFO - Running <TaskInstance: fetch_market_data.check_market_open scheduled__2026-05-05T00:00:00+00:00 [running]> on host reddit-pipeline-vm
[2026-05-05T01:00:33.162+0000] {taskinstance.py:2480} INFO - Exporting env vars: AIRFLOW_CTX_DAG_OWNER='pipeline' AIRFLOW_CTX_DAG_ID='fetch_market_data' AIRFLOW_CTX_TASK_ID='check_market_open' AIRFLOW_CTX_EXECUTION_DATE='2026-05-05T00:00:00+00:00' AIRFLOW_CTX_TRY_NUMBER='1' AIRFLOW_CTX_DAG_RUN_ID='scheduled__2026-05-05T00:00:00+00:00'
[2026-05-05T01:00:33.180+0000] {sensors.py:45} INFO - Market open check at 2026-05-04 21:00 ET: False
[2026-05-05T01:00:33.206+0000] {taskinstance.py:2658} INFO - Rescheduling task, marking task as UP_FOR_RESCHEDULE
[2026-05-05T01:00:33.227+0000] {local_task_job_runner.py:234} INFO - Task exited with return code 0
[2026-05-05T01:00:33.268+0000] {taskinstance.py:3280} INFO - 0 downstream tasks scheduled from follow-on schedule check
[2026-05-05T01:15:33.802+0000] {taskinstance.py:1956} INFO - Dependencies all met for dep_context=non-requeueable deps ti=<TaskInstance: fetch_market_data.check_market_open scheduled__2026-05-05T00:00:00+00:00 [queued]>
[2026-05-05T01:15:33.809+0000] {taskinstance.py:1956} INFO - Dependencies all met for dep_context=requeueable deps ti=<TaskInstance: fetch_market_data.check_market_open scheduled__2026-05-05T00:00:00+00:00 [queued]>
[2026-05-05T01:15:33.809+0000] {taskinstance.py:2170} INFO - Starting attempt 1 of 3
[2026-05-05T01:15:33.820+0000] {taskinstance.py:2191} INFO - Executing <Task(MarketOpenSensor): check_market_open> on 2026-05-05 00:00:00+00:00
[2026-05-05T01:15:33.827+0000] {standard_task_runner.py:60} INFO - Started process 953521 to run task
[2026-05-05T01:15:33.830+0000] {standard_task_runner.py:87} INFO - Running: ['airflow', 'tasks', 'run', 'fetch_market_data', 'check_market_open', 'scheduled__2026-05-05T00:00:00+00:00', '--job-id', '1225', '--raw', '--subdir', 'DAGS_FOLDER/fetch_market_data.py', '--cfg-path', '/tmp/tmpkwj_6exi']
[2026-05-05T01:15:33.833+0000] {standard_task_runner.py:88} INFO - Job 1225: Subtask check_market_open
[2026-05-05T01:15:33.907+0000] {task_command.py:423} INFO - Running <TaskInstance: fetch_market_data.check_market_open scheduled__2026-05-05T00:00:00+00:00 [running]> on host reddit-pipeline-vm
[2026-05-05T01:15:34.014+0000] {taskinstance.py:2480} INFO - Exporting env vars: AIRFLOW_CTX_DAG_OWNER='pipeline' AIRFLOW_CTX_DAG_ID='fetch_market_data' AIRFLOW_CTX_TASK_ID='check_market_open' AIRFLOW_CTX_EXECUTION_DATE='2026-05-05T00:00:00+00:00' AIRFLOW_CTX_TRY_NUMBER='1' AIRFLOW_CTX_DAG_RUN_ID='scheduled__2026-05-05T00:00:00+00:00'
[2026-05-05T01:15:34.032+0000] {sensors.py:45} INFO - Market open check at 2026-05-04 21:15 ET: False
[2026-05-05T01:15:34.057+0000] {taskinstance.py:2658} INFO - Rescheduling task, marking task as UP_FOR_RESCHEDULE
[2026-05-05T01:15:34.083+0000] {local_task_job_runner.py:234} INFO - Task exited with return code 0
[2026-05-05T01:15:34.122+0000] {taskinstance.py:3280} INFO - 0 downstream tasks scheduled from follow-on schedule check
[2026-05-05T01:30:35.578+0000] {taskinstance.py:1956} INFO - Dependencies all met for dep_context=non-requeueable deps ti=<TaskInstance: fetch_market_data.check_market_open scheduled__2026-05-05T00:00:00+00:00 [queued]>
[2026-05-05T01:30:35.588+0000] {taskinstance.py:1956} INFO - Dependencies all met for dep_context=requeueable deps ti=<TaskInstance: fetch_market_data.check_market_open scheduled__2026-05-05T00:00:00+00:00 [queued]>
[2026-05-05T01:30:35.589+0000] {taskinstance.py:2170} INFO - Starting attempt 1 of 3
[2026-05-05T01:30:35.601+0000] {taskinstance.py:2191} INFO - Executing <Task(MarketOpenSensor): check_market_open> on 2026-05-05 00:00:00+00:00
[2026-05-05T01:30:35.608+0000] {standard_task_runner.py:60} INFO - Started process 954250 to run task
[2026-05-05T01:30:35.612+0000] {standard_task_runner.py:87} INFO - Running: ['airflow', 'tasks', 'run', 'fetch_market_data', 'check_market_open', 'scheduled__2026-05-05T00:00:00+00:00', '--job-id', '1226', '--raw', '--subdir', 'DAGS_FOLDER/fetch_market_data.py', '--cfg-path', '/tmp/tmpvrsummns']
[2026-05-05T01:30:35.614+0000] {standard_task_runner.py:88} INFO - Job 1226: Subtask check_market_open
[2026-05-05T01:30:35.698+0000] {task_command.py:423} INFO - Running <TaskInstance: fetch_market_data.check_market_open scheduled__2026-05-05T00:00:00+00:00 [running]> on host reddit-pipeline-vm
[2026-05-05T01:30:35.826+0000] {taskinstance.py:2480} INFO - Exporting env vars: AIRFLOW_CTX_DAG_OWNER='pipeline' AIRFLOW_CTX_DAG_ID='fetch_market_data' AIRFLOW_CTX_TASK_ID='check_market_open' AIRFLOW_CTX_EXECUTION_DATE='2026-05-05T00:00:00+00:00' AIRFLOW_CTX_TRY_NUMBER='1' AIRFLOW_CTX_DAG_RUN_ID='scheduled__2026-05-05T00:00:00+00:00'
[2026-05-05T01:30:35.846+0000] {sensors.py:45} INFO - Market open check at 2026-05-04 21:30 ET: False
[2026-05-05T01:30:35.877+0000] {taskinstance.py:2658} INFO - Rescheduling task, marking task as UP_FOR_RESCHEDULE
[2026-05-05T01:30:35.908+0000] {local_task_job_runner.py:234} INFO - Task exited with return code 0
[2026-05-05T01:30:35.952+0000] {taskinstance.py:3280} INFO - 0 downstream tasks scheduled from follow-on schedule check
[2026-05-05T01:45:37.155+0000] {taskinstance.py:1956} INFO - Dependencies all met for dep_context=non-requeueable deps ti=<TaskInstance: fetch_market_data.check_market_open scheduled__2026-05-05T00:00:00+00:00 [queued]>
[2026-05-05T01:45:37.164+0000] {taskinstance.py:1956} INFO - Dependencies all met for dep_context=requeueable deps ti=<TaskInstance: fetch_market_data.check_market_open scheduled__2026-05-05T00:00:00+00:00 [queued]>
[2026-05-05T01:45:37.164+0000] {taskinstance.py:2170} INFO - Starting attempt 1 of 3
[2026-05-05T01:45:37.177+0000] {taskinstance.py:2191} INFO - Executing <Task(MarketOpenSensor): check_market_open> on 2026-05-05 00:00:00+00:00
[2026-05-05T01:45:37.183+0000] {standard_task_runner.py:60} INFO - Started process 954991 to run task
[2026-05-05T01:45:37.187+0000] {standard_task_runner.py:87} INFO - Running: ['airflow', 'tasks', 'run', 'fetch_market_data', 'check_market_open', 'scheduled__2026-05-05T00:00:00+00:00', '--job-id', '1227', '--raw', '--subdir', 'DAGS_FOLDER/fetch_market_data.py', '--cfg-path', '/tmp/tmpcjnw9hpk']
[2026-05-05T01:45:37.189+0000] {standard_task_runner.py:88} INFO - Job 1227: Subtask check_market_open
[2026-05-05T01:45:37.272+0000] {task_command.py:423} INFO - Running <TaskInstance: fetch_market_data.check_market_open scheduled__2026-05-05T00:00:00+00:00 [running]> on host reddit-pipeline-vm
[2026-05-05T01:45:37.397+0000] {taskinstance.py:2480} INFO - Exporting env vars: AIRFLOW_CTX_DAG_OWNER='pipeline' AIRFLOW_CTX_DAG_ID='fetch_market_data' AIRFLOW_CTX_TASK_ID='check_market_open' AIRFLOW_CTX_EXECUTION_DATE='2026-05-05T00:00:00+00:00' AIRFLOW_CTX_TRY_NUMBER='1' AIRFLOW_CTX_DAG_RUN_ID='scheduled__2026-05-05T00:00:00+00:00'
[2026-05-05T01:45:37.417+0000] {sensors.py:45} INFO - Market open check at 2026-05-04 21:45 ET: False
[2026-05-05T01:45:37.447+0000] {taskinstance.py:2658} INFO - Rescheduling task, marking task as UP_FOR_RESCHEDULE
[2026-05-05T01:45:37.480+0000] {local_task_job_runner.py:234} INFO - Task exited with return code 0
[2026-05-05T01:45:37.525+0000] {taskinstance.py:3280} INFO - 0 downstream tasks scheduled from follow-on schedule check
[2026-05-05T02:00:38.637+0000] {taskinstance.py:1956} INFO - Dependencies all met for dep_context=non-requeueable deps ti=<TaskInstance: fetch_market_data.check_market_open scheduled__2026-05-05T00:00:00+00:00 [queued]>
[2026-05-05T02:00:38.647+0000] {taskinstance.py:1956} INFO - Dependencies all met for dep_context=requeueable deps ti=<TaskInstance: fetch_market_data.check_market_open scheduled__2026-05-05T00:00:00+00:00 [queued]>
[2026-05-05T02:00:38.647+0000] {taskinstance.py:2170} INFO - Starting attempt 1 of 3
[2026-05-05T02:00:38.662+0000] {taskinstance.py:2191} INFO - Executing <Task(MarketOpenSensor): check_market_open> on 2026-05-05 00:00:00+00:00
[2026-05-05T02:00:38.671+0000] {standard_task_runner.py:60} INFO - Started process 955734 to run task
[2026-05-05T02:00:38.674+0000] {standard_task_runner.py:87} INFO - Running: ['airflow', 'tasks', 'run', 'fetch_market_data', 'check_market_open', 'scheduled__2026-05-05T00:00:00+00:00', '--job-id', '1228', '--raw', '--subdir', 'DAGS_FOLDER/fetch_market_data.py', '--cfg-path', '/tmp/tmpyldus_ei']
[2026-05-05T02:00:38.677+0000] {standard_task_runner.py:88} INFO - Job 1228: Subtask check_market_open
[2026-05-05T02:00:38.762+0000] {task_command.py:423} INFO - Running <TaskInstance: fetch_market_data.check_market_open scheduled__2026-05-05T00:00:00+00:00 [running]> on host reddit-pipeline-vm
[2026-05-05T02:00:38.890+0000] {taskinstance.py:2480} INFO - Exporting env vars: AIRFLOW_CTX_DAG_OWNER='pipeline' AIRFLOW_CTX_DAG_ID='fetch_market_data' AIRFLOW_CTX_TASK_ID='check_market_open' AIRFLOW_CTX_EXECUTION_DATE='2026-05-05T00:00:00+00:00' AIRFLOW_CTX_TRY_NUMBER='1' AIRFLOW_CTX_DAG_RUN_ID='scheduled__2026-05-05T00:00:00+00:00'
[2026-05-05T02:00:38.911+0000] {sensors.py:45} INFO - Market open check at 2026-05-04 22:00 ET: False
[2026-05-05T02:00:38.912+0000] {taskinstance.py:2360} INFO - Sensor has timed out; run duration of 3605.826527 seconds exceeds the specified timeout of 3600.0.
[2026-05-05T02:00:38.931+0000] {taskinstance.py:1138} INFO - Marking task as SKIPPED. dag_id=fetch_market_data, task_id=check_market_open, execution_date=20260505T000000, start_date=20260505T020038, end_date=20260505T020038
[2026-05-05T02:00:38.970+0000] {local_task_job_runner.py:234} INFO - Task exited with return code 0
[2026-05-05T02:00:39.028+0000] {taskinstance.py:3280} INFO - 0 downstream tasks scheduled from follow-on schedule check
