[2026-05-11T11:01:38.492+0000] {taskinstance.py:1956} INFO - Dependencies all met for dep_context=non-requeueable deps ti=<TaskInstance: fetch_market_data.check_market_open scheduled__2026-05-11T10:00:00+00:00 [queued]>
[2026-05-11T11:01:38.499+0000] {taskinstance.py:1956} INFO - Dependencies all met for dep_context=requeueable deps ti=<TaskInstance: fetch_market_data.check_market_open scheduled__2026-05-11T10:00:00+00:00 [queued]>
[2026-05-11T11:01:38.499+0000] {taskinstance.py:2170} INFO - Starting attempt 1 of 3
[2026-05-11T11:01:38.511+0000] {taskinstance.py:2191} INFO - Executing <Task(MarketOpenSensor): check_market_open> on 2026-05-11 10:00:00+00:00
[2026-05-11T11:01:38.517+0000] {standard_task_runner.py:60} INFO - Started process 1496986 to run task
[2026-05-11T11:01:38.520+0000] {standard_task_runner.py:87} INFO - Running: ['airflow', 'tasks', 'run', 'fetch_market_data', 'check_market_open', 'scheduled__2026-05-11T10:00:00+00:00', '--job-id', '1821', '--raw', '--subdir', 'DAGS_FOLDER/fetch_market_data.py', '--cfg-path', '/tmp/tmpigtm7mad']
[2026-05-11T11:01:38.522+0000] {standard_task_runner.py:88} INFO - Job 1821: Subtask check_market_open
[2026-05-11T11:01:38.594+0000] {task_command.py:423} INFO - Running <TaskInstance: fetch_market_data.check_market_open scheduled__2026-05-11T10:00:00+00:00 [running]> on host reddit-pipeline-vm
[2026-05-11T11:01:38.704+0000] {taskinstance.py:2480} INFO - Exporting env vars: AIRFLOW_CTX_DAG_OWNER='pipeline' AIRFLOW_CTX_DAG_ID='fetch_market_data' AIRFLOW_CTX_TASK_ID='check_market_open' AIRFLOW_CTX_EXECUTION_DATE='2026-05-11T10:00:00+00:00' AIRFLOW_CTX_TRY_NUMBER='1' AIRFLOW_CTX_DAG_RUN_ID='scheduled__2026-05-11T10:00:00+00:00'
[2026-05-11T11:01:38.725+0000] {sensors.py:45} INFO - Market open check at 2026-05-11 07:01 ET: False
[2026-05-11T11:01:38.755+0000] {taskinstance.py:2658} INFO - Rescheduling task, marking task as UP_FOR_RESCHEDULE
[2026-05-11T11:01:38.775+0000] {local_task_job_runner.py:234} INFO - Task exited with return code 0
[2026-05-11T11:01:38.810+0000] {taskinstance.py:3280} INFO - 0 downstream tasks scheduled from follow-on schedule check
[2026-05-11T11:16:40.255+0000] {taskinstance.py:1956} INFO - Dependencies all met for dep_context=non-requeueable deps ti=<TaskInstance: fetch_market_data.check_market_open scheduled__2026-05-11T10:00:00+00:00 [queued]>
[2026-05-11T11:16:40.264+0000] {taskinstance.py:1956} INFO - Dependencies all met for dep_context=requeueable deps ti=<TaskInstance: fetch_market_data.check_market_open scheduled__2026-05-11T10:00:00+00:00 [queued]>
[2026-05-11T11:16:40.265+0000] {taskinstance.py:2170} INFO - Starting attempt 1 of 3
[2026-05-11T11:16:40.282+0000] {taskinstance.py:2191} INFO - Executing <Task(MarketOpenSensor): check_market_open> on 2026-05-11 10:00:00+00:00
[2026-05-11T11:16:40.289+0000] {standard_task_runner.py:60} INFO - Started process 1498018 to run task
[2026-05-11T11:16:40.292+0000] {standard_task_runner.py:87} INFO - Running: ['airflow', 'tasks', 'run', 'fetch_market_data', 'check_market_open', 'scheduled__2026-05-11T10:00:00+00:00', '--job-id', '1822', '--raw', '--subdir', 'DAGS_FOLDER/fetch_market_data.py', '--cfg-path', '/tmp/tmpgt1f643k']
[2026-05-11T11:16:40.295+0000] {standard_task_runner.py:88} INFO - Job 1822: Subtask check_market_open
[2026-05-11T11:16:40.368+0000] {task_command.py:423} INFO - Running <TaskInstance: fetch_market_data.check_market_open scheduled__2026-05-11T10:00:00+00:00 [running]> on host reddit-pipeline-vm
[2026-05-11T11:16:40.475+0000] {taskinstance.py:2480} INFO - Exporting env vars: AIRFLOW_CTX_DAG_OWNER='pipeline' AIRFLOW_CTX_DAG_ID='fetch_market_data' AIRFLOW_CTX_TASK_ID='check_market_open' AIRFLOW_CTX_EXECUTION_DATE='2026-05-11T10:00:00+00:00' AIRFLOW_CTX_TRY_NUMBER='1' AIRFLOW_CTX_DAG_RUN_ID='scheduled__2026-05-11T10:00:00+00:00'
[2026-05-11T11:16:40.494+0000] {sensors.py:45} INFO - Market open check at 2026-05-11 07:16 ET: False
[2026-05-11T11:16:40.520+0000] {taskinstance.py:2658} INFO - Rescheduling task, marking task as UP_FOR_RESCHEDULE
[2026-05-11T11:16:40.545+0000] {local_task_job_runner.py:234} INFO - Task exited with return code 0
[2026-05-11T11:16:40.583+0000] {taskinstance.py:3280} INFO - 0 downstream tasks scheduled from follow-on schedule check
[2026-05-11T11:31:41.597+0000] {taskinstance.py:1956} INFO - Dependencies all met for dep_context=non-requeueable deps ti=<TaskInstance: fetch_market_data.check_market_open scheduled__2026-05-11T10:00:00+00:00 [queued]>
[2026-05-11T11:31:41.605+0000] {taskinstance.py:1956} INFO - Dependencies all met for dep_context=requeueable deps ti=<TaskInstance: fetch_market_data.check_market_open scheduled__2026-05-11T10:00:00+00:00 [queued]>
[2026-05-11T11:31:41.605+0000] {taskinstance.py:2170} INFO - Starting attempt 1 of 3
[2026-05-11T11:31:41.617+0000] {taskinstance.py:2191} INFO - Executing <Task(MarketOpenSensor): check_market_open> on 2026-05-11 10:00:00+00:00
[2026-05-11T11:31:41.624+0000] {standard_task_runner.py:60} INFO - Started process 1498988 to run task
[2026-05-11T11:31:41.627+0000] {standard_task_runner.py:87} INFO - Running: ['airflow', 'tasks', 'run', 'fetch_market_data', 'check_market_open', 'scheduled__2026-05-11T10:00:00+00:00', '--job-id', '1823', '--raw', '--subdir', 'DAGS_FOLDER/fetch_market_data.py', '--cfg-path', '/tmp/tmp4hannr96']
[2026-05-11T11:31:41.629+0000] {standard_task_runner.py:88} INFO - Job 1823: Subtask check_market_open
[2026-05-11T11:31:41.702+0000] {task_command.py:423} INFO - Running <TaskInstance: fetch_market_data.check_market_open scheduled__2026-05-11T10:00:00+00:00 [running]> on host reddit-pipeline-vm
[2026-05-11T11:31:41.807+0000] {taskinstance.py:2480} INFO - Exporting env vars: AIRFLOW_CTX_DAG_OWNER='pipeline' AIRFLOW_CTX_DAG_ID='fetch_market_data' AIRFLOW_CTX_TASK_ID='check_market_open' AIRFLOW_CTX_EXECUTION_DATE='2026-05-11T10:00:00+00:00' AIRFLOW_CTX_TRY_NUMBER='1' AIRFLOW_CTX_DAG_RUN_ID='scheduled__2026-05-11T10:00:00+00:00'
[2026-05-11T11:31:41.822+0000] {sensors.py:45} INFO - Market open check at 2026-05-11 07:31 ET: False
[2026-05-11T11:31:41.849+0000] {taskinstance.py:2658} INFO - Rescheduling task, marking task as UP_FOR_RESCHEDULE
[2026-05-11T11:31:41.881+0000] {local_task_job_runner.py:234} INFO - Task exited with return code 0
[2026-05-11T11:31:41.916+0000] {taskinstance.py:3280} INFO - 0 downstream tasks scheduled from follow-on schedule check
[2026-05-11T11:46:42.633+0000] {taskinstance.py:1956} INFO - Dependencies all met for dep_context=non-requeueable deps ti=<TaskInstance: fetch_market_data.check_market_open scheduled__2026-05-11T10:00:00+00:00 [queued]>
[2026-05-11T11:46:42.643+0000] {taskinstance.py:1956} INFO - Dependencies all met for dep_context=requeueable deps ti=<TaskInstance: fetch_market_data.check_market_open scheduled__2026-05-11T10:00:00+00:00 [queued]>
[2026-05-11T11:46:42.643+0000] {taskinstance.py:2170} INFO - Starting attempt 1 of 3
[2026-05-11T11:46:42.658+0000] {taskinstance.py:2191} INFO - Executing <Task(MarketOpenSensor): check_market_open> on 2026-05-11 10:00:00+00:00
[2026-05-11T11:46:42.665+0000] {standard_task_runner.py:60} INFO - Started process 1499987 to run task
[2026-05-11T11:46:42.669+0000] {standard_task_runner.py:87} INFO - Running: ['airflow', 'tasks', 'run', 'fetch_market_data', 'check_market_open', 'scheduled__2026-05-11T10:00:00+00:00', '--job-id', '1824', '--raw', '--subdir', 'DAGS_FOLDER/fetch_market_data.py', '--cfg-path', '/tmp/tmpbv6b86pt']
[2026-05-11T11:46:42.671+0000] {standard_task_runner.py:88} INFO - Job 1824: Subtask check_market_open
[2026-05-11T11:46:42.744+0000] {task_command.py:423} INFO - Running <TaskInstance: fetch_market_data.check_market_open scheduled__2026-05-11T10:00:00+00:00 [running]> on host reddit-pipeline-vm
[2026-05-11T11:46:42.853+0000] {taskinstance.py:2480} INFO - Exporting env vars: AIRFLOW_CTX_DAG_OWNER='pipeline' AIRFLOW_CTX_DAG_ID='fetch_market_data' AIRFLOW_CTX_TASK_ID='check_market_open' AIRFLOW_CTX_EXECUTION_DATE='2026-05-11T10:00:00+00:00' AIRFLOW_CTX_TRY_NUMBER='1' AIRFLOW_CTX_DAG_RUN_ID='scheduled__2026-05-11T10:00:00+00:00'
[2026-05-11T11:46:42.870+0000] {sensors.py:45} INFO - Market open check at 2026-05-11 07:46 ET: False
[2026-05-11T11:46:42.897+0000] {taskinstance.py:2658} INFO - Rescheduling task, marking task as UP_FOR_RESCHEDULE
[2026-05-11T11:46:42.921+0000] {local_task_job_runner.py:234} INFO - Task exited with return code 0
[2026-05-11T11:46:42.959+0000] {taskinstance.py:3280} INFO - 0 downstream tasks scheduled from follow-on schedule check
[2026-05-11T12:01:43.583+0000] {taskinstance.py:1956} INFO - Dependencies all met for dep_context=non-requeueable deps ti=<TaskInstance: fetch_market_data.check_market_open scheduled__2026-05-11T10:00:00+00:00 [queued]>
[2026-05-11T12:01:43.591+0000] {taskinstance.py:1956} INFO - Dependencies all met for dep_context=requeueable deps ti=<TaskInstance: fetch_market_data.check_market_open scheduled__2026-05-11T10:00:00+00:00 [queued]>
[2026-05-11T12:01:43.591+0000] {taskinstance.py:2170} INFO - Starting attempt 1 of 3
[2026-05-11T12:01:43.603+0000] {taskinstance.py:2191} INFO - Executing <Task(MarketOpenSensor): check_market_open> on 2026-05-11 10:00:00+00:00
[2026-05-11T12:01:43.609+0000] {standard_task_runner.py:60} INFO - Started process 1500987 to run task
[2026-05-11T12:01:43.613+0000] {standard_task_runner.py:87} INFO - Running: ['airflow', 'tasks', 'run', 'fetch_market_data', 'check_market_open', 'scheduled__2026-05-11T10:00:00+00:00', '--job-id', '1825', '--raw', '--subdir', 'DAGS_FOLDER/fetch_market_data.py', '--cfg-path', '/tmp/tmplzoa6ml5']
[2026-05-11T12:01:43.615+0000] {standard_task_runner.py:88} INFO - Job 1825: Subtask check_market_open
[2026-05-11T12:01:43.685+0000] {task_command.py:423} INFO - Running <TaskInstance: fetch_market_data.check_market_open scheduled__2026-05-11T10:00:00+00:00 [running]> on host reddit-pipeline-vm
[2026-05-11T12:01:43.784+0000] {taskinstance.py:2480} INFO - Exporting env vars: AIRFLOW_CTX_DAG_OWNER='pipeline' AIRFLOW_CTX_DAG_ID='fetch_market_data' AIRFLOW_CTX_TASK_ID='check_market_open' AIRFLOW_CTX_EXECUTION_DATE='2026-05-11T10:00:00+00:00' AIRFLOW_CTX_TRY_NUMBER='1' AIRFLOW_CTX_DAG_RUN_ID='scheduled__2026-05-11T10:00:00+00:00'
[2026-05-11T12:01:43.800+0000] {sensors.py:45} INFO - Market open check at 2026-05-11 08:01 ET: False
[2026-05-11T12:01:43.800+0000] {taskinstance.py:2360} INFO - Sensor has timed out; run duration of 3605.175934 seconds exceeds the specified timeout of 3600.0.
[2026-05-11T12:01:43.815+0000] {taskinstance.py:1138} INFO - Marking task as SKIPPED. dag_id=fetch_market_data, task_id=check_market_open, execution_date=20260511T100000, start_date=20260511T120143, end_date=20260511T120143
[2026-05-11T12:01:43.866+0000] {local_task_job_runner.py:234} INFO - Task exited with return code 0
[2026-05-11T12:01:43.908+0000] {taskinstance.py:3280} INFO - 0 downstream tasks scheduled from follow-on schedule check
