[2026-05-05T18:00:24.743+0000] {taskinstance.py:1956} INFO - Dependencies all met for dep_context=non-requeueable deps ti=<TaskInstance: run_dbt_models.dbt_run manual__2026-05-05T18:00:24.253176+00:00 [queued]>
[2026-05-05T18:00:24.752+0000] {taskinstance.py:1956} INFO - Dependencies all met for dep_context=requeueable deps ti=<TaskInstance: run_dbt_models.dbt_run manual__2026-05-05T18:00:24.253176+00:00 [queued]>
[2026-05-05T18:00:24.752+0000] {taskinstance.py:2170} INFO - Starting attempt 1 of 2
[2026-05-05T18:00:24.771+0000] {taskinstance.py:2191} INFO - Executing <Task(BashOperator): dbt_run> on 2026-05-05 18:00:24.253176+00:00
[2026-05-05T18:00:24.779+0000] {standard_task_runner.py:60} INFO - Started process 1007576 to run task
[2026-05-05T18:00:24.787+0000] {standard_task_runner.py:87} INFO - Running: ['airflow', 'tasks', 'run', 'run_dbt_models', 'dbt_run', 'manual__2026-05-05T18:00:24.253176+00:00', '--job-id', '1350', '--raw', '--subdir', 'DAGS_FOLDER/run_dbt_models.py', '--cfg-path', '/tmp/tmptxbzx7n9']
[2026-05-05T18:00:24.795+0000] {standard_task_runner.py:88} INFO - Job 1350: Subtask dbt_run
[2026-05-05T18:00:24.906+0000] {task_command.py:423} INFO - Running <TaskInstance: run_dbt_models.dbt_run manual__2026-05-05T18:00:24.253176+00:00 [running]> on host reddit-pipeline-vm
[2026-05-05T18:00:25.056+0000] {taskinstance.py:2480} INFO - Exporting env vars: AIRFLOW_CTX_DAG_OWNER='pipeline' AIRFLOW_CTX_DAG_ID='run_dbt_models' AIRFLOW_CTX_TASK_ID='dbt_run' AIRFLOW_CTX_EXECUTION_DATE='2026-05-05T18:00:24.253176+00:00' AIRFLOW_CTX_TRY_NUMBER='1' AIRFLOW_CTX_DAG_RUN_ID='manual__2026-05-05T18:00:24.253176+00:00'
[2026-05-05T18:00:25.057+0000] {subprocess.py:63} INFO - Tmp dir root location: /tmp
[2026-05-05T18:00:25.057+0000] {subprocess.py:75} INFO - Running command: ['/usr/bin/bash', '-c', 'cd /home/ubuntu/github_repo/Stock-Market-Intelligence-Pipeline/dbt_project && /home/ubuntu/github_repo/Stock-Market-Intelligence-Pipeline/venv/bin/dbt run --profiles-dir /home/ubuntu/github_repo/Stock-Market-Intelligence-Pipeline/dbt_project']
[2026-05-05T18:00:25.073+0000] {subprocess.py:86} INFO - Output:
[2026-05-05T18:00:26.994+0000] {subprocess.py:93} INFO - [0m18:00:26  Running with dbt=1.7.0
[2026-05-05T18:00:27.246+0000] {subprocess.py:93} INFO - [0m18:00:27  Registered adapter: postgres=1.7.0
[2026-05-05T18:00:27.300+0000] {subprocess.py:93} INFO - [0m18:00:27  Found 5 models, 8 tests, 0 sources, 0 exposures, 0 metrics, 401 macros, 0 groups, 0 semantic models
[2026-05-05T18:00:27.303+0000] {subprocess.py:93} INFO - [0m18:00:27
[2026-05-05T18:00:27.439+0000] {subprocess.py:93} INFO - [0m18:00:27  Concurrency: 2 threads (target='dev')
[2026-05-05T18:00:27.441+0000] {subprocess.py:93} INFO - [0m18:00:27
[2026-05-05T18:00:27.444+0000] {subprocess.py:93} INFO - [0m18:00:27  1 of 5 START sql view model public_staging.stg_prices .......................... [RUN]
[2026-05-05T18:00:27.560+0000] {subprocess.py:93} INFO - [0m18:00:27  1 of 5 OK created sql view model public_staging.stg_prices ..................... [[32mCREATE VIEW[0m in 0.11s]
[2026-05-05T18:00:27.565+0000] {subprocess.py:93} INFO - [0m18:00:27  2 of 5 START sql view model public_staging.int_price_with_returns .............. [RUN]
[2026-05-05T18:00:27.646+0000] {subprocess.py:93} INFO - [0m18:00:27  2 of 5 OK created sql view model public_staging.int_price_with_returns ......... [[32mCREATE VIEW[0m in 0.08s]
[2026-05-05T18:00:27.652+0000] {subprocess.py:93} INFO - [0m18:00:27  3 of 5 START sql table model public.fact_prices ................................ [RUN]
[2026-05-05T18:00:27.765+0000] {subprocess.py:93} INFO - [0m18:00:27  3 of 5 OK created sql table model public.fact_prices ........................... [[32mSELECT 3689[0m in 0.11s]
[2026-05-05T18:00:27.767+0000] {subprocess.py:93} INFO - [0m18:00:27  4 of 5 START sql table model public.fact_indicators ............................ [RUN]
[2026-05-05T18:00:28.014+0000] {subprocess.py:93} INFO - [0m18:00:28  4 of 5 OK created sql table model public.fact_indicators ....................... [[32mSELECT 3689[0m in 0.24s]
[2026-05-05T18:00:28.016+0000] {subprocess.py:93} INFO - [0m18:00:28  5 of 5 START sql table model public.fact_alerts ................................ [RUN]
[2026-05-05T18:00:28.103+0000] {subprocess.py:93} INFO - [0m18:00:28  5 of 5 OK created sql table model public.fact_alerts ........................... [[32mSELECT 2105[0m in 0.09s]
[2026-05-05T18:00:28.126+0000] {subprocess.py:93} INFO - [0m18:00:28
[2026-05-05T18:00:28.127+0000] {subprocess.py:93} INFO - [0m18:00:28  Finished running 2 view models, 3 table models in 0 hours 0 minutes and 0.82 seconds (0.82s).
[2026-05-05T18:00:28.138+0000] {subprocess.py:93} INFO - [0m18:00:28
[2026-05-05T18:00:28.138+0000] {subprocess.py:93} INFO - [0m18:00:28  [32mCompleted successfully[0m
[2026-05-05T18:00:28.138+0000] {subprocess.py:93} INFO - [0m18:00:28
[2026-05-05T18:00:28.139+0000] {subprocess.py:93} INFO - [0m18:00:28  Done. PASS=5 WARN=0 ERROR=0 SKIP=0 TOTAL=5
[2026-05-05T18:00:29.892+0000] {subprocess.py:97} INFO - Command exited with return code 0
[2026-05-05T18:00:29.943+0000] {taskinstance.py:1138} INFO - Marking task as SUCCESS. dag_id=run_dbt_models, task_id=dbt_run, execution_date=20260505T180024, start_date=20260505T180024, end_date=20260505T180029
[2026-05-05T18:00:29.997+0000] {local_task_job_runner.py:234} INFO - Task exited with return code 0
[2026-05-05T18:00:30.027+0000] {taskinstance.py:3280} INFO - 1 downstream tasks scheduled from follow-on schedule check
