[2026-05-01T03:41:28.323+0000] {taskinstance.py:1956} INFO - Dependencies all met for dep_context=non-requeueable deps ti=<TaskInstance: fetch_market_data.check_market_open scheduled__2026-05-01T03:15:00+00:00 [queued]>
[2026-05-01T03:41:28.330+0000] {taskinstance.py:1956} INFO - Dependencies all met for dep_context=requeueable deps ti=<TaskInstance: fetch_market_data.check_market_open scheduled__2026-05-01T03:15:00+00:00 [queued]>
[2026-05-01T03:41:28.330+0000] {taskinstance.py:2170} INFO - Starting attempt 1 of 3
[2026-05-01T03:41:28.343+0000] {taskinstance.py:2191} INFO - Executing <Task(MarketOpenSensor): check_market_open> on 2026-05-01 03:15:00+00:00
[2026-05-01T03:41:28.350+0000] {standard_task_runner.py:60} INFO - Started process 658806 to run task
[2026-05-01T03:41:28.354+0000] {standard_task_runner.py:87} INFO - Running: ['airflow', 'tasks', 'run', 'fetch_market_data', 'check_market_open', 'scheduled__2026-05-01T03:15:00+00:00', '--job-id', '638', '--raw', '--subdir', 'DAGS_FOLDER/fetch_market_data.py', '--cfg-path', '/tmp/tmpa3u_d124']
[2026-05-01T03:41:28.356+0000] {standard_task_runner.py:88} INFO - Job 638: Subtask check_market_open
[2026-05-01T03:41:28.436+0000] {task_command.py:423} INFO - Running <TaskInstance: fetch_market_data.check_market_open scheduled__2026-05-01T03:15:00+00:00 [running]> on host reddit-pipeline-vm
[2026-05-01T03:41:28.556+0000] {taskinstance.py:2480} INFO - Exporting env vars: AIRFLOW_CTX_DAG_OWNER='pipeline' AIRFLOW_CTX_DAG_ID='fetch_market_data' AIRFLOW_CTX_TASK_ID='check_market_open' AIRFLOW_CTX_EXECUTION_DATE='2026-05-01T03:15:00+00:00' AIRFLOW_CTX_TRY_NUMBER='1' AIRFLOW_CTX_DAG_RUN_ID='scheduled__2026-05-01T03:15:00+00:00'
[2026-05-01T03:41:28.575+0000] {sensors.py:45} INFO - Market open check at 2026-04-30 23:41 ET: False
[2026-05-01T03:41:28.603+0000] {taskinstance.py:2658} INFO - Rescheduling task, marking task as UP_FOR_RESCHEDULE
[2026-05-01T03:41:28.648+0000] {local_task_job_runner.py:234} INFO - Task exited with return code 0
[2026-05-01T03:41:28.691+0000] {taskinstance.py:3280} INFO - 0 downstream tasks scheduled from follow-on schedule check
[2026-05-01T03:42:29.937+0000] {taskinstance.py:1956} INFO - Dependencies all met for dep_context=non-requeueable deps ti=<TaskInstance: fetch_market_data.check_market_open scheduled__2026-05-01T03:15:00+00:00 [queued]>
[2026-05-01T03:42:29.946+0000] {taskinstance.py:1956} INFO - Dependencies all met for dep_context=requeueable deps ti=<TaskInstance: fetch_market_data.check_market_open scheduled__2026-05-01T03:15:00+00:00 [queued]>
[2026-05-01T03:42:29.947+0000] {taskinstance.py:2170} INFO - Starting attempt 1 of 3
[2026-05-01T03:42:29.959+0000] {taskinstance.py:2191} INFO - Executing <Task(MarketOpenSensor): check_market_open> on 2026-05-01 03:15:00+00:00
[2026-05-01T03:42:29.966+0000] {standard_task_runner.py:60} INFO - Started process 658880 to run task
[2026-05-01T03:42:29.970+0000] {standard_task_runner.py:87} INFO - Running: ['airflow', 'tasks', 'run', 'fetch_market_data', 'check_market_open', 'scheduled__2026-05-01T03:15:00+00:00', '--job-id', '639', '--raw', '--subdir', 'DAGS_FOLDER/fetch_market_data.py', '--cfg-path', '/tmp/tmp5xs46wlp']
[2026-05-01T03:42:29.972+0000] {standard_task_runner.py:88} INFO - Job 639: Subtask check_market_open
[2026-05-01T03:42:30.054+0000] {task_command.py:423} INFO - Running <TaskInstance: fetch_market_data.check_market_open scheduled__2026-05-01T03:15:00+00:00 [running]> on host reddit-pipeline-vm
[2026-05-01T03:42:30.175+0000] {taskinstance.py:2480} INFO - Exporting env vars: AIRFLOW_CTX_DAG_OWNER='pipeline' AIRFLOW_CTX_DAG_ID='fetch_market_data' AIRFLOW_CTX_TASK_ID='check_market_open' AIRFLOW_CTX_EXECUTION_DATE='2026-05-01T03:15:00+00:00' AIRFLOW_CTX_TRY_NUMBER='1' AIRFLOW_CTX_DAG_RUN_ID='scheduled__2026-05-01T03:15:00+00:00'
[2026-05-01T03:42:30.196+0000] {sensors.py:45} INFO - Market open check at 2026-04-30 23:42 ET: False
[2026-05-01T03:42:30.227+0000] {taskinstance.py:2658} INFO - Rescheduling task, marking task as UP_FOR_RESCHEDULE
[2026-05-01T03:42:30.266+0000] {local_task_job_runner.py:234} INFO - Task exited with return code 0
[2026-05-01T03:42:30.308+0000] {taskinstance.py:3280} INFO - 0 downstream tasks scheduled from follow-on schedule check
[2026-05-01T03:43:31.454+0000] {taskinstance.py:1956} INFO - Dependencies all met for dep_context=non-requeueable deps ti=<TaskInstance: fetch_market_data.check_market_open scheduled__2026-05-01T03:15:00+00:00 [queued]>
[2026-05-01T03:43:31.464+0000] {taskinstance.py:1956} INFO - Dependencies all met for dep_context=requeueable deps ti=<TaskInstance: fetch_market_data.check_market_open scheduled__2026-05-01T03:15:00+00:00 [queued]>
[2026-05-01T03:43:31.464+0000] {taskinstance.py:2170} INFO - Starting attempt 1 of 3
[2026-05-01T03:43:31.476+0000] {taskinstance.py:2191} INFO - Executing <Task(MarketOpenSensor): check_market_open> on 2026-05-01 03:15:00+00:00
[2026-05-01T03:43:31.483+0000] {standard_task_runner.py:60} INFO - Started process 658950 to run task
[2026-05-01T03:43:31.486+0000] {standard_task_runner.py:87} INFO - Running: ['airflow', 'tasks', 'run', 'fetch_market_data', 'check_market_open', 'scheduled__2026-05-01T03:15:00+00:00', '--job-id', '640', '--raw', '--subdir', 'DAGS_FOLDER/fetch_market_data.py', '--cfg-path', '/tmp/tmpbjc7xt_1']
[2026-05-01T03:43:31.488+0000] {standard_task_runner.py:88} INFO - Job 640: Subtask check_market_open
[2026-05-01T03:43:31.571+0000] {task_command.py:423} INFO - Running <TaskInstance: fetch_market_data.check_market_open scheduled__2026-05-01T03:15:00+00:00 [running]> on host reddit-pipeline-vm
[2026-05-01T03:43:31.690+0000] {taskinstance.py:2480} INFO - Exporting env vars: AIRFLOW_CTX_DAG_OWNER='pipeline' AIRFLOW_CTX_DAG_ID='fetch_market_data' AIRFLOW_CTX_TASK_ID='check_market_open' AIRFLOW_CTX_EXECUTION_DATE='2026-05-01T03:15:00+00:00' AIRFLOW_CTX_TRY_NUMBER='1' AIRFLOW_CTX_DAG_RUN_ID='scheduled__2026-05-01T03:15:00+00:00'
[2026-05-01T03:43:31.709+0000] {sensors.py:45} INFO - Market open check at 2026-04-30 23:43 ET: False
[2026-05-01T03:43:31.737+0000] {taskinstance.py:2658} INFO - Rescheduling task, marking task as UP_FOR_RESCHEDULE
[2026-05-01T03:43:31.780+0000] {local_task_job_runner.py:234} INFO - Task exited with return code 0
[2026-05-01T03:43:31.823+0000] {taskinstance.py:3280} INFO - 0 downstream tasks scheduled from follow-on schedule check
[2026-05-01T03:44:33.251+0000] {taskinstance.py:1956} INFO - Dependencies all met for dep_context=non-requeueable deps ti=<TaskInstance: fetch_market_data.check_market_open scheduled__2026-05-01T03:15:00+00:00 [queued]>
[2026-05-01T03:44:33.261+0000] {taskinstance.py:1956} INFO - Dependencies all met for dep_context=requeueable deps ti=<TaskInstance: fetch_market_data.check_market_open scheduled__2026-05-01T03:15:00+00:00 [queued]>
[2026-05-01T03:44:33.261+0000] {taskinstance.py:2170} INFO - Starting attempt 1 of 3
[2026-05-01T03:44:33.272+0000] {taskinstance.py:2191} INFO - Executing <Task(MarketOpenSensor): check_market_open> on 2026-05-01 03:15:00+00:00
[2026-05-01T03:44:33.280+0000] {standard_task_runner.py:60} INFO - Started process 659024 to run task
[2026-05-01T03:44:33.283+0000] {standard_task_runner.py:87} INFO - Running: ['airflow', 'tasks', 'run', 'fetch_market_data', 'check_market_open', 'scheduled__2026-05-01T03:15:00+00:00', '--job-id', '641', '--raw', '--subdir', 'DAGS_FOLDER/fetch_market_data.py', '--cfg-path', '/tmp/tmpr5uauovj']
[2026-05-01T03:44:33.286+0000] {standard_task_runner.py:88} INFO - Job 641: Subtask check_market_open
[2026-05-01T03:44:33.367+0000] {task_command.py:423} INFO - Running <TaskInstance: fetch_market_data.check_market_open scheduled__2026-05-01T03:15:00+00:00 [running]> on host reddit-pipeline-vm
[2026-05-01T03:44:33.488+0000] {taskinstance.py:2480} INFO - Exporting env vars: AIRFLOW_CTX_DAG_OWNER='pipeline' AIRFLOW_CTX_DAG_ID='fetch_market_data' AIRFLOW_CTX_TASK_ID='check_market_open' AIRFLOW_CTX_EXECUTION_DATE='2026-05-01T03:15:00+00:00' AIRFLOW_CTX_TRY_NUMBER='1' AIRFLOW_CTX_DAG_RUN_ID='scheduled__2026-05-01T03:15:00+00:00'
[2026-05-01T03:44:33.507+0000] {sensors.py:45} INFO - Market open check at 2026-04-30 23:44 ET: False
[2026-05-01T03:44:33.535+0000] {taskinstance.py:2658} INFO - Rescheduling task, marking task as UP_FOR_RESCHEDULE
[2026-05-01T03:44:33.578+0000] {local_task_job_runner.py:234} INFO - Task exited with return code 0
[2026-05-01T03:44:33.620+0000] {taskinstance.py:3280} INFO - 0 downstream tasks scheduled from follow-on schedule check
[2026-05-01T03:45:34.711+0000] {taskinstance.py:1956} INFO - Dependencies all met for dep_context=non-requeueable deps ti=<TaskInstance: fetch_market_data.check_market_open scheduled__2026-05-01T03:15:00+00:00 [queued]>
[2026-05-01T03:45:34.719+0000] {taskinstance.py:1956} INFO - Dependencies all met for dep_context=requeueable deps ti=<TaskInstance: fetch_market_data.check_market_open scheduled__2026-05-01T03:15:00+00:00 [queued]>
[2026-05-01T03:45:34.719+0000] {taskinstance.py:2170} INFO - Starting attempt 1 of 3
[2026-05-01T03:45:34.729+0000] {taskinstance.py:2191} INFO - Executing <Task(MarketOpenSensor): check_market_open> on 2026-05-01 03:15:00+00:00
[2026-05-01T03:45:34.736+0000] {standard_task_runner.py:60} INFO - Started process 659090 to run task
[2026-05-01T03:45:34.739+0000] {standard_task_runner.py:87} INFO - Running: ['airflow', 'tasks', 'run', 'fetch_market_data', 'check_market_open', 'scheduled__2026-05-01T03:15:00+00:00', '--job-id', '642', '--raw', '--subdir', 'DAGS_FOLDER/fetch_market_data.py', '--cfg-path', '/tmp/tmpem96j8k4']
[2026-05-01T03:45:34.741+0000] {standard_task_runner.py:88} INFO - Job 642: Subtask check_market_open
[2026-05-01T03:45:34.819+0000] {task_command.py:423} INFO - Running <TaskInstance: fetch_market_data.check_market_open scheduled__2026-05-01T03:15:00+00:00 [running]> on host reddit-pipeline-vm
[2026-05-01T03:45:34.936+0000] {taskinstance.py:2480} INFO - Exporting env vars: AIRFLOW_CTX_DAG_OWNER='pipeline' AIRFLOW_CTX_DAG_ID='fetch_market_data' AIRFLOW_CTX_TASK_ID='check_market_open' AIRFLOW_CTX_EXECUTION_DATE='2026-05-01T03:15:00+00:00' AIRFLOW_CTX_TRY_NUMBER='1' AIRFLOW_CTX_DAG_RUN_ID='scheduled__2026-05-01T03:15:00+00:00'
[2026-05-01T03:45:34.955+0000] {sensors.py:45} INFO - Market open check at 2026-04-30 23:45 ET: False
[2026-05-01T03:45:34.982+0000] {taskinstance.py:2658} INFO - Rescheduling task, marking task as UP_FOR_RESCHEDULE
[2026-05-01T03:45:34.993+0000] {local_task_job_runner.py:234} INFO - Task exited with return code 0
[2026-05-01T03:45:35.035+0000] {taskinstance.py:3280} INFO - 0 downstream tasks scheduled from follow-on schedule check
[2026-05-01T03:46:36.450+0000] {taskinstance.py:1956} INFO - Dependencies all met for dep_context=non-requeueable deps ti=<TaskInstance: fetch_market_data.check_market_open scheduled__2026-05-01T03:15:00+00:00 [queued]>
[2026-05-01T03:46:36.460+0000] {taskinstance.py:1956} INFO - Dependencies all met for dep_context=requeueable deps ti=<TaskInstance: fetch_market_data.check_market_open scheduled__2026-05-01T03:15:00+00:00 [queued]>
[2026-05-01T03:46:36.460+0000] {taskinstance.py:2170} INFO - Starting attempt 1 of 3
[2026-05-01T03:46:36.472+0000] {taskinstance.py:2191} INFO - Executing <Task(MarketOpenSensor): check_market_open> on 2026-05-01 03:15:00+00:00
[2026-05-01T03:46:36.480+0000] {standard_task_runner.py:60} INFO - Started process 659159 to run task
[2026-05-01T03:46:36.483+0000] {standard_task_runner.py:87} INFO - Running: ['airflow', 'tasks', 'run', 'fetch_market_data', 'check_market_open', 'scheduled__2026-05-01T03:15:00+00:00', '--job-id', '643', '--raw', '--subdir', 'DAGS_FOLDER/fetch_market_data.py', '--cfg-path', '/tmp/tmpu8c94er8']
[2026-05-01T03:46:36.486+0000] {standard_task_runner.py:88} INFO - Job 643: Subtask check_market_open
[2026-05-01T03:46:36.568+0000] {task_command.py:423} INFO - Running <TaskInstance: fetch_market_data.check_market_open scheduled__2026-05-01T03:15:00+00:00 [running]> on host reddit-pipeline-vm
[2026-05-01T03:46:36.689+0000] {taskinstance.py:2480} INFO - Exporting env vars: AIRFLOW_CTX_DAG_OWNER='pipeline' AIRFLOW_CTX_DAG_ID='fetch_market_data' AIRFLOW_CTX_TASK_ID='check_market_open' AIRFLOW_CTX_EXECUTION_DATE='2026-05-01T03:15:00+00:00' AIRFLOW_CTX_TRY_NUMBER='1' AIRFLOW_CTX_DAG_RUN_ID='scheduled__2026-05-01T03:15:00+00:00'
[2026-05-01T03:46:36.708+0000] {sensors.py:45} INFO - Market open check at 2026-04-30 23:46 ET: False
[2026-05-01T03:46:36.735+0000] {taskinstance.py:2658} INFO - Rescheduling task, marking task as UP_FOR_RESCHEDULE
[2026-05-01T03:46:36.779+0000] {local_task_job_runner.py:234} INFO - Task exited with return code 0
[2026-05-01T03:46:36.821+0000] {taskinstance.py:3280} INFO - 0 downstream tasks scheduled from follow-on schedule check
[2026-05-01T03:47:38.067+0000] {taskinstance.py:1956} INFO - Dependencies all met for dep_context=non-requeueable deps ti=<TaskInstance: fetch_market_data.check_market_open scheduled__2026-05-01T03:15:00+00:00 [queued]>
[2026-05-01T03:47:38.076+0000] {taskinstance.py:1956} INFO - Dependencies all met for dep_context=requeueable deps ti=<TaskInstance: fetch_market_data.check_market_open scheduled__2026-05-01T03:15:00+00:00 [queued]>
[2026-05-01T03:47:38.076+0000] {taskinstance.py:2170} INFO - Starting attempt 1 of 3
[2026-05-01T03:47:38.088+0000] {taskinstance.py:2191} INFO - Executing <Task(MarketOpenSensor): check_market_open> on 2026-05-01 03:15:00+00:00
[2026-05-01T03:47:38.095+0000] {standard_task_runner.py:60} INFO - Started process 659231 to run task
[2026-05-01T03:47:38.098+0000] {standard_task_runner.py:87} INFO - Running: ['airflow', 'tasks', 'run', 'fetch_market_data', 'check_market_open', 'scheduled__2026-05-01T03:15:00+00:00', '--job-id', '644', '--raw', '--subdir', 'DAGS_FOLDER/fetch_market_data.py', '--cfg-path', '/tmp/tmp36zucfcg']
[2026-05-01T03:47:38.100+0000] {standard_task_runner.py:88} INFO - Job 644: Subtask check_market_open
[2026-05-01T03:47:38.184+0000] {task_command.py:423} INFO - Running <TaskInstance: fetch_market_data.check_market_open scheduled__2026-05-01T03:15:00+00:00 [running]> on host reddit-pipeline-vm
[2026-05-01T03:47:38.301+0000] {taskinstance.py:2480} INFO - Exporting env vars: AIRFLOW_CTX_DAG_OWNER='pipeline' AIRFLOW_CTX_DAG_ID='fetch_market_data' AIRFLOW_CTX_TASK_ID='check_market_open' AIRFLOW_CTX_EXECUTION_DATE='2026-05-01T03:15:00+00:00' AIRFLOW_CTX_TRY_NUMBER='1' AIRFLOW_CTX_DAG_RUN_ID='scheduled__2026-05-01T03:15:00+00:00'
[2026-05-01T03:47:38.321+0000] {sensors.py:45} INFO - Market open check at 2026-04-30 23:47 ET: False
[2026-05-01T03:47:38.354+0000] {taskinstance.py:2658} INFO - Rescheduling task, marking task as UP_FOR_RESCHEDULE
[2026-05-01T03:47:38.393+0000] {local_task_job_runner.py:234} INFO - Task exited with return code 0
[2026-05-01T03:47:38.434+0000] {taskinstance.py:3280} INFO - 0 downstream tasks scheduled from follow-on schedule check
[2026-05-01T03:48:39.507+0000] {taskinstance.py:1956} INFO - Dependencies all met for dep_context=non-requeueable deps ti=<TaskInstance: fetch_market_data.check_market_open scheduled__2026-05-01T03:15:00+00:00 [queued]>
[2026-05-01T03:48:39.515+0000] {taskinstance.py:1956} INFO - Dependencies all met for dep_context=requeueable deps ti=<TaskInstance: fetch_market_data.check_market_open scheduled__2026-05-01T03:15:00+00:00 [queued]>
[2026-05-01T03:48:39.515+0000] {taskinstance.py:2170} INFO - Starting attempt 1 of 3
[2026-05-01T03:48:39.527+0000] {taskinstance.py:2191} INFO - Executing <Task(MarketOpenSensor): check_market_open> on 2026-05-01 03:15:00+00:00
[2026-05-01T03:48:39.533+0000] {standard_task_runner.py:60} INFO - Started process 659296 to run task
[2026-05-01T03:48:39.537+0000] {standard_task_runner.py:87} INFO - Running: ['airflow', 'tasks', 'run', 'fetch_market_data', 'check_market_open', 'scheduled__2026-05-01T03:15:00+00:00', '--job-id', '645', '--raw', '--subdir', 'DAGS_FOLDER/fetch_market_data.py', '--cfg-path', '/tmp/tmp6ixm4f8x']
[2026-05-01T03:48:39.539+0000] {standard_task_runner.py:88} INFO - Job 645: Subtask check_market_open
[2026-05-01T03:48:39.620+0000] {task_command.py:423} INFO - Running <TaskInstance: fetch_market_data.check_market_open scheduled__2026-05-01T03:15:00+00:00 [running]> on host reddit-pipeline-vm
[2026-05-01T03:48:39.738+0000] {taskinstance.py:2480} INFO - Exporting env vars: AIRFLOW_CTX_DAG_OWNER='pipeline' AIRFLOW_CTX_DAG_ID='fetch_market_data' AIRFLOW_CTX_TASK_ID='check_market_open' AIRFLOW_CTX_EXECUTION_DATE='2026-05-01T03:15:00+00:00' AIRFLOW_CTX_TRY_NUMBER='1' AIRFLOW_CTX_DAG_RUN_ID='scheduled__2026-05-01T03:15:00+00:00'
[2026-05-01T03:48:39.758+0000] {sensors.py:45} INFO - Market open check at 2026-04-30 23:48 ET: False
[2026-05-01T03:48:39.788+0000] {taskinstance.py:2658} INFO - Rescheduling task, marking task as UP_FOR_RESCHEDULE
[2026-05-01T03:48:39.831+0000] {local_task_job_runner.py:234} INFO - Task exited with return code 0
[2026-05-01T03:48:39.875+0000] {taskinstance.py:3280} INFO - 0 downstream tasks scheduled from follow-on schedule check
[2026-05-01T03:49:41.253+0000] {taskinstance.py:1956} INFO - Dependencies all met for dep_context=non-requeueable deps ti=<TaskInstance: fetch_market_data.check_market_open scheduled__2026-05-01T03:15:00+00:00 [queued]>
[2026-05-01T03:49:41.261+0000] {taskinstance.py:1956} INFO - Dependencies all met for dep_context=requeueable deps ti=<TaskInstance: fetch_market_data.check_market_open scheduled__2026-05-01T03:15:00+00:00 [queued]>
[2026-05-01T03:49:41.261+0000] {taskinstance.py:2170} INFO - Starting attempt 1 of 3
[2026-05-01T03:49:41.271+0000] {taskinstance.py:2191} INFO - Executing <Task(MarketOpenSensor): check_market_open> on 2026-05-01 03:15:00+00:00
[2026-05-01T03:49:41.278+0000] {standard_task_runner.py:60} INFO - Started process 659371 to run task
[2026-05-01T03:49:41.283+0000] {standard_task_runner.py:87} INFO - Running: ['airflow', 'tasks', 'run', 'fetch_market_data', 'check_market_open', 'scheduled__2026-05-01T03:15:00+00:00', '--job-id', '646', '--raw', '--subdir', 'DAGS_FOLDER/fetch_market_data.py', '--cfg-path', '/tmp/tmp0oyz2obi']
[2026-05-01T03:49:41.285+0000] {standard_task_runner.py:88} INFO - Job 646: Subtask check_market_open
[2026-05-01T03:49:41.369+0000] {task_command.py:423} INFO - Running <TaskInstance: fetch_market_data.check_market_open scheduled__2026-05-01T03:15:00+00:00 [running]> on host reddit-pipeline-vm
[2026-05-01T03:49:41.488+0000] {taskinstance.py:2480} INFO - Exporting env vars: AIRFLOW_CTX_DAG_OWNER='pipeline' AIRFLOW_CTX_DAG_ID='fetch_market_data' AIRFLOW_CTX_TASK_ID='check_market_open' AIRFLOW_CTX_EXECUTION_DATE='2026-05-01T03:15:00+00:00' AIRFLOW_CTX_TRY_NUMBER='1' AIRFLOW_CTX_DAG_RUN_ID='scheduled__2026-05-01T03:15:00+00:00'
[2026-05-01T03:49:41.512+0000] {sensors.py:45} INFO - Market open check at 2026-04-30 23:49 ET: False
[2026-05-01T03:49:41.540+0000] {taskinstance.py:2658} INFO - Rescheduling task, marking task as UP_FOR_RESCHEDULE
[2026-05-01T03:49:41.580+0000] {local_task_job_runner.py:234} INFO - Task exited with return code 0
[2026-05-01T03:49:41.620+0000] {taskinstance.py:3280} INFO - 0 downstream tasks scheduled from follow-on schedule check
[2026-05-01T03:50:42.881+0000] {taskinstance.py:1956} INFO - Dependencies all met for dep_context=non-requeueable deps ti=<TaskInstance: fetch_market_data.check_market_open scheduled__2026-05-01T03:15:00+00:00 [queued]>
[2026-05-01T03:50:42.889+0000] {taskinstance.py:1956} INFO - Dependencies all met for dep_context=requeueable deps ti=<TaskInstance: fetch_market_data.check_market_open scheduled__2026-05-01T03:15:00+00:00 [queued]>
[2026-05-01T03:50:42.890+0000] {taskinstance.py:2170} INFO - Starting attempt 1 of 3
[2026-05-01T03:50:42.901+0000] {taskinstance.py:2191} INFO - Executing <Task(MarketOpenSensor): check_market_open> on 2026-05-01 03:15:00+00:00
[2026-05-01T03:50:42.908+0000] {standard_task_runner.py:60} INFO - Started process 659450 to run task
[2026-05-01T03:50:42.911+0000] {standard_task_runner.py:87} INFO - Running: ['airflow', 'tasks', 'run', 'fetch_market_data', 'check_market_open', 'scheduled__2026-05-01T03:15:00+00:00', '--job-id', '647', '--raw', '--subdir', 'DAGS_FOLDER/fetch_market_data.py', '--cfg-path', '/tmp/tmp0brbv98j']
[2026-05-01T03:50:42.913+0000] {standard_task_runner.py:88} INFO - Job 647: Subtask check_market_open
[2026-05-01T03:50:42.994+0000] {task_command.py:423} INFO - Running <TaskInstance: fetch_market_data.check_market_open scheduled__2026-05-01T03:15:00+00:00 [running]> on host reddit-pipeline-vm
[2026-05-01T03:50:43.113+0000] {taskinstance.py:2480} INFO - Exporting env vars: AIRFLOW_CTX_DAG_OWNER='pipeline' AIRFLOW_CTX_DAG_ID='fetch_market_data' AIRFLOW_CTX_TASK_ID='check_market_open' AIRFLOW_CTX_EXECUTION_DATE='2026-05-01T03:15:00+00:00' AIRFLOW_CTX_TRY_NUMBER='1' AIRFLOW_CTX_DAG_RUN_ID='scheduled__2026-05-01T03:15:00+00:00'
[2026-05-01T03:50:43.133+0000] {sensors.py:45} INFO - Market open check at 2026-04-30 23:50 ET: False
[2026-05-01T03:50:43.169+0000] {taskinstance.py:2658} INFO - Rescheduling task, marking task as UP_FOR_RESCHEDULE
[2026-05-01T03:50:43.209+0000] {local_task_job_runner.py:234} INFO - Task exited with return code 0
[2026-05-01T03:50:43.252+0000] {taskinstance.py:3280} INFO - 0 downstream tasks scheduled from follow-on schedule check
[2026-05-01T03:51:44.046+0000] {taskinstance.py:1956} INFO - Dependencies all met for dep_context=non-requeueable deps ti=<TaskInstance: fetch_market_data.check_market_open scheduled__2026-05-01T03:15:00+00:00 [queued]>
[2026-05-01T03:51:44.056+0000] {taskinstance.py:1956} INFO - Dependencies all met for dep_context=requeueable deps ti=<TaskInstance: fetch_market_data.check_market_open scheduled__2026-05-01T03:15:00+00:00 [queued]>
[2026-05-01T03:51:44.056+0000] {taskinstance.py:2170} INFO - Starting attempt 1 of 3
[2026-05-01T03:51:44.068+0000] {taskinstance.py:2191} INFO - Executing <Task(MarketOpenSensor): check_market_open> on 2026-05-01 03:15:00+00:00
[2026-05-01T03:51:44.075+0000] {standard_task_runner.py:60} INFO - Started process 659520 to run task
[2026-05-01T03:51:44.078+0000] {standard_task_runner.py:87} INFO - Running: ['airflow', 'tasks', 'run', 'fetch_market_data', 'check_market_open', 'scheduled__2026-05-01T03:15:00+00:00', '--job-id', '648', '--raw', '--subdir', 'DAGS_FOLDER/fetch_market_data.py', '--cfg-path', '/tmp/tmpjv18mg5z']
[2026-05-01T03:51:44.081+0000] {standard_task_runner.py:88} INFO - Job 648: Subtask check_market_open
[2026-05-01T03:51:44.162+0000] {task_command.py:423} INFO - Running <TaskInstance: fetch_market_data.check_market_open scheduled__2026-05-01T03:15:00+00:00 [running]> on host reddit-pipeline-vm
[2026-05-01T03:51:44.284+0000] {taskinstance.py:2480} INFO - Exporting env vars: AIRFLOW_CTX_DAG_OWNER='pipeline' AIRFLOW_CTX_DAG_ID='fetch_market_data' AIRFLOW_CTX_TASK_ID='check_market_open' AIRFLOW_CTX_EXECUTION_DATE='2026-05-01T03:15:00+00:00' AIRFLOW_CTX_TRY_NUMBER='1' AIRFLOW_CTX_DAG_RUN_ID='scheduled__2026-05-01T03:15:00+00:00'
[2026-05-01T03:51:44.304+0000] {sensors.py:45} INFO - Market open check at 2026-04-30 23:51 ET: False
[2026-05-01T03:51:44.333+0000] {taskinstance.py:2658} INFO - Rescheduling task, marking task as UP_FOR_RESCHEDULE
[2026-05-01T03:51:44.373+0000] {local_task_job_runner.py:234} INFO - Task exited with return code 0
[2026-05-01T03:51:44.417+0000] {taskinstance.py:3280} INFO - 0 downstream tasks scheduled from follow-on schedule check
[2026-05-01T03:52:45.364+0000] {taskinstance.py:1956} INFO - Dependencies all met for dep_context=non-requeueable deps ti=<TaskInstance: fetch_market_data.check_market_open scheduled__2026-05-01T03:15:00+00:00 [queued]>
[2026-05-01T03:52:45.372+0000] {taskinstance.py:1956} INFO - Dependencies all met for dep_context=requeueable deps ti=<TaskInstance: fetch_market_data.check_market_open scheduled__2026-05-01T03:15:00+00:00 [queued]>
[2026-05-01T03:52:45.372+0000] {taskinstance.py:2170} INFO - Starting attempt 1 of 3
[2026-05-01T03:52:45.383+0000] {taskinstance.py:2191} INFO - Executing <Task(MarketOpenSensor): check_market_open> on 2026-05-01 03:15:00+00:00
[2026-05-01T03:52:45.389+0000] {standard_task_runner.py:60} INFO - Started process 659587 to run task
[2026-05-01T03:52:45.393+0000] {standard_task_runner.py:87} INFO - Running: ['airflow', 'tasks', 'run', 'fetch_market_data', 'check_market_open', 'scheduled__2026-05-01T03:15:00+00:00', '--job-id', '649', '--raw', '--subdir', 'DAGS_FOLDER/fetch_market_data.py', '--cfg-path', '/tmp/tmpalb4q8tu']
[2026-05-01T03:52:45.395+0000] {standard_task_runner.py:88} INFO - Job 649: Subtask check_market_open
[2026-05-01T03:52:45.472+0000] {task_command.py:423} INFO - Running <TaskInstance: fetch_market_data.check_market_open scheduled__2026-05-01T03:15:00+00:00 [running]> on host reddit-pipeline-vm
[2026-05-01T03:52:45.591+0000] {taskinstance.py:2480} INFO - Exporting env vars: AIRFLOW_CTX_DAG_OWNER='pipeline' AIRFLOW_CTX_DAG_ID='fetch_market_data' AIRFLOW_CTX_TASK_ID='check_market_open' AIRFLOW_CTX_EXECUTION_DATE='2026-05-01T03:15:00+00:00' AIRFLOW_CTX_TRY_NUMBER='1' AIRFLOW_CTX_DAG_RUN_ID='scheduled__2026-05-01T03:15:00+00:00'
[2026-05-01T03:52:45.610+0000] {sensors.py:45} INFO - Market open check at 2026-04-30 23:52 ET: False
[2026-05-01T03:52:45.639+0000] {taskinstance.py:2658} INFO - Rescheduling task, marking task as UP_FOR_RESCHEDULE
[2026-05-01T03:52:45.685+0000] {local_task_job_runner.py:234} INFO - Task exited with return code 0
[2026-05-01T03:52:45.726+0000] {taskinstance.py:3280} INFO - 0 downstream tasks scheduled from follow-on schedule check
[2026-05-01T03:53:46.671+0000] {taskinstance.py:1956} INFO - Dependencies all met for dep_context=non-requeueable deps ti=<TaskInstance: fetch_market_data.check_market_open scheduled__2026-05-01T03:15:00+00:00 [queued]>
[2026-05-01T03:53:46.680+0000] {taskinstance.py:1956} INFO - Dependencies all met for dep_context=requeueable deps ti=<TaskInstance: fetch_market_data.check_market_open scheduled__2026-05-01T03:15:00+00:00 [queued]>
[2026-05-01T03:53:46.681+0000] {taskinstance.py:2170} INFO - Starting attempt 1 of 3
[2026-05-01T03:53:46.692+0000] {taskinstance.py:2191} INFO - Executing <Task(MarketOpenSensor): check_market_open> on 2026-05-01 03:15:00+00:00
[2026-05-01T03:53:46.699+0000] {standard_task_runner.py:60} INFO - Started process 659653 to run task
[2026-05-01T03:53:46.702+0000] {standard_task_runner.py:87} INFO - Running: ['airflow', 'tasks', 'run', 'fetch_market_data', 'check_market_open', 'scheduled__2026-05-01T03:15:00+00:00', '--job-id', '650', '--raw', '--subdir', 'DAGS_FOLDER/fetch_market_data.py', '--cfg-path', '/tmp/tmpum7l7xbf']
[2026-05-01T03:53:46.704+0000] {standard_task_runner.py:88} INFO - Job 650: Subtask check_market_open
[2026-05-01T03:53:46.788+0000] {task_command.py:423} INFO - Running <TaskInstance: fetch_market_data.check_market_open scheduled__2026-05-01T03:15:00+00:00 [running]> on host reddit-pipeline-vm
[2026-05-01T03:53:46.910+0000] {taskinstance.py:2480} INFO - Exporting env vars: AIRFLOW_CTX_DAG_OWNER='pipeline' AIRFLOW_CTX_DAG_ID='fetch_market_data' AIRFLOW_CTX_TASK_ID='check_market_open' AIRFLOW_CTX_EXECUTION_DATE='2026-05-01T03:15:00+00:00' AIRFLOW_CTX_TRY_NUMBER='1' AIRFLOW_CTX_DAG_RUN_ID='scheduled__2026-05-01T03:15:00+00:00'
[2026-05-01T03:53:46.929+0000] {sensors.py:45} INFO - Market open check at 2026-04-30 23:53 ET: False
[2026-05-01T03:53:46.959+0000] {taskinstance.py:2658} INFO - Rescheduling task, marking task as UP_FOR_RESCHEDULE
[2026-05-01T03:53:46.996+0000] {local_task_job_runner.py:234} INFO - Task exited with return code 0
[2026-05-01T03:53:47.038+0000] {taskinstance.py:3280} INFO - 0 downstream tasks scheduled from follow-on schedule check
[2026-05-01T03:54:47.999+0000] {taskinstance.py:1956} INFO - Dependencies all met for dep_context=non-requeueable deps ti=<TaskInstance: fetch_market_data.check_market_open scheduled__2026-05-01T03:15:00+00:00 [queued]>
[2026-05-01T03:54:48.007+0000] {taskinstance.py:1956} INFO - Dependencies all met for dep_context=requeueable deps ti=<TaskInstance: fetch_market_data.check_market_open scheduled__2026-05-01T03:15:00+00:00 [queued]>
[2026-05-01T03:54:48.008+0000] {taskinstance.py:2170} INFO - Starting attempt 1 of 3
[2026-05-01T03:54:48.020+0000] {taskinstance.py:2191} INFO - Executing <Task(MarketOpenSensor): check_market_open> on 2026-05-01 03:15:00+00:00
[2026-05-01T03:54:48.027+0000] {standard_task_runner.py:60} INFO - Started process 659721 to run task
[2026-05-01T03:54:48.030+0000] {standard_task_runner.py:87} INFO - Running: ['airflow', 'tasks', 'run', 'fetch_market_data', 'check_market_open', 'scheduled__2026-05-01T03:15:00+00:00', '--job-id', '651', '--raw', '--subdir', 'DAGS_FOLDER/fetch_market_data.py', '--cfg-path', '/tmp/tmp2zqgkzsd']
[2026-05-01T03:54:48.032+0000] {standard_task_runner.py:88} INFO - Job 651: Subtask check_market_open
[2026-05-01T03:54:48.113+0000] {task_command.py:423} INFO - Running <TaskInstance: fetch_market_data.check_market_open scheduled__2026-05-01T03:15:00+00:00 [running]> on host reddit-pipeline-vm
[2026-05-01T03:54:48.234+0000] {taskinstance.py:2480} INFO - Exporting env vars: AIRFLOW_CTX_DAG_OWNER='pipeline' AIRFLOW_CTX_DAG_ID='fetch_market_data' AIRFLOW_CTX_TASK_ID='check_market_open' AIRFLOW_CTX_EXECUTION_DATE='2026-05-01T03:15:00+00:00' AIRFLOW_CTX_TRY_NUMBER='1' AIRFLOW_CTX_DAG_RUN_ID='scheduled__2026-05-01T03:15:00+00:00'
[2026-05-01T03:54:48.254+0000] {sensors.py:45} INFO - Market open check at 2026-04-30 23:54 ET: False
[2026-05-01T03:54:48.285+0000] {taskinstance.py:2658} INFO - Rescheduling task, marking task as UP_FOR_RESCHEDULE
[2026-05-01T03:54:48.323+0000] {local_task_job_runner.py:234} INFO - Task exited with return code 0
[2026-05-01T03:54:48.367+0000] {taskinstance.py:3280} INFO - 0 downstream tasks scheduled from follow-on schedule check
[2026-05-01T03:55:49.885+0000] {taskinstance.py:1956} INFO - Dependencies all met for dep_context=non-requeueable deps ti=<TaskInstance: fetch_market_data.check_market_open scheduled__2026-05-01T03:15:00+00:00 [queued]>
[2026-05-01T03:55:49.895+0000] {taskinstance.py:1956} INFO - Dependencies all met for dep_context=requeueable deps ti=<TaskInstance: fetch_market_data.check_market_open scheduled__2026-05-01T03:15:00+00:00 [queued]>
[2026-05-01T03:55:49.895+0000] {taskinstance.py:2170} INFO - Starting attempt 1 of 3
[2026-05-01T03:55:49.907+0000] {taskinstance.py:2191} INFO - Executing <Task(MarketOpenSensor): check_market_open> on 2026-05-01 03:15:00+00:00
[2026-05-01T03:55:49.914+0000] {standard_task_runner.py:60} INFO - Started process 659789 to run task
[2026-05-01T03:55:49.918+0000] {standard_task_runner.py:87} INFO - Running: ['airflow', 'tasks', 'run', 'fetch_market_data', 'check_market_open', 'scheduled__2026-05-01T03:15:00+00:00', '--job-id', '652', '--raw', '--subdir', 'DAGS_FOLDER/fetch_market_data.py', '--cfg-path', '/tmp/tmpqbsfxs6g']
[2026-05-01T03:55:49.920+0000] {standard_task_runner.py:88} INFO - Job 652: Subtask check_market_open
[2026-05-01T03:55:50.004+0000] {task_command.py:423} INFO - Running <TaskInstance: fetch_market_data.check_market_open scheduled__2026-05-01T03:15:00+00:00 [running]> on host reddit-pipeline-vm
[2026-05-01T03:55:50.127+0000] {taskinstance.py:2480} INFO - Exporting env vars: AIRFLOW_CTX_DAG_OWNER='pipeline' AIRFLOW_CTX_DAG_ID='fetch_market_data' AIRFLOW_CTX_TASK_ID='check_market_open' AIRFLOW_CTX_EXECUTION_DATE='2026-05-01T03:15:00+00:00' AIRFLOW_CTX_TRY_NUMBER='1' AIRFLOW_CTX_DAG_RUN_ID='scheduled__2026-05-01T03:15:00+00:00'
[2026-05-01T03:55:50.146+0000] {sensors.py:45} INFO - Market open check at 2026-04-30 23:55 ET: False
[2026-05-01T03:55:50.177+0000] {taskinstance.py:2658} INFO - Rescheduling task, marking task as UP_FOR_RESCHEDULE
[2026-05-01T03:55:50.212+0000] {local_task_job_runner.py:234} INFO - Task exited with return code 0
[2026-05-01T03:55:50.257+0000] {taskinstance.py:3280} INFO - 0 downstream tasks scheduled from follow-on schedule check
[2026-05-01T03:56:51.483+0000] {taskinstance.py:1956} INFO - Dependencies all met for dep_context=non-requeueable deps ti=<TaskInstance: fetch_market_data.check_market_open scheduled__2026-05-01T03:15:00+00:00 [queued]>
[2026-05-01T03:56:51.492+0000] {taskinstance.py:1956} INFO - Dependencies all met for dep_context=requeueable deps ti=<TaskInstance: fetch_market_data.check_market_open scheduled__2026-05-01T03:15:00+00:00 [queued]>
[2026-05-01T03:56:51.492+0000] {taskinstance.py:2170} INFO - Starting attempt 1 of 3
[2026-05-01T03:56:51.502+0000] {taskinstance.py:2191} INFO - Executing <Task(MarketOpenSensor): check_market_open> on 2026-05-01 03:15:00+00:00
[2026-05-01T03:56:51.509+0000] {standard_task_runner.py:60} INFO - Started process 659857 to run task
[2026-05-01T03:56:51.512+0000] {standard_task_runner.py:87} INFO - Running: ['airflow', 'tasks', 'run', 'fetch_market_data', 'check_market_open', 'scheduled__2026-05-01T03:15:00+00:00', '--job-id', '653', '--raw', '--subdir', 'DAGS_FOLDER/fetch_market_data.py', '--cfg-path', '/tmp/tmp6ux1zlja']
[2026-05-01T03:56:51.514+0000] {standard_task_runner.py:88} INFO - Job 653: Subtask check_market_open
[2026-05-01T03:56:51.596+0000] {task_command.py:423} INFO - Running <TaskInstance: fetch_market_data.check_market_open scheduled__2026-05-01T03:15:00+00:00 [running]> on host reddit-pipeline-vm
[2026-05-01T03:56:51.713+0000] {taskinstance.py:2480} INFO - Exporting env vars: AIRFLOW_CTX_DAG_OWNER='pipeline' AIRFLOW_CTX_DAG_ID='fetch_market_data' AIRFLOW_CTX_TASK_ID='check_market_open' AIRFLOW_CTX_EXECUTION_DATE='2026-05-01T03:15:00+00:00' AIRFLOW_CTX_TRY_NUMBER='1' AIRFLOW_CTX_DAG_RUN_ID='scheduled__2026-05-01T03:15:00+00:00'
[2026-05-01T03:56:51.731+0000] {sensors.py:45} INFO - Market open check at 2026-04-30 23:56 ET: False
[2026-05-01T03:56:51.732+0000] {taskinstance.py:2698} ERROR - Task failed with exception
Traceback (most recent call last):
  File "/home/ubuntu/github_repo/Stock-Market-Intelligence-Pipeline/venv/lib/python3.11/site-packages/airflow/models/taskinstance.py", line 433, in _execute_task
    result = execute_callable(context=context, **execute_callable_kwargs)
             ^^^^^^^^^^^^^^^^^^^^^^^^^^^^^^^^^^^^^^^^^^^^^^^^^^^^^^^^^^^^
  File "/home/ubuntu/github_repo/Stock-Market-Intelligence-Pipeline/venv/lib/python3.11/site-packages/airflow/sensors/base.py", line 282, in execute
    raise AirflowSensorTimeout(message)
airflow.exceptions.AirflowSensorTimeout: Sensor has timed out; run duration of 923.258127 seconds exceeds the specified timeout of 900.0.
[2026-05-01T03:56:51.750+0000] {taskinstance.py:1138} INFO - Immediate failure requested. Marking task as FAILED. dag_id=fetch_market_data, task_id=check_market_open, execution_date=20260501T031500, start_date=20260501T035651, end_date=20260501T035651
[2026-05-01T03:56:51.762+0000] {standard_task_runner.py:107} ERROR - Failed to execute job 653 for task check_market_open (Sensor has timed out; run duration of 923.258127 seconds exceeds the specified timeout of 900.0.; 659857)
[2026-05-01T03:56:51.808+0000] {local_task_job_runner.py:234} INFO - Task exited with return code 1
[2026-05-01T03:56:51.862+0000] {taskinstance.py:3280} INFO - 0 downstream tasks scheduled from follow-on schedule check
