[2026-05-01T22:00:19.300+0000] {taskinstance.py:1956} INFO - Dependencies all met for dep_context=non-requeueable deps ti=<TaskInstance: fetch_market_data.check_market_open scheduled__2026-05-01T21:00:00+00:00 [queued]>
[2026-05-01T22:00:19.306+0000] {taskinstance.py:1956} INFO - Dependencies all met for dep_context=requeueable deps ti=<TaskInstance: fetch_market_data.check_market_open scheduled__2026-05-01T21:00:00+00:00 [queued]>
[2026-05-01T22:00:19.306+0000] {taskinstance.py:2170} INFO - Starting attempt 1 of 3
[2026-05-01T22:00:19.316+0000] {taskinstance.py:2191} INFO - Executing <Task(MarketOpenSensor): check_market_open> on 2026-05-01 21:00:00+00:00
[2026-05-01T22:00:19.322+0000] {standard_task_runner.py:60} INFO - Started process 722970 to run task
[2026-05-01T22:00:19.325+0000] {standard_task_runner.py:87} INFO - Running: ['airflow', 'tasks', 'run', 'fetch_market_data', 'check_market_open', 'scheduled__2026-05-01T21:00:00+00:00', '--job-id', '1039', '--raw', '--subdir', 'DAGS_FOLDER/fetch_market_data.py', '--cfg-path', '/tmp/tmpq0xf5z0h']
[2026-05-01T22:00:19.327+0000] {standard_task_runner.py:88} INFO - Job 1039: Subtask check_market_open
[2026-05-01T22:00:19.401+0000] {task_command.py:423} INFO - Running <TaskInstance: fetch_market_data.check_market_open scheduled__2026-05-01T21:00:00+00:00 [running]> on host reddit-pipeline-vm
[2026-05-01T22:00:19.509+0000] {taskinstance.py:2480} INFO - Exporting env vars: AIRFLOW_CTX_DAG_OWNER='pipeline' AIRFLOW_CTX_DAG_ID='fetch_market_data' AIRFLOW_CTX_TASK_ID='check_market_open' AIRFLOW_CTX_EXECUTION_DATE='2026-05-01T21:00:00+00:00' AIRFLOW_CTX_TRY_NUMBER='1' AIRFLOW_CTX_DAG_RUN_ID='scheduled__2026-05-01T21:00:00+00:00'
[2026-05-01T22:00:19.526+0000] {sensors.py:45} INFO - Market open check at 2026-05-01 18:00 ET: False
[2026-05-01T22:00:19.550+0000] {taskinstance.py:2658} INFO - Rescheduling task, marking task as UP_FOR_RESCHEDULE
[2026-05-01T22:00:19.578+0000] {local_task_job_runner.py:234} INFO - Task exited with return code 0
[2026-05-01T22:00:19.619+0000] {taskinstance.py:3280} INFO - 0 downstream tasks scheduled from follow-on schedule check
[2026-05-01T22:15:20.897+0000] {taskinstance.py:1956} INFO - Dependencies all met for dep_context=non-requeueable deps ti=<TaskInstance: fetch_market_data.check_market_open scheduled__2026-05-01T21:00:00+00:00 [queued]>
[2026-05-01T22:15:20.905+0000] {taskinstance.py:1956} INFO - Dependencies all met for dep_context=requeueable deps ti=<TaskInstance: fetch_market_data.check_market_open scheduled__2026-05-01T21:00:00+00:00 [queued]>
[2026-05-01T22:15:20.906+0000] {taskinstance.py:2170} INFO - Starting attempt 1 of 3
[2026-05-01T22:15:20.915+0000] {taskinstance.py:2191} INFO - Executing <Task(MarketOpenSensor): check_market_open> on 2026-05-01 21:00:00+00:00
[2026-05-01T22:15:20.930+0000] {standard_task_runner.py:60} INFO - Started process 723736 to run task
[2026-05-01T22:15:20.936+0000] {standard_task_runner.py:87} INFO - Running: ['airflow', 'tasks', 'run', 'fetch_market_data', 'check_market_open', 'scheduled__2026-05-01T21:00:00+00:00', '--job-id', '1040', '--raw', '--subdir', 'DAGS_FOLDER/fetch_market_data.py', '--cfg-path', '/tmp/tmpvh57bzjz']
[2026-05-01T22:15:20.938+0000] {standard_task_runner.py:88} INFO - Job 1040: Subtask check_market_open
[2026-05-01T22:15:21.025+0000] {task_command.py:423} INFO - Running <TaskInstance: fetch_market_data.check_market_open scheduled__2026-05-01T21:00:00+00:00 [running]> on host reddit-pipeline-vm
[2026-05-01T22:15:21.142+0000] {taskinstance.py:2480} INFO - Exporting env vars: AIRFLOW_CTX_DAG_OWNER='pipeline' AIRFLOW_CTX_DAG_ID='fetch_market_data' AIRFLOW_CTX_TASK_ID='check_market_open' AIRFLOW_CTX_EXECUTION_DATE='2026-05-01T21:00:00+00:00' AIRFLOW_CTX_TRY_NUMBER='1' AIRFLOW_CTX_DAG_RUN_ID='scheduled__2026-05-01T21:00:00+00:00'
[2026-05-01T22:15:21.163+0000] {sensors.py:45} INFO - Market open check at 2026-05-01 18:15 ET: False
[2026-05-01T22:15:21.191+0000] {taskinstance.py:2658} INFO - Rescheduling task, marking task as UP_FOR_RESCHEDULE
[2026-05-01T22:15:21.230+0000] {local_task_job_runner.py:234} INFO - Task exited with return code 0
[2026-05-01T22:15:21.270+0000] {taskinstance.py:3280} INFO - 0 downstream tasks scheduled from follow-on schedule check
[2026-05-01T22:30:22.607+0000] {taskinstance.py:1956} INFO - Dependencies all met for dep_context=non-requeueable deps ti=<TaskInstance: fetch_market_data.check_market_open scheduled__2026-05-01T21:00:00+00:00 [queued]>
[2026-05-01T22:30:22.614+0000] {taskinstance.py:1956} INFO - Dependencies all met for dep_context=requeueable deps ti=<TaskInstance: fetch_market_data.check_market_open scheduled__2026-05-01T21:00:00+00:00 [queued]>
[2026-05-01T22:30:22.614+0000] {taskinstance.py:2170} INFO - Starting attempt 1 of 3
[2026-05-01T22:30:22.624+0000] {taskinstance.py:2191} INFO - Executing <Task(MarketOpenSensor): check_market_open> on 2026-05-01 21:00:00+00:00
[2026-05-01T22:30:22.631+0000] {standard_task_runner.py:60} INFO - Started process 724515 to run task
[2026-05-01T22:30:22.634+0000] {standard_task_runner.py:87} INFO - Running: ['airflow', 'tasks', 'run', 'fetch_market_data', 'check_market_open', 'scheduled__2026-05-01T21:00:00+00:00', '--job-id', '1041', '--raw', '--subdir', 'DAGS_FOLDER/fetch_market_data.py', '--cfg-path', '/tmp/tmp5f27d8yy']
[2026-05-01T22:30:22.636+0000] {standard_task_runner.py:88} INFO - Job 1041: Subtask check_market_open
[2026-05-01T22:30:22.712+0000] {task_command.py:423} INFO - Running <TaskInstance: fetch_market_data.check_market_open scheduled__2026-05-01T21:00:00+00:00 [running]> on host reddit-pipeline-vm
[2026-05-01T22:30:22.820+0000] {taskinstance.py:2480} INFO - Exporting env vars: AIRFLOW_CTX_DAG_OWNER='pipeline' AIRFLOW_CTX_DAG_ID='fetch_market_data' AIRFLOW_CTX_TASK_ID='check_market_open' AIRFLOW_CTX_EXECUTION_DATE='2026-05-01T21:00:00+00:00' AIRFLOW_CTX_TRY_NUMBER='1' AIRFLOW_CTX_DAG_RUN_ID='scheduled__2026-05-01T21:00:00+00:00'
[2026-05-01T22:30:22.838+0000] {sensors.py:45} INFO - Market open check at 2026-05-01 18:30 ET: False
[2026-05-01T22:30:22.864+0000] {taskinstance.py:2658} INFO - Rescheduling task, marking task as UP_FOR_RESCHEDULE
[2026-05-01T22:30:22.889+0000] {local_task_job_runner.py:234} INFO - Task exited with return code 0
[2026-05-01T22:30:22.928+0000] {taskinstance.py:3280} INFO - 0 downstream tasks scheduled from follow-on schedule check
[2026-05-01T22:45:24.174+0000] {taskinstance.py:1956} INFO - Dependencies all met for dep_context=non-requeueable deps ti=<TaskInstance: fetch_market_data.check_market_open scheduled__2026-05-01T21:00:00+00:00 [queued]>
[2026-05-01T22:45:24.181+0000] {taskinstance.py:1956} INFO - Dependencies all met for dep_context=requeueable deps ti=<TaskInstance: fetch_market_data.check_market_open scheduled__2026-05-01T21:00:00+00:00 [queued]>
[2026-05-01T22:45:24.181+0000] {taskinstance.py:2170} INFO - Starting attempt 1 of 3
[2026-05-01T22:45:24.191+0000] {taskinstance.py:2191} INFO - Executing <Task(MarketOpenSensor): check_market_open> on 2026-05-01 21:00:00+00:00
[2026-05-01T22:45:24.198+0000] {standard_task_runner.py:60} INFO - Started process 725288 to run task
[2026-05-01T22:45:24.201+0000] {standard_task_runner.py:87} INFO - Running: ['airflow', 'tasks', 'run', 'fetch_market_data', 'check_market_open', 'scheduled__2026-05-01T21:00:00+00:00', '--job-id', '1042', '--raw', '--subdir', 'DAGS_FOLDER/fetch_market_data.py', '--cfg-path', '/tmp/tmpgt8o4d08']
[2026-05-01T22:45:24.203+0000] {standard_task_runner.py:88} INFO - Job 1042: Subtask check_market_open
[2026-05-01T22:45:24.276+0000] {task_command.py:423} INFO - Running <TaskInstance: fetch_market_data.check_market_open scheduled__2026-05-01T21:00:00+00:00 [running]> on host reddit-pipeline-vm
[2026-05-01T22:45:24.381+0000] {taskinstance.py:2480} INFO - Exporting env vars: AIRFLOW_CTX_DAG_OWNER='pipeline' AIRFLOW_CTX_DAG_ID='fetch_market_data' AIRFLOW_CTX_TASK_ID='check_market_open' AIRFLOW_CTX_EXECUTION_DATE='2026-05-01T21:00:00+00:00' AIRFLOW_CTX_TRY_NUMBER='1' AIRFLOW_CTX_DAG_RUN_ID='scheduled__2026-05-01T21:00:00+00:00'
[2026-05-01T22:45:24.399+0000] {sensors.py:45} INFO - Market open check at 2026-05-01 18:45 ET: False
[2026-05-01T22:45:24.424+0000] {taskinstance.py:2658} INFO - Rescheduling task, marking task as UP_FOR_RESCHEDULE
[2026-05-01T22:45:24.453+0000] {local_task_job_runner.py:234} INFO - Task exited with return code 0
[2026-05-01T22:45:24.493+0000] {taskinstance.py:3280} INFO - 0 downstream tasks scheduled from follow-on schedule check
[2026-05-01T23:00:25.390+0000] {taskinstance.py:1956} INFO - Dependencies all met for dep_context=non-requeueable deps ti=<TaskInstance: fetch_market_data.check_market_open scheduled__2026-05-01T21:00:00+00:00 [queued]>
[2026-05-01T23:00:25.397+0000] {taskinstance.py:1956} INFO - Dependencies all met for dep_context=requeueable deps ti=<TaskInstance: fetch_market_data.check_market_open scheduled__2026-05-01T21:00:00+00:00 [queued]>
[2026-05-01T23:00:25.397+0000] {taskinstance.py:2170} INFO - Starting attempt 1 of 3
[2026-05-01T23:00:25.407+0000] {taskinstance.py:2191} INFO - Executing <Task(MarketOpenSensor): check_market_open> on 2026-05-01 21:00:00+00:00
[2026-05-01T23:00:25.413+0000] {standard_task_runner.py:60} INFO - Started process 726038 to run task
[2026-05-01T23:00:25.416+0000] {standard_task_runner.py:87} INFO - Running: ['airflow', 'tasks', 'run', 'fetch_market_data', 'check_market_open', 'scheduled__2026-05-01T21:00:00+00:00', '--job-id', '1043', '--raw', '--subdir', 'DAGS_FOLDER/fetch_market_data.py', '--cfg-path', '/tmp/tmpn53atik_']
[2026-05-01T23:00:25.418+0000] {standard_task_runner.py:88} INFO - Job 1043: Subtask check_market_open
[2026-05-01T23:00:25.491+0000] {task_command.py:423} INFO - Running <TaskInstance: fetch_market_data.check_market_open scheduled__2026-05-01T21:00:00+00:00 [running]> on host reddit-pipeline-vm
[2026-05-01T23:00:25.599+0000] {taskinstance.py:2480} INFO - Exporting env vars: AIRFLOW_CTX_DAG_OWNER='pipeline' AIRFLOW_CTX_DAG_ID='fetch_market_data' AIRFLOW_CTX_TASK_ID='check_market_open' AIRFLOW_CTX_EXECUTION_DATE='2026-05-01T21:00:00+00:00' AIRFLOW_CTX_TRY_NUMBER='1' AIRFLOW_CTX_DAG_RUN_ID='scheduled__2026-05-01T21:00:00+00:00'
[2026-05-01T23:00:25.617+0000] {sensors.py:45} INFO - Market open check at 2026-05-01 19:00 ET: False
[2026-05-01T23:00:25.617+0000] {taskinstance.py:2360} INFO - Sensor has timed out; run duration of 3606.182263 seconds exceeds the specified timeout of 3600.0.
[2026-05-01T23:00:25.633+0000] {taskinstance.py:1138} INFO - Marking task as SKIPPED. dag_id=fetch_market_data, task_id=check_market_open, execution_date=20260501T210000, start_date=20260501T230025, end_date=20260501T230025
[2026-05-01T23:00:25.669+0000] {local_task_job_runner.py:234} INFO - Task exited with return code 0
[2026-05-01T23:00:25.704+0000] {taskinstance.py:3280} INFO - 0 downstream tasks scheduled from follow-on schedule check
