[2026-05-12T03:00:57.417+0000] {taskinstance.py:1956} INFO - Dependencies all met for dep_context=non-requeueable deps ti=<TaskInstance: fetch_market_data.check_market_open scheduled__2026-05-12T02:00:00+00:00 [queued]>
[2026-05-12T03:00:57.424+0000] {taskinstance.py:1956} INFO - Dependencies all met for dep_context=requeueable deps ti=<TaskInstance: fetch_market_data.check_market_open scheduled__2026-05-12T02:00:00+00:00 [queued]>
[2026-05-12T03:00:57.424+0000] {taskinstance.py:2170} INFO - Starting attempt 1 of 3
[2026-05-12T03:00:57.435+0000] {taskinstance.py:2191} INFO - Executing <Task(MarketOpenSensor): check_market_open> on 2026-05-12 02:00:00+00:00
[2026-05-12T03:00:57.442+0000] {standard_task_runner.py:60} INFO - Started process 1561026 to run task
[2026-05-12T03:00:57.445+0000] {standard_task_runner.py:87} INFO - Running: ['airflow', 'tasks', 'run', 'fetch_market_data', 'check_market_open', 'scheduled__2026-05-12T02:00:00+00:00', '--job-id', '1945', '--raw', '--subdir', 'DAGS_FOLDER/fetch_market_data.py', '--cfg-path', '/tmp/tmpuoj92uif']
[2026-05-12T03:00:57.447+0000] {standard_task_runner.py:88} INFO - Job 1945: Subtask check_market_open
[2026-05-12T03:00:57.511+0000] {task_command.py:423} INFO - Running <TaskInstance: fetch_market_data.check_market_open scheduled__2026-05-12T02:00:00+00:00 [running]> on host reddit-pipeline-vm
[2026-05-12T03:00:57.616+0000] {taskinstance.py:2480} INFO - Exporting env vars: AIRFLOW_CTX_DAG_OWNER='pipeline' AIRFLOW_CTX_DAG_ID='fetch_market_data' AIRFLOW_CTX_TASK_ID='check_market_open' AIRFLOW_CTX_EXECUTION_DATE='2026-05-12T02:00:00+00:00' AIRFLOW_CTX_TRY_NUMBER='1' AIRFLOW_CTX_DAG_RUN_ID='scheduled__2026-05-12T02:00:00+00:00'
[2026-05-12T03:00:57.631+0000] {sensors.py:45} INFO - Market open check at 2026-05-11 23:00 ET: False
[2026-05-12T03:00:57.654+0000] {taskinstance.py:2658} INFO - Rescheduling task, marking task as UP_FOR_RESCHEDULE
[2026-05-12T03:00:57.698+0000] {local_task_job_runner.py:234} INFO - Task exited with return code 0
[2026-05-12T03:00:57.731+0000] {taskinstance.py:3280} INFO - 0 downstream tasks scheduled from follow-on schedule check
[2026-05-12T03:15:59.132+0000] {taskinstance.py:1956} INFO - Dependencies all met for dep_context=non-requeueable deps ti=<TaskInstance: fetch_market_data.check_market_open scheduled__2026-05-12T02:00:00+00:00 [queued]>
[2026-05-12T03:15:59.139+0000] {taskinstance.py:1956} INFO - Dependencies all met for dep_context=requeueable deps ti=<TaskInstance: fetch_market_data.check_market_open scheduled__2026-05-12T02:00:00+00:00 [queued]>
[2026-05-12T03:15:59.139+0000] {taskinstance.py:2170} INFO - Starting attempt 1 of 3
[2026-05-12T03:15:59.150+0000] {taskinstance.py:2191} INFO - Executing <Task(MarketOpenSensor): check_market_open> on 2026-05-12 02:00:00+00:00
[2026-05-12T03:15:59.156+0000] {standard_task_runner.py:60} INFO - Started process 1561995 to run task
[2026-05-12T03:15:59.160+0000] {standard_task_runner.py:87} INFO - Running: ['airflow', 'tasks', 'run', 'fetch_market_data', 'check_market_open', 'scheduled__2026-05-12T02:00:00+00:00', '--job-id', '1946', '--raw', '--subdir', 'DAGS_FOLDER/fetch_market_data.py', '--cfg-path', '/tmp/tmp2g7zkngd']
[2026-05-12T03:15:59.162+0000] {standard_task_runner.py:88} INFO - Job 1946: Subtask check_market_open
[2026-05-12T03:15:59.227+0000] {task_command.py:423} INFO - Running <TaskInstance: fetch_market_data.check_market_open scheduled__2026-05-12T02:00:00+00:00 [running]> on host reddit-pipeline-vm
[2026-05-12T03:15:59.332+0000] {taskinstance.py:2480} INFO - Exporting env vars: AIRFLOW_CTX_DAG_OWNER='pipeline' AIRFLOW_CTX_DAG_ID='fetch_market_data' AIRFLOW_CTX_TASK_ID='check_market_open' AIRFLOW_CTX_EXECUTION_DATE='2026-05-12T02:00:00+00:00' AIRFLOW_CTX_TRY_NUMBER='1' AIRFLOW_CTX_DAG_RUN_ID='scheduled__2026-05-12T02:00:00+00:00'
[2026-05-12T03:15:59.349+0000] {sensors.py:45} INFO - Market open check at 2026-05-11 23:15 ET: False
[2026-05-12T03:15:59.377+0000] {taskinstance.py:2658} INFO - Rescheduling task, marking task as UP_FOR_RESCHEDULE
[2026-05-12T03:15:59.421+0000] {local_task_job_runner.py:234} INFO - Task exited with return code 0
[2026-05-12T03:15:59.478+0000] {taskinstance.py:3280} INFO - 0 downstream tasks scheduled from follow-on schedule check
[2026-05-12T03:31:00.877+0000] {taskinstance.py:1956} INFO - Dependencies all met for dep_context=non-requeueable deps ti=<TaskInstance: fetch_market_data.check_market_open scheduled__2026-05-12T02:00:00+00:00 [queued]>
[2026-05-12T03:31:00.884+0000] {taskinstance.py:1956} INFO - Dependencies all met for dep_context=requeueable deps ti=<TaskInstance: fetch_market_data.check_market_open scheduled__2026-05-12T02:00:00+00:00 [queued]>
[2026-05-12T03:31:00.884+0000] {taskinstance.py:2170} INFO - Starting attempt 1 of 3
[2026-05-12T03:31:00.896+0000] {taskinstance.py:2191} INFO - Executing <Task(MarketOpenSensor): check_market_open> on 2026-05-12 02:00:00+00:00
[2026-05-12T03:31:00.902+0000] {standard_task_runner.py:60} INFO - Started process 1562994 to run task
[2026-05-12T03:31:00.905+0000] {standard_task_runner.py:87} INFO - Running: ['airflow', 'tasks', 'run', 'fetch_market_data', 'check_market_open', 'scheduled__2026-05-12T02:00:00+00:00', '--job-id', '1947', '--raw', '--subdir', 'DAGS_FOLDER/fetch_market_data.py', '--cfg-path', '/tmp/tmpg881qrja']
[2026-05-12T03:31:00.907+0000] {standard_task_runner.py:88} INFO - Job 1947: Subtask check_market_open
[2026-05-12T03:31:00.970+0000] {task_command.py:423} INFO - Running <TaskInstance: fetch_market_data.check_market_open scheduled__2026-05-12T02:00:00+00:00 [running]> on host reddit-pipeline-vm
[2026-05-12T03:31:01.062+0000] {taskinstance.py:2480} INFO - Exporting env vars: AIRFLOW_CTX_DAG_OWNER='pipeline' AIRFLOW_CTX_DAG_ID='fetch_market_data' AIRFLOW_CTX_TASK_ID='check_market_open' AIRFLOW_CTX_EXECUTION_DATE='2026-05-12T02:00:00+00:00' AIRFLOW_CTX_TRY_NUMBER='1' AIRFLOW_CTX_DAG_RUN_ID='scheduled__2026-05-12T02:00:00+00:00'
[2026-05-12T03:31:01.076+0000] {sensors.py:45} INFO - Market open check at 2026-05-11 23:31 ET: False
[2026-05-12T03:31:01.098+0000] {taskinstance.py:2658} INFO - Rescheduling task, marking task as UP_FOR_RESCHEDULE
[2026-05-12T03:31:01.118+0000] {local_task_job_runner.py:234} INFO - Task exited with return code 0
[2026-05-12T03:31:01.151+0000] {taskinstance.py:3280} INFO - 0 downstream tasks scheduled from follow-on schedule check
[2026-05-12T03:46:01.655+0000] {taskinstance.py:1956} INFO - Dependencies all met for dep_context=non-requeueable deps ti=<TaskInstance: fetch_market_data.check_market_open scheduled__2026-05-12T02:00:00+00:00 [queued]>
[2026-05-12T03:46:01.662+0000] {taskinstance.py:1956} INFO - Dependencies all met for dep_context=requeueable deps ti=<TaskInstance: fetch_market_data.check_market_open scheduled__2026-05-12T02:00:00+00:00 [queued]>
[2026-05-12T03:46:01.662+0000] {taskinstance.py:2170} INFO - Starting attempt 1 of 3
[2026-05-12T03:46:01.674+0000] {taskinstance.py:2191} INFO - Executing <Task(MarketOpenSensor): check_market_open> on 2026-05-12 02:00:00+00:00
[2026-05-12T03:46:01.681+0000] {standard_task_runner.py:60} INFO - Started process 1563947 to run task
[2026-05-12T03:46:01.684+0000] {standard_task_runner.py:87} INFO - Running: ['airflow', 'tasks', 'run', 'fetch_market_data', 'check_market_open', 'scheduled__2026-05-12T02:00:00+00:00', '--job-id', '1948', '--raw', '--subdir', 'DAGS_FOLDER/fetch_market_data.py', '--cfg-path', '/tmp/tmp0b9qqalt']
[2026-05-12T03:46:01.686+0000] {standard_task_runner.py:88} INFO - Job 1948: Subtask check_market_open
[2026-05-12T03:46:01.750+0000] {task_command.py:423} INFO - Running <TaskInstance: fetch_market_data.check_market_open scheduled__2026-05-12T02:00:00+00:00 [running]> on host reddit-pipeline-vm
[2026-05-12T03:46:01.841+0000] {taskinstance.py:2480} INFO - Exporting env vars: AIRFLOW_CTX_DAG_OWNER='pipeline' AIRFLOW_CTX_DAG_ID='fetch_market_data' AIRFLOW_CTX_TASK_ID='check_market_open' AIRFLOW_CTX_EXECUTION_DATE='2026-05-12T02:00:00+00:00' AIRFLOW_CTX_TRY_NUMBER='1' AIRFLOW_CTX_DAG_RUN_ID='scheduled__2026-05-12T02:00:00+00:00'
[2026-05-12T03:46:01.855+0000] {sensors.py:45} INFO - Market open check at 2026-05-11 23:46 ET: False
[2026-05-12T03:46:01.878+0000] {taskinstance.py:2658} INFO - Rescheduling task, marking task as UP_FOR_RESCHEDULE
[2026-05-12T03:46:01.897+0000] {local_task_job_runner.py:234} INFO - Task exited with return code 0
[2026-05-12T03:46:01.931+0000] {taskinstance.py:3280} INFO - 0 downstream tasks scheduled from follow-on schedule check
[2026-05-12T04:01:03.582+0000] {taskinstance.py:1956} INFO - Dependencies all met for dep_context=non-requeueable deps ti=<TaskInstance: fetch_market_data.check_market_open scheduled__2026-05-12T02:00:00+00:00 [queued]>
[2026-05-12T04:01:03.592+0000] {taskinstance.py:1956} INFO - Dependencies all met for dep_context=requeueable deps ti=<TaskInstance: fetch_market_data.check_market_open scheduled__2026-05-12T02:00:00+00:00 [queued]>
[2026-05-12T04:01:03.593+0000] {taskinstance.py:2170} INFO - Starting attempt 1 of 3
[2026-05-12T04:01:03.608+0000] {taskinstance.py:2191} INFO - Executing <Task(MarketOpenSensor): check_market_open> on 2026-05-12 02:00:00+00:00
[2026-05-12T04:01:03.615+0000] {standard_task_runner.py:60} INFO - Started process 1564941 to run task
[2026-05-12T04:01:03.619+0000] {standard_task_runner.py:87} INFO - Running: ['airflow', 'tasks', 'run', 'fetch_market_data', 'check_market_open', 'scheduled__2026-05-12T02:00:00+00:00', '--job-id', '1949', '--raw', '--subdir', 'DAGS_FOLDER/fetch_market_data.py', '--cfg-path', '/tmp/tmpvlrgfgsf']
[2026-05-12T04:01:03.621+0000] {standard_task_runner.py:88} INFO - Job 1949: Subtask check_market_open
[2026-05-12T04:01:03.702+0000] {task_command.py:423} INFO - Running <TaskInstance: fetch_market_data.check_market_open scheduled__2026-05-12T02:00:00+00:00 [running]> on host reddit-pipeline-vm
[2026-05-12T04:01:03.817+0000] {taskinstance.py:2480} INFO - Exporting env vars: AIRFLOW_CTX_DAG_OWNER='pipeline' AIRFLOW_CTX_DAG_ID='fetch_market_data' AIRFLOW_CTX_TASK_ID='check_market_open' AIRFLOW_CTX_EXECUTION_DATE='2026-05-12T02:00:00+00:00' AIRFLOW_CTX_TRY_NUMBER='1' AIRFLOW_CTX_DAG_RUN_ID='scheduled__2026-05-12T02:00:00+00:00'
[2026-05-12T04:01:03.835+0000] {sensors.py:45} INFO - Market open check at 2026-05-12 00:01 ET: False
[2026-05-12T04:01:03.835+0000] {taskinstance.py:2360} INFO - Sensor has timed out; run duration of 3606.295109 seconds exceeds the specified timeout of 3600.0.
[2026-05-12T04:01:03.852+0000] {taskinstance.py:1138} INFO - Marking task as SKIPPED. dag_id=fetch_market_data, task_id=check_market_open, execution_date=20260512T020000, start_date=20260512T040103, end_date=20260512T040103
[2026-05-12T04:01:03.874+0000] {local_task_job_runner.py:234} INFO - Task exited with return code 0
[2026-05-12T04:01:03.925+0000] {taskinstance.py:3280} INFO - 0 downstream tasks scheduled from follow-on schedule check
