[2026-05-05T12:02:09.418+0000] {taskinstance.py:1956} INFO - Dependencies all met for dep_context=non-requeueable deps ti=<TaskInstance: fetch_market_data.check_market_open scheduled__2026-05-05T11:00:00+00:00 [queued]>
[2026-05-05T12:02:09.427+0000] {taskinstance.py:1956} INFO - Dependencies all met for dep_context=requeueable deps ti=<TaskInstance: fetch_market_data.check_market_open scheduled__2026-05-05T11:00:00+00:00 [queued]>
[2026-05-05T12:02:09.427+0000] {taskinstance.py:2170} INFO - Starting attempt 1 of 3
[2026-05-05T12:02:09.438+0000] {taskinstance.py:2191} INFO - Executing <Task(MarketOpenSensor): check_market_open> on 2026-05-05 11:00:00+00:00
[2026-05-05T12:02:09.445+0000] {standard_task_runner.py:60} INFO - Started process 985991 to run task
[2026-05-05T12:02:09.448+0000] {standard_task_runner.py:87} INFO - Running: ['airflow', 'tasks', 'run', 'fetch_market_data', 'check_market_open', 'scheduled__2026-05-05T11:00:00+00:00', '--job-id', '1279', '--raw', '--subdir', 'DAGS_FOLDER/fetch_market_data.py', '--cfg-path', '/tmp/tmpe288z128']
[2026-05-05T12:02:09.450+0000] {standard_task_runner.py:88} INFO - Job 1279: Subtask check_market_open
[2026-05-05T12:02:09.531+0000] {task_command.py:423} INFO - Running <TaskInstance: fetch_market_data.check_market_open scheduled__2026-05-05T11:00:00+00:00 [running]> on host reddit-pipeline-vm
[2026-05-05T12:02:09.654+0000] {taskinstance.py:2480} INFO - Exporting env vars: AIRFLOW_CTX_DAG_OWNER='pipeline' AIRFLOW_CTX_DAG_ID='fetch_market_data' AIRFLOW_CTX_TASK_ID='check_market_open' AIRFLOW_CTX_EXECUTION_DATE='2026-05-05T11:00:00+00:00' AIRFLOW_CTX_TRY_NUMBER='1' AIRFLOW_CTX_DAG_RUN_ID='scheduled__2026-05-05T11:00:00+00:00'
[2026-05-05T12:02:09.673+0000] {sensors.py:45} INFO - Market open check at 2026-05-05 08:02 ET: False
[2026-05-05T12:02:09.703+0000] {taskinstance.py:2658} INFO - Rescheduling task, marking task as UP_FOR_RESCHEDULE
[2026-05-05T12:02:09.743+0000] {local_task_job_runner.py:234} INFO - Task exited with return code 0
[2026-05-05T12:02:09.786+0000] {taskinstance.py:3280} INFO - 0 downstream tasks scheduled from follow-on schedule check
[2026-05-05T12:17:10.565+0000] {taskinstance.py:1956} INFO - Dependencies all met for dep_context=non-requeueable deps ti=<TaskInstance: fetch_market_data.check_market_open scheduled__2026-05-05T11:00:00+00:00 [queued]>
[2026-05-05T12:17:10.573+0000] {taskinstance.py:1956} INFO - Dependencies all met for dep_context=requeueable deps ti=<TaskInstance: fetch_market_data.check_market_open scheduled__2026-05-05T11:00:00+00:00 [queued]>
[2026-05-05T12:17:10.573+0000] {taskinstance.py:2170} INFO - Starting attempt 1 of 3
[2026-05-05T12:17:10.584+0000] {taskinstance.py:2191} INFO - Executing <Task(MarketOpenSensor): check_market_open> on 2026-05-05 11:00:00+00:00
[2026-05-05T12:17:10.591+0000] {standard_task_runner.py:60} INFO - Started process 986699 to run task
[2026-05-05T12:17:10.595+0000] {standard_task_runner.py:87} INFO - Running: ['airflow', 'tasks', 'run', 'fetch_market_data', 'check_market_open', 'scheduled__2026-05-05T11:00:00+00:00', '--job-id', '1280', '--raw', '--subdir', 'DAGS_FOLDER/fetch_market_data.py', '--cfg-path', '/tmp/tmprcrg944q']
[2026-05-05T12:17:10.597+0000] {standard_task_runner.py:88} INFO - Job 1280: Subtask check_market_open
[2026-05-05T12:17:10.677+0000] {task_command.py:423} INFO - Running <TaskInstance: fetch_market_data.check_market_open scheduled__2026-05-05T11:00:00+00:00 [running]> on host reddit-pipeline-vm
[2026-05-05T12:17:10.795+0000] {taskinstance.py:2480} INFO - Exporting env vars: AIRFLOW_CTX_DAG_OWNER='pipeline' AIRFLOW_CTX_DAG_ID='fetch_market_data' AIRFLOW_CTX_TASK_ID='check_market_open' AIRFLOW_CTX_EXECUTION_DATE='2026-05-05T11:00:00+00:00' AIRFLOW_CTX_TRY_NUMBER='1' AIRFLOW_CTX_DAG_RUN_ID='scheduled__2026-05-05T11:00:00+00:00'
[2026-05-05T12:17:10.815+0000] {sensors.py:45} INFO - Market open check at 2026-05-05 08:17 ET: False
[2026-05-05T12:17:10.843+0000] {taskinstance.py:2658} INFO - Rescheduling task, marking task as UP_FOR_RESCHEDULE
[2026-05-05T12:17:10.887+0000] {local_task_job_runner.py:234} INFO - Task exited with return code 0
[2026-05-05T12:17:10.932+0000] {taskinstance.py:3280} INFO - 0 downstream tasks scheduled from follow-on schedule check
[2026-05-05T12:32:12.476+0000] {taskinstance.py:1956} INFO - Dependencies all met for dep_context=non-requeueable deps ti=<TaskInstance: fetch_market_data.check_market_open scheduled__2026-05-05T11:00:00+00:00 [queued]>
[2026-05-05T12:32:12.485+0000] {taskinstance.py:1956} INFO - Dependencies all met for dep_context=requeueable deps ti=<TaskInstance: fetch_market_data.check_market_open scheduled__2026-05-05T11:00:00+00:00 [queued]>
[2026-05-05T12:32:12.485+0000] {taskinstance.py:2170} INFO - Starting attempt 1 of 3
[2026-05-05T12:32:12.497+0000] {taskinstance.py:2191} INFO - Executing <Task(MarketOpenSensor): check_market_open> on 2026-05-05 11:00:00+00:00
[2026-05-05T12:32:12.505+0000] {standard_task_runner.py:60} INFO - Started process 987426 to run task
[2026-05-05T12:32:12.509+0000] {standard_task_runner.py:87} INFO - Running: ['airflow', 'tasks', 'run', 'fetch_market_data', 'check_market_open', 'scheduled__2026-05-05T11:00:00+00:00', '--job-id', '1281', '--raw', '--subdir', 'DAGS_FOLDER/fetch_market_data.py', '--cfg-path', '/tmp/tmp725f71zu']
[2026-05-05T12:32:12.511+0000] {standard_task_runner.py:88} INFO - Job 1281: Subtask check_market_open
[2026-05-05T12:32:12.593+0000] {task_command.py:423} INFO - Running <TaskInstance: fetch_market_data.check_market_open scheduled__2026-05-05T11:00:00+00:00 [running]> on host reddit-pipeline-vm
[2026-05-05T12:32:12.717+0000] {taskinstance.py:2480} INFO - Exporting env vars: AIRFLOW_CTX_DAG_OWNER='pipeline' AIRFLOW_CTX_DAG_ID='fetch_market_data' AIRFLOW_CTX_TASK_ID='check_market_open' AIRFLOW_CTX_EXECUTION_DATE='2026-05-05T11:00:00+00:00' AIRFLOW_CTX_TRY_NUMBER='1' AIRFLOW_CTX_DAG_RUN_ID='scheduled__2026-05-05T11:00:00+00:00'
[2026-05-05T12:32:12.739+0000] {sensors.py:45} INFO - Market open check at 2026-05-05 08:32 ET: False
[2026-05-05T12:32:12.767+0000] {taskinstance.py:2658} INFO - Rescheduling task, marking task as UP_FOR_RESCHEDULE
[2026-05-05T12:32:12.805+0000] {local_task_job_runner.py:234} INFO - Task exited with return code 0
[2026-05-05T12:32:12.849+0000] {taskinstance.py:3280} INFO - 0 downstream tasks scheduled from follow-on schedule check
[2026-05-05T12:47:13.971+0000] {taskinstance.py:1956} INFO - Dependencies all met for dep_context=non-requeueable deps ti=<TaskInstance: fetch_market_data.check_market_open scheduled__2026-05-05T11:00:00+00:00 [queued]>
[2026-05-05T12:47:13.979+0000] {taskinstance.py:1956} INFO - Dependencies all met for dep_context=requeueable deps ti=<TaskInstance: fetch_market_data.check_market_open scheduled__2026-05-05T11:00:00+00:00 [queued]>
[2026-05-05T12:47:13.979+0000] {taskinstance.py:2170} INFO - Starting attempt 1 of 3
[2026-05-05T12:47:13.991+0000] {taskinstance.py:2191} INFO - Executing <Task(MarketOpenSensor): check_market_open> on 2026-05-05 11:00:00+00:00
[2026-05-05T12:47:13.999+0000] {standard_task_runner.py:60} INFO - Started process 988135 to run task
[2026-05-05T12:47:14.002+0000] {standard_task_runner.py:87} INFO - Running: ['airflow', 'tasks', 'run', 'fetch_market_data', 'check_market_open', 'scheduled__2026-05-05T11:00:00+00:00', '--job-id', '1282', '--raw', '--subdir', 'DAGS_FOLDER/fetch_market_data.py', '--cfg-path', '/tmp/tmp_wug5vzc']
[2026-05-05T12:47:14.004+0000] {standard_task_runner.py:88} INFO - Job 1282: Subtask check_market_open
[2026-05-05T12:47:14.088+0000] {task_command.py:423} INFO - Running <TaskInstance: fetch_market_data.check_market_open scheduled__2026-05-05T11:00:00+00:00 [running]> on host reddit-pipeline-vm
[2026-05-05T12:47:14.213+0000] {taskinstance.py:2480} INFO - Exporting env vars: AIRFLOW_CTX_DAG_OWNER='pipeline' AIRFLOW_CTX_DAG_ID='fetch_market_data' AIRFLOW_CTX_TASK_ID='check_market_open' AIRFLOW_CTX_EXECUTION_DATE='2026-05-05T11:00:00+00:00' AIRFLOW_CTX_TRY_NUMBER='1' AIRFLOW_CTX_DAG_RUN_ID='scheduled__2026-05-05T11:00:00+00:00'
[2026-05-05T12:47:14.233+0000] {sensors.py:45} INFO - Market open check at 2026-05-05 08:47 ET: False
[2026-05-05T12:47:14.264+0000] {taskinstance.py:2658} INFO - Rescheduling task, marking task as UP_FOR_RESCHEDULE
[2026-05-05T12:47:14.298+0000] {local_task_job_runner.py:234} INFO - Task exited with return code 0
[2026-05-05T12:47:14.342+0000] {taskinstance.py:3280} INFO - 0 downstream tasks scheduled from follow-on schedule check
[2026-05-05T13:02:15.513+0000] {taskinstance.py:1956} INFO - Dependencies all met for dep_context=non-requeueable deps ti=<TaskInstance: fetch_market_data.check_market_open scheduled__2026-05-05T11:00:00+00:00 [queued]>
[2026-05-05T13:02:15.523+0000] {taskinstance.py:1956} INFO - Dependencies all met for dep_context=requeueable deps ti=<TaskInstance: fetch_market_data.check_market_open scheduled__2026-05-05T11:00:00+00:00 [queued]>
[2026-05-05T13:02:15.524+0000] {taskinstance.py:2170} INFO - Starting attempt 1 of 3
[2026-05-05T13:02:15.538+0000] {taskinstance.py:2191} INFO - Executing <Task(MarketOpenSensor): check_market_open> on 2026-05-05 11:00:00+00:00
[2026-05-05T13:02:15.545+0000] {standard_task_runner.py:60} INFO - Started process 988868 to run task
[2026-05-05T13:02:15.549+0000] {standard_task_runner.py:87} INFO - Running: ['airflow', 'tasks', 'run', 'fetch_market_data', 'check_market_open', 'scheduled__2026-05-05T11:00:00+00:00', '--job-id', '1283', '--raw', '--subdir', 'DAGS_FOLDER/fetch_market_data.py', '--cfg-path', '/tmp/tmpdeuylrbw']
[2026-05-05T13:02:15.551+0000] {standard_task_runner.py:88} INFO - Job 1283: Subtask check_market_open
[2026-05-05T13:02:15.637+0000] {task_command.py:423} INFO - Running <TaskInstance: fetch_market_data.check_market_open scheduled__2026-05-05T11:00:00+00:00 [running]> on host reddit-pipeline-vm
[2026-05-05T13:02:15.763+0000] {taskinstance.py:2480} INFO - Exporting env vars: AIRFLOW_CTX_DAG_OWNER='pipeline' AIRFLOW_CTX_DAG_ID='fetch_market_data' AIRFLOW_CTX_TASK_ID='check_market_open' AIRFLOW_CTX_EXECUTION_DATE='2026-05-05T11:00:00+00:00' AIRFLOW_CTX_TRY_NUMBER='1' AIRFLOW_CTX_DAG_RUN_ID='scheduled__2026-05-05T11:00:00+00:00'
[2026-05-05T13:02:15.782+0000] {sensors.py:45} INFO - Market open check at 2026-05-05 09:02 ET: False
[2026-05-05T13:02:15.783+0000] {taskinstance.py:2360} INFO - Sensor has timed out; run duration of 3606.214758 seconds exceeds the specified timeout of 3600.0.
[2026-05-05T13:02:15.802+0000] {taskinstance.py:1138} INFO - Marking task as SKIPPED. dag_id=fetch_market_data, task_id=check_market_open, execution_date=20260505T110000, start_date=20260505T130215, end_date=20260505T130215
[2026-05-05T13:02:15.844+0000] {local_task_job_runner.py:234} INFO - Task exited with return code 0
[2026-05-05T13:02:15.902+0000] {taskinstance.py:3280} INFO - 0 downstream tasks scheduled from follow-on schedule check
