[2026-05-01T19:05:43.276+0000] {taskinstance.py:1956} INFO - Dependencies all met for dep_context=non-requeueable deps ti=<TaskInstance: run_dbt_models.dbt_run manual__2026-05-01T18:00:22.775330+00:00 [queued]>
[2026-05-01T19:05:43.284+0000] {taskinstance.py:1956} INFO - Dependencies all met for dep_context=requeueable deps ti=<TaskInstance: run_dbt_models.dbt_run manual__2026-05-01T18:00:22.775330+00:00 [queued]>
[2026-05-01T19:05:43.285+0000] {taskinstance.py:2170} INFO - Starting attempt 2 of 3
[2026-05-01T19:05:43.299+0000] {taskinstance.py:2191} INFO - Executing <Task(BashOperator): dbt_run> on 2026-05-01 18:00:22.775330+00:00
[2026-05-01T19:05:43.309+0000] {standard_task_runner.py:60} INFO - Started process 713561 to run task
[2026-05-01T19:05:43.317+0000] {standard_task_runner.py:87} INFO - Running: ['airflow', 'tasks', 'run', 'run_dbt_models', 'dbt_run', 'manual__2026-05-01T18:00:22.775330+00:00', '--job-id', '1025', '--raw', '--subdir', 'DAGS_FOLDER/run_dbt_models.py', '--cfg-path', '/tmp/tmp6bsb8lab']
[2026-05-01T19:05:43.323+0000] {standard_task_runner.py:88} INFO - Job 1025: Subtask dbt_run
[2026-05-01T19:05:43.418+0000] {task_command.py:423} INFO - Running <TaskInstance: run_dbt_models.dbt_run manual__2026-05-01T18:00:22.775330+00:00 [running]> on host reddit-pipeline-vm
[2026-05-01T19:05:43.529+0000] {taskinstance.py:2480} INFO - Exporting env vars: AIRFLOW_CTX_DAG_OWNER='pipeline' AIRFLOW_CTX_DAG_ID='run_dbt_models' AIRFLOW_CTX_TASK_ID='dbt_run' AIRFLOW_CTX_EXECUTION_DATE='2026-05-01T18:00:22.775330+00:00' AIRFLOW_CTX_TRY_NUMBER='2' AIRFLOW_CTX_DAG_RUN_ID='manual__2026-05-01T18:00:22.775330+00:00'
[2026-05-01T19:05:43.530+0000] {subprocess.py:63} INFO - Tmp dir root location: /tmp
[2026-05-01T19:05:43.530+0000] {subprocess.py:75} INFO - Running command: ['/usr/bin/bash', '-c', 'cd /home/ubuntu/github_repo/Stock-Market-Intelligence-Pipeline/dbt_project && /home/ubuntu/github_repo/Stock-Market-Intelligence-Pipeline/venv/bin/dbt run --profiles-dir /home/ubuntu/github_repo/Stock-Market-Intelligence-Pipeline/dbt_project']
[2026-05-01T19:05:43.540+0000] {subprocess.py:86} INFO - Output:
[2026-05-01T19:05:45.293+0000] {subprocess.py:93} INFO - [0m19:05:45  Running with dbt=1.7.0
[2026-05-01T19:05:45.535+0000] {subprocess.py:93} INFO - [0m19:05:45  Registered adapter: postgres=1.7.0
[2026-05-01T19:05:45.582+0000] {subprocess.py:93} INFO - [0m19:05:45  Found 5 models, 8 tests, 0 sources, 0 exposures, 0 metrics, 401 macros, 0 groups, 0 semantic models
[2026-05-01T19:05:45.584+0000] {subprocess.py:93} INFO - [0m19:05:45
[2026-05-01T19:05:45.702+0000] {subprocess.py:93} INFO - [0m19:05:45  Concurrency: 2 threads (target='dev')
[2026-05-01T19:05:45.704+0000] {subprocess.py:93} INFO - [0m19:05:45
[2026-05-01T19:05:45.706+0000] {subprocess.py:93} INFO - [0m19:05:45  1 of 5 START sql view model public_staging.stg_prices .......................... [RUN]
[2026-05-01T19:05:45.809+0000] {subprocess.py:93} INFO - [0m19:05:45  1 of 5 OK created sql view model public_staging.stg_prices ..................... [[32mCREATE VIEW[0m in 0.10s]
[2026-05-01T19:05:45.812+0000] {subprocess.py:93} INFO - [0m19:05:45  2 of 5 START sql view model public_staging.int_price_with_returns .............. [RUN]
[2026-05-01T19:05:45.858+0000] {subprocess.py:93} INFO - [0m19:05:45  2 of 5 OK created sql view model public_staging.int_price_with_returns ......... [[32mCREATE VIEW[0m in 0.05s]
[2026-05-01T19:05:45.860+0000] {subprocess.py:93} INFO - [0m19:05:45  3 of 5 START sql table model public.fact_prices ................................ [RUN]
[2026-05-01T19:05:45.951+0000] {subprocess.py:93} INFO - [0m19:05:45  3 of 5 OK created sql table model public.fact_prices ........................... [[32mSELECT 3598[0m in 0.09s]
[2026-05-01T19:05:45.954+0000] {subprocess.py:93} INFO - [0m19:05:45  4 of 5 START sql table model public.fact_indicators ............................ [RUN]
[2026-05-01T19:05:46.135+0000] {subprocess.py:93} INFO - [0m19:05:46  4 of 5 OK created sql table model public.fact_indicators ....................... [[32mSELECT 3598[0m in 0.18s]
[2026-05-01T19:05:46.137+0000] {subprocess.py:93} INFO - [0m19:05:46  5 of 5 START sql table model public.fact_alerts ................................ [RUN]
[2026-05-01T19:05:46.216+0000] {subprocess.py:93} INFO - [0m19:05:46  5 of 5 OK created sql table model public.fact_alerts ........................... [[32mSELECT 2074[0m in 0.07s]
[2026-05-01T19:05:46.252+0000] {subprocess.py:93} INFO - [0m19:05:46
[2026-05-01T19:05:46.253+0000] {subprocess.py:93} INFO - [0m19:05:46  Finished running 2 view models, 3 table models in 0 hours 0 minutes and 0.67 seconds (0.67s).
[2026-05-01T19:05:46.264+0000] {subprocess.py:93} INFO - [0m19:05:46
[2026-05-01T19:05:46.265+0000] {subprocess.py:93} INFO - [0m19:05:46  [32mCompleted successfully[0m
[2026-05-01T19:05:46.265+0000] {subprocess.py:93} INFO - [0m19:05:46
[2026-05-01T19:05:46.266+0000] {subprocess.py:93} INFO - [0m19:05:46  Done. PASS=5 WARN=0 ERROR=0 SKIP=0 TOTAL=5
[2026-05-01T19:05:47.881+0000] {subprocess.py:97} INFO - Command exited with return code 0
[2026-05-01T19:05:47.925+0000] {taskinstance.py:1138} INFO - Marking task as SUCCESS. dag_id=run_dbt_models, task_id=dbt_run, execution_date=20260501T180022, start_date=20260501T190543, end_date=20260501T190547
[2026-05-01T19:05:47.952+0000] {local_task_job_runner.py:234} INFO - Task exited with return code 0
[2026-05-01T19:05:47.982+0000] {taskinstance.py:3280} INFO - 1 downstream tasks scheduled from follow-on schedule check
