[2026-05-07T11:01:55.544+0000] {taskinstance.py:1956} INFO - Dependencies all met for dep_context=non-requeueable deps ti=<TaskInstance: fetch_market_data.check_market_open scheduled__2026-05-07T10:00:00+00:00 [queued]>
[2026-05-07T11:01:55.550+0000] {taskinstance.py:1956} INFO - Dependencies all met for dep_context=requeueable deps ti=<TaskInstance: fetch_market_data.check_market_open scheduled__2026-05-07T10:00:00+00:00 [queued]>
[2026-05-07T11:01:55.550+0000] {taskinstance.py:2170} INFO - Starting attempt 1 of 3
[2026-05-07T11:01:55.562+0000] {taskinstance.py:2191} INFO - Executing <Task(MarketOpenSensor): check_market_open> on 2026-05-07 10:00:00+00:00
[2026-05-07T11:01:55.568+0000] {standard_task_runner.py:60} INFO - Started process 1112465 to run task
[2026-05-07T11:01:55.572+0000] {standard_task_runner.py:87} INFO - Running: ['airflow', 'tasks', 'run', 'fetch_market_data', 'check_market_open', 'scheduled__2026-05-07T10:00:00+00:00', '--job-id', '1493', '--raw', '--subdir', 'DAGS_FOLDER/fetch_market_data.py', '--cfg-path', '/tmp/tmpvm0ujczx']
[2026-05-07T11:01:55.574+0000] {standard_task_runner.py:88} INFO - Job 1493: Subtask check_market_open
[2026-05-07T11:01:55.639+0000] {task_command.py:423} INFO - Running <TaskInstance: fetch_market_data.check_market_open scheduled__2026-05-07T10:00:00+00:00 [running]> on host reddit-pipeline-vm
[2026-05-07T11:01:55.738+0000] {taskinstance.py:2480} INFO - Exporting env vars: AIRFLOW_CTX_DAG_OWNER='pipeline' AIRFLOW_CTX_DAG_ID='fetch_market_data' AIRFLOW_CTX_TASK_ID='check_market_open' AIRFLOW_CTX_EXECUTION_DATE='2026-05-07T10:00:00+00:00' AIRFLOW_CTX_TRY_NUMBER='1' AIRFLOW_CTX_DAG_RUN_ID='scheduled__2026-05-07T10:00:00+00:00'
[2026-05-07T11:01:55.754+0000] {sensors.py:45} INFO - Market open check at 2026-05-07 07:01 ET: False
[2026-05-07T11:01:55.777+0000] {taskinstance.py:2658} INFO - Rescheduling task, marking task as UP_FOR_RESCHEDULE
[2026-05-07T11:01:55.824+0000] {local_task_job_runner.py:234} INFO - Task exited with return code 0
[2026-05-07T11:01:55.861+0000] {taskinstance.py:3280} INFO - 0 downstream tasks scheduled from follow-on schedule check
[2026-05-07T11:16:56.998+0000] {taskinstance.py:1956} INFO - Dependencies all met for dep_context=non-requeueable deps ti=<TaskInstance: fetch_market_data.check_market_open scheduled__2026-05-07T10:00:00+00:00 [queued]>
[2026-05-07T11:16:57.007+0000] {taskinstance.py:1956} INFO - Dependencies all met for dep_context=requeueable deps ti=<TaskInstance: fetch_market_data.check_market_open scheduled__2026-05-07T10:00:00+00:00 [queued]>
[2026-05-07T11:16:57.007+0000] {taskinstance.py:2170} INFO - Starting attempt 1 of 3
[2026-05-07T11:16:57.020+0000] {taskinstance.py:2191} INFO - Executing <Task(MarketOpenSensor): check_market_open> on 2026-05-07 10:00:00+00:00
[2026-05-07T11:16:57.026+0000] {standard_task_runner.py:60} INFO - Started process 1113515 to run task
[2026-05-07T11:16:57.031+0000] {standard_task_runner.py:87} INFO - Running: ['airflow', 'tasks', 'run', 'fetch_market_data', 'check_market_open', 'scheduled__2026-05-07T10:00:00+00:00', '--job-id', '1494', '--raw', '--subdir', 'DAGS_FOLDER/fetch_market_data.py', '--cfg-path', '/tmp/tmprc1if6pr']
[2026-05-07T11:16:57.033+0000] {standard_task_runner.py:88} INFO - Job 1494: Subtask check_market_open
[2026-05-07T11:16:57.106+0000] {task_command.py:423} INFO - Running <TaskInstance: fetch_market_data.check_market_open scheduled__2026-05-07T10:00:00+00:00 [running]> on host reddit-pipeline-vm
[2026-05-07T11:16:57.209+0000] {taskinstance.py:2480} INFO - Exporting env vars: AIRFLOW_CTX_DAG_OWNER='pipeline' AIRFLOW_CTX_DAG_ID='fetch_market_data' AIRFLOW_CTX_TASK_ID='check_market_open' AIRFLOW_CTX_EXECUTION_DATE='2026-05-07T10:00:00+00:00' AIRFLOW_CTX_TRY_NUMBER='1' AIRFLOW_CTX_DAG_RUN_ID='scheduled__2026-05-07T10:00:00+00:00'
[2026-05-07T11:16:57.228+0000] {sensors.py:45} INFO - Market open check at 2026-05-07 07:16 ET: False
[2026-05-07T11:16:57.250+0000] {taskinstance.py:2658} INFO - Rescheduling task, marking task as UP_FOR_RESCHEDULE
[2026-05-07T11:16:57.289+0000] {local_task_job_runner.py:234} INFO - Task exited with return code 0
[2026-05-07T11:16:57.328+0000] {taskinstance.py:3280} INFO - 0 downstream tasks scheduled from follow-on schedule check
[2026-05-07T11:31:57.782+0000] {taskinstance.py:1956} INFO - Dependencies all met for dep_context=non-requeueable deps ti=<TaskInstance: fetch_market_data.check_market_open scheduled__2026-05-07T10:00:00+00:00 [queued]>
[2026-05-07T11:31:57.790+0000] {taskinstance.py:1956} INFO - Dependencies all met for dep_context=requeueable deps ti=<TaskInstance: fetch_market_data.check_market_open scheduled__2026-05-07T10:00:00+00:00 [queued]>
[2026-05-07T11:31:57.790+0000] {taskinstance.py:2170} INFO - Starting attempt 1 of 3
[2026-05-07T11:31:57.801+0000] {taskinstance.py:2191} INFO - Executing <Task(MarketOpenSensor): check_market_open> on 2026-05-07 10:00:00+00:00
[2026-05-07T11:31:57.808+0000] {standard_task_runner.py:60} INFO - Started process 1114475 to run task
[2026-05-07T11:31:57.811+0000] {standard_task_runner.py:87} INFO - Running: ['airflow', 'tasks', 'run', 'fetch_market_data', 'check_market_open', 'scheduled__2026-05-07T10:00:00+00:00', '--job-id', '1495', '--raw', '--subdir', 'DAGS_FOLDER/fetch_market_data.py', '--cfg-path', '/tmp/tmp7dff9wzl']
[2026-05-07T11:31:57.813+0000] {standard_task_runner.py:88} INFO - Job 1495: Subtask check_market_open
[2026-05-07T11:31:57.882+0000] {task_command.py:423} INFO - Running <TaskInstance: fetch_market_data.check_market_open scheduled__2026-05-07T10:00:00+00:00 [running]> on host reddit-pipeline-vm
[2026-05-07T11:31:57.974+0000] {taskinstance.py:2480} INFO - Exporting env vars: AIRFLOW_CTX_DAG_OWNER='pipeline' AIRFLOW_CTX_DAG_ID='fetch_market_data' AIRFLOW_CTX_TASK_ID='check_market_open' AIRFLOW_CTX_EXECUTION_DATE='2026-05-07T10:00:00+00:00' AIRFLOW_CTX_TRY_NUMBER='1' AIRFLOW_CTX_DAG_RUN_ID='scheduled__2026-05-07T10:00:00+00:00'
[2026-05-07T11:31:57.989+0000] {sensors.py:45} INFO - Market open check at 2026-05-07 07:31 ET: False
[2026-05-07T11:31:58.012+0000] {taskinstance.py:2658} INFO - Rescheduling task, marking task as UP_FOR_RESCHEDULE
[2026-05-07T11:31:58.023+0000] {local_task_job_runner.py:234} INFO - Task exited with return code 0
[2026-05-07T11:31:58.057+0000] {taskinstance.py:3280} INFO - 0 downstream tasks scheduled from follow-on schedule check
[2026-05-07T11:46:58.712+0000] {taskinstance.py:1956} INFO - Dependencies all met for dep_context=non-requeueable deps ti=<TaskInstance: fetch_market_data.check_market_open scheduled__2026-05-07T10:00:00+00:00 [queued]>
[2026-05-07T11:46:58.719+0000] {taskinstance.py:1956} INFO - Dependencies all met for dep_context=requeueable deps ti=<TaskInstance: fetch_market_data.check_market_open scheduled__2026-05-07T10:00:00+00:00 [queued]>
[2026-05-07T11:46:58.719+0000] {taskinstance.py:2170} INFO - Starting attempt 1 of 3
[2026-05-07T11:46:58.731+0000] {taskinstance.py:2191} INFO - Executing <Task(MarketOpenSensor): check_market_open> on 2026-05-07 10:00:00+00:00
[2026-05-07T11:46:58.738+0000] {standard_task_runner.py:60} INFO - Started process 1115437 to run task
[2026-05-07T11:46:58.742+0000] {standard_task_runner.py:87} INFO - Running: ['airflow', 'tasks', 'run', 'fetch_market_data', 'check_market_open', 'scheduled__2026-05-07T10:00:00+00:00', '--job-id', '1496', '--raw', '--subdir', 'DAGS_FOLDER/fetch_market_data.py', '--cfg-path', '/tmp/tmp3806gvjd']
[2026-05-07T11:46:58.744+0000] {standard_task_runner.py:88} INFO - Job 1496: Subtask check_market_open
[2026-05-07T11:46:58.810+0000] {task_command.py:423} INFO - Running <TaskInstance: fetch_market_data.check_market_open scheduled__2026-05-07T10:00:00+00:00 [running]> on host reddit-pipeline-vm
[2026-05-07T11:46:58.903+0000] {taskinstance.py:2480} INFO - Exporting env vars: AIRFLOW_CTX_DAG_OWNER='pipeline' AIRFLOW_CTX_DAG_ID='fetch_market_data' AIRFLOW_CTX_TASK_ID='check_market_open' AIRFLOW_CTX_EXECUTION_DATE='2026-05-07T10:00:00+00:00' AIRFLOW_CTX_TRY_NUMBER='1' AIRFLOW_CTX_DAG_RUN_ID='scheduled__2026-05-07T10:00:00+00:00'
[2026-05-07T11:46:58.918+0000] {sensors.py:45} INFO - Market open check at 2026-05-07 07:46 ET: False
[2026-05-07T11:46:58.941+0000] {taskinstance.py:2658} INFO - Rescheduling task, marking task as UP_FOR_RESCHEDULE
[2026-05-07T11:46:58.955+0000] {local_task_job_runner.py:234} INFO - Task exited with return code 0
[2026-05-07T11:46:58.988+0000] {taskinstance.py:3280} INFO - 0 downstream tasks scheduled from follow-on schedule check
[2026-05-07T12:02:00.267+0000] {taskinstance.py:1956} INFO - Dependencies all met for dep_context=non-requeueable deps ti=<TaskInstance: fetch_market_data.check_market_open scheduled__2026-05-07T10:00:00+00:00 [queued]>
[2026-05-07T12:02:00.274+0000] {taskinstance.py:1956} INFO - Dependencies all met for dep_context=requeueable deps ti=<TaskInstance: fetch_market_data.check_market_open scheduled__2026-05-07T10:00:00+00:00 [queued]>
[2026-05-07T12:02:00.274+0000] {taskinstance.py:2170} INFO - Starting attempt 1 of 3
[2026-05-07T12:02:00.286+0000] {taskinstance.py:2191} INFO - Executing <Task(MarketOpenSensor): check_market_open> on 2026-05-07 10:00:00+00:00
[2026-05-07T12:02:00.292+0000] {standard_task_runner.py:60} INFO - Started process 1116398 to run task
[2026-05-07T12:02:00.295+0000] {standard_task_runner.py:87} INFO - Running: ['airflow', 'tasks', 'run', 'fetch_market_data', 'check_market_open', 'scheduled__2026-05-07T10:00:00+00:00', '--job-id', '1497', '--raw', '--subdir', 'DAGS_FOLDER/fetch_market_data.py', '--cfg-path', '/tmp/tmpio3y2fnh']
[2026-05-07T12:02:00.297+0000] {standard_task_runner.py:88} INFO - Job 1497: Subtask check_market_open
[2026-05-07T12:02:00.363+0000] {task_command.py:423} INFO - Running <TaskInstance: fetch_market_data.check_market_open scheduled__2026-05-07T10:00:00+00:00 [running]> on host reddit-pipeline-vm
[2026-05-07T12:02:00.457+0000] {taskinstance.py:2480} INFO - Exporting env vars: AIRFLOW_CTX_DAG_OWNER='pipeline' AIRFLOW_CTX_DAG_ID='fetch_market_data' AIRFLOW_CTX_TASK_ID='check_market_open' AIRFLOW_CTX_EXECUTION_DATE='2026-05-07T10:00:00+00:00' AIRFLOW_CTX_TRY_NUMBER='1' AIRFLOW_CTX_DAG_RUN_ID='scheduled__2026-05-07T10:00:00+00:00'
[2026-05-07T12:02:00.472+0000] {sensors.py:45} INFO - Market open check at 2026-05-07 08:02 ET: False
[2026-05-07T12:02:00.472+0000] {taskinstance.py:2360} INFO - Sensor has timed out; run duration of 3604.803616 seconds exceeds the specified timeout of 3600.0.
[2026-05-07T12:02:00.486+0000] {taskinstance.py:1138} INFO - Marking task as SKIPPED. dag_id=fetch_market_data, task_id=check_market_open, execution_date=20260507T100000, start_date=20260507T120200, end_date=20260507T120200
[2026-05-07T12:02:00.507+0000] {local_task_job_runner.py:234} INFO - Task exited with return code 0
[2026-05-07T12:02:00.550+0000] {taskinstance.py:3280} INFO - 0 downstream tasks scheduled from follow-on schedule check
