[2026-05-08T20:00:00.774+0000] {taskinstance.py:1956} INFO - Dependencies all met for dep_context=non-requeueable deps ti=<TaskInstance: fetch_market_data.check_market_open scheduled__2026-05-08T19:00:00+00:00 [queued]>
[2026-05-08T20:00:00.782+0000] {taskinstance.py:1956} INFO - Dependencies all met for dep_context=requeueable deps ti=<TaskInstance: fetch_market_data.check_market_open scheduled__2026-05-08T19:00:00+00:00 [queued]>
[2026-05-08T20:00:00.782+0000] {taskinstance.py:2170} INFO - Starting attempt 1 of 3
[2026-05-08T20:00:00.801+0000] {taskinstance.py:2191} INFO - Executing <Task(MarketOpenSensor): check_market_open> on 2026-05-08 19:00:00+00:00
[2026-05-08T20:00:00.809+0000] {standard_task_runner.py:60} INFO - Started process 1247345 to run task
[2026-05-08T20:00:00.817+0000] {standard_task_runner.py:87} INFO - Running: ['airflow', 'tasks', 'run', 'fetch_market_data', 'check_market_open', 'scheduled__2026-05-08T19:00:00+00:00', '--job-id', '1746', '--raw', '--subdir', 'DAGS_FOLDER/fetch_market_data.py', '--cfg-path', '/tmp/tmpr_p61xkb']
[2026-05-08T20:00:00.819+0000] {standard_task_runner.py:88} INFO - Job 1746: Subtask check_market_open
[2026-05-08T20:00:00.899+0000] {task_command.py:423} INFO - Running <TaskInstance: fetch_market_data.check_market_open scheduled__2026-05-08T19:00:00+00:00 [running]> on host reddit-pipeline-vm
[2026-05-08T20:00:01.017+0000] {taskinstance.py:2480} INFO - Exporting env vars: AIRFLOW_CTX_DAG_OWNER='pipeline' AIRFLOW_CTX_DAG_ID='fetch_market_data' AIRFLOW_CTX_TASK_ID='check_market_open' AIRFLOW_CTX_EXECUTION_DATE='2026-05-08T19:00:00+00:00' AIRFLOW_CTX_TRY_NUMBER='1' AIRFLOW_CTX_DAG_RUN_ID='scheduled__2026-05-08T19:00:00+00:00'
[2026-05-08T20:00:01.039+0000] {sensors.py:45} INFO - Market open check at 2026-05-08 16:00 ET: False
[2026-05-08T20:00:01.095+0000] {taskinstance.py:2658} INFO - Rescheduling task, marking task as UP_FOR_RESCHEDULE
[2026-05-08T20:00:01.112+0000] {local_task_job_runner.py:234} INFO - Task exited with return code 0
[2026-05-08T20:00:01.150+0000] {taskinstance.py:3280} INFO - 0 downstream tasks scheduled from follow-on schedule check
[2026-05-08T20:15:01.775+0000] {taskinstance.py:1956} INFO - Dependencies all met for dep_context=non-requeueable deps ti=<TaskInstance: fetch_market_data.check_market_open scheduled__2026-05-08T19:00:00+00:00 [queued]>
[2026-05-08T20:15:01.782+0000] {taskinstance.py:1956} INFO - Dependencies all met for dep_context=requeueable deps ti=<TaskInstance: fetch_market_data.check_market_open scheduled__2026-05-08T19:00:00+00:00 [queued]>
[2026-05-08T20:15:01.782+0000] {taskinstance.py:2170} INFO - Starting attempt 1 of 3
[2026-05-08T20:15:01.794+0000] {taskinstance.py:2191} INFO - Executing <Task(MarketOpenSensor): check_market_open> on 2026-05-08 19:00:00+00:00
[2026-05-08T20:15:01.801+0000] {standard_task_runner.py:60} INFO - Started process 1248330 to run task
[2026-05-08T20:15:01.804+0000] {standard_task_runner.py:87} INFO - Running: ['airflow', 'tasks', 'run', 'fetch_market_data', 'check_market_open', 'scheduled__2026-05-08T19:00:00+00:00', '--job-id', '1747', '--raw', '--subdir', 'DAGS_FOLDER/fetch_market_data.py', '--cfg-path', '/tmp/tmp_m9gcm83']
[2026-05-08T20:15:01.806+0000] {standard_task_runner.py:88} INFO - Job 1747: Subtask check_market_open
[2026-05-08T20:15:01.871+0000] {task_command.py:423} INFO - Running <TaskInstance: fetch_market_data.check_market_open scheduled__2026-05-08T19:00:00+00:00 [running]> on host reddit-pipeline-vm
[2026-05-08T20:15:01.966+0000] {taskinstance.py:2480} INFO - Exporting env vars: AIRFLOW_CTX_DAG_OWNER='pipeline' AIRFLOW_CTX_DAG_ID='fetch_market_data' AIRFLOW_CTX_TASK_ID='check_market_open' AIRFLOW_CTX_EXECUTION_DATE='2026-05-08T19:00:00+00:00' AIRFLOW_CTX_TRY_NUMBER='1' AIRFLOW_CTX_DAG_RUN_ID='scheduled__2026-05-08T19:00:00+00:00'
[2026-05-08T20:15:01.981+0000] {sensors.py:45} INFO - Market open check at 2026-05-08 16:15 ET: False
[2026-05-08T20:15:02.004+0000] {taskinstance.py:2658} INFO - Rescheduling task, marking task as UP_FOR_RESCHEDULE
[2026-05-08T20:15:02.018+0000] {local_task_job_runner.py:234} INFO - Task exited with return code 0
[2026-05-08T20:15:02.052+0000] {taskinstance.py:3280} INFO - 0 downstream tasks scheduled from follow-on schedule check
[2026-05-08T20:30:02.559+0000] {taskinstance.py:1956} INFO - Dependencies all met for dep_context=non-requeueable deps ti=<TaskInstance: fetch_market_data.check_market_open scheduled__2026-05-08T19:00:00+00:00 [queued]>
[2026-05-08T20:30:02.566+0000] {taskinstance.py:1956} INFO - Dependencies all met for dep_context=requeueable deps ti=<TaskInstance: fetch_market_data.check_market_open scheduled__2026-05-08T19:00:00+00:00 [queued]>
[2026-05-08T20:30:02.567+0000] {taskinstance.py:2170} INFO - Starting attempt 1 of 3
[2026-05-08T20:30:02.578+0000] {taskinstance.py:2191} INFO - Executing <Task(MarketOpenSensor): check_market_open> on 2026-05-08 19:00:00+00:00
[2026-05-08T20:30:02.584+0000] {standard_task_runner.py:60} INFO - Started process 1249377 to run task
[2026-05-08T20:30:02.588+0000] {standard_task_runner.py:87} INFO - Running: ['airflow', 'tasks', 'run', 'fetch_market_data', 'check_market_open', 'scheduled__2026-05-08T19:00:00+00:00', '--job-id', '1748', '--raw', '--subdir', 'DAGS_FOLDER/fetch_market_data.py', '--cfg-path', '/tmp/tmpe96y0lj5']
[2026-05-08T20:30:02.590+0000] {standard_task_runner.py:88} INFO - Job 1748: Subtask check_market_open
[2026-05-08T20:30:02.657+0000] {task_command.py:423} INFO - Running <TaskInstance: fetch_market_data.check_market_open scheduled__2026-05-08T19:00:00+00:00 [running]> on host reddit-pipeline-vm
[2026-05-08T20:30:02.753+0000] {taskinstance.py:2480} INFO - Exporting env vars: AIRFLOW_CTX_DAG_OWNER='pipeline' AIRFLOW_CTX_DAG_ID='fetch_market_data' AIRFLOW_CTX_TASK_ID='check_market_open' AIRFLOW_CTX_EXECUTION_DATE='2026-05-08T19:00:00+00:00' AIRFLOW_CTX_TRY_NUMBER='1' AIRFLOW_CTX_DAG_RUN_ID='scheduled__2026-05-08T19:00:00+00:00'
[2026-05-08T20:30:02.769+0000] {sensors.py:45} INFO - Market open check at 2026-05-08 16:30 ET: False
[2026-05-08T20:30:02.792+0000] {taskinstance.py:2658} INFO - Rescheduling task, marking task as UP_FOR_RESCHEDULE
[2026-05-08T20:30:02.840+0000] {local_task_job_runner.py:234} INFO - Task exited with return code 0
[2026-05-08T20:30:02.877+0000] {taskinstance.py:3280} INFO - 0 downstream tasks scheduled from follow-on schedule check
[2026-05-08T20:45:03.596+0000] {taskinstance.py:1956} INFO - Dependencies all met for dep_context=non-requeueable deps ti=<TaskInstance: fetch_market_data.check_market_open scheduled__2026-05-08T19:00:00+00:00 [queued]>
[2026-05-08T20:45:03.603+0000] {taskinstance.py:1956} INFO - Dependencies all met for dep_context=requeueable deps ti=<TaskInstance: fetch_market_data.check_market_open scheduled__2026-05-08T19:00:00+00:00 [queued]>
[2026-05-08T20:45:03.603+0000] {taskinstance.py:2170} INFO - Starting attempt 1 of 3
[2026-05-08T20:45:03.615+0000] {taskinstance.py:2191} INFO - Executing <Task(MarketOpenSensor): check_market_open> on 2026-05-08 19:00:00+00:00
[2026-05-08T20:45:03.621+0000] {standard_task_runner.py:60} INFO - Started process 1250372 to run task
[2026-05-08T20:45:03.625+0000] {standard_task_runner.py:87} INFO - Running: ['airflow', 'tasks', 'run', 'fetch_market_data', 'check_market_open', 'scheduled__2026-05-08T19:00:00+00:00', '--job-id', '1749', '--raw', '--subdir', 'DAGS_FOLDER/fetch_market_data.py', '--cfg-path', '/tmp/tmpc3lqfdkg']
[2026-05-08T20:45:03.627+0000] {standard_task_runner.py:88} INFO - Job 1749: Subtask check_market_open
[2026-05-08T20:45:03.692+0000] {task_command.py:423} INFO - Running <TaskInstance: fetch_market_data.check_market_open scheduled__2026-05-08T19:00:00+00:00 [running]> on host reddit-pipeline-vm
[2026-05-08T20:45:03.789+0000] {taskinstance.py:2480} INFO - Exporting env vars: AIRFLOW_CTX_DAG_OWNER='pipeline' AIRFLOW_CTX_DAG_ID='fetch_market_data' AIRFLOW_CTX_TASK_ID='check_market_open' AIRFLOW_CTX_EXECUTION_DATE='2026-05-08T19:00:00+00:00' AIRFLOW_CTX_TRY_NUMBER='1' AIRFLOW_CTX_DAG_RUN_ID='scheduled__2026-05-08T19:00:00+00:00'
[2026-05-08T20:45:03.804+0000] {sensors.py:45} INFO - Market open check at 2026-05-08 16:45 ET: False
[2026-05-08T20:45:03.827+0000] {taskinstance.py:2658} INFO - Rescheduling task, marking task as UP_FOR_RESCHEDULE
[2026-05-08T20:45:03.837+0000] {local_task_job_runner.py:234} INFO - Task exited with return code 0
[2026-05-08T20:45:03.871+0000] {taskinstance.py:3280} INFO - 0 downstream tasks scheduled from follow-on schedule check
[2026-05-08T21:00:04.398+0000] {taskinstance.py:1956} INFO - Dependencies all met for dep_context=non-requeueable deps ti=<TaskInstance: fetch_market_data.check_market_open scheduled__2026-05-08T19:00:00+00:00 [queued]>
[2026-05-08T21:00:04.406+0000] {taskinstance.py:1956} INFO - Dependencies all met for dep_context=requeueable deps ti=<TaskInstance: fetch_market_data.check_market_open scheduled__2026-05-08T19:00:00+00:00 [queued]>
[2026-05-08T21:00:04.406+0000] {taskinstance.py:2170} INFO - Starting attempt 1 of 3
[2026-05-08T21:00:04.417+0000] {taskinstance.py:2191} INFO - Executing <Task(MarketOpenSensor): check_market_open> on 2026-05-08 19:00:00+00:00
[2026-05-08T21:00:04.424+0000] {standard_task_runner.py:60} INFO - Started process 1251341 to run task
[2026-05-08T21:00:04.427+0000] {standard_task_runner.py:87} INFO - Running: ['airflow', 'tasks', 'run', 'fetch_market_data', 'check_market_open', 'scheduled__2026-05-08T19:00:00+00:00', '--job-id', '1750', '--raw', '--subdir', 'DAGS_FOLDER/fetch_market_data.py', '--cfg-path', '/tmp/tmpu658738n']
[2026-05-08T21:00:04.429+0000] {standard_task_runner.py:88} INFO - Job 1750: Subtask check_market_open
[2026-05-08T21:00:04.495+0000] {task_command.py:423} INFO - Running <TaskInstance: fetch_market_data.check_market_open scheduled__2026-05-08T19:00:00+00:00 [running]> on host reddit-pipeline-vm
[2026-05-08T21:00:04.588+0000] {taskinstance.py:2480} INFO - Exporting env vars: AIRFLOW_CTX_DAG_OWNER='pipeline' AIRFLOW_CTX_DAG_ID='fetch_market_data' AIRFLOW_CTX_TASK_ID='check_market_open' AIRFLOW_CTX_EXECUTION_DATE='2026-05-08T19:00:00+00:00' AIRFLOW_CTX_TRY_NUMBER='1' AIRFLOW_CTX_DAG_RUN_ID='scheduled__2026-05-08T19:00:00+00:00'
[2026-05-08T21:00:04.603+0000] {sensors.py:45} INFO - Market open check at 2026-05-08 17:00 ET: False
[2026-05-08T21:00:04.603+0000] {taskinstance.py:2360} INFO - Sensor has timed out; run duration of 3603.671031 seconds exceeds the specified timeout of 3600.0.
[2026-05-08T21:00:04.617+0000] {taskinstance.py:1138} INFO - Marking task as SKIPPED. dag_id=fetch_market_data, task_id=check_market_open, execution_date=20260508T190000, start_date=20260508T210004, end_date=20260508T210004
[2026-05-08T21:00:04.639+0000] {local_task_job_runner.py:234} INFO - Task exited with return code 0
[2026-05-08T21:00:04.684+0000] {taskinstance.py:3280} INFO - 0 downstream tasks scheduled from follow-on schedule check
