[2026-05-01T04:58:26.628+0000] {taskinstance.py:1956} INFO - Dependencies all met for dep_context=non-requeueable deps ti=<TaskInstance: fetch_market_data.check_market_open scheduled__2026-05-01T04:30:00+00:00 [queued]>
[2026-05-01T04:58:26.634+0000] {taskinstance.py:1956} INFO - Dependencies all met for dep_context=requeueable deps ti=<TaskInstance: fetch_market_data.check_market_open scheduled__2026-05-01T04:30:00+00:00 [queued]>
[2026-05-01T04:58:26.634+0000] {taskinstance.py:2170} INFO - Starting attempt 1 of 3
[2026-05-01T04:58:26.645+0000] {taskinstance.py:2191} INFO - Executing <Task(MarketOpenSensor): check_market_open> on 2026-05-01 04:30:00+00:00
[2026-05-01T04:58:26.651+0000] {standard_task_runner.py:60} INFO - Started process 664196 to run task
[2026-05-01T04:58:26.654+0000] {standard_task_runner.py:87} INFO - Running: ['airflow', 'tasks', 'run', 'fetch_market_data', 'check_market_open', 'scheduled__2026-05-01T04:30:00+00:00', '--job-id', '718', '--raw', '--subdir', 'DAGS_FOLDER/fetch_market_data.py', '--cfg-path', '/tmp/tmp003ggmdv']
[2026-05-01T04:58:26.656+0000] {standard_task_runner.py:88} INFO - Job 718: Subtask check_market_open
[2026-05-01T04:58:26.730+0000] {task_command.py:423} INFO - Running <TaskInstance: fetch_market_data.check_market_open scheduled__2026-05-01T04:30:00+00:00 [running]> on host reddit-pipeline-vm
[2026-05-01T04:58:26.840+0000] {taskinstance.py:2480} INFO - Exporting env vars: AIRFLOW_CTX_DAG_OWNER='pipeline' AIRFLOW_CTX_DAG_ID='fetch_market_data' AIRFLOW_CTX_TASK_ID='check_market_open' AIRFLOW_CTX_EXECUTION_DATE='2026-05-01T04:30:00+00:00' AIRFLOW_CTX_TRY_NUMBER='1' AIRFLOW_CTX_DAG_RUN_ID='scheduled__2026-05-01T04:30:00+00:00'
[2026-05-01T04:58:26.858+0000] {sensors.py:45} INFO - Market open check at 2026-05-01 00:58 ET: False
[2026-05-01T04:58:26.884+0000] {taskinstance.py:2658} INFO - Rescheduling task, marking task as UP_FOR_RESCHEDULE
[2026-05-01T04:58:26.908+0000] {local_task_job_runner.py:234} INFO - Task exited with return code 0
[2026-05-01T04:58:26.948+0000] {taskinstance.py:3280} INFO - 0 downstream tasks scheduled from follow-on schedule check
[2026-05-01T04:59:28.194+0000] {taskinstance.py:1956} INFO - Dependencies all met for dep_context=non-requeueable deps ti=<TaskInstance: fetch_market_data.check_market_open scheduled__2026-05-01T04:30:00+00:00 [queued]>
[2026-05-01T04:59:28.201+0000] {taskinstance.py:1956} INFO - Dependencies all met for dep_context=requeueable deps ti=<TaskInstance: fetch_market_data.check_market_open scheduled__2026-05-01T04:30:00+00:00 [queued]>
[2026-05-01T04:59:28.201+0000] {taskinstance.py:2170} INFO - Starting attempt 1 of 3
[2026-05-01T04:59:28.211+0000] {taskinstance.py:2191} INFO - Executing <Task(MarketOpenSensor): check_market_open> on 2026-05-01 04:30:00+00:00
[2026-05-01T04:59:28.218+0000] {standard_task_runner.py:60} INFO - Started process 664271 to run task
[2026-05-01T04:59:28.221+0000] {standard_task_runner.py:87} INFO - Running: ['airflow', 'tasks', 'run', 'fetch_market_data', 'check_market_open', 'scheduled__2026-05-01T04:30:00+00:00', '--job-id', '719', '--raw', '--subdir', 'DAGS_FOLDER/fetch_market_data.py', '--cfg-path', '/tmp/tmppck0qlnh']
[2026-05-01T04:59:28.223+0000] {standard_task_runner.py:88} INFO - Job 719: Subtask check_market_open
[2026-05-01T04:59:28.297+0000] {task_command.py:423} INFO - Running <TaskInstance: fetch_market_data.check_market_open scheduled__2026-05-01T04:30:00+00:00 [running]> on host reddit-pipeline-vm
[2026-05-01T04:59:28.405+0000] {taskinstance.py:2480} INFO - Exporting env vars: AIRFLOW_CTX_DAG_OWNER='pipeline' AIRFLOW_CTX_DAG_ID='fetch_market_data' AIRFLOW_CTX_TASK_ID='check_market_open' AIRFLOW_CTX_EXECUTION_DATE='2026-05-01T04:30:00+00:00' AIRFLOW_CTX_TRY_NUMBER='1' AIRFLOW_CTX_DAG_RUN_ID='scheduled__2026-05-01T04:30:00+00:00'
[2026-05-01T04:59:28.424+0000] {sensors.py:45} INFO - Market open check at 2026-05-01 00:59 ET: False
[2026-05-01T04:59:28.450+0000] {taskinstance.py:2658} INFO - Rescheduling task, marking task as UP_FOR_RESCHEDULE
[2026-05-01T04:59:28.474+0000] {local_task_job_runner.py:234} INFO - Task exited with return code 0
[2026-05-01T04:59:28.514+0000] {taskinstance.py:3280} INFO - 0 downstream tasks scheduled from follow-on schedule check
[2026-05-01T05:00:29.586+0000] {taskinstance.py:1956} INFO - Dependencies all met for dep_context=non-requeueable deps ti=<TaskInstance: fetch_market_data.check_market_open scheduled__2026-05-01T04:30:00+00:00 [queued]>
[2026-05-01T05:00:29.594+0000] {taskinstance.py:1956} INFO - Dependencies all met for dep_context=requeueable deps ti=<TaskInstance: fetch_market_data.check_market_open scheduled__2026-05-01T04:30:00+00:00 [queued]>
[2026-05-01T05:00:29.594+0000] {taskinstance.py:2170} INFO - Starting attempt 1 of 3
[2026-05-01T05:00:29.604+0000] {taskinstance.py:2191} INFO - Executing <Task(MarketOpenSensor): check_market_open> on 2026-05-01 04:30:00+00:00
[2026-05-01T05:00:29.610+0000] {standard_task_runner.py:60} INFO - Started process 664339 to run task
[2026-05-01T05:00:29.614+0000] {standard_task_runner.py:87} INFO - Running: ['airflow', 'tasks', 'run', 'fetch_market_data', 'check_market_open', 'scheduled__2026-05-01T04:30:00+00:00', '--job-id', '720', '--raw', '--subdir', 'DAGS_FOLDER/fetch_market_data.py', '--cfg-path', '/tmp/tmpntwn75zj']
[2026-05-01T05:00:29.616+0000] {standard_task_runner.py:88} INFO - Job 720: Subtask check_market_open
[2026-05-01T05:00:29.694+0000] {task_command.py:423} INFO - Running <TaskInstance: fetch_market_data.check_market_open scheduled__2026-05-01T04:30:00+00:00 [running]> on host reddit-pipeline-vm
[2026-05-01T05:00:29.804+0000] {taskinstance.py:2480} INFO - Exporting env vars: AIRFLOW_CTX_DAG_OWNER='pipeline' AIRFLOW_CTX_DAG_ID='fetch_market_data' AIRFLOW_CTX_TASK_ID='check_market_open' AIRFLOW_CTX_EXECUTION_DATE='2026-05-01T04:30:00+00:00' AIRFLOW_CTX_TRY_NUMBER='1' AIRFLOW_CTX_DAG_RUN_ID='scheduled__2026-05-01T04:30:00+00:00'
[2026-05-01T05:00:29.823+0000] {sensors.py:45} INFO - Market open check at 2026-05-01 01:00 ET: False
[2026-05-01T05:00:29.849+0000] {taskinstance.py:2658} INFO - Rescheduling task, marking task as UP_FOR_RESCHEDULE
[2026-05-01T05:00:29.868+0000] {local_task_job_runner.py:234} INFO - Task exited with return code 0
[2026-05-01T05:00:29.910+0000] {taskinstance.py:3280} INFO - 0 downstream tasks scheduled from follow-on schedule check
[2026-05-01T05:01:31.147+0000] {taskinstance.py:1956} INFO - Dependencies all met for dep_context=non-requeueable deps ti=<TaskInstance: fetch_market_data.check_market_open scheduled__2026-05-01T04:30:00+00:00 [queued]>
[2026-05-01T05:01:31.154+0000] {taskinstance.py:1956} INFO - Dependencies all met for dep_context=requeueable deps ti=<TaskInstance: fetch_market_data.check_market_open scheduled__2026-05-01T04:30:00+00:00 [queued]>
[2026-05-01T05:01:31.155+0000] {taskinstance.py:2170} INFO - Starting attempt 1 of 3
[2026-05-01T05:01:31.165+0000] {taskinstance.py:2191} INFO - Executing <Task(MarketOpenSensor): check_market_open> on 2026-05-01 04:30:00+00:00
[2026-05-01T05:01:31.171+0000] {standard_task_runner.py:60} INFO - Started process 664416 to run task
[2026-05-01T05:01:31.178+0000] {standard_task_runner.py:87} INFO - Running: ['airflow', 'tasks', 'run', 'fetch_market_data', 'check_market_open', 'scheduled__2026-05-01T04:30:00+00:00', '--job-id', '721', '--raw', '--subdir', 'DAGS_FOLDER/fetch_market_data.py', '--cfg-path', '/tmp/tmphduta0le']
[2026-05-01T05:01:31.180+0000] {standard_task_runner.py:88} INFO - Job 721: Subtask check_market_open
[2026-05-01T05:01:31.255+0000] {task_command.py:423} INFO - Running <TaskInstance: fetch_market_data.check_market_open scheduled__2026-05-01T04:30:00+00:00 [running]> on host reddit-pipeline-vm
[2026-05-01T05:01:31.363+0000] {taskinstance.py:2480} INFO - Exporting env vars: AIRFLOW_CTX_DAG_OWNER='pipeline' AIRFLOW_CTX_DAG_ID='fetch_market_data' AIRFLOW_CTX_TASK_ID='check_market_open' AIRFLOW_CTX_EXECUTION_DATE='2026-05-01T04:30:00+00:00' AIRFLOW_CTX_TRY_NUMBER='1' AIRFLOW_CTX_DAG_RUN_ID='scheduled__2026-05-01T04:30:00+00:00'
[2026-05-01T05:01:31.381+0000] {sensors.py:45} INFO - Market open check at 2026-05-01 01:01 ET: False
[2026-05-01T05:01:31.407+0000] {taskinstance.py:2658} INFO - Rescheduling task, marking task as UP_FOR_RESCHEDULE
[2026-05-01T05:01:31.433+0000] {local_task_job_runner.py:234} INFO - Task exited with return code 0
[2026-05-01T05:01:31.474+0000] {taskinstance.py:3280} INFO - 0 downstream tasks scheduled from follow-on schedule check
[2026-05-01T05:02:32.001+0000] {taskinstance.py:1956} INFO - Dependencies all met for dep_context=non-requeueable deps ti=<TaskInstance: fetch_market_data.check_market_open scheduled__2026-05-01T04:30:00+00:00 [queued]>
[2026-05-01T05:02:32.009+0000] {taskinstance.py:1956} INFO - Dependencies all met for dep_context=requeueable deps ti=<TaskInstance: fetch_market_data.check_market_open scheduled__2026-05-01T04:30:00+00:00 [queued]>
[2026-05-01T05:02:32.009+0000] {taskinstance.py:2170} INFO - Starting attempt 1 of 3
[2026-05-01T05:02:32.018+0000] {taskinstance.py:2191} INFO - Executing <Task(MarketOpenSensor): check_market_open> on 2026-05-01 04:30:00+00:00
[2026-05-01T05:02:32.025+0000] {standard_task_runner.py:60} INFO - Started process 664484 to run task
[2026-05-01T05:02:32.028+0000] {standard_task_runner.py:87} INFO - Running: ['airflow', 'tasks', 'run', 'fetch_market_data', 'check_market_open', 'scheduled__2026-05-01T04:30:00+00:00', '--job-id', '722', '--raw', '--subdir', 'DAGS_FOLDER/fetch_market_data.py', '--cfg-path', '/tmp/tmpnf4wa6fb']
[2026-05-01T05:02:32.030+0000] {standard_task_runner.py:88} INFO - Job 722: Subtask check_market_open
[2026-05-01T05:02:32.106+0000] {task_command.py:423} INFO - Running <TaskInstance: fetch_market_data.check_market_open scheduled__2026-05-01T04:30:00+00:00 [running]> on host reddit-pipeline-vm
[2026-05-01T05:02:32.215+0000] {taskinstance.py:2480} INFO - Exporting env vars: AIRFLOW_CTX_DAG_OWNER='pipeline' AIRFLOW_CTX_DAG_ID='fetch_market_data' AIRFLOW_CTX_TASK_ID='check_market_open' AIRFLOW_CTX_EXECUTION_DATE='2026-05-01T04:30:00+00:00' AIRFLOW_CTX_TRY_NUMBER='1' AIRFLOW_CTX_DAG_RUN_ID='scheduled__2026-05-01T04:30:00+00:00'
[2026-05-01T05:02:32.233+0000] {sensors.py:45} INFO - Market open check at 2026-05-01 01:02 ET: False
[2026-05-01T05:02:32.259+0000] {taskinstance.py:2658} INFO - Rescheduling task, marking task as UP_FOR_RESCHEDULE
[2026-05-01T05:02:32.281+0000] {local_task_job_runner.py:234} INFO - Task exited with return code 0
[2026-05-01T05:02:32.321+0000] {taskinstance.py:3280} INFO - 0 downstream tasks scheduled from follow-on schedule check
[2026-05-01T05:03:33.280+0000] {taskinstance.py:1956} INFO - Dependencies all met for dep_context=non-requeueable deps ti=<TaskInstance: fetch_market_data.check_market_open scheduled__2026-05-01T04:30:00+00:00 [queued]>
[2026-05-01T05:03:33.288+0000] {taskinstance.py:1956} INFO - Dependencies all met for dep_context=requeueable deps ti=<TaskInstance: fetch_market_data.check_market_open scheduled__2026-05-01T04:30:00+00:00 [queued]>
[2026-05-01T05:03:33.288+0000] {taskinstance.py:2170} INFO - Starting attempt 1 of 3
[2026-05-01T05:03:33.298+0000] {taskinstance.py:2191} INFO - Executing <Task(MarketOpenSensor): check_market_open> on 2026-05-01 04:30:00+00:00
[2026-05-01T05:03:33.305+0000] {standard_task_runner.py:60} INFO - Started process 664550 to run task
[2026-05-01T05:03:33.308+0000] {standard_task_runner.py:87} INFO - Running: ['airflow', 'tasks', 'run', 'fetch_market_data', 'check_market_open', 'scheduled__2026-05-01T04:30:00+00:00', '--job-id', '723', '--raw', '--subdir', 'DAGS_FOLDER/fetch_market_data.py', '--cfg-path', '/tmp/tmprze8a2et']
[2026-05-01T05:03:33.310+0000] {standard_task_runner.py:88} INFO - Job 723: Subtask check_market_open
[2026-05-01T05:03:33.386+0000] {task_command.py:423} INFO - Running <TaskInstance: fetch_market_data.check_market_open scheduled__2026-05-01T04:30:00+00:00 [running]> on host reddit-pipeline-vm
[2026-05-01T05:03:33.493+0000] {taskinstance.py:2480} INFO - Exporting env vars: AIRFLOW_CTX_DAG_OWNER='pipeline' AIRFLOW_CTX_DAG_ID='fetch_market_data' AIRFLOW_CTX_TASK_ID='check_market_open' AIRFLOW_CTX_EXECUTION_DATE='2026-05-01T04:30:00+00:00' AIRFLOW_CTX_TRY_NUMBER='1' AIRFLOW_CTX_DAG_RUN_ID='scheduled__2026-05-01T04:30:00+00:00'
[2026-05-01T05:03:33.511+0000] {sensors.py:45} INFO - Market open check at 2026-05-01 01:03 ET: False
[2026-05-01T05:03:33.537+0000] {taskinstance.py:2658} INFO - Rescheduling task, marking task as UP_FOR_RESCHEDULE
[2026-05-01T05:03:33.561+0000] {local_task_job_runner.py:234} INFO - Task exited with return code 0
[2026-05-01T05:03:33.602+0000] {taskinstance.py:3280} INFO - 0 downstream tasks scheduled from follow-on schedule check
[2026-05-01T05:04:34.587+0000] {taskinstance.py:1956} INFO - Dependencies all met for dep_context=non-requeueable deps ti=<TaskInstance: fetch_market_data.check_market_open scheduled__2026-05-01T04:30:00+00:00 [queued]>
[2026-05-01T05:04:34.595+0000] {taskinstance.py:1956} INFO - Dependencies all met for dep_context=requeueable deps ti=<TaskInstance: fetch_market_data.check_market_open scheduled__2026-05-01T04:30:00+00:00 [queued]>
[2026-05-01T05:04:34.595+0000] {taskinstance.py:2170} INFO - Starting attempt 1 of 3
[2026-05-01T05:04:34.606+0000] {taskinstance.py:2191} INFO - Executing <Task(MarketOpenSensor): check_market_open> on 2026-05-01 04:30:00+00:00
[2026-05-01T05:04:34.612+0000] {standard_task_runner.py:60} INFO - Started process 664622 to run task
[2026-05-01T05:04:34.616+0000] {standard_task_runner.py:87} INFO - Running: ['airflow', 'tasks', 'run', 'fetch_market_data', 'check_market_open', 'scheduled__2026-05-01T04:30:00+00:00', '--job-id', '724', '--raw', '--subdir', 'DAGS_FOLDER/fetch_market_data.py', '--cfg-path', '/tmp/tmpqccvchn7']
[2026-05-01T05:04:34.617+0000] {standard_task_runner.py:88} INFO - Job 724: Subtask check_market_open
[2026-05-01T05:04:34.694+0000] {task_command.py:423} INFO - Running <TaskInstance: fetch_market_data.check_market_open scheduled__2026-05-01T04:30:00+00:00 [running]> on host reddit-pipeline-vm
[2026-05-01T05:04:34.801+0000] {taskinstance.py:2480} INFO - Exporting env vars: AIRFLOW_CTX_DAG_OWNER='pipeline' AIRFLOW_CTX_DAG_ID='fetch_market_data' AIRFLOW_CTX_TASK_ID='check_market_open' AIRFLOW_CTX_EXECUTION_DATE='2026-05-01T04:30:00+00:00' AIRFLOW_CTX_TRY_NUMBER='1' AIRFLOW_CTX_DAG_RUN_ID='scheduled__2026-05-01T04:30:00+00:00'
[2026-05-01T05:04:34.820+0000] {sensors.py:45} INFO - Market open check at 2026-05-01 01:04 ET: False
[2026-05-01T05:04:34.846+0000] {taskinstance.py:2658} INFO - Rescheduling task, marking task as UP_FOR_RESCHEDULE
[2026-05-01T05:04:34.869+0000] {local_task_job_runner.py:234} INFO - Task exited with return code 0
[2026-05-01T05:04:34.910+0000] {taskinstance.py:3280} INFO - 0 downstream tasks scheduled from follow-on schedule check
[2026-05-01T05:05:35.874+0000] {taskinstance.py:1956} INFO - Dependencies all met for dep_context=non-requeueable deps ti=<TaskInstance: fetch_market_data.check_market_open scheduled__2026-05-01T04:30:00+00:00 [queued]>
[2026-05-01T05:05:35.882+0000] {taskinstance.py:1956} INFO - Dependencies all met for dep_context=requeueable deps ti=<TaskInstance: fetch_market_data.check_market_open scheduled__2026-05-01T04:30:00+00:00 [queued]>
[2026-05-01T05:05:35.882+0000] {taskinstance.py:2170} INFO - Starting attempt 1 of 3
[2026-05-01T05:05:35.892+0000] {taskinstance.py:2191} INFO - Executing <Task(MarketOpenSensor): check_market_open> on 2026-05-01 04:30:00+00:00
[2026-05-01T05:05:35.898+0000] {standard_task_runner.py:60} INFO - Started process 664692 to run task
[2026-05-01T05:05:35.902+0000] {standard_task_runner.py:87} INFO - Running: ['airflow', 'tasks', 'run', 'fetch_market_data', 'check_market_open', 'scheduled__2026-05-01T04:30:00+00:00', '--job-id', '725', '--raw', '--subdir', 'DAGS_FOLDER/fetch_market_data.py', '--cfg-path', '/tmp/tmp_0he2x4h']
[2026-05-01T05:05:35.904+0000] {standard_task_runner.py:88} INFO - Job 725: Subtask check_market_open
[2026-05-01T05:05:35.979+0000] {task_command.py:423} INFO - Running <TaskInstance: fetch_market_data.check_market_open scheduled__2026-05-01T04:30:00+00:00 [running]> on host reddit-pipeline-vm
[2026-05-01T05:05:36.088+0000] {taskinstance.py:2480} INFO - Exporting env vars: AIRFLOW_CTX_DAG_OWNER='pipeline' AIRFLOW_CTX_DAG_ID='fetch_market_data' AIRFLOW_CTX_TASK_ID='check_market_open' AIRFLOW_CTX_EXECUTION_DATE='2026-05-01T04:30:00+00:00' AIRFLOW_CTX_TRY_NUMBER='1' AIRFLOW_CTX_DAG_RUN_ID='scheduled__2026-05-01T04:30:00+00:00'
[2026-05-01T05:05:36.106+0000] {sensors.py:45} INFO - Market open check at 2026-05-01 01:05 ET: False
[2026-05-01T05:05:36.133+0000] {taskinstance.py:2658} INFO - Rescheduling task, marking task as UP_FOR_RESCHEDULE
[2026-05-01T05:05:36.155+0000] {local_task_job_runner.py:234} INFO - Task exited with return code 0
[2026-05-01T05:05:36.197+0000] {taskinstance.py:3280} INFO - 0 downstream tasks scheduled from follow-on schedule check
[2026-05-01T05:06:37.159+0000] {taskinstance.py:1956} INFO - Dependencies all met for dep_context=non-requeueable deps ti=<TaskInstance: fetch_market_data.check_market_open scheduled__2026-05-01T04:30:00+00:00 [queued]>
[2026-05-01T05:06:37.166+0000] {taskinstance.py:1956} INFO - Dependencies all met for dep_context=requeueable deps ti=<TaskInstance: fetch_market_data.check_market_open scheduled__2026-05-01T04:30:00+00:00 [queued]>
[2026-05-01T05:06:37.166+0000] {taskinstance.py:2170} INFO - Starting attempt 1 of 3
[2026-05-01T05:06:37.176+0000] {taskinstance.py:2191} INFO - Executing <Task(MarketOpenSensor): check_market_open> on 2026-05-01 04:30:00+00:00
[2026-05-01T05:06:37.182+0000] {standard_task_runner.py:60} INFO - Started process 664765 to run task
[2026-05-01T05:06:37.185+0000] {standard_task_runner.py:87} INFO - Running: ['airflow', 'tasks', 'run', 'fetch_market_data', 'check_market_open', 'scheduled__2026-05-01T04:30:00+00:00', '--job-id', '726', '--raw', '--subdir', 'DAGS_FOLDER/fetch_market_data.py', '--cfg-path', '/tmp/tmph_0t8c1f']
[2026-05-01T05:06:37.187+0000] {standard_task_runner.py:88} INFO - Job 726: Subtask check_market_open
[2026-05-01T05:06:37.266+0000] {task_command.py:423} INFO - Running <TaskInstance: fetch_market_data.check_market_open scheduled__2026-05-01T04:30:00+00:00 [running]> on host reddit-pipeline-vm
[2026-05-01T05:06:37.373+0000] {taskinstance.py:2480} INFO - Exporting env vars: AIRFLOW_CTX_DAG_OWNER='pipeline' AIRFLOW_CTX_DAG_ID='fetch_market_data' AIRFLOW_CTX_TASK_ID='check_market_open' AIRFLOW_CTX_EXECUTION_DATE='2026-05-01T04:30:00+00:00' AIRFLOW_CTX_TRY_NUMBER='1' AIRFLOW_CTX_DAG_RUN_ID='scheduled__2026-05-01T04:30:00+00:00'
[2026-05-01T05:06:37.391+0000] {sensors.py:45} INFO - Market open check at 2026-05-01 01:06 ET: False
[2026-05-01T05:06:37.416+0000] {taskinstance.py:2658} INFO - Rescheduling task, marking task as UP_FOR_RESCHEDULE
[2026-05-01T05:06:37.442+0000] {local_task_job_runner.py:234} INFO - Task exited with return code 0
[2026-05-01T05:06:37.481+0000] {taskinstance.py:3280} INFO - 0 downstream tasks scheduled from follow-on schedule check
[2026-05-01T05:07:38.287+0000] {taskinstance.py:1956} INFO - Dependencies all met for dep_context=non-requeueable deps ti=<TaskInstance: fetch_market_data.check_market_open scheduled__2026-05-01T04:30:00+00:00 [queued]>
[2026-05-01T05:07:38.295+0000] {taskinstance.py:1956} INFO - Dependencies all met for dep_context=requeueable deps ti=<TaskInstance: fetch_market_data.check_market_open scheduled__2026-05-01T04:30:00+00:00 [queued]>
[2026-05-01T05:07:38.295+0000] {taskinstance.py:2170} INFO - Starting attempt 1 of 3
[2026-05-01T05:07:38.305+0000] {taskinstance.py:2191} INFO - Executing <Task(MarketOpenSensor): check_market_open> on 2026-05-01 04:30:00+00:00
[2026-05-01T05:07:38.311+0000] {standard_task_runner.py:60} INFO - Started process 664836 to run task
[2026-05-01T05:07:38.314+0000] {standard_task_runner.py:87} INFO - Running: ['airflow', 'tasks', 'run', 'fetch_market_data', 'check_market_open', 'scheduled__2026-05-01T04:30:00+00:00', '--job-id', '727', '--raw', '--subdir', 'DAGS_FOLDER/fetch_market_data.py', '--cfg-path', '/tmp/tmplzqr2il0']
[2026-05-01T05:07:38.316+0000] {standard_task_runner.py:88} INFO - Job 727: Subtask check_market_open
[2026-05-01T05:07:38.391+0000] {task_command.py:423} INFO - Running <TaskInstance: fetch_market_data.check_market_open scheduled__2026-05-01T04:30:00+00:00 [running]> on host reddit-pipeline-vm
[2026-05-01T05:07:38.499+0000] {taskinstance.py:2480} INFO - Exporting env vars: AIRFLOW_CTX_DAG_OWNER='pipeline' AIRFLOW_CTX_DAG_ID='fetch_market_data' AIRFLOW_CTX_TASK_ID='check_market_open' AIRFLOW_CTX_EXECUTION_DATE='2026-05-01T04:30:00+00:00' AIRFLOW_CTX_TRY_NUMBER='1' AIRFLOW_CTX_DAG_RUN_ID='scheduled__2026-05-01T04:30:00+00:00'
[2026-05-01T05:07:38.516+0000] {sensors.py:45} INFO - Market open check at 2026-05-01 01:07 ET: False
[2026-05-01T05:07:38.542+0000] {taskinstance.py:2658} INFO - Rescheduling task, marking task as UP_FOR_RESCHEDULE
[2026-05-01T05:07:38.567+0000] {local_task_job_runner.py:234} INFO - Task exited with return code 0
[2026-05-01T05:07:38.607+0000] {taskinstance.py:3280} INFO - 0 downstream tasks scheduled from follow-on schedule check
[2026-05-01T05:08:39.868+0000] {taskinstance.py:1956} INFO - Dependencies all met for dep_context=non-requeueable deps ti=<TaskInstance: fetch_market_data.check_market_open scheduled__2026-05-01T04:30:00+00:00 [queued]>
[2026-05-01T05:08:39.875+0000] {taskinstance.py:1956} INFO - Dependencies all met for dep_context=requeueable deps ti=<TaskInstance: fetch_market_data.check_market_open scheduled__2026-05-01T04:30:00+00:00 [queued]>
[2026-05-01T05:08:39.876+0000] {taskinstance.py:2170} INFO - Starting attempt 1 of 3
[2026-05-01T05:08:39.885+0000] {taskinstance.py:2191} INFO - Executing <Task(MarketOpenSensor): check_market_open> on 2026-05-01 04:30:00+00:00
[2026-05-01T05:08:39.892+0000] {standard_task_runner.py:60} INFO - Started process 664905 to run task
[2026-05-01T05:08:39.895+0000] {standard_task_runner.py:87} INFO - Running: ['airflow', 'tasks', 'run', 'fetch_market_data', 'check_market_open', 'scheduled__2026-05-01T04:30:00+00:00', '--job-id', '728', '--raw', '--subdir', 'DAGS_FOLDER/fetch_market_data.py', '--cfg-path', '/tmp/tmp8rhka_67']
[2026-05-01T05:08:39.897+0000] {standard_task_runner.py:88} INFO - Job 728: Subtask check_market_open
[2026-05-01T05:08:39.972+0000] {task_command.py:423} INFO - Running <TaskInstance: fetch_market_data.check_market_open scheduled__2026-05-01T04:30:00+00:00 [running]> on host reddit-pipeline-vm
[2026-05-01T05:08:40.082+0000] {taskinstance.py:2480} INFO - Exporting env vars: AIRFLOW_CTX_DAG_OWNER='pipeline' AIRFLOW_CTX_DAG_ID='fetch_market_data' AIRFLOW_CTX_TASK_ID='check_market_open' AIRFLOW_CTX_EXECUTION_DATE='2026-05-01T04:30:00+00:00' AIRFLOW_CTX_TRY_NUMBER='1' AIRFLOW_CTX_DAG_RUN_ID='scheduled__2026-05-01T04:30:00+00:00'
[2026-05-01T05:08:40.100+0000] {sensors.py:45} INFO - Market open check at 2026-05-01 01:08 ET: False
[2026-05-01T05:08:40.126+0000] {taskinstance.py:2658} INFO - Rescheduling task, marking task as UP_FOR_RESCHEDULE
[2026-05-01T05:08:40.148+0000] {local_task_job_runner.py:234} INFO - Task exited with return code 0
[2026-05-01T05:08:40.188+0000] {taskinstance.py:3280} INFO - 0 downstream tasks scheduled from follow-on schedule check
[2026-05-01T05:09:41.437+0000] {taskinstance.py:1956} INFO - Dependencies all met for dep_context=non-requeueable deps ti=<TaskInstance: fetch_market_data.check_market_open scheduled__2026-05-01T04:30:00+00:00 [queued]>
[2026-05-01T05:09:41.444+0000] {taskinstance.py:1956} INFO - Dependencies all met for dep_context=requeueable deps ti=<TaskInstance: fetch_market_data.check_market_open scheduled__2026-05-01T04:30:00+00:00 [queued]>
[2026-05-01T05:09:41.445+0000] {taskinstance.py:2170} INFO - Starting attempt 1 of 3
[2026-05-01T05:09:41.455+0000] {taskinstance.py:2191} INFO - Executing <Task(MarketOpenSensor): check_market_open> on 2026-05-01 04:30:00+00:00
[2026-05-01T05:09:41.461+0000] {standard_task_runner.py:60} INFO - Started process 664991 to run task
[2026-05-01T05:09:41.464+0000] {standard_task_runner.py:87} INFO - Running: ['airflow', 'tasks', 'run', 'fetch_market_data', 'check_market_open', 'scheduled__2026-05-01T04:30:00+00:00', '--job-id', '729', '--raw', '--subdir', 'DAGS_FOLDER/fetch_market_data.py', '--cfg-path', '/tmp/tmpwaoeaju_']
[2026-05-01T05:09:41.466+0000] {standard_task_runner.py:88} INFO - Job 729: Subtask check_market_open
[2026-05-01T05:09:41.541+0000] {task_command.py:423} INFO - Running <TaskInstance: fetch_market_data.check_market_open scheduled__2026-05-01T04:30:00+00:00 [running]> on host reddit-pipeline-vm
[2026-05-01T05:09:41.651+0000] {taskinstance.py:2480} INFO - Exporting env vars: AIRFLOW_CTX_DAG_OWNER='pipeline' AIRFLOW_CTX_DAG_ID='fetch_market_data' AIRFLOW_CTX_TASK_ID='check_market_open' AIRFLOW_CTX_EXECUTION_DATE='2026-05-01T04:30:00+00:00' AIRFLOW_CTX_TRY_NUMBER='1' AIRFLOW_CTX_DAG_RUN_ID='scheduled__2026-05-01T04:30:00+00:00'
[2026-05-01T05:09:41.669+0000] {sensors.py:45} INFO - Market open check at 2026-05-01 01:09 ET: False
[2026-05-01T05:09:41.695+0000] {taskinstance.py:2658} INFO - Rescheduling task, marking task as UP_FOR_RESCHEDULE
[2026-05-01T05:09:41.717+0000] {local_task_job_runner.py:234} INFO - Task exited with return code 0
[2026-05-01T05:09:41.757+0000] {taskinstance.py:3280} INFO - 0 downstream tasks scheduled from follow-on schedule check
[2026-05-01T05:10:43.045+0000] {taskinstance.py:1956} INFO - Dependencies all met for dep_context=non-requeueable deps ti=<TaskInstance: fetch_market_data.check_market_open scheduled__2026-05-01T04:30:00+00:00 [queued]>
[2026-05-01T05:10:43.052+0000] {taskinstance.py:1956} INFO - Dependencies all met for dep_context=requeueable deps ti=<TaskInstance: fetch_market_data.check_market_open scheduled__2026-05-01T04:30:00+00:00 [queued]>
[2026-05-01T05:10:43.052+0000] {taskinstance.py:2170} INFO - Starting attempt 1 of 3
[2026-05-01T05:10:43.062+0000] {taskinstance.py:2191} INFO - Executing <Task(MarketOpenSensor): check_market_open> on 2026-05-01 04:30:00+00:00
[2026-05-01T05:10:43.069+0000] {standard_task_runner.py:60} INFO - Started process 665055 to run task
[2026-05-01T05:10:43.072+0000] {standard_task_runner.py:87} INFO - Running: ['airflow', 'tasks', 'run', 'fetch_market_data', 'check_market_open', 'scheduled__2026-05-01T04:30:00+00:00', '--job-id', '730', '--raw', '--subdir', 'DAGS_FOLDER/fetch_market_data.py', '--cfg-path', '/tmp/tmp2rbm7gke']
[2026-05-01T05:10:43.074+0000] {standard_task_runner.py:88} INFO - Job 730: Subtask check_market_open
[2026-05-01T05:10:43.150+0000] {task_command.py:423} INFO - Running <TaskInstance: fetch_market_data.check_market_open scheduled__2026-05-01T04:30:00+00:00 [running]> on host reddit-pipeline-vm
[2026-05-01T05:10:43.260+0000] {taskinstance.py:2480} INFO - Exporting env vars: AIRFLOW_CTX_DAG_OWNER='pipeline' AIRFLOW_CTX_DAG_ID='fetch_market_data' AIRFLOW_CTX_TASK_ID='check_market_open' AIRFLOW_CTX_EXECUTION_DATE='2026-05-01T04:30:00+00:00' AIRFLOW_CTX_TRY_NUMBER='1' AIRFLOW_CTX_DAG_RUN_ID='scheduled__2026-05-01T04:30:00+00:00'
[2026-05-01T05:10:43.278+0000] {sensors.py:45} INFO - Market open check at 2026-05-01 01:10 ET: False
[2026-05-01T05:10:43.304+0000] {taskinstance.py:2658} INFO - Rescheduling task, marking task as UP_FOR_RESCHEDULE
[2026-05-01T05:10:43.326+0000] {local_task_job_runner.py:234} INFO - Task exited with return code 0
[2026-05-01T05:10:43.366+0000] {taskinstance.py:3280} INFO - 0 downstream tasks scheduled from follow-on schedule check
[2026-05-01T05:11:44.245+0000] {taskinstance.py:1956} INFO - Dependencies all met for dep_context=non-requeueable deps ti=<TaskInstance: fetch_market_data.check_market_open scheduled__2026-05-01T04:30:00+00:00 [queued]>
[2026-05-01T05:11:44.252+0000] {taskinstance.py:1956} INFO - Dependencies all met for dep_context=requeueable deps ti=<TaskInstance: fetch_market_data.check_market_open scheduled__2026-05-01T04:30:00+00:00 [queued]>
[2026-05-01T05:11:44.252+0000] {taskinstance.py:2170} INFO - Starting attempt 1 of 3
[2026-05-01T05:11:44.262+0000] {taskinstance.py:2191} INFO - Executing <Task(MarketOpenSensor): check_market_open> on 2026-05-01 04:30:00+00:00
[2026-05-01T05:11:44.268+0000] {standard_task_runner.py:60} INFO - Started process 665137 to run task
[2026-05-01T05:11:44.272+0000] {standard_task_runner.py:87} INFO - Running: ['airflow', 'tasks', 'run', 'fetch_market_data', 'check_market_open', 'scheduled__2026-05-01T04:30:00+00:00', '--job-id', '731', '--raw', '--subdir', 'DAGS_FOLDER/fetch_market_data.py', '--cfg-path', '/tmp/tmp3_p1z_hr']
[2026-05-01T05:11:44.274+0000] {standard_task_runner.py:88} INFO - Job 731: Subtask check_market_open
[2026-05-01T05:11:44.348+0000] {task_command.py:423} INFO - Running <TaskInstance: fetch_market_data.check_market_open scheduled__2026-05-01T04:30:00+00:00 [running]> on host reddit-pipeline-vm
[2026-05-01T05:11:44.457+0000] {taskinstance.py:2480} INFO - Exporting env vars: AIRFLOW_CTX_DAG_OWNER='pipeline' AIRFLOW_CTX_DAG_ID='fetch_market_data' AIRFLOW_CTX_TASK_ID='check_market_open' AIRFLOW_CTX_EXECUTION_DATE='2026-05-01T04:30:00+00:00' AIRFLOW_CTX_TRY_NUMBER='1' AIRFLOW_CTX_DAG_RUN_ID='scheduled__2026-05-01T04:30:00+00:00'
[2026-05-01T05:11:44.475+0000] {sensors.py:45} INFO - Market open check at 2026-05-01 01:11 ET: False
[2026-05-01T05:11:44.501+0000] {taskinstance.py:2658} INFO - Rescheduling task, marking task as UP_FOR_RESCHEDULE
[2026-05-01T05:11:44.525+0000] {local_task_job_runner.py:234} INFO - Task exited with return code 0
[2026-05-01T05:11:44.565+0000] {taskinstance.py:3280} INFO - 0 downstream tasks scheduled from follow-on schedule check
[2026-05-01T05:12:45.563+0000] {taskinstance.py:1956} INFO - Dependencies all met for dep_context=non-requeueable deps ti=<TaskInstance: fetch_market_data.check_market_open scheduled__2026-05-01T04:30:00+00:00 [queued]>
[2026-05-01T05:12:45.571+0000] {taskinstance.py:1956} INFO - Dependencies all met for dep_context=requeueable deps ti=<TaskInstance: fetch_market_data.check_market_open scheduled__2026-05-01T04:30:00+00:00 [queued]>
[2026-05-01T05:12:45.571+0000] {taskinstance.py:2170} INFO - Starting attempt 1 of 3
[2026-05-01T05:12:45.583+0000] {taskinstance.py:2191} INFO - Executing <Task(MarketOpenSensor): check_market_open> on 2026-05-01 04:30:00+00:00
[2026-05-01T05:12:45.589+0000] {standard_task_runner.py:60} INFO - Started process 665205 to run task
[2026-05-01T05:12:45.592+0000] {standard_task_runner.py:87} INFO - Running: ['airflow', 'tasks', 'run', 'fetch_market_data', 'check_market_open', 'scheduled__2026-05-01T04:30:00+00:00', '--job-id', '732', '--raw', '--subdir', 'DAGS_FOLDER/fetch_market_data.py', '--cfg-path', '/tmp/tmpzv22kq93']
[2026-05-01T05:12:45.594+0000] {standard_task_runner.py:88} INFO - Job 732: Subtask check_market_open
[2026-05-01T05:12:45.669+0000] {task_command.py:423} INFO - Running <TaskInstance: fetch_market_data.check_market_open scheduled__2026-05-01T04:30:00+00:00 [running]> on host reddit-pipeline-vm
[2026-05-01T05:12:45.779+0000] {taskinstance.py:2480} INFO - Exporting env vars: AIRFLOW_CTX_DAG_OWNER='pipeline' AIRFLOW_CTX_DAG_ID='fetch_market_data' AIRFLOW_CTX_TASK_ID='check_market_open' AIRFLOW_CTX_EXECUTION_DATE='2026-05-01T04:30:00+00:00' AIRFLOW_CTX_TRY_NUMBER='1' AIRFLOW_CTX_DAG_RUN_ID='scheduled__2026-05-01T04:30:00+00:00'
[2026-05-01T05:12:45.797+0000] {sensors.py:45} INFO - Market open check at 2026-05-01 01:12 ET: False
[2026-05-01T05:12:45.824+0000] {taskinstance.py:2658} INFO - Rescheduling task, marking task as UP_FOR_RESCHEDULE
[2026-05-01T05:12:45.844+0000] {local_task_job_runner.py:234} INFO - Task exited with return code 0
[2026-05-01T05:12:45.885+0000] {taskinstance.py:3280} INFO - 0 downstream tasks scheduled from follow-on schedule check
[2026-05-01T05:13:46.550+0000] {taskinstance.py:1956} INFO - Dependencies all met for dep_context=non-requeueable deps ti=<TaskInstance: fetch_market_data.check_market_open scheduled__2026-05-01T04:30:00+00:00 [queued]>
[2026-05-01T05:13:46.558+0000] {taskinstance.py:1956} INFO - Dependencies all met for dep_context=requeueable deps ti=<TaskInstance: fetch_market_data.check_market_open scheduled__2026-05-01T04:30:00+00:00 [queued]>
[2026-05-01T05:13:46.558+0000] {taskinstance.py:2170} INFO - Starting attempt 1 of 3
[2026-05-01T05:13:46.568+0000] {taskinstance.py:2191} INFO - Executing <Task(MarketOpenSensor): check_market_open> on 2026-05-01 04:30:00+00:00
[2026-05-01T05:13:46.575+0000] {standard_task_runner.py:60} INFO - Started process 665277 to run task
[2026-05-01T05:13:46.578+0000] {standard_task_runner.py:87} INFO - Running: ['airflow', 'tasks', 'run', 'fetch_market_data', 'check_market_open', 'scheduled__2026-05-01T04:30:00+00:00', '--job-id', '733', '--raw', '--subdir', 'DAGS_FOLDER/fetch_market_data.py', '--cfg-path', '/tmp/tmp0ka1gpg5']
[2026-05-01T05:13:46.580+0000] {standard_task_runner.py:88} INFO - Job 733: Subtask check_market_open
[2026-05-01T05:13:46.655+0000] {task_command.py:423} INFO - Running <TaskInstance: fetch_market_data.check_market_open scheduled__2026-05-01T04:30:00+00:00 [running]> on host reddit-pipeline-vm
[2026-05-01T05:13:46.762+0000] {taskinstance.py:2480} INFO - Exporting env vars: AIRFLOW_CTX_DAG_OWNER='pipeline' AIRFLOW_CTX_DAG_ID='fetch_market_data' AIRFLOW_CTX_TASK_ID='check_market_open' AIRFLOW_CTX_EXECUTION_DATE='2026-05-01T04:30:00+00:00' AIRFLOW_CTX_TRY_NUMBER='1' AIRFLOW_CTX_DAG_RUN_ID='scheduled__2026-05-01T04:30:00+00:00'
[2026-05-01T05:13:46.780+0000] {sensors.py:45} INFO - Market open check at 2026-05-01 01:13 ET: False
[2026-05-01T05:13:46.780+0000] {taskinstance.py:2698} ERROR - Task failed with exception
Traceback (most recent call last):
  File "/home/ubuntu/github_repo/Stock-Market-Intelligence-Pipeline/venv/lib/python3.11/site-packages/airflow/models/taskinstance.py", line 433, in _execute_task
    result = execute_callable(context=context, **execute_callable_kwargs)
             ^^^^^^^^^^^^^^^^^^^^^^^^^^^^^^^^^^^^^^^^^^^^^^^^^^^^^^^^^^^^
  File "/home/ubuntu/github_repo/Stock-Market-Intelligence-Pipeline/venv/lib/python3.11/site-packages/airflow/sensors/base.py", line 282, in execute
    raise AirflowSensorTimeout(message)
airflow.exceptions.AirflowSensorTimeout: Sensor has timed out; run duration of 920.016024 seconds exceeds the specified timeout of 900.0.
[2026-05-01T05:13:46.797+0000] {taskinstance.py:1138} INFO - Immediate failure requested. Marking task as FAILED. dag_id=fetch_market_data, task_id=check_market_open, execution_date=20260501T043000, start_date=20260501T051346, end_date=20260501T051346
[2026-05-01T05:13:46.806+0000] {standard_task_runner.py:107} ERROR - Failed to execute job 733 for task check_market_open (Sensor has timed out; run duration of 920.016024 seconds exceeds the specified timeout of 900.0.; 665277)
[2026-05-01T05:13:46.831+0000] {local_task_job_runner.py:234} INFO - Task exited with return code 1
[2026-05-01T05:13:46.880+0000] {taskinstance.py:3280} INFO - 0 downstream tasks scheduled from follow-on schedule check
