[2026-05-07T23:00:26.141+0000] {taskinstance.py:1956} INFO - Dependencies all met for dep_context=non-requeueable deps ti=<TaskInstance: fetch_market_data.check_market_open scheduled__2026-05-07T22:00:00+00:00 [queued]>
[2026-05-07T23:00:26.148+0000] {taskinstance.py:1956} INFO - Dependencies all met for dep_context=requeueable deps ti=<TaskInstance: fetch_market_data.check_market_open scheduled__2026-05-07T22:00:00+00:00 [queued]>
[2026-05-07T23:00:26.148+0000] {taskinstance.py:2170} INFO - Starting attempt 1 of 3
[2026-05-07T23:00:26.160+0000] {taskinstance.py:2191} INFO - Executing <Task(MarketOpenSensor): check_market_open> on 2026-05-07 22:00:00+00:00
[2026-05-07T23:00:26.166+0000] {standard_task_runner.py:60} INFO - Started process 1161067 to run task
[2026-05-07T23:00:26.170+0000] {standard_task_runner.py:87} INFO - Running: ['airflow', 'tasks', 'run', 'fetch_market_data', 'check_market_open', 'scheduled__2026-05-07T22:00:00+00:00', '--job-id', '1597', '--raw', '--subdir', 'DAGS_FOLDER/fetch_market_data.py', '--cfg-path', '/tmp/tmp7814_xhs']
[2026-05-07T23:00:26.172+0000] {standard_task_runner.py:88} INFO - Job 1597: Subtask check_market_open
[2026-05-07T23:00:26.240+0000] {task_command.py:423} INFO - Running <TaskInstance: fetch_market_data.check_market_open scheduled__2026-05-07T22:00:00+00:00 [running]> on host reddit-pipeline-vm
[2026-05-07T23:00:26.334+0000] {taskinstance.py:2480} INFO - Exporting env vars: AIRFLOW_CTX_DAG_OWNER='pipeline' AIRFLOW_CTX_DAG_ID='fetch_market_data' AIRFLOW_CTX_TASK_ID='check_market_open' AIRFLOW_CTX_EXECUTION_DATE='2026-05-07T22:00:00+00:00' AIRFLOW_CTX_TRY_NUMBER='1' AIRFLOW_CTX_DAG_RUN_ID='scheduled__2026-05-07T22:00:00+00:00'
[2026-05-07T23:00:26.350+0000] {sensors.py:45} INFO - Market open check at 2026-05-07 19:00 ET: False
[2026-05-07T23:00:26.373+0000] {taskinstance.py:2658} INFO - Rescheduling task, marking task as UP_FOR_RESCHEDULE
[2026-05-07T23:00:26.382+0000] {local_task_job_runner.py:234} INFO - Task exited with return code 0
[2026-05-07T23:00:26.416+0000] {taskinstance.py:3280} INFO - 0 downstream tasks scheduled from follow-on schedule check
[2026-05-07T23:15:27.282+0000] {taskinstance.py:1956} INFO - Dependencies all met for dep_context=non-requeueable deps ti=<TaskInstance: fetch_market_data.check_market_open scheduled__2026-05-07T22:00:00+00:00 [queued]>
[2026-05-07T23:15:27.290+0000] {taskinstance.py:1956} INFO - Dependencies all met for dep_context=requeueable deps ti=<TaskInstance: fetch_market_data.check_market_open scheduled__2026-05-07T22:00:00+00:00 [queued]>
[2026-05-07T23:15:27.290+0000] {taskinstance.py:2170} INFO - Starting attempt 1 of 3
[2026-05-07T23:15:27.301+0000] {taskinstance.py:2191} INFO - Executing <Task(MarketOpenSensor): check_market_open> on 2026-05-07 22:00:00+00:00
[2026-05-07T23:15:27.308+0000] {standard_task_runner.py:60} INFO - Started process 1162058 to run task
[2026-05-07T23:15:27.311+0000] {standard_task_runner.py:87} INFO - Running: ['airflow', 'tasks', 'run', 'fetch_market_data', 'check_market_open', 'scheduled__2026-05-07T22:00:00+00:00', '--job-id', '1598', '--raw', '--subdir', 'DAGS_FOLDER/fetch_market_data.py', '--cfg-path', '/tmp/tmp9h_rgy9p']
[2026-05-07T23:15:27.313+0000] {standard_task_runner.py:88} INFO - Job 1598: Subtask check_market_open
[2026-05-07T23:15:27.378+0000] {task_command.py:423} INFO - Running <TaskInstance: fetch_market_data.check_market_open scheduled__2026-05-07T22:00:00+00:00 [running]> on host reddit-pipeline-vm
[2026-05-07T23:15:27.471+0000] {taskinstance.py:2480} INFO - Exporting env vars: AIRFLOW_CTX_DAG_OWNER='pipeline' AIRFLOW_CTX_DAG_ID='fetch_market_data' AIRFLOW_CTX_TASK_ID='check_market_open' AIRFLOW_CTX_EXECUTION_DATE='2026-05-07T22:00:00+00:00' AIRFLOW_CTX_TRY_NUMBER='1' AIRFLOW_CTX_DAG_RUN_ID='scheduled__2026-05-07T22:00:00+00:00'
[2026-05-07T23:15:27.487+0000] {sensors.py:45} INFO - Market open check at 2026-05-07 19:15 ET: False
[2026-05-07T23:15:27.510+0000] {taskinstance.py:2658} INFO - Rescheduling task, marking task as UP_FOR_RESCHEDULE
[2026-05-07T23:15:27.523+0000] {local_task_job_runner.py:234} INFO - Task exited with return code 0
[2026-05-07T23:15:27.556+0000] {taskinstance.py:3280} INFO - 0 downstream tasks scheduled from follow-on schedule check
[2026-05-07T23:30:29.676+0000] {taskinstance.py:1956} INFO - Dependencies all met for dep_context=non-requeueable deps ti=<TaskInstance: fetch_market_data.check_market_open scheduled__2026-05-07T22:00:00+00:00 [queued]>
[2026-05-07T23:30:29.683+0000] {taskinstance.py:1956} INFO - Dependencies all met for dep_context=requeueable deps ti=<TaskInstance: fetch_market_data.check_market_open scheduled__2026-05-07T22:00:00+00:00 [queued]>
[2026-05-07T23:30:29.683+0000] {taskinstance.py:2170} INFO - Starting attempt 1 of 3
[2026-05-07T23:30:29.695+0000] {taskinstance.py:2191} INFO - Executing <Task(MarketOpenSensor): check_market_open> on 2026-05-07 22:00:00+00:00
[2026-05-07T23:30:29.701+0000] {standard_task_runner.py:60} INFO - Started process 1163054 to run task
[2026-05-07T23:30:29.704+0000] {standard_task_runner.py:87} INFO - Running: ['airflow', 'tasks', 'run', 'fetch_market_data', 'check_market_open', 'scheduled__2026-05-07T22:00:00+00:00', '--job-id', '1599', '--raw', '--subdir', 'DAGS_FOLDER/fetch_market_data.py', '--cfg-path', '/tmp/tmpift0sowd']
[2026-05-07T23:30:29.706+0000] {standard_task_runner.py:88} INFO - Job 1599: Subtask check_market_open
[2026-05-07T23:30:29.770+0000] {task_command.py:423} INFO - Running <TaskInstance: fetch_market_data.check_market_open scheduled__2026-05-07T22:00:00+00:00 [running]> on host reddit-pipeline-vm
[2026-05-07T23:30:29.862+0000] {taskinstance.py:2480} INFO - Exporting env vars: AIRFLOW_CTX_DAG_OWNER='pipeline' AIRFLOW_CTX_DAG_ID='fetch_market_data' AIRFLOW_CTX_TASK_ID='check_market_open' AIRFLOW_CTX_EXECUTION_DATE='2026-05-07T22:00:00+00:00' AIRFLOW_CTX_TRY_NUMBER='1' AIRFLOW_CTX_DAG_RUN_ID='scheduled__2026-05-07T22:00:00+00:00'
[2026-05-07T23:30:29.879+0000] {sensors.py:45} INFO - Market open check at 2026-05-07 19:30 ET: False
[2026-05-07T23:30:29.901+0000] {taskinstance.py:2658} INFO - Rescheduling task, marking task as UP_FOR_RESCHEDULE
[2026-05-07T23:30:29.917+0000] {local_task_job_runner.py:234} INFO - Task exited with return code 0
[2026-05-07T23:30:29.950+0000] {taskinstance.py:3280} INFO - 0 downstream tasks scheduled from follow-on schedule check
[2026-05-07T23:45:31.383+0000] {taskinstance.py:1956} INFO - Dependencies all met for dep_context=non-requeueable deps ti=<TaskInstance: fetch_market_data.check_market_open scheduled__2026-05-07T22:00:00+00:00 [queued]>
[2026-05-07T23:45:31.390+0000] {taskinstance.py:1956} INFO - Dependencies all met for dep_context=requeueable deps ti=<TaskInstance: fetch_market_data.check_market_open scheduled__2026-05-07T22:00:00+00:00 [queued]>
[2026-05-07T23:45:31.391+0000] {taskinstance.py:2170} INFO - Starting attempt 1 of 3
[2026-05-07T23:45:31.403+0000] {taskinstance.py:2191} INFO - Executing <Task(MarketOpenSensor): check_market_open> on 2026-05-07 22:00:00+00:00
[2026-05-07T23:45:31.412+0000] {standard_task_runner.py:60} INFO - Started process 1164038 to run task
[2026-05-07T23:45:31.420+0000] {standard_task_runner.py:87} INFO - Running: ['airflow', 'tasks', 'run', 'fetch_market_data', 'check_market_open', 'scheduled__2026-05-07T22:00:00+00:00', '--job-id', '1600', '--raw', '--subdir', 'DAGS_FOLDER/fetch_market_data.py', '--cfg-path', '/tmp/tmp5b74enf8']
[2026-05-07T23:45:31.422+0000] {standard_task_runner.py:88} INFO - Job 1600: Subtask check_market_open
[2026-05-07T23:45:31.506+0000] {task_command.py:423} INFO - Running <TaskInstance: fetch_market_data.check_market_open scheduled__2026-05-07T22:00:00+00:00 [running]> on host reddit-pipeline-vm
[2026-05-07T23:45:31.618+0000] {taskinstance.py:2480} INFO - Exporting env vars: AIRFLOW_CTX_DAG_OWNER='pipeline' AIRFLOW_CTX_DAG_ID='fetch_market_data' AIRFLOW_CTX_TASK_ID='check_market_open' AIRFLOW_CTX_EXECUTION_DATE='2026-05-07T22:00:00+00:00' AIRFLOW_CTX_TRY_NUMBER='1' AIRFLOW_CTX_DAG_RUN_ID='scheduled__2026-05-07T22:00:00+00:00'
[2026-05-07T23:45:31.635+0000] {sensors.py:45} INFO - Market open check at 2026-05-07 19:45 ET: False
[2026-05-07T23:45:31.661+0000] {taskinstance.py:2658} INFO - Rescheduling task, marking task as UP_FOR_RESCHEDULE
[2026-05-07T23:45:31.676+0000] {local_task_job_runner.py:234} INFO - Task exited with return code 0
[2026-05-07T23:45:31.713+0000] {taskinstance.py:3280} INFO - 0 downstream tasks scheduled from follow-on schedule check
[2026-05-08T00:00:32.851+0000] {taskinstance.py:1956} INFO - Dependencies all met for dep_context=non-requeueable deps ti=<TaskInstance: fetch_market_data.check_market_open scheduled__2026-05-07T22:00:00+00:00 [queued]>
[2026-05-08T00:00:32.859+0000] {taskinstance.py:1956} INFO - Dependencies all met for dep_context=requeueable deps ti=<TaskInstance: fetch_market_data.check_market_open scheduled__2026-05-07T22:00:00+00:00 [queued]>
[2026-05-08T00:00:32.860+0000] {taskinstance.py:2170} INFO - Starting attempt 1 of 3
[2026-05-08T00:00:32.873+0000] {taskinstance.py:2191} INFO - Executing <Task(MarketOpenSensor): check_market_open> on 2026-05-07 22:00:00+00:00
[2026-05-08T00:00:32.880+0000] {standard_task_runner.py:60} INFO - Started process 1165027 to run task
[2026-05-08T00:00:32.884+0000] {standard_task_runner.py:87} INFO - Running: ['airflow', 'tasks', 'run', 'fetch_market_data', 'check_market_open', 'scheduled__2026-05-07T22:00:00+00:00', '--job-id', '1601', '--raw', '--subdir', 'DAGS_FOLDER/fetch_market_data.py', '--cfg-path', '/tmp/tmppwu20lqa']
[2026-05-08T00:00:32.886+0000] {standard_task_runner.py:88} INFO - Job 1601: Subtask check_market_open
[2026-05-08T00:00:32.952+0000] {task_command.py:423} INFO - Running <TaskInstance: fetch_market_data.check_market_open scheduled__2026-05-07T22:00:00+00:00 [running]> on host reddit-pipeline-vm
[2026-05-08T00:00:33.050+0000] {taskinstance.py:2480} INFO - Exporting env vars: AIRFLOW_CTX_DAG_OWNER='pipeline' AIRFLOW_CTX_DAG_ID='fetch_market_data' AIRFLOW_CTX_TASK_ID='check_market_open' AIRFLOW_CTX_EXECUTION_DATE='2026-05-07T22:00:00+00:00' AIRFLOW_CTX_TRY_NUMBER='1' AIRFLOW_CTX_DAG_RUN_ID='scheduled__2026-05-07T22:00:00+00:00'
[2026-05-08T00:00:33.067+0000] {sensors.py:45} INFO - Market open check at 2026-05-07 20:00 ET: False
[2026-05-08T00:00:33.067+0000] {taskinstance.py:2360} INFO - Sensor has timed out; run duration of 3606.799235 seconds exceeds the specified timeout of 3600.0.
[2026-05-08T00:00:33.083+0000] {taskinstance.py:1138} INFO - Marking task as SKIPPED. dag_id=fetch_market_data, task_id=check_market_open, execution_date=20260507T220000, start_date=20260508T000032, end_date=20260508T000033
[2026-05-08T00:00:33.136+0000] {local_task_job_runner.py:234} INFO - Task exited with return code 0
[2026-05-08T00:00:33.184+0000] {taskinstance.py:3280} INFO - 0 downstream tasks scheduled from follow-on schedule check
