[2026-05-04T17:00:17.738+0000] {taskinstance.py:1956} INFO - Dependencies all met for dep_context=non-requeueable deps ti=<TaskInstance: run_dbt_models.dbt_run manual__2026-05-04T17:00:17.216416+00:00 [queued]>
[2026-05-04T17:00:17.744+0000] {taskinstance.py:1956} INFO - Dependencies all met for dep_context=requeueable deps ti=<TaskInstance: run_dbt_models.dbt_run manual__2026-05-04T17:00:17.216416+00:00 [queued]>
[2026-05-04T17:00:17.744+0000] {taskinstance.py:2170} INFO - Starting attempt 1 of 2
[2026-05-04T17:00:17.756+0000] {taskinstance.py:2191} INFO - Executing <Task(BashOperator): dbt_run> on 2026-05-04 17:00:17.216416+00:00
[2026-05-04T17:00:17.761+0000] {standard_task_runner.py:60} INFO - Started process 928428 to run task
[2026-05-04T17:00:17.764+0000] {standard_task_runner.py:87} INFO - Running: ['airflow', 'tasks', 'run', 'run_dbt_models', 'dbt_run', 'manual__2026-05-04T17:00:17.216416+00:00', '--job-id', '1169', '--raw', '--subdir', 'DAGS_FOLDER/run_dbt_models.py', '--cfg-path', '/tmp/tmpq5mpy35p']
[2026-05-04T17:00:17.766+0000] {standard_task_runner.py:88} INFO - Job 1169: Subtask dbt_run
[2026-05-04T17:00:17.838+0000] {task_command.py:423} INFO - Running <TaskInstance: run_dbt_models.dbt_run manual__2026-05-04T17:00:17.216416+00:00 [running]> on host reddit-pipeline-vm
[2026-05-04T17:00:17.947+0000] {taskinstance.py:2480} INFO - Exporting env vars: AIRFLOW_CTX_DAG_OWNER='pipeline' AIRFLOW_CTX_DAG_ID='run_dbt_models' AIRFLOW_CTX_TASK_ID='dbt_run' AIRFLOW_CTX_EXECUTION_DATE='2026-05-04T17:00:17.216416+00:00' AIRFLOW_CTX_TRY_NUMBER='1' AIRFLOW_CTX_DAG_RUN_ID='manual__2026-05-04T17:00:17.216416+00:00'
[2026-05-04T17:00:17.948+0000] {subprocess.py:63} INFO - Tmp dir root location: /tmp
[2026-05-04T17:00:17.948+0000] {subprocess.py:75} INFO - Running command: ['/usr/bin/bash', '-c', 'cd /home/ubuntu/github_repo/Stock-Market-Intelligence-Pipeline/dbt_project && /home/ubuntu/github_repo/Stock-Market-Intelligence-Pipeline/venv/bin/dbt run --profiles-dir /home/ubuntu/github_repo/Stock-Market-Intelligence-Pipeline/dbt_project']
[2026-05-04T17:00:17.958+0000] {subprocess.py:86} INFO - Output:
[2026-05-04T17:00:19.723+0000] {subprocess.py:93} INFO - [0m17:00:19  Running with dbt=1.7.0
[2026-05-04T17:00:19.966+0000] {subprocess.py:93} INFO - [0m17:00:19  Registered adapter: postgres=1.7.0
[2026-05-04T17:00:20.012+0000] {subprocess.py:93} INFO - [0m17:00:20  Found 5 models, 8 tests, 0 sources, 0 exposures, 0 metrics, 401 macros, 0 groups, 0 semantic models
[2026-05-04T17:00:20.014+0000] {subprocess.py:93} INFO - [0m17:00:20
[2026-05-04T17:00:20.147+0000] {subprocess.py:93} INFO - [0m17:00:20  Concurrency: 2 threads (target='dev')
[2026-05-04T17:00:20.147+0000] {subprocess.py:93} INFO - [0m17:00:20
[2026-05-04T17:00:20.149+0000] {subprocess.py:93} INFO - [0m17:00:20  1 of 5 START sql view model public_staging.stg_prices .......................... [RUN]
[2026-05-04T17:00:20.259+0000] {subprocess.py:93} INFO - [0m17:00:20  1 of 5 OK created sql view model public_staging.stg_prices ..................... [[32mCREATE VIEW[0m in 0.11s]
[2026-05-04T17:00:20.260+0000] {subprocess.py:93} INFO - [0m17:00:20  2 of 5 START sql view model public_staging.int_price_with_returns .............. [RUN]
[2026-05-04T17:00:20.309+0000] {subprocess.py:93} INFO - [0m17:00:20  2 of 5 OK created sql view model public_staging.int_price_with_returns ......... [[32mCREATE VIEW[0m in 0.05s]
[2026-05-04T17:00:20.311+0000] {subprocess.py:93} INFO - [0m17:00:20  3 of 5 START sql table model public.fact_prices ................................ [RUN]
[2026-05-04T17:00:20.400+0000] {subprocess.py:93} INFO - [0m17:00:20  3 of 5 OK created sql table model public.fact_prices ........................... [[32mSELECT 3633[0m in 0.09s]
[2026-05-04T17:00:20.401+0000] {subprocess.py:93} INFO - [0m17:00:20  4 of 5 START sql table model public.fact_indicators ............................ [RUN]
[2026-05-04T17:00:20.586+0000] {subprocess.py:93} INFO - [0m17:00:20  4 of 5 OK created sql table model public.fact_indicators ....................... [[32mSELECT 3633[0m in 0.18s]
[2026-05-04T17:00:20.588+0000] {subprocess.py:93} INFO - [0m17:00:20  5 of 5 START sql table model public.fact_alerts ................................ [RUN]
[2026-05-04T17:00:20.666+0000] {subprocess.py:93} INFO - [0m17:00:20  5 of 5 OK created sql table model public.fact_alerts ........................... [[32mSELECT 2096[0m in 0.08s]
[2026-05-04T17:00:20.687+0000] {subprocess.py:93} INFO - [0m17:00:20
[2026-05-04T17:00:20.688+0000] {subprocess.py:93} INFO - [0m17:00:20  Finished running 2 view models, 3 table models in 0 hours 0 minutes and 0.67 seconds (0.67s).
[2026-05-04T17:00:20.697+0000] {subprocess.py:93} INFO - [0m17:00:20
[2026-05-04T17:00:20.697+0000] {subprocess.py:93} INFO - [0m17:00:20  [32mCompleted successfully[0m
[2026-05-04T17:00:20.699+0000] {subprocess.py:93} INFO - [0m17:00:20
[2026-05-04T17:00:20.700+0000] {subprocess.py:93} INFO - [0m17:00:20  Done. PASS=5 WARN=0 ERROR=0 SKIP=0 TOTAL=5
[2026-05-04T17:00:22.687+0000] {subprocess.py:97} INFO - Command exited with return code 0
[2026-05-04T17:00:22.732+0000] {taskinstance.py:1138} INFO - Marking task as SUCCESS. dag_id=run_dbt_models, task_id=dbt_run, execution_date=20260504T170017, start_date=20260504T170017, end_date=20260504T170022
[2026-05-04T17:00:22.752+0000] {local_task_job_runner.py:234} INFO - Task exited with return code 0
[2026-05-04T17:00:22.782+0000] {taskinstance.py:3280} INFO - 1 downstream tasks scheduled from follow-on schedule check
