[2026-05-04T01:00:09.673+0000] {taskinstance.py:1956} INFO - Dependencies all met for dep_context=non-requeueable deps ti=<TaskInstance: fetch_market_data.check_market_open scheduled__2026-05-04T00:00:00+00:00 [queued]>
[2026-05-04T01:00:09.679+0000] {taskinstance.py:1956} INFO - Dependencies all met for dep_context=requeueable deps ti=<TaskInstance: fetch_market_data.check_market_open scheduled__2026-05-04T00:00:00+00:00 [queued]>
[2026-05-04T01:00:09.679+0000] {taskinstance.py:2170} INFO - Starting attempt 1 of 3
[2026-05-04T01:00:09.689+0000] {taskinstance.py:2191} INFO - Executing <Task(MarketOpenSensor): check_market_open> on 2026-05-04 00:00:00+00:00
[2026-05-04T01:00:09.696+0000] {standard_task_runner.py:60} INFO - Started process 879110 to run task
[2026-05-04T01:00:09.699+0000] {standard_task_runner.py:87} INFO - Running: ['airflow', 'tasks', 'run', 'fetch_market_data', 'check_market_open', 'scheduled__2026-05-04T00:00:00+00:00', '--job-id', '1054', '--raw', '--subdir', 'DAGS_FOLDER/fetch_market_data.py', '--cfg-path', '/tmp/tmpgtla8904']
[2026-05-04T01:00:09.701+0000] {standard_task_runner.py:88} INFO - Job 1054: Subtask check_market_open
[2026-05-04T01:00:09.774+0000] {task_command.py:423} INFO - Running <TaskInstance: fetch_market_data.check_market_open scheduled__2026-05-04T00:00:00+00:00 [running]> on host reddit-pipeline-vm
[2026-05-04T01:00:09.880+0000] {taskinstance.py:2480} INFO - Exporting env vars: AIRFLOW_CTX_DAG_OWNER='pipeline' AIRFLOW_CTX_DAG_ID='fetch_market_data' AIRFLOW_CTX_TASK_ID='check_market_open' AIRFLOW_CTX_EXECUTION_DATE='2026-05-04T00:00:00+00:00' AIRFLOW_CTX_TRY_NUMBER='1' AIRFLOW_CTX_DAG_RUN_ID='scheduled__2026-05-04T00:00:00+00:00'
[2026-05-04T01:00:09.898+0000] {sensors.py:45} INFO - Market open check at 2026-05-03 21:00 ET: False
[2026-05-04T01:00:09.924+0000] {taskinstance.py:2658} INFO - Rescheduling task, marking task as UP_FOR_RESCHEDULE
[2026-05-04T01:00:09.953+0000] {local_task_job_runner.py:234} INFO - Task exited with return code 0
[2026-05-04T01:00:09.993+0000] {taskinstance.py:3280} INFO - 0 downstream tasks scheduled from follow-on schedule check
[2026-05-04T01:15:10.905+0000] {taskinstance.py:1956} INFO - Dependencies all met for dep_context=non-requeueable deps ti=<TaskInstance: fetch_market_data.check_market_open scheduled__2026-05-04T00:00:00+00:00 [queued]>
[2026-05-04T01:15:10.913+0000] {taskinstance.py:1956} INFO - Dependencies all met for dep_context=requeueable deps ti=<TaskInstance: fetch_market_data.check_market_open scheduled__2026-05-04T00:00:00+00:00 [queued]>
[2026-05-04T01:15:10.913+0000] {taskinstance.py:2170} INFO - Starting attempt 1 of 3
[2026-05-04T01:15:10.923+0000] {taskinstance.py:2191} INFO - Executing <Task(MarketOpenSensor): check_market_open> on 2026-05-04 00:00:00+00:00
[2026-05-04T01:15:10.932+0000] {standard_task_runner.py:60} INFO - Started process 879826 to run task
[2026-05-04T01:15:10.938+0000] {standard_task_runner.py:87} INFO - Running: ['airflow', 'tasks', 'run', 'fetch_market_data', 'check_market_open', 'scheduled__2026-05-04T00:00:00+00:00', '--job-id', '1055', '--raw', '--subdir', 'DAGS_FOLDER/fetch_market_data.py', '--cfg-path', '/tmp/tmpbuqlteul']
[2026-05-04T01:15:10.940+0000] {standard_task_runner.py:88} INFO - Job 1055: Subtask check_market_open
[2026-05-04T01:15:11.022+0000] {task_command.py:423} INFO - Running <TaskInstance: fetch_market_data.check_market_open scheduled__2026-05-04T00:00:00+00:00 [running]> on host reddit-pipeline-vm
[2026-05-04T01:15:11.137+0000] {taskinstance.py:2480} INFO - Exporting env vars: AIRFLOW_CTX_DAG_OWNER='pipeline' AIRFLOW_CTX_DAG_ID='fetch_market_data' AIRFLOW_CTX_TASK_ID='check_market_open' AIRFLOW_CTX_EXECUTION_DATE='2026-05-04T00:00:00+00:00' AIRFLOW_CTX_TRY_NUMBER='1' AIRFLOW_CTX_DAG_RUN_ID='scheduled__2026-05-04T00:00:00+00:00'
[2026-05-04T01:15:11.154+0000] {sensors.py:45} INFO - Market open check at 2026-05-03 21:15 ET: False
[2026-05-04T01:15:11.179+0000] {taskinstance.py:2658} INFO - Rescheduling task, marking task as UP_FOR_RESCHEDULE
[2026-05-04T01:15:11.194+0000] {local_task_job_runner.py:234} INFO - Task exited with return code 0
[2026-05-04T01:15:11.233+0000] {taskinstance.py:3280} INFO - 0 downstream tasks scheduled from follow-on schedule check
[2026-05-04T01:30:11.757+0000] {taskinstance.py:1956} INFO - Dependencies all met for dep_context=non-requeueable deps ti=<TaskInstance: fetch_market_data.check_market_open scheduled__2026-05-04T00:00:00+00:00 [queued]>
[2026-05-04T01:30:11.764+0000] {taskinstance.py:1956} INFO - Dependencies all met for dep_context=requeueable deps ti=<TaskInstance: fetch_market_data.check_market_open scheduled__2026-05-04T00:00:00+00:00 [queued]>
[2026-05-04T01:30:11.764+0000] {taskinstance.py:2170} INFO - Starting attempt 1 of 3
[2026-05-04T01:30:11.773+0000] {taskinstance.py:2191} INFO - Executing <Task(MarketOpenSensor): check_market_open> on 2026-05-04 00:00:00+00:00
[2026-05-04T01:30:11.780+0000] {standard_task_runner.py:60} INFO - Started process 880548 to run task
[2026-05-04T01:30:11.783+0000] {standard_task_runner.py:87} INFO - Running: ['airflow', 'tasks', 'run', 'fetch_market_data', 'check_market_open', 'scheduled__2026-05-04T00:00:00+00:00', '--job-id', '1056', '--raw', '--subdir', 'DAGS_FOLDER/fetch_market_data.py', '--cfg-path', '/tmp/tmphnqytizr']
[2026-05-04T01:30:11.785+0000] {standard_task_runner.py:88} INFO - Job 1056: Subtask check_market_open
[2026-05-04T01:30:11.855+0000] {task_command.py:423} INFO - Running <TaskInstance: fetch_market_data.check_market_open scheduled__2026-05-04T00:00:00+00:00 [running]> on host reddit-pipeline-vm
[2026-05-04T01:30:11.956+0000] {taskinstance.py:2480} INFO - Exporting env vars: AIRFLOW_CTX_DAG_OWNER='pipeline' AIRFLOW_CTX_DAG_ID='fetch_market_data' AIRFLOW_CTX_TASK_ID='check_market_open' AIRFLOW_CTX_EXECUTION_DATE='2026-05-04T00:00:00+00:00' AIRFLOW_CTX_TRY_NUMBER='1' AIRFLOW_CTX_DAG_RUN_ID='scheduled__2026-05-04T00:00:00+00:00'
[2026-05-04T01:30:11.972+0000] {sensors.py:45} INFO - Market open check at 2026-05-03 21:30 ET: False
[2026-05-04T01:30:11.996+0000] {taskinstance.py:2658} INFO - Rescheduling task, marking task as UP_FOR_RESCHEDULE
[2026-05-04T01:30:12.036+0000] {local_task_job_runner.py:234} INFO - Task exited with return code 0
[2026-05-04T01:30:12.073+0000] {taskinstance.py:3280} INFO - 0 downstream tasks scheduled from follow-on schedule check
[2026-05-04T01:45:13.546+0000] {taskinstance.py:1956} INFO - Dependencies all met for dep_context=non-requeueable deps ti=<TaskInstance: fetch_market_data.check_market_open scheduled__2026-05-04T00:00:00+00:00 [queued]>
[2026-05-04T01:45:13.553+0000] {taskinstance.py:1956} INFO - Dependencies all met for dep_context=requeueable deps ti=<TaskInstance: fetch_market_data.check_market_open scheduled__2026-05-04T00:00:00+00:00 [queued]>
[2026-05-04T01:45:13.553+0000] {taskinstance.py:2170} INFO - Starting attempt 1 of 3
[2026-05-04T01:45:13.562+0000] {taskinstance.py:2191} INFO - Executing <Task(MarketOpenSensor): check_market_open> on 2026-05-04 00:00:00+00:00
[2026-05-04T01:45:13.572+0000] {standard_task_runner.py:60} INFO - Started process 881264 to run task
[2026-05-04T01:45:13.578+0000] {standard_task_runner.py:87} INFO - Running: ['airflow', 'tasks', 'run', 'fetch_market_data', 'check_market_open', 'scheduled__2026-05-04T00:00:00+00:00', '--job-id', '1057', '--raw', '--subdir', 'DAGS_FOLDER/fetch_market_data.py', '--cfg-path', '/tmp/tmp8u3hn3ew']
[2026-05-04T01:45:13.582+0000] {standard_task_runner.py:88} INFO - Job 1057: Subtask check_market_open
[2026-05-04T01:45:13.653+0000] {task_command.py:423} INFO - Running <TaskInstance: fetch_market_data.check_market_open scheduled__2026-05-04T00:00:00+00:00 [running]> on host reddit-pipeline-vm
[2026-05-04T01:45:13.764+0000] {taskinstance.py:2480} INFO - Exporting env vars: AIRFLOW_CTX_DAG_OWNER='pipeline' AIRFLOW_CTX_DAG_ID='fetch_market_data' AIRFLOW_CTX_TASK_ID='check_market_open' AIRFLOW_CTX_EXECUTION_DATE='2026-05-04T00:00:00+00:00' AIRFLOW_CTX_TRY_NUMBER='1' AIRFLOW_CTX_DAG_RUN_ID='scheduled__2026-05-04T00:00:00+00:00'
[2026-05-04T01:45:13.782+0000] {sensors.py:45} INFO - Market open check at 2026-05-03 21:45 ET: False
[2026-05-04T01:45:13.810+0000] {taskinstance.py:2658} INFO - Rescheduling task, marking task as UP_FOR_RESCHEDULE
[2026-05-04T01:45:13.829+0000] {local_task_job_runner.py:234} INFO - Task exited with return code 0
[2026-05-04T01:45:13.871+0000] {taskinstance.py:3280} INFO - 0 downstream tasks scheduled from follow-on schedule check
[2026-05-04T02:00:14.939+0000] {taskinstance.py:1956} INFO - Dependencies all met for dep_context=non-requeueable deps ti=<TaskInstance: fetch_market_data.check_market_open scheduled__2026-05-04T00:00:00+00:00 [queued]>
[2026-05-04T02:00:14.946+0000] {taskinstance.py:1956} INFO - Dependencies all met for dep_context=requeueable deps ti=<TaskInstance: fetch_market_data.check_market_open scheduled__2026-05-04T00:00:00+00:00 [queued]>
[2026-05-04T02:00:14.946+0000] {taskinstance.py:2170} INFO - Starting attempt 1 of 3
[2026-05-04T02:00:14.956+0000] {taskinstance.py:2191} INFO - Executing <Task(MarketOpenSensor): check_market_open> on 2026-05-04 00:00:00+00:00
[2026-05-04T02:00:14.964+0000] {standard_task_runner.py:60} INFO - Started process 881991 to run task
[2026-05-04T02:00:14.967+0000] {standard_task_runner.py:87} INFO - Running: ['airflow', 'tasks', 'run', 'fetch_market_data', 'check_market_open', 'scheduled__2026-05-04T00:00:00+00:00', '--job-id', '1058', '--raw', '--subdir', 'DAGS_FOLDER/fetch_market_data.py', '--cfg-path', '/tmp/tmpla2zt3_3']
[2026-05-04T02:00:14.969+0000] {standard_task_runner.py:88} INFO - Job 1058: Subtask check_market_open
[2026-05-04T02:00:15.044+0000] {task_command.py:423} INFO - Running <TaskInstance: fetch_market_data.check_market_open scheduled__2026-05-04T00:00:00+00:00 [running]> on host reddit-pipeline-vm
[2026-05-04T02:00:15.150+0000] {taskinstance.py:2480} INFO - Exporting env vars: AIRFLOW_CTX_DAG_OWNER='pipeline' AIRFLOW_CTX_DAG_ID='fetch_market_data' AIRFLOW_CTX_TASK_ID='check_market_open' AIRFLOW_CTX_EXECUTION_DATE='2026-05-04T00:00:00+00:00' AIRFLOW_CTX_TRY_NUMBER='1' AIRFLOW_CTX_DAG_RUN_ID='scheduled__2026-05-04T00:00:00+00:00'
[2026-05-04T02:00:15.168+0000] {sensors.py:45} INFO - Market open check at 2026-05-03 22:00 ET: False
[2026-05-04T02:00:15.168+0000] {taskinstance.py:2360} INFO - Sensor has timed out; run duration of 3605.361945 seconds exceeds the specified timeout of 3600.0.
[2026-05-04T02:00:15.184+0000] {taskinstance.py:1138} INFO - Marking task as SKIPPED. dag_id=fetch_market_data, task_id=check_market_open, execution_date=20260504T000000, start_date=20260504T020014, end_date=20260504T020015
[2026-05-04T02:00:15.219+0000] {local_task_job_runner.py:234} INFO - Task exited with return code 0
[2026-05-04T02:00:15.269+0000] {taskinstance.py:3280} INFO - 0 downstream tasks scheduled from follow-on schedule check
