[2026-05-11T10:01:28.700+0000] {taskinstance.py:1956} INFO - Dependencies all met for dep_context=non-requeueable deps ti=<TaskInstance: fetch_market_data.check_market_open scheduled__2026-05-11T09:00:00+00:00 [queued]>
[2026-05-11T10:01:28.708+0000] {taskinstance.py:1956} INFO - Dependencies all met for dep_context=requeueable deps ti=<TaskInstance: fetch_market_data.check_market_open scheduled__2026-05-11T09:00:00+00:00 [queued]>
[2026-05-11T10:01:28.708+0000] {taskinstance.py:2170} INFO - Starting attempt 1 of 3
[2026-05-11T10:01:28.720+0000] {taskinstance.py:2191} INFO - Executing <Task(MarketOpenSensor): check_market_open> on 2026-05-11 09:00:00+00:00
[2026-05-11T10:01:28.726+0000] {standard_task_runner.py:60} INFO - Started process 1493010 to run task
[2026-05-11T10:01:28.730+0000] {standard_task_runner.py:87} INFO - Running: ['airflow', 'tasks', 'run', 'fetch_market_data', 'check_market_open', 'scheduled__2026-05-11T09:00:00+00:00', '--job-id', '1816', '--raw', '--subdir', 'DAGS_FOLDER/fetch_market_data.py', '--cfg-path', '/tmp/tmpdbfhjnfy']
[2026-05-11T10:01:28.732+0000] {standard_task_runner.py:88} INFO - Job 1816: Subtask check_market_open
[2026-05-11T10:01:28.807+0000] {task_command.py:423} INFO - Running <TaskInstance: fetch_market_data.check_market_open scheduled__2026-05-11T09:00:00+00:00 [running]> on host reddit-pipeline-vm
[2026-05-11T10:01:28.916+0000] {taskinstance.py:2480} INFO - Exporting env vars: AIRFLOW_CTX_DAG_OWNER='pipeline' AIRFLOW_CTX_DAG_ID='fetch_market_data' AIRFLOW_CTX_TASK_ID='check_market_open' AIRFLOW_CTX_EXECUTION_DATE='2026-05-11T09:00:00+00:00' AIRFLOW_CTX_TRY_NUMBER='1' AIRFLOW_CTX_DAG_RUN_ID='scheduled__2026-05-11T09:00:00+00:00'
[2026-05-11T10:01:28.932+0000] {sensors.py:45} INFO - Market open check at 2026-05-11 06:01 ET: False
[2026-05-11T10:01:28.960+0000] {taskinstance.py:2658} INFO - Rescheduling task, marking task as UP_FOR_RESCHEDULE
[2026-05-11T10:01:28.982+0000] {local_task_job_runner.py:234} INFO - Task exited with return code 0
[2026-05-11T10:01:29.020+0000] {taskinstance.py:3280} INFO - 0 downstream tasks scheduled from follow-on schedule check
[2026-05-11T10:16:30.606+0000] {taskinstance.py:1956} INFO - Dependencies all met for dep_context=non-requeueable deps ti=<TaskInstance: fetch_market_data.check_market_open scheduled__2026-05-11T09:00:00+00:00 [queued]>
[2026-05-11T10:16:30.616+0000] {taskinstance.py:1956} INFO - Dependencies all met for dep_context=requeueable deps ti=<TaskInstance: fetch_market_data.check_market_open scheduled__2026-05-11T09:00:00+00:00 [queued]>
[2026-05-11T10:16:30.616+0000] {taskinstance.py:2170} INFO - Starting attempt 1 of 3
[2026-05-11T10:16:30.630+0000] {taskinstance.py:2191} INFO - Executing <Task(MarketOpenSensor): check_market_open> on 2026-05-11 09:00:00+00:00
[2026-05-11T10:16:30.637+0000] {standard_task_runner.py:60} INFO - Started process 1493983 to run task
[2026-05-11T10:16:30.644+0000] {standard_task_runner.py:87} INFO - Running: ['airflow', 'tasks', 'run', 'fetch_market_data', 'check_market_open', 'scheduled__2026-05-11T09:00:00+00:00', '--job-id', '1817', '--raw', '--subdir', 'DAGS_FOLDER/fetch_market_data.py', '--cfg-path', '/tmp/tmpwmut6hmq']
[2026-05-11T10:16:30.646+0000] {standard_task_runner.py:88} INFO - Job 1817: Subtask check_market_open
[2026-05-11T10:16:30.719+0000] {task_command.py:423} INFO - Running <TaskInstance: fetch_market_data.check_market_open scheduled__2026-05-11T09:00:00+00:00 [running]> on host reddit-pipeline-vm
[2026-05-11T10:16:30.830+0000] {taskinstance.py:2480} INFO - Exporting env vars: AIRFLOW_CTX_DAG_OWNER='pipeline' AIRFLOW_CTX_DAG_ID='fetch_market_data' AIRFLOW_CTX_TASK_ID='check_market_open' AIRFLOW_CTX_EXECUTION_DATE='2026-05-11T09:00:00+00:00' AIRFLOW_CTX_TRY_NUMBER='1' AIRFLOW_CTX_DAG_RUN_ID='scheduled__2026-05-11T09:00:00+00:00'
[2026-05-11T10:16:30.847+0000] {sensors.py:45} INFO - Market open check at 2026-05-11 06:16 ET: False
[2026-05-11T10:16:30.875+0000] {taskinstance.py:2658} INFO - Rescheduling task, marking task as UP_FOR_RESCHEDULE
[2026-05-11T10:16:30.897+0000] {local_task_job_runner.py:234} INFO - Task exited with return code 0
[2026-05-11T10:16:30.934+0000] {taskinstance.py:3280} INFO - 0 downstream tasks scheduled from follow-on schedule check
[2026-05-11T10:31:32.450+0000] {taskinstance.py:1956} INFO - Dependencies all met for dep_context=non-requeueable deps ti=<TaskInstance: fetch_market_data.check_market_open scheduled__2026-05-11T09:00:00+00:00 [queued]>
[2026-05-11T10:31:32.459+0000] {taskinstance.py:1956} INFO - Dependencies all met for dep_context=requeueable deps ti=<TaskInstance: fetch_market_data.check_market_open scheduled__2026-05-11T09:00:00+00:00 [queued]>
[2026-05-11T10:31:32.460+0000] {taskinstance.py:2170} INFO - Starting attempt 1 of 3
[2026-05-11T10:31:32.475+0000] {taskinstance.py:2191} INFO - Executing <Task(MarketOpenSensor): check_market_open> on 2026-05-11 09:00:00+00:00
[2026-05-11T10:31:32.482+0000] {standard_task_runner.py:60} INFO - Started process 1494947 to run task
[2026-05-11T10:31:32.486+0000] {standard_task_runner.py:87} INFO - Running: ['airflow', 'tasks', 'run', 'fetch_market_data', 'check_market_open', 'scheduled__2026-05-11T09:00:00+00:00', '--job-id', '1818', '--raw', '--subdir', 'DAGS_FOLDER/fetch_market_data.py', '--cfg-path', '/tmp/tmpvukh3e73']
[2026-05-11T10:31:32.488+0000] {standard_task_runner.py:88} INFO - Job 1818: Subtask check_market_open
[2026-05-11T10:31:32.562+0000] {task_command.py:423} INFO - Running <TaskInstance: fetch_market_data.check_market_open scheduled__2026-05-11T09:00:00+00:00 [running]> on host reddit-pipeline-vm
[2026-05-11T10:31:32.670+0000] {taskinstance.py:2480} INFO - Exporting env vars: AIRFLOW_CTX_DAG_OWNER='pipeline' AIRFLOW_CTX_DAG_ID='fetch_market_data' AIRFLOW_CTX_TASK_ID='check_market_open' AIRFLOW_CTX_EXECUTION_DATE='2026-05-11T09:00:00+00:00' AIRFLOW_CTX_TRY_NUMBER='1' AIRFLOW_CTX_DAG_RUN_ID='scheduled__2026-05-11T09:00:00+00:00'
[2026-05-11T10:31:32.687+0000] {sensors.py:45} INFO - Market open check at 2026-05-11 06:31 ET: False
[2026-05-11T10:31:32.714+0000] {taskinstance.py:2658} INFO - Rescheduling task, marking task as UP_FOR_RESCHEDULE
[2026-05-11T10:31:32.739+0000] {local_task_job_runner.py:234} INFO - Task exited with return code 0
[2026-05-11T10:31:32.777+0000] {taskinstance.py:3280} INFO - 0 downstream tasks scheduled from follow-on schedule check
[2026-05-11T10:46:33.576+0000] {taskinstance.py:1956} INFO - Dependencies all met for dep_context=non-requeueable deps ti=<TaskInstance: fetch_market_data.check_market_open scheduled__2026-05-11T09:00:00+00:00 [queued]>
[2026-05-11T10:46:33.586+0000] {taskinstance.py:1956} INFO - Dependencies all met for dep_context=requeueable deps ti=<TaskInstance: fetch_market_data.check_market_open scheduled__2026-05-11T09:00:00+00:00 [queued]>
[2026-05-11T10:46:33.587+0000] {taskinstance.py:2170} INFO - Starting attempt 1 of 3
[2026-05-11T10:46:33.601+0000] {taskinstance.py:2191} INFO - Executing <Task(MarketOpenSensor): check_market_open> on 2026-05-11 09:00:00+00:00
[2026-05-11T10:46:33.608+0000] {standard_task_runner.py:60} INFO - Started process 1495957 to run task
[2026-05-11T10:46:33.612+0000] {standard_task_runner.py:87} INFO - Running: ['airflow', 'tasks', 'run', 'fetch_market_data', 'check_market_open', 'scheduled__2026-05-11T09:00:00+00:00', '--job-id', '1819', '--raw', '--subdir', 'DAGS_FOLDER/fetch_market_data.py', '--cfg-path', '/tmp/tmp8ngavrwr']
[2026-05-11T10:46:33.614+0000] {standard_task_runner.py:88} INFO - Job 1819: Subtask check_market_open
[2026-05-11T10:46:33.689+0000] {task_command.py:423} INFO - Running <TaskInstance: fetch_market_data.check_market_open scheduled__2026-05-11T09:00:00+00:00 [running]> on host reddit-pipeline-vm
[2026-05-11T10:46:33.798+0000] {taskinstance.py:2480} INFO - Exporting env vars: AIRFLOW_CTX_DAG_OWNER='pipeline' AIRFLOW_CTX_DAG_ID='fetch_market_data' AIRFLOW_CTX_TASK_ID='check_market_open' AIRFLOW_CTX_EXECUTION_DATE='2026-05-11T09:00:00+00:00' AIRFLOW_CTX_TRY_NUMBER='1' AIRFLOW_CTX_DAG_RUN_ID='scheduled__2026-05-11T09:00:00+00:00'
[2026-05-11T10:46:33.815+0000] {sensors.py:45} INFO - Market open check at 2026-05-11 06:46 ET: False
[2026-05-11T10:46:33.842+0000] {taskinstance.py:2658} INFO - Rescheduling task, marking task as UP_FOR_RESCHEDULE
[2026-05-11T10:46:33.865+0000] {local_task_job_runner.py:234} INFO - Task exited with return code 0
[2026-05-11T10:46:33.904+0000] {taskinstance.py:3280} INFO - 0 downstream tasks scheduled from follow-on schedule check
[2026-05-11T11:01:35.320+0000] {taskinstance.py:1956} INFO - Dependencies all met for dep_context=non-requeueable deps ti=<TaskInstance: fetch_market_data.check_market_open scheduled__2026-05-11T09:00:00+00:00 [queued]>
[2026-05-11T11:01:35.328+0000] {taskinstance.py:1956} INFO - Dependencies all met for dep_context=requeueable deps ti=<TaskInstance: fetch_market_data.check_market_open scheduled__2026-05-11T09:00:00+00:00 [queued]>
[2026-05-11T11:01:35.328+0000] {taskinstance.py:2170} INFO - Starting attempt 1 of 3
[2026-05-11T11:01:35.344+0000] {taskinstance.py:2191} INFO - Executing <Task(MarketOpenSensor): check_market_open> on 2026-05-11 09:00:00+00:00
[2026-05-11T11:01:35.351+0000] {standard_task_runner.py:60} INFO - Started process 1496964 to run task
[2026-05-11T11:01:35.356+0000] {standard_task_runner.py:87} INFO - Running: ['airflow', 'tasks', 'run', 'fetch_market_data', 'check_market_open', 'scheduled__2026-05-11T09:00:00+00:00', '--job-id', '1820', '--raw', '--subdir', 'DAGS_FOLDER/fetch_market_data.py', '--cfg-path', '/tmp/tmp0qq9a1gr']
[2026-05-11T11:01:35.358+0000] {standard_task_runner.py:88} INFO - Job 1820: Subtask check_market_open
[2026-05-11T11:01:35.431+0000] {task_command.py:423} INFO - Running <TaskInstance: fetch_market_data.check_market_open scheduled__2026-05-11T09:00:00+00:00 [running]> on host reddit-pipeline-vm
[2026-05-11T11:01:35.542+0000] {taskinstance.py:2480} INFO - Exporting env vars: AIRFLOW_CTX_DAG_OWNER='pipeline' AIRFLOW_CTX_DAG_ID='fetch_market_data' AIRFLOW_CTX_TASK_ID='check_market_open' AIRFLOW_CTX_EXECUTION_DATE='2026-05-11T09:00:00+00:00' AIRFLOW_CTX_TRY_NUMBER='1' AIRFLOW_CTX_DAG_RUN_ID='scheduled__2026-05-11T09:00:00+00:00'
[2026-05-11T11:01:35.561+0000] {sensors.py:45} INFO - Market open check at 2026-05-11 07:01 ET: False
[2026-05-11T11:01:35.561+0000] {taskinstance.py:2360} INFO - Sensor has timed out; run duration of 3606.72331 seconds exceeds the specified timeout of 3600.0.
[2026-05-11T11:01:35.577+0000] {taskinstance.py:1138} INFO - Marking task as SKIPPED. dag_id=fetch_market_data, task_id=check_market_open, execution_date=20260511T090000, start_date=20260511T110135, end_date=20260511T110135
[2026-05-11T11:01:35.613+0000] {local_task_job_runner.py:234} INFO - Task exited with return code 0
[2026-05-11T11:01:35.659+0000] {taskinstance.py:3280} INFO - 0 downstream tasks scheduled from follow-on schedule check
