[2026-04-30T21:01:11.235+0000] {taskinstance.py:1956} INFO - Dependencies all met for dep_context=non-requeueable deps ti=<TaskInstance: fetch_market_data.check_market_open scheduled__2026-04-30T20:45:00+00:00 [queued]>
[2026-04-30T21:01:11.242+0000] {taskinstance.py:1956} INFO - Dependencies all met for dep_context=requeueable deps ti=<TaskInstance: fetch_market_data.check_market_open scheduled__2026-04-30T20:45:00+00:00 [queued]>
[2026-04-30T21:01:11.242+0000] {taskinstance.py:2170} INFO - Starting attempt 1 of 3
[2026-04-30T21:01:11.252+0000] {taskinstance.py:2191} INFO - Executing <Task(MarketOpenSensor): check_market_open> on 2026-04-30 20:45:00+00:00
[2026-04-30T21:01:11.258+0000] {standard_task_runner.py:60} INFO - Started process 629998 to run task
[2026-04-30T21:01:11.261+0000] {standard_task_runner.py:87} INFO - Running: ['airflow', 'tasks', 'run', 'fetch_market_data', 'check_market_open', 'scheduled__2026-04-30T20:45:00+00:00', '--job-id', '222', '--raw', '--subdir', 'DAGS_FOLDER/fetch_market_data.py', '--cfg-path', '/tmp/tmpsj1lqnxu']
[2026-04-30T21:01:11.264+0000] {standard_task_runner.py:88} INFO - Job 222: Subtask check_market_open
[2026-04-30T21:01:11.341+0000] {task_command.py:423} INFO - Running <TaskInstance: fetch_market_data.check_market_open scheduled__2026-04-30T20:45:00+00:00 [running]> on host reddit-pipeline-vm
[2026-04-30T21:01:11.451+0000] {taskinstance.py:2480} INFO - Exporting env vars: AIRFLOW_CTX_DAG_OWNER='pipeline' AIRFLOW_CTX_DAG_ID='fetch_market_data' AIRFLOW_CTX_TASK_ID='check_market_open' AIRFLOW_CTX_EXECUTION_DATE='2026-04-30T20:45:00+00:00' AIRFLOW_CTX_TRY_NUMBER='1' AIRFLOW_CTX_DAG_RUN_ID='scheduled__2026-04-30T20:45:00+00:00'
[2026-04-30T21:01:11.469+0000] {sensors.py:45} INFO - Market open check at 2026-04-30 17:01 ET: False
[2026-04-30T21:01:11.496+0000] {taskinstance.py:2658} INFO - Rescheduling task, marking task as UP_FOR_RESCHEDULE
[2026-04-30T21:01:11.516+0000] {local_task_job_runner.py:234} INFO - Task exited with return code 0
[2026-04-30T21:01:11.557+0000] {taskinstance.py:3280} INFO - 0 downstream tasks scheduled from follow-on schedule check
[2026-04-30T21:02:12.405+0000] {taskinstance.py:1956} INFO - Dependencies all met for dep_context=non-requeueable deps ti=<TaskInstance: fetch_market_data.check_market_open scheduled__2026-04-30T20:45:00+00:00 [queued]>
[2026-04-30T21:02:12.412+0000] {taskinstance.py:1956} INFO - Dependencies all met for dep_context=requeueable deps ti=<TaskInstance: fetch_market_data.check_market_open scheduled__2026-04-30T20:45:00+00:00 [queued]>
[2026-04-30T21:02:12.412+0000] {taskinstance.py:2170} INFO - Starting attempt 1 of 3
[2026-04-30T21:02:12.422+0000] {taskinstance.py:2191} INFO - Executing <Task(MarketOpenSensor): check_market_open> on 2026-04-30 20:45:00+00:00
[2026-04-30T21:02:12.428+0000] {standard_task_runner.py:60} INFO - Started process 630065 to run task
[2026-04-30T21:02:12.431+0000] {standard_task_runner.py:87} INFO - Running: ['airflow', 'tasks', 'run', 'fetch_market_data', 'check_market_open', 'scheduled__2026-04-30T20:45:00+00:00', '--job-id', '223', '--raw', '--subdir', 'DAGS_FOLDER/fetch_market_data.py', '--cfg-path', '/tmp/tmpdfnvo03c']
[2026-04-30T21:02:12.433+0000] {standard_task_runner.py:88} INFO - Job 223: Subtask check_market_open
[2026-04-30T21:02:12.508+0000] {task_command.py:423} INFO - Running <TaskInstance: fetch_market_data.check_market_open scheduled__2026-04-30T20:45:00+00:00 [running]> on host reddit-pipeline-vm
[2026-04-30T21:02:12.618+0000] {taskinstance.py:2480} INFO - Exporting env vars: AIRFLOW_CTX_DAG_OWNER='pipeline' AIRFLOW_CTX_DAG_ID='fetch_market_data' AIRFLOW_CTX_TASK_ID='check_market_open' AIRFLOW_CTX_EXECUTION_DATE='2026-04-30T20:45:00+00:00' AIRFLOW_CTX_TRY_NUMBER='1' AIRFLOW_CTX_DAG_RUN_ID='scheduled__2026-04-30T20:45:00+00:00'
[2026-04-30T21:02:12.636+0000] {sensors.py:45} INFO - Market open check at 2026-04-30 17:02 ET: False
[2026-04-30T21:02:12.662+0000] {taskinstance.py:2658} INFO - Rescheduling task, marking task as UP_FOR_RESCHEDULE
[2026-04-30T21:02:12.684+0000] {local_task_job_runner.py:234} INFO - Task exited with return code 0
[2026-04-30T21:02:12.724+0000] {taskinstance.py:3280} INFO - 0 downstream tasks scheduled from follow-on schedule check
[2026-04-30T21:03:13.713+0000] {taskinstance.py:1956} INFO - Dependencies all met for dep_context=non-requeueable deps ti=<TaskInstance: fetch_market_data.check_market_open scheduled__2026-04-30T20:45:00+00:00 [queued]>
[2026-04-30T21:03:13.721+0000] {taskinstance.py:1956} INFO - Dependencies all met for dep_context=requeueable deps ti=<TaskInstance: fetch_market_data.check_market_open scheduled__2026-04-30T20:45:00+00:00 [queued]>
[2026-04-30T21:03:13.721+0000] {taskinstance.py:2170} INFO - Starting attempt 1 of 3
[2026-04-30T21:03:13.731+0000] {taskinstance.py:2191} INFO - Executing <Task(MarketOpenSensor): check_market_open> on 2026-04-30 20:45:00+00:00
[2026-04-30T21:03:13.737+0000] {standard_task_runner.py:60} INFO - Started process 630141 to run task
[2026-04-30T21:03:13.741+0000] {standard_task_runner.py:87} INFO - Running: ['airflow', 'tasks', 'run', 'fetch_market_data', 'check_market_open', 'scheduled__2026-04-30T20:45:00+00:00', '--job-id', '224', '--raw', '--subdir', 'DAGS_FOLDER/fetch_market_data.py', '--cfg-path', '/tmp/tmpcv0lqawy']
[2026-04-30T21:03:13.743+0000] {standard_task_runner.py:88} INFO - Job 224: Subtask check_market_open
[2026-04-30T21:03:13.817+0000] {task_command.py:423} INFO - Running <TaskInstance: fetch_market_data.check_market_open scheduled__2026-04-30T20:45:00+00:00 [running]> on host reddit-pipeline-vm
[2026-04-30T21:03:13.926+0000] {taskinstance.py:2480} INFO - Exporting env vars: AIRFLOW_CTX_DAG_OWNER='pipeline' AIRFLOW_CTX_DAG_ID='fetch_market_data' AIRFLOW_CTX_TASK_ID='check_market_open' AIRFLOW_CTX_EXECUTION_DATE='2026-04-30T20:45:00+00:00' AIRFLOW_CTX_TRY_NUMBER='1' AIRFLOW_CTX_DAG_RUN_ID='scheduled__2026-04-30T20:45:00+00:00'
[2026-04-30T21:03:13.944+0000] {sensors.py:45} INFO - Market open check at 2026-04-30 17:03 ET: False
[2026-04-30T21:03:13.971+0000] {taskinstance.py:2658} INFO - Rescheduling task, marking task as UP_FOR_RESCHEDULE
[2026-04-30T21:03:13.994+0000] {local_task_job_runner.py:234} INFO - Task exited with return code 0
[2026-04-30T21:03:14.034+0000] {taskinstance.py:3280} INFO - 0 downstream tasks scheduled from follow-on schedule check
[2026-04-30T21:04:14.996+0000] {taskinstance.py:1956} INFO - Dependencies all met for dep_context=non-requeueable deps ti=<TaskInstance: fetch_market_data.check_market_open scheduled__2026-04-30T20:45:00+00:00 [queued]>
[2026-04-30T21:04:15.004+0000] {taskinstance.py:1956} INFO - Dependencies all met for dep_context=requeueable deps ti=<TaskInstance: fetch_market_data.check_market_open scheduled__2026-04-30T20:45:00+00:00 [queued]>
[2026-04-30T21:04:15.004+0000] {taskinstance.py:2170} INFO - Starting attempt 1 of 3
[2026-04-30T21:04:15.014+0000] {taskinstance.py:2191} INFO - Executing <Task(MarketOpenSensor): check_market_open> on 2026-04-30 20:45:00+00:00
[2026-04-30T21:04:15.021+0000] {standard_task_runner.py:60} INFO - Started process 630211 to run task
[2026-04-30T21:04:15.024+0000] {standard_task_runner.py:87} INFO - Running: ['airflow', 'tasks', 'run', 'fetch_market_data', 'check_market_open', 'scheduled__2026-04-30T20:45:00+00:00', '--job-id', '225', '--raw', '--subdir', 'DAGS_FOLDER/fetch_market_data.py', '--cfg-path', '/tmp/tmpfj9tdwqx']
[2026-04-30T21:04:15.026+0000] {standard_task_runner.py:88} INFO - Job 225: Subtask check_market_open
[2026-04-30T21:04:15.103+0000] {task_command.py:423} INFO - Running <TaskInstance: fetch_market_data.check_market_open scheduled__2026-04-30T20:45:00+00:00 [running]> on host reddit-pipeline-vm
[2026-04-30T21:04:15.213+0000] {taskinstance.py:2480} INFO - Exporting env vars: AIRFLOW_CTX_DAG_OWNER='pipeline' AIRFLOW_CTX_DAG_ID='fetch_market_data' AIRFLOW_CTX_TASK_ID='check_market_open' AIRFLOW_CTX_EXECUTION_DATE='2026-04-30T20:45:00+00:00' AIRFLOW_CTX_TRY_NUMBER='1' AIRFLOW_CTX_DAG_RUN_ID='scheduled__2026-04-30T20:45:00+00:00'
[2026-04-30T21:04:15.231+0000] {sensors.py:45} INFO - Market open check at 2026-04-30 17:04 ET: False
[2026-04-30T21:04:15.257+0000] {taskinstance.py:2658} INFO - Rescheduling task, marking task as UP_FOR_RESCHEDULE
[2026-04-30T21:04:15.278+0000] {local_task_job_runner.py:234} INFO - Task exited with return code 0
[2026-04-30T21:04:15.318+0000] {taskinstance.py:3280} INFO - 0 downstream tasks scheduled from follow-on schedule check
[2026-04-30T21:05:16.271+0000] {taskinstance.py:1956} INFO - Dependencies all met for dep_context=non-requeueable deps ti=<TaskInstance: fetch_market_data.check_market_open scheduled__2026-04-30T20:45:00+00:00 [queued]>
[2026-04-30T21:05:16.278+0000] {taskinstance.py:1956} INFO - Dependencies all met for dep_context=requeueable deps ti=<TaskInstance: fetch_market_data.check_market_open scheduled__2026-04-30T20:45:00+00:00 [queued]>
[2026-04-30T21:05:16.278+0000] {taskinstance.py:2170} INFO - Starting attempt 1 of 3
[2026-04-30T21:05:16.288+0000] {taskinstance.py:2191} INFO - Executing <Task(MarketOpenSensor): check_market_open> on 2026-04-30 20:45:00+00:00
[2026-04-30T21:05:16.295+0000] {standard_task_runner.py:60} INFO - Started process 630279 to run task
[2026-04-30T21:05:16.298+0000] {standard_task_runner.py:87} INFO - Running: ['airflow', 'tasks', 'run', 'fetch_market_data', 'check_market_open', 'scheduled__2026-04-30T20:45:00+00:00', '--job-id', '226', '--raw', '--subdir', 'DAGS_FOLDER/fetch_market_data.py', '--cfg-path', '/tmp/tmpk26k2vm6']
[2026-04-30T21:05:16.300+0000] {standard_task_runner.py:88} INFO - Job 226: Subtask check_market_open
[2026-04-30T21:05:16.377+0000] {task_command.py:423} INFO - Running <TaskInstance: fetch_market_data.check_market_open scheduled__2026-04-30T20:45:00+00:00 [running]> on host reddit-pipeline-vm
[2026-04-30T21:05:16.486+0000] {taskinstance.py:2480} INFO - Exporting env vars: AIRFLOW_CTX_DAG_OWNER='pipeline' AIRFLOW_CTX_DAG_ID='fetch_market_data' AIRFLOW_CTX_TASK_ID='check_market_open' AIRFLOW_CTX_EXECUTION_DATE='2026-04-30T20:45:00+00:00' AIRFLOW_CTX_TRY_NUMBER='1' AIRFLOW_CTX_DAG_RUN_ID='scheduled__2026-04-30T20:45:00+00:00'
[2026-04-30T21:05:16.504+0000] {sensors.py:45} INFO - Market open check at 2026-04-30 17:05 ET: False
[2026-04-30T21:05:16.531+0000] {taskinstance.py:2658} INFO - Rescheduling task, marking task as UP_FOR_RESCHEDULE
[2026-04-30T21:05:16.552+0000] {local_task_job_runner.py:234} INFO - Task exited with return code 0
[2026-04-30T21:05:16.593+0000] {taskinstance.py:3280} INFO - 0 downstream tasks scheduled from follow-on schedule check
[2026-04-30T21:06:17.560+0000] {taskinstance.py:1956} INFO - Dependencies all met for dep_context=non-requeueable deps ti=<TaskInstance: fetch_market_data.check_market_open scheduled__2026-04-30T20:45:00+00:00 [queued]>
[2026-04-30T21:06:17.568+0000] {taskinstance.py:1956} INFO - Dependencies all met for dep_context=requeueable deps ti=<TaskInstance: fetch_market_data.check_market_open scheduled__2026-04-30T20:45:00+00:00 [queued]>
[2026-04-30T21:06:17.568+0000] {taskinstance.py:2170} INFO - Starting attempt 1 of 3
[2026-04-30T21:06:17.578+0000] {taskinstance.py:2191} INFO - Executing <Task(MarketOpenSensor): check_market_open> on 2026-04-30 20:45:00+00:00
[2026-04-30T21:06:17.585+0000] {standard_task_runner.py:60} INFO - Started process 630354 to run task
[2026-04-30T21:06:17.588+0000] {standard_task_runner.py:87} INFO - Running: ['airflow', 'tasks', 'run', 'fetch_market_data', 'check_market_open', 'scheduled__2026-04-30T20:45:00+00:00', '--job-id', '227', '--raw', '--subdir', 'DAGS_FOLDER/fetch_market_data.py', '--cfg-path', '/tmp/tmpuym0k28m']
[2026-04-30T21:06:17.590+0000] {standard_task_runner.py:88} INFO - Job 227: Subtask check_market_open
[2026-04-30T21:06:17.664+0000] {task_command.py:423} INFO - Running <TaskInstance: fetch_market_data.check_market_open scheduled__2026-04-30T20:45:00+00:00 [running]> on host reddit-pipeline-vm
[2026-04-30T21:06:17.773+0000] {taskinstance.py:2480} INFO - Exporting env vars: AIRFLOW_CTX_DAG_OWNER='pipeline' AIRFLOW_CTX_DAG_ID='fetch_market_data' AIRFLOW_CTX_TASK_ID='check_market_open' AIRFLOW_CTX_EXECUTION_DATE='2026-04-30T20:45:00+00:00' AIRFLOW_CTX_TRY_NUMBER='1' AIRFLOW_CTX_DAG_RUN_ID='scheduled__2026-04-30T20:45:00+00:00'
[2026-04-30T21:06:17.790+0000] {sensors.py:45} INFO - Market open check at 2026-04-30 17:06 ET: False
[2026-04-30T21:06:17.816+0000] {taskinstance.py:2658} INFO - Rescheduling task, marking task as UP_FOR_RESCHEDULE
[2026-04-30T21:06:17.842+0000] {local_task_job_runner.py:234} INFO - Task exited with return code 0
[2026-04-30T21:06:17.882+0000] {taskinstance.py:3280} INFO - 0 downstream tasks scheduled from follow-on schedule check
[2026-04-30T21:07:18.414+0000] {taskinstance.py:1956} INFO - Dependencies all met for dep_context=non-requeueable deps ti=<TaskInstance: fetch_market_data.check_market_open scheduled__2026-04-30T20:45:00+00:00 [queued]>
[2026-04-30T21:07:18.421+0000] {taskinstance.py:1956} INFO - Dependencies all met for dep_context=requeueable deps ti=<TaskInstance: fetch_market_data.check_market_open scheduled__2026-04-30T20:45:00+00:00 [queued]>
[2026-04-30T21:07:18.421+0000] {taskinstance.py:2170} INFO - Starting attempt 1 of 3
[2026-04-30T21:07:18.431+0000] {taskinstance.py:2191} INFO - Executing <Task(MarketOpenSensor): check_market_open> on 2026-04-30 20:45:00+00:00
[2026-04-30T21:07:18.437+0000] {standard_task_runner.py:60} INFO - Started process 630420 to run task
[2026-04-30T21:07:18.440+0000] {standard_task_runner.py:87} INFO - Running: ['airflow', 'tasks', 'run', 'fetch_market_data', 'check_market_open', 'scheduled__2026-04-30T20:45:00+00:00', '--job-id', '228', '--raw', '--subdir', 'DAGS_FOLDER/fetch_market_data.py', '--cfg-path', '/tmp/tmp07sf55s9']
[2026-04-30T21:07:18.443+0000] {standard_task_runner.py:88} INFO - Job 228: Subtask check_market_open
[2026-04-30T21:07:18.518+0000] {task_command.py:423} INFO - Running <TaskInstance: fetch_market_data.check_market_open scheduled__2026-04-30T20:45:00+00:00 [running]> on host reddit-pipeline-vm
[2026-04-30T21:07:18.626+0000] {taskinstance.py:2480} INFO - Exporting env vars: AIRFLOW_CTX_DAG_OWNER='pipeline' AIRFLOW_CTX_DAG_ID='fetch_market_data' AIRFLOW_CTX_TASK_ID='check_market_open' AIRFLOW_CTX_EXECUTION_DATE='2026-04-30T20:45:00+00:00' AIRFLOW_CTX_TRY_NUMBER='1' AIRFLOW_CTX_DAG_RUN_ID='scheduled__2026-04-30T20:45:00+00:00'
[2026-04-30T21:07:18.644+0000] {sensors.py:45} INFO - Market open check at 2026-04-30 17:07 ET: False
[2026-04-30T21:07:18.669+0000] {taskinstance.py:2658} INFO - Rescheduling task, marking task as UP_FOR_RESCHEDULE
[2026-04-30T21:07:18.693+0000] {local_task_job_runner.py:234} INFO - Task exited with return code 0
[2026-04-30T21:07:18.733+0000] {taskinstance.py:3280} INFO - 0 downstream tasks scheduled from follow-on schedule check
[2026-04-30T21:08:19.476+0000] {taskinstance.py:1956} INFO - Dependencies all met for dep_context=non-requeueable deps ti=<TaskInstance: fetch_market_data.check_market_open scheduled__2026-04-30T20:45:00+00:00 [queued]>
[2026-04-30T21:08:19.483+0000] {taskinstance.py:1956} INFO - Dependencies all met for dep_context=requeueable deps ti=<TaskInstance: fetch_market_data.check_market_open scheduled__2026-04-30T20:45:00+00:00 [queued]>
[2026-04-30T21:08:19.483+0000] {taskinstance.py:2170} INFO - Starting attempt 1 of 3
[2026-04-30T21:08:19.493+0000] {taskinstance.py:2191} INFO - Executing <Task(MarketOpenSensor): check_market_open> on 2026-04-30 20:45:00+00:00
[2026-04-30T21:08:19.500+0000] {standard_task_runner.py:60} INFO - Started process 630499 to run task
[2026-04-30T21:08:19.503+0000] {standard_task_runner.py:87} INFO - Running: ['airflow', 'tasks', 'run', 'fetch_market_data', 'check_market_open', 'scheduled__2026-04-30T20:45:00+00:00', '--job-id', '229', '--raw', '--subdir', 'DAGS_FOLDER/fetch_market_data.py', '--cfg-path', '/tmp/tmppdc6l40n']
[2026-04-30T21:08:19.505+0000] {standard_task_runner.py:88} INFO - Job 229: Subtask check_market_open
[2026-04-30T21:08:19.580+0000] {task_command.py:423} INFO - Running <TaskInstance: fetch_market_data.check_market_open scheduled__2026-04-30T20:45:00+00:00 [running]> on host reddit-pipeline-vm
[2026-04-30T21:08:19.690+0000] {taskinstance.py:2480} INFO - Exporting env vars: AIRFLOW_CTX_DAG_OWNER='pipeline' AIRFLOW_CTX_DAG_ID='fetch_market_data' AIRFLOW_CTX_TASK_ID='check_market_open' AIRFLOW_CTX_EXECUTION_DATE='2026-04-30T20:45:00+00:00' AIRFLOW_CTX_TRY_NUMBER='1' AIRFLOW_CTX_DAG_RUN_ID='scheduled__2026-04-30T20:45:00+00:00'
[2026-04-30T21:08:19.707+0000] {sensors.py:45} INFO - Market open check at 2026-04-30 17:08 ET: False
[2026-04-30T21:08:19.733+0000] {taskinstance.py:2658} INFO - Rescheduling task, marking task as UP_FOR_RESCHEDULE
[2026-04-30T21:08:19.756+0000] {local_task_job_runner.py:234} INFO - Task exited with return code 0
[2026-04-30T21:08:19.797+0000] {taskinstance.py:3280} INFO - 0 downstream tasks scheduled from follow-on schedule check
[2026-04-30T21:09:20.722+0000] {taskinstance.py:1956} INFO - Dependencies all met for dep_context=non-requeueable deps ti=<TaskInstance: fetch_market_data.check_market_open scheduled__2026-04-30T20:45:00+00:00 [queued]>
[2026-04-30T21:09:20.729+0000] {taskinstance.py:1956} INFO - Dependencies all met for dep_context=requeueable deps ti=<TaskInstance: fetch_market_data.check_market_open scheduled__2026-04-30T20:45:00+00:00 [queued]>
[2026-04-30T21:09:20.729+0000] {taskinstance.py:2170} INFO - Starting attempt 1 of 3
[2026-04-30T21:09:20.739+0000] {taskinstance.py:2191} INFO - Executing <Task(MarketOpenSensor): check_market_open> on 2026-04-30 20:45:00+00:00
[2026-04-30T21:09:20.745+0000] {standard_task_runner.py:60} INFO - Started process 630574 to run task
[2026-04-30T21:09:20.749+0000] {standard_task_runner.py:87} INFO - Running: ['airflow', 'tasks', 'run', 'fetch_market_data', 'check_market_open', 'scheduled__2026-04-30T20:45:00+00:00', '--job-id', '230', '--raw', '--subdir', 'DAGS_FOLDER/fetch_market_data.py', '--cfg-path', '/tmp/tmpdbd8dmwj']
[2026-04-30T21:09:20.751+0000] {standard_task_runner.py:88} INFO - Job 230: Subtask check_market_open
[2026-04-30T21:09:20.825+0000] {task_command.py:423} INFO - Running <TaskInstance: fetch_market_data.check_market_open scheduled__2026-04-30T20:45:00+00:00 [running]> on host reddit-pipeline-vm
[2026-04-30T21:09:20.932+0000] {taskinstance.py:2480} INFO - Exporting env vars: AIRFLOW_CTX_DAG_OWNER='pipeline' AIRFLOW_CTX_DAG_ID='fetch_market_data' AIRFLOW_CTX_TASK_ID='check_market_open' AIRFLOW_CTX_EXECUTION_DATE='2026-04-30T20:45:00+00:00' AIRFLOW_CTX_TRY_NUMBER='1' AIRFLOW_CTX_DAG_RUN_ID='scheduled__2026-04-30T20:45:00+00:00'
[2026-04-30T21:09:20.950+0000] {sensors.py:45} INFO - Market open check at 2026-04-30 17:09 ET: False
[2026-04-30T21:09:20.975+0000] {taskinstance.py:2658} INFO - Rescheduling task, marking task as UP_FOR_RESCHEDULE
[2026-04-30T21:09:21.001+0000] {local_task_job_runner.py:234} INFO - Task exited with return code 0
[2026-04-30T21:09:21.041+0000] {taskinstance.py:3280} INFO - 0 downstream tasks scheduled from follow-on schedule check
[2026-04-30T21:10:22.072+0000] {taskinstance.py:1956} INFO - Dependencies all met for dep_context=non-requeueable deps ti=<TaskInstance: fetch_market_data.check_market_open scheduled__2026-04-30T20:45:00+00:00 [queued]>
[2026-04-30T21:10:22.080+0000] {taskinstance.py:1956} INFO - Dependencies all met for dep_context=requeueable deps ti=<TaskInstance: fetch_market_data.check_market_open scheduled__2026-04-30T20:45:00+00:00 [queued]>
[2026-04-30T21:10:22.080+0000] {taskinstance.py:2170} INFO - Starting attempt 1 of 3
[2026-04-30T21:10:22.090+0000] {taskinstance.py:2191} INFO - Executing <Task(MarketOpenSensor): check_market_open> on 2026-04-30 20:45:00+00:00
[2026-04-30T21:10:22.096+0000] {standard_task_runner.py:60} INFO - Started process 630649 to run task
[2026-04-30T21:10:22.099+0000] {standard_task_runner.py:87} INFO - Running: ['airflow', 'tasks', 'run', 'fetch_market_data', 'check_market_open', 'scheduled__2026-04-30T20:45:00+00:00', '--job-id', '231', '--raw', '--subdir', 'DAGS_FOLDER/fetch_market_data.py', '--cfg-path', '/tmp/tmp7iy1d683']
[2026-04-30T21:10:22.101+0000] {standard_task_runner.py:88} INFO - Job 231: Subtask check_market_open
[2026-04-30T21:10:22.176+0000] {task_command.py:423} INFO - Running <TaskInstance: fetch_market_data.check_market_open scheduled__2026-04-30T20:45:00+00:00 [running]> on host reddit-pipeline-vm
[2026-04-30T21:10:22.283+0000] {taskinstance.py:2480} INFO - Exporting env vars: AIRFLOW_CTX_DAG_OWNER='pipeline' AIRFLOW_CTX_DAG_ID='fetch_market_data' AIRFLOW_CTX_TASK_ID='check_market_open' AIRFLOW_CTX_EXECUTION_DATE='2026-04-30T20:45:00+00:00' AIRFLOW_CTX_TRY_NUMBER='1' AIRFLOW_CTX_DAG_RUN_ID='scheduled__2026-04-30T20:45:00+00:00'
[2026-04-30T21:10:22.300+0000] {sensors.py:45} INFO - Market open check at 2026-04-30 17:10 ET: False
[2026-04-30T21:10:22.326+0000] {taskinstance.py:2658} INFO - Rescheduling task, marking task as UP_FOR_RESCHEDULE
[2026-04-30T21:10:22.351+0000] {local_task_job_runner.py:234} INFO - Task exited with return code 0
[2026-04-30T21:10:22.391+0000] {taskinstance.py:3280} INFO - 0 downstream tasks scheduled from follow-on schedule check
[2026-04-30T21:11:23.647+0000] {taskinstance.py:1956} INFO - Dependencies all met for dep_context=non-requeueable deps ti=<TaskInstance: fetch_market_data.check_market_open scheduled__2026-04-30T20:45:00+00:00 [queued]>
[2026-04-30T21:11:23.654+0000] {taskinstance.py:1956} INFO - Dependencies all met for dep_context=requeueable deps ti=<TaskInstance: fetch_market_data.check_market_open scheduled__2026-04-30T20:45:00+00:00 [queued]>
[2026-04-30T21:11:23.654+0000] {taskinstance.py:2170} INFO - Starting attempt 1 of 3
[2026-04-30T21:11:23.664+0000] {taskinstance.py:2191} INFO - Executing <Task(MarketOpenSensor): check_market_open> on 2026-04-30 20:45:00+00:00
[2026-04-30T21:11:23.671+0000] {standard_task_runner.py:60} INFO - Started process 630723 to run task
[2026-04-30T21:11:23.675+0000] {standard_task_runner.py:87} INFO - Running: ['airflow', 'tasks', 'run', 'fetch_market_data', 'check_market_open', 'scheduled__2026-04-30T20:45:00+00:00', '--job-id', '232', '--raw', '--subdir', 'DAGS_FOLDER/fetch_market_data.py', '--cfg-path', '/tmp/tmp7c3_naxw']
[2026-04-30T21:11:23.677+0000] {standard_task_runner.py:88} INFO - Job 232: Subtask check_market_open
[2026-04-30T21:11:23.752+0000] {task_command.py:423} INFO - Running <TaskInstance: fetch_market_data.check_market_open scheduled__2026-04-30T20:45:00+00:00 [running]> on host reddit-pipeline-vm
[2026-04-30T21:11:23.861+0000] {taskinstance.py:2480} INFO - Exporting env vars: AIRFLOW_CTX_DAG_OWNER='pipeline' AIRFLOW_CTX_DAG_ID='fetch_market_data' AIRFLOW_CTX_TASK_ID='check_market_open' AIRFLOW_CTX_EXECUTION_DATE='2026-04-30T20:45:00+00:00' AIRFLOW_CTX_TRY_NUMBER='1' AIRFLOW_CTX_DAG_RUN_ID='scheduled__2026-04-30T20:45:00+00:00'
[2026-04-30T21:11:23.878+0000] {sensors.py:45} INFO - Market open check at 2026-04-30 17:11 ET: False
[2026-04-30T21:11:23.904+0000] {taskinstance.py:2658} INFO - Rescheduling task, marking task as UP_FOR_RESCHEDULE
[2026-04-30T21:11:23.927+0000] {local_task_job_runner.py:234} INFO - Task exited with return code 0
[2026-04-30T21:11:23.967+0000] {taskinstance.py:3280} INFO - 0 downstream tasks scheduled from follow-on schedule check
[2026-04-30T21:12:24.882+0000] {taskinstance.py:1956} INFO - Dependencies all met for dep_context=non-requeueable deps ti=<TaskInstance: fetch_market_data.check_market_open scheduled__2026-04-30T20:45:00+00:00 [queued]>
[2026-04-30T21:12:24.892+0000] {taskinstance.py:1956} INFO - Dependencies all met for dep_context=requeueable deps ti=<TaskInstance: fetch_market_data.check_market_open scheduled__2026-04-30T20:45:00+00:00 [queued]>
[2026-04-30T21:12:24.892+0000] {taskinstance.py:2170} INFO - Starting attempt 1 of 3
[2026-04-30T21:12:24.902+0000] {taskinstance.py:2191} INFO - Executing <Task(MarketOpenSensor): check_market_open> on 2026-04-30 20:45:00+00:00
[2026-04-30T21:12:24.909+0000] {standard_task_runner.py:60} INFO - Started process 630794 to run task
[2026-04-30T21:12:24.912+0000] {standard_task_runner.py:87} INFO - Running: ['airflow', 'tasks', 'run', 'fetch_market_data', 'check_market_open', 'scheduled__2026-04-30T20:45:00+00:00', '--job-id', '233', '--raw', '--subdir', 'DAGS_FOLDER/fetch_market_data.py', '--cfg-path', '/tmp/tmpc37xmc31']
[2026-04-30T21:12:24.914+0000] {standard_task_runner.py:88} INFO - Job 233: Subtask check_market_open
[2026-04-30T21:12:24.987+0000] {task_command.py:423} INFO - Running <TaskInstance: fetch_market_data.check_market_open scheduled__2026-04-30T20:45:00+00:00 [running]> on host reddit-pipeline-vm
[2026-04-30T21:12:25.097+0000] {taskinstance.py:2480} INFO - Exporting env vars: AIRFLOW_CTX_DAG_OWNER='pipeline' AIRFLOW_CTX_DAG_ID='fetch_market_data' AIRFLOW_CTX_TASK_ID='check_market_open' AIRFLOW_CTX_EXECUTION_DATE='2026-04-30T20:45:00+00:00' AIRFLOW_CTX_TRY_NUMBER='1' AIRFLOW_CTX_DAG_RUN_ID='scheduled__2026-04-30T20:45:00+00:00'
[2026-04-30T21:12:25.116+0000] {sensors.py:45} INFO - Market open check at 2026-04-30 17:12 ET: False
[2026-04-30T21:12:25.142+0000] {taskinstance.py:2658} INFO - Rescheduling task, marking task as UP_FOR_RESCHEDULE
[2026-04-30T21:12:25.165+0000] {local_task_job_runner.py:234} INFO - Task exited with return code 0
[2026-04-30T21:12:25.205+0000] {taskinstance.py:3280} INFO - 0 downstream tasks scheduled from follow-on schedule check
[2026-04-30T21:13:26.177+0000] {taskinstance.py:1956} INFO - Dependencies all met for dep_context=non-requeueable deps ti=<TaskInstance: fetch_market_data.check_market_open scheduled__2026-04-30T20:45:00+00:00 [queued]>
[2026-04-30T21:13:26.184+0000] {taskinstance.py:1956} INFO - Dependencies all met for dep_context=requeueable deps ti=<TaskInstance: fetch_market_data.check_market_open scheduled__2026-04-30T20:45:00+00:00 [queued]>
[2026-04-30T21:13:26.184+0000] {taskinstance.py:2170} INFO - Starting attempt 1 of 3
[2026-04-30T21:13:26.195+0000] {taskinstance.py:2191} INFO - Executing <Task(MarketOpenSensor): check_market_open> on 2026-04-30 20:45:00+00:00
[2026-04-30T21:13:26.202+0000] {standard_task_runner.py:60} INFO - Started process 630863 to run task
[2026-04-30T21:13:26.205+0000] {standard_task_runner.py:87} INFO - Running: ['airflow', 'tasks', 'run', 'fetch_market_data', 'check_market_open', 'scheduled__2026-04-30T20:45:00+00:00', '--job-id', '234', '--raw', '--subdir', 'DAGS_FOLDER/fetch_market_data.py', '--cfg-path', '/tmp/tmp8p2krjl9']
[2026-04-30T21:13:26.207+0000] {standard_task_runner.py:88} INFO - Job 234: Subtask check_market_open
[2026-04-30T21:13:26.282+0000] {task_command.py:423} INFO - Running <TaskInstance: fetch_market_data.check_market_open scheduled__2026-04-30T20:45:00+00:00 [running]> on host reddit-pipeline-vm
[2026-04-30T21:13:26.389+0000] {taskinstance.py:2480} INFO - Exporting env vars: AIRFLOW_CTX_DAG_OWNER='pipeline' AIRFLOW_CTX_DAG_ID='fetch_market_data' AIRFLOW_CTX_TASK_ID='check_market_open' AIRFLOW_CTX_EXECUTION_DATE='2026-04-30T20:45:00+00:00' AIRFLOW_CTX_TRY_NUMBER='1' AIRFLOW_CTX_DAG_RUN_ID='scheduled__2026-04-30T20:45:00+00:00'
[2026-04-30T21:13:26.407+0000] {sensors.py:45} INFO - Market open check at 2026-04-30 17:13 ET: False
[2026-04-30T21:13:26.433+0000] {taskinstance.py:2658} INFO - Rescheduling task, marking task as UP_FOR_RESCHEDULE
[2026-04-30T21:13:26.457+0000] {local_task_job_runner.py:234} INFO - Task exited with return code 0
[2026-04-30T21:13:26.497+0000] {taskinstance.py:3280} INFO - 0 downstream tasks scheduled from follow-on schedule check
[2026-04-30T21:14:27.140+0000] {taskinstance.py:1956} INFO - Dependencies all met for dep_context=non-requeueable deps ti=<TaskInstance: fetch_market_data.check_market_open scheduled__2026-04-30T20:45:00+00:00 [queued]>
[2026-04-30T21:14:27.148+0000] {taskinstance.py:1956} INFO - Dependencies all met for dep_context=requeueable deps ti=<TaskInstance: fetch_market_data.check_market_open scheduled__2026-04-30T20:45:00+00:00 [queued]>
[2026-04-30T21:14:27.148+0000] {taskinstance.py:2170} INFO - Starting attempt 1 of 3
[2026-04-30T21:14:27.157+0000] {taskinstance.py:2191} INFO - Executing <Task(MarketOpenSensor): check_market_open> on 2026-04-30 20:45:00+00:00
[2026-04-30T21:14:27.164+0000] {standard_task_runner.py:60} INFO - Started process 630935 to run task
[2026-04-30T21:14:27.167+0000] {standard_task_runner.py:87} INFO - Running: ['airflow', 'tasks', 'run', 'fetch_market_data', 'check_market_open', 'scheduled__2026-04-30T20:45:00+00:00', '--job-id', '235', '--raw', '--subdir', 'DAGS_FOLDER/fetch_market_data.py', '--cfg-path', '/tmp/tmpkt794wpq']
[2026-04-30T21:14:27.169+0000] {standard_task_runner.py:88} INFO - Job 235: Subtask check_market_open
[2026-04-30T21:14:27.243+0000] {task_command.py:423} INFO - Running <TaskInstance: fetch_market_data.check_market_open scheduled__2026-04-30T20:45:00+00:00 [running]> on host reddit-pipeline-vm
[2026-04-30T21:14:27.350+0000] {taskinstance.py:2480} INFO - Exporting env vars: AIRFLOW_CTX_DAG_OWNER='pipeline' AIRFLOW_CTX_DAG_ID='fetch_market_data' AIRFLOW_CTX_TASK_ID='check_market_open' AIRFLOW_CTX_EXECUTION_DATE='2026-04-30T20:45:00+00:00' AIRFLOW_CTX_TRY_NUMBER='1' AIRFLOW_CTX_DAG_RUN_ID='scheduled__2026-04-30T20:45:00+00:00'
[2026-04-30T21:14:27.368+0000] {sensors.py:45} INFO - Market open check at 2026-04-30 17:14 ET: False
[2026-04-30T21:14:27.394+0000] {taskinstance.py:2658} INFO - Rescheduling task, marking task as UP_FOR_RESCHEDULE
[2026-04-30T21:14:27.422+0000] {local_task_job_runner.py:234} INFO - Task exited with return code 0
[2026-04-30T21:14:27.461+0000] {taskinstance.py:3280} INFO - 0 downstream tasks scheduled from follow-on schedule check
[2026-04-30T21:15:28.728+0000] {taskinstance.py:1956} INFO - Dependencies all met for dep_context=non-requeueable deps ti=<TaskInstance: fetch_market_data.check_market_open scheduled__2026-04-30T20:45:00+00:00 [queued]>
[2026-04-30T21:15:28.736+0000] {taskinstance.py:1956} INFO - Dependencies all met for dep_context=requeueable deps ti=<TaskInstance: fetch_market_data.check_market_open scheduled__2026-04-30T20:45:00+00:00 [queued]>
[2026-04-30T21:15:28.736+0000] {taskinstance.py:2170} INFO - Starting attempt 1 of 3
[2026-04-30T21:15:28.746+0000] {taskinstance.py:2191} INFO - Executing <Task(MarketOpenSensor): check_market_open> on 2026-04-30 20:45:00+00:00
[2026-04-30T21:15:28.752+0000] {standard_task_runner.py:60} INFO - Started process 631010 to run task
[2026-04-30T21:15:28.756+0000] {standard_task_runner.py:87} INFO - Running: ['airflow', 'tasks', 'run', 'fetch_market_data', 'check_market_open', 'scheduled__2026-04-30T20:45:00+00:00', '--job-id', '236', '--raw', '--subdir', 'DAGS_FOLDER/fetch_market_data.py', '--cfg-path', '/tmp/tmpy942ic7e']
[2026-04-30T21:15:28.757+0000] {standard_task_runner.py:88} INFO - Job 236: Subtask check_market_open
[2026-04-30T21:15:28.833+0000] {task_command.py:423} INFO - Running <TaskInstance: fetch_market_data.check_market_open scheduled__2026-04-30T20:45:00+00:00 [running]> on host reddit-pipeline-vm
[2026-04-30T21:15:28.941+0000] {taskinstance.py:2480} INFO - Exporting env vars: AIRFLOW_CTX_DAG_OWNER='pipeline' AIRFLOW_CTX_DAG_ID='fetch_market_data' AIRFLOW_CTX_TASK_ID='check_market_open' AIRFLOW_CTX_EXECUTION_DATE='2026-04-30T20:45:00+00:00' AIRFLOW_CTX_TRY_NUMBER='1' AIRFLOW_CTX_DAG_RUN_ID='scheduled__2026-04-30T20:45:00+00:00'
[2026-04-30T21:15:28.959+0000] {sensors.py:45} INFO - Market open check at 2026-04-30 17:15 ET: False
[2026-04-30T21:15:28.986+0000] {taskinstance.py:2658} INFO - Rescheduling task, marking task as UP_FOR_RESCHEDULE
[2026-04-30T21:15:29.009+0000] {local_task_job_runner.py:234} INFO - Task exited with return code 0
[2026-04-30T21:15:29.049+0000] {taskinstance.py:3280} INFO - 0 downstream tasks scheduled from follow-on schedule check
[2026-04-30T21:16:30.294+0000] {taskinstance.py:1956} INFO - Dependencies all met for dep_context=non-requeueable deps ti=<TaskInstance: fetch_market_data.check_market_open scheduled__2026-04-30T20:45:00+00:00 [queued]>
[2026-04-30T21:16:30.302+0000] {taskinstance.py:1956} INFO - Dependencies all met for dep_context=requeueable deps ti=<TaskInstance: fetch_market_data.check_market_open scheduled__2026-04-30T20:45:00+00:00 [queued]>
[2026-04-30T21:16:30.302+0000] {taskinstance.py:2170} INFO - Starting attempt 1 of 3
[2026-04-30T21:16:30.312+0000] {taskinstance.py:2191} INFO - Executing <Task(MarketOpenSensor): check_market_open> on 2026-04-30 20:45:00+00:00
[2026-04-30T21:16:30.318+0000] {standard_task_runner.py:60} INFO - Started process 631081 to run task
[2026-04-30T21:16:30.321+0000] {standard_task_runner.py:87} INFO - Running: ['airflow', 'tasks', 'run', 'fetch_market_data', 'check_market_open', 'scheduled__2026-04-30T20:45:00+00:00', '--job-id', '237', '--raw', '--subdir', 'DAGS_FOLDER/fetch_market_data.py', '--cfg-path', '/tmp/tmpvfp7ggpf']
[2026-04-30T21:16:30.323+0000] {standard_task_runner.py:88} INFO - Job 237: Subtask check_market_open
[2026-04-30T21:16:30.398+0000] {task_command.py:423} INFO - Running <TaskInstance: fetch_market_data.check_market_open scheduled__2026-04-30T20:45:00+00:00 [running]> on host reddit-pipeline-vm
[2026-04-30T21:16:30.505+0000] {taskinstance.py:2480} INFO - Exporting env vars: AIRFLOW_CTX_DAG_OWNER='pipeline' AIRFLOW_CTX_DAG_ID='fetch_market_data' AIRFLOW_CTX_TASK_ID='check_market_open' AIRFLOW_CTX_EXECUTION_DATE='2026-04-30T20:45:00+00:00' AIRFLOW_CTX_TRY_NUMBER='1' AIRFLOW_CTX_DAG_RUN_ID='scheduled__2026-04-30T20:45:00+00:00'
[2026-04-30T21:16:30.522+0000] {sensors.py:45} INFO - Market open check at 2026-04-30 17:16 ET: False
[2026-04-30T21:16:30.523+0000] {taskinstance.py:2698} ERROR - Task failed with exception
Traceback (most recent call last):
  File "/home/ubuntu/github_repo/Stock-Market-Intelligence-Pipeline/venv/lib/python3.11/site-packages/airflow/models/taskinstance.py", line 433, in _execute_task
    result = execute_callable(context=context, **execute_callable_kwargs)
             ^^^^^^^^^^^^^^^^^^^^^^^^^^^^^^^^^^^^^^^^^^^^^^^^^^^^^^^^^^^^
  File "/home/ubuntu/github_repo/Stock-Market-Intelligence-Pipeline/venv/lib/python3.11/site-packages/airflow/sensors/base.py", line 282, in execute
    raise AirflowSensorTimeout(message)
airflow.exceptions.AirflowSensorTimeout: Sensor has timed out; run duration of 919.147504 seconds exceeds the specified timeout of 900.0.
[2026-04-30T21:16:30.540+0000] {taskinstance.py:1138} INFO - Immediate failure requested. Marking task as FAILED. dag_id=fetch_market_data, task_id=check_market_open, execution_date=20260430T204500, start_date=20260430T211630, end_date=20260430T211630
[2026-04-30T21:16:30.549+0000] {standard_task_runner.py:107} ERROR - Failed to execute job 237 for task check_market_open (Sensor has timed out; run duration of 919.147504 seconds exceeds the specified timeout of 900.0.; 631081)
[2026-04-30T21:16:30.574+0000] {local_task_job_runner.py:234} INFO - Task exited with return code 1
[2026-04-30T21:16:30.624+0000] {taskinstance.py:3280} INFO - 0 downstream tasks scheduled from follow-on schedule check
