[2026-05-01T00:05:52.794+0000] {taskinstance.py:1956} INFO - Dependencies all met for dep_context=non-requeueable deps ti=<TaskInstance: fetch_market_data.check_market_open scheduled__2026-04-30T23:45:00+00:00 [queued]>
[2026-05-01T00:05:52.800+0000] {taskinstance.py:1956} INFO - Dependencies all met for dep_context=requeueable deps ti=<TaskInstance: fetch_market_data.check_market_open scheduled__2026-04-30T23:45:00+00:00 [queued]>
[2026-05-01T00:05:52.801+0000] {taskinstance.py:2170} INFO - Starting attempt 1 of 3
[2026-05-01T00:05:52.811+0000] {taskinstance.py:2191} INFO - Executing <Task(MarketOpenSensor): check_market_open> on 2026-04-30 23:45:00+00:00
[2026-05-01T00:05:52.817+0000] {standard_task_runner.py:60} INFO - Started process 643072 to run task
[2026-05-01T00:05:52.820+0000] {standard_task_runner.py:87} INFO - Running: ['airflow', 'tasks', 'run', 'fetch_market_data', 'check_market_open', 'scheduled__2026-04-30T23:45:00+00:00', '--job-id', '414', '--raw', '--subdir', 'DAGS_FOLDER/fetch_market_data.py', '--cfg-path', '/tmp/tmpq3f01und']
[2026-05-01T00:05:52.822+0000] {standard_task_runner.py:88} INFO - Job 414: Subtask check_market_open
[2026-05-01T00:05:52.897+0000] {task_command.py:423} INFO - Running <TaskInstance: fetch_market_data.check_market_open scheduled__2026-04-30T23:45:00+00:00 [running]> on host reddit-pipeline-vm
[2026-05-01T00:05:53.006+0000] {taskinstance.py:2480} INFO - Exporting env vars: AIRFLOW_CTX_DAG_OWNER='pipeline' AIRFLOW_CTX_DAG_ID='fetch_market_data' AIRFLOW_CTX_TASK_ID='check_market_open' AIRFLOW_CTX_EXECUTION_DATE='2026-04-30T23:45:00+00:00' AIRFLOW_CTX_TRY_NUMBER='1' AIRFLOW_CTX_DAG_RUN_ID='scheduled__2026-04-30T23:45:00+00:00'
[2026-05-01T00:05:53.024+0000] {sensors.py:45} INFO - Market open check at 2026-04-30 20:05 ET: False
[2026-05-01T00:05:53.050+0000] {taskinstance.py:2658} INFO - Rescheduling task, marking task as UP_FOR_RESCHEDULE
[2026-05-01T00:05:53.075+0000] {local_task_job_runner.py:234} INFO - Task exited with return code 0
[2026-05-01T00:05:53.117+0000] {taskinstance.py:3280} INFO - 0 downstream tasks scheduled from follow-on schedule check
[2026-05-01T00:06:54.365+0000] {taskinstance.py:1956} INFO - Dependencies all met for dep_context=non-requeueable deps ti=<TaskInstance: fetch_market_data.check_market_open scheduled__2026-04-30T23:45:00+00:00 [queued]>
[2026-05-01T00:06:54.372+0000] {taskinstance.py:1956} INFO - Dependencies all met for dep_context=requeueable deps ti=<TaskInstance: fetch_market_data.check_market_open scheduled__2026-04-30T23:45:00+00:00 [queued]>
[2026-05-01T00:06:54.373+0000] {taskinstance.py:2170} INFO - Starting attempt 1 of 3
[2026-05-01T00:06:54.382+0000] {taskinstance.py:2191} INFO - Executing <Task(MarketOpenSensor): check_market_open> on 2026-04-30 23:45:00+00:00
[2026-05-01T00:06:54.389+0000] {standard_task_runner.py:60} INFO - Started process 643142 to run task
[2026-05-01T00:06:54.392+0000] {standard_task_runner.py:87} INFO - Running: ['airflow', 'tasks', 'run', 'fetch_market_data', 'check_market_open', 'scheduled__2026-04-30T23:45:00+00:00', '--job-id', '415', '--raw', '--subdir', 'DAGS_FOLDER/fetch_market_data.py', '--cfg-path', '/tmp/tmplwv4_egz']
[2026-05-01T00:06:54.394+0000] {standard_task_runner.py:88} INFO - Job 415: Subtask check_market_open
[2026-05-01T00:06:54.469+0000] {task_command.py:423} INFO - Running <TaskInstance: fetch_market_data.check_market_open scheduled__2026-04-30T23:45:00+00:00 [running]> on host reddit-pipeline-vm
[2026-05-01T00:06:54.578+0000] {taskinstance.py:2480} INFO - Exporting env vars: AIRFLOW_CTX_DAG_OWNER='pipeline' AIRFLOW_CTX_DAG_ID='fetch_market_data' AIRFLOW_CTX_TASK_ID='check_market_open' AIRFLOW_CTX_EXECUTION_DATE='2026-04-30T23:45:00+00:00' AIRFLOW_CTX_TRY_NUMBER='1' AIRFLOW_CTX_DAG_RUN_ID='scheduled__2026-04-30T23:45:00+00:00'
[2026-05-01T00:06:54.596+0000] {sensors.py:45} INFO - Market open check at 2026-04-30 20:06 ET: False
[2026-05-01T00:06:54.622+0000] {taskinstance.py:2658} INFO - Rescheduling task, marking task as UP_FOR_RESCHEDULE
[2026-05-01T00:06:54.644+0000] {local_task_job_runner.py:234} INFO - Task exited with return code 0
[2026-05-01T00:06:54.685+0000] {taskinstance.py:3280} INFO - 0 downstream tasks scheduled from follow-on schedule check
[2026-05-01T00:07:55.948+0000] {taskinstance.py:1956} INFO - Dependencies all met for dep_context=non-requeueable deps ti=<TaskInstance: fetch_market_data.check_market_open scheduled__2026-04-30T23:45:00+00:00 [queued]>
[2026-05-01T00:07:55.955+0000] {taskinstance.py:1956} INFO - Dependencies all met for dep_context=requeueable deps ti=<TaskInstance: fetch_market_data.check_market_open scheduled__2026-04-30T23:45:00+00:00 [queued]>
[2026-05-01T00:07:55.955+0000] {taskinstance.py:2170} INFO - Starting attempt 1 of 3
[2026-05-01T00:07:55.965+0000] {taskinstance.py:2191} INFO - Executing <Task(MarketOpenSensor): check_market_open> on 2026-04-30 23:45:00+00:00
[2026-05-01T00:07:55.972+0000] {standard_task_runner.py:60} INFO - Started process 643208 to run task
[2026-05-01T00:07:55.975+0000] {standard_task_runner.py:87} INFO - Running: ['airflow', 'tasks', 'run', 'fetch_market_data', 'check_market_open', 'scheduled__2026-04-30T23:45:00+00:00', '--job-id', '416', '--raw', '--subdir', 'DAGS_FOLDER/fetch_market_data.py', '--cfg-path', '/tmp/tmp91hpnfpo']
[2026-05-01T00:07:55.977+0000] {standard_task_runner.py:88} INFO - Job 416: Subtask check_market_open
[2026-05-01T00:07:56.052+0000] {task_command.py:423} INFO - Running <TaskInstance: fetch_market_data.check_market_open scheduled__2026-04-30T23:45:00+00:00 [running]> on host reddit-pipeline-vm
[2026-05-01T00:07:56.162+0000] {taskinstance.py:2480} INFO - Exporting env vars: AIRFLOW_CTX_DAG_OWNER='pipeline' AIRFLOW_CTX_DAG_ID='fetch_market_data' AIRFLOW_CTX_TASK_ID='check_market_open' AIRFLOW_CTX_EXECUTION_DATE='2026-04-30T23:45:00+00:00' AIRFLOW_CTX_TRY_NUMBER='1' AIRFLOW_CTX_DAG_RUN_ID='scheduled__2026-04-30T23:45:00+00:00'
[2026-05-01T00:07:56.180+0000] {sensors.py:45} INFO - Market open check at 2026-04-30 20:07 ET: False
[2026-05-01T00:07:56.206+0000] {taskinstance.py:2658} INFO - Rescheduling task, marking task as UP_FOR_RESCHEDULE
[2026-05-01T00:07:56.228+0000] {local_task_job_runner.py:234} INFO - Task exited with return code 0
[2026-05-01T00:07:56.268+0000] {taskinstance.py:3280} INFO - 0 downstream tasks scheduled from follow-on schedule check
[2026-05-01T00:08:57.491+0000] {taskinstance.py:1956} INFO - Dependencies all met for dep_context=non-requeueable deps ti=<TaskInstance: fetch_market_data.check_market_open scheduled__2026-04-30T23:45:00+00:00 [queued]>
[2026-05-01T00:08:57.498+0000] {taskinstance.py:1956} INFO - Dependencies all met for dep_context=requeueable deps ti=<TaskInstance: fetch_market_data.check_market_open scheduled__2026-04-30T23:45:00+00:00 [queued]>
[2026-05-01T00:08:57.499+0000] {taskinstance.py:2170} INFO - Starting attempt 1 of 3
[2026-05-01T00:08:57.509+0000] {taskinstance.py:2191} INFO - Executing <Task(MarketOpenSensor): check_market_open> on 2026-04-30 23:45:00+00:00
[2026-05-01T00:08:57.515+0000] {standard_task_runner.py:60} INFO - Started process 643277 to run task
[2026-05-01T00:08:57.518+0000] {standard_task_runner.py:87} INFO - Running: ['airflow', 'tasks', 'run', 'fetch_market_data', 'check_market_open', 'scheduled__2026-04-30T23:45:00+00:00', '--job-id', '417', '--raw', '--subdir', 'DAGS_FOLDER/fetch_market_data.py', '--cfg-path', '/tmp/tmpjpvb5rhh']
[2026-05-01T00:08:57.520+0000] {standard_task_runner.py:88} INFO - Job 417: Subtask check_market_open
[2026-05-01T00:08:57.600+0000] {task_command.py:423} INFO - Running <TaskInstance: fetch_market_data.check_market_open scheduled__2026-04-30T23:45:00+00:00 [running]> on host reddit-pipeline-vm
[2026-05-01T00:08:57.708+0000] {taskinstance.py:2480} INFO - Exporting env vars: AIRFLOW_CTX_DAG_OWNER='pipeline' AIRFLOW_CTX_DAG_ID='fetch_market_data' AIRFLOW_CTX_TASK_ID='check_market_open' AIRFLOW_CTX_EXECUTION_DATE='2026-04-30T23:45:00+00:00' AIRFLOW_CTX_TRY_NUMBER='1' AIRFLOW_CTX_DAG_RUN_ID='scheduled__2026-04-30T23:45:00+00:00'
[2026-05-01T00:08:57.726+0000] {sensors.py:45} INFO - Market open check at 2026-04-30 20:08 ET: False
[2026-05-01T00:08:57.752+0000] {taskinstance.py:2658} INFO - Rescheduling task, marking task as UP_FOR_RESCHEDULE
[2026-05-01T00:08:57.771+0000] {local_task_job_runner.py:234} INFO - Task exited with return code 0
[2026-05-01T00:08:57.811+0000] {taskinstance.py:3280} INFO - 0 downstream tasks scheduled from follow-on schedule check
[2026-05-01T00:09:58.362+0000] {taskinstance.py:1956} INFO - Dependencies all met for dep_context=non-requeueable deps ti=<TaskInstance: fetch_market_data.check_market_open scheduled__2026-04-30T23:45:00+00:00 [queued]>
[2026-05-01T00:09:58.369+0000] {taskinstance.py:1956} INFO - Dependencies all met for dep_context=requeueable deps ti=<TaskInstance: fetch_market_data.check_market_open scheduled__2026-04-30T23:45:00+00:00 [queued]>
[2026-05-01T00:09:58.369+0000] {taskinstance.py:2170} INFO - Starting attempt 1 of 3
[2026-05-01T00:09:58.379+0000] {taskinstance.py:2191} INFO - Executing <Task(MarketOpenSensor): check_market_open> on 2026-04-30 23:45:00+00:00
[2026-05-01T00:09:58.385+0000] {standard_task_runner.py:60} INFO - Started process 643357 to run task
[2026-05-01T00:09:58.389+0000] {standard_task_runner.py:87} INFO - Running: ['airflow', 'tasks', 'run', 'fetch_market_data', 'check_market_open', 'scheduled__2026-04-30T23:45:00+00:00', '--job-id', '418', '--raw', '--subdir', 'DAGS_FOLDER/fetch_market_data.py', '--cfg-path', '/tmp/tmp3sa48fdz']
[2026-05-01T00:09:58.391+0000] {standard_task_runner.py:88} INFO - Job 418: Subtask check_market_open
[2026-05-01T00:09:58.465+0000] {task_command.py:423} INFO - Running <TaskInstance: fetch_market_data.check_market_open scheduled__2026-04-30T23:45:00+00:00 [running]> on host reddit-pipeline-vm
[2026-05-01T00:09:58.574+0000] {taskinstance.py:2480} INFO - Exporting env vars: AIRFLOW_CTX_DAG_OWNER='pipeline' AIRFLOW_CTX_DAG_ID='fetch_market_data' AIRFLOW_CTX_TASK_ID='check_market_open' AIRFLOW_CTX_EXECUTION_DATE='2026-04-30T23:45:00+00:00' AIRFLOW_CTX_TRY_NUMBER='1' AIRFLOW_CTX_DAG_RUN_ID='scheduled__2026-04-30T23:45:00+00:00'
[2026-05-01T00:09:58.592+0000] {sensors.py:45} INFO - Market open check at 2026-04-30 20:09 ET: False
[2026-05-01T00:09:58.619+0000] {taskinstance.py:2658} INFO - Rescheduling task, marking task as UP_FOR_RESCHEDULE
[2026-05-01T00:09:58.644+0000] {local_task_job_runner.py:234} INFO - Task exited with return code 0
[2026-05-01T00:09:58.683+0000] {taskinstance.py:3280} INFO - 0 downstream tasks scheduled from follow-on schedule check
[2026-05-01T00:10:59.650+0000] {taskinstance.py:1956} INFO - Dependencies all met for dep_context=non-requeueable deps ti=<TaskInstance: fetch_market_data.check_market_open scheduled__2026-04-30T23:45:00+00:00 [queued]>
[2026-05-01T00:10:59.657+0000] {taskinstance.py:1956} INFO - Dependencies all met for dep_context=requeueable deps ti=<TaskInstance: fetch_market_data.check_market_open scheduled__2026-04-30T23:45:00+00:00 [queued]>
[2026-05-01T00:10:59.657+0000] {taskinstance.py:2170} INFO - Starting attempt 1 of 3
[2026-05-01T00:10:59.667+0000] {taskinstance.py:2191} INFO - Executing <Task(MarketOpenSensor): check_market_open> on 2026-04-30 23:45:00+00:00
[2026-05-01T00:10:59.673+0000] {standard_task_runner.py:60} INFO - Started process 643425 to run task
[2026-05-01T00:10:59.676+0000] {standard_task_runner.py:87} INFO - Running: ['airflow', 'tasks', 'run', 'fetch_market_data', 'check_market_open', 'scheduled__2026-04-30T23:45:00+00:00', '--job-id', '419', '--raw', '--subdir', 'DAGS_FOLDER/fetch_market_data.py', '--cfg-path', '/tmp/tmpddmxzeg7']
[2026-05-01T00:10:59.678+0000] {standard_task_runner.py:88} INFO - Job 419: Subtask check_market_open
[2026-05-01T00:10:59.752+0000] {task_command.py:423} INFO - Running <TaskInstance: fetch_market_data.check_market_open scheduled__2026-04-30T23:45:00+00:00 [running]> on host reddit-pipeline-vm
[2026-05-01T00:10:59.861+0000] {taskinstance.py:2480} INFO - Exporting env vars: AIRFLOW_CTX_DAG_OWNER='pipeline' AIRFLOW_CTX_DAG_ID='fetch_market_data' AIRFLOW_CTX_TASK_ID='check_market_open' AIRFLOW_CTX_EXECUTION_DATE='2026-04-30T23:45:00+00:00' AIRFLOW_CTX_TRY_NUMBER='1' AIRFLOW_CTX_DAG_RUN_ID='scheduled__2026-04-30T23:45:00+00:00'
[2026-05-01T00:10:59.878+0000] {sensors.py:45} INFO - Market open check at 2026-04-30 20:10 ET: False
[2026-05-01T00:10:59.904+0000] {taskinstance.py:2658} INFO - Rescheduling task, marking task as UP_FOR_RESCHEDULE
[2026-05-01T00:10:59.930+0000] {local_task_job_runner.py:234} INFO - Task exited with return code 0
[2026-05-01T00:10:59.971+0000] {taskinstance.py:3280} INFO - 0 downstream tasks scheduled from follow-on schedule check
[2026-05-01T00:12:00.866+0000] {taskinstance.py:1956} INFO - Dependencies all met for dep_context=non-requeueable deps ti=<TaskInstance: fetch_market_data.check_market_open scheduled__2026-04-30T23:45:00+00:00 [queued]>
[2026-05-01T00:12:00.873+0000] {taskinstance.py:1956} INFO - Dependencies all met for dep_context=requeueable deps ti=<TaskInstance: fetch_market_data.check_market_open scheduled__2026-04-30T23:45:00+00:00 [queued]>
[2026-05-01T00:12:00.873+0000] {taskinstance.py:2170} INFO - Starting attempt 1 of 3
[2026-05-01T00:12:00.883+0000] {taskinstance.py:2191} INFO - Executing <Task(MarketOpenSensor): check_market_open> on 2026-04-30 23:45:00+00:00
[2026-05-01T00:12:00.889+0000] {standard_task_runner.py:60} INFO - Started process 643495 to run task
[2026-05-01T00:12:00.893+0000] {standard_task_runner.py:87} INFO - Running: ['airflow', 'tasks', 'run', 'fetch_market_data', 'check_market_open', 'scheduled__2026-04-30T23:45:00+00:00', '--job-id', '420', '--raw', '--subdir', 'DAGS_FOLDER/fetch_market_data.py', '--cfg-path', '/tmp/tmpzj8qlxnd']
[2026-05-01T00:12:00.895+0000] {standard_task_runner.py:88} INFO - Job 420: Subtask check_market_open
[2026-05-01T00:12:00.970+0000] {task_command.py:423} INFO - Running <TaskInstance: fetch_market_data.check_market_open scheduled__2026-04-30T23:45:00+00:00 [running]> on host reddit-pipeline-vm
[2026-05-01T00:12:01.078+0000] {taskinstance.py:2480} INFO - Exporting env vars: AIRFLOW_CTX_DAG_OWNER='pipeline' AIRFLOW_CTX_DAG_ID='fetch_market_data' AIRFLOW_CTX_TASK_ID='check_market_open' AIRFLOW_CTX_EXECUTION_DATE='2026-04-30T23:45:00+00:00' AIRFLOW_CTX_TRY_NUMBER='1' AIRFLOW_CTX_DAG_RUN_ID='scheduled__2026-04-30T23:45:00+00:00'
[2026-05-01T00:12:01.096+0000] {sensors.py:45} INFO - Market open check at 2026-04-30 20:12 ET: False
[2026-05-01T00:12:01.123+0000] {taskinstance.py:2658} INFO - Rescheduling task, marking task as UP_FOR_RESCHEDULE
[2026-05-01T00:12:01.146+0000] {local_task_job_runner.py:234} INFO - Task exited with return code 0
[2026-05-01T00:12:01.185+0000] {taskinstance.py:3280} INFO - 0 downstream tasks scheduled from follow-on schedule check
[2026-05-01T00:13:02.615+0000] {taskinstance.py:1956} INFO - Dependencies all met for dep_context=non-requeueable deps ti=<TaskInstance: fetch_market_data.check_market_open scheduled__2026-04-30T23:45:00+00:00 [queued]>
[2026-05-01T00:13:02.623+0000] {taskinstance.py:1956} INFO - Dependencies all met for dep_context=requeueable deps ti=<TaskInstance: fetch_market_data.check_market_open scheduled__2026-04-30T23:45:00+00:00 [queued]>
[2026-05-01T00:13:02.623+0000] {taskinstance.py:2170} INFO - Starting attempt 1 of 3
[2026-05-01T00:13:02.635+0000] {taskinstance.py:2191} INFO - Executing <Task(MarketOpenSensor): check_market_open> on 2026-04-30 23:45:00+00:00
[2026-05-01T00:13:02.641+0000] {standard_task_runner.py:60} INFO - Started process 643573 to run task
[2026-05-01T00:13:02.645+0000] {standard_task_runner.py:87} INFO - Running: ['airflow', 'tasks', 'run', 'fetch_market_data', 'check_market_open', 'scheduled__2026-04-30T23:45:00+00:00', '--job-id', '421', '--raw', '--subdir', 'DAGS_FOLDER/fetch_market_data.py', '--cfg-path', '/tmp/tmphena3tjm']
[2026-05-01T00:13:02.647+0000] {standard_task_runner.py:88} INFO - Job 421: Subtask check_market_open
[2026-05-01T00:13:02.721+0000] {task_command.py:423} INFO - Running <TaskInstance: fetch_market_data.check_market_open scheduled__2026-04-30T23:45:00+00:00 [running]> on host reddit-pipeline-vm
[2026-05-01T00:13:02.829+0000] {taskinstance.py:2480} INFO - Exporting env vars: AIRFLOW_CTX_DAG_OWNER='pipeline' AIRFLOW_CTX_DAG_ID='fetch_market_data' AIRFLOW_CTX_TASK_ID='check_market_open' AIRFLOW_CTX_EXECUTION_DATE='2026-04-30T23:45:00+00:00' AIRFLOW_CTX_TRY_NUMBER='1' AIRFLOW_CTX_DAG_RUN_ID='scheduled__2026-04-30T23:45:00+00:00'
[2026-05-01T00:13:02.847+0000] {sensors.py:45} INFO - Market open check at 2026-04-30 20:13 ET: False
[2026-05-01T00:13:02.873+0000] {taskinstance.py:2658} INFO - Rescheduling task, marking task as UP_FOR_RESCHEDULE
[2026-05-01T00:13:02.897+0000] {local_task_job_runner.py:234} INFO - Task exited with return code 0
[2026-05-01T00:13:02.937+0000] {taskinstance.py:3280} INFO - 0 downstream tasks scheduled from follow-on schedule check
[2026-05-01T00:14:04.175+0000] {taskinstance.py:1956} INFO - Dependencies all met for dep_context=non-requeueable deps ti=<TaskInstance: fetch_market_data.check_market_open scheduled__2026-04-30T23:45:00+00:00 [queued]>
[2026-05-01T00:14:04.182+0000] {taskinstance.py:1956} INFO - Dependencies all met for dep_context=requeueable deps ti=<TaskInstance: fetch_market_data.check_market_open scheduled__2026-04-30T23:45:00+00:00 [queued]>
[2026-05-01T00:14:04.182+0000] {taskinstance.py:2170} INFO - Starting attempt 1 of 3
[2026-05-01T00:14:04.192+0000] {taskinstance.py:2191} INFO - Executing <Task(MarketOpenSensor): check_market_open> on 2026-04-30 23:45:00+00:00
[2026-05-01T00:14:04.199+0000] {standard_task_runner.py:60} INFO - Started process 643638 to run task
[2026-05-01T00:14:04.202+0000] {standard_task_runner.py:87} INFO - Running: ['airflow', 'tasks', 'run', 'fetch_market_data', 'check_market_open', 'scheduled__2026-04-30T23:45:00+00:00', '--job-id', '422', '--raw', '--subdir', 'DAGS_FOLDER/fetch_market_data.py', '--cfg-path', '/tmp/tmp5pu73nmz']
[2026-05-01T00:14:04.204+0000] {standard_task_runner.py:88} INFO - Job 422: Subtask check_market_open
[2026-05-01T00:14:04.279+0000] {task_command.py:423} INFO - Running <TaskInstance: fetch_market_data.check_market_open scheduled__2026-04-30T23:45:00+00:00 [running]> on host reddit-pipeline-vm
[2026-05-01T00:14:04.389+0000] {taskinstance.py:2480} INFO - Exporting env vars: AIRFLOW_CTX_DAG_OWNER='pipeline' AIRFLOW_CTX_DAG_ID='fetch_market_data' AIRFLOW_CTX_TASK_ID='check_market_open' AIRFLOW_CTX_EXECUTION_DATE='2026-04-30T23:45:00+00:00' AIRFLOW_CTX_TRY_NUMBER='1' AIRFLOW_CTX_DAG_RUN_ID='scheduled__2026-04-30T23:45:00+00:00'
[2026-05-01T00:14:04.407+0000] {sensors.py:45} INFO - Market open check at 2026-04-30 20:14 ET: False
[2026-05-01T00:14:04.433+0000] {taskinstance.py:2658} INFO - Rescheduling task, marking task as UP_FOR_RESCHEDULE
[2026-05-01T00:14:04.455+0000] {local_task_job_runner.py:234} INFO - Task exited with return code 0
[2026-05-01T00:14:04.496+0000] {taskinstance.py:3280} INFO - 0 downstream tasks scheduled from follow-on schedule check
[2026-05-01T00:15:05.382+0000] {taskinstance.py:1956} INFO - Dependencies all met for dep_context=non-requeueable deps ti=<TaskInstance: fetch_market_data.check_market_open scheduled__2026-04-30T23:45:00+00:00 [queued]>
[2026-05-01T00:15:05.389+0000] {taskinstance.py:1956} INFO - Dependencies all met for dep_context=requeueable deps ti=<TaskInstance: fetch_market_data.check_market_open scheduled__2026-04-30T23:45:00+00:00 [queued]>
[2026-05-01T00:15:05.389+0000] {taskinstance.py:2170} INFO - Starting attempt 1 of 3
[2026-05-01T00:15:05.399+0000] {taskinstance.py:2191} INFO - Executing <Task(MarketOpenSensor): check_market_open> on 2026-04-30 23:45:00+00:00
[2026-05-01T00:15:05.405+0000] {standard_task_runner.py:60} INFO - Started process 643710 to run task
[2026-05-01T00:15:05.409+0000] {standard_task_runner.py:87} INFO - Running: ['airflow', 'tasks', 'run', 'fetch_market_data', 'check_market_open', 'scheduled__2026-04-30T23:45:00+00:00', '--job-id', '423', '--raw', '--subdir', 'DAGS_FOLDER/fetch_market_data.py', '--cfg-path', '/tmp/tmp_1gxujc4']
[2026-05-01T00:15:05.411+0000] {standard_task_runner.py:88} INFO - Job 423: Subtask check_market_open
[2026-05-01T00:15:05.487+0000] {task_command.py:423} INFO - Running <TaskInstance: fetch_market_data.check_market_open scheduled__2026-04-30T23:45:00+00:00 [running]> on host reddit-pipeline-vm
[2026-05-01T00:15:05.596+0000] {taskinstance.py:2480} INFO - Exporting env vars: AIRFLOW_CTX_DAG_OWNER='pipeline' AIRFLOW_CTX_DAG_ID='fetch_market_data' AIRFLOW_CTX_TASK_ID='check_market_open' AIRFLOW_CTX_EXECUTION_DATE='2026-04-30T23:45:00+00:00' AIRFLOW_CTX_TRY_NUMBER='1' AIRFLOW_CTX_DAG_RUN_ID='scheduled__2026-04-30T23:45:00+00:00'
[2026-05-01T00:15:05.614+0000] {sensors.py:45} INFO - Market open check at 2026-04-30 20:15 ET: False
[2026-05-01T00:15:05.640+0000] {taskinstance.py:2658} INFO - Rescheduling task, marking task as UP_FOR_RESCHEDULE
[2026-05-01T00:15:05.663+0000] {local_task_job_runner.py:234} INFO - Task exited with return code 0
[2026-05-01T00:15:05.703+0000] {taskinstance.py:3280} INFO - 0 downstream tasks scheduled from follow-on schedule check
[2026-05-01T00:16:06.585+0000] {taskinstance.py:1956} INFO - Dependencies all met for dep_context=non-requeueable deps ti=<TaskInstance: fetch_market_data.check_market_open scheduled__2026-04-30T23:45:00+00:00 [queued]>
[2026-05-01T00:16:06.592+0000] {taskinstance.py:1956} INFO - Dependencies all met for dep_context=requeueable deps ti=<TaskInstance: fetch_market_data.check_market_open scheduled__2026-04-30T23:45:00+00:00 [queued]>
[2026-05-01T00:16:06.593+0000] {taskinstance.py:2170} INFO - Starting attempt 1 of 3
[2026-05-01T00:16:06.603+0000] {taskinstance.py:2191} INFO - Executing <Task(MarketOpenSensor): check_market_open> on 2026-04-30 23:45:00+00:00
[2026-05-01T00:16:06.611+0000] {standard_task_runner.py:60} INFO - Started process 643785 to run task
[2026-05-01T00:16:06.614+0000] {standard_task_runner.py:87} INFO - Running: ['airflow', 'tasks', 'run', 'fetch_market_data', 'check_market_open', 'scheduled__2026-04-30T23:45:00+00:00', '--job-id', '424', '--raw', '--subdir', 'DAGS_FOLDER/fetch_market_data.py', '--cfg-path', '/tmp/tmpgywb6rq3']
[2026-05-01T00:16:06.616+0000] {standard_task_runner.py:88} INFO - Job 424: Subtask check_market_open
[2026-05-01T00:16:06.693+0000] {task_command.py:423} INFO - Running <TaskInstance: fetch_market_data.check_market_open scheduled__2026-04-30T23:45:00+00:00 [running]> on host reddit-pipeline-vm
[2026-05-01T00:16:06.802+0000] {taskinstance.py:2480} INFO - Exporting env vars: AIRFLOW_CTX_DAG_OWNER='pipeline' AIRFLOW_CTX_DAG_ID='fetch_market_data' AIRFLOW_CTX_TASK_ID='check_market_open' AIRFLOW_CTX_EXECUTION_DATE='2026-04-30T23:45:00+00:00' AIRFLOW_CTX_TRY_NUMBER='1' AIRFLOW_CTX_DAG_RUN_ID='scheduled__2026-04-30T23:45:00+00:00'
[2026-05-01T00:16:06.820+0000] {sensors.py:45} INFO - Market open check at 2026-04-30 20:16 ET: False
[2026-05-01T00:16:06.846+0000] {taskinstance.py:2658} INFO - Rescheduling task, marking task as UP_FOR_RESCHEDULE
[2026-05-01T00:16:06.868+0000] {local_task_job_runner.py:234} INFO - Task exited with return code 0
[2026-05-01T00:16:06.908+0000] {taskinstance.py:3280} INFO - 0 downstream tasks scheduled from follow-on schedule check
[2026-05-01T00:17:08.311+0000] {taskinstance.py:1956} INFO - Dependencies all met for dep_context=non-requeueable deps ti=<TaskInstance: fetch_market_data.check_market_open scheduled__2026-04-30T23:45:00+00:00 [queued]>
[2026-05-01T00:17:08.319+0000] {taskinstance.py:1956} INFO - Dependencies all met for dep_context=requeueable deps ti=<TaskInstance: fetch_market_data.check_market_open scheduled__2026-04-30T23:45:00+00:00 [queued]>
[2026-05-01T00:17:08.319+0000] {taskinstance.py:2170} INFO - Starting attempt 1 of 3
[2026-05-01T00:17:08.330+0000] {taskinstance.py:2191} INFO - Executing <Task(MarketOpenSensor): check_market_open> on 2026-04-30 23:45:00+00:00
[2026-05-01T00:17:08.336+0000] {standard_task_runner.py:60} INFO - Started process 643854 to run task
[2026-05-01T00:17:08.339+0000] {standard_task_runner.py:87} INFO - Running: ['airflow', 'tasks', 'run', 'fetch_market_data', 'check_market_open', 'scheduled__2026-04-30T23:45:00+00:00', '--job-id', '425', '--raw', '--subdir', 'DAGS_FOLDER/fetch_market_data.py', '--cfg-path', '/tmp/tmpwg1xl9l_']
[2026-05-01T00:17:08.341+0000] {standard_task_runner.py:88} INFO - Job 425: Subtask check_market_open
[2026-05-01T00:17:08.417+0000] {task_command.py:423} INFO - Running <TaskInstance: fetch_market_data.check_market_open scheduled__2026-04-30T23:45:00+00:00 [running]> on host reddit-pipeline-vm
[2026-05-01T00:17:08.526+0000] {taskinstance.py:2480} INFO - Exporting env vars: AIRFLOW_CTX_DAG_OWNER='pipeline' AIRFLOW_CTX_DAG_ID='fetch_market_data' AIRFLOW_CTX_TASK_ID='check_market_open' AIRFLOW_CTX_EXECUTION_DATE='2026-04-30T23:45:00+00:00' AIRFLOW_CTX_TRY_NUMBER='1' AIRFLOW_CTX_DAG_RUN_ID='scheduled__2026-04-30T23:45:00+00:00'
[2026-05-01T00:17:08.544+0000] {sensors.py:45} INFO - Market open check at 2026-04-30 20:17 ET: False
[2026-05-01T00:17:08.571+0000] {taskinstance.py:2658} INFO - Rescheduling task, marking task as UP_FOR_RESCHEDULE
[2026-05-01T00:17:08.593+0000] {local_task_job_runner.py:234} INFO - Task exited with return code 0
[2026-05-01T00:17:08.633+0000] {taskinstance.py:3280} INFO - 0 downstream tasks scheduled from follow-on schedule check
[2026-05-01T00:18:09.336+0000] {taskinstance.py:1956} INFO - Dependencies all met for dep_context=non-requeueable deps ti=<TaskInstance: fetch_market_data.check_market_open scheduled__2026-04-30T23:45:00+00:00 [queued]>
[2026-05-01T00:18:09.344+0000] {taskinstance.py:1956} INFO - Dependencies all met for dep_context=requeueable deps ti=<TaskInstance: fetch_market_data.check_market_open scheduled__2026-04-30T23:45:00+00:00 [queued]>
[2026-05-01T00:18:09.344+0000] {taskinstance.py:2170} INFO - Starting attempt 1 of 3
[2026-05-01T00:18:09.354+0000] {taskinstance.py:2191} INFO - Executing <Task(MarketOpenSensor): check_market_open> on 2026-04-30 23:45:00+00:00
[2026-05-01T00:18:09.360+0000] {standard_task_runner.py:60} INFO - Started process 643922 to run task
[2026-05-01T00:18:09.363+0000] {standard_task_runner.py:87} INFO - Running: ['airflow', 'tasks', 'run', 'fetch_market_data', 'check_market_open', 'scheduled__2026-04-30T23:45:00+00:00', '--job-id', '426', '--raw', '--subdir', 'DAGS_FOLDER/fetch_market_data.py', '--cfg-path', '/tmp/tmp_i55l73l']
[2026-05-01T00:18:09.365+0000] {standard_task_runner.py:88} INFO - Job 426: Subtask check_market_open
[2026-05-01T00:18:09.441+0000] {task_command.py:423} INFO - Running <TaskInstance: fetch_market_data.check_market_open scheduled__2026-04-30T23:45:00+00:00 [running]> on host reddit-pipeline-vm
[2026-05-01T00:18:09.548+0000] {taskinstance.py:2480} INFO - Exporting env vars: AIRFLOW_CTX_DAG_OWNER='pipeline' AIRFLOW_CTX_DAG_ID='fetch_market_data' AIRFLOW_CTX_TASK_ID='check_market_open' AIRFLOW_CTX_EXECUTION_DATE='2026-04-30T23:45:00+00:00' AIRFLOW_CTX_TRY_NUMBER='1' AIRFLOW_CTX_DAG_RUN_ID='scheduled__2026-04-30T23:45:00+00:00'
[2026-05-01T00:18:09.566+0000] {sensors.py:45} INFO - Market open check at 2026-04-30 20:18 ET: False
[2026-05-01T00:18:09.592+0000] {taskinstance.py:2658} INFO - Rescheduling task, marking task as UP_FOR_RESCHEDULE
[2026-05-01T00:18:09.616+0000] {local_task_job_runner.py:234} INFO - Task exited with return code 0
[2026-05-01T00:18:09.656+0000] {taskinstance.py:3280} INFO - 0 downstream tasks scheduled from follow-on schedule check
[2026-05-01T00:19:10.589+0000] {taskinstance.py:1956} INFO - Dependencies all met for dep_context=non-requeueable deps ti=<TaskInstance: fetch_market_data.check_market_open scheduled__2026-04-30T23:45:00+00:00 [queued]>
[2026-05-01T00:19:10.597+0000] {taskinstance.py:1956} INFO - Dependencies all met for dep_context=requeueable deps ti=<TaskInstance: fetch_market_data.check_market_open scheduled__2026-04-30T23:45:00+00:00 [queued]>
[2026-05-01T00:19:10.598+0000] {taskinstance.py:2170} INFO - Starting attempt 1 of 3
[2026-05-01T00:19:10.608+0000] {taskinstance.py:2191} INFO - Executing <Task(MarketOpenSensor): check_market_open> on 2026-04-30 23:45:00+00:00
[2026-05-01T00:19:10.614+0000] {standard_task_runner.py:60} INFO - Started process 643989 to run task
[2026-05-01T00:19:10.618+0000] {standard_task_runner.py:87} INFO - Running: ['airflow', 'tasks', 'run', 'fetch_market_data', 'check_market_open', 'scheduled__2026-04-30T23:45:00+00:00', '--job-id', '427', '--raw', '--subdir', 'DAGS_FOLDER/fetch_market_data.py', '--cfg-path', '/tmp/tmp80xpzt7w']
[2026-05-01T00:19:10.620+0000] {standard_task_runner.py:88} INFO - Job 427: Subtask check_market_open
[2026-05-01T00:19:10.696+0000] {task_command.py:423} INFO - Running <TaskInstance: fetch_market_data.check_market_open scheduled__2026-04-30T23:45:00+00:00 [running]> on host reddit-pipeline-vm
[2026-05-01T00:19:10.806+0000] {taskinstance.py:2480} INFO - Exporting env vars: AIRFLOW_CTX_DAG_OWNER='pipeline' AIRFLOW_CTX_DAG_ID='fetch_market_data' AIRFLOW_CTX_TASK_ID='check_market_open' AIRFLOW_CTX_EXECUTION_DATE='2026-04-30T23:45:00+00:00' AIRFLOW_CTX_TRY_NUMBER='1' AIRFLOW_CTX_DAG_RUN_ID='scheduled__2026-04-30T23:45:00+00:00'
[2026-05-01T00:19:10.823+0000] {sensors.py:45} INFO - Market open check at 2026-04-30 20:19 ET: False
[2026-05-01T00:19:10.849+0000] {taskinstance.py:2658} INFO - Rescheduling task, marking task as UP_FOR_RESCHEDULE
[2026-05-01T00:19:10.871+0000] {local_task_job_runner.py:234} INFO - Task exited with return code 0
[2026-05-01T00:19:10.911+0000] {taskinstance.py:3280} INFO - 0 downstream tasks scheduled from follow-on schedule check
[2026-05-01T00:20:11.873+0000] {taskinstance.py:1956} INFO - Dependencies all met for dep_context=non-requeueable deps ti=<TaskInstance: fetch_market_data.check_market_open scheduled__2026-04-30T23:45:00+00:00 [queued]>
[2026-05-01T00:20:11.881+0000] {taskinstance.py:1956} INFO - Dependencies all met for dep_context=requeueable deps ti=<TaskInstance: fetch_market_data.check_market_open scheduled__2026-04-30T23:45:00+00:00 [queued]>
[2026-05-01T00:20:11.881+0000] {taskinstance.py:2170} INFO - Starting attempt 1 of 3
[2026-05-01T00:20:11.895+0000] {taskinstance.py:2191} INFO - Executing <Task(MarketOpenSensor): check_market_open> on 2026-04-30 23:45:00+00:00
[2026-05-01T00:20:11.902+0000] {standard_task_runner.py:60} INFO - Started process 644066 to run task
[2026-05-01T00:20:11.906+0000] {standard_task_runner.py:87} INFO - Running: ['airflow', 'tasks', 'run', 'fetch_market_data', 'check_market_open', 'scheduled__2026-04-30T23:45:00+00:00', '--job-id', '428', '--raw', '--subdir', 'DAGS_FOLDER/fetch_market_data.py', '--cfg-path', '/tmp/tmprdf5t5g3']
[2026-05-01T00:20:11.908+0000] {standard_task_runner.py:88} INFO - Job 428: Subtask check_market_open
[2026-05-01T00:20:11.985+0000] {task_command.py:423} INFO - Running <TaskInstance: fetch_market_data.check_market_open scheduled__2026-04-30T23:45:00+00:00 [running]> on host reddit-pipeline-vm
[2026-05-01T00:20:12.094+0000] {taskinstance.py:2480} INFO - Exporting env vars: AIRFLOW_CTX_DAG_OWNER='pipeline' AIRFLOW_CTX_DAG_ID='fetch_market_data' AIRFLOW_CTX_TASK_ID='check_market_open' AIRFLOW_CTX_EXECUTION_DATE='2026-04-30T23:45:00+00:00' AIRFLOW_CTX_TRY_NUMBER='1' AIRFLOW_CTX_DAG_RUN_ID='scheduled__2026-04-30T23:45:00+00:00'
[2026-05-01T00:20:12.112+0000] {sensors.py:45} INFO - Market open check at 2026-04-30 20:20 ET: False
[2026-05-01T00:20:12.138+0000] {taskinstance.py:2658} INFO - Rescheduling task, marking task as UP_FOR_RESCHEDULE
[2026-05-01T00:20:12.159+0000] {local_task_job_runner.py:234} INFO - Task exited with return code 0
[2026-05-01T00:20:12.200+0000] {taskinstance.py:3280} INFO - 0 downstream tasks scheduled from follow-on schedule check
[2026-05-01T00:21:13.161+0000] {taskinstance.py:1956} INFO - Dependencies all met for dep_context=non-requeueable deps ti=<TaskInstance: fetch_market_data.check_market_open scheduled__2026-04-30T23:45:00+00:00 [queued]>
[2026-05-01T00:21:13.169+0000] {taskinstance.py:1956} INFO - Dependencies all met for dep_context=requeueable deps ti=<TaskInstance: fetch_market_data.check_market_open scheduled__2026-04-30T23:45:00+00:00 [queued]>
[2026-05-01T00:21:13.169+0000] {taskinstance.py:2170} INFO - Starting attempt 1 of 3
[2026-05-01T00:21:13.179+0000] {taskinstance.py:2191} INFO - Executing <Task(MarketOpenSensor): check_market_open> on 2026-04-30 23:45:00+00:00
[2026-05-01T00:21:13.186+0000] {standard_task_runner.py:60} INFO - Started process 644140 to run task
[2026-05-01T00:21:13.189+0000] {standard_task_runner.py:87} INFO - Running: ['airflow', 'tasks', 'run', 'fetch_market_data', 'check_market_open', 'scheduled__2026-04-30T23:45:00+00:00', '--job-id', '429', '--raw', '--subdir', 'DAGS_FOLDER/fetch_market_data.py', '--cfg-path', '/tmp/tmpz471scvt']
[2026-05-01T00:21:13.191+0000] {standard_task_runner.py:88} INFO - Job 429: Subtask check_market_open
[2026-05-01T00:21:13.267+0000] {task_command.py:423} INFO - Running <TaskInstance: fetch_market_data.check_market_open scheduled__2026-04-30T23:45:00+00:00 [running]> on host reddit-pipeline-vm
[2026-05-01T00:21:13.378+0000] {taskinstance.py:2480} INFO - Exporting env vars: AIRFLOW_CTX_DAG_OWNER='pipeline' AIRFLOW_CTX_DAG_ID='fetch_market_data' AIRFLOW_CTX_TASK_ID='check_market_open' AIRFLOW_CTX_EXECUTION_DATE='2026-04-30T23:45:00+00:00' AIRFLOW_CTX_TRY_NUMBER='1' AIRFLOW_CTX_DAG_RUN_ID='scheduled__2026-04-30T23:45:00+00:00'
[2026-05-01T00:21:13.396+0000] {sensors.py:45} INFO - Market open check at 2026-04-30 20:21 ET: False
[2026-05-01T00:21:13.396+0000] {taskinstance.py:2698} ERROR - Task failed with exception
Traceback (most recent call last):
  File "/home/ubuntu/github_repo/Stock-Market-Intelligence-Pipeline/venv/lib/python3.11/site-packages/airflow/models/taskinstance.py", line 433, in _execute_task
    result = execute_callable(context=context, **execute_callable_kwargs)
             ^^^^^^^^^^^^^^^^^^^^^^^^^^^^^^^^^^^^^^^^^^^^^^^^^^^^^^^^^^^^
  File "/home/ubuntu/github_repo/Stock-Market-Intelligence-Pipeline/venv/lib/python3.11/site-packages/airflow/sensors/base.py", line 282, in execute
    raise AirflowSensorTimeout(message)
airflow.exceptions.AirflowSensorTimeout: Sensor has timed out; run duration of 920.465833 seconds exceeds the specified timeout of 900.0.
[2026-05-01T00:21:13.414+0000] {taskinstance.py:1138} INFO - Immediate failure requested. Marking task as FAILED. dag_id=fetch_market_data, task_id=check_market_open, execution_date=20260430T234500, start_date=20260501T002113, end_date=20260501T002113
[2026-05-01T00:21:13.423+0000] {standard_task_runner.py:107} ERROR - Failed to execute job 429 for task check_market_open (Sensor has timed out; run duration of 920.465833 seconds exceeds the specified timeout of 900.0.; 644140)
[2026-05-01T00:21:13.442+0000] {local_task_job_runner.py:234} INFO - Task exited with return code 1
[2026-05-01T00:21:13.491+0000] {taskinstance.py:3280} INFO - 0 downstream tasks scheduled from follow-on schedule check
