[2026-05-12T01:00:42.366+0000] {taskinstance.py:1956} INFO - Dependencies all met for dep_context=non-requeueable deps ti=<TaskInstance: fetch_market_data.check_market_open scheduled__2026-05-12T00:00:00+00:00 [queued]>
[2026-05-12T01:00:42.373+0000] {taskinstance.py:1956} INFO - Dependencies all met for dep_context=requeueable deps ti=<TaskInstance: fetch_market_data.check_market_open scheduled__2026-05-12T00:00:00+00:00 [queued]>
[2026-05-12T01:00:42.373+0000] {taskinstance.py:2170} INFO - Starting attempt 1 of 3
[2026-05-12T01:00:42.384+0000] {taskinstance.py:2191} INFO - Executing <Task(MarketOpenSensor): check_market_open> on 2026-05-12 00:00:00+00:00
[2026-05-12T01:00:42.390+0000] {standard_task_runner.py:60} INFO - Started process 1553024 to run task
[2026-05-12T01:00:42.394+0000] {standard_task_runner.py:87} INFO - Running: ['airflow', 'tasks', 'run', 'fetch_market_data', 'check_market_open', 'scheduled__2026-05-12T00:00:00+00:00', '--job-id', '1935', '--raw', '--subdir', 'DAGS_FOLDER/fetch_market_data.py', '--cfg-path', '/tmp/tmpn02l49fx']
[2026-05-12T01:00:42.396+0000] {standard_task_runner.py:88} INFO - Job 1935: Subtask check_market_open
[2026-05-12T01:00:42.460+0000] {task_command.py:423} INFO - Running <TaskInstance: fetch_market_data.check_market_open scheduled__2026-05-12T00:00:00+00:00 [running]> on host reddit-pipeline-vm
[2026-05-12T01:00:42.555+0000] {taskinstance.py:2480} INFO - Exporting env vars: AIRFLOW_CTX_DAG_OWNER='pipeline' AIRFLOW_CTX_DAG_ID='fetch_market_data' AIRFLOW_CTX_TASK_ID='check_market_open' AIRFLOW_CTX_EXECUTION_DATE='2026-05-12T00:00:00+00:00' AIRFLOW_CTX_TRY_NUMBER='1' AIRFLOW_CTX_DAG_RUN_ID='scheduled__2026-05-12T00:00:00+00:00'
[2026-05-12T01:00:42.569+0000] {sensors.py:45} INFO - Market open check at 2026-05-11 21:00 ET: False
[2026-05-12T01:00:42.592+0000] {taskinstance.py:2658} INFO - Rescheduling task, marking task as UP_FOR_RESCHEDULE
[2026-05-12T01:00:42.606+0000] {local_task_job_runner.py:234} INFO - Task exited with return code 0
[2026-05-12T01:00:42.639+0000] {taskinstance.py:3280} INFO - 0 downstream tasks scheduled from follow-on schedule check
[2026-05-12T01:15:43.130+0000] {taskinstance.py:1956} INFO - Dependencies all met for dep_context=non-requeueable deps ti=<TaskInstance: fetch_market_data.check_market_open scheduled__2026-05-12T00:00:00+00:00 [queued]>
[2026-05-12T01:15:43.137+0000] {taskinstance.py:1956} INFO - Dependencies all met for dep_context=requeueable deps ti=<TaskInstance: fetch_market_data.check_market_open scheduled__2026-05-12T00:00:00+00:00 [queued]>
[2026-05-12T01:15:43.137+0000] {taskinstance.py:2170} INFO - Starting attempt 1 of 3
[2026-05-12T01:15:43.148+0000] {taskinstance.py:2191} INFO - Executing <Task(MarketOpenSensor): check_market_open> on 2026-05-12 00:00:00+00:00
[2026-05-12T01:15:43.155+0000] {standard_task_runner.py:60} INFO - Started process 1553969 to run task
[2026-05-12T01:15:43.158+0000] {standard_task_runner.py:87} INFO - Running: ['airflow', 'tasks', 'run', 'fetch_market_data', 'check_market_open', 'scheduled__2026-05-12T00:00:00+00:00', '--job-id', '1936', '--raw', '--subdir', 'DAGS_FOLDER/fetch_market_data.py', '--cfg-path', '/tmp/tmp366a3o6a']
[2026-05-12T01:15:43.160+0000] {standard_task_runner.py:88} INFO - Job 1936: Subtask check_market_open
[2026-05-12T01:15:43.227+0000] {task_command.py:423} INFO - Running <TaskInstance: fetch_market_data.check_market_open scheduled__2026-05-12T00:00:00+00:00 [running]> on host reddit-pipeline-vm
[2026-05-12T01:15:43.319+0000] {taskinstance.py:2480} INFO - Exporting env vars: AIRFLOW_CTX_DAG_OWNER='pipeline' AIRFLOW_CTX_DAG_ID='fetch_market_data' AIRFLOW_CTX_TASK_ID='check_market_open' AIRFLOW_CTX_EXECUTION_DATE='2026-05-12T00:00:00+00:00' AIRFLOW_CTX_TRY_NUMBER='1' AIRFLOW_CTX_DAG_RUN_ID='scheduled__2026-05-12T00:00:00+00:00'
[2026-05-12T01:15:43.333+0000] {sensors.py:45} INFO - Market open check at 2026-05-11 21:15 ET: False
[2026-05-12T01:15:43.356+0000] {taskinstance.py:2658} INFO - Rescheduling task, marking task as UP_FOR_RESCHEDULE
[2026-05-12T01:15:43.372+0000] {local_task_job_runner.py:234} INFO - Task exited with return code 0
[2026-05-12T01:15:43.405+0000] {taskinstance.py:3280} INFO - 0 downstream tasks scheduled from follow-on schedule check
[2026-05-12T01:30:43.974+0000] {taskinstance.py:1956} INFO - Dependencies all met for dep_context=non-requeueable deps ti=<TaskInstance: fetch_market_data.check_market_open scheduled__2026-05-12T00:00:00+00:00 [queued]>
[2026-05-12T01:30:43.982+0000] {taskinstance.py:1956} INFO - Dependencies all met for dep_context=requeueable deps ti=<TaskInstance: fetch_market_data.check_market_open scheduled__2026-05-12T00:00:00+00:00 [queued]>
[2026-05-12T01:30:43.982+0000] {taskinstance.py:2170} INFO - Starting attempt 1 of 3
[2026-05-12T01:30:43.993+0000] {taskinstance.py:2191} INFO - Executing <Task(MarketOpenSensor): check_market_open> on 2026-05-12 00:00:00+00:00
[2026-05-12T01:30:44.000+0000] {standard_task_runner.py:60} INFO - Started process 1555012 to run task
[2026-05-12T01:30:44.004+0000] {standard_task_runner.py:87} INFO - Running: ['airflow', 'tasks', 'run', 'fetch_market_data', 'check_market_open', 'scheduled__2026-05-12T00:00:00+00:00', '--job-id', '1937', '--raw', '--subdir', 'DAGS_FOLDER/fetch_market_data.py', '--cfg-path', '/tmp/tmpnsi6ys06']
[2026-05-12T01:30:44.006+0000] {standard_task_runner.py:88} INFO - Job 1937: Subtask check_market_open
[2026-05-12T01:30:44.070+0000] {task_command.py:423} INFO - Running <TaskInstance: fetch_market_data.check_market_open scheduled__2026-05-12T00:00:00+00:00 [running]> on host reddit-pipeline-vm
[2026-05-12T01:30:44.163+0000] {taskinstance.py:2480} INFO - Exporting env vars: AIRFLOW_CTX_DAG_OWNER='pipeline' AIRFLOW_CTX_DAG_ID='fetch_market_data' AIRFLOW_CTX_TASK_ID='check_market_open' AIRFLOW_CTX_EXECUTION_DATE='2026-05-12T00:00:00+00:00' AIRFLOW_CTX_TRY_NUMBER='1' AIRFLOW_CTX_DAG_RUN_ID='scheduled__2026-05-12T00:00:00+00:00'
[2026-05-12T01:30:44.182+0000] {sensors.py:45} INFO - Market open check at 2026-05-11 21:30 ET: False
[2026-05-12T01:30:44.204+0000] {taskinstance.py:2658} INFO - Rescheduling task, marking task as UP_FOR_RESCHEDULE
[2026-05-12T01:30:44.216+0000] {local_task_job_runner.py:234} INFO - Task exited with return code 0
[2026-05-12T01:30:44.249+0000] {taskinstance.py:3280} INFO - 0 downstream tasks scheduled from follow-on schedule check
[2026-05-12T01:45:45.365+0000] {taskinstance.py:1956} INFO - Dependencies all met for dep_context=non-requeueable deps ti=<TaskInstance: fetch_market_data.check_market_open scheduled__2026-05-12T00:00:00+00:00 [queued]>
[2026-05-12T01:45:45.372+0000] {taskinstance.py:1956} INFO - Dependencies all met for dep_context=requeueable deps ti=<TaskInstance: fetch_market_data.check_market_open scheduled__2026-05-12T00:00:00+00:00 [queued]>
[2026-05-12T01:45:45.372+0000] {taskinstance.py:2170} INFO - Starting attempt 1 of 3
[2026-05-12T01:45:45.384+0000] {taskinstance.py:2191} INFO - Executing <Task(MarketOpenSensor): check_market_open> on 2026-05-12 00:00:00+00:00
[2026-05-12T01:45:45.391+0000] {standard_task_runner.py:60} INFO - Started process 1556065 to run task
[2026-05-12T01:45:45.394+0000] {standard_task_runner.py:87} INFO - Running: ['airflow', 'tasks', 'run', 'fetch_market_data', 'check_market_open', 'scheduled__2026-05-12T00:00:00+00:00', '--job-id', '1938', '--raw', '--subdir', 'DAGS_FOLDER/fetch_market_data.py', '--cfg-path', '/tmp/tmp4bt9wqvh']
[2026-05-12T01:45:45.396+0000] {standard_task_runner.py:88} INFO - Job 1938: Subtask check_market_open
[2026-05-12T01:45:45.461+0000] {task_command.py:423} INFO - Running <TaskInstance: fetch_market_data.check_market_open scheduled__2026-05-12T00:00:00+00:00 [running]> on host reddit-pipeline-vm
[2026-05-12T01:45:45.555+0000] {taskinstance.py:2480} INFO - Exporting env vars: AIRFLOW_CTX_DAG_OWNER='pipeline' AIRFLOW_CTX_DAG_ID='fetch_market_data' AIRFLOW_CTX_TASK_ID='check_market_open' AIRFLOW_CTX_EXECUTION_DATE='2026-05-12T00:00:00+00:00' AIRFLOW_CTX_TRY_NUMBER='1' AIRFLOW_CTX_DAG_RUN_ID='scheduled__2026-05-12T00:00:00+00:00'
[2026-05-12T01:45:45.570+0000] {sensors.py:45} INFO - Market open check at 2026-05-11 21:45 ET: False
[2026-05-12T01:45:45.593+0000] {taskinstance.py:2658} INFO - Rescheduling task, marking task as UP_FOR_RESCHEDULE
[2026-05-12T01:45:45.606+0000] {local_task_job_runner.py:234} INFO - Task exited with return code 0
[2026-05-12T01:45:45.639+0000] {taskinstance.py:3280} INFO - 0 downstream tasks scheduled from follow-on schedule check
[2026-05-12T02:00:46.523+0000] {taskinstance.py:1956} INFO - Dependencies all met for dep_context=non-requeueable deps ti=<TaskInstance: fetch_market_data.check_market_open scheduled__2026-05-12T00:00:00+00:00 [queued]>
[2026-05-12T02:00:46.530+0000] {taskinstance.py:1956} INFO - Dependencies all met for dep_context=requeueable deps ti=<TaskInstance: fetch_market_data.check_market_open scheduled__2026-05-12T00:00:00+00:00 [queued]>
[2026-05-12T02:00:46.530+0000] {taskinstance.py:2170} INFO - Starting attempt 1 of 3
[2026-05-12T02:00:46.542+0000] {taskinstance.py:2191} INFO - Executing <Task(MarketOpenSensor): check_market_open> on 2026-05-12 00:00:00+00:00
[2026-05-12T02:00:46.548+0000] {standard_task_runner.py:60} INFO - Started process 1557076 to run task
[2026-05-12T02:00:46.551+0000] {standard_task_runner.py:87} INFO - Running: ['airflow', 'tasks', 'run', 'fetch_market_data', 'check_market_open', 'scheduled__2026-05-12T00:00:00+00:00', '--job-id', '1939', '--raw', '--subdir', 'DAGS_FOLDER/fetch_market_data.py', '--cfg-path', '/tmp/tmpk1qlhwiu']
[2026-05-12T02:00:46.554+0000] {standard_task_runner.py:88} INFO - Job 1939: Subtask check_market_open
[2026-05-12T02:00:46.618+0000] {task_command.py:423} INFO - Running <TaskInstance: fetch_market_data.check_market_open scheduled__2026-05-12T00:00:00+00:00 [running]> on host reddit-pipeline-vm
[2026-05-12T02:00:46.711+0000] {taskinstance.py:2480} INFO - Exporting env vars: AIRFLOW_CTX_DAG_OWNER='pipeline' AIRFLOW_CTX_DAG_ID='fetch_market_data' AIRFLOW_CTX_TASK_ID='check_market_open' AIRFLOW_CTX_EXECUTION_DATE='2026-05-12T00:00:00+00:00' AIRFLOW_CTX_TRY_NUMBER='1' AIRFLOW_CTX_DAG_RUN_ID='scheduled__2026-05-12T00:00:00+00:00'
[2026-05-12T02:00:46.726+0000] {sensors.py:45} INFO - Market open check at 2026-05-11 22:00 ET: False
[2026-05-12T02:00:46.727+0000] {taskinstance.py:2360} INFO - Sensor has timed out; run duration of 3604.238641 seconds exceeds the specified timeout of 3600.0.
[2026-05-12T02:00:46.740+0000] {taskinstance.py:1138} INFO - Marking task as SKIPPED. dag_id=fetch_market_data, task_id=check_market_open, execution_date=20260512T000000, start_date=20260512T020046, end_date=20260512T020046
[2026-05-12T02:00:46.764+0000] {local_task_job_runner.py:234} INFO - Task exited with return code 0
[2026-05-12T02:00:46.807+0000] {taskinstance.py:3280} INFO - 0 downstream tasks scheduled from follow-on schedule check
