[2026-04-30T18:56:34.296+0000] {taskinstance.py:1956} INFO - Dependencies all met for dep_context=non-requeueable deps ti=<TaskInstance: run_dbt_models.dbt_run manual__2026-04-30T18:56:33.821842+00:00 [queued]>
[2026-04-30T18:56:34.305+0000] {taskinstance.py:1956} INFO - Dependencies all met for dep_context=requeueable deps ti=<TaskInstance: run_dbt_models.dbt_run manual__2026-04-30T18:56:33.821842+00:00 [queued]>
[2026-04-30T18:56:34.305+0000] {taskinstance.py:2170} INFO - Starting attempt 1 of 2
[2026-04-30T18:56:34.321+0000] {taskinstance.py:2191} INFO - Executing <Task(BashOperator): dbt_run> on 2026-04-30 18:56:33.821842+00:00
[2026-04-30T18:56:34.327+0000] {standard_task_runner.py:60} INFO - Started process 621315 to run task
[2026-04-30T18:56:34.330+0000] {standard_task_runner.py:87} INFO - Running: ['airflow', 'tasks', 'run', 'run_dbt_models', 'dbt_run', 'manual__2026-04-30T18:56:33.821842+00:00', '--job-id', '117', '--raw', '--subdir', 'DAGS_FOLDER/run_dbt_models.py', '--cfg-path', '/tmp/tmp33opmpj2']
[2026-04-30T18:56:34.332+0000] {standard_task_runner.py:88} INFO - Job 117: Subtask dbt_run
[2026-04-30T18:56:34.411+0000] {task_command.py:423} INFO - Running <TaskInstance: run_dbt_models.dbt_run manual__2026-04-30T18:56:33.821842+00:00 [running]> on host reddit-pipeline-vm
[2026-04-30T18:56:34.531+0000] {taskinstance.py:2480} INFO - Exporting env vars: AIRFLOW_CTX_DAG_OWNER='pipeline' AIRFLOW_CTX_DAG_ID='run_dbt_models' AIRFLOW_CTX_TASK_ID='dbt_run' AIRFLOW_CTX_EXECUTION_DATE='2026-04-30T18:56:33.821842+00:00' AIRFLOW_CTX_TRY_NUMBER='1' AIRFLOW_CTX_DAG_RUN_ID='manual__2026-04-30T18:56:33.821842+00:00'
[2026-04-30T18:56:34.532+0000] {subprocess.py:63} INFO - Tmp dir root location: /tmp
[2026-04-30T18:56:34.532+0000] {subprocess.py:75} INFO - Running command: ['/usr/bin/bash', '-c', 'cd /home/ubuntu/github_repo/Stock-Market-Intelligence-Pipeline/dbt_project && /home/ubuntu/github_repo/Stock-Market-Intelligence-Pipeline/venv/bin/dbt run --profiles-dir /home/ubuntu/github_repo/Stock-Market-Intelligence-Pipeline/dbt_project']
[2026-04-30T18:56:34.542+0000] {subprocess.py:86} INFO - Output:
[2026-04-30T18:56:36.480+0000] {subprocess.py:93} INFO - [0m18:56:36  Running with dbt=1.7.0
[2026-04-30T18:56:36.740+0000] {subprocess.py:93} INFO - [0m18:56:36  Registered adapter: postgres=1.7.0
[2026-04-30T18:56:36.794+0000] {subprocess.py:93} INFO - [0m18:56:36  Found 5 models, 8 tests, 0 sources, 0 exposures, 0 metrics, 401 macros, 0 groups, 0 semantic models
[2026-04-30T18:56:36.797+0000] {subprocess.py:93} INFO - [0m18:56:36
[2026-04-30T18:56:36.956+0000] {subprocess.py:93} INFO - [0m18:56:36  Concurrency: 2 threads (target='dev')
[2026-04-30T18:56:36.957+0000] {subprocess.py:93} INFO - [0m18:56:36
[2026-04-30T18:56:36.961+0000] {subprocess.py:93} INFO - [0m18:56:36  1 of 5 START sql view model public_staging.stg_prices .......................... [RUN]
[2026-04-30T18:56:37.080+0000] {subprocess.py:93} INFO - [0m18:56:37  1 of 5 OK created sql view model public_staging.stg_prices ..................... [[32mCREATE VIEW[0m in 0.12s]
[2026-04-30T18:56:37.082+0000] {subprocess.py:93} INFO - [0m18:56:37  2 of 5 START sql view model public_staging.int_price_with_returns .............. [RUN]
[2026-04-30T18:56:37.135+0000] {subprocess.py:93} INFO - [0m18:56:37  2 of 5 OK created sql view model public_staging.int_price_with_returns ......... [[32mCREATE VIEW[0m in 0.05s]
[2026-04-30T18:56:37.137+0000] {subprocess.py:93} INFO - [0m18:56:37  3 of 5 START sql table model public.fact_prices ................................ [RUN]
[2026-04-30T18:56:37.242+0000] {subprocess.py:93} INFO - [0m18:56:37  3 of 5 OK created sql table model public.fact_prices ........................... [[32mSELECT 3549[0m in 0.10s]
[2026-04-30T18:56:37.243+0000] {subprocess.py:93} INFO - [0m18:56:37  4 of 5 START sql table model public.fact_indicators ............................ [RUN]
[2026-04-30T18:56:37.464+0000] {subprocess.py:93} INFO - [0m18:56:37  4 of 5 OK created sql table model public.fact_indicators ....................... [[32mSELECT 3549[0m in 0.22s]
[2026-04-30T18:56:37.466+0000] {subprocess.py:93} INFO - [0m18:56:37  5 of 5 START sql table model public.fact_alerts ................................ [RUN]
[2026-04-30T18:56:37.553+0000] {subprocess.py:93} INFO - [0m18:56:37  5 of 5 OK created sql table model public.fact_alerts ........................... [[32mSELECT 2034[0m in 0.08s]
[2026-04-30T18:56:37.577+0000] {subprocess.py:93} INFO - [0m18:56:37
[2026-04-30T18:56:37.577+0000] {subprocess.py:93} INFO - [0m18:56:37  Finished running 2 view models, 3 table models in 0 hours 0 minutes and 0.78 seconds (0.78s).
[2026-04-30T18:56:37.589+0000] {subprocess.py:93} INFO - [0m18:56:37
[2026-04-30T18:56:37.589+0000] {subprocess.py:93} INFO - [0m18:56:37  [32mCompleted successfully[0m
[2026-04-30T18:56:37.590+0000] {subprocess.py:93} INFO - [0m18:56:37
[2026-04-30T18:56:37.590+0000] {subprocess.py:93} INFO - [0m18:56:37  Done. PASS=5 WARN=0 ERROR=0 SKIP=0 TOTAL=5
[2026-04-30T18:56:39.386+0000] {subprocess.py:97} INFO - Command exited with return code 0
[2026-04-30T18:56:39.437+0000] {taskinstance.py:1138} INFO - Marking task as SUCCESS. dag_id=run_dbt_models, task_id=dbt_run, execution_date=20260430T185633, start_date=20260430T185634, end_date=20260430T185639
[2026-04-30T18:56:39.465+0000] {local_task_job_runner.py:234} INFO - Task exited with return code 0
[2026-04-30T18:56:39.494+0000] {taskinstance.py:3280} INFO - 1 downstream tasks scheduled from follow-on schedule check
