[2026-04-30T22:48:55.054+0000] {taskinstance.py:1956} INFO - Dependencies all met for dep_context=non-requeueable deps ti=<TaskInstance: fetch_market_data.check_market_open scheduled__2026-04-30T22:30:00+00:00 [queued]>
[2026-04-30T22:48:55.061+0000] {taskinstance.py:1956} INFO - Dependencies all met for dep_context=requeueable deps ti=<TaskInstance: fetch_market_data.check_market_open scheduled__2026-04-30T22:30:00+00:00 [queued]>
[2026-04-30T22:48:55.062+0000] {taskinstance.py:2170} INFO - Starting attempt 1 of 3
[2026-04-30T22:48:55.072+0000] {taskinstance.py:2191} INFO - Executing <Task(MarketOpenSensor): check_market_open> on 2026-04-30 22:30:00+00:00
[2026-04-30T22:48:55.078+0000] {standard_task_runner.py:60} INFO - Started process 637600 to run task
[2026-04-30T22:48:55.082+0000] {standard_task_runner.py:87} INFO - Running: ['airflow', 'tasks', 'run', 'fetch_market_data', 'check_market_open', 'scheduled__2026-04-30T22:30:00+00:00', '--job-id', '334', '--raw', '--subdir', 'DAGS_FOLDER/fetch_market_data.py', '--cfg-path', '/tmp/tmpclwaysjz']
[2026-04-30T22:48:55.083+0000] {standard_task_runner.py:88} INFO - Job 334: Subtask check_market_open
[2026-04-30T22:48:55.158+0000] {task_command.py:423} INFO - Running <TaskInstance: fetch_market_data.check_market_open scheduled__2026-04-30T22:30:00+00:00 [running]> on host reddit-pipeline-vm
[2026-04-30T22:48:55.267+0000] {taskinstance.py:2480} INFO - Exporting env vars: AIRFLOW_CTX_DAG_OWNER='pipeline' AIRFLOW_CTX_DAG_ID='fetch_market_data' AIRFLOW_CTX_TASK_ID='check_market_open' AIRFLOW_CTX_EXECUTION_DATE='2026-04-30T22:30:00+00:00' AIRFLOW_CTX_TRY_NUMBER='1' AIRFLOW_CTX_DAG_RUN_ID='scheduled__2026-04-30T22:30:00+00:00'
[2026-04-30T22:48:55.285+0000] {sensors.py:45} INFO - Market open check at 2026-04-30 18:48 ET: False
[2026-04-30T22:48:55.312+0000] {taskinstance.py:2658} INFO - Rescheduling task, marking task as UP_FOR_RESCHEDULE
[2026-04-30T22:48:55.334+0000] {local_task_job_runner.py:234} INFO - Task exited with return code 0
[2026-04-30T22:48:55.374+0000] {taskinstance.py:3280} INFO - 0 downstream tasks scheduled from follow-on schedule check
[2026-04-30T22:49:56.614+0000] {taskinstance.py:1956} INFO - Dependencies all met for dep_context=non-requeueable deps ti=<TaskInstance: fetch_market_data.check_market_open scheduled__2026-04-30T22:30:00+00:00 [queued]>
[2026-04-30T22:49:56.621+0000] {taskinstance.py:1956} INFO - Dependencies all met for dep_context=requeueable deps ti=<TaskInstance: fetch_market_data.check_market_open scheduled__2026-04-30T22:30:00+00:00 [queued]>
[2026-04-30T22:49:56.622+0000] {taskinstance.py:2170} INFO - Starting attempt 1 of 3
[2026-04-30T22:49:56.631+0000] {taskinstance.py:2191} INFO - Executing <Task(MarketOpenSensor): check_market_open> on 2026-04-30 22:30:00+00:00
[2026-04-30T22:49:56.638+0000] {standard_task_runner.py:60} INFO - Started process 637673 to run task
[2026-04-30T22:49:56.641+0000] {standard_task_runner.py:87} INFO - Running: ['airflow', 'tasks', 'run', 'fetch_market_data', 'check_market_open', 'scheduled__2026-04-30T22:30:00+00:00', '--job-id', '335', '--raw', '--subdir', 'DAGS_FOLDER/fetch_market_data.py', '--cfg-path', '/tmp/tmp_db8vbek']
[2026-04-30T22:49:56.643+0000] {standard_task_runner.py:88} INFO - Job 335: Subtask check_market_open
[2026-04-30T22:49:56.718+0000] {task_command.py:423} INFO - Running <TaskInstance: fetch_market_data.check_market_open scheduled__2026-04-30T22:30:00+00:00 [running]> on host reddit-pipeline-vm
[2026-04-30T22:49:56.825+0000] {taskinstance.py:2480} INFO - Exporting env vars: AIRFLOW_CTX_DAG_OWNER='pipeline' AIRFLOW_CTX_DAG_ID='fetch_market_data' AIRFLOW_CTX_TASK_ID='check_market_open' AIRFLOW_CTX_EXECUTION_DATE='2026-04-30T22:30:00+00:00' AIRFLOW_CTX_TRY_NUMBER='1' AIRFLOW_CTX_DAG_RUN_ID='scheduled__2026-04-30T22:30:00+00:00'
[2026-04-30T22:49:56.843+0000] {sensors.py:45} INFO - Market open check at 2026-04-30 18:49 ET: False
[2026-04-30T22:49:56.869+0000] {taskinstance.py:2658} INFO - Rescheduling task, marking task as UP_FOR_RESCHEDULE
[2026-04-30T22:49:56.895+0000] {local_task_job_runner.py:234} INFO - Task exited with return code 0
[2026-04-30T22:49:56.934+0000] {taskinstance.py:3280} INFO - 0 downstream tasks scheduled from follow-on schedule check
[2026-04-30T22:50:58.025+0000] {taskinstance.py:1956} INFO - Dependencies all met for dep_context=non-requeueable deps ti=<TaskInstance: fetch_market_data.check_market_open scheduled__2026-04-30T22:30:00+00:00 [queued]>
[2026-04-30T22:50:58.032+0000] {taskinstance.py:1956} INFO - Dependencies all met for dep_context=requeueable deps ti=<TaskInstance: fetch_market_data.check_market_open scheduled__2026-04-30T22:30:00+00:00 [queued]>
[2026-04-30T22:50:58.033+0000] {taskinstance.py:2170} INFO - Starting attempt 1 of 3
[2026-04-30T22:50:58.043+0000] {taskinstance.py:2191} INFO - Executing <Task(MarketOpenSensor): check_market_open> on 2026-04-30 22:30:00+00:00
[2026-04-30T22:50:58.049+0000] {standard_task_runner.py:60} INFO - Started process 637746 to run task
[2026-04-30T22:50:58.052+0000] {standard_task_runner.py:87} INFO - Running: ['airflow', 'tasks', 'run', 'fetch_market_data', 'check_market_open', 'scheduled__2026-04-30T22:30:00+00:00', '--job-id', '336', '--raw', '--subdir', 'DAGS_FOLDER/fetch_market_data.py', '--cfg-path', '/tmp/tmp0969g_rc']
[2026-04-30T22:50:58.054+0000] {standard_task_runner.py:88} INFO - Job 336: Subtask check_market_open
[2026-04-30T22:50:58.130+0000] {task_command.py:423} INFO - Running <TaskInstance: fetch_market_data.check_market_open scheduled__2026-04-30T22:30:00+00:00 [running]> on host reddit-pipeline-vm
[2026-04-30T22:50:58.243+0000] {taskinstance.py:2480} INFO - Exporting env vars: AIRFLOW_CTX_DAG_OWNER='pipeline' AIRFLOW_CTX_DAG_ID='fetch_market_data' AIRFLOW_CTX_TASK_ID='check_market_open' AIRFLOW_CTX_EXECUTION_DATE='2026-04-30T22:30:00+00:00' AIRFLOW_CTX_TRY_NUMBER='1' AIRFLOW_CTX_DAG_RUN_ID='scheduled__2026-04-30T22:30:00+00:00'
[2026-04-30T22:50:58.261+0000] {sensors.py:45} INFO - Market open check at 2026-04-30 18:50 ET: False
[2026-04-30T22:50:58.287+0000] {taskinstance.py:2658} INFO - Rescheduling task, marking task as UP_FOR_RESCHEDULE
[2026-04-30T22:50:58.306+0000] {local_task_job_runner.py:234} INFO - Task exited with return code 0
[2026-04-30T22:50:58.347+0000] {taskinstance.py:3280} INFO - 0 downstream tasks scheduled from follow-on schedule check
[2026-04-30T22:51:59.216+0000] {taskinstance.py:1956} INFO - Dependencies all met for dep_context=non-requeueable deps ti=<TaskInstance: fetch_market_data.check_market_open scheduled__2026-04-30T22:30:00+00:00 [queued]>
[2026-04-30T22:51:59.223+0000] {taskinstance.py:1956} INFO - Dependencies all met for dep_context=requeueable deps ti=<TaskInstance: fetch_market_data.check_market_open scheduled__2026-04-30T22:30:00+00:00 [queued]>
[2026-04-30T22:51:59.223+0000] {taskinstance.py:2170} INFO - Starting attempt 1 of 3
[2026-04-30T22:51:59.233+0000] {taskinstance.py:2191} INFO - Executing <Task(MarketOpenSensor): check_market_open> on 2026-04-30 22:30:00+00:00
[2026-04-30T22:51:59.239+0000] {standard_task_runner.py:60} INFO - Started process 637814 to run task
[2026-04-30T22:51:59.242+0000] {standard_task_runner.py:87} INFO - Running: ['airflow', 'tasks', 'run', 'fetch_market_data', 'check_market_open', 'scheduled__2026-04-30T22:30:00+00:00', '--job-id', '337', '--raw', '--subdir', 'DAGS_FOLDER/fetch_market_data.py', '--cfg-path', '/tmp/tmpvlkyb76i']
[2026-04-30T22:51:59.244+0000] {standard_task_runner.py:88} INFO - Job 337: Subtask check_market_open
[2026-04-30T22:51:59.319+0000] {task_command.py:423} INFO - Running <TaskInstance: fetch_market_data.check_market_open scheduled__2026-04-30T22:30:00+00:00 [running]> on host reddit-pipeline-vm
[2026-04-30T22:51:59.426+0000] {taskinstance.py:2480} INFO - Exporting env vars: AIRFLOW_CTX_DAG_OWNER='pipeline' AIRFLOW_CTX_DAG_ID='fetch_market_data' AIRFLOW_CTX_TASK_ID='check_market_open' AIRFLOW_CTX_EXECUTION_DATE='2026-04-30T22:30:00+00:00' AIRFLOW_CTX_TRY_NUMBER='1' AIRFLOW_CTX_DAG_RUN_ID='scheduled__2026-04-30T22:30:00+00:00'
[2026-04-30T22:51:59.444+0000] {sensors.py:45} INFO - Market open check at 2026-04-30 18:51 ET: False
[2026-04-30T22:51:59.469+0000] {taskinstance.py:2658} INFO - Rescheduling task, marking task as UP_FOR_RESCHEDULE
[2026-04-30T22:51:59.495+0000] {local_task_job_runner.py:234} INFO - Task exited with return code 0
[2026-04-30T22:51:59.535+0000] {taskinstance.py:3280} INFO - 0 downstream tasks scheduled from follow-on schedule check
[2026-04-30T22:53:00.510+0000] {taskinstance.py:1956} INFO - Dependencies all met for dep_context=non-requeueable deps ti=<TaskInstance: fetch_market_data.check_market_open scheduled__2026-04-30T22:30:00+00:00 [queued]>
[2026-04-30T22:53:00.517+0000] {taskinstance.py:1956} INFO - Dependencies all met for dep_context=requeueable deps ti=<TaskInstance: fetch_market_data.check_market_open scheduled__2026-04-30T22:30:00+00:00 [queued]>
[2026-04-30T22:53:00.518+0000] {taskinstance.py:2170} INFO - Starting attempt 1 of 3
[2026-04-30T22:53:00.528+0000] {taskinstance.py:2191} INFO - Executing <Task(MarketOpenSensor): check_market_open> on 2026-04-30 22:30:00+00:00
[2026-04-30T22:53:00.535+0000] {standard_task_runner.py:60} INFO - Started process 637886 to run task
[2026-04-30T22:53:00.538+0000] {standard_task_runner.py:87} INFO - Running: ['airflow', 'tasks', 'run', 'fetch_market_data', 'check_market_open', 'scheduled__2026-04-30T22:30:00+00:00', '--job-id', '338', '--raw', '--subdir', 'DAGS_FOLDER/fetch_market_data.py', '--cfg-path', '/tmp/tmpgg3zq4es']
[2026-04-30T22:53:00.540+0000] {standard_task_runner.py:88} INFO - Job 338: Subtask check_market_open
[2026-04-30T22:53:00.617+0000] {task_command.py:423} INFO - Running <TaskInstance: fetch_market_data.check_market_open scheduled__2026-04-30T22:30:00+00:00 [running]> on host reddit-pipeline-vm
[2026-04-30T22:53:00.727+0000] {taskinstance.py:2480} INFO - Exporting env vars: AIRFLOW_CTX_DAG_OWNER='pipeline' AIRFLOW_CTX_DAG_ID='fetch_market_data' AIRFLOW_CTX_TASK_ID='check_market_open' AIRFLOW_CTX_EXECUTION_DATE='2026-04-30T22:30:00+00:00' AIRFLOW_CTX_TRY_NUMBER='1' AIRFLOW_CTX_DAG_RUN_ID='scheduled__2026-04-30T22:30:00+00:00'
[2026-04-30T22:53:00.746+0000] {sensors.py:45} INFO - Market open check at 2026-04-30 18:53 ET: False
[2026-04-30T22:53:00.772+0000] {taskinstance.py:2658} INFO - Rescheduling task, marking task as UP_FOR_RESCHEDULE
[2026-04-30T22:53:00.791+0000] {local_task_job_runner.py:234} INFO - Task exited with return code 0
[2026-04-30T22:53:00.831+0000] {taskinstance.py:3280} INFO - 0 downstream tasks scheduled from follow-on schedule check
[2026-04-30T22:54:01.796+0000] {taskinstance.py:1956} INFO - Dependencies all met for dep_context=non-requeueable deps ti=<TaskInstance: fetch_market_data.check_market_open scheduled__2026-04-30T22:30:00+00:00 [queued]>
[2026-04-30T22:54:01.803+0000] {taskinstance.py:1956} INFO - Dependencies all met for dep_context=requeueable deps ti=<TaskInstance: fetch_market_data.check_market_open scheduled__2026-04-30T22:30:00+00:00 [queued]>
[2026-04-30T22:54:01.803+0000] {taskinstance.py:2170} INFO - Starting attempt 1 of 3
[2026-04-30T22:54:01.813+0000] {taskinstance.py:2191} INFO - Executing <Task(MarketOpenSensor): check_market_open> on 2026-04-30 22:30:00+00:00
[2026-04-30T22:54:01.820+0000] {standard_task_runner.py:60} INFO - Started process 637956 to run task
[2026-04-30T22:54:01.823+0000] {standard_task_runner.py:87} INFO - Running: ['airflow', 'tasks', 'run', 'fetch_market_data', 'check_market_open', 'scheduled__2026-04-30T22:30:00+00:00', '--job-id', '339', '--raw', '--subdir', 'DAGS_FOLDER/fetch_market_data.py', '--cfg-path', '/tmp/tmp0dqnn4yj']
[2026-04-30T22:54:01.825+0000] {standard_task_runner.py:88} INFO - Job 339: Subtask check_market_open
[2026-04-30T22:54:01.900+0000] {task_command.py:423} INFO - Running <TaskInstance: fetch_market_data.check_market_open scheduled__2026-04-30T22:30:00+00:00 [running]> on host reddit-pipeline-vm
[2026-04-30T22:54:02.008+0000] {taskinstance.py:2480} INFO - Exporting env vars: AIRFLOW_CTX_DAG_OWNER='pipeline' AIRFLOW_CTX_DAG_ID='fetch_market_data' AIRFLOW_CTX_TASK_ID='check_market_open' AIRFLOW_CTX_EXECUTION_DATE='2026-04-30T22:30:00+00:00' AIRFLOW_CTX_TRY_NUMBER='1' AIRFLOW_CTX_DAG_RUN_ID='scheduled__2026-04-30T22:30:00+00:00'
[2026-04-30T22:54:02.027+0000] {sensors.py:45} INFO - Market open check at 2026-04-30 18:54 ET: False
[2026-04-30T22:54:02.053+0000] {taskinstance.py:2658} INFO - Rescheduling task, marking task as UP_FOR_RESCHEDULE
[2026-04-30T22:54:02.076+0000] {local_task_job_runner.py:234} INFO - Task exited with return code 0
[2026-04-30T22:54:02.118+0000] {taskinstance.py:3280} INFO - 0 downstream tasks scheduled from follow-on schedule check
[2026-04-30T22:55:03.372+0000] {taskinstance.py:1956} INFO - Dependencies all met for dep_context=non-requeueable deps ti=<TaskInstance: fetch_market_data.check_market_open scheduled__2026-04-30T22:30:00+00:00 [queued]>
[2026-04-30T22:55:03.380+0000] {taskinstance.py:1956} INFO - Dependencies all met for dep_context=requeueable deps ti=<TaskInstance: fetch_market_data.check_market_open scheduled__2026-04-30T22:30:00+00:00 [queued]>
[2026-04-30T22:55:03.380+0000] {taskinstance.py:2170} INFO - Starting attempt 1 of 3
[2026-04-30T22:55:03.391+0000] {taskinstance.py:2191} INFO - Executing <Task(MarketOpenSensor): check_market_open> on 2026-04-30 22:30:00+00:00
[2026-04-30T22:55:03.397+0000] {standard_task_runner.py:60} INFO - Started process 638022 to run task
[2026-04-30T22:55:03.401+0000] {standard_task_runner.py:87} INFO - Running: ['airflow', 'tasks', 'run', 'fetch_market_data', 'check_market_open', 'scheduled__2026-04-30T22:30:00+00:00', '--job-id', '340', '--raw', '--subdir', 'DAGS_FOLDER/fetch_market_data.py', '--cfg-path', '/tmp/tmpkbdr9vsy']
[2026-04-30T22:55:03.403+0000] {standard_task_runner.py:88} INFO - Job 340: Subtask check_market_open
[2026-04-30T22:55:03.478+0000] {task_command.py:423} INFO - Running <TaskInstance: fetch_market_data.check_market_open scheduled__2026-04-30T22:30:00+00:00 [running]> on host reddit-pipeline-vm
[2026-04-30T22:55:03.587+0000] {taskinstance.py:2480} INFO - Exporting env vars: AIRFLOW_CTX_DAG_OWNER='pipeline' AIRFLOW_CTX_DAG_ID='fetch_market_data' AIRFLOW_CTX_TASK_ID='check_market_open' AIRFLOW_CTX_EXECUTION_DATE='2026-04-30T22:30:00+00:00' AIRFLOW_CTX_TRY_NUMBER='1' AIRFLOW_CTX_DAG_RUN_ID='scheduled__2026-04-30T22:30:00+00:00'
[2026-04-30T22:55:03.606+0000] {sensors.py:45} INFO - Market open check at 2026-04-30 18:55 ET: False
[2026-04-30T22:55:03.632+0000] {taskinstance.py:2658} INFO - Rescheduling task, marking task as UP_FOR_RESCHEDULE
[2026-04-30T22:55:03.653+0000] {local_task_job_runner.py:234} INFO - Task exited with return code 0
[2026-04-30T22:55:03.693+0000] {taskinstance.py:3280} INFO - 0 downstream tasks scheduled from follow-on schedule check
[2026-04-30T22:56:04.953+0000] {taskinstance.py:1956} INFO - Dependencies all met for dep_context=non-requeueable deps ti=<TaskInstance: fetch_market_data.check_market_open scheduled__2026-04-30T22:30:00+00:00 [queued]>
[2026-04-30T22:56:04.960+0000] {taskinstance.py:1956} INFO - Dependencies all met for dep_context=requeueable deps ti=<TaskInstance: fetch_market_data.check_market_open scheduled__2026-04-30T22:30:00+00:00 [queued]>
[2026-04-30T22:56:04.961+0000] {taskinstance.py:2170} INFO - Starting attempt 1 of 3
[2026-04-30T22:56:04.970+0000] {taskinstance.py:2191} INFO - Executing <Task(MarketOpenSensor): check_market_open> on 2026-04-30 22:30:00+00:00
[2026-04-30T22:56:04.977+0000] {standard_task_runner.py:60} INFO - Started process 638091 to run task
[2026-04-30T22:56:04.980+0000] {standard_task_runner.py:87} INFO - Running: ['airflow', 'tasks', 'run', 'fetch_market_data', 'check_market_open', 'scheduled__2026-04-30T22:30:00+00:00', '--job-id', '341', '--raw', '--subdir', 'DAGS_FOLDER/fetch_market_data.py', '--cfg-path', '/tmp/tmpscbu2szp']
[2026-04-30T22:56:04.982+0000] {standard_task_runner.py:88} INFO - Job 341: Subtask check_market_open
[2026-04-30T22:56:05.058+0000] {task_command.py:423} INFO - Running <TaskInstance: fetch_market_data.check_market_open scheduled__2026-04-30T22:30:00+00:00 [running]> on host reddit-pipeline-vm
[2026-04-30T22:56:05.167+0000] {taskinstance.py:2480} INFO - Exporting env vars: AIRFLOW_CTX_DAG_OWNER='pipeline' AIRFLOW_CTX_DAG_ID='fetch_market_data' AIRFLOW_CTX_TASK_ID='check_market_open' AIRFLOW_CTX_EXECUTION_DATE='2026-04-30T22:30:00+00:00' AIRFLOW_CTX_TRY_NUMBER='1' AIRFLOW_CTX_DAG_RUN_ID='scheduled__2026-04-30T22:30:00+00:00'
[2026-04-30T22:56:05.185+0000] {sensors.py:45} INFO - Market open check at 2026-04-30 18:56 ET: False
[2026-04-30T22:56:05.211+0000] {taskinstance.py:2658} INFO - Rescheduling task, marking task as UP_FOR_RESCHEDULE
[2026-04-30T22:56:05.233+0000] {local_task_job_runner.py:234} INFO - Task exited with return code 0
[2026-04-30T22:56:05.284+0000] {taskinstance.py:3280} INFO - 0 downstream tasks scheduled from follow-on schedule check
[2026-04-30T22:57:06.027+0000] {taskinstance.py:1956} INFO - Dependencies all met for dep_context=non-requeueable deps ti=<TaskInstance: fetch_market_data.check_market_open scheduled__2026-04-30T22:30:00+00:00 [queued]>
[2026-04-30T22:57:06.035+0000] {taskinstance.py:1956} INFO - Dependencies all met for dep_context=requeueable deps ti=<TaskInstance: fetch_market_data.check_market_open scheduled__2026-04-30T22:30:00+00:00 [queued]>
[2026-04-30T22:57:06.035+0000] {taskinstance.py:2170} INFO - Starting attempt 1 of 3
[2026-04-30T22:57:06.045+0000] {taskinstance.py:2191} INFO - Executing <Task(MarketOpenSensor): check_market_open> on 2026-04-30 22:30:00+00:00
[2026-04-30T22:57:06.051+0000] {standard_task_runner.py:60} INFO - Started process 638158 to run task
[2026-04-30T22:57:06.054+0000] {standard_task_runner.py:87} INFO - Running: ['airflow', 'tasks', 'run', 'fetch_market_data', 'check_market_open', 'scheduled__2026-04-30T22:30:00+00:00', '--job-id', '342', '--raw', '--subdir', 'DAGS_FOLDER/fetch_market_data.py', '--cfg-path', '/tmp/tmpziq0rtyq']
[2026-04-30T22:57:06.056+0000] {standard_task_runner.py:88} INFO - Job 342: Subtask check_market_open
[2026-04-30T22:57:06.132+0000] {task_command.py:423} INFO - Running <TaskInstance: fetch_market_data.check_market_open scheduled__2026-04-30T22:30:00+00:00 [running]> on host reddit-pipeline-vm
[2026-04-30T22:57:06.242+0000] {taskinstance.py:2480} INFO - Exporting env vars: AIRFLOW_CTX_DAG_OWNER='pipeline' AIRFLOW_CTX_DAG_ID='fetch_market_data' AIRFLOW_CTX_TASK_ID='check_market_open' AIRFLOW_CTX_EXECUTION_DATE='2026-04-30T22:30:00+00:00' AIRFLOW_CTX_TRY_NUMBER='1' AIRFLOW_CTX_DAG_RUN_ID='scheduled__2026-04-30T22:30:00+00:00'
[2026-04-30T22:57:06.261+0000] {sensors.py:45} INFO - Market open check at 2026-04-30 18:57 ET: False
[2026-04-30T22:57:06.286+0000] {taskinstance.py:2658} INFO - Rescheduling task, marking task as UP_FOR_RESCHEDULE
[2026-04-30T22:57:06.307+0000] {local_task_job_runner.py:234} INFO - Task exited with return code 0
[2026-04-30T22:57:06.347+0000] {taskinstance.py:3280} INFO - 0 downstream tasks scheduled from follow-on schedule check
[2026-04-30T22:58:06.852+0000] {taskinstance.py:1956} INFO - Dependencies all met for dep_context=non-requeueable deps ti=<TaskInstance: fetch_market_data.check_market_open scheduled__2026-04-30T22:30:00+00:00 [queued]>
[2026-04-30T22:58:06.859+0000] {taskinstance.py:1956} INFO - Dependencies all met for dep_context=requeueable deps ti=<TaskInstance: fetch_market_data.check_market_open scheduled__2026-04-30T22:30:00+00:00 [queued]>
[2026-04-30T22:58:06.859+0000] {taskinstance.py:2170} INFO - Starting attempt 1 of 3
[2026-04-30T22:58:06.869+0000] {taskinstance.py:2191} INFO - Executing <Task(MarketOpenSensor): check_market_open> on 2026-04-30 22:30:00+00:00
[2026-04-30T22:58:06.875+0000] {standard_task_runner.py:60} INFO - Started process 638224 to run task
[2026-04-30T22:58:06.878+0000] {standard_task_runner.py:87} INFO - Running: ['airflow', 'tasks', 'run', 'fetch_market_data', 'check_market_open', 'scheduled__2026-04-30T22:30:00+00:00', '--job-id', '343', '--raw', '--subdir', 'DAGS_FOLDER/fetch_market_data.py', '--cfg-path', '/tmp/tmprqup23l1']
[2026-04-30T22:58:06.880+0000] {standard_task_runner.py:88} INFO - Job 343: Subtask check_market_open
[2026-04-30T22:58:06.956+0000] {task_command.py:423} INFO - Running <TaskInstance: fetch_market_data.check_market_open scheduled__2026-04-30T22:30:00+00:00 [running]> on host reddit-pipeline-vm
[2026-04-30T22:58:07.063+0000] {taskinstance.py:2480} INFO - Exporting env vars: AIRFLOW_CTX_DAG_OWNER='pipeline' AIRFLOW_CTX_DAG_ID='fetch_market_data' AIRFLOW_CTX_TASK_ID='check_market_open' AIRFLOW_CTX_EXECUTION_DATE='2026-04-30T22:30:00+00:00' AIRFLOW_CTX_TRY_NUMBER='1' AIRFLOW_CTX_DAG_RUN_ID='scheduled__2026-04-30T22:30:00+00:00'
[2026-04-30T22:58:07.081+0000] {sensors.py:45} INFO - Market open check at 2026-04-30 18:58 ET: False
[2026-04-30T22:58:07.107+0000] {taskinstance.py:2658} INFO - Rescheduling task, marking task as UP_FOR_RESCHEDULE
[2026-04-30T22:58:07.131+0000] {local_task_job_runner.py:234} INFO - Task exited with return code 0
[2026-04-30T22:58:07.171+0000] {taskinstance.py:3280} INFO - 0 downstream tasks scheduled from follow-on schedule check
[2026-04-30T22:59:08.435+0000] {taskinstance.py:1956} INFO - Dependencies all met for dep_context=non-requeueable deps ti=<TaskInstance: fetch_market_data.check_market_open scheduled__2026-04-30T22:30:00+00:00 [queued]>
[2026-04-30T22:59:08.443+0000] {taskinstance.py:1956} INFO - Dependencies all met for dep_context=requeueable deps ti=<TaskInstance: fetch_market_data.check_market_open scheduled__2026-04-30T22:30:00+00:00 [queued]>
[2026-04-30T22:59:08.443+0000] {taskinstance.py:2170} INFO - Starting attempt 1 of 3
[2026-04-30T22:59:08.453+0000] {taskinstance.py:2191} INFO - Executing <Task(MarketOpenSensor): check_market_open> on 2026-04-30 22:30:00+00:00
[2026-04-30T22:59:08.459+0000] {standard_task_runner.py:60} INFO - Started process 638290 to run task
[2026-04-30T22:59:08.462+0000] {standard_task_runner.py:87} INFO - Running: ['airflow', 'tasks', 'run', 'fetch_market_data', 'check_market_open', 'scheduled__2026-04-30T22:30:00+00:00', '--job-id', '344', '--raw', '--subdir', 'DAGS_FOLDER/fetch_market_data.py', '--cfg-path', '/tmp/tmpojmm1lle']
[2026-04-30T22:59:08.464+0000] {standard_task_runner.py:88} INFO - Job 344: Subtask check_market_open
[2026-04-30T22:59:08.539+0000] {task_command.py:423} INFO - Running <TaskInstance: fetch_market_data.check_market_open scheduled__2026-04-30T22:30:00+00:00 [running]> on host reddit-pipeline-vm
[2026-04-30T22:59:08.647+0000] {taskinstance.py:2480} INFO - Exporting env vars: AIRFLOW_CTX_DAG_OWNER='pipeline' AIRFLOW_CTX_DAG_ID='fetch_market_data' AIRFLOW_CTX_TASK_ID='check_market_open' AIRFLOW_CTX_EXECUTION_DATE='2026-04-30T22:30:00+00:00' AIRFLOW_CTX_TRY_NUMBER='1' AIRFLOW_CTX_DAG_RUN_ID='scheduled__2026-04-30T22:30:00+00:00'
[2026-04-30T22:59:08.665+0000] {sensors.py:45} INFO - Market open check at 2026-04-30 18:59 ET: False
[2026-04-30T22:59:08.691+0000] {taskinstance.py:2658} INFO - Rescheduling task, marking task as UP_FOR_RESCHEDULE
[2026-04-30T22:59:08.715+0000] {local_task_job_runner.py:234} INFO - Task exited with return code 0
[2026-04-30T22:59:08.754+0000] {taskinstance.py:3280} INFO - 0 downstream tasks scheduled from follow-on schedule check
[2026-04-30T23:00:10.022+0000] {taskinstance.py:1956} INFO - Dependencies all met for dep_context=non-requeueable deps ti=<TaskInstance: fetch_market_data.check_market_open scheduled__2026-04-30T22:30:00+00:00 [queued]>
[2026-04-30T23:00:10.029+0000] {taskinstance.py:1956} INFO - Dependencies all met for dep_context=requeueable deps ti=<TaskInstance: fetch_market_data.check_market_open scheduled__2026-04-30T22:30:00+00:00 [queued]>
[2026-04-30T23:00:10.029+0000] {taskinstance.py:2170} INFO - Starting attempt 1 of 3
[2026-04-30T23:00:10.039+0000] {taskinstance.py:2191} INFO - Executing <Task(MarketOpenSensor): check_market_open> on 2026-04-30 22:30:00+00:00
[2026-04-30T23:00:10.046+0000] {standard_task_runner.py:60} INFO - Started process 638369 to run task
[2026-04-30T23:00:10.049+0000] {standard_task_runner.py:87} INFO - Running: ['airflow', 'tasks', 'run', 'fetch_market_data', 'check_market_open', 'scheduled__2026-04-30T22:30:00+00:00', '--job-id', '345', '--raw', '--subdir', 'DAGS_FOLDER/fetch_market_data.py', '--cfg-path', '/tmp/tmp5ke4vcvv']
[2026-04-30T23:00:10.051+0000] {standard_task_runner.py:88} INFO - Job 345: Subtask check_market_open
[2026-04-30T23:00:10.130+0000] {task_command.py:423} INFO - Running <TaskInstance: fetch_market_data.check_market_open scheduled__2026-04-30T22:30:00+00:00 [running]> on host reddit-pipeline-vm
[2026-04-30T23:00:10.240+0000] {taskinstance.py:2480} INFO - Exporting env vars: AIRFLOW_CTX_DAG_OWNER='pipeline' AIRFLOW_CTX_DAG_ID='fetch_market_data' AIRFLOW_CTX_TASK_ID='check_market_open' AIRFLOW_CTX_EXECUTION_DATE='2026-04-30T22:30:00+00:00' AIRFLOW_CTX_TRY_NUMBER='1' AIRFLOW_CTX_DAG_RUN_ID='scheduled__2026-04-30T22:30:00+00:00'
[2026-04-30T23:00:10.258+0000] {sensors.py:45} INFO - Market open check at 2026-04-30 19:00 ET: False
[2026-04-30T23:00:10.284+0000] {taskinstance.py:2658} INFO - Rescheduling task, marking task as UP_FOR_RESCHEDULE
[2026-04-30T23:00:10.303+0000] {local_task_job_runner.py:234} INFO - Task exited with return code 0
[2026-04-30T23:00:10.344+0000] {taskinstance.py:3280} INFO - 0 downstream tasks scheduled from follow-on schedule check
[2026-04-30T23:01:11.401+0000] {taskinstance.py:1956} INFO - Dependencies all met for dep_context=non-requeueable deps ti=<TaskInstance: fetch_market_data.check_market_open scheduled__2026-04-30T22:30:00+00:00 [queued]>
[2026-04-30T23:01:11.408+0000] {taskinstance.py:1956} INFO - Dependencies all met for dep_context=requeueable deps ti=<TaskInstance: fetch_market_data.check_market_open scheduled__2026-04-30T22:30:00+00:00 [queued]>
[2026-04-30T23:01:11.409+0000] {taskinstance.py:2170} INFO - Starting attempt 1 of 3
[2026-04-30T23:01:11.419+0000] {taskinstance.py:2191} INFO - Executing <Task(MarketOpenSensor): check_market_open> on 2026-04-30 22:30:00+00:00
[2026-04-30T23:01:11.426+0000] {standard_task_runner.py:60} INFO - Started process 638440 to run task
[2026-04-30T23:01:11.429+0000] {standard_task_runner.py:87} INFO - Running: ['airflow', 'tasks', 'run', 'fetch_market_data', 'check_market_open', 'scheduled__2026-04-30T22:30:00+00:00', '--job-id', '346', '--raw', '--subdir', 'DAGS_FOLDER/fetch_market_data.py', '--cfg-path', '/tmp/tmpq8uhtrzz']
[2026-04-30T23:01:11.431+0000] {standard_task_runner.py:88} INFO - Job 346: Subtask check_market_open
[2026-04-30T23:01:11.506+0000] {task_command.py:423} INFO - Running <TaskInstance: fetch_market_data.check_market_open scheduled__2026-04-30T22:30:00+00:00 [running]> on host reddit-pipeline-vm
[2026-04-30T23:01:11.617+0000] {taskinstance.py:2480} INFO - Exporting env vars: AIRFLOW_CTX_DAG_OWNER='pipeline' AIRFLOW_CTX_DAG_ID='fetch_market_data' AIRFLOW_CTX_TASK_ID='check_market_open' AIRFLOW_CTX_EXECUTION_DATE='2026-04-30T22:30:00+00:00' AIRFLOW_CTX_TRY_NUMBER='1' AIRFLOW_CTX_DAG_RUN_ID='scheduled__2026-04-30T22:30:00+00:00'
[2026-04-30T23:01:11.637+0000] {sensors.py:45} INFO - Market open check at 2026-04-30 19:01 ET: False
[2026-04-30T23:01:11.664+0000] {taskinstance.py:2658} INFO - Rescheduling task, marking task as UP_FOR_RESCHEDULE
[2026-04-30T23:01:11.681+0000] {local_task_job_runner.py:234} INFO - Task exited with return code 0
[2026-04-30T23:01:11.724+0000] {taskinstance.py:3280} INFO - 0 downstream tasks scheduled from follow-on schedule check
[2026-04-30T23:02:12.699+0000] {taskinstance.py:1956} INFO - Dependencies all met for dep_context=non-requeueable deps ti=<TaskInstance: fetch_market_data.check_market_open scheduled__2026-04-30T22:30:00+00:00 [queued]>
[2026-04-30T23:02:12.706+0000] {taskinstance.py:1956} INFO - Dependencies all met for dep_context=requeueable deps ti=<TaskInstance: fetch_market_data.check_market_open scheduled__2026-04-30T22:30:00+00:00 [queued]>
[2026-04-30T23:02:12.707+0000] {taskinstance.py:2170} INFO - Starting attempt 1 of 3
[2026-04-30T23:02:12.716+0000] {taskinstance.py:2191} INFO - Executing <Task(MarketOpenSensor): check_market_open> on 2026-04-30 22:30:00+00:00
[2026-04-30T23:02:12.723+0000] {standard_task_runner.py:60} INFO - Started process 638510 to run task
[2026-04-30T23:02:12.726+0000] {standard_task_runner.py:87} INFO - Running: ['airflow', 'tasks', 'run', 'fetch_market_data', 'check_market_open', 'scheduled__2026-04-30T22:30:00+00:00', '--job-id', '347', '--raw', '--subdir', 'DAGS_FOLDER/fetch_market_data.py', '--cfg-path', '/tmp/tmprnjfqkmh']
[2026-04-30T23:02:12.728+0000] {standard_task_runner.py:88} INFO - Job 347: Subtask check_market_open
[2026-04-30T23:02:12.802+0000] {task_command.py:423} INFO - Running <TaskInstance: fetch_market_data.check_market_open scheduled__2026-04-30T22:30:00+00:00 [running]> on host reddit-pipeline-vm
[2026-04-30T23:02:12.910+0000] {taskinstance.py:2480} INFO - Exporting env vars: AIRFLOW_CTX_DAG_OWNER='pipeline' AIRFLOW_CTX_DAG_ID='fetch_market_data' AIRFLOW_CTX_TASK_ID='check_market_open' AIRFLOW_CTX_EXECUTION_DATE='2026-04-30T22:30:00+00:00' AIRFLOW_CTX_TRY_NUMBER='1' AIRFLOW_CTX_DAG_RUN_ID='scheduled__2026-04-30T22:30:00+00:00'
[2026-04-30T23:02:12.928+0000] {sensors.py:45} INFO - Market open check at 2026-04-30 19:02 ET: False
[2026-04-30T23:02:12.954+0000] {taskinstance.py:2658} INFO - Rescheduling task, marking task as UP_FOR_RESCHEDULE
[2026-04-30T23:02:12.979+0000] {local_task_job_runner.py:234} INFO - Task exited with return code 0
[2026-04-30T23:02:13.020+0000] {taskinstance.py:3280} INFO - 0 downstream tasks scheduled from follow-on schedule check
[2026-04-30T23:03:14.096+0000] {taskinstance.py:1956} INFO - Dependencies all met for dep_context=non-requeueable deps ti=<TaskInstance: fetch_market_data.check_market_open scheduled__2026-04-30T22:30:00+00:00 [queued]>
[2026-04-30T23:03:14.104+0000] {taskinstance.py:1956} INFO - Dependencies all met for dep_context=requeueable deps ti=<TaskInstance: fetch_market_data.check_market_open scheduled__2026-04-30T22:30:00+00:00 [queued]>
[2026-04-30T23:03:14.104+0000] {taskinstance.py:2170} INFO - Starting attempt 1 of 3
[2026-04-30T23:03:14.115+0000] {taskinstance.py:2191} INFO - Executing <Task(MarketOpenSensor): check_market_open> on 2026-04-30 22:30:00+00:00
[2026-04-30T23:03:14.121+0000] {standard_task_runner.py:60} INFO - Started process 638579 to run task
[2026-04-30T23:03:14.125+0000] {standard_task_runner.py:87} INFO - Running: ['airflow', 'tasks', 'run', 'fetch_market_data', 'check_market_open', 'scheduled__2026-04-30T22:30:00+00:00', '--job-id', '348', '--raw', '--subdir', 'DAGS_FOLDER/fetch_market_data.py', '--cfg-path', '/tmp/tmpbj5s95ni']
[2026-04-30T23:03:14.126+0000] {standard_task_runner.py:88} INFO - Job 348: Subtask check_market_open
[2026-04-30T23:03:14.202+0000] {task_command.py:423} INFO - Running <TaskInstance: fetch_market_data.check_market_open scheduled__2026-04-30T22:30:00+00:00 [running]> on host reddit-pipeline-vm
[2026-04-30T23:03:14.309+0000] {taskinstance.py:2480} INFO - Exporting env vars: AIRFLOW_CTX_DAG_OWNER='pipeline' AIRFLOW_CTX_DAG_ID='fetch_market_data' AIRFLOW_CTX_TASK_ID='check_market_open' AIRFLOW_CTX_EXECUTION_DATE='2026-04-30T22:30:00+00:00' AIRFLOW_CTX_TRY_NUMBER='1' AIRFLOW_CTX_DAG_RUN_ID='scheduled__2026-04-30T22:30:00+00:00'
[2026-04-30T23:03:14.327+0000] {sensors.py:45} INFO - Market open check at 2026-04-30 19:03 ET: False
[2026-04-30T23:03:14.354+0000] {taskinstance.py:2658} INFO - Rescheduling task, marking task as UP_FOR_RESCHEDULE
[2026-04-30T23:03:14.377+0000] {local_task_job_runner.py:234} INFO - Task exited with return code 0
[2026-04-30T23:03:14.418+0000] {taskinstance.py:3280} INFO - 0 downstream tasks scheduled from follow-on schedule check
[2026-04-30T23:04:15.137+0000] {taskinstance.py:1956} INFO - Dependencies all met for dep_context=non-requeueable deps ti=<TaskInstance: fetch_market_data.check_market_open scheduled__2026-04-30T22:30:00+00:00 [queued]>
[2026-04-30T23:04:15.144+0000] {taskinstance.py:1956} INFO - Dependencies all met for dep_context=requeueable deps ti=<TaskInstance: fetch_market_data.check_market_open scheduled__2026-04-30T22:30:00+00:00 [queued]>
[2026-04-30T23:04:15.145+0000] {taskinstance.py:2170} INFO - Starting attempt 1 of 3
[2026-04-30T23:04:15.155+0000] {taskinstance.py:2191} INFO - Executing <Task(MarketOpenSensor): check_market_open> on 2026-04-30 22:30:00+00:00
[2026-04-30T23:04:15.161+0000] {standard_task_runner.py:60} INFO - Started process 638649 to run task
[2026-04-30T23:04:15.164+0000] {standard_task_runner.py:87} INFO - Running: ['airflow', 'tasks', 'run', 'fetch_market_data', 'check_market_open', 'scheduled__2026-04-30T22:30:00+00:00', '--job-id', '349', '--raw', '--subdir', 'DAGS_FOLDER/fetch_market_data.py', '--cfg-path', '/tmp/tmp2b8_dwsa']
[2026-04-30T23:04:15.166+0000] {standard_task_runner.py:88} INFO - Job 349: Subtask check_market_open
[2026-04-30T23:04:15.240+0000] {task_command.py:423} INFO - Running <TaskInstance: fetch_market_data.check_market_open scheduled__2026-04-30T22:30:00+00:00 [running]> on host reddit-pipeline-vm
[2026-04-30T23:04:15.348+0000] {taskinstance.py:2480} INFO - Exporting env vars: AIRFLOW_CTX_DAG_OWNER='pipeline' AIRFLOW_CTX_DAG_ID='fetch_market_data' AIRFLOW_CTX_TASK_ID='check_market_open' AIRFLOW_CTX_EXECUTION_DATE='2026-04-30T22:30:00+00:00' AIRFLOW_CTX_TRY_NUMBER='1' AIRFLOW_CTX_DAG_RUN_ID='scheduled__2026-04-30T22:30:00+00:00'
[2026-04-30T23:04:15.366+0000] {sensors.py:45} INFO - Market open check at 2026-04-30 19:04 ET: False
[2026-04-30T23:04:15.366+0000] {taskinstance.py:2698} ERROR - Task failed with exception
Traceback (most recent call last):
  File "/home/ubuntu/github_repo/Stock-Market-Intelligence-Pipeline/venv/lib/python3.11/site-packages/airflow/models/taskinstance.py", line 433, in _execute_task
    result = execute_callable(context=context, **execute_callable_kwargs)
             ^^^^^^^^^^^^^^^^^^^^^^^^^^^^^^^^^^^^^^^^^^^^^^^^^^^^^^^^^^^^
  File "/home/ubuntu/github_repo/Stock-Market-Intelligence-Pipeline/venv/lib/python3.11/site-packages/airflow/sensors/base.py", line 282, in execute
    raise AirflowSensorTimeout(message)
airflow.exceptions.AirflowSensorTimeout: Sensor has timed out; run duration of 920.174844 seconds exceeds the specified timeout of 900.0.
[2026-04-30T23:04:15.383+0000] {taskinstance.py:1138} INFO - Immediate failure requested. Marking task as FAILED. dag_id=fetch_market_data, task_id=check_market_open, execution_date=20260430T223000, start_date=20260430T230415, end_date=20260430T230415
[2026-04-30T23:04:15.393+0000] {standard_task_runner.py:107} ERROR - Failed to execute job 349 for task check_market_open (Sensor has timed out; run duration of 920.174844 seconds exceeds the specified timeout of 900.0.; 638649)
[2026-04-30T23:04:15.417+0000] {local_task_job_runner.py:234} INFO - Task exited with return code 1
[2026-04-30T23:04:15.466+0000] {taskinstance.py:3280} INFO - 0 downstream tasks scheduled from follow-on schedule check
