[2026-05-01T23:00:28.314+0000] {taskinstance.py:1956} INFO - Dependencies all met for dep_context=non-requeueable deps ti=<TaskInstance: fetch_market_data.check_market_open scheduled__2026-05-01T22:00:00+00:00 [queued]>
[2026-05-01T23:00:28.320+0000] {taskinstance.py:1956} INFO - Dependencies all met for dep_context=requeueable deps ti=<TaskInstance: fetch_market_data.check_market_open scheduled__2026-05-01T22:00:00+00:00 [queued]>
[2026-05-01T23:00:28.321+0000] {taskinstance.py:2170} INFO - Starting attempt 1 of 3
[2026-05-01T23:00:28.330+0000] {taskinstance.py:2191} INFO - Executing <Task(MarketOpenSensor): check_market_open> on 2026-05-01 22:00:00+00:00
[2026-05-01T23:00:28.337+0000] {standard_task_runner.py:60} INFO - Started process 726058 to run task
[2026-05-01T23:00:28.340+0000] {standard_task_runner.py:87} INFO - Running: ['airflow', 'tasks', 'run', 'fetch_market_data', 'check_market_open', 'scheduled__2026-05-01T22:00:00+00:00', '--job-id', '1044', '--raw', '--subdir', 'DAGS_FOLDER/fetch_market_data.py', '--cfg-path', '/tmp/tmpo09_u5h5']
[2026-05-01T23:00:28.342+0000] {standard_task_runner.py:88} INFO - Job 1044: Subtask check_market_open
[2026-05-01T23:00:28.415+0000] {task_command.py:423} INFO - Running <TaskInstance: fetch_market_data.check_market_open scheduled__2026-05-01T22:00:00+00:00 [running]> on host reddit-pipeline-vm
[2026-05-01T23:00:28.525+0000] {taskinstance.py:2480} INFO - Exporting env vars: AIRFLOW_CTX_DAG_OWNER='pipeline' AIRFLOW_CTX_DAG_ID='fetch_market_data' AIRFLOW_CTX_TASK_ID='check_market_open' AIRFLOW_CTX_EXECUTION_DATE='2026-05-01T22:00:00+00:00' AIRFLOW_CTX_TRY_NUMBER='1' AIRFLOW_CTX_DAG_RUN_ID='scheduled__2026-05-01T22:00:00+00:00'
[2026-05-01T23:00:28.543+0000] {sensors.py:45} INFO - Market open check at 2026-05-01 19:00 ET: False
[2026-05-01T23:00:28.569+0000] {taskinstance.py:2658} INFO - Rescheduling task, marking task as UP_FOR_RESCHEDULE
[2026-05-01T23:00:28.592+0000] {local_task_job_runner.py:234} INFO - Task exited with return code 0
[2026-05-01T23:00:28.633+0000] {taskinstance.py:3280} INFO - 0 downstream tasks scheduled from follow-on schedule check
[2026-05-01T23:15:29.513+0000] {taskinstance.py:1956} INFO - Dependencies all met for dep_context=non-requeueable deps ti=<TaskInstance: fetch_market_data.check_market_open scheduled__2026-05-01T22:00:00+00:00 [queued]>
[2026-05-01T23:15:29.520+0000] {taskinstance.py:1956} INFO - Dependencies all met for dep_context=requeueable deps ti=<TaskInstance: fetch_market_data.check_market_open scheduled__2026-05-01T22:00:00+00:00 [queued]>
[2026-05-01T23:15:29.520+0000] {taskinstance.py:2170} INFO - Starting attempt 1 of 3
[2026-05-01T23:15:29.530+0000] {taskinstance.py:2191} INFO - Executing <Task(MarketOpenSensor): check_market_open> on 2026-05-01 22:00:00+00:00
[2026-05-01T23:15:29.536+0000] {standard_task_runner.py:60} INFO - Started process 726822 to run task
[2026-05-01T23:15:29.539+0000] {standard_task_runner.py:87} INFO - Running: ['airflow', 'tasks', 'run', 'fetch_market_data', 'check_market_open', 'scheduled__2026-05-01T22:00:00+00:00', '--job-id', '1045', '--raw', '--subdir', 'DAGS_FOLDER/fetch_market_data.py', '--cfg-path', '/tmp/tmpm_x481tn']
[2026-05-01T23:15:29.541+0000] {standard_task_runner.py:88} INFO - Job 1045: Subtask check_market_open
[2026-05-01T23:15:29.614+0000] {task_command.py:423} INFO - Running <TaskInstance: fetch_market_data.check_market_open scheduled__2026-05-01T22:00:00+00:00 [running]> on host reddit-pipeline-vm
[2026-05-01T23:15:29.717+0000] {taskinstance.py:2480} INFO - Exporting env vars: AIRFLOW_CTX_DAG_OWNER='pipeline' AIRFLOW_CTX_DAG_ID='fetch_market_data' AIRFLOW_CTX_TASK_ID='check_market_open' AIRFLOW_CTX_EXECUTION_DATE='2026-05-01T22:00:00+00:00' AIRFLOW_CTX_TRY_NUMBER='1' AIRFLOW_CTX_DAG_RUN_ID='scheduled__2026-05-01T22:00:00+00:00'
[2026-05-01T23:15:29.734+0000] {sensors.py:45} INFO - Market open check at 2026-05-01 19:15 ET: False
[2026-05-01T23:15:29.759+0000] {taskinstance.py:2658} INFO - Rescheduling task, marking task as UP_FOR_RESCHEDULE
[2026-05-01T23:15:29.791+0000] {local_task_job_runner.py:234} INFO - Task exited with return code 0
[2026-05-01T23:15:29.830+0000] {taskinstance.py:3280} INFO - 0 downstream tasks scheduled from follow-on schedule check
[2026-05-01T23:30:31.148+0000] {taskinstance.py:1956} INFO - Dependencies all met for dep_context=non-requeueable deps ti=<TaskInstance: fetch_market_data.check_market_open scheduled__2026-05-01T22:00:00+00:00 [queued]>
[2026-05-01T23:30:31.155+0000] {taskinstance.py:1956} INFO - Dependencies all met for dep_context=requeueable deps ti=<TaskInstance: fetch_market_data.check_market_open scheduled__2026-05-01T22:00:00+00:00 [queued]>
[2026-05-01T23:30:31.155+0000] {taskinstance.py:2170} INFO - Starting attempt 1 of 3
[2026-05-01T23:30:31.165+0000] {taskinstance.py:2191} INFO - Executing <Task(MarketOpenSensor): check_market_open> on 2026-05-01 22:00:00+00:00
[2026-05-01T23:30:31.171+0000] {standard_task_runner.py:60} INFO - Started process 727589 to run task
[2026-05-01T23:30:31.175+0000] {standard_task_runner.py:87} INFO - Running: ['airflow', 'tasks', 'run', 'fetch_market_data', 'check_market_open', 'scheduled__2026-05-01T22:00:00+00:00', '--job-id', '1046', '--raw', '--subdir', 'DAGS_FOLDER/fetch_market_data.py', '--cfg-path', '/tmp/tmpqe1ybomv']
[2026-05-01T23:30:31.177+0000] {standard_task_runner.py:88} INFO - Job 1046: Subtask check_market_open
[2026-05-01T23:30:31.249+0000] {task_command.py:423} INFO - Running <TaskInstance: fetch_market_data.check_market_open scheduled__2026-05-01T22:00:00+00:00 [running]> on host reddit-pipeline-vm
[2026-05-01T23:30:31.353+0000] {taskinstance.py:2480} INFO - Exporting env vars: AIRFLOW_CTX_DAG_OWNER='pipeline' AIRFLOW_CTX_DAG_ID='fetch_market_data' AIRFLOW_CTX_TASK_ID='check_market_open' AIRFLOW_CTX_EXECUTION_DATE='2026-05-01T22:00:00+00:00' AIRFLOW_CTX_TRY_NUMBER='1' AIRFLOW_CTX_DAG_RUN_ID='scheduled__2026-05-01T22:00:00+00:00'
[2026-05-01T23:30:31.371+0000] {sensors.py:45} INFO - Market open check at 2026-05-01 19:30 ET: False
[2026-05-01T23:30:31.397+0000] {taskinstance.py:2658} INFO - Rescheduling task, marking task as UP_FOR_RESCHEDULE
[2026-05-01T23:30:31.428+0000] {local_task_job_runner.py:234} INFO - Task exited with return code 0
[2026-05-01T23:30:31.467+0000] {taskinstance.py:3280} INFO - 0 downstream tasks scheduled from follow-on schedule check
[2026-05-01T23:45:31.959+0000] {taskinstance.py:1956} INFO - Dependencies all met for dep_context=non-requeueable deps ti=<TaskInstance: fetch_market_data.check_market_open scheduled__2026-05-01T22:00:00+00:00 [queued]>
[2026-05-01T23:45:31.966+0000] {taskinstance.py:1956} INFO - Dependencies all met for dep_context=requeueable deps ti=<TaskInstance: fetch_market_data.check_market_open scheduled__2026-05-01T22:00:00+00:00 [queued]>
[2026-05-01T23:45:31.967+0000] {taskinstance.py:2170} INFO - Starting attempt 1 of 3
[2026-05-01T23:45:31.976+0000] {taskinstance.py:2191} INFO - Executing <Task(MarketOpenSensor): check_market_open> on 2026-05-01 22:00:00+00:00
[2026-05-01T23:45:31.982+0000] {standard_task_runner.py:60} INFO - Started process 728367 to run task
[2026-05-01T23:45:31.985+0000] {standard_task_runner.py:87} INFO - Running: ['airflow', 'tasks', 'run', 'fetch_market_data', 'check_market_open', 'scheduled__2026-05-01T22:00:00+00:00', '--job-id', '1047', '--raw', '--subdir', 'DAGS_FOLDER/fetch_market_data.py', '--cfg-path', '/tmp/tmpuxoc2k2e']
[2026-05-01T23:45:31.987+0000] {standard_task_runner.py:88} INFO - Job 1047: Subtask check_market_open
[2026-05-01T23:45:32.060+0000] {task_command.py:423} INFO - Running <TaskInstance: fetch_market_data.check_market_open scheduled__2026-05-01T22:00:00+00:00 [running]> on host reddit-pipeline-vm
[2026-05-01T23:45:32.165+0000] {taskinstance.py:2480} INFO - Exporting env vars: AIRFLOW_CTX_DAG_OWNER='pipeline' AIRFLOW_CTX_DAG_ID='fetch_market_data' AIRFLOW_CTX_TASK_ID='check_market_open' AIRFLOW_CTX_EXECUTION_DATE='2026-05-01T22:00:00+00:00' AIRFLOW_CTX_TRY_NUMBER='1' AIRFLOW_CTX_DAG_RUN_ID='scheduled__2026-05-01T22:00:00+00:00'
[2026-05-01T23:45:32.182+0000] {sensors.py:45} INFO - Market open check at 2026-05-01 19:45 ET: False
[2026-05-01T23:45:32.206+0000] {taskinstance.py:2658} INFO - Rescheduling task, marking task as UP_FOR_RESCHEDULE
[2026-05-01T23:45:32.238+0000] {local_task_job_runner.py:234} INFO - Task exited with return code 0
[2026-05-01T23:45:32.277+0000] {taskinstance.py:3280} INFO - 0 downstream tasks scheduled from follow-on schedule check
[2026-05-02T00:00:33.550+0000] {taskinstance.py:1956} INFO - Dependencies all met for dep_context=non-requeueable deps ti=<TaskInstance: fetch_market_data.check_market_open scheduled__2026-05-01T22:00:00+00:00 [queued]>
[2026-05-02T00:00:33.558+0000] {taskinstance.py:1956} INFO - Dependencies all met for dep_context=requeueable deps ti=<TaskInstance: fetch_market_data.check_market_open scheduled__2026-05-01T22:00:00+00:00 [queued]>
[2026-05-02T00:00:33.558+0000] {taskinstance.py:2170} INFO - Starting attempt 1 of 3
[2026-05-02T00:00:33.567+0000] {taskinstance.py:2191} INFO - Executing <Task(MarketOpenSensor): check_market_open> on 2026-05-01 22:00:00+00:00
[2026-05-02T00:00:33.574+0000] {standard_task_runner.py:60} INFO - Started process 729120 to run task
[2026-05-02T00:00:33.577+0000] {standard_task_runner.py:87} INFO - Running: ['airflow', 'tasks', 'run', 'fetch_market_data', 'check_market_open', 'scheduled__2026-05-01T22:00:00+00:00', '--job-id', '1048', '--raw', '--subdir', 'DAGS_FOLDER/fetch_market_data.py', '--cfg-path', '/tmp/tmp_auml0k5']
[2026-05-02T00:00:33.579+0000] {standard_task_runner.py:88} INFO - Job 1048: Subtask check_market_open
[2026-05-02T00:00:33.652+0000] {task_command.py:423} INFO - Running <TaskInstance: fetch_market_data.check_market_open scheduled__2026-05-01T22:00:00+00:00 [running]> on host reddit-pipeline-vm
[2026-05-02T00:00:33.758+0000] {taskinstance.py:2480} INFO - Exporting env vars: AIRFLOW_CTX_DAG_OWNER='pipeline' AIRFLOW_CTX_DAG_ID='fetch_market_data' AIRFLOW_CTX_TASK_ID='check_market_open' AIRFLOW_CTX_EXECUTION_DATE='2026-05-01T22:00:00+00:00' AIRFLOW_CTX_TRY_NUMBER='1' AIRFLOW_CTX_DAG_RUN_ID='scheduled__2026-05-01T22:00:00+00:00'
[2026-05-02T00:00:33.775+0000] {sensors.py:45} INFO - Market open check at 2026-05-01 20:00 ET: False
[2026-05-02T00:00:33.775+0000] {taskinstance.py:2360} INFO - Sensor has timed out; run duration of 3605.325454 seconds exceeds the specified timeout of 3600.0.
[2026-05-02T00:00:33.791+0000] {taskinstance.py:1138} INFO - Marking task as SKIPPED. dag_id=fetch_market_data, task_id=check_market_open, execution_date=20260501T220000, start_date=20260502T000033, end_date=20260502T000033
[2026-05-02T00:00:33.829+0000] {local_task_job_runner.py:234} INFO - Task exited with return code 0
[2026-05-02T00:00:33.878+0000] {taskinstance.py:3280} INFO - 0 downstream tasks scheduled from follow-on schedule check
