[2026-05-11T13:01:55.773+0000] {taskinstance.py:1956} INFO - Dependencies all met for dep_context=non-requeueable deps ti=<TaskInstance: fetch_market_data.check_market_open scheduled__2026-05-11T12:00:00+00:00 [queued]>
[2026-05-11T13:01:55.782+0000] {taskinstance.py:1956} INFO - Dependencies all met for dep_context=requeueable deps ti=<TaskInstance: fetch_market_data.check_market_open scheduled__2026-05-11T12:00:00+00:00 [queued]>
[2026-05-11T13:01:55.782+0000] {taskinstance.py:2170} INFO - Starting attempt 1 of 3
[2026-05-11T13:01:55.796+0000] {taskinstance.py:2191} INFO - Executing <Task(MarketOpenSensor): check_market_open> on 2026-05-11 12:00:00+00:00
[2026-05-11T13:01:55.803+0000] {standard_task_runner.py:60} INFO - Started process 1504989 to run task
[2026-05-11T13:01:55.807+0000] {standard_task_runner.py:87} INFO - Running: ['airflow', 'tasks', 'run', 'fetch_market_data', 'check_market_open', 'scheduled__2026-05-11T12:00:00+00:00', '--job-id', '1831', '--raw', '--subdir', 'DAGS_FOLDER/fetch_market_data.py', '--cfg-path', '/tmp/tmpjbc49wj4']
[2026-05-11T13:01:55.810+0000] {standard_task_runner.py:88} INFO - Job 1831: Subtask check_market_open
[2026-05-11T13:01:55.883+0000] {task_command.py:423} INFO - Running <TaskInstance: fetch_market_data.check_market_open scheduled__2026-05-11T12:00:00+00:00 [running]> on host reddit-pipeline-vm
[2026-05-11T13:01:55.998+0000] {taskinstance.py:2480} INFO - Exporting env vars: AIRFLOW_CTX_DAG_OWNER='pipeline' AIRFLOW_CTX_DAG_ID='fetch_market_data' AIRFLOW_CTX_TASK_ID='check_market_open' AIRFLOW_CTX_EXECUTION_DATE='2026-05-11T12:00:00+00:00' AIRFLOW_CTX_TRY_NUMBER='1' AIRFLOW_CTX_DAG_RUN_ID='scheduled__2026-05-11T12:00:00+00:00'
[2026-05-11T13:01:56.015+0000] {sensors.py:45} INFO - Market open check at 2026-05-11 09:01 ET: False
[2026-05-11T13:01:56.043+0000] {taskinstance.py:2658} INFO - Rescheduling task, marking task as UP_FOR_RESCHEDULE
[2026-05-11T13:01:56.060+0000] {local_task_job_runner.py:234} INFO - Task exited with return code 0
[2026-05-11T13:01:56.099+0000] {taskinstance.py:3280} INFO - 0 downstream tasks scheduled from follow-on schedule check
[2026-05-11T13:16:56.907+0000] {taskinstance.py:1956} INFO - Dependencies all met for dep_context=non-requeueable deps ti=<TaskInstance: fetch_market_data.check_market_open scheduled__2026-05-11T12:00:00+00:00 [queued]>
[2026-05-11T13:16:56.917+0000] {taskinstance.py:1956} INFO - Dependencies all met for dep_context=requeueable deps ti=<TaskInstance: fetch_market_data.check_market_open scheduled__2026-05-11T12:00:00+00:00 [queued]>
[2026-05-11T13:16:56.917+0000] {taskinstance.py:2170} INFO - Starting attempt 1 of 3
[2026-05-11T13:16:56.932+0000] {taskinstance.py:2191} INFO - Executing <Task(MarketOpenSensor): check_market_open> on 2026-05-11 12:00:00+00:00
[2026-05-11T13:16:56.939+0000] {standard_task_runner.py:60} INFO - Started process 1505978 to run task
[2026-05-11T13:16:56.942+0000] {standard_task_runner.py:87} INFO - Running: ['airflow', 'tasks', 'run', 'fetch_market_data', 'check_market_open', 'scheduled__2026-05-11T12:00:00+00:00', '--job-id', '1832', '--raw', '--subdir', 'DAGS_FOLDER/fetch_market_data.py', '--cfg-path', '/tmp/tmp8l1m5814']
[2026-05-11T13:16:56.945+0000] {standard_task_runner.py:88} INFO - Job 1832: Subtask check_market_open
[2026-05-11T13:16:57.019+0000] {task_command.py:423} INFO - Running <TaskInstance: fetch_market_data.check_market_open scheduled__2026-05-11T12:00:00+00:00 [running]> on host reddit-pipeline-vm
[2026-05-11T13:16:57.136+0000] {taskinstance.py:2480} INFO - Exporting env vars: AIRFLOW_CTX_DAG_OWNER='pipeline' AIRFLOW_CTX_DAG_ID='fetch_market_data' AIRFLOW_CTX_TASK_ID='check_market_open' AIRFLOW_CTX_EXECUTION_DATE='2026-05-11T12:00:00+00:00' AIRFLOW_CTX_TRY_NUMBER='1' AIRFLOW_CTX_DAG_RUN_ID='scheduled__2026-05-11T12:00:00+00:00'
[2026-05-11T13:16:57.154+0000] {sensors.py:45} INFO - Market open check at 2026-05-11 09:16 ET: False
[2026-05-11T13:16:57.182+0000] {taskinstance.py:2658} INFO - Rescheduling task, marking task as UP_FOR_RESCHEDULE
[2026-05-11T13:16:57.195+0000] {local_task_job_runner.py:234} INFO - Task exited with return code 0
[2026-05-11T13:16:57.235+0000] {taskinstance.py:3280} INFO - 0 downstream tasks scheduled from follow-on schedule check
[2026-05-11T13:31:58.788+0000] {taskinstance.py:1956} INFO - Dependencies all met for dep_context=non-requeueable deps ti=<TaskInstance: fetch_market_data.check_market_open scheduled__2026-05-11T12:00:00+00:00 [queued]>
[2026-05-11T13:31:58.797+0000] {taskinstance.py:1956} INFO - Dependencies all met for dep_context=requeueable deps ti=<TaskInstance: fetch_market_data.check_market_open scheduled__2026-05-11T12:00:00+00:00 [queued]>
[2026-05-11T13:31:58.797+0000] {taskinstance.py:2170} INFO - Starting attempt 1 of 3
[2026-05-11T13:31:58.809+0000] {taskinstance.py:2191} INFO - Executing <Task(MarketOpenSensor): check_market_open> on 2026-05-11 12:00:00+00:00
[2026-05-11T13:31:58.816+0000] {standard_task_runner.py:60} INFO - Started process 1506939 to run task
[2026-05-11T13:31:58.820+0000] {standard_task_runner.py:87} INFO - Running: ['airflow', 'tasks', 'run', 'fetch_market_data', 'check_market_open', 'scheduled__2026-05-11T12:00:00+00:00', '--job-id', '1833', '--raw', '--subdir', 'DAGS_FOLDER/fetch_market_data.py', '--cfg-path', '/tmp/tmpnirxsjv5']
[2026-05-11T13:31:58.822+0000] {standard_task_runner.py:88} INFO - Job 1833: Subtask check_market_open
[2026-05-11T13:31:58.894+0000] {task_command.py:423} INFO - Running <TaskInstance: fetch_market_data.check_market_open scheduled__2026-05-11T12:00:00+00:00 [running]> on host reddit-pipeline-vm
[2026-05-11T13:31:59.000+0000] {taskinstance.py:2480} INFO - Exporting env vars: AIRFLOW_CTX_DAG_OWNER='pipeline' AIRFLOW_CTX_DAG_ID='fetch_market_data' AIRFLOW_CTX_TASK_ID='check_market_open' AIRFLOW_CTX_EXECUTION_DATE='2026-05-11T12:00:00+00:00' AIRFLOW_CTX_TRY_NUMBER='1' AIRFLOW_CTX_DAG_RUN_ID='scheduled__2026-05-11T12:00:00+00:00'
[2026-05-11T13:31:59.016+0000] {sensors.py:45} INFO - Market open check at 2026-05-11 09:31 ET: True
[2026-05-11T13:31:59.016+0000] {base.py:295} INFO - Success criteria met. Exiting.
[2026-05-11T13:31:59.032+0000] {taskinstance.py:1138} INFO - Marking task as SUCCESS. dag_id=fetch_market_data, task_id=check_market_open, execution_date=20260511T120000, start_date=20260511T133158, end_date=20260511T133159
[2026-05-11T13:31:59.072+0000] {local_task_job_runner.py:234} INFO - Task exited with return code 0
[2026-05-11T13:31:59.119+0000] {taskinstance.py:3280} INFO - 7 downstream tasks scheduled from follow-on schedule check
