[2026-05-01T03:10:39.254+0000] {taskinstance.py:1956} INFO - Dependencies all met for dep_context=non-requeueable deps ti=<TaskInstance: fetch_market_data.check_market_open scheduled__2026-05-01T02:45:00+00:00 [queued]>
[2026-05-01T03:10:39.263+0000] {taskinstance.py:1956} INFO - Dependencies all met for dep_context=requeueable deps ti=<TaskInstance: fetch_market_data.check_market_open scheduled__2026-05-01T02:45:00+00:00 [queued]>
[2026-05-01T03:10:39.264+0000] {taskinstance.py:2170} INFO - Starting attempt 1 of 3
[2026-05-01T03:10:39.277+0000] {taskinstance.py:2191} INFO - Executing <Task(MarketOpenSensor): check_market_open> on 2026-05-01 02:45:00+00:00
[2026-05-01T03:10:39.284+0000] {standard_task_runner.py:60} INFO - Started process 656694 to run task
[2026-05-01T03:10:39.288+0000] {standard_task_runner.py:87} INFO - Running: ['airflow', 'tasks', 'run', 'fetch_market_data', 'check_market_open', 'scheduled__2026-05-01T02:45:00+00:00', '--job-id', '606', '--raw', '--subdir', 'DAGS_FOLDER/fetch_market_data.py', '--cfg-path', '/tmp/tmp7e83_km3']
[2026-05-01T03:10:39.290+0000] {standard_task_runner.py:88} INFO - Job 606: Subtask check_market_open
[2026-05-01T03:10:39.375+0000] {task_command.py:423} INFO - Running <TaskInstance: fetch_market_data.check_market_open scheduled__2026-05-01T02:45:00+00:00 [running]> on host reddit-pipeline-vm
[2026-05-01T03:10:39.500+0000] {taskinstance.py:2480} INFO - Exporting env vars: AIRFLOW_CTX_DAG_OWNER='pipeline' AIRFLOW_CTX_DAG_ID='fetch_market_data' AIRFLOW_CTX_TASK_ID='check_market_open' AIRFLOW_CTX_EXECUTION_DATE='2026-05-01T02:45:00+00:00' AIRFLOW_CTX_TRY_NUMBER='1' AIRFLOW_CTX_DAG_RUN_ID='scheduled__2026-05-01T02:45:00+00:00'
[2026-05-01T03:10:39.520+0000] {sensors.py:45} INFO - Market open check at 2026-04-30 23:10 ET: False
[2026-05-01T03:10:39.549+0000] {taskinstance.py:2658} INFO - Rescheduling task, marking task as UP_FOR_RESCHEDULE
[2026-05-01T03:10:39.581+0000] {local_task_job_runner.py:234} INFO - Task exited with return code 0
[2026-05-01T03:10:39.625+0000] {taskinstance.py:3280} INFO - 0 downstream tasks scheduled from follow-on schedule check
[2026-05-01T03:11:40.871+0000] {taskinstance.py:1956} INFO - Dependencies all met for dep_context=non-requeueable deps ti=<TaskInstance: fetch_market_data.check_market_open scheduled__2026-05-01T02:45:00+00:00 [queued]>
[2026-05-01T03:11:40.882+0000] {taskinstance.py:1956} INFO - Dependencies all met for dep_context=requeueable deps ti=<TaskInstance: fetch_market_data.check_market_open scheduled__2026-05-01T02:45:00+00:00 [queued]>
[2026-05-01T03:11:40.882+0000] {taskinstance.py:2170} INFO - Starting attempt 1 of 3
[2026-05-01T03:11:40.895+0000] {taskinstance.py:2191} INFO - Executing <Task(MarketOpenSensor): check_market_open> on 2026-05-01 02:45:00+00:00
[2026-05-01T03:11:40.902+0000] {standard_task_runner.py:60} INFO - Started process 656766 to run task
[2026-05-01T03:11:40.905+0000] {standard_task_runner.py:87} INFO - Running: ['airflow', 'tasks', 'run', 'fetch_market_data', 'check_market_open', 'scheduled__2026-05-01T02:45:00+00:00', '--job-id', '607', '--raw', '--subdir', 'DAGS_FOLDER/fetch_market_data.py', '--cfg-path', '/tmp/tmpfbkfc5zo']
[2026-05-01T03:11:40.907+0000] {standard_task_runner.py:88} INFO - Job 607: Subtask check_market_open
[2026-05-01T03:11:40.990+0000] {task_command.py:423} INFO - Running <TaskInstance: fetch_market_data.check_market_open scheduled__2026-05-01T02:45:00+00:00 [running]> on host reddit-pipeline-vm
[2026-05-01T03:11:41.118+0000] {taskinstance.py:2480} INFO - Exporting env vars: AIRFLOW_CTX_DAG_OWNER='pipeline' AIRFLOW_CTX_DAG_ID='fetch_market_data' AIRFLOW_CTX_TASK_ID='check_market_open' AIRFLOW_CTX_EXECUTION_DATE='2026-05-01T02:45:00+00:00' AIRFLOW_CTX_TRY_NUMBER='1' AIRFLOW_CTX_DAG_RUN_ID='scheduled__2026-05-01T02:45:00+00:00'
[2026-05-01T03:11:41.137+0000] {sensors.py:45} INFO - Market open check at 2026-04-30 23:11 ET: False
[2026-05-01T03:11:41.167+0000] {taskinstance.py:2658} INFO - Rescheduling task, marking task as UP_FOR_RESCHEDULE
[2026-05-01T03:11:41.200+0000] {local_task_job_runner.py:234} INFO - Task exited with return code 0
[2026-05-01T03:11:41.242+0000] {taskinstance.py:3280} INFO - 0 downstream tasks scheduled from follow-on schedule check
[2026-05-01T03:12:42.517+0000] {taskinstance.py:1956} INFO - Dependencies all met for dep_context=non-requeueable deps ti=<TaskInstance: fetch_market_data.check_market_open scheduled__2026-05-01T02:45:00+00:00 [queued]>
[2026-05-01T03:12:42.526+0000] {taskinstance.py:1956} INFO - Dependencies all met for dep_context=requeueable deps ti=<TaskInstance: fetch_market_data.check_market_open scheduled__2026-05-01T02:45:00+00:00 [queued]>
[2026-05-01T03:12:42.527+0000] {taskinstance.py:2170} INFO - Starting attempt 1 of 3
[2026-05-01T03:12:42.538+0000] {taskinstance.py:2191} INFO - Executing <Task(MarketOpenSensor): check_market_open> on 2026-05-01 02:45:00+00:00
[2026-05-01T03:12:42.546+0000] {standard_task_runner.py:60} INFO - Started process 656838 to run task
[2026-05-01T03:12:42.550+0000] {standard_task_runner.py:87} INFO - Running: ['airflow', 'tasks', 'run', 'fetch_market_data', 'check_market_open', 'scheduled__2026-05-01T02:45:00+00:00', '--job-id', '608', '--raw', '--subdir', 'DAGS_FOLDER/fetch_market_data.py', '--cfg-path', '/tmp/tmpcj6drq0n']
[2026-05-01T03:12:42.552+0000] {standard_task_runner.py:88} INFO - Job 608: Subtask check_market_open
[2026-05-01T03:12:42.638+0000] {task_command.py:423} INFO - Running <TaskInstance: fetch_market_data.check_market_open scheduled__2026-05-01T02:45:00+00:00 [running]> on host reddit-pipeline-vm
[2026-05-01T03:12:42.771+0000] {taskinstance.py:2480} INFO - Exporting env vars: AIRFLOW_CTX_DAG_OWNER='pipeline' AIRFLOW_CTX_DAG_ID='fetch_market_data' AIRFLOW_CTX_TASK_ID='check_market_open' AIRFLOW_CTX_EXECUTION_DATE='2026-05-01T02:45:00+00:00' AIRFLOW_CTX_TRY_NUMBER='1' AIRFLOW_CTX_DAG_RUN_ID='scheduled__2026-05-01T02:45:00+00:00'
[2026-05-01T03:12:42.791+0000] {sensors.py:45} INFO - Market open check at 2026-04-30 23:12 ET: False
[2026-05-01T03:12:42.822+0000] {taskinstance.py:2658} INFO - Rescheduling task, marking task as UP_FOR_RESCHEDULE
[2026-05-01T03:12:42.843+0000] {local_task_job_runner.py:234} INFO - Task exited with return code 0
[2026-05-01T03:12:42.889+0000] {taskinstance.py:3280} INFO - 0 downstream tasks scheduled from follow-on schedule check
[2026-05-01T03:13:43.958+0000] {taskinstance.py:1956} INFO - Dependencies all met for dep_context=non-requeueable deps ti=<TaskInstance: fetch_market_data.check_market_open scheduled__2026-05-01T02:45:00+00:00 [queued]>
[2026-05-01T03:13:43.969+0000] {taskinstance.py:1956} INFO - Dependencies all met for dep_context=requeueable deps ti=<TaskInstance: fetch_market_data.check_market_open scheduled__2026-05-01T02:45:00+00:00 [queued]>
[2026-05-01T03:13:43.969+0000] {taskinstance.py:2170} INFO - Starting attempt 1 of 3
[2026-05-01T03:13:43.982+0000] {taskinstance.py:2191} INFO - Executing <Task(MarketOpenSensor): check_market_open> on 2026-05-01 02:45:00+00:00
[2026-05-01T03:13:43.989+0000] {standard_task_runner.py:60} INFO - Started process 656908 to run task
[2026-05-01T03:13:43.993+0000] {standard_task_runner.py:87} INFO - Running: ['airflow', 'tasks', 'run', 'fetch_market_data', 'check_market_open', 'scheduled__2026-05-01T02:45:00+00:00', '--job-id', '609', '--raw', '--subdir', 'DAGS_FOLDER/fetch_market_data.py', '--cfg-path', '/tmp/tmp7cognk0m']
[2026-05-01T03:13:43.996+0000] {standard_task_runner.py:88} INFO - Job 609: Subtask check_market_open
[2026-05-01T03:13:44.082+0000] {task_command.py:423} INFO - Running <TaskInstance: fetch_market_data.check_market_open scheduled__2026-05-01T02:45:00+00:00 [running]> on host reddit-pipeline-vm
[2026-05-01T03:13:44.209+0000] {taskinstance.py:2480} INFO - Exporting env vars: AIRFLOW_CTX_DAG_OWNER='pipeline' AIRFLOW_CTX_DAG_ID='fetch_market_data' AIRFLOW_CTX_TASK_ID='check_market_open' AIRFLOW_CTX_EXECUTION_DATE='2026-05-01T02:45:00+00:00' AIRFLOW_CTX_TRY_NUMBER='1' AIRFLOW_CTX_DAG_RUN_ID='scheduled__2026-05-01T02:45:00+00:00'
[2026-05-01T03:13:44.229+0000] {sensors.py:45} INFO - Market open check at 2026-04-30 23:13 ET: False
[2026-05-01T03:13:44.260+0000] {taskinstance.py:2658} INFO - Rescheduling task, marking task as UP_FOR_RESCHEDULE
[2026-05-01T03:13:44.286+0000] {local_task_job_runner.py:234} INFO - Task exited with return code 0
[2026-05-01T03:13:44.332+0000] {taskinstance.py:3280} INFO - 0 downstream tasks scheduled from follow-on schedule check
[2026-05-01T03:14:45.603+0000] {taskinstance.py:1956} INFO - Dependencies all met for dep_context=non-requeueable deps ti=<TaskInstance: fetch_market_data.check_market_open scheduled__2026-05-01T02:45:00+00:00 [queued]>
[2026-05-01T03:14:45.613+0000] {taskinstance.py:1956} INFO - Dependencies all met for dep_context=requeueable deps ti=<TaskInstance: fetch_market_data.check_market_open scheduled__2026-05-01T02:45:00+00:00 [queued]>
[2026-05-01T03:14:45.613+0000] {taskinstance.py:2170} INFO - Starting attempt 1 of 3
[2026-05-01T03:14:45.625+0000] {taskinstance.py:2191} INFO - Executing <Task(MarketOpenSensor): check_market_open> on 2026-05-01 02:45:00+00:00
[2026-05-01T03:14:45.633+0000] {standard_task_runner.py:60} INFO - Started process 656974 to run task
[2026-05-01T03:14:45.637+0000] {standard_task_runner.py:87} INFO - Running: ['airflow', 'tasks', 'run', 'fetch_market_data', 'check_market_open', 'scheduled__2026-05-01T02:45:00+00:00', '--job-id', '610', '--raw', '--subdir', 'DAGS_FOLDER/fetch_market_data.py', '--cfg-path', '/tmp/tmprkvrslgu']
[2026-05-01T03:14:45.640+0000] {standard_task_runner.py:88} INFO - Job 610: Subtask check_market_open
[2026-05-01T03:14:45.729+0000] {task_command.py:423} INFO - Running <TaskInstance: fetch_market_data.check_market_open scheduled__2026-05-01T02:45:00+00:00 [running]> on host reddit-pipeline-vm
[2026-05-01T03:14:45.856+0000] {taskinstance.py:2480} INFO - Exporting env vars: AIRFLOW_CTX_DAG_OWNER='pipeline' AIRFLOW_CTX_DAG_ID='fetch_market_data' AIRFLOW_CTX_TASK_ID='check_market_open' AIRFLOW_CTX_EXECUTION_DATE='2026-05-01T02:45:00+00:00' AIRFLOW_CTX_TRY_NUMBER='1' AIRFLOW_CTX_DAG_RUN_ID='scheduled__2026-05-01T02:45:00+00:00'
[2026-05-01T03:14:45.876+0000] {sensors.py:45} INFO - Market open check at 2026-04-30 23:14 ET: False
[2026-05-01T03:14:45.908+0000] {taskinstance.py:2658} INFO - Rescheduling task, marking task as UP_FOR_RESCHEDULE
[2026-05-01T03:14:45.932+0000] {local_task_job_runner.py:234} INFO - Task exited with return code 0
[2026-05-01T03:14:45.980+0000] {taskinstance.py:3280} INFO - 0 downstream tasks scheduled from follow-on schedule check
[2026-05-01T03:15:47.288+0000] {taskinstance.py:1956} INFO - Dependencies all met for dep_context=non-requeueable deps ti=<TaskInstance: fetch_market_data.check_market_open scheduled__2026-05-01T02:45:00+00:00 [queued]>
[2026-05-01T03:15:47.298+0000] {taskinstance.py:1956} INFO - Dependencies all met for dep_context=requeueable deps ti=<TaskInstance: fetch_market_data.check_market_open scheduled__2026-05-01T02:45:00+00:00 [queued]>
[2026-05-01T03:15:47.299+0000] {taskinstance.py:2170} INFO - Starting attempt 1 of 3
[2026-05-01T03:15:47.311+0000] {taskinstance.py:2191} INFO - Executing <Task(MarketOpenSensor): check_market_open> on 2026-05-01 02:45:00+00:00
[2026-05-01T03:15:47.318+0000] {standard_task_runner.py:60} INFO - Started process 657038 to run task
[2026-05-01T03:15:47.321+0000] {standard_task_runner.py:87} INFO - Running: ['airflow', 'tasks', 'run', 'fetch_market_data', 'check_market_open', 'scheduled__2026-05-01T02:45:00+00:00', '--job-id', '611', '--raw', '--subdir', 'DAGS_FOLDER/fetch_market_data.py', '--cfg-path', '/tmp/tmp7est7chc']
[2026-05-01T03:15:47.323+0000] {standard_task_runner.py:88} INFO - Job 611: Subtask check_market_open
[2026-05-01T03:15:47.411+0000] {task_command.py:423} INFO - Running <TaskInstance: fetch_market_data.check_market_open scheduled__2026-05-01T02:45:00+00:00 [running]> on host reddit-pipeline-vm
[2026-05-01T03:15:47.535+0000] {taskinstance.py:2480} INFO - Exporting env vars: AIRFLOW_CTX_DAG_OWNER='pipeline' AIRFLOW_CTX_DAG_ID='fetch_market_data' AIRFLOW_CTX_TASK_ID='check_market_open' AIRFLOW_CTX_EXECUTION_DATE='2026-05-01T02:45:00+00:00' AIRFLOW_CTX_TRY_NUMBER='1' AIRFLOW_CTX_DAG_RUN_ID='scheduled__2026-05-01T02:45:00+00:00'
[2026-05-01T03:15:47.555+0000] {sensors.py:45} INFO - Market open check at 2026-04-30 23:15 ET: False
[2026-05-01T03:15:47.586+0000] {taskinstance.py:2658} INFO - Rescheduling task, marking task as UP_FOR_RESCHEDULE
[2026-05-01T03:15:47.617+0000] {local_task_job_runner.py:234} INFO - Task exited with return code 0
[2026-05-01T03:15:47.662+0000] {taskinstance.py:3280} INFO - 0 downstream tasks scheduled from follow-on schedule check
[2026-05-01T03:16:49.007+0000] {taskinstance.py:1956} INFO - Dependencies all met for dep_context=non-requeueable deps ti=<TaskInstance: fetch_market_data.check_market_open scheduled__2026-05-01T02:45:00+00:00 [queued]>
[2026-05-01T03:16:49.018+0000] {taskinstance.py:1956} INFO - Dependencies all met for dep_context=requeueable deps ti=<TaskInstance: fetch_market_data.check_market_open scheduled__2026-05-01T02:45:00+00:00 [queued]>
[2026-05-01T03:16:49.019+0000] {taskinstance.py:2170} INFO - Starting attempt 1 of 3
[2026-05-01T03:16:49.030+0000] {taskinstance.py:2191} INFO - Executing <Task(MarketOpenSensor): check_market_open> on 2026-05-01 02:45:00+00:00
[2026-05-01T03:16:49.037+0000] {standard_task_runner.py:60} INFO - Started process 657108 to run task
[2026-05-01T03:16:49.040+0000] {standard_task_runner.py:87} INFO - Running: ['airflow', 'tasks', 'run', 'fetch_market_data', 'check_market_open', 'scheduled__2026-05-01T02:45:00+00:00', '--job-id', '612', '--raw', '--subdir', 'DAGS_FOLDER/fetch_market_data.py', '--cfg-path', '/tmp/tmpny7lq6y9']
[2026-05-01T03:16:49.043+0000] {standard_task_runner.py:88} INFO - Job 612: Subtask check_market_open
[2026-05-01T03:16:49.128+0000] {task_command.py:423} INFO - Running <TaskInstance: fetch_market_data.check_market_open scheduled__2026-05-01T02:45:00+00:00 [running]> on host reddit-pipeline-vm
[2026-05-01T03:16:49.251+0000] {taskinstance.py:2480} INFO - Exporting env vars: AIRFLOW_CTX_DAG_OWNER='pipeline' AIRFLOW_CTX_DAG_ID='fetch_market_data' AIRFLOW_CTX_TASK_ID='check_market_open' AIRFLOW_CTX_EXECUTION_DATE='2026-05-01T02:45:00+00:00' AIRFLOW_CTX_TRY_NUMBER='1' AIRFLOW_CTX_DAG_RUN_ID='scheduled__2026-05-01T02:45:00+00:00'
[2026-05-01T03:16:49.271+0000] {sensors.py:45} INFO - Market open check at 2026-04-30 23:16 ET: False
[2026-05-01T03:16:49.302+0000] {taskinstance.py:2658} INFO - Rescheduling task, marking task as UP_FOR_RESCHEDULE
[2026-05-01T03:16:49.335+0000] {local_task_job_runner.py:234} INFO - Task exited with return code 0
[2026-05-01T03:16:49.382+0000] {taskinstance.py:3280} INFO - 0 downstream tasks scheduled from follow-on schedule check
[2026-05-01T03:17:50.238+0000] {taskinstance.py:1956} INFO - Dependencies all met for dep_context=non-requeueable deps ti=<TaskInstance: fetch_market_data.check_market_open scheduled__2026-05-01T02:45:00+00:00 [queued]>
[2026-05-01T03:17:50.248+0000] {taskinstance.py:1956} INFO - Dependencies all met for dep_context=requeueable deps ti=<TaskInstance: fetch_market_data.check_market_open scheduled__2026-05-01T02:45:00+00:00 [queued]>
[2026-05-01T03:17:50.248+0000] {taskinstance.py:2170} INFO - Starting attempt 1 of 3
[2026-05-01T03:17:50.261+0000] {taskinstance.py:2191} INFO - Executing <Task(MarketOpenSensor): check_market_open> on 2026-05-01 02:45:00+00:00
[2026-05-01T03:17:50.268+0000] {standard_task_runner.py:60} INFO - Started process 657174 to run task
[2026-05-01T03:17:50.272+0000] {standard_task_runner.py:87} INFO - Running: ['airflow', 'tasks', 'run', 'fetch_market_data', 'check_market_open', 'scheduled__2026-05-01T02:45:00+00:00', '--job-id', '613', '--raw', '--subdir', 'DAGS_FOLDER/fetch_market_data.py', '--cfg-path', '/tmp/tmpn95_pl67']
[2026-05-01T03:17:50.274+0000] {standard_task_runner.py:88} INFO - Job 613: Subtask check_market_open
[2026-05-01T03:17:50.358+0000] {task_command.py:423} INFO - Running <TaskInstance: fetch_market_data.check_market_open scheduled__2026-05-01T02:45:00+00:00 [running]> on host reddit-pipeline-vm
[2026-05-01T03:17:50.481+0000] {taskinstance.py:2480} INFO - Exporting env vars: AIRFLOW_CTX_DAG_OWNER='pipeline' AIRFLOW_CTX_DAG_ID='fetch_market_data' AIRFLOW_CTX_TASK_ID='check_market_open' AIRFLOW_CTX_EXECUTION_DATE='2026-05-01T02:45:00+00:00' AIRFLOW_CTX_TRY_NUMBER='1' AIRFLOW_CTX_DAG_RUN_ID='scheduled__2026-05-01T02:45:00+00:00'
[2026-05-01T03:17:50.502+0000] {sensors.py:45} INFO - Market open check at 2026-04-30 23:17 ET: False
[2026-05-01T03:17:50.529+0000] {taskinstance.py:2658} INFO - Rescheduling task, marking task as UP_FOR_RESCHEDULE
[2026-05-01T03:17:50.565+0000] {local_task_job_runner.py:234} INFO - Task exited with return code 0
[2026-05-01T03:17:50.612+0000] {taskinstance.py:3280} INFO - 0 downstream tasks scheduled from follow-on schedule check
[2026-05-01T03:18:51.571+0000] {taskinstance.py:1956} INFO - Dependencies all met for dep_context=non-requeueable deps ti=<TaskInstance: fetch_market_data.check_market_open scheduled__2026-05-01T02:45:00+00:00 [queued]>
[2026-05-01T03:18:51.581+0000] {taskinstance.py:1956} INFO - Dependencies all met for dep_context=requeueable deps ti=<TaskInstance: fetch_market_data.check_market_open scheduled__2026-05-01T02:45:00+00:00 [queued]>
[2026-05-01T03:18:51.581+0000] {taskinstance.py:2170} INFO - Starting attempt 1 of 3
[2026-05-01T03:18:51.595+0000] {taskinstance.py:2191} INFO - Executing <Task(MarketOpenSensor): check_market_open> on 2026-05-01 02:45:00+00:00
[2026-05-01T03:18:51.603+0000] {standard_task_runner.py:60} INFO - Started process 657244 to run task
[2026-05-01T03:18:51.606+0000] {standard_task_runner.py:87} INFO - Running: ['airflow', 'tasks', 'run', 'fetch_market_data', 'check_market_open', 'scheduled__2026-05-01T02:45:00+00:00', '--job-id', '614', '--raw', '--subdir', 'DAGS_FOLDER/fetch_market_data.py', '--cfg-path', '/tmp/tmpwnie4n50']
[2026-05-01T03:18:51.608+0000] {standard_task_runner.py:88} INFO - Job 614: Subtask check_market_open
[2026-05-01T03:18:51.691+0000] {task_command.py:423} INFO - Running <TaskInstance: fetch_market_data.check_market_open scheduled__2026-05-01T02:45:00+00:00 [running]> on host reddit-pipeline-vm
[2026-05-01T03:18:51.811+0000] {taskinstance.py:2480} INFO - Exporting env vars: AIRFLOW_CTX_DAG_OWNER='pipeline' AIRFLOW_CTX_DAG_ID='fetch_market_data' AIRFLOW_CTX_TASK_ID='check_market_open' AIRFLOW_CTX_EXECUTION_DATE='2026-05-01T02:45:00+00:00' AIRFLOW_CTX_TRY_NUMBER='1' AIRFLOW_CTX_DAG_RUN_ID='scheduled__2026-05-01T02:45:00+00:00'
[2026-05-01T03:18:51.830+0000] {sensors.py:45} INFO - Market open check at 2026-04-30 23:18 ET: False
[2026-05-01T03:18:51.860+0000] {taskinstance.py:2658} INFO - Rescheduling task, marking task as UP_FOR_RESCHEDULE
[2026-05-01T03:18:51.903+0000] {local_task_job_runner.py:234} INFO - Task exited with return code 0
[2026-05-01T03:18:51.944+0000] {taskinstance.py:3280} INFO - 0 downstream tasks scheduled from follow-on schedule check
[2026-05-01T03:19:52.708+0000] {taskinstance.py:1956} INFO - Dependencies all met for dep_context=non-requeueable deps ti=<TaskInstance: fetch_market_data.check_market_open scheduled__2026-05-01T02:45:00+00:00 [queued]>
[2026-05-01T03:19:52.718+0000] {taskinstance.py:1956} INFO - Dependencies all met for dep_context=requeueable deps ti=<TaskInstance: fetch_market_data.check_market_open scheduled__2026-05-01T02:45:00+00:00 [queued]>
[2026-05-01T03:19:52.718+0000] {taskinstance.py:2170} INFO - Starting attempt 1 of 3
[2026-05-01T03:19:52.731+0000] {taskinstance.py:2191} INFO - Executing <Task(MarketOpenSensor): check_market_open> on 2026-05-01 02:45:00+00:00
[2026-05-01T03:19:52.738+0000] {standard_task_runner.py:60} INFO - Started process 657315 to run task
[2026-05-01T03:19:52.742+0000] {standard_task_runner.py:87} INFO - Running: ['airflow', 'tasks', 'run', 'fetch_market_data', 'check_market_open', 'scheduled__2026-05-01T02:45:00+00:00', '--job-id', '615', '--raw', '--subdir', 'DAGS_FOLDER/fetch_market_data.py', '--cfg-path', '/tmp/tmp6znv8qoj']
[2026-05-01T03:19:52.744+0000] {standard_task_runner.py:88} INFO - Job 615: Subtask check_market_open
[2026-05-01T03:19:52.829+0000] {task_command.py:423} INFO - Running <TaskInstance: fetch_market_data.check_market_open scheduled__2026-05-01T02:45:00+00:00 [running]> on host reddit-pipeline-vm
[2026-05-01T03:19:52.955+0000] {taskinstance.py:2480} INFO - Exporting env vars: AIRFLOW_CTX_DAG_OWNER='pipeline' AIRFLOW_CTX_DAG_ID='fetch_market_data' AIRFLOW_CTX_TASK_ID='check_market_open' AIRFLOW_CTX_EXECUTION_DATE='2026-05-01T02:45:00+00:00' AIRFLOW_CTX_TRY_NUMBER='1' AIRFLOW_CTX_DAG_RUN_ID='scheduled__2026-05-01T02:45:00+00:00'
[2026-05-01T03:19:52.976+0000] {sensors.py:45} INFO - Market open check at 2026-04-30 23:19 ET: False
[2026-05-01T03:19:53.008+0000] {taskinstance.py:2658} INFO - Rescheduling task, marking task as UP_FOR_RESCHEDULE
[2026-05-01T03:19:53.037+0000] {local_task_job_runner.py:234} INFO - Task exited with return code 0
[2026-05-01T03:19:53.083+0000] {taskinstance.py:3280} INFO - 0 downstream tasks scheduled from follow-on schedule check
[2026-05-01T03:20:54.412+0000] {taskinstance.py:1956} INFO - Dependencies all met for dep_context=non-requeueable deps ti=<TaskInstance: fetch_market_data.check_market_open scheduled__2026-05-01T02:45:00+00:00 [queued]>
[2026-05-01T03:20:54.422+0000] {taskinstance.py:1956} INFO - Dependencies all met for dep_context=requeueable deps ti=<TaskInstance: fetch_market_data.check_market_open scheduled__2026-05-01T02:45:00+00:00 [queued]>
[2026-05-01T03:20:54.423+0000] {taskinstance.py:2170} INFO - Starting attempt 1 of 3
[2026-05-01T03:20:54.435+0000] {taskinstance.py:2191} INFO - Executing <Task(MarketOpenSensor): check_market_open> on 2026-05-01 02:45:00+00:00
[2026-05-01T03:20:54.442+0000] {standard_task_runner.py:60} INFO - Started process 657382 to run task
[2026-05-01T03:20:54.446+0000] {standard_task_runner.py:87} INFO - Running: ['airflow', 'tasks', 'run', 'fetch_market_data', 'check_market_open', 'scheduled__2026-05-01T02:45:00+00:00', '--job-id', '616', '--raw', '--subdir', 'DAGS_FOLDER/fetch_market_data.py', '--cfg-path', '/tmp/tmphw0p0zqt']
[2026-05-01T03:20:54.448+0000] {standard_task_runner.py:88} INFO - Job 616: Subtask check_market_open
[2026-05-01T03:20:54.532+0000] {task_command.py:423} INFO - Running <TaskInstance: fetch_market_data.check_market_open scheduled__2026-05-01T02:45:00+00:00 [running]> on host reddit-pipeline-vm
[2026-05-01T03:20:54.658+0000] {taskinstance.py:2480} INFO - Exporting env vars: AIRFLOW_CTX_DAG_OWNER='pipeline' AIRFLOW_CTX_DAG_ID='fetch_market_data' AIRFLOW_CTX_TASK_ID='check_market_open' AIRFLOW_CTX_EXECUTION_DATE='2026-05-01T02:45:00+00:00' AIRFLOW_CTX_TRY_NUMBER='1' AIRFLOW_CTX_DAG_RUN_ID='scheduled__2026-05-01T02:45:00+00:00'
[2026-05-01T03:20:54.680+0000] {sensors.py:45} INFO - Market open check at 2026-04-30 23:20 ET: False
[2026-05-01T03:20:54.710+0000] {taskinstance.py:2658} INFO - Rescheduling task, marking task as UP_FOR_RESCHEDULE
[2026-05-01T03:20:54.742+0000] {local_task_job_runner.py:234} INFO - Task exited with return code 0
[2026-05-01T03:20:54.788+0000] {taskinstance.py:3280} INFO - 0 downstream tasks scheduled from follow-on schedule check
[2026-05-01T03:21:56.080+0000] {taskinstance.py:1956} INFO - Dependencies all met for dep_context=non-requeueable deps ti=<TaskInstance: fetch_market_data.check_market_open scheduled__2026-05-01T02:45:00+00:00 [queued]>
[2026-05-01T03:21:56.090+0000] {taskinstance.py:1956} INFO - Dependencies all met for dep_context=requeueable deps ti=<TaskInstance: fetch_market_data.check_market_open scheduled__2026-05-01T02:45:00+00:00 [queued]>
[2026-05-01T03:21:56.090+0000] {taskinstance.py:2170} INFO - Starting attempt 1 of 3
[2026-05-01T03:21:56.103+0000] {taskinstance.py:2191} INFO - Executing <Task(MarketOpenSensor): check_market_open> on 2026-05-01 02:45:00+00:00
[2026-05-01T03:21:56.111+0000] {standard_task_runner.py:60} INFO - Started process 657451 to run task
[2026-05-01T03:21:56.115+0000] {standard_task_runner.py:87} INFO - Running: ['airflow', 'tasks', 'run', 'fetch_market_data', 'check_market_open', 'scheduled__2026-05-01T02:45:00+00:00', '--job-id', '617', '--raw', '--subdir', 'DAGS_FOLDER/fetch_market_data.py', '--cfg-path', '/tmp/tmp4j24hhun']
[2026-05-01T03:21:56.117+0000] {standard_task_runner.py:88} INFO - Job 617: Subtask check_market_open
[2026-05-01T03:21:56.204+0000] {task_command.py:423} INFO - Running <TaskInstance: fetch_market_data.check_market_open scheduled__2026-05-01T02:45:00+00:00 [running]> on host reddit-pipeline-vm
[2026-05-01T03:21:56.329+0000] {taskinstance.py:2480} INFO - Exporting env vars: AIRFLOW_CTX_DAG_OWNER='pipeline' AIRFLOW_CTX_DAG_ID='fetch_market_data' AIRFLOW_CTX_TASK_ID='check_market_open' AIRFLOW_CTX_EXECUTION_DATE='2026-05-01T02:45:00+00:00' AIRFLOW_CTX_TRY_NUMBER='1' AIRFLOW_CTX_DAG_RUN_ID='scheduled__2026-05-01T02:45:00+00:00'
[2026-05-01T03:21:56.351+0000] {sensors.py:45} INFO - Market open check at 2026-04-30 23:21 ET: False
[2026-05-01T03:21:56.382+0000] {taskinstance.py:2658} INFO - Rescheduling task, marking task as UP_FOR_RESCHEDULE
[2026-05-01T03:21:56.408+0000] {local_task_job_runner.py:234} INFO - Task exited with return code 0
[2026-05-01T03:21:56.453+0000] {taskinstance.py:3280} INFO - 0 downstream tasks scheduled from follow-on schedule check
[2026-05-01T03:22:57.556+0000] {taskinstance.py:1956} INFO - Dependencies all met for dep_context=non-requeueable deps ti=<TaskInstance: fetch_market_data.check_market_open scheduled__2026-05-01T02:45:00+00:00 [queued]>
[2026-05-01T03:22:57.566+0000] {taskinstance.py:1956} INFO - Dependencies all met for dep_context=requeueable deps ti=<TaskInstance: fetch_market_data.check_market_open scheduled__2026-05-01T02:45:00+00:00 [queued]>
[2026-05-01T03:22:57.566+0000] {taskinstance.py:2170} INFO - Starting attempt 1 of 3
[2026-05-01T03:22:57.579+0000] {taskinstance.py:2191} INFO - Executing <Task(MarketOpenSensor): check_market_open> on 2026-05-01 02:45:00+00:00
[2026-05-01T03:22:57.587+0000] {standard_task_runner.py:60} INFO - Started process 657532 to run task
[2026-05-01T03:22:57.590+0000] {standard_task_runner.py:87} INFO - Running: ['airflow', 'tasks', 'run', 'fetch_market_data', 'check_market_open', 'scheduled__2026-05-01T02:45:00+00:00', '--job-id', '618', '--raw', '--subdir', 'DAGS_FOLDER/fetch_market_data.py', '--cfg-path', '/tmp/tmphk5vw4et']
[2026-05-01T03:22:57.593+0000] {standard_task_runner.py:88} INFO - Job 618: Subtask check_market_open
[2026-05-01T03:22:57.674+0000] {task_command.py:423} INFO - Running <TaskInstance: fetch_market_data.check_market_open scheduled__2026-05-01T02:45:00+00:00 [running]> on host reddit-pipeline-vm
[2026-05-01T03:22:57.794+0000] {taskinstance.py:2480} INFO - Exporting env vars: AIRFLOW_CTX_DAG_OWNER='pipeline' AIRFLOW_CTX_DAG_ID='fetch_market_data' AIRFLOW_CTX_TASK_ID='check_market_open' AIRFLOW_CTX_EXECUTION_DATE='2026-05-01T02:45:00+00:00' AIRFLOW_CTX_TRY_NUMBER='1' AIRFLOW_CTX_DAG_RUN_ID='scheduled__2026-05-01T02:45:00+00:00'
[2026-05-01T03:22:57.813+0000] {sensors.py:45} INFO - Market open check at 2026-04-30 23:22 ET: False
[2026-05-01T03:22:57.840+0000] {taskinstance.py:2658} INFO - Rescheduling task, marking task as UP_FOR_RESCHEDULE
[2026-05-01T03:22:57.885+0000] {local_task_job_runner.py:234} INFO - Task exited with return code 0
[2026-05-01T03:22:57.927+0000] {taskinstance.py:3280} INFO - 0 downstream tasks scheduled from follow-on schedule check
[2026-05-01T03:23:58.864+0000] {taskinstance.py:1956} INFO - Dependencies all met for dep_context=non-requeueable deps ti=<TaskInstance: fetch_market_data.check_market_open scheduled__2026-05-01T02:45:00+00:00 [queued]>
[2026-05-01T03:23:58.874+0000] {taskinstance.py:1956} INFO - Dependencies all met for dep_context=requeueable deps ti=<TaskInstance: fetch_market_data.check_market_open scheduled__2026-05-01T02:45:00+00:00 [queued]>
[2026-05-01T03:23:58.874+0000] {taskinstance.py:2170} INFO - Starting attempt 1 of 3
[2026-05-01T03:23:58.886+0000] {taskinstance.py:2191} INFO - Executing <Task(MarketOpenSensor): check_market_open> on 2026-05-01 02:45:00+00:00
[2026-05-01T03:23:58.892+0000] {standard_task_runner.py:60} INFO - Started process 657597 to run task
[2026-05-01T03:23:58.895+0000] {standard_task_runner.py:87} INFO - Running: ['airflow', 'tasks', 'run', 'fetch_market_data', 'check_market_open', 'scheduled__2026-05-01T02:45:00+00:00', '--job-id', '619', '--raw', '--subdir', 'DAGS_FOLDER/fetch_market_data.py', '--cfg-path', '/tmp/tmp6xx80r4e']
[2026-05-01T03:23:58.897+0000] {standard_task_runner.py:88} INFO - Job 619: Subtask check_market_open
[2026-05-01T03:23:58.980+0000] {task_command.py:423} INFO - Running <TaskInstance: fetch_market_data.check_market_open scheduled__2026-05-01T02:45:00+00:00 [running]> on host reddit-pipeline-vm
[2026-05-01T03:23:59.105+0000] {taskinstance.py:2480} INFO - Exporting env vars: AIRFLOW_CTX_DAG_OWNER='pipeline' AIRFLOW_CTX_DAG_ID='fetch_market_data' AIRFLOW_CTX_TASK_ID='check_market_open' AIRFLOW_CTX_EXECUTION_DATE='2026-05-01T02:45:00+00:00' AIRFLOW_CTX_TRY_NUMBER='1' AIRFLOW_CTX_DAG_RUN_ID='scheduled__2026-05-01T02:45:00+00:00'
[2026-05-01T03:23:59.124+0000] {sensors.py:45} INFO - Market open check at 2026-04-30 23:23 ET: False
[2026-05-01T03:23:59.155+0000] {taskinstance.py:2658} INFO - Rescheduling task, marking task as UP_FOR_RESCHEDULE
[2026-05-01T03:23:59.189+0000] {local_task_job_runner.py:234} INFO - Task exited with return code 0
[2026-05-01T03:23:59.231+0000] {taskinstance.py:3280} INFO - 0 downstream tasks scheduled from follow-on schedule check
[2026-05-01T03:25:00.288+0000] {taskinstance.py:1956} INFO - Dependencies all met for dep_context=non-requeueable deps ti=<TaskInstance: fetch_market_data.check_market_open scheduled__2026-05-01T02:45:00+00:00 [queued]>
[2026-05-01T03:25:00.298+0000] {taskinstance.py:1956} INFO - Dependencies all met for dep_context=requeueable deps ti=<TaskInstance: fetch_market_data.check_market_open scheduled__2026-05-01T02:45:00+00:00 [queued]>
[2026-05-01T03:25:00.299+0000] {taskinstance.py:2170} INFO - Starting attempt 1 of 3
[2026-05-01T03:25:00.312+0000] {taskinstance.py:2191} INFO - Executing <Task(MarketOpenSensor): check_market_open> on 2026-05-01 02:45:00+00:00
[2026-05-01T03:25:00.320+0000] {standard_task_runner.py:60} INFO - Started process 657671 to run task
[2026-05-01T03:25:00.324+0000] {standard_task_runner.py:87} INFO - Running: ['airflow', 'tasks', 'run', 'fetch_market_data', 'check_market_open', 'scheduled__2026-05-01T02:45:00+00:00', '--job-id', '620', '--raw', '--subdir', 'DAGS_FOLDER/fetch_market_data.py', '--cfg-path', '/tmp/tmp34m9sso4']
[2026-05-01T03:25:00.326+0000] {standard_task_runner.py:88} INFO - Job 620: Subtask check_market_open
[2026-05-01T03:25:00.412+0000] {task_command.py:423} INFO - Running <TaskInstance: fetch_market_data.check_market_open scheduled__2026-05-01T02:45:00+00:00 [running]> on host reddit-pipeline-vm
[2026-05-01T03:25:00.538+0000] {taskinstance.py:2480} INFO - Exporting env vars: AIRFLOW_CTX_DAG_OWNER='pipeline' AIRFLOW_CTX_DAG_ID='fetch_market_data' AIRFLOW_CTX_TASK_ID='check_market_open' AIRFLOW_CTX_EXECUTION_DATE='2026-05-01T02:45:00+00:00' AIRFLOW_CTX_TRY_NUMBER='1' AIRFLOW_CTX_DAG_RUN_ID='scheduled__2026-05-01T02:45:00+00:00'
[2026-05-01T03:25:00.559+0000] {sensors.py:45} INFO - Market open check at 2026-04-30 23:25 ET: False
[2026-05-01T03:25:00.590+0000] {taskinstance.py:2658} INFO - Rescheduling task, marking task as UP_FOR_RESCHEDULE
[2026-05-01T03:25:00.617+0000] {local_task_job_runner.py:234} INFO - Task exited with return code 0
[2026-05-01T03:25:00.662+0000] {taskinstance.py:3280} INFO - 0 downstream tasks scheduled from follow-on schedule check
[2026-05-01T03:26:01.510+0000] {taskinstance.py:1956} INFO - Dependencies all met for dep_context=non-requeueable deps ti=<TaskInstance: fetch_market_data.check_market_open scheduled__2026-05-01T02:45:00+00:00 [queued]>
[2026-05-01T03:26:01.521+0000] {taskinstance.py:1956} INFO - Dependencies all met for dep_context=requeueable deps ti=<TaskInstance: fetch_market_data.check_market_open scheduled__2026-05-01T02:45:00+00:00 [queued]>
[2026-05-01T03:26:01.521+0000] {taskinstance.py:2170} INFO - Starting attempt 1 of 3
[2026-05-01T03:26:01.532+0000] {taskinstance.py:2191} INFO - Executing <Task(MarketOpenSensor): check_market_open> on 2026-05-01 02:45:00+00:00
[2026-05-01T03:26:01.540+0000] {standard_task_runner.py:60} INFO - Started process 657738 to run task
[2026-05-01T03:26:01.543+0000] {standard_task_runner.py:87} INFO - Running: ['airflow', 'tasks', 'run', 'fetch_market_data', 'check_market_open', 'scheduled__2026-05-01T02:45:00+00:00', '--job-id', '621', '--raw', '--subdir', 'DAGS_FOLDER/fetch_market_data.py', '--cfg-path', '/tmp/tmpg6ffp3tb']
[2026-05-01T03:26:01.546+0000] {standard_task_runner.py:88} INFO - Job 621: Subtask check_market_open
[2026-05-01T03:26:01.632+0000] {task_command.py:423} INFO - Running <TaskInstance: fetch_market_data.check_market_open scheduled__2026-05-01T02:45:00+00:00 [running]> on host reddit-pipeline-vm
[2026-05-01T03:26:01.756+0000] {taskinstance.py:2480} INFO - Exporting env vars: AIRFLOW_CTX_DAG_OWNER='pipeline' AIRFLOW_CTX_DAG_ID='fetch_market_data' AIRFLOW_CTX_TASK_ID='check_market_open' AIRFLOW_CTX_EXECUTION_DATE='2026-05-01T02:45:00+00:00' AIRFLOW_CTX_TRY_NUMBER='1' AIRFLOW_CTX_DAG_RUN_ID='scheduled__2026-05-01T02:45:00+00:00'
[2026-05-01T03:26:01.776+0000] {sensors.py:45} INFO - Market open check at 2026-04-30 23:26 ET: False
[2026-05-01T03:26:01.777+0000] {taskinstance.py:2698} ERROR - Task failed with exception
Traceback (most recent call last):
  File "/home/ubuntu/github_repo/Stock-Market-Intelligence-Pipeline/venv/lib/python3.11/site-packages/airflow/models/taskinstance.py", line 433, in _execute_task
    result = execute_callable(context=context, **execute_callable_kwargs)
             ^^^^^^^^^^^^^^^^^^^^^^^^^^^^^^^^^^^^^^^^^^^^^^^^^^^^^^^^^^^^
  File "/home/ubuntu/github_repo/Stock-Market-Intelligence-Pipeline/venv/lib/python3.11/site-packages/airflow/sensors/base.py", line 282, in execute
    raise AirflowSensorTimeout(message)
airflow.exceptions.AirflowSensorTimeout: Sensor has timed out; run duration of 922.36318 seconds exceeds the specified timeout of 900.0.
[2026-05-01T03:26:01.797+0000] {taskinstance.py:1138} INFO - Immediate failure requested. Marking task as FAILED. dag_id=fetch_market_data, task_id=check_market_open, execution_date=20260501T024500, start_date=20260501T032601, end_date=20260501T032601
[2026-05-01T03:26:01.809+0000] {standard_task_runner.py:107} ERROR - Failed to execute job 621 for task check_market_open (Sensor has timed out; run duration of 922.36318 seconds exceeds the specified timeout of 900.0.; 657738)
[2026-05-01T03:26:01.836+0000] {local_task_job_runner.py:234} INFO - Task exited with return code 1
[2026-05-01T03:26:01.892+0000] {taskinstance.py:3280} INFO - 0 downstream tasks scheduled from follow-on schedule check
