[2026-05-04T04:00:34.841+0000] {taskinstance.py:1956} INFO - Dependencies all met for dep_context=non-requeueable deps ti=<TaskInstance: fetch_market_data.check_market_open scheduled__2026-05-04T03:00:00+00:00 [queued]>
[2026-05-04T04:00:34.850+0000] {taskinstance.py:1956} INFO - Dependencies all met for dep_context=requeueable deps ti=<TaskInstance: fetch_market_data.check_market_open scheduled__2026-05-04T03:00:00+00:00 [queued]>
[2026-05-04T04:00:34.850+0000] {taskinstance.py:2170} INFO - Starting attempt 1 of 3
[2026-05-04T04:00:34.863+0000] {taskinstance.py:2191} INFO - Executing <Task(MarketOpenSensor): check_market_open> on 2026-05-04 03:00:00+00:00
[2026-05-04T04:00:34.869+0000] {standard_task_runner.py:60} INFO - Started process 888304 to run task
[2026-05-04T04:00:34.873+0000] {standard_task_runner.py:87} INFO - Running: ['airflow', 'tasks', 'run', 'fetch_market_data', 'check_market_open', 'scheduled__2026-05-04T03:00:00+00:00', '--job-id', '1069', '--raw', '--subdir', 'DAGS_FOLDER/fetch_market_data.py', '--cfg-path', '/tmp/tmp_9urn_03']
[2026-05-04T04:00:34.875+0000] {standard_task_runner.py:88} INFO - Job 1069: Subtask check_market_open
[2026-05-04T04:00:34.954+0000] {task_command.py:423} INFO - Running <TaskInstance: fetch_market_data.check_market_open scheduled__2026-05-04T03:00:00+00:00 [running]> on host reddit-pipeline-vm
[2026-05-04T04:00:35.074+0000] {taskinstance.py:2480} INFO - Exporting env vars: AIRFLOW_CTX_DAG_OWNER='pipeline' AIRFLOW_CTX_DAG_ID='fetch_market_data' AIRFLOW_CTX_TASK_ID='check_market_open' AIRFLOW_CTX_EXECUTION_DATE='2026-05-04T03:00:00+00:00' AIRFLOW_CTX_TRY_NUMBER='1' AIRFLOW_CTX_DAG_RUN_ID='scheduled__2026-05-04T03:00:00+00:00'
[2026-05-04T04:00:35.094+0000] {sensors.py:45} INFO - Market open check at 2026-05-04 00:00 ET: False
[2026-05-04T04:00:35.121+0000] {taskinstance.py:2658} INFO - Rescheduling task, marking task as UP_FOR_RESCHEDULE
[2026-05-04T04:00:35.166+0000] {local_task_job_runner.py:234} INFO - Task exited with return code 0
[2026-05-04T04:00:35.208+0000] {taskinstance.py:3280} INFO - 0 downstream tasks scheduled from follow-on schedule check
[2026-05-04T04:15:36.435+0000] {taskinstance.py:1956} INFO - Dependencies all met for dep_context=non-requeueable deps ti=<TaskInstance: fetch_market_data.check_market_open scheduled__2026-05-04T03:00:00+00:00 [queued]>
[2026-05-04T04:15:36.444+0000] {taskinstance.py:1956} INFO - Dependencies all met for dep_context=requeueable deps ti=<TaskInstance: fetch_market_data.check_market_open scheduled__2026-05-04T03:00:00+00:00 [queued]>
[2026-05-04T04:15:36.445+0000] {taskinstance.py:2170} INFO - Starting attempt 1 of 3
[2026-05-04T04:15:36.456+0000] {taskinstance.py:2191} INFO - Executing <Task(MarketOpenSensor): check_market_open> on 2026-05-04 03:00:00+00:00
[2026-05-04T04:15:36.463+0000] {standard_task_runner.py:60} INFO - Started process 889042 to run task
[2026-05-04T04:15:36.467+0000] {standard_task_runner.py:87} INFO - Running: ['airflow', 'tasks', 'run', 'fetch_market_data', 'check_market_open', 'scheduled__2026-05-04T03:00:00+00:00', '--job-id', '1070', '--raw', '--subdir', 'DAGS_FOLDER/fetch_market_data.py', '--cfg-path', '/tmp/tmpjskpta6o']
[2026-05-04T04:15:36.469+0000] {standard_task_runner.py:88} INFO - Job 1070: Subtask check_market_open
[2026-05-04T04:15:36.549+0000] {task_command.py:423} INFO - Running <TaskInstance: fetch_market_data.check_market_open scheduled__2026-05-04T03:00:00+00:00 [running]> on host reddit-pipeline-vm
[2026-05-04T04:15:36.668+0000] {taskinstance.py:2480} INFO - Exporting env vars: AIRFLOW_CTX_DAG_OWNER='pipeline' AIRFLOW_CTX_DAG_ID='fetch_market_data' AIRFLOW_CTX_TASK_ID='check_market_open' AIRFLOW_CTX_EXECUTION_DATE='2026-05-04T03:00:00+00:00' AIRFLOW_CTX_TRY_NUMBER='1' AIRFLOW_CTX_DAG_RUN_ID='scheduled__2026-05-04T03:00:00+00:00'
[2026-05-04T04:15:36.687+0000] {sensors.py:45} INFO - Market open check at 2026-05-04 00:15 ET: False
[2026-05-04T04:15:36.718+0000] {taskinstance.py:2658} INFO - Rescheduling task, marking task as UP_FOR_RESCHEDULE
[2026-05-04T04:15:36.761+0000] {local_task_job_runner.py:234} INFO - Task exited with return code 0
[2026-05-04T04:15:36.804+0000] {taskinstance.py:3280} INFO - 0 downstream tasks scheduled from follow-on schedule check
[2026-05-04T04:30:37.414+0000] {taskinstance.py:1956} INFO - Dependencies all met for dep_context=non-requeueable deps ti=<TaskInstance: fetch_market_data.check_market_open scheduled__2026-05-04T03:00:00+00:00 [queued]>
[2026-05-04T04:30:37.422+0000] {taskinstance.py:1956} INFO - Dependencies all met for dep_context=requeueable deps ti=<TaskInstance: fetch_market_data.check_market_open scheduled__2026-05-04T03:00:00+00:00 [queued]>
[2026-05-04T04:30:37.422+0000] {taskinstance.py:2170} INFO - Starting attempt 1 of 3
[2026-05-04T04:30:37.432+0000] {taskinstance.py:2191} INFO - Executing <Task(MarketOpenSensor): check_market_open> on 2026-05-04 03:00:00+00:00
[2026-05-04T04:30:37.439+0000] {standard_task_runner.py:60} INFO - Started process 889773 to run task
[2026-05-04T04:30:37.442+0000] {standard_task_runner.py:87} INFO - Running: ['airflow', 'tasks', 'run', 'fetch_market_data', 'check_market_open', 'scheduled__2026-05-04T03:00:00+00:00', '--job-id', '1071', '--raw', '--subdir', 'DAGS_FOLDER/fetch_market_data.py', '--cfg-path', '/tmp/tmp5qvbui_8']
[2026-05-04T04:30:37.444+0000] {standard_task_runner.py:88} INFO - Job 1071: Subtask check_market_open
[2026-05-04T04:30:37.520+0000] {task_command.py:423} INFO - Running <TaskInstance: fetch_market_data.check_market_open scheduled__2026-05-04T03:00:00+00:00 [running]> on host reddit-pipeline-vm
[2026-05-04T04:30:37.629+0000] {taskinstance.py:2480} INFO - Exporting env vars: AIRFLOW_CTX_DAG_OWNER='pipeline' AIRFLOW_CTX_DAG_ID='fetch_market_data' AIRFLOW_CTX_TASK_ID='check_market_open' AIRFLOW_CTX_EXECUTION_DATE='2026-05-04T03:00:00+00:00' AIRFLOW_CTX_TRY_NUMBER='1' AIRFLOW_CTX_DAG_RUN_ID='scheduled__2026-05-04T03:00:00+00:00'
[2026-05-04T04:30:37.647+0000] {sensors.py:45} INFO - Market open check at 2026-05-04 00:30 ET: False
[2026-05-04T04:30:37.674+0000] {taskinstance.py:2658} INFO - Rescheduling task, marking task as UP_FOR_RESCHEDULE
[2026-05-04T04:30:37.696+0000] {local_task_job_runner.py:234} INFO - Task exited with return code 0
[2026-05-04T04:30:37.736+0000] {taskinstance.py:3280} INFO - 0 downstream tasks scheduled from follow-on schedule check
[2026-05-04T04:45:39.057+0000] {taskinstance.py:1956} INFO - Dependencies all met for dep_context=non-requeueable deps ti=<TaskInstance: fetch_market_data.check_market_open scheduled__2026-05-04T03:00:00+00:00 [queued]>
[2026-05-04T04:45:39.064+0000] {taskinstance.py:1956} INFO - Dependencies all met for dep_context=requeueable deps ti=<TaskInstance: fetch_market_data.check_market_open scheduled__2026-05-04T03:00:00+00:00 [queued]>
[2026-05-04T04:45:39.065+0000] {taskinstance.py:2170} INFO - Starting attempt 1 of 3
[2026-05-04T04:45:39.075+0000] {taskinstance.py:2191} INFO - Executing <Task(MarketOpenSensor): check_market_open> on 2026-05-04 03:00:00+00:00
[2026-05-04T04:45:39.081+0000] {standard_task_runner.py:60} INFO - Started process 890514 to run task
[2026-05-04T04:45:39.085+0000] {standard_task_runner.py:87} INFO - Running: ['airflow', 'tasks', 'run', 'fetch_market_data', 'check_market_open', 'scheduled__2026-05-04T03:00:00+00:00', '--job-id', '1072', '--raw', '--subdir', 'DAGS_FOLDER/fetch_market_data.py', '--cfg-path', '/tmp/tmpxaln5dcz']
[2026-05-04T04:45:39.087+0000] {standard_task_runner.py:88} INFO - Job 1072: Subtask check_market_open
[2026-05-04T04:45:39.166+0000] {task_command.py:423} INFO - Running <TaskInstance: fetch_market_data.check_market_open scheduled__2026-05-04T03:00:00+00:00 [running]> on host reddit-pipeline-vm
[2026-05-04T04:45:39.276+0000] {taskinstance.py:2480} INFO - Exporting env vars: AIRFLOW_CTX_DAG_OWNER='pipeline' AIRFLOW_CTX_DAG_ID='fetch_market_data' AIRFLOW_CTX_TASK_ID='check_market_open' AIRFLOW_CTX_EXECUTION_DATE='2026-05-04T03:00:00+00:00' AIRFLOW_CTX_TRY_NUMBER='1' AIRFLOW_CTX_DAG_RUN_ID='scheduled__2026-05-04T03:00:00+00:00'
[2026-05-04T04:45:39.295+0000] {sensors.py:45} INFO - Market open check at 2026-05-04 00:45 ET: False
[2026-05-04T04:45:39.321+0000] {taskinstance.py:2658} INFO - Rescheduling task, marking task as UP_FOR_RESCHEDULE
[2026-05-04T04:45:39.339+0000] {local_task_job_runner.py:234} INFO - Task exited with return code 0
[2026-05-04T04:45:39.383+0000] {taskinstance.py:3280} INFO - 0 downstream tasks scheduled from follow-on schedule check
[2026-05-04T05:00:40.723+0000] {taskinstance.py:1956} INFO - Dependencies all met for dep_context=non-requeueable deps ti=<TaskInstance: fetch_market_data.check_market_open scheduled__2026-05-04T03:00:00+00:00 [queued]>
[2026-05-04T05:00:40.732+0000] {taskinstance.py:1956} INFO - Dependencies all met for dep_context=requeueable deps ti=<TaskInstance: fetch_market_data.check_market_open scheduled__2026-05-04T03:00:00+00:00 [queued]>
[2026-05-04T05:00:40.732+0000] {taskinstance.py:2170} INFO - Starting attempt 1 of 3
[2026-05-04T05:00:40.743+0000] {taskinstance.py:2191} INFO - Executing <Task(MarketOpenSensor): check_market_open> on 2026-05-04 03:00:00+00:00
[2026-05-04T05:00:40.750+0000] {standard_task_runner.py:60} INFO - Started process 891244 to run task
[2026-05-04T05:00:40.753+0000] {standard_task_runner.py:87} INFO - Running: ['airflow', 'tasks', 'run', 'fetch_market_data', 'check_market_open', 'scheduled__2026-05-04T03:00:00+00:00', '--job-id', '1073', '--raw', '--subdir', 'DAGS_FOLDER/fetch_market_data.py', '--cfg-path', '/tmp/tmpafipxe4w']
[2026-05-04T05:00:40.756+0000] {standard_task_runner.py:88} INFO - Job 1073: Subtask check_market_open
[2026-05-04T05:00:40.835+0000] {task_command.py:423} INFO - Running <TaskInstance: fetch_market_data.check_market_open scheduled__2026-05-04T03:00:00+00:00 [running]> on host reddit-pipeline-vm
[2026-05-04T05:00:40.951+0000] {taskinstance.py:2480} INFO - Exporting env vars: AIRFLOW_CTX_DAG_OWNER='pipeline' AIRFLOW_CTX_DAG_ID='fetch_market_data' AIRFLOW_CTX_TASK_ID='check_market_open' AIRFLOW_CTX_EXECUTION_DATE='2026-05-04T03:00:00+00:00' AIRFLOW_CTX_TRY_NUMBER='1' AIRFLOW_CTX_DAG_RUN_ID='scheduled__2026-05-04T03:00:00+00:00'
[2026-05-04T05:00:40.970+0000] {sensors.py:45} INFO - Market open check at 2026-05-04 01:00 ET: False
[2026-05-04T05:00:40.970+0000] {taskinstance.py:2360} INFO - Sensor has timed out; run duration of 3605.979143 seconds exceeds the specified timeout of 3600.0.
[2026-05-04T05:00:40.989+0000] {taskinstance.py:1138} INFO - Marking task as SKIPPED. dag_id=fetch_market_data, task_id=check_market_open, execution_date=20260504T030000, start_date=20260504T050040, end_date=20260504T050040
[2026-05-04T05:00:41.006+0000] {local_task_job_runner.py:234} INFO - Task exited with return code 0
[2026-05-04T05:00:41.058+0000] {taskinstance.py:3280} INFO - 0 downstream tasks scheduled from follow-on schedule check
