[2026-05-01T01:22:51.966+0000] {taskinstance.py:1956} INFO - Dependencies all met for dep_context=non-requeueable deps ti=<TaskInstance: fetch_market_data.check_market_open scheduled__2026-05-01T01:00:00+00:00 [queued]>
[2026-05-01T01:22:51.972+0000] {taskinstance.py:1956} INFO - Dependencies all met for dep_context=requeueable deps ti=<TaskInstance: fetch_market_data.check_market_open scheduled__2026-05-01T01:00:00+00:00 [queued]>
[2026-05-01T01:22:51.973+0000] {taskinstance.py:2170} INFO - Starting attempt 1 of 3
[2026-05-01T01:22:51.982+0000] {taskinstance.py:2191} INFO - Executing <Task(MarketOpenSensor): check_market_open> on 2026-05-01 01:00:00+00:00
[2026-05-01T01:22:51.989+0000] {standard_task_runner.py:60} INFO - Started process 648907 to run task
[2026-05-01T01:22:51.992+0000] {standard_task_runner.py:87} INFO - Running: ['airflow', 'tasks', 'run', 'fetch_market_data', 'check_market_open', 'scheduled__2026-05-01T01:00:00+00:00', '--job-id', '494', '--raw', '--subdir', 'DAGS_FOLDER/fetch_market_data.py', '--cfg-path', '/tmp/tmpxo63sitr']
[2026-05-01T01:22:51.994+0000] {standard_task_runner.py:88} INFO - Job 494: Subtask check_market_open
[2026-05-01T01:22:52.068+0000] {task_command.py:423} INFO - Running <TaskInstance: fetch_market_data.check_market_open scheduled__2026-05-01T01:00:00+00:00 [running]> on host reddit-pipeline-vm
[2026-05-01T01:22:52.181+0000] {taskinstance.py:2480} INFO - Exporting env vars: AIRFLOW_CTX_DAG_OWNER='pipeline' AIRFLOW_CTX_DAG_ID='fetch_market_data' AIRFLOW_CTX_TASK_ID='check_market_open' AIRFLOW_CTX_EXECUTION_DATE='2026-05-01T01:00:00+00:00' AIRFLOW_CTX_TRY_NUMBER='1' AIRFLOW_CTX_DAG_RUN_ID='scheduled__2026-05-01T01:00:00+00:00'
[2026-05-01T01:22:52.198+0000] {sensors.py:45} INFO - Market open check at 2026-04-30 21:22 ET: False
[2026-05-01T01:22:52.224+0000] {taskinstance.py:2658} INFO - Rescheduling task, marking task as UP_FOR_RESCHEDULE
[2026-05-01T01:22:52.245+0000] {local_task_job_runner.py:234} INFO - Task exited with return code 0
[2026-05-01T01:22:52.285+0000] {taskinstance.py:3280} INFO - 0 downstream tasks scheduled from follow-on schedule check
[2026-05-01T01:23:53.562+0000] {taskinstance.py:1956} INFO - Dependencies all met for dep_context=non-requeueable deps ti=<TaskInstance: fetch_market_data.check_market_open scheduled__2026-05-01T01:00:00+00:00 [queued]>
[2026-05-01T01:23:53.570+0000] {taskinstance.py:1956} INFO - Dependencies all met for dep_context=requeueable deps ti=<TaskInstance: fetch_market_data.check_market_open scheduled__2026-05-01T01:00:00+00:00 [queued]>
[2026-05-01T01:23:53.570+0000] {taskinstance.py:2170} INFO - Starting attempt 1 of 3
[2026-05-01T01:23:53.580+0000] {taskinstance.py:2191} INFO - Executing <Task(MarketOpenSensor): check_market_open> on 2026-05-01 01:00:00+00:00
[2026-05-01T01:23:53.587+0000] {standard_task_runner.py:60} INFO - Started process 648982 to run task
[2026-05-01T01:23:53.591+0000] {standard_task_runner.py:87} INFO - Running: ['airflow', 'tasks', 'run', 'fetch_market_data', 'check_market_open', 'scheduled__2026-05-01T01:00:00+00:00', '--job-id', '495', '--raw', '--subdir', 'DAGS_FOLDER/fetch_market_data.py', '--cfg-path', '/tmp/tmp5e64uw37']
[2026-05-01T01:23:53.593+0000] {standard_task_runner.py:88} INFO - Job 495: Subtask check_market_open
[2026-05-01T01:23:53.673+0000] {task_command.py:423} INFO - Running <TaskInstance: fetch_market_data.check_market_open scheduled__2026-05-01T01:00:00+00:00 [running]> on host reddit-pipeline-vm
[2026-05-01T01:23:53.783+0000] {taskinstance.py:2480} INFO - Exporting env vars: AIRFLOW_CTX_DAG_OWNER='pipeline' AIRFLOW_CTX_DAG_ID='fetch_market_data' AIRFLOW_CTX_TASK_ID='check_market_open' AIRFLOW_CTX_EXECUTION_DATE='2026-05-01T01:00:00+00:00' AIRFLOW_CTX_TRY_NUMBER='1' AIRFLOW_CTX_DAG_RUN_ID='scheduled__2026-05-01T01:00:00+00:00'
[2026-05-01T01:23:53.801+0000] {sensors.py:45} INFO - Market open check at 2026-04-30 21:23 ET: False
[2026-05-01T01:23:53.827+0000] {taskinstance.py:2658} INFO - Rescheduling task, marking task as UP_FOR_RESCHEDULE
[2026-05-01T01:23:53.846+0000] {local_task_job_runner.py:234} INFO - Task exited with return code 0
[2026-05-01T01:23:53.892+0000] {taskinstance.py:3280} INFO - 0 downstream tasks scheduled from follow-on schedule check
[2026-05-01T01:24:54.957+0000] {taskinstance.py:1956} INFO - Dependencies all met for dep_context=non-requeueable deps ti=<TaskInstance: fetch_market_data.check_market_open scheduled__2026-05-01T01:00:00+00:00 [queued]>
[2026-05-01T01:24:54.964+0000] {taskinstance.py:1956} INFO - Dependencies all met for dep_context=requeueable deps ti=<TaskInstance: fetch_market_data.check_market_open scheduled__2026-05-01T01:00:00+00:00 [queued]>
[2026-05-01T01:24:54.965+0000] {taskinstance.py:2170} INFO - Starting attempt 1 of 3
[2026-05-01T01:24:54.974+0000] {taskinstance.py:2191} INFO - Executing <Task(MarketOpenSensor): check_market_open> on 2026-05-01 01:00:00+00:00
[2026-05-01T01:24:54.981+0000] {standard_task_runner.py:60} INFO - Started process 649052 to run task
[2026-05-01T01:24:54.984+0000] {standard_task_runner.py:87} INFO - Running: ['airflow', 'tasks', 'run', 'fetch_market_data', 'check_market_open', 'scheduled__2026-05-01T01:00:00+00:00', '--job-id', '496', '--raw', '--subdir', 'DAGS_FOLDER/fetch_market_data.py', '--cfg-path', '/tmp/tmp0njr3dh0']
[2026-05-01T01:24:54.987+0000] {standard_task_runner.py:88} INFO - Job 496: Subtask check_market_open
[2026-05-01T01:24:55.065+0000] {task_command.py:423} INFO - Running <TaskInstance: fetch_market_data.check_market_open scheduled__2026-05-01T01:00:00+00:00 [running]> on host reddit-pipeline-vm
[2026-05-01T01:24:55.175+0000] {taskinstance.py:2480} INFO - Exporting env vars: AIRFLOW_CTX_DAG_OWNER='pipeline' AIRFLOW_CTX_DAG_ID='fetch_market_data' AIRFLOW_CTX_TASK_ID='check_market_open' AIRFLOW_CTX_EXECUTION_DATE='2026-05-01T01:00:00+00:00' AIRFLOW_CTX_TRY_NUMBER='1' AIRFLOW_CTX_DAG_RUN_ID='scheduled__2026-05-01T01:00:00+00:00'
[2026-05-01T01:24:55.192+0000] {sensors.py:45} INFO - Market open check at 2026-04-30 21:24 ET: False
[2026-05-01T01:24:55.219+0000] {taskinstance.py:2658} INFO - Rescheduling task, marking task as UP_FOR_RESCHEDULE
[2026-05-01T01:24:55.238+0000] {local_task_job_runner.py:234} INFO - Task exited with return code 0
[2026-05-01T01:24:55.278+0000] {taskinstance.py:3280} INFO - 0 downstream tasks scheduled from follow-on schedule check
[2026-05-01T01:25:56.533+0000] {taskinstance.py:1956} INFO - Dependencies all met for dep_context=non-requeueable deps ti=<TaskInstance: fetch_market_data.check_market_open scheduled__2026-05-01T01:00:00+00:00 [queued]>
[2026-05-01T01:25:56.540+0000] {taskinstance.py:1956} INFO - Dependencies all met for dep_context=requeueable deps ti=<TaskInstance: fetch_market_data.check_market_open scheduled__2026-05-01T01:00:00+00:00 [queued]>
[2026-05-01T01:25:56.541+0000] {taskinstance.py:2170} INFO - Starting attempt 1 of 3
[2026-05-01T01:25:56.551+0000] {taskinstance.py:2191} INFO - Executing <Task(MarketOpenSensor): check_market_open> on 2026-05-01 01:00:00+00:00
[2026-05-01T01:25:56.557+0000] {standard_task_runner.py:60} INFO - Started process 649122 to run task
[2026-05-01T01:25:56.560+0000] {standard_task_runner.py:87} INFO - Running: ['airflow', 'tasks', 'run', 'fetch_market_data', 'check_market_open', 'scheduled__2026-05-01T01:00:00+00:00', '--job-id', '497', '--raw', '--subdir', 'DAGS_FOLDER/fetch_market_data.py', '--cfg-path', '/tmp/tmpw3ho_6qu']
[2026-05-01T01:25:56.562+0000] {standard_task_runner.py:88} INFO - Job 497: Subtask check_market_open
[2026-05-01T01:25:56.643+0000] {task_command.py:423} INFO - Running <TaskInstance: fetch_market_data.check_market_open scheduled__2026-05-01T01:00:00+00:00 [running]> on host reddit-pipeline-vm
[2026-05-01T01:25:56.752+0000] {taskinstance.py:2480} INFO - Exporting env vars: AIRFLOW_CTX_DAG_OWNER='pipeline' AIRFLOW_CTX_DAG_ID='fetch_market_data' AIRFLOW_CTX_TASK_ID='check_market_open' AIRFLOW_CTX_EXECUTION_DATE='2026-05-01T01:00:00+00:00' AIRFLOW_CTX_TRY_NUMBER='1' AIRFLOW_CTX_DAG_RUN_ID='scheduled__2026-05-01T01:00:00+00:00'
[2026-05-01T01:25:56.770+0000] {sensors.py:45} INFO - Market open check at 2026-04-30 21:25 ET: False
[2026-05-01T01:25:56.796+0000] {taskinstance.py:2658} INFO - Rescheduling task, marking task as UP_FOR_RESCHEDULE
[2026-05-01T01:25:56.817+0000] {local_task_job_runner.py:234} INFO - Task exited with return code 0
[2026-05-01T01:25:56.857+0000] {taskinstance.py:3280} INFO - 0 downstream tasks scheduled from follow-on schedule check
[2026-05-01T01:26:57.395+0000] {taskinstance.py:1956} INFO - Dependencies all met for dep_context=non-requeueable deps ti=<TaskInstance: fetch_market_data.check_market_open scheduled__2026-05-01T01:00:00+00:00 [queued]>
[2026-05-01T01:26:57.403+0000] {taskinstance.py:1956} INFO - Dependencies all met for dep_context=requeueable deps ti=<TaskInstance: fetch_market_data.check_market_open scheduled__2026-05-01T01:00:00+00:00 [queued]>
[2026-05-01T01:26:57.403+0000] {taskinstance.py:2170} INFO - Starting attempt 1 of 3
[2026-05-01T01:26:57.412+0000] {taskinstance.py:2191} INFO - Executing <Task(MarketOpenSensor): check_market_open> on 2026-05-01 01:00:00+00:00
[2026-05-01T01:26:57.419+0000] {standard_task_runner.py:60} INFO - Started process 649189 to run task
[2026-05-01T01:26:57.422+0000] {standard_task_runner.py:87} INFO - Running: ['airflow', 'tasks', 'run', 'fetch_market_data', 'check_market_open', 'scheduled__2026-05-01T01:00:00+00:00', '--job-id', '498', '--raw', '--subdir', 'DAGS_FOLDER/fetch_market_data.py', '--cfg-path', '/tmp/tmpurjxn6bd']
[2026-05-01T01:26:57.424+0000] {standard_task_runner.py:88} INFO - Job 498: Subtask check_market_open
[2026-05-01T01:26:57.499+0000] {task_command.py:423} INFO - Running <TaskInstance: fetch_market_data.check_market_open scheduled__2026-05-01T01:00:00+00:00 [running]> on host reddit-pipeline-vm
[2026-05-01T01:26:57.609+0000] {taskinstance.py:2480} INFO - Exporting env vars: AIRFLOW_CTX_DAG_OWNER='pipeline' AIRFLOW_CTX_DAG_ID='fetch_market_data' AIRFLOW_CTX_TASK_ID='check_market_open' AIRFLOW_CTX_EXECUTION_DATE='2026-05-01T01:00:00+00:00' AIRFLOW_CTX_TRY_NUMBER='1' AIRFLOW_CTX_DAG_RUN_ID='scheduled__2026-05-01T01:00:00+00:00'
[2026-05-01T01:26:57.627+0000] {sensors.py:45} INFO - Market open check at 2026-04-30 21:26 ET: False
[2026-05-01T01:26:57.653+0000] {taskinstance.py:2658} INFO - Rescheduling task, marking task as UP_FOR_RESCHEDULE
[2026-05-01T01:26:57.675+0000] {local_task_job_runner.py:234} INFO - Task exited with return code 0
[2026-05-01T01:26:57.715+0000] {taskinstance.py:3280} INFO - 0 downstream tasks scheduled from follow-on schedule check
[2026-05-01T01:27:58.680+0000] {taskinstance.py:1956} INFO - Dependencies all met for dep_context=non-requeueable deps ti=<TaskInstance: fetch_market_data.check_market_open scheduled__2026-05-01T01:00:00+00:00 [queued]>
[2026-05-01T01:27:58.688+0000] {taskinstance.py:1956} INFO - Dependencies all met for dep_context=requeueable deps ti=<TaskInstance: fetch_market_data.check_market_open scheduled__2026-05-01T01:00:00+00:00 [queued]>
[2026-05-01T01:27:58.688+0000] {taskinstance.py:2170} INFO - Starting attempt 1 of 3
[2026-05-01T01:27:58.697+0000] {taskinstance.py:2191} INFO - Executing <Task(MarketOpenSensor): check_market_open> on 2026-05-01 01:00:00+00:00
[2026-05-01T01:27:58.704+0000] {standard_task_runner.py:60} INFO - Started process 649255 to run task
[2026-05-01T01:27:58.707+0000] {standard_task_runner.py:87} INFO - Running: ['airflow', 'tasks', 'run', 'fetch_market_data', 'check_market_open', 'scheduled__2026-05-01T01:00:00+00:00', '--job-id', '499', '--raw', '--subdir', 'DAGS_FOLDER/fetch_market_data.py', '--cfg-path', '/tmp/tmph313bqjz']
[2026-05-01T01:27:58.709+0000] {standard_task_runner.py:88} INFO - Job 499: Subtask check_market_open
[2026-05-01T01:27:58.784+0000] {task_command.py:423} INFO - Running <TaskInstance: fetch_market_data.check_market_open scheduled__2026-05-01T01:00:00+00:00 [running]> on host reddit-pipeline-vm
[2026-05-01T01:27:58.892+0000] {taskinstance.py:2480} INFO - Exporting env vars: AIRFLOW_CTX_DAG_OWNER='pipeline' AIRFLOW_CTX_DAG_ID='fetch_market_data' AIRFLOW_CTX_TASK_ID='check_market_open' AIRFLOW_CTX_EXECUTION_DATE='2026-05-01T01:00:00+00:00' AIRFLOW_CTX_TRY_NUMBER='1' AIRFLOW_CTX_DAG_RUN_ID='scheduled__2026-05-01T01:00:00+00:00'
[2026-05-01T01:27:58.909+0000] {sensors.py:45} INFO - Market open check at 2026-04-30 21:27 ET: False
[2026-05-01T01:27:58.935+0000] {taskinstance.py:2658} INFO - Rescheduling task, marking task as UP_FOR_RESCHEDULE
[2026-05-01T01:27:58.960+0000] {local_task_job_runner.py:234} INFO - Task exited with return code 0
[2026-05-01T01:27:59.000+0000] {taskinstance.py:3280} INFO - 0 downstream tasks scheduled from follow-on schedule check
[2026-05-01T01:28:59.938+0000] {taskinstance.py:1956} INFO - Dependencies all met for dep_context=non-requeueable deps ti=<TaskInstance: fetch_market_data.check_market_open scheduled__2026-05-01T01:00:00+00:00 [queued]>
[2026-05-01T01:28:59.945+0000] {taskinstance.py:1956} INFO - Dependencies all met for dep_context=requeueable deps ti=<TaskInstance: fetch_market_data.check_market_open scheduled__2026-05-01T01:00:00+00:00 [queued]>
[2026-05-01T01:28:59.946+0000] {taskinstance.py:2170} INFO - Starting attempt 1 of 3
[2026-05-01T01:28:59.956+0000] {taskinstance.py:2191} INFO - Executing <Task(MarketOpenSensor): check_market_open> on 2026-05-01 01:00:00+00:00
[2026-05-01T01:28:59.962+0000] {standard_task_runner.py:60} INFO - Started process 649321 to run task
[2026-05-01T01:28:59.965+0000] {standard_task_runner.py:87} INFO - Running: ['airflow', 'tasks', 'run', 'fetch_market_data', 'check_market_open', 'scheduled__2026-05-01T01:00:00+00:00', '--job-id', '500', '--raw', '--subdir', 'DAGS_FOLDER/fetch_market_data.py', '--cfg-path', '/tmp/tmpr6bj9lj3']
[2026-05-01T01:28:59.967+0000] {standard_task_runner.py:88} INFO - Job 500: Subtask check_market_open
[2026-05-01T01:29:00.043+0000] {task_command.py:423} INFO - Running <TaskInstance: fetch_market_data.check_market_open scheduled__2026-05-01T01:00:00+00:00 [running]> on host reddit-pipeline-vm
[2026-05-01T01:29:00.152+0000] {taskinstance.py:2480} INFO - Exporting env vars: AIRFLOW_CTX_DAG_OWNER='pipeline' AIRFLOW_CTX_DAG_ID='fetch_market_data' AIRFLOW_CTX_TASK_ID='check_market_open' AIRFLOW_CTX_EXECUTION_DATE='2026-05-01T01:00:00+00:00' AIRFLOW_CTX_TRY_NUMBER='1' AIRFLOW_CTX_DAG_RUN_ID='scheduled__2026-05-01T01:00:00+00:00'
[2026-05-01T01:29:00.169+0000] {sensors.py:45} INFO - Market open check at 2026-04-30 21:29 ET: False
[2026-05-01T01:29:00.196+0000] {taskinstance.py:2658} INFO - Rescheduling task, marking task as UP_FOR_RESCHEDULE
[2026-05-01T01:29:00.218+0000] {local_task_job_runner.py:234} INFO - Task exited with return code 0
[2026-05-01T01:29:00.258+0000] {taskinstance.py:3280} INFO - 0 downstream tasks scheduled from follow-on schedule check
[2026-05-01T01:30:01.265+0000] {taskinstance.py:1956} INFO - Dependencies all met for dep_context=non-requeueable deps ti=<TaskInstance: fetch_market_data.check_market_open scheduled__2026-05-01T01:00:00+00:00 [queued]>
[2026-05-01T01:30:01.273+0000] {taskinstance.py:1956} INFO - Dependencies all met for dep_context=requeueable deps ti=<TaskInstance: fetch_market_data.check_market_open scheduled__2026-05-01T01:00:00+00:00 [queued]>
[2026-05-01T01:30:01.273+0000] {taskinstance.py:2170} INFO - Starting attempt 1 of 3
[2026-05-01T01:30:01.283+0000] {taskinstance.py:2191} INFO - Executing <Task(MarketOpenSensor): check_market_open> on 2026-05-01 01:00:00+00:00
[2026-05-01T01:30:01.289+0000] {standard_task_runner.py:60} INFO - Started process 649394 to run task
[2026-05-01T01:30:01.293+0000] {standard_task_runner.py:87} INFO - Running: ['airflow', 'tasks', 'run', 'fetch_market_data', 'check_market_open', 'scheduled__2026-05-01T01:00:00+00:00', '--job-id', '501', '--raw', '--subdir', 'DAGS_FOLDER/fetch_market_data.py', '--cfg-path', '/tmp/tmpfbmsqstr']
[2026-05-01T01:30:01.295+0000] {standard_task_runner.py:88} INFO - Job 501: Subtask check_market_open
[2026-05-01T01:30:01.371+0000] {task_command.py:423} INFO - Running <TaskInstance: fetch_market_data.check_market_open scheduled__2026-05-01T01:00:00+00:00 [running]> on host reddit-pipeline-vm
[2026-05-01T01:30:01.481+0000] {taskinstance.py:2480} INFO - Exporting env vars: AIRFLOW_CTX_DAG_OWNER='pipeline' AIRFLOW_CTX_DAG_ID='fetch_market_data' AIRFLOW_CTX_TASK_ID='check_market_open' AIRFLOW_CTX_EXECUTION_DATE='2026-05-01T01:00:00+00:00' AIRFLOW_CTX_TRY_NUMBER='1' AIRFLOW_CTX_DAG_RUN_ID='scheduled__2026-05-01T01:00:00+00:00'
[2026-05-01T01:30:01.499+0000] {sensors.py:45} INFO - Market open check at 2026-04-30 21:30 ET: False
[2026-05-01T01:30:01.525+0000] {taskinstance.py:2658} INFO - Rescheduling task, marking task as UP_FOR_RESCHEDULE
[2026-05-01T01:30:01.546+0000] {local_task_job_runner.py:234} INFO - Task exited with return code 0
[2026-05-01T01:30:01.587+0000] {taskinstance.py:3280} INFO - 0 downstream tasks scheduled from follow-on schedule check
[2026-05-01T01:31:02.499+0000] {taskinstance.py:1956} INFO - Dependencies all met for dep_context=non-requeueable deps ti=<TaskInstance: fetch_market_data.check_market_open scheduled__2026-05-01T01:00:00+00:00 [queued]>
[2026-05-01T01:31:02.506+0000] {taskinstance.py:1956} INFO - Dependencies all met for dep_context=requeueable deps ti=<TaskInstance: fetch_market_data.check_market_open scheduled__2026-05-01T01:00:00+00:00 [queued]>
[2026-05-01T01:31:02.507+0000] {taskinstance.py:2170} INFO - Starting attempt 1 of 3
[2026-05-01T01:31:02.516+0000] {taskinstance.py:2191} INFO - Executing <Task(MarketOpenSensor): check_market_open> on 2026-05-01 01:00:00+00:00
[2026-05-01T01:31:02.523+0000] {standard_task_runner.py:60} INFO - Started process 649461 to run task
[2026-05-01T01:31:02.527+0000] {standard_task_runner.py:87} INFO - Running: ['airflow', 'tasks', 'run', 'fetch_market_data', 'check_market_open', 'scheduled__2026-05-01T01:00:00+00:00', '--job-id', '502', '--raw', '--subdir', 'DAGS_FOLDER/fetch_market_data.py', '--cfg-path', '/tmp/tmp3fdz1hqv']
[2026-05-01T01:31:02.529+0000] {standard_task_runner.py:88} INFO - Job 502: Subtask check_market_open
[2026-05-01T01:31:02.604+0000] {task_command.py:423} INFO - Running <TaskInstance: fetch_market_data.check_market_open scheduled__2026-05-01T01:00:00+00:00 [running]> on host reddit-pipeline-vm
[2026-05-01T01:31:02.717+0000] {taskinstance.py:2480} INFO - Exporting env vars: AIRFLOW_CTX_DAG_OWNER='pipeline' AIRFLOW_CTX_DAG_ID='fetch_market_data' AIRFLOW_CTX_TASK_ID='check_market_open' AIRFLOW_CTX_EXECUTION_DATE='2026-05-01T01:00:00+00:00' AIRFLOW_CTX_TRY_NUMBER='1' AIRFLOW_CTX_DAG_RUN_ID='scheduled__2026-05-01T01:00:00+00:00'
[2026-05-01T01:31:02.735+0000] {sensors.py:45} INFO - Market open check at 2026-04-30 21:31 ET: False
[2026-05-01T01:31:02.761+0000] {taskinstance.py:2658} INFO - Rescheduling task, marking task as UP_FOR_RESCHEDULE
[2026-05-01T01:31:02.780+0000] {local_task_job_runner.py:234} INFO - Task exited with return code 0
[2026-05-01T01:31:02.819+0000] {taskinstance.py:3280} INFO - 0 downstream tasks scheduled from follow-on schedule check
[2026-05-01T01:32:03.692+0000] {taskinstance.py:1956} INFO - Dependencies all met for dep_context=non-requeueable deps ti=<TaskInstance: fetch_market_data.check_market_open scheduled__2026-05-01T01:00:00+00:00 [queued]>
[2026-05-01T01:32:03.699+0000] {taskinstance.py:1956} INFO - Dependencies all met for dep_context=requeueable deps ti=<TaskInstance: fetch_market_data.check_market_open scheduled__2026-05-01T01:00:00+00:00 [queued]>
[2026-05-01T01:32:03.699+0000] {taskinstance.py:2170} INFO - Starting attempt 1 of 3
[2026-05-01T01:32:03.709+0000] {taskinstance.py:2191} INFO - Executing <Task(MarketOpenSensor): check_market_open> on 2026-05-01 01:00:00+00:00
[2026-05-01T01:32:03.715+0000] {standard_task_runner.py:60} INFO - Started process 649541 to run task
[2026-05-01T01:32:03.718+0000] {standard_task_runner.py:87} INFO - Running: ['airflow', 'tasks', 'run', 'fetch_market_data', 'check_market_open', 'scheduled__2026-05-01T01:00:00+00:00', '--job-id', '503', '--raw', '--subdir', 'DAGS_FOLDER/fetch_market_data.py', '--cfg-path', '/tmp/tmpoaqiedr2']
[2026-05-01T01:32:03.720+0000] {standard_task_runner.py:88} INFO - Job 503: Subtask check_market_open
[2026-05-01T01:32:03.794+0000] {task_command.py:423} INFO - Running <TaskInstance: fetch_market_data.check_market_open scheduled__2026-05-01T01:00:00+00:00 [running]> on host reddit-pipeline-vm
[2026-05-01T01:32:03.901+0000] {taskinstance.py:2480} INFO - Exporting env vars: AIRFLOW_CTX_DAG_OWNER='pipeline' AIRFLOW_CTX_DAG_ID='fetch_market_data' AIRFLOW_CTX_TASK_ID='check_market_open' AIRFLOW_CTX_EXECUTION_DATE='2026-05-01T01:00:00+00:00' AIRFLOW_CTX_TRY_NUMBER='1' AIRFLOW_CTX_DAG_RUN_ID='scheduled__2026-05-01T01:00:00+00:00'
[2026-05-01T01:32:03.919+0000] {sensors.py:45} INFO - Market open check at 2026-04-30 21:32 ET: False
[2026-05-01T01:32:03.945+0000] {taskinstance.py:2658} INFO - Rescheduling task, marking task as UP_FOR_RESCHEDULE
[2026-05-01T01:32:03.971+0000] {local_task_job_runner.py:234} INFO - Task exited with return code 0
[2026-05-01T01:32:04.011+0000] {taskinstance.py:3280} INFO - 0 downstream tasks scheduled from follow-on schedule check
[2026-05-01T01:33:05.276+0000] {taskinstance.py:1956} INFO - Dependencies all met for dep_context=non-requeueable deps ti=<TaskInstance: fetch_market_data.check_market_open scheduled__2026-05-01T01:00:00+00:00 [queued]>
[2026-05-01T01:33:05.284+0000] {taskinstance.py:1956} INFO - Dependencies all met for dep_context=requeueable deps ti=<TaskInstance: fetch_market_data.check_market_open scheduled__2026-05-01T01:00:00+00:00 [queued]>
[2026-05-01T01:33:05.284+0000] {taskinstance.py:2170} INFO - Starting attempt 1 of 3
[2026-05-01T01:33:05.294+0000] {taskinstance.py:2191} INFO - Executing <Task(MarketOpenSensor): check_market_open> on 2026-05-01 01:00:00+00:00
[2026-05-01T01:33:05.300+0000] {standard_task_runner.py:60} INFO - Started process 649605 to run task
[2026-05-01T01:33:05.303+0000] {standard_task_runner.py:87} INFO - Running: ['airflow', 'tasks', 'run', 'fetch_market_data', 'check_market_open', 'scheduled__2026-05-01T01:00:00+00:00', '--job-id', '504', '--raw', '--subdir', 'DAGS_FOLDER/fetch_market_data.py', '--cfg-path', '/tmp/tmpbw7yuyw_']
[2026-05-01T01:33:05.306+0000] {standard_task_runner.py:88} INFO - Job 504: Subtask check_market_open
[2026-05-01T01:33:05.381+0000] {task_command.py:423} INFO - Running <TaskInstance: fetch_market_data.check_market_open scheduled__2026-05-01T01:00:00+00:00 [running]> on host reddit-pipeline-vm
[2026-05-01T01:33:05.489+0000] {taskinstance.py:2480} INFO - Exporting env vars: AIRFLOW_CTX_DAG_OWNER='pipeline' AIRFLOW_CTX_DAG_ID='fetch_market_data' AIRFLOW_CTX_TASK_ID='check_market_open' AIRFLOW_CTX_EXECUTION_DATE='2026-05-01T01:00:00+00:00' AIRFLOW_CTX_TRY_NUMBER='1' AIRFLOW_CTX_DAG_RUN_ID='scheduled__2026-05-01T01:00:00+00:00'
[2026-05-01T01:33:05.507+0000] {sensors.py:45} INFO - Market open check at 2026-04-30 21:33 ET: False
[2026-05-01T01:33:05.533+0000] {taskinstance.py:2658} INFO - Rescheduling task, marking task as UP_FOR_RESCHEDULE
[2026-05-01T01:33:05.557+0000] {local_task_job_runner.py:234} INFO - Task exited with return code 0
[2026-05-01T01:33:05.597+0000] {taskinstance.py:3280} INFO - 0 downstream tasks scheduled from follow-on schedule check
[2026-05-01T01:34:06.851+0000] {taskinstance.py:1956} INFO - Dependencies all met for dep_context=non-requeueable deps ti=<TaskInstance: fetch_market_data.check_market_open scheduled__2026-05-01T01:00:00+00:00 [queued]>
[2026-05-01T01:34:06.858+0000] {taskinstance.py:1956} INFO - Dependencies all met for dep_context=requeueable deps ti=<TaskInstance: fetch_market_data.check_market_open scheduled__2026-05-01T01:00:00+00:00 [queued]>
[2026-05-01T01:34:06.858+0000] {taskinstance.py:2170} INFO - Starting attempt 1 of 3
[2026-05-01T01:34:06.868+0000] {taskinstance.py:2191} INFO - Executing <Task(MarketOpenSensor): check_market_open> on 2026-05-01 01:00:00+00:00
[2026-05-01T01:34:06.875+0000] {standard_task_runner.py:60} INFO - Started process 649673 to run task
[2026-05-01T01:34:06.878+0000] {standard_task_runner.py:87} INFO - Running: ['airflow', 'tasks', 'run', 'fetch_market_data', 'check_market_open', 'scheduled__2026-05-01T01:00:00+00:00', '--job-id', '505', '--raw', '--subdir', 'DAGS_FOLDER/fetch_market_data.py', '--cfg-path', '/tmp/tmpdrxd6_ks']
[2026-05-01T01:34:06.879+0000] {standard_task_runner.py:88} INFO - Job 505: Subtask check_market_open
[2026-05-01T01:34:06.956+0000] {task_command.py:423} INFO - Running <TaskInstance: fetch_market_data.check_market_open scheduled__2026-05-01T01:00:00+00:00 [running]> on host reddit-pipeline-vm
[2026-05-01T01:34:07.065+0000] {taskinstance.py:2480} INFO - Exporting env vars: AIRFLOW_CTX_DAG_OWNER='pipeline' AIRFLOW_CTX_DAG_ID='fetch_market_data' AIRFLOW_CTX_TASK_ID='check_market_open' AIRFLOW_CTX_EXECUTION_DATE='2026-05-01T01:00:00+00:00' AIRFLOW_CTX_TRY_NUMBER='1' AIRFLOW_CTX_DAG_RUN_ID='scheduled__2026-05-01T01:00:00+00:00'
[2026-05-01T01:34:07.084+0000] {sensors.py:45} INFO - Market open check at 2026-04-30 21:34 ET: False
[2026-05-01T01:34:07.110+0000] {taskinstance.py:2658} INFO - Rescheduling task, marking task as UP_FOR_RESCHEDULE
[2026-05-01T01:34:07.130+0000] {local_task_job_runner.py:234} INFO - Task exited with return code 0
[2026-05-01T01:34:07.172+0000] {taskinstance.py:3280} INFO - 0 downstream tasks scheduled from follow-on schedule check
[2026-05-01T01:35:08.431+0000] {taskinstance.py:1956} INFO - Dependencies all met for dep_context=non-requeueable deps ti=<TaskInstance: fetch_market_data.check_market_open scheduled__2026-05-01T01:00:00+00:00 [queued]>
[2026-05-01T01:35:08.439+0000] {taskinstance.py:1956} INFO - Dependencies all met for dep_context=requeueable deps ti=<TaskInstance: fetch_market_data.check_market_open scheduled__2026-05-01T01:00:00+00:00 [queued]>
[2026-05-01T01:35:08.439+0000] {taskinstance.py:2170} INFO - Starting attempt 1 of 3
[2026-05-01T01:35:08.448+0000] {taskinstance.py:2191} INFO - Executing <Task(MarketOpenSensor): check_market_open> on 2026-05-01 01:00:00+00:00
[2026-05-01T01:35:08.455+0000] {standard_task_runner.py:60} INFO - Started process 649740 to run task
[2026-05-01T01:35:08.458+0000] {standard_task_runner.py:87} INFO - Running: ['airflow', 'tasks', 'run', 'fetch_market_data', 'check_market_open', 'scheduled__2026-05-01T01:00:00+00:00', '--job-id', '506', '--raw', '--subdir', 'DAGS_FOLDER/fetch_market_data.py', '--cfg-path', '/tmp/tmpv08wknmy']
[2026-05-01T01:35:08.460+0000] {standard_task_runner.py:88} INFO - Job 506: Subtask check_market_open
[2026-05-01T01:35:08.534+0000] {task_command.py:423} INFO - Running <TaskInstance: fetch_market_data.check_market_open scheduled__2026-05-01T01:00:00+00:00 [running]> on host reddit-pipeline-vm
[2026-05-01T01:35:08.642+0000] {taskinstance.py:2480} INFO - Exporting env vars: AIRFLOW_CTX_DAG_OWNER='pipeline' AIRFLOW_CTX_DAG_ID='fetch_market_data' AIRFLOW_CTX_TASK_ID='check_market_open' AIRFLOW_CTX_EXECUTION_DATE='2026-05-01T01:00:00+00:00' AIRFLOW_CTX_TRY_NUMBER='1' AIRFLOW_CTX_DAG_RUN_ID='scheduled__2026-05-01T01:00:00+00:00'
[2026-05-01T01:35:08.660+0000] {sensors.py:45} INFO - Market open check at 2026-04-30 21:35 ET: False
[2026-05-01T01:35:08.686+0000] {taskinstance.py:2658} INFO - Rescheduling task, marking task as UP_FOR_RESCHEDULE
[2026-05-01T01:35:08.711+0000] {local_task_job_runner.py:234} INFO - Task exited with return code 0
[2026-05-01T01:35:08.750+0000] {taskinstance.py:3280} INFO - 0 downstream tasks scheduled from follow-on schedule check
[2026-05-01T01:36:09.578+0000] {taskinstance.py:1956} INFO - Dependencies all met for dep_context=non-requeueable deps ti=<TaskInstance: fetch_market_data.check_market_open scheduled__2026-05-01T01:00:00+00:00 [queued]>
[2026-05-01T01:36:09.586+0000] {taskinstance.py:1956} INFO - Dependencies all met for dep_context=requeueable deps ti=<TaskInstance: fetch_market_data.check_market_open scheduled__2026-05-01T01:00:00+00:00 [queued]>
[2026-05-01T01:36:09.586+0000] {taskinstance.py:2170} INFO - Starting attempt 1 of 3
[2026-05-01T01:36:09.596+0000] {taskinstance.py:2191} INFO - Executing <Task(MarketOpenSensor): check_market_open> on 2026-05-01 01:00:00+00:00
[2026-05-01T01:36:09.603+0000] {standard_task_runner.py:60} INFO - Started process 649812 to run task
[2026-05-01T01:36:09.606+0000] {standard_task_runner.py:87} INFO - Running: ['airflow', 'tasks', 'run', 'fetch_market_data', 'check_market_open', 'scheduled__2026-05-01T01:00:00+00:00', '--job-id', '507', '--raw', '--subdir', 'DAGS_FOLDER/fetch_market_data.py', '--cfg-path', '/tmp/tmpdhoqr100']
[2026-05-01T01:36:09.608+0000] {standard_task_runner.py:88} INFO - Job 507: Subtask check_market_open
[2026-05-01T01:36:09.684+0000] {task_command.py:423} INFO - Running <TaskInstance: fetch_market_data.check_market_open scheduled__2026-05-01T01:00:00+00:00 [running]> on host reddit-pipeline-vm
[2026-05-01T01:36:09.791+0000] {taskinstance.py:2480} INFO - Exporting env vars: AIRFLOW_CTX_DAG_OWNER='pipeline' AIRFLOW_CTX_DAG_ID='fetch_market_data' AIRFLOW_CTX_TASK_ID='check_market_open' AIRFLOW_CTX_EXECUTION_DATE='2026-05-01T01:00:00+00:00' AIRFLOW_CTX_TRY_NUMBER='1' AIRFLOW_CTX_DAG_RUN_ID='scheduled__2026-05-01T01:00:00+00:00'
[2026-05-01T01:36:09.811+0000] {sensors.py:45} INFO - Market open check at 2026-04-30 21:36 ET: False
[2026-05-01T01:36:09.836+0000] {taskinstance.py:2658} INFO - Rescheduling task, marking task as UP_FOR_RESCHEDULE
[2026-05-01T01:36:09.862+0000] {local_task_job_runner.py:234} INFO - Task exited with return code 0
[2026-05-01T01:36:09.901+0000] {taskinstance.py:3280} INFO - 0 downstream tasks scheduled from follow-on schedule check
[2026-05-01T01:37:10.449+0000] {taskinstance.py:1956} INFO - Dependencies all met for dep_context=non-requeueable deps ti=<TaskInstance: fetch_market_data.check_market_open scheduled__2026-05-01T01:00:00+00:00 [queued]>
[2026-05-01T01:37:10.457+0000] {taskinstance.py:1956} INFO - Dependencies all met for dep_context=requeueable deps ti=<TaskInstance: fetch_market_data.check_market_open scheduled__2026-05-01T01:00:00+00:00 [queued]>
[2026-05-01T01:37:10.457+0000] {taskinstance.py:2170} INFO - Starting attempt 1 of 3
[2026-05-01T01:37:10.467+0000] {taskinstance.py:2191} INFO - Executing <Task(MarketOpenSensor): check_market_open> on 2026-05-01 01:00:00+00:00
[2026-05-01T01:37:10.473+0000] {standard_task_runner.py:60} INFO - Started process 649879 to run task
[2026-05-01T01:37:10.476+0000] {standard_task_runner.py:87} INFO - Running: ['airflow', 'tasks', 'run', 'fetch_market_data', 'check_market_open', 'scheduled__2026-05-01T01:00:00+00:00', '--job-id', '508', '--raw', '--subdir', 'DAGS_FOLDER/fetch_market_data.py', '--cfg-path', '/tmp/tmpd_l8f8nw']
[2026-05-01T01:37:10.478+0000] {standard_task_runner.py:88} INFO - Job 508: Subtask check_market_open
[2026-05-01T01:37:10.555+0000] {task_command.py:423} INFO - Running <TaskInstance: fetch_market_data.check_market_open scheduled__2026-05-01T01:00:00+00:00 [running]> on host reddit-pipeline-vm
[2026-05-01T01:37:10.667+0000] {taskinstance.py:2480} INFO - Exporting env vars: AIRFLOW_CTX_DAG_OWNER='pipeline' AIRFLOW_CTX_DAG_ID='fetch_market_data' AIRFLOW_CTX_TASK_ID='check_market_open' AIRFLOW_CTX_EXECUTION_DATE='2026-05-01T01:00:00+00:00' AIRFLOW_CTX_TRY_NUMBER='1' AIRFLOW_CTX_DAG_RUN_ID='scheduled__2026-05-01T01:00:00+00:00'
[2026-05-01T01:37:10.685+0000] {sensors.py:45} INFO - Market open check at 2026-04-30 21:37 ET: False
[2026-05-01T01:37:10.711+0000] {taskinstance.py:2658} INFO - Rescheduling task, marking task as UP_FOR_RESCHEDULE
[2026-05-01T01:37:10.730+0000] {local_task_job_runner.py:234} INFO - Task exited with return code 0
[2026-05-01T01:37:10.772+0000] {taskinstance.py:3280} INFO - 0 downstream tasks scheduled from follow-on schedule check
[2026-05-01T01:38:11.528+0000] {taskinstance.py:1956} INFO - Dependencies all met for dep_context=non-requeueable deps ti=<TaskInstance: fetch_market_data.check_market_open scheduled__2026-05-01T01:00:00+00:00 [queued]>
[2026-05-01T01:38:11.535+0000] {taskinstance.py:1956} INFO - Dependencies all met for dep_context=requeueable deps ti=<TaskInstance: fetch_market_data.check_market_open scheduled__2026-05-01T01:00:00+00:00 [queued]>
[2026-05-01T01:38:11.535+0000] {taskinstance.py:2170} INFO - Starting attempt 1 of 3
[2026-05-01T01:38:11.545+0000] {taskinstance.py:2191} INFO - Executing <Task(MarketOpenSensor): check_market_open> on 2026-05-01 01:00:00+00:00
[2026-05-01T01:38:11.552+0000] {standard_task_runner.py:60} INFO - Started process 649945 to run task
[2026-05-01T01:38:11.555+0000] {standard_task_runner.py:87} INFO - Running: ['airflow', 'tasks', 'run', 'fetch_market_data', 'check_market_open', 'scheduled__2026-05-01T01:00:00+00:00', '--job-id', '509', '--raw', '--subdir', 'DAGS_FOLDER/fetch_market_data.py', '--cfg-path', '/tmp/tmpeh6sazbn']
[2026-05-01T01:38:11.557+0000] {standard_task_runner.py:88} INFO - Job 509: Subtask check_market_open
[2026-05-01T01:38:11.637+0000] {task_command.py:423} INFO - Running <TaskInstance: fetch_market_data.check_market_open scheduled__2026-05-01T01:00:00+00:00 [running]> on host reddit-pipeline-vm
[2026-05-01T01:38:11.746+0000] {taskinstance.py:2480} INFO - Exporting env vars: AIRFLOW_CTX_DAG_OWNER='pipeline' AIRFLOW_CTX_DAG_ID='fetch_market_data' AIRFLOW_CTX_TASK_ID='check_market_open' AIRFLOW_CTX_EXECUTION_DATE='2026-05-01T01:00:00+00:00' AIRFLOW_CTX_TRY_NUMBER='1' AIRFLOW_CTX_DAG_RUN_ID='scheduled__2026-05-01T01:00:00+00:00'
[2026-05-01T01:38:11.764+0000] {sensors.py:45} INFO - Market open check at 2026-04-30 21:38 ET: False
[2026-05-01T01:38:11.765+0000] {taskinstance.py:2698} ERROR - Task failed with exception
Traceback (most recent call last):
  File "/home/ubuntu/github_repo/Stock-Market-Intelligence-Pipeline/venv/lib/python3.11/site-packages/airflow/models/taskinstance.py", line 433, in _execute_task
    result = execute_callable(context=context, **execute_callable_kwargs)
             ^^^^^^^^^^^^^^^^^^^^^^^^^^^^^^^^^^^^^^^^^^^^^^^^^^^^^^^^^^^^
  File "/home/ubuntu/github_repo/Stock-Market-Intelligence-Pipeline/venv/lib/python3.11/site-packages/airflow/sensors/base.py", line 282, in execute
    raise AirflowSensorTimeout(message)
airflow.exceptions.AirflowSensorTimeout: Sensor has timed out; run duration of 919.662384 seconds exceeds the specified timeout of 900.0.
[2026-05-01T01:38:11.782+0000] {taskinstance.py:1138} INFO - Immediate failure requested. Marking task as FAILED. dag_id=fetch_market_data, task_id=check_market_open, execution_date=20260501T010000, start_date=20260501T013811, end_date=20260501T013811
[2026-05-01T01:38:11.791+0000] {standard_task_runner.py:107} ERROR - Failed to execute job 509 for task check_market_open (Sensor has timed out; run duration of 919.662384 seconds exceeds the specified timeout of 900.0.; 649945)
[2026-05-01T01:38:11.809+0000] {local_task_job_runner.py:234} INFO - Task exited with return code 1
[2026-05-01T01:38:11.859+0000] {taskinstance.py:3280} INFO - 0 downstream tasks scheduled from follow-on schedule check
