[2026-05-07T08:01:29.828+0000] {taskinstance.py:1956} INFO - Dependencies all met for dep_context=non-requeueable deps ti=<TaskInstance: fetch_market_data.check_market_open scheduled__2026-05-07T07:00:00+00:00 [queued]>
[2026-05-07T08:01:29.836+0000] {taskinstance.py:1956} INFO - Dependencies all met for dep_context=requeueable deps ti=<TaskInstance: fetch_market_data.check_market_open scheduled__2026-05-07T07:00:00+00:00 [queued]>
[2026-05-07T08:01:29.836+0000] {taskinstance.py:2170} INFO - Starting attempt 1 of 3
[2026-05-07T08:01:29.851+0000] {taskinstance.py:2191} INFO - Executing <Task(MarketOpenSensor): check_market_open> on 2026-05-07 07:00:00+00:00
[2026-05-07T08:01:29.858+0000] {standard_task_runner.py:60} INFO - Started process 1100638 to run task
[2026-05-07T08:01:29.862+0000] {standard_task_runner.py:87} INFO - Running: ['airflow', 'tasks', 'run', 'fetch_market_data', 'check_market_open', 'scheduled__2026-05-07T07:00:00+00:00', '--job-id', '1478', '--raw', '--subdir', 'DAGS_FOLDER/fetch_market_data.py', '--cfg-path', '/tmp/tmp3lmg5opv']
[2026-05-07T08:01:29.864+0000] {standard_task_runner.py:88} INFO - Job 1478: Subtask check_market_open
[2026-05-07T08:01:29.937+0000] {task_command.py:423} INFO - Running <TaskInstance: fetch_market_data.check_market_open scheduled__2026-05-07T07:00:00+00:00 [running]> on host reddit-pipeline-vm
[2026-05-07T08:01:30.049+0000] {taskinstance.py:2480} INFO - Exporting env vars: AIRFLOW_CTX_DAG_OWNER='pipeline' AIRFLOW_CTX_DAG_ID='fetch_market_data' AIRFLOW_CTX_TASK_ID='check_market_open' AIRFLOW_CTX_EXECUTION_DATE='2026-05-07T07:00:00+00:00' AIRFLOW_CTX_TRY_NUMBER='1' AIRFLOW_CTX_DAG_RUN_ID='scheduled__2026-05-07T07:00:00+00:00'
[2026-05-07T08:01:30.070+0000] {sensors.py:45} INFO - Market open check at 2026-05-07 04:01 ET: False
[2026-05-07T08:01:30.107+0000] {taskinstance.py:2658} INFO - Rescheduling task, marking task as UP_FOR_RESCHEDULE
[2026-05-07T08:01:30.154+0000] {local_task_job_runner.py:234} INFO - Task exited with return code 0
[2026-05-07T08:01:30.193+0000] {taskinstance.py:3280} INFO - 0 downstream tasks scheduled from follow-on schedule check
[2026-05-07T08:16:30.881+0000] {taskinstance.py:1956} INFO - Dependencies all met for dep_context=non-requeueable deps ti=<TaskInstance: fetch_market_data.check_market_open scheduled__2026-05-07T07:00:00+00:00 [queued]>
[2026-05-07T08:16:30.891+0000] {taskinstance.py:1956} INFO - Dependencies all met for dep_context=requeueable deps ti=<TaskInstance: fetch_market_data.check_market_open scheduled__2026-05-07T07:00:00+00:00 [queued]>
[2026-05-07T08:16:30.891+0000] {taskinstance.py:2170} INFO - Starting attempt 1 of 3
[2026-05-07T08:16:30.905+0000] {taskinstance.py:2191} INFO - Executing <Task(MarketOpenSensor): check_market_open> on 2026-05-07 07:00:00+00:00
[2026-05-07T08:16:30.912+0000] {standard_task_runner.py:60} INFO - Started process 1101600 to run task
[2026-05-07T08:16:30.916+0000] {standard_task_runner.py:87} INFO - Running: ['airflow', 'tasks', 'run', 'fetch_market_data', 'check_market_open', 'scheduled__2026-05-07T07:00:00+00:00', '--job-id', '1479', '--raw', '--subdir', 'DAGS_FOLDER/fetch_market_data.py', '--cfg-path', '/tmp/tmpn7o2n4_j']
[2026-05-07T08:16:30.919+0000] {standard_task_runner.py:88} INFO - Job 1479: Subtask check_market_open
[2026-05-07T08:16:30.993+0000] {task_command.py:423} INFO - Running <TaskInstance: fetch_market_data.check_market_open scheduled__2026-05-07T07:00:00+00:00 [running]> on host reddit-pipeline-vm
[2026-05-07T08:16:31.102+0000] {taskinstance.py:2480} INFO - Exporting env vars: AIRFLOW_CTX_DAG_OWNER='pipeline' AIRFLOW_CTX_DAG_ID='fetch_market_data' AIRFLOW_CTX_TASK_ID='check_market_open' AIRFLOW_CTX_EXECUTION_DATE='2026-05-07T07:00:00+00:00' AIRFLOW_CTX_TRY_NUMBER='1' AIRFLOW_CTX_DAG_RUN_ID='scheduled__2026-05-07T07:00:00+00:00'
[2026-05-07T08:16:31.118+0000] {sensors.py:45} INFO - Market open check at 2026-05-07 04:16 ET: False
[2026-05-07T08:16:31.145+0000] {taskinstance.py:2658} INFO - Rescheduling task, marking task as UP_FOR_RESCHEDULE
[2026-05-07T08:16:31.170+0000] {local_task_job_runner.py:234} INFO - Task exited with return code 0
[2026-05-07T08:16:31.208+0000] {taskinstance.py:3280} INFO - 0 downstream tasks scheduled from follow-on schedule check
[2026-05-07T08:31:32.182+0000] {taskinstance.py:1956} INFO - Dependencies all met for dep_context=non-requeueable deps ti=<TaskInstance: fetch_market_data.check_market_open scheduled__2026-05-07T07:00:00+00:00 [queued]>
[2026-05-07T08:31:32.192+0000] {taskinstance.py:1956} INFO - Dependencies all met for dep_context=requeueable deps ti=<TaskInstance: fetch_market_data.check_market_open scheduled__2026-05-07T07:00:00+00:00 [queued]>
[2026-05-07T08:31:32.192+0000] {taskinstance.py:2170} INFO - Starting attempt 1 of 3
[2026-05-07T08:31:32.208+0000] {taskinstance.py:2191} INFO - Executing <Task(MarketOpenSensor): check_market_open> on 2026-05-07 07:00:00+00:00
[2026-05-07T08:31:32.214+0000] {standard_task_runner.py:60} INFO - Started process 1102569 to run task
[2026-05-07T08:31:32.218+0000] {standard_task_runner.py:87} INFO - Running: ['airflow', 'tasks', 'run', 'fetch_market_data', 'check_market_open', 'scheduled__2026-05-07T07:00:00+00:00', '--job-id', '1480', '--raw', '--subdir', 'DAGS_FOLDER/fetch_market_data.py', '--cfg-path', '/tmp/tmpod7lf0iq']
[2026-05-07T08:31:32.220+0000] {standard_task_runner.py:88} INFO - Job 1480: Subtask check_market_open
[2026-05-07T08:31:32.297+0000] {task_command.py:423} INFO - Running <TaskInstance: fetch_market_data.check_market_open scheduled__2026-05-07T07:00:00+00:00 [running]> on host reddit-pipeline-vm
[2026-05-07T08:31:32.408+0000] {taskinstance.py:2480} INFO - Exporting env vars: AIRFLOW_CTX_DAG_OWNER='pipeline' AIRFLOW_CTX_DAG_ID='fetch_market_data' AIRFLOW_CTX_TASK_ID='check_market_open' AIRFLOW_CTX_EXECUTION_DATE='2026-05-07T07:00:00+00:00' AIRFLOW_CTX_TRY_NUMBER='1' AIRFLOW_CTX_DAG_RUN_ID='scheduled__2026-05-07T07:00:00+00:00'
[2026-05-07T08:31:32.425+0000] {sensors.py:45} INFO - Market open check at 2026-05-07 04:31 ET: False
[2026-05-07T08:31:32.453+0000] {taskinstance.py:2658} INFO - Rescheduling task, marking task as UP_FOR_RESCHEDULE
[2026-05-07T08:31:32.471+0000] {local_task_job_runner.py:234} INFO - Task exited with return code 0
[2026-05-07T08:31:32.510+0000] {taskinstance.py:3280} INFO - 0 downstream tasks scheduled from follow-on schedule check
[2026-05-07T08:46:34.012+0000] {taskinstance.py:1956} INFO - Dependencies all met for dep_context=non-requeueable deps ti=<TaskInstance: fetch_market_data.check_market_open scheduled__2026-05-07T07:00:00+00:00 [queued]>
[2026-05-07T08:46:34.022+0000] {taskinstance.py:1956} INFO - Dependencies all met for dep_context=requeueable deps ti=<TaskInstance: fetch_market_data.check_market_open scheduled__2026-05-07T07:00:00+00:00 [queued]>
[2026-05-07T08:46:34.023+0000] {taskinstance.py:2170} INFO - Starting attempt 1 of 3
[2026-05-07T08:46:34.038+0000] {taskinstance.py:2191} INFO - Executing <Task(MarketOpenSensor): check_market_open> on 2026-05-07 07:00:00+00:00
[2026-05-07T08:46:34.045+0000] {standard_task_runner.py:60} INFO - Started process 1103560 to run task
[2026-05-07T08:46:34.049+0000] {standard_task_runner.py:87} INFO - Running: ['airflow', 'tasks', 'run', 'fetch_market_data', 'check_market_open', 'scheduled__2026-05-07T07:00:00+00:00', '--job-id', '1481', '--raw', '--subdir', 'DAGS_FOLDER/fetch_market_data.py', '--cfg-path', '/tmp/tmpely8pfgf']
[2026-05-07T08:46:34.051+0000] {standard_task_runner.py:88} INFO - Job 1481: Subtask check_market_open
[2026-05-07T08:46:34.126+0000] {task_command.py:423} INFO - Running <TaskInstance: fetch_market_data.check_market_open scheduled__2026-05-07T07:00:00+00:00 [running]> on host reddit-pipeline-vm
[2026-05-07T08:46:34.237+0000] {taskinstance.py:2480} INFO - Exporting env vars: AIRFLOW_CTX_DAG_OWNER='pipeline' AIRFLOW_CTX_DAG_ID='fetch_market_data' AIRFLOW_CTX_TASK_ID='check_market_open' AIRFLOW_CTX_EXECUTION_DATE='2026-05-07T07:00:00+00:00' AIRFLOW_CTX_TRY_NUMBER='1' AIRFLOW_CTX_DAG_RUN_ID='scheduled__2026-05-07T07:00:00+00:00'
[2026-05-07T08:46:34.255+0000] {sensors.py:45} INFO - Market open check at 2026-05-07 04:46 ET: False
[2026-05-07T08:46:34.282+0000] {taskinstance.py:2658} INFO - Rescheduling task, marking task as UP_FOR_RESCHEDULE
[2026-05-07T08:46:34.302+0000] {local_task_job_runner.py:234} INFO - Task exited with return code 0
[2026-05-07T08:46:34.339+0000] {taskinstance.py:3280} INFO - 0 downstream tasks scheduled from follow-on schedule check
[2026-05-07T09:01:35.021+0000] {taskinstance.py:1956} INFO - Dependencies all met for dep_context=non-requeueable deps ti=<TaskInstance: fetch_market_data.check_market_open scheduled__2026-05-07T07:00:00+00:00 [queued]>
[2026-05-07T09:01:35.031+0000] {taskinstance.py:1956} INFO - Dependencies all met for dep_context=requeueable deps ti=<TaskInstance: fetch_market_data.check_market_open scheduled__2026-05-07T07:00:00+00:00 [queued]>
[2026-05-07T09:01:35.031+0000] {taskinstance.py:2170} INFO - Starting attempt 1 of 3
[2026-05-07T09:01:35.046+0000] {taskinstance.py:2191} INFO - Executing <Task(MarketOpenSensor): check_market_open> on 2026-05-07 07:00:00+00:00
[2026-05-07T09:01:35.053+0000] {standard_task_runner.py:60} INFO - Started process 1104529 to run task
[2026-05-07T09:01:35.057+0000] {standard_task_runner.py:87} INFO - Running: ['airflow', 'tasks', 'run', 'fetch_market_data', 'check_market_open', 'scheduled__2026-05-07T07:00:00+00:00', '--job-id', '1482', '--raw', '--subdir', 'DAGS_FOLDER/fetch_market_data.py', '--cfg-path', '/tmp/tmpffo_t6a0']
[2026-05-07T09:01:35.059+0000] {standard_task_runner.py:88} INFO - Job 1482: Subtask check_market_open
[2026-05-07T09:01:35.134+0000] {task_command.py:423} INFO - Running <TaskInstance: fetch_market_data.check_market_open scheduled__2026-05-07T07:00:00+00:00 [running]> on host reddit-pipeline-vm
[2026-05-07T09:01:35.241+0000] {taskinstance.py:2480} INFO - Exporting env vars: AIRFLOW_CTX_DAG_OWNER='pipeline' AIRFLOW_CTX_DAG_ID='fetch_market_data' AIRFLOW_CTX_TASK_ID='check_market_open' AIRFLOW_CTX_EXECUTION_DATE='2026-05-07T07:00:00+00:00' AIRFLOW_CTX_TRY_NUMBER='1' AIRFLOW_CTX_DAG_RUN_ID='scheduled__2026-05-07T07:00:00+00:00'
[2026-05-07T09:01:35.261+0000] {sensors.py:45} INFO - Market open check at 2026-05-07 05:01 ET: False
[2026-05-07T09:01:35.261+0000] {taskinstance.py:2360} INFO - Sensor has timed out; run duration of 3605.29136 seconds exceeds the specified timeout of 3600.0.
[2026-05-07T09:01:35.278+0000] {taskinstance.py:1138} INFO - Marking task as SKIPPED. dag_id=fetch_market_data, task_id=check_market_open, execution_date=20260507T070000, start_date=20260507T090135, end_date=20260507T090135
[2026-05-07T09:01:35.310+0000] {local_task_job_runner.py:234} INFO - Task exited with return code 0
[2026-05-07T09:01:35.358+0000] {taskinstance.py:3280} INFO - 0 downstream tasks scheduled from follow-on schedule check
