[2026-05-11T14:00:16.686+0000] {taskinstance.py:1956} INFO - Dependencies all met for dep_context=non-requeueable deps ti=<TaskInstance: run_dbt_models.dbt_run manual__2026-05-11T14:00:16.193500+00:00 [queued]>
[2026-05-11T14:00:16.694+0000] {taskinstance.py:1956} INFO - Dependencies all met for dep_context=requeueable deps ti=<TaskInstance: run_dbt_models.dbt_run manual__2026-05-11T14:00:16.193500+00:00 [queued]>
[2026-05-11T14:00:16.695+0000] {taskinstance.py:2170} INFO - Starting attempt 1 of 2
[2026-05-11T14:00:16.707+0000] {taskinstance.py:2191} INFO - Executing <Task(BashOperator): dbt_run> on 2026-05-11 14:00:16.193500+00:00
[2026-05-11T14:00:16.712+0000] {standard_task_runner.py:60} INFO - Started process 1509223 to run task
[2026-05-11T14:00:16.716+0000] {standard_task_runner.py:87} INFO - Running: ['airflow', 'tasks', 'run', 'run_dbt_models', 'dbt_run', 'manual__2026-05-11T14:00:16.193500+00:00', '--job-id', '1853', '--raw', '--subdir', 'DAGS_FOLDER/run_dbt_models.py', '--cfg-path', '/tmp/tmp60mlm0no']
[2026-05-11T14:00:16.718+0000] {standard_task_runner.py:88} INFO - Job 1853: Subtask dbt_run
[2026-05-11T14:00:16.791+0000] {task_command.py:423} INFO - Running <TaskInstance: run_dbt_models.dbt_run manual__2026-05-11T14:00:16.193500+00:00 [running]> on host reddit-pipeline-vm
[2026-05-11T14:00:16.907+0000] {taskinstance.py:2480} INFO - Exporting env vars: AIRFLOW_CTX_DAG_OWNER='pipeline' AIRFLOW_CTX_DAG_ID='run_dbt_models' AIRFLOW_CTX_TASK_ID='dbt_run' AIRFLOW_CTX_EXECUTION_DATE='2026-05-11T14:00:16.193500+00:00' AIRFLOW_CTX_TRY_NUMBER='1' AIRFLOW_CTX_DAG_RUN_ID='manual__2026-05-11T14:00:16.193500+00:00'
[2026-05-11T14:00:16.908+0000] {subprocess.py:63} INFO - Tmp dir root location: /tmp
[2026-05-11T14:00:16.909+0000] {subprocess.py:75} INFO - Running command: ['/usr/bin/bash', '-c', 'cd /home/ubuntu/github_repo/Stock-Market-Intelligence-Pipeline/dbt_project && /home/ubuntu/github_repo/Stock-Market-Intelligence-Pipeline/venv/bin/dbt run --profiles-dir /home/ubuntu/github_repo/Stock-Market-Intelligence-Pipeline/dbt_project']
[2026-05-11T14:00:16.919+0000] {subprocess.py:86} INFO - Output:
[2026-05-11T14:00:18.848+0000] {subprocess.py:93} INFO - [0m14:00:18  Running with dbt=1.7.0
[2026-05-11T14:00:19.104+0000] {subprocess.py:93} INFO - [0m14:00:19  Registered adapter: postgres=1.7.0
[2026-05-11T14:00:19.156+0000] {subprocess.py:93} INFO - [0m14:00:19  Found 5 models, 8 tests, 0 sources, 0 exposures, 0 metrics, 401 macros, 0 groups, 0 semantic models
[2026-05-11T14:00:19.159+0000] {subprocess.py:93} INFO - [0m14:00:19
[2026-05-11T14:00:19.287+0000] {subprocess.py:93} INFO - [0m14:00:19  Concurrency: 2 threads (target='dev')
[2026-05-11T14:00:19.289+0000] {subprocess.py:93} INFO - [0m14:00:19
[2026-05-11T14:00:19.292+0000] {subprocess.py:93} INFO - [0m14:00:19  1 of 5 START sql view model public_staging.stg_prices .......................... [RUN]
[2026-05-11T14:00:19.416+0000] {subprocess.py:93} INFO - [0m14:00:19  1 of 5 OK created sql view model public_staging.stg_prices ..................... [[32mCREATE VIEW[0m in 0.12s]
[2026-05-11T14:00:19.419+0000] {subprocess.py:93} INFO - [0m14:00:19  2 of 5 START sql view model public_staging.int_price_with_returns .............. [RUN]
[2026-05-11T14:00:19.471+0000] {subprocess.py:93} INFO - [0m14:00:19  2 of 5 OK created sql view model public_staging.int_price_with_returns ......... [[32mCREATE VIEW[0m in 0.05s]
[2026-05-11T14:00:19.473+0000] {subprocess.py:93} INFO - [0m14:00:19  3 of 5 START sql table model public.fact_prices ................................ [RUN]
[2026-05-11T14:00:19.573+0000] {subprocess.py:93} INFO - [0m14:00:19  3 of 5 OK created sql table model public.fact_prices ........................... [[32mSELECT 3857[0m in 0.10s]
[2026-05-11T14:00:19.574+0000] {subprocess.py:93} INFO - [0m14:00:19  4 of 5 START sql table model public.fact_indicators ............................ [RUN]
[2026-05-11T14:00:19.797+0000] {subprocess.py:93} INFO - [0m14:00:19  4 of 5 OK created sql table model public.fact_indicators ....................... [[32mSELECT 3857[0m in 0.22s]
[2026-05-11T14:00:19.799+0000] {subprocess.py:93} INFO - [0m14:00:19  5 of 5 START sql table model public.fact_alerts ................................ [RUN]
[2026-05-11T14:00:19.882+0000] {subprocess.py:93} INFO - [0m14:00:19  5 of 5 OK created sql table model public.fact_alerts ........................... [[32mSELECT 2212[0m in 0.08s]
[2026-05-11T14:00:19.900+0000] {subprocess.py:93} INFO - [0m14:00:19
[2026-05-11T14:00:19.901+0000] {subprocess.py:93} INFO - [0m14:00:19  Finished running 2 view models, 3 table models in 0 hours 0 minutes and 0.74 seconds (0.74s).
[2026-05-11T14:00:19.916+0000] {subprocess.py:93} INFO - [0m14:00:19
[2026-05-11T14:00:19.916+0000] {subprocess.py:93} INFO - [0m14:00:19  [32mCompleted successfully[0m
[2026-05-11T14:00:19.916+0000] {subprocess.py:93} INFO - [0m14:00:19
[2026-05-11T14:00:19.917+0000] {subprocess.py:93} INFO - [0m14:00:19  Done. PASS=5 WARN=0 ERROR=0 SKIP=0 TOTAL=5
[2026-05-11T14:00:21.622+0000] {subprocess.py:97} INFO - Command exited with return code 0
[2026-05-11T14:00:21.667+0000] {taskinstance.py:1138} INFO - Marking task as SUCCESS. dag_id=run_dbt_models, task_id=dbt_run, execution_date=20260511T140016, start_date=20260511T140016, end_date=20260511T140021
[2026-05-11T14:00:21.710+0000] {local_task_job_runner.py:234} INFO - Task exited with return code 0
[2026-05-11T14:00:21.741+0000] {taskinstance.py:3280} INFO - 1 downstream tasks scheduled from follow-on schedule check
