[2026-05-07T21:00:09.943+0000] {taskinstance.py:1956} INFO - Dependencies all met for dep_context=non-requeueable deps ti=<TaskInstance: fetch_market_data.check_market_open scheduled__2026-05-07T20:00:00+00:00 [queued]>
[2026-05-07T21:00:09.949+0000] {taskinstance.py:1956} INFO - Dependencies all met for dep_context=requeueable deps ti=<TaskInstance: fetch_market_data.check_market_open scheduled__2026-05-07T20:00:00+00:00 [queued]>
[2026-05-07T21:00:09.950+0000] {taskinstance.py:2170} INFO - Starting attempt 1 of 3
[2026-05-07T21:00:09.961+0000] {taskinstance.py:2191} INFO - Executing <Task(MarketOpenSensor): check_market_open> on 2026-05-07 20:00:00+00:00
[2026-05-07T21:00:09.967+0000] {standard_task_runner.py:60} INFO - Started process 1153122 to run task
[2026-05-07T21:00:09.971+0000] {standard_task_runner.py:87} INFO - Running: ['airflow', 'tasks', 'run', 'fetch_market_data', 'check_market_open', 'scheduled__2026-05-07T20:00:00+00:00', '--job-id', '1587', '--raw', '--subdir', 'DAGS_FOLDER/fetch_market_data.py', '--cfg-path', '/tmp/tmp43oa2n29']
[2026-05-07T21:00:09.973+0000] {standard_task_runner.py:88} INFO - Job 1587: Subtask check_market_open
[2026-05-07T21:00:10.040+0000] {task_command.py:423} INFO - Running <TaskInstance: fetch_market_data.check_market_open scheduled__2026-05-07T20:00:00+00:00 [running]> on host reddit-pipeline-vm
[2026-05-07T21:00:10.138+0000] {taskinstance.py:2480} INFO - Exporting env vars: AIRFLOW_CTX_DAG_OWNER='pipeline' AIRFLOW_CTX_DAG_ID='fetch_market_data' AIRFLOW_CTX_TASK_ID='check_market_open' AIRFLOW_CTX_EXECUTION_DATE='2026-05-07T20:00:00+00:00' AIRFLOW_CTX_TRY_NUMBER='1' AIRFLOW_CTX_DAG_RUN_ID='scheduled__2026-05-07T20:00:00+00:00'
[2026-05-07T21:00:10.153+0000] {sensors.py:45} INFO - Market open check at 2026-05-07 17:00 ET: False
[2026-05-07T21:00:10.177+0000] {taskinstance.py:2658} INFO - Rescheduling task, marking task as UP_FOR_RESCHEDULE
[2026-05-07T21:00:10.223+0000] {local_task_job_runner.py:234} INFO - Task exited with return code 0
[2026-05-07T21:00:10.258+0000] {taskinstance.py:3280} INFO - 0 downstream tasks scheduled from follow-on schedule check
[2026-05-07T21:15:11.630+0000] {taskinstance.py:1956} INFO - Dependencies all met for dep_context=non-requeueable deps ti=<TaskInstance: fetch_market_data.check_market_open scheduled__2026-05-07T20:00:00+00:00 [queued]>
[2026-05-07T21:15:11.637+0000] {taskinstance.py:1956} INFO - Dependencies all met for dep_context=requeueable deps ti=<TaskInstance: fetch_market_data.check_market_open scheduled__2026-05-07T20:00:00+00:00 [queued]>
[2026-05-07T21:15:11.638+0000] {taskinstance.py:2170} INFO - Starting attempt 1 of 3
[2026-05-07T21:15:11.650+0000] {taskinstance.py:2191} INFO - Executing <Task(MarketOpenSensor): check_market_open> on 2026-05-07 20:00:00+00:00
[2026-05-07T21:15:11.656+0000] {standard_task_runner.py:60} INFO - Started process 1154091 to run task
[2026-05-07T21:15:11.660+0000] {standard_task_runner.py:87} INFO - Running: ['airflow', 'tasks', 'run', 'fetch_market_data', 'check_market_open', 'scheduled__2026-05-07T20:00:00+00:00', '--job-id', '1588', '--raw', '--subdir', 'DAGS_FOLDER/fetch_market_data.py', '--cfg-path', '/tmp/tmpo13tjwq4']
[2026-05-07T21:15:11.662+0000] {standard_task_runner.py:88} INFO - Job 1588: Subtask check_market_open
[2026-05-07T21:15:11.727+0000] {task_command.py:423} INFO - Running <TaskInstance: fetch_market_data.check_market_open scheduled__2026-05-07T20:00:00+00:00 [running]> on host reddit-pipeline-vm
[2026-05-07T21:15:11.822+0000] {taskinstance.py:2480} INFO - Exporting env vars: AIRFLOW_CTX_DAG_OWNER='pipeline' AIRFLOW_CTX_DAG_ID='fetch_market_data' AIRFLOW_CTX_TASK_ID='check_market_open' AIRFLOW_CTX_EXECUTION_DATE='2026-05-07T20:00:00+00:00' AIRFLOW_CTX_TRY_NUMBER='1' AIRFLOW_CTX_DAG_RUN_ID='scheduled__2026-05-07T20:00:00+00:00'
[2026-05-07T21:15:11.836+0000] {sensors.py:45} INFO - Market open check at 2026-05-07 17:15 ET: False
[2026-05-07T21:15:11.860+0000] {taskinstance.py:2658} INFO - Rescheduling task, marking task as UP_FOR_RESCHEDULE
[2026-05-07T21:15:11.873+0000] {local_task_job_runner.py:234} INFO - Task exited with return code 0
[2026-05-07T21:15:11.907+0000] {taskinstance.py:3280} INFO - 0 downstream tasks scheduled from follow-on schedule check
[2026-05-07T21:30:13.258+0000] {taskinstance.py:1956} INFO - Dependencies all met for dep_context=non-requeueable deps ti=<TaskInstance: fetch_market_data.check_market_open scheduled__2026-05-07T20:00:00+00:00 [queued]>
[2026-05-07T21:30:13.265+0000] {taskinstance.py:1956} INFO - Dependencies all met for dep_context=requeueable deps ti=<TaskInstance: fetch_market_data.check_market_open scheduled__2026-05-07T20:00:00+00:00 [queued]>
[2026-05-07T21:30:13.265+0000] {taskinstance.py:2170} INFO - Starting attempt 1 of 3
[2026-05-07T21:30:13.276+0000] {taskinstance.py:2191} INFO - Executing <Task(MarketOpenSensor): check_market_open> on 2026-05-07 20:00:00+00:00
[2026-05-07T21:30:13.282+0000] {standard_task_runner.py:60} INFO - Started process 1155080 to run task
[2026-05-07T21:30:13.286+0000] {standard_task_runner.py:87} INFO - Running: ['airflow', 'tasks', 'run', 'fetch_market_data', 'check_market_open', 'scheduled__2026-05-07T20:00:00+00:00', '--job-id', '1589', '--raw', '--subdir', 'DAGS_FOLDER/fetch_market_data.py', '--cfg-path', '/tmp/tmp5up002w7']
[2026-05-07T21:30:13.288+0000] {standard_task_runner.py:88} INFO - Job 1589: Subtask check_market_open
[2026-05-07T21:30:13.353+0000] {task_command.py:423} INFO - Running <TaskInstance: fetch_market_data.check_market_open scheduled__2026-05-07T20:00:00+00:00 [running]> on host reddit-pipeline-vm
[2026-05-07T21:30:13.445+0000] {taskinstance.py:2480} INFO - Exporting env vars: AIRFLOW_CTX_DAG_OWNER='pipeline' AIRFLOW_CTX_DAG_ID='fetch_market_data' AIRFLOW_CTX_TASK_ID='check_market_open' AIRFLOW_CTX_EXECUTION_DATE='2026-05-07T20:00:00+00:00' AIRFLOW_CTX_TRY_NUMBER='1' AIRFLOW_CTX_DAG_RUN_ID='scheduled__2026-05-07T20:00:00+00:00'
[2026-05-07T21:30:13.460+0000] {sensors.py:45} INFO - Market open check at 2026-05-07 17:30 ET: False
[2026-05-07T21:30:13.482+0000] {taskinstance.py:2658} INFO - Rescheduling task, marking task as UP_FOR_RESCHEDULE
[2026-05-07T21:30:13.498+0000] {local_task_job_runner.py:234} INFO - Task exited with return code 0
[2026-05-07T21:30:13.532+0000] {taskinstance.py:3280} INFO - 0 downstream tasks scheduled from follow-on schedule check
[2026-05-07T21:45:14.202+0000] {taskinstance.py:1956} INFO - Dependencies all met for dep_context=non-requeueable deps ti=<TaskInstance: fetch_market_data.check_market_open scheduled__2026-05-07T20:00:00+00:00 [queued]>
[2026-05-07T21:45:14.209+0000] {taskinstance.py:1956} INFO - Dependencies all met for dep_context=requeueable deps ti=<TaskInstance: fetch_market_data.check_market_open scheduled__2026-05-07T20:00:00+00:00 [queued]>
[2026-05-07T21:45:14.209+0000] {taskinstance.py:2170} INFO - Starting attempt 1 of 3
[2026-05-07T21:45:14.220+0000] {taskinstance.py:2191} INFO - Executing <Task(MarketOpenSensor): check_market_open> on 2026-05-07 20:00:00+00:00
[2026-05-07T21:45:14.227+0000] {standard_task_runner.py:60} INFO - Started process 1156093 to run task
[2026-05-07T21:45:14.232+0000] {standard_task_runner.py:87} INFO - Running: ['airflow', 'tasks', 'run', 'fetch_market_data', 'check_market_open', 'scheduled__2026-05-07T20:00:00+00:00', '--job-id', '1590', '--raw', '--subdir', 'DAGS_FOLDER/fetch_market_data.py', '--cfg-path', '/tmp/tmpz5owkqr3']
[2026-05-07T21:45:14.234+0000] {standard_task_runner.py:88} INFO - Job 1590: Subtask check_market_open
[2026-05-07T21:45:14.297+0000] {task_command.py:423} INFO - Running <TaskInstance: fetch_market_data.check_market_open scheduled__2026-05-07T20:00:00+00:00 [running]> on host reddit-pipeline-vm
[2026-05-07T21:45:14.389+0000] {taskinstance.py:2480} INFO - Exporting env vars: AIRFLOW_CTX_DAG_OWNER='pipeline' AIRFLOW_CTX_DAG_ID='fetch_market_data' AIRFLOW_CTX_TASK_ID='check_market_open' AIRFLOW_CTX_EXECUTION_DATE='2026-05-07T20:00:00+00:00' AIRFLOW_CTX_TRY_NUMBER='1' AIRFLOW_CTX_DAG_RUN_ID='scheduled__2026-05-07T20:00:00+00:00'
[2026-05-07T21:45:14.404+0000] {sensors.py:45} INFO - Market open check at 2026-05-07 17:45 ET: False
[2026-05-07T21:45:14.429+0000] {taskinstance.py:2658} INFO - Rescheduling task, marking task as UP_FOR_RESCHEDULE
[2026-05-07T21:45:14.446+0000] {local_task_job_runner.py:234} INFO - Task exited with return code 0
[2026-05-07T21:45:14.480+0000] {taskinstance.py:3280} INFO - 0 downstream tasks scheduled from follow-on schedule check
[2026-05-07T22:00:15.856+0000] {taskinstance.py:1956} INFO - Dependencies all met for dep_context=non-requeueable deps ti=<TaskInstance: fetch_market_data.check_market_open scheduled__2026-05-07T20:00:00+00:00 [queued]>
[2026-05-07T22:00:15.864+0000] {taskinstance.py:1956} INFO - Dependencies all met for dep_context=requeueable deps ti=<TaskInstance: fetch_market_data.check_market_open scheduled__2026-05-07T20:00:00+00:00 [queued]>
[2026-05-07T22:00:15.865+0000] {taskinstance.py:2170} INFO - Starting attempt 1 of 3
[2026-05-07T22:00:15.880+0000] {taskinstance.py:2191} INFO - Executing <Task(MarketOpenSensor): check_market_open> on 2026-05-07 20:00:00+00:00
[2026-05-07T22:00:15.886+0000] {standard_task_runner.py:60} INFO - Started process 1157073 to run task
[2026-05-07T22:00:15.889+0000] {standard_task_runner.py:87} INFO - Running: ['airflow', 'tasks', 'run', 'fetch_market_data', 'check_market_open', 'scheduled__2026-05-07T20:00:00+00:00', '--job-id', '1591', '--raw', '--subdir', 'DAGS_FOLDER/fetch_market_data.py', '--cfg-path', '/tmp/tmp6krtpuz4']
[2026-05-07T22:00:15.891+0000] {standard_task_runner.py:88} INFO - Job 1591: Subtask check_market_open
[2026-05-07T22:00:15.955+0000] {task_command.py:423} INFO - Running <TaskInstance: fetch_market_data.check_market_open scheduled__2026-05-07T20:00:00+00:00 [running]> on host reddit-pipeline-vm
[2026-05-07T22:00:16.048+0000] {taskinstance.py:2480} INFO - Exporting env vars: AIRFLOW_CTX_DAG_OWNER='pipeline' AIRFLOW_CTX_DAG_ID='fetch_market_data' AIRFLOW_CTX_TASK_ID='check_market_open' AIRFLOW_CTX_EXECUTION_DATE='2026-05-07T20:00:00+00:00' AIRFLOW_CTX_TRY_NUMBER='1' AIRFLOW_CTX_DAG_RUN_ID='scheduled__2026-05-07T20:00:00+00:00'
[2026-05-07T22:00:16.062+0000] {sensors.py:45} INFO - Market open check at 2026-05-07 18:00 ET: False
[2026-05-07T22:00:16.062+0000] {taskinstance.py:2360} INFO - Sensor has timed out; run duration of 3605.992201 seconds exceeds the specified timeout of 3600.0.
[2026-05-07T22:00:16.076+0000] {taskinstance.py:1138} INFO - Marking task as SKIPPED. dag_id=fetch_market_data, task_id=check_market_open, execution_date=20260507T200000, start_date=20260507T220015, end_date=20260507T220016
[2026-05-07T22:00:16.103+0000] {local_task_job_runner.py:234} INFO - Task exited with return code 0
[2026-05-07T22:00:16.146+0000] {taskinstance.py:3280} INFO - 0 downstream tasks scheduled from follow-on schedule check
