[2026-05-01T00:36:40.150+0000] {taskinstance.py:1956} INFO - Dependencies all met for dep_context=non-requeueable deps ti=<TaskInstance: fetch_market_data.check_market_open scheduled__2026-05-01T00:15:00+00:00 [queued]>
[2026-05-01T00:36:40.157+0000] {taskinstance.py:1956} INFO - Dependencies all met for dep_context=requeueable deps ti=<TaskInstance: fetch_market_data.check_market_open scheduled__2026-05-01T00:15:00+00:00 [queued]>
[2026-05-01T00:36:40.157+0000] {taskinstance.py:2170} INFO - Starting attempt 1 of 3
[2026-05-01T00:36:40.167+0000] {taskinstance.py:2191} INFO - Executing <Task(MarketOpenSensor): check_market_open> on 2026-05-01 00:15:00+00:00
[2026-05-01T00:36:40.173+0000] {standard_task_runner.py:60} INFO - Started process 645237 to run task
[2026-05-01T00:36:40.176+0000] {standard_task_runner.py:87} INFO - Running: ['airflow', 'tasks', 'run', 'fetch_market_data', 'check_market_open', 'scheduled__2026-05-01T00:15:00+00:00', '--job-id', '446', '--raw', '--subdir', 'DAGS_FOLDER/fetch_market_data.py', '--cfg-path', '/tmp/tmpuxcv1oqh']
[2026-05-01T00:36:40.178+0000] {standard_task_runner.py:88} INFO - Job 446: Subtask check_market_open
[2026-05-01T00:36:40.253+0000] {task_command.py:423} INFO - Running <TaskInstance: fetch_market_data.check_market_open scheduled__2026-05-01T00:15:00+00:00 [running]> on host reddit-pipeline-vm
[2026-05-01T00:36:40.363+0000] {taskinstance.py:2480} INFO - Exporting env vars: AIRFLOW_CTX_DAG_OWNER='pipeline' AIRFLOW_CTX_DAG_ID='fetch_market_data' AIRFLOW_CTX_TASK_ID='check_market_open' AIRFLOW_CTX_EXECUTION_DATE='2026-05-01T00:15:00+00:00' AIRFLOW_CTX_TRY_NUMBER='1' AIRFLOW_CTX_DAG_RUN_ID='scheduled__2026-05-01T00:15:00+00:00'
[2026-05-01T00:36:40.380+0000] {sensors.py:45} INFO - Market open check at 2026-04-30 20:36 ET: False
[2026-05-01T00:36:40.406+0000] {taskinstance.py:2658} INFO - Rescheduling task, marking task as UP_FOR_RESCHEDULE
[2026-05-01T00:36:40.429+0000] {local_task_job_runner.py:234} INFO - Task exited with return code 0
[2026-05-01T00:36:40.469+0000] {taskinstance.py:3280} INFO - 0 downstream tasks scheduled from follow-on schedule check
[2026-05-01T00:37:41.853+0000] {taskinstance.py:1956} INFO - Dependencies all met for dep_context=non-requeueable deps ti=<TaskInstance: fetch_market_data.check_market_open scheduled__2026-05-01T00:15:00+00:00 [queued]>
[2026-05-01T00:37:41.861+0000] {taskinstance.py:1956} INFO - Dependencies all met for dep_context=requeueable deps ti=<TaskInstance: fetch_market_data.check_market_open scheduled__2026-05-01T00:15:00+00:00 [queued]>
[2026-05-01T00:37:41.861+0000] {taskinstance.py:2170} INFO - Starting attempt 1 of 3
[2026-05-01T00:37:41.871+0000] {taskinstance.py:2191} INFO - Executing <Task(MarketOpenSensor): check_market_open> on 2026-05-01 00:15:00+00:00
[2026-05-01T00:37:41.877+0000] {standard_task_runner.py:60} INFO - Started process 645303 to run task
[2026-05-01T00:37:41.880+0000] {standard_task_runner.py:87} INFO - Running: ['airflow', 'tasks', 'run', 'fetch_market_data', 'check_market_open', 'scheduled__2026-05-01T00:15:00+00:00', '--job-id', '447', '--raw', '--subdir', 'DAGS_FOLDER/fetch_market_data.py', '--cfg-path', '/tmp/tmpm5gt8np9']
[2026-05-01T00:37:41.882+0000] {standard_task_runner.py:88} INFO - Job 447: Subtask check_market_open
[2026-05-01T00:37:41.957+0000] {task_command.py:423} INFO - Running <TaskInstance: fetch_market_data.check_market_open scheduled__2026-05-01T00:15:00+00:00 [running]> on host reddit-pipeline-vm
[2026-05-01T00:37:42.065+0000] {taskinstance.py:2480} INFO - Exporting env vars: AIRFLOW_CTX_DAG_OWNER='pipeline' AIRFLOW_CTX_DAG_ID='fetch_market_data' AIRFLOW_CTX_TASK_ID='check_market_open' AIRFLOW_CTX_EXECUTION_DATE='2026-05-01T00:15:00+00:00' AIRFLOW_CTX_TRY_NUMBER='1' AIRFLOW_CTX_DAG_RUN_ID='scheduled__2026-05-01T00:15:00+00:00'
[2026-05-01T00:37:42.083+0000] {sensors.py:45} INFO - Market open check at 2026-04-30 20:37 ET: False
[2026-05-01T00:37:42.110+0000] {taskinstance.py:2658} INFO - Rescheduling task, marking task as UP_FOR_RESCHEDULE
[2026-05-01T00:37:42.134+0000] {local_task_job_runner.py:234} INFO - Task exited with return code 0
[2026-05-01T00:37:42.173+0000] {taskinstance.py:3280} INFO - 0 downstream tasks scheduled from follow-on schedule check
[2026-05-01T00:38:43.433+0000] {taskinstance.py:1956} INFO - Dependencies all met for dep_context=non-requeueable deps ti=<TaskInstance: fetch_market_data.check_market_open scheduled__2026-05-01T00:15:00+00:00 [queued]>
[2026-05-01T00:38:43.440+0000] {taskinstance.py:1956} INFO - Dependencies all met for dep_context=requeueable deps ti=<TaskInstance: fetch_market_data.check_market_open scheduled__2026-05-01T00:15:00+00:00 [queued]>
[2026-05-01T00:38:43.440+0000] {taskinstance.py:2170} INFO - Starting attempt 1 of 3
[2026-05-01T00:38:43.450+0000] {taskinstance.py:2191} INFO - Executing <Task(MarketOpenSensor): check_market_open> on 2026-05-01 00:15:00+00:00
[2026-05-01T00:38:43.456+0000] {standard_task_runner.py:60} INFO - Started process 645407 to run task
[2026-05-01T00:38:43.459+0000] {standard_task_runner.py:87} INFO - Running: ['airflow', 'tasks', 'run', 'fetch_market_data', 'check_market_open', 'scheduled__2026-05-01T00:15:00+00:00', '--job-id', '448', '--raw', '--subdir', 'DAGS_FOLDER/fetch_market_data.py', '--cfg-path', '/tmp/tmpra861n75']
[2026-05-01T00:38:43.461+0000] {standard_task_runner.py:88} INFO - Job 448: Subtask check_market_open
[2026-05-01T00:38:43.536+0000] {task_command.py:423} INFO - Running <TaskInstance: fetch_market_data.check_market_open scheduled__2026-05-01T00:15:00+00:00 [running]> on host reddit-pipeline-vm
[2026-05-01T00:38:43.646+0000] {taskinstance.py:2480} INFO - Exporting env vars: AIRFLOW_CTX_DAG_OWNER='pipeline' AIRFLOW_CTX_DAG_ID='fetch_market_data' AIRFLOW_CTX_TASK_ID='check_market_open' AIRFLOW_CTX_EXECUTION_DATE='2026-05-01T00:15:00+00:00' AIRFLOW_CTX_TRY_NUMBER='1' AIRFLOW_CTX_DAG_RUN_ID='scheduled__2026-05-01T00:15:00+00:00'
[2026-05-01T00:38:43.664+0000] {sensors.py:45} INFO - Market open check at 2026-04-30 20:38 ET: False
[2026-05-01T00:38:43.690+0000] {taskinstance.py:2658} INFO - Rescheduling task, marking task as UP_FOR_RESCHEDULE
[2026-05-01T00:38:43.712+0000] {local_task_job_runner.py:234} INFO - Task exited with return code 0
[2026-05-01T00:38:43.751+0000] {taskinstance.py:3280} INFO - 0 downstream tasks scheduled from follow-on schedule check
[2026-05-01T00:39:44.963+0000] {taskinstance.py:1956} INFO - Dependencies all met for dep_context=non-requeueable deps ti=<TaskInstance: fetch_market_data.check_market_open scheduled__2026-05-01T00:15:00+00:00 [queued]>
[2026-05-01T00:39:44.971+0000] {taskinstance.py:1956} INFO - Dependencies all met for dep_context=requeueable deps ti=<TaskInstance: fetch_market_data.check_market_open scheduled__2026-05-01T00:15:00+00:00 [queued]>
[2026-05-01T00:39:44.971+0000] {taskinstance.py:2170} INFO - Starting attempt 1 of 3
[2026-05-01T00:39:44.980+0000] {taskinstance.py:2191} INFO - Executing <Task(MarketOpenSensor): check_market_open> on 2026-05-01 00:15:00+00:00
[2026-05-01T00:39:44.987+0000] {standard_task_runner.py:60} INFO - Started process 645482 to run task
[2026-05-01T00:39:44.991+0000] {standard_task_runner.py:87} INFO - Running: ['airflow', 'tasks', 'run', 'fetch_market_data', 'check_market_open', 'scheduled__2026-05-01T00:15:00+00:00', '--job-id', '449', '--raw', '--subdir', 'DAGS_FOLDER/fetch_market_data.py', '--cfg-path', '/tmp/tmpjj32d_u4']
[2026-05-01T00:39:44.993+0000] {standard_task_runner.py:88} INFO - Job 449: Subtask check_market_open
[2026-05-01T00:39:45.069+0000] {task_command.py:423} INFO - Running <TaskInstance: fetch_market_data.check_market_open scheduled__2026-05-01T00:15:00+00:00 [running]> on host reddit-pipeline-vm
[2026-05-01T00:39:45.180+0000] {taskinstance.py:2480} INFO - Exporting env vars: AIRFLOW_CTX_DAG_OWNER='pipeline' AIRFLOW_CTX_DAG_ID='fetch_market_data' AIRFLOW_CTX_TASK_ID='check_market_open' AIRFLOW_CTX_EXECUTION_DATE='2026-05-01T00:15:00+00:00' AIRFLOW_CTX_TRY_NUMBER='1' AIRFLOW_CTX_DAG_RUN_ID='scheduled__2026-05-01T00:15:00+00:00'
[2026-05-01T00:39:45.198+0000] {sensors.py:45} INFO - Market open check at 2026-04-30 20:39 ET: False
[2026-05-01T00:39:45.225+0000] {taskinstance.py:2658} INFO - Rescheduling task, marking task as UP_FOR_RESCHEDULE
[2026-05-01T00:39:45.244+0000] {local_task_job_runner.py:234} INFO - Task exited with return code 0
[2026-05-01T00:39:45.283+0000] {taskinstance.py:3280} INFO - 0 downstream tasks scheduled from follow-on schedule check
[2026-05-01T00:40:46.007+0000] {taskinstance.py:1956} INFO - Dependencies all met for dep_context=non-requeueable deps ti=<TaskInstance: fetch_market_data.check_market_open scheduled__2026-05-01T00:15:00+00:00 [queued]>
[2026-05-01T00:40:46.014+0000] {taskinstance.py:1956} INFO - Dependencies all met for dep_context=requeueable deps ti=<TaskInstance: fetch_market_data.check_market_open scheduled__2026-05-01T00:15:00+00:00 [queued]>
[2026-05-01T00:40:46.014+0000] {taskinstance.py:2170} INFO - Starting attempt 1 of 3
[2026-05-01T00:40:46.024+0000] {taskinstance.py:2191} INFO - Executing <Task(MarketOpenSensor): check_market_open> on 2026-05-01 00:15:00+00:00
[2026-05-01T00:40:46.030+0000] {standard_task_runner.py:60} INFO - Started process 645552 to run task
[2026-05-01T00:40:46.034+0000] {standard_task_runner.py:87} INFO - Running: ['airflow', 'tasks', 'run', 'fetch_market_data', 'check_market_open', 'scheduled__2026-05-01T00:15:00+00:00', '--job-id', '450', '--raw', '--subdir', 'DAGS_FOLDER/fetch_market_data.py', '--cfg-path', '/tmp/tmpxhtgv49n']
[2026-05-01T00:40:46.036+0000] {standard_task_runner.py:88} INFO - Job 450: Subtask check_market_open
[2026-05-01T00:40:46.111+0000] {task_command.py:423} INFO - Running <TaskInstance: fetch_market_data.check_market_open scheduled__2026-05-01T00:15:00+00:00 [running]> on host reddit-pipeline-vm
[2026-05-01T00:40:46.218+0000] {taskinstance.py:2480} INFO - Exporting env vars: AIRFLOW_CTX_DAG_OWNER='pipeline' AIRFLOW_CTX_DAG_ID='fetch_market_data' AIRFLOW_CTX_TASK_ID='check_market_open' AIRFLOW_CTX_EXECUTION_DATE='2026-05-01T00:15:00+00:00' AIRFLOW_CTX_TRY_NUMBER='1' AIRFLOW_CTX_DAG_RUN_ID='scheduled__2026-05-01T00:15:00+00:00'
[2026-05-01T00:40:46.236+0000] {sensors.py:45} INFO - Market open check at 2026-04-30 20:40 ET: False
[2026-05-01T00:40:46.262+0000] {taskinstance.py:2658} INFO - Rescheduling task, marking task as UP_FOR_RESCHEDULE
[2026-05-01T00:40:46.286+0000] {local_task_job_runner.py:234} INFO - Task exited with return code 0
[2026-05-01T00:40:46.326+0000] {taskinstance.py:3280} INFO - 0 downstream tasks scheduled from follow-on schedule check
[2026-05-01T00:41:46.909+0000] {taskinstance.py:1956} INFO - Dependencies all met for dep_context=non-requeueable deps ti=<TaskInstance: fetch_market_data.check_market_open scheduled__2026-05-01T00:15:00+00:00 [queued]>
[2026-05-01T00:41:46.916+0000] {taskinstance.py:1956} INFO - Dependencies all met for dep_context=requeueable deps ti=<TaskInstance: fetch_market_data.check_market_open scheduled__2026-05-01T00:15:00+00:00 [queued]>
[2026-05-01T00:41:46.916+0000] {taskinstance.py:2170} INFO - Starting attempt 1 of 3
[2026-05-01T00:41:46.926+0000] {taskinstance.py:2191} INFO - Executing <Task(MarketOpenSensor): check_market_open> on 2026-05-01 00:15:00+00:00
[2026-05-01T00:41:46.932+0000] {standard_task_runner.py:60} INFO - Started process 645627 to run task
[2026-05-01T00:41:46.935+0000] {standard_task_runner.py:87} INFO - Running: ['airflow', 'tasks', 'run', 'fetch_market_data', 'check_market_open', 'scheduled__2026-05-01T00:15:00+00:00', '--job-id', '451', '--raw', '--subdir', 'DAGS_FOLDER/fetch_market_data.py', '--cfg-path', '/tmp/tmpvdct6xba']
[2026-05-01T00:41:46.937+0000] {standard_task_runner.py:88} INFO - Job 451: Subtask check_market_open
[2026-05-01T00:41:47.011+0000] {task_command.py:423} INFO - Running <TaskInstance: fetch_market_data.check_market_open scheduled__2026-05-01T00:15:00+00:00 [running]> on host reddit-pipeline-vm
[2026-05-01T00:41:47.119+0000] {taskinstance.py:2480} INFO - Exporting env vars: AIRFLOW_CTX_DAG_OWNER='pipeline' AIRFLOW_CTX_DAG_ID='fetch_market_data' AIRFLOW_CTX_TASK_ID='check_market_open' AIRFLOW_CTX_EXECUTION_DATE='2026-05-01T00:15:00+00:00' AIRFLOW_CTX_TRY_NUMBER='1' AIRFLOW_CTX_DAG_RUN_ID='scheduled__2026-05-01T00:15:00+00:00'
[2026-05-01T00:41:47.137+0000] {sensors.py:45} INFO - Market open check at 2026-04-30 20:41 ET: False
[2026-05-01T00:41:47.164+0000] {taskinstance.py:2658} INFO - Rescheduling task, marking task as UP_FOR_RESCHEDULE
[2026-05-01T00:41:47.188+0000] {local_task_job_runner.py:234} INFO - Task exited with return code 0
[2026-05-01T00:41:47.227+0000] {taskinstance.py:3280} INFO - 0 downstream tasks scheduled from follow-on schedule check
[2026-05-01T00:42:48.510+0000] {taskinstance.py:1956} INFO - Dependencies all met for dep_context=non-requeueable deps ti=<TaskInstance: fetch_market_data.check_market_open scheduled__2026-05-01T00:15:00+00:00 [queued]>
[2026-05-01T00:42:48.517+0000] {taskinstance.py:1956} INFO - Dependencies all met for dep_context=requeueable deps ti=<TaskInstance: fetch_market_data.check_market_open scheduled__2026-05-01T00:15:00+00:00 [queued]>
[2026-05-01T00:42:48.518+0000] {taskinstance.py:2170} INFO - Starting attempt 1 of 3
[2026-05-01T00:42:48.527+0000] {taskinstance.py:2191} INFO - Executing <Task(MarketOpenSensor): check_market_open> on 2026-05-01 00:15:00+00:00
[2026-05-01T00:42:48.534+0000] {standard_task_runner.py:60} INFO - Started process 645703 to run task
[2026-05-01T00:42:48.537+0000] {standard_task_runner.py:87} INFO - Running: ['airflow', 'tasks', 'run', 'fetch_market_data', 'check_market_open', 'scheduled__2026-05-01T00:15:00+00:00', '--job-id', '452', '--raw', '--subdir', 'DAGS_FOLDER/fetch_market_data.py', '--cfg-path', '/tmp/tmpmgjfnxet']
[2026-05-01T00:42:48.539+0000] {standard_task_runner.py:88} INFO - Job 452: Subtask check_market_open
[2026-05-01T00:42:48.615+0000] {task_command.py:423} INFO - Running <TaskInstance: fetch_market_data.check_market_open scheduled__2026-05-01T00:15:00+00:00 [running]> on host reddit-pipeline-vm
[2026-05-01T00:42:48.726+0000] {taskinstance.py:2480} INFO - Exporting env vars: AIRFLOW_CTX_DAG_OWNER='pipeline' AIRFLOW_CTX_DAG_ID='fetch_market_data' AIRFLOW_CTX_TASK_ID='check_market_open' AIRFLOW_CTX_EXECUTION_DATE='2026-05-01T00:15:00+00:00' AIRFLOW_CTX_TRY_NUMBER='1' AIRFLOW_CTX_DAG_RUN_ID='scheduled__2026-05-01T00:15:00+00:00'
[2026-05-01T00:42:48.744+0000] {sensors.py:45} INFO - Market open check at 2026-04-30 20:42 ET: False
[2026-05-01T00:42:48.770+0000] {taskinstance.py:2658} INFO - Rescheduling task, marking task as UP_FOR_RESCHEDULE
[2026-05-01T00:42:48.790+0000] {local_task_job_runner.py:234} INFO - Task exited with return code 0
[2026-05-01T00:42:48.830+0000] {taskinstance.py:3280} INFO - 0 downstream tasks scheduled from follow-on schedule check
[2026-05-01T00:43:50.078+0000] {taskinstance.py:1956} INFO - Dependencies all met for dep_context=non-requeueable deps ti=<TaskInstance: fetch_market_data.check_market_open scheduled__2026-05-01T00:15:00+00:00 [queued]>
[2026-05-01T00:43:50.086+0000] {taskinstance.py:1956} INFO - Dependencies all met for dep_context=requeueable deps ti=<TaskInstance: fetch_market_data.check_market_open scheduled__2026-05-01T00:15:00+00:00 [queued]>
[2026-05-01T00:43:50.086+0000] {taskinstance.py:2170} INFO - Starting attempt 1 of 3
[2026-05-01T00:43:50.096+0000] {taskinstance.py:2191} INFO - Executing <Task(MarketOpenSensor): check_market_open> on 2026-05-01 00:15:00+00:00
[2026-05-01T00:43:50.105+0000] {standard_task_runner.py:60} INFO - Started process 645769 to run task
[2026-05-01T00:43:50.108+0000] {standard_task_runner.py:87} INFO - Running: ['airflow', 'tasks', 'run', 'fetch_market_data', 'check_market_open', 'scheduled__2026-05-01T00:15:00+00:00', '--job-id', '453', '--raw', '--subdir', 'DAGS_FOLDER/fetch_market_data.py', '--cfg-path', '/tmp/tmp8b1lbtb_']
[2026-05-01T00:43:50.110+0000] {standard_task_runner.py:88} INFO - Job 453: Subtask check_market_open
[2026-05-01T00:43:50.184+0000] {task_command.py:423} INFO - Running <TaskInstance: fetch_market_data.check_market_open scheduled__2026-05-01T00:15:00+00:00 [running]> on host reddit-pipeline-vm
[2026-05-01T00:43:50.292+0000] {taskinstance.py:2480} INFO - Exporting env vars: AIRFLOW_CTX_DAG_OWNER='pipeline' AIRFLOW_CTX_DAG_ID='fetch_market_data' AIRFLOW_CTX_TASK_ID='check_market_open' AIRFLOW_CTX_EXECUTION_DATE='2026-05-01T00:15:00+00:00' AIRFLOW_CTX_TRY_NUMBER='1' AIRFLOW_CTX_DAG_RUN_ID='scheduled__2026-05-01T00:15:00+00:00'
[2026-05-01T00:43:50.310+0000] {sensors.py:45} INFO - Market open check at 2026-04-30 20:43 ET: False
[2026-05-01T00:43:50.336+0000] {taskinstance.py:2658} INFO - Rescheduling task, marking task as UP_FOR_RESCHEDULE
[2026-05-01T00:43:50.360+0000] {local_task_job_runner.py:234} INFO - Task exited with return code 0
[2026-05-01T00:43:50.400+0000] {taskinstance.py:3280} INFO - 0 downstream tasks scheduled from follow-on schedule check
[2026-05-01T00:44:51.721+0000] {taskinstance.py:1956} INFO - Dependencies all met for dep_context=non-requeueable deps ti=<TaskInstance: fetch_market_data.check_market_open scheduled__2026-05-01T00:15:00+00:00 [queued]>
[2026-05-01T00:44:51.729+0000] {taskinstance.py:1956} INFO - Dependencies all met for dep_context=requeueable deps ti=<TaskInstance: fetch_market_data.check_market_open scheduled__2026-05-01T00:15:00+00:00 [queued]>
[2026-05-01T00:44:51.729+0000] {taskinstance.py:2170} INFO - Starting attempt 1 of 3
[2026-05-01T00:44:51.738+0000] {taskinstance.py:2191} INFO - Executing <Task(MarketOpenSensor): check_market_open> on 2026-05-01 00:15:00+00:00
[2026-05-01T00:44:51.745+0000] {standard_task_runner.py:60} INFO - Started process 645838 to run task
[2026-05-01T00:44:51.748+0000] {standard_task_runner.py:87} INFO - Running: ['airflow', 'tasks', 'run', 'fetch_market_data', 'check_market_open', 'scheduled__2026-05-01T00:15:00+00:00', '--job-id', '454', '--raw', '--subdir', 'DAGS_FOLDER/fetch_market_data.py', '--cfg-path', '/tmp/tmp1wklpj1o']
[2026-05-01T00:44:51.750+0000] {standard_task_runner.py:88} INFO - Job 454: Subtask check_market_open
[2026-05-01T00:44:51.825+0000] {task_command.py:423} INFO - Running <TaskInstance: fetch_market_data.check_market_open scheduled__2026-05-01T00:15:00+00:00 [running]> on host reddit-pipeline-vm
[2026-05-01T00:44:51.932+0000] {taskinstance.py:2480} INFO - Exporting env vars: AIRFLOW_CTX_DAG_OWNER='pipeline' AIRFLOW_CTX_DAG_ID='fetch_market_data' AIRFLOW_CTX_TASK_ID='check_market_open' AIRFLOW_CTX_EXECUTION_DATE='2026-05-01T00:15:00+00:00' AIRFLOW_CTX_TRY_NUMBER='1' AIRFLOW_CTX_DAG_RUN_ID='scheduled__2026-05-01T00:15:00+00:00'
[2026-05-01T00:44:51.950+0000] {sensors.py:45} INFO - Market open check at 2026-04-30 20:44 ET: False
[2026-05-01T00:44:51.976+0000] {taskinstance.py:2658} INFO - Rescheduling task, marking task as UP_FOR_RESCHEDULE
[2026-05-01T00:44:52.000+0000] {local_task_job_runner.py:234} INFO - Task exited with return code 0
[2026-05-01T00:44:52.040+0000] {taskinstance.py:3280} INFO - 0 downstream tasks scheduled from follow-on schedule check
[2026-05-01T00:45:53.299+0000] {taskinstance.py:1956} INFO - Dependencies all met for dep_context=non-requeueable deps ti=<TaskInstance: fetch_market_data.check_market_open scheduled__2026-05-01T00:15:00+00:00 [queued]>
[2026-05-01T00:45:53.306+0000] {taskinstance.py:1956} INFO - Dependencies all met for dep_context=requeueable deps ti=<TaskInstance: fetch_market_data.check_market_open scheduled__2026-05-01T00:15:00+00:00 [queued]>
[2026-05-01T00:45:53.307+0000] {taskinstance.py:2170} INFO - Starting attempt 1 of 3
[2026-05-01T00:45:53.316+0000] {taskinstance.py:2191} INFO - Executing <Task(MarketOpenSensor): check_market_open> on 2026-05-01 00:15:00+00:00
[2026-05-01T00:45:53.323+0000] {standard_task_runner.py:60} INFO - Started process 645906 to run task
[2026-05-01T00:45:53.326+0000] {standard_task_runner.py:87} INFO - Running: ['airflow', 'tasks', 'run', 'fetch_market_data', 'check_market_open', 'scheduled__2026-05-01T00:15:00+00:00', '--job-id', '455', '--raw', '--subdir', 'DAGS_FOLDER/fetch_market_data.py', '--cfg-path', '/tmp/tmpzrq4oaip']
[2026-05-01T00:45:53.328+0000] {standard_task_runner.py:88} INFO - Job 455: Subtask check_market_open
[2026-05-01T00:45:53.402+0000] {task_command.py:423} INFO - Running <TaskInstance: fetch_market_data.check_market_open scheduled__2026-05-01T00:15:00+00:00 [running]> on host reddit-pipeline-vm
[2026-05-01T00:45:53.510+0000] {taskinstance.py:2480} INFO - Exporting env vars: AIRFLOW_CTX_DAG_OWNER='pipeline' AIRFLOW_CTX_DAG_ID='fetch_market_data' AIRFLOW_CTX_TASK_ID='check_market_open' AIRFLOW_CTX_EXECUTION_DATE='2026-05-01T00:15:00+00:00' AIRFLOW_CTX_TRY_NUMBER='1' AIRFLOW_CTX_DAG_RUN_ID='scheduled__2026-05-01T00:15:00+00:00'
[2026-05-01T00:45:53.527+0000] {sensors.py:45} INFO - Market open check at 2026-04-30 20:45 ET: False
[2026-05-01T00:45:53.554+0000] {taskinstance.py:2658} INFO - Rescheduling task, marking task as UP_FOR_RESCHEDULE
[2026-05-01T00:45:53.579+0000] {local_task_job_runner.py:234} INFO - Task exited with return code 0
[2026-05-01T00:45:53.620+0000] {taskinstance.py:3280} INFO - 0 downstream tasks scheduled from follow-on schedule check
[2026-05-01T00:46:54.344+0000] {taskinstance.py:1956} INFO - Dependencies all met for dep_context=non-requeueable deps ti=<TaskInstance: fetch_market_data.check_market_open scheduled__2026-05-01T00:15:00+00:00 [queued]>
[2026-05-01T00:46:54.352+0000] {taskinstance.py:1956} INFO - Dependencies all met for dep_context=requeueable deps ti=<TaskInstance: fetch_market_data.check_market_open scheduled__2026-05-01T00:15:00+00:00 [queued]>
[2026-05-01T00:46:54.352+0000] {taskinstance.py:2170} INFO - Starting attempt 1 of 3
[2026-05-01T00:46:54.362+0000] {taskinstance.py:2191} INFO - Executing <Task(MarketOpenSensor): check_market_open> on 2026-05-01 00:15:00+00:00
[2026-05-01T00:46:54.368+0000] {standard_task_runner.py:60} INFO - Started process 645976 to run task
[2026-05-01T00:46:54.372+0000] {standard_task_runner.py:87} INFO - Running: ['airflow', 'tasks', 'run', 'fetch_market_data', 'check_market_open', 'scheduled__2026-05-01T00:15:00+00:00', '--job-id', '456', '--raw', '--subdir', 'DAGS_FOLDER/fetch_market_data.py', '--cfg-path', '/tmp/tmpbb2ddnu1']
[2026-05-01T00:46:54.374+0000] {standard_task_runner.py:88} INFO - Job 456: Subtask check_market_open
[2026-05-01T00:46:54.449+0000] {task_command.py:423} INFO - Running <TaskInstance: fetch_market_data.check_market_open scheduled__2026-05-01T00:15:00+00:00 [running]> on host reddit-pipeline-vm
[2026-05-01T00:46:54.557+0000] {taskinstance.py:2480} INFO - Exporting env vars: AIRFLOW_CTX_DAG_OWNER='pipeline' AIRFLOW_CTX_DAG_ID='fetch_market_data' AIRFLOW_CTX_TASK_ID='check_market_open' AIRFLOW_CTX_EXECUTION_DATE='2026-05-01T00:15:00+00:00' AIRFLOW_CTX_TRY_NUMBER='1' AIRFLOW_CTX_DAG_RUN_ID='scheduled__2026-05-01T00:15:00+00:00'
[2026-05-01T00:46:54.575+0000] {sensors.py:45} INFO - Market open check at 2026-04-30 20:46 ET: False
[2026-05-01T00:46:54.602+0000] {taskinstance.py:2658} INFO - Rescheduling task, marking task as UP_FOR_RESCHEDULE
[2026-05-01T00:46:54.625+0000] {local_task_job_runner.py:234} INFO - Task exited with return code 0
[2026-05-01T00:46:54.666+0000] {taskinstance.py:3280} INFO - 0 downstream tasks scheduled from follow-on schedule check
[2026-05-01T00:47:55.302+0000] {taskinstance.py:1956} INFO - Dependencies all met for dep_context=non-requeueable deps ti=<TaskInstance: fetch_market_data.check_market_open scheduled__2026-05-01T00:15:00+00:00 [queued]>
[2026-05-01T00:47:55.309+0000] {taskinstance.py:1956} INFO - Dependencies all met for dep_context=requeueable deps ti=<TaskInstance: fetch_market_data.check_market_open scheduled__2026-05-01T00:15:00+00:00 [queued]>
[2026-05-01T00:47:55.309+0000] {taskinstance.py:2170} INFO - Starting attempt 1 of 3
[2026-05-01T00:47:55.319+0000] {taskinstance.py:2191} INFO - Executing <Task(MarketOpenSensor): check_market_open> on 2026-05-01 00:15:00+00:00
[2026-05-01T00:47:55.326+0000] {standard_task_runner.py:60} INFO - Started process 646044 to run task
[2026-05-01T00:47:55.329+0000] {standard_task_runner.py:87} INFO - Running: ['airflow', 'tasks', 'run', 'fetch_market_data', 'check_market_open', 'scheduled__2026-05-01T00:15:00+00:00', '--job-id', '457', '--raw', '--subdir', 'DAGS_FOLDER/fetch_market_data.py', '--cfg-path', '/tmp/tmprqs8vimf']
[2026-05-01T00:47:55.331+0000] {standard_task_runner.py:88} INFO - Job 457: Subtask check_market_open
[2026-05-01T00:47:55.407+0000] {task_command.py:423} INFO - Running <TaskInstance: fetch_market_data.check_market_open scheduled__2026-05-01T00:15:00+00:00 [running]> on host reddit-pipeline-vm
[2026-05-01T00:47:55.515+0000] {taskinstance.py:2480} INFO - Exporting env vars: AIRFLOW_CTX_DAG_OWNER='pipeline' AIRFLOW_CTX_DAG_ID='fetch_market_data' AIRFLOW_CTX_TASK_ID='check_market_open' AIRFLOW_CTX_EXECUTION_DATE='2026-05-01T00:15:00+00:00' AIRFLOW_CTX_TRY_NUMBER='1' AIRFLOW_CTX_DAG_RUN_ID='scheduled__2026-05-01T00:15:00+00:00'
[2026-05-01T00:47:55.534+0000] {sensors.py:45} INFO - Market open check at 2026-04-30 20:47 ET: False
[2026-05-01T00:47:55.559+0000] {taskinstance.py:2658} INFO - Rescheduling task, marking task as UP_FOR_RESCHEDULE
[2026-05-01T00:47:55.582+0000] {local_task_job_runner.py:234} INFO - Task exited with return code 0
[2026-05-01T00:47:55.622+0000] {taskinstance.py:3280} INFO - 0 downstream tasks scheduled from follow-on schedule check
[2026-05-01T00:48:56.876+0000] {taskinstance.py:1956} INFO - Dependencies all met for dep_context=non-requeueable deps ti=<TaskInstance: fetch_market_data.check_market_open scheduled__2026-05-01T00:15:00+00:00 [queued]>
[2026-05-01T00:48:56.884+0000] {taskinstance.py:1956} INFO - Dependencies all met for dep_context=requeueable deps ti=<TaskInstance: fetch_market_data.check_market_open scheduled__2026-05-01T00:15:00+00:00 [queued]>
[2026-05-01T00:48:56.884+0000] {taskinstance.py:2170} INFO - Starting attempt 1 of 3
[2026-05-01T00:48:56.894+0000] {taskinstance.py:2191} INFO - Executing <Task(MarketOpenSensor): check_market_open> on 2026-05-01 00:15:00+00:00
[2026-05-01T00:48:56.900+0000] {standard_task_runner.py:60} INFO - Started process 646117 to run task
[2026-05-01T00:48:56.903+0000] {standard_task_runner.py:87} INFO - Running: ['airflow', 'tasks', 'run', 'fetch_market_data', 'check_market_open', 'scheduled__2026-05-01T00:15:00+00:00', '--job-id', '458', '--raw', '--subdir', 'DAGS_FOLDER/fetch_market_data.py', '--cfg-path', '/tmp/tmpco5nh__9']
[2026-05-01T00:48:56.905+0000] {standard_task_runner.py:88} INFO - Job 458: Subtask check_market_open
[2026-05-01T00:48:56.980+0000] {task_command.py:423} INFO - Running <TaskInstance: fetch_market_data.check_market_open scheduled__2026-05-01T00:15:00+00:00 [running]> on host reddit-pipeline-vm
[2026-05-01T00:48:57.089+0000] {taskinstance.py:2480} INFO - Exporting env vars: AIRFLOW_CTX_DAG_OWNER='pipeline' AIRFLOW_CTX_DAG_ID='fetch_market_data' AIRFLOW_CTX_TASK_ID='check_market_open' AIRFLOW_CTX_EXECUTION_DATE='2026-05-01T00:15:00+00:00' AIRFLOW_CTX_TRY_NUMBER='1' AIRFLOW_CTX_DAG_RUN_ID='scheduled__2026-05-01T00:15:00+00:00'
[2026-05-01T00:48:57.107+0000] {sensors.py:45} INFO - Market open check at 2026-04-30 20:48 ET: False
[2026-05-01T00:48:57.133+0000] {taskinstance.py:2658} INFO - Rescheduling task, marking task as UP_FOR_RESCHEDULE
[2026-05-01T00:48:57.156+0000] {local_task_job_runner.py:234} INFO - Task exited with return code 0
[2026-05-01T00:48:57.195+0000] {taskinstance.py:3280} INFO - 0 downstream tasks scheduled from follow-on schedule check
[2026-05-01T00:49:58.298+0000] {taskinstance.py:1956} INFO - Dependencies all met for dep_context=non-requeueable deps ti=<TaskInstance: fetch_market_data.check_market_open scheduled__2026-05-01T00:15:00+00:00 [queued]>
[2026-05-01T00:49:58.306+0000] {taskinstance.py:1956} INFO - Dependencies all met for dep_context=requeueable deps ti=<TaskInstance: fetch_market_data.check_market_open scheduled__2026-05-01T00:15:00+00:00 [queued]>
[2026-05-01T00:49:58.306+0000] {taskinstance.py:2170} INFO - Starting attempt 1 of 3
[2026-05-01T00:49:58.316+0000] {taskinstance.py:2191} INFO - Executing <Task(MarketOpenSensor): check_market_open> on 2026-05-01 00:15:00+00:00
[2026-05-01T00:49:58.322+0000] {standard_task_runner.py:60} INFO - Started process 646195 to run task
[2026-05-01T00:49:58.326+0000] {standard_task_runner.py:87} INFO - Running: ['airflow', 'tasks', 'run', 'fetch_market_data', 'check_market_open', 'scheduled__2026-05-01T00:15:00+00:00', '--job-id', '459', '--raw', '--subdir', 'DAGS_FOLDER/fetch_market_data.py', '--cfg-path', '/tmp/tmpqfmvyer7']
[2026-05-01T00:49:58.328+0000] {standard_task_runner.py:88} INFO - Job 459: Subtask check_market_open
[2026-05-01T00:49:58.402+0000] {task_command.py:423} INFO - Running <TaskInstance: fetch_market_data.check_market_open scheduled__2026-05-01T00:15:00+00:00 [running]> on host reddit-pipeline-vm
[2026-05-01T00:49:58.509+0000] {taskinstance.py:2480} INFO - Exporting env vars: AIRFLOW_CTX_DAG_OWNER='pipeline' AIRFLOW_CTX_DAG_ID='fetch_market_data' AIRFLOW_CTX_TASK_ID='check_market_open' AIRFLOW_CTX_EXECUTION_DATE='2026-05-01T00:15:00+00:00' AIRFLOW_CTX_TRY_NUMBER='1' AIRFLOW_CTX_DAG_RUN_ID='scheduled__2026-05-01T00:15:00+00:00'
[2026-05-01T00:49:58.527+0000] {sensors.py:45} INFO - Market open check at 2026-04-30 20:49 ET: False
[2026-05-01T00:49:58.552+0000] {taskinstance.py:2658} INFO - Rescheduling task, marking task as UP_FOR_RESCHEDULE
[2026-05-01T00:49:58.579+0000] {local_task_job_runner.py:234} INFO - Task exited with return code 0
[2026-05-01T00:49:58.619+0000] {taskinstance.py:3280} INFO - 0 downstream tasks scheduled from follow-on schedule check
[2026-05-01T00:50:59.600+0000] {taskinstance.py:1956} INFO - Dependencies all met for dep_context=non-requeueable deps ti=<TaskInstance: fetch_market_data.check_market_open scheduled__2026-05-01T00:15:00+00:00 [queued]>
[2026-05-01T00:50:59.608+0000] {taskinstance.py:1956} INFO - Dependencies all met for dep_context=requeueable deps ti=<TaskInstance: fetch_market_data.check_market_open scheduled__2026-05-01T00:15:00+00:00 [queued]>
[2026-05-01T00:50:59.608+0000] {taskinstance.py:2170} INFO - Starting attempt 1 of 3
[2026-05-01T00:50:59.618+0000] {taskinstance.py:2191} INFO - Executing <Task(MarketOpenSensor): check_market_open> on 2026-05-01 00:15:00+00:00
[2026-05-01T00:50:59.624+0000] {standard_task_runner.py:60} INFO - Started process 646266 to run task
[2026-05-01T00:50:59.628+0000] {standard_task_runner.py:87} INFO - Running: ['airflow', 'tasks', 'run', 'fetch_market_data', 'check_market_open', 'scheduled__2026-05-01T00:15:00+00:00', '--job-id', '460', '--raw', '--subdir', 'DAGS_FOLDER/fetch_market_data.py', '--cfg-path', '/tmp/tmpagdkkv8v']
[2026-05-01T00:50:59.630+0000] {standard_task_runner.py:88} INFO - Job 460: Subtask check_market_open
[2026-05-01T00:50:59.705+0000] {task_command.py:423} INFO - Running <TaskInstance: fetch_market_data.check_market_open scheduled__2026-05-01T00:15:00+00:00 [running]> on host reddit-pipeline-vm
[2026-05-01T00:50:59.813+0000] {taskinstance.py:2480} INFO - Exporting env vars: AIRFLOW_CTX_DAG_OWNER='pipeline' AIRFLOW_CTX_DAG_ID='fetch_market_data' AIRFLOW_CTX_TASK_ID='check_market_open' AIRFLOW_CTX_EXECUTION_DATE='2026-05-01T00:15:00+00:00' AIRFLOW_CTX_TRY_NUMBER='1' AIRFLOW_CTX_DAG_RUN_ID='scheduled__2026-05-01T00:15:00+00:00'
[2026-05-01T00:50:59.831+0000] {sensors.py:45} INFO - Market open check at 2026-04-30 20:50 ET: False
[2026-05-01T00:50:59.856+0000] {taskinstance.py:2658} INFO - Rescheduling task, marking task as UP_FOR_RESCHEDULE
[2026-05-01T00:50:59.882+0000] {local_task_job_runner.py:234} INFO - Task exited with return code 0
[2026-05-01T00:50:59.922+0000] {taskinstance.py:3280} INFO - 0 downstream tasks scheduled from follow-on schedule check
[2026-05-01T00:52:00.661+0000] {taskinstance.py:1956} INFO - Dependencies all met for dep_context=non-requeueable deps ti=<TaskInstance: fetch_market_data.check_market_open scheduled__2026-05-01T00:15:00+00:00 [queued]>
[2026-05-01T00:52:00.669+0000] {taskinstance.py:1956} INFO - Dependencies all met for dep_context=requeueable deps ti=<TaskInstance: fetch_market_data.check_market_open scheduled__2026-05-01T00:15:00+00:00 [queued]>
[2026-05-01T00:52:00.669+0000] {taskinstance.py:2170} INFO - Starting attempt 1 of 3
[2026-05-01T00:52:00.679+0000] {taskinstance.py:2191} INFO - Executing <Task(MarketOpenSensor): check_market_open> on 2026-05-01 00:15:00+00:00
[2026-05-01T00:52:00.685+0000] {standard_task_runner.py:60} INFO - Started process 646332 to run task
[2026-05-01T00:52:00.689+0000] {standard_task_runner.py:87} INFO - Running: ['airflow', 'tasks', 'run', 'fetch_market_data', 'check_market_open', 'scheduled__2026-05-01T00:15:00+00:00', '--job-id', '461', '--raw', '--subdir', 'DAGS_FOLDER/fetch_market_data.py', '--cfg-path', '/tmp/tmpkrgrysez']
[2026-05-01T00:52:00.691+0000] {standard_task_runner.py:88} INFO - Job 461: Subtask check_market_open
[2026-05-01T00:52:00.766+0000] {task_command.py:423} INFO - Running <TaskInstance: fetch_market_data.check_market_open scheduled__2026-05-01T00:15:00+00:00 [running]> on host reddit-pipeline-vm
[2026-05-01T00:52:00.874+0000] {taskinstance.py:2480} INFO - Exporting env vars: AIRFLOW_CTX_DAG_OWNER='pipeline' AIRFLOW_CTX_DAG_ID='fetch_market_data' AIRFLOW_CTX_TASK_ID='check_market_open' AIRFLOW_CTX_EXECUTION_DATE='2026-05-01T00:15:00+00:00' AIRFLOW_CTX_TRY_NUMBER='1' AIRFLOW_CTX_DAG_RUN_ID='scheduled__2026-05-01T00:15:00+00:00'
[2026-05-01T00:52:00.892+0000] {sensors.py:45} INFO - Market open check at 2026-04-30 20:52 ET: False
[2026-05-01T00:52:00.892+0000] {taskinstance.py:2698} ERROR - Task failed with exception
Traceback (most recent call last):
  File "/home/ubuntu/github_repo/Stock-Market-Intelligence-Pipeline/venv/lib/python3.11/site-packages/airflow/models/taskinstance.py", line 433, in _execute_task
    result = execute_callable(context=context, **execute_callable_kwargs)
             ^^^^^^^^^^^^^^^^^^^^^^^^^^^^^^^^^^^^^^^^^^^^^^^^^^^^^^^^^^^^
  File "/home/ubuntu/github_repo/Stock-Market-Intelligence-Pipeline/venv/lib/python3.11/site-packages/airflow/sensors/base.py", line 282, in execute
    raise AirflowSensorTimeout(message)
airflow.exceptions.AirflowSensorTimeout: Sensor has timed out; run duration of 920.605515 seconds exceeds the specified timeout of 900.0.
[2026-05-01T00:52:00.909+0000] {taskinstance.py:1138} INFO - Immediate failure requested. Marking task as FAILED. dag_id=fetch_market_data, task_id=check_market_open, execution_date=20260501T001500, start_date=20260501T005200, end_date=20260501T005200
[2026-05-01T00:52:00.918+0000] {standard_task_runner.py:107} ERROR - Failed to execute job 461 for task check_market_open (Sensor has timed out; run duration of 920.605515 seconds exceeds the specified timeout of 900.0.; 646332)
[2026-05-01T00:52:00.943+0000] {local_task_job_runner.py:234} INFO - Task exited with return code 1
[2026-05-01T00:52:00.992+0000] {taskinstance.py:3280} INFO - 0 downstream tasks scheduled from follow-on schedule check
