[2026-05-08T13:32:36.671+0000] {taskinstance.py:1956} INFO - Dependencies all met for dep_context=non-requeueable deps ti=<TaskInstance: run_dbt_models.dbt_run manual__2026-05-08T13:32:36.211061+00:00 [queued]>
[2026-05-08T13:32:36.680+0000] {taskinstance.py:1956} INFO - Dependencies all met for dep_context=requeueable deps ti=<TaskInstance: run_dbt_models.dbt_run manual__2026-05-08T13:32:36.211061+00:00 [queued]>
[2026-05-08T13:32:36.680+0000] {taskinstance.py:2170} INFO - Starting attempt 1 of 2
[2026-05-08T13:32:36.693+0000] {taskinstance.py:2191} INFO - Executing <Task(BashOperator): dbt_run> on 2026-05-08 13:32:36.211061+00:00
[2026-05-08T13:32:36.698+0000] {standard_task_runner.py:60} INFO - Started process 1220109 to run task
[2026-05-08T13:32:36.701+0000] {standard_task_runner.py:87} INFO - Running: ['airflow', 'tasks', 'run', 'run_dbt_models', 'dbt_run', 'manual__2026-05-08T13:32:36.211061+00:00', '--job-id', '1678', '--raw', '--subdir', 'DAGS_FOLDER/run_dbt_models.py', '--cfg-path', '/tmp/tmpnlsaueyd']
[2026-05-08T13:32:36.703+0000] {standard_task_runner.py:88} INFO - Job 1678: Subtask dbt_run
[2026-05-08T13:32:36.772+0000] {task_command.py:423} INFO - Running <TaskInstance: run_dbt_models.dbt_run manual__2026-05-08T13:32:36.211061+00:00 [running]> on host reddit-pipeline-vm
[2026-05-08T13:32:36.883+0000] {taskinstance.py:2480} INFO - Exporting env vars: AIRFLOW_CTX_DAG_OWNER='pipeline' AIRFLOW_CTX_DAG_ID='run_dbt_models' AIRFLOW_CTX_TASK_ID='dbt_run' AIRFLOW_CTX_EXECUTION_DATE='2026-05-08T13:32:36.211061+00:00' AIRFLOW_CTX_TRY_NUMBER='1' AIRFLOW_CTX_DAG_RUN_ID='manual__2026-05-08T13:32:36.211061+00:00'
[2026-05-08T13:32:36.884+0000] {subprocess.py:63} INFO - Tmp dir root location: /tmp
[2026-05-08T13:32:36.885+0000] {subprocess.py:75} INFO - Running command: ['/usr/bin/bash', '-c', 'cd /home/ubuntu/github_repo/Stock-Market-Intelligence-Pipeline/dbt_project && /home/ubuntu/github_repo/Stock-Market-Intelligence-Pipeline/venv/bin/dbt run --profiles-dir /home/ubuntu/github_repo/Stock-Market-Intelligence-Pipeline/dbt_project']
[2026-05-08T13:32:36.895+0000] {subprocess.py:86} INFO - Output:
[2026-05-08T13:32:38.816+0000] {subprocess.py:93} INFO - [0m13:32:38  Running with dbt=1.7.0
[2026-05-08T13:32:39.069+0000] {subprocess.py:93} INFO - [0m13:32:39  Registered adapter: postgres=1.7.0
[2026-05-08T13:32:39.123+0000] {subprocess.py:93} INFO - [0m13:32:39  Found 5 models, 8 tests, 0 sources, 0 exposures, 0 metrics, 401 macros, 0 groups, 0 semantic models
[2026-05-08T13:32:39.126+0000] {subprocess.py:93} INFO - [0m13:32:39
[2026-05-08T13:32:39.253+0000] {subprocess.py:93} INFO - [0m13:32:39  Concurrency: 2 threads (target='dev')
[2026-05-08T13:32:39.255+0000] {subprocess.py:93} INFO - [0m13:32:39
[2026-05-08T13:32:39.257+0000] {subprocess.py:93} INFO - [0m13:32:39  1 of 5 START sql view model public_staging.stg_prices .......................... [RUN]
[2026-05-08T13:32:39.373+0000] {subprocess.py:93} INFO - [0m13:32:39  1 of 5 OK created sql view model public_staging.stg_prices ..................... [[32mCREATE VIEW[0m in 0.11s]
[2026-05-08T13:32:39.375+0000] {subprocess.py:93} INFO - [0m13:32:39  2 of 5 START sql view model public_staging.int_price_with_returns .............. [RUN]
[2026-05-08T13:32:39.429+0000] {subprocess.py:93} INFO - [0m13:32:39  2 of 5 OK created sql view model public_staging.int_price_with_returns ......... [[32mCREATE VIEW[0m in 0.05s]
[2026-05-08T13:32:39.430+0000] {subprocess.py:93} INFO - [0m13:32:39  3 of 5 START sql table model public.fact_prices ................................ [RUN]
[2026-05-08T13:32:39.533+0000] {subprocess.py:93} INFO - [0m13:32:39  3 of 5 OK created sql table model public.fact_prices ........................... [[32mSELECT 3808[0m in 0.10s]
[2026-05-08T13:32:39.534+0000] {subprocess.py:93} INFO - [0m13:32:39  4 of 5 START sql table model public.fact_indicators ............................ [RUN]
[2026-05-08T13:32:39.745+0000] {subprocess.py:93} INFO - [0m13:32:39  4 of 5 OK created sql table model public.fact_indicators ....................... [[32mSELECT 3808[0m in 0.21s]
[2026-05-08T13:32:39.747+0000] {subprocess.py:93} INFO - [0m13:32:39  5 of 5 START sql table model public.fact_alerts ................................ [RUN]
[2026-05-08T13:32:39.831+0000] {subprocess.py:93} INFO - [0m13:32:39  5 of 5 OK created sql table model public.fact_alerts ........................... [[32mSELECT 2177[0m in 0.08s]
[2026-05-08T13:32:39.849+0000] {subprocess.py:93} INFO - [0m13:32:39
[2026-05-08T13:32:39.849+0000] {subprocess.py:93} INFO - [0m13:32:39  Finished running 2 view models, 3 table models in 0 hours 0 minutes and 0.72 seconds (0.72s).
[2026-05-08T13:32:39.860+0000] {subprocess.py:93} INFO - [0m13:32:39
[2026-05-08T13:32:39.860+0000] {subprocess.py:93} INFO - [0m13:32:39  [32mCompleted successfully[0m
[2026-05-08T13:32:39.860+0000] {subprocess.py:93} INFO - [0m13:32:39
[2026-05-08T13:32:39.861+0000] {subprocess.py:93} INFO - [0m13:32:39  Done. PASS=5 WARN=0 ERROR=0 SKIP=0 TOTAL=5
[2026-05-08T13:32:41.596+0000] {subprocess.py:97} INFO - Command exited with return code 0
[2026-05-08T13:32:41.639+0000] {taskinstance.py:1138} INFO - Marking task as SUCCESS. dag_id=run_dbt_models, task_id=dbt_run, execution_date=20260508T133236, start_date=20260508T133236, end_date=20260508T133241
[2026-05-08T13:32:41.696+0000] {local_task_job_runner.py:234} INFO - Task exited with return code 0
[2026-05-08T13:32:41.727+0000] {taskinstance.py:3280} INFO - 1 downstream tasks scheduled from follow-on schedule check
