[2026-05-04T02:00:17.893+0000] {taskinstance.py:1956} INFO - Dependencies all met for dep_context=non-requeueable deps ti=<TaskInstance: fetch_market_data.check_market_open scheduled__2026-05-04T01:00:00+00:00 [queued]>
[2026-05-04T02:00:17.900+0000] {taskinstance.py:1956} INFO - Dependencies all met for dep_context=requeueable deps ti=<TaskInstance: fetch_market_data.check_market_open scheduled__2026-05-04T01:00:00+00:00 [queued]>
[2026-05-04T02:00:17.900+0000] {taskinstance.py:2170} INFO - Starting attempt 1 of 3
[2026-05-04T02:00:17.910+0000] {taskinstance.py:2191} INFO - Executing <Task(MarketOpenSensor): check_market_open> on 2026-05-04 01:00:00+00:00
[2026-05-04T02:00:17.916+0000] {standard_task_runner.py:60} INFO - Started process 882012 to run task
[2026-05-04T02:00:17.919+0000] {standard_task_runner.py:87} INFO - Running: ['airflow', 'tasks', 'run', 'fetch_market_data', 'check_market_open', 'scheduled__2026-05-04T01:00:00+00:00', '--job-id', '1059', '--raw', '--subdir', 'DAGS_FOLDER/fetch_market_data.py', '--cfg-path', '/tmp/tmpxyr9kmcn']
[2026-05-04T02:00:17.921+0000] {standard_task_runner.py:88} INFO - Job 1059: Subtask check_market_open
[2026-05-04T02:00:17.996+0000] {task_command.py:423} INFO - Running <TaskInstance: fetch_market_data.check_market_open scheduled__2026-05-04T01:00:00+00:00 [running]> on host reddit-pipeline-vm
[2026-05-04T02:00:18.113+0000] {taskinstance.py:2480} INFO - Exporting env vars: AIRFLOW_CTX_DAG_OWNER='pipeline' AIRFLOW_CTX_DAG_ID='fetch_market_data' AIRFLOW_CTX_TASK_ID='check_market_open' AIRFLOW_CTX_EXECUTION_DATE='2026-05-04T01:00:00+00:00' AIRFLOW_CTX_TRY_NUMBER='1' AIRFLOW_CTX_DAG_RUN_ID='scheduled__2026-05-04T01:00:00+00:00'
[2026-05-04T02:00:18.130+0000] {sensors.py:45} INFO - Market open check at 2026-05-03 22:00 ET: False
[2026-05-04T02:00:18.157+0000] {taskinstance.py:2658} INFO - Rescheduling task, marking task as UP_FOR_RESCHEDULE
[2026-05-04T02:00:18.174+0000] {local_task_job_runner.py:234} INFO - Task exited with return code 0
[2026-05-04T02:00:18.214+0000] {taskinstance.py:3280} INFO - 0 downstream tasks scheduled from follow-on schedule check
[2026-05-04T02:15:19.234+0000] {taskinstance.py:1956} INFO - Dependencies all met for dep_context=non-requeueable deps ti=<TaskInstance: fetch_market_data.check_market_open scheduled__2026-05-04T01:00:00+00:00 [queued]>
[2026-05-04T02:15:19.242+0000] {taskinstance.py:1956} INFO - Dependencies all met for dep_context=requeueable deps ti=<TaskInstance: fetch_market_data.check_market_open scheduled__2026-05-04T01:00:00+00:00 [queued]>
[2026-05-04T02:15:19.243+0000] {taskinstance.py:2170} INFO - Starting attempt 1 of 3
[2026-05-04T02:15:19.253+0000] {taskinstance.py:2191} INFO - Executing <Task(MarketOpenSensor): check_market_open> on 2026-05-04 01:00:00+00:00
[2026-05-04T02:15:19.259+0000] {standard_task_runner.py:60} INFO - Started process 882872 to run task
[2026-05-04T02:15:19.262+0000] {standard_task_runner.py:87} INFO - Running: ['airflow', 'tasks', 'run', 'fetch_market_data', 'check_market_open', 'scheduled__2026-05-04T01:00:00+00:00', '--job-id', '1060', '--raw', '--subdir', 'DAGS_FOLDER/fetch_market_data.py', '--cfg-path', '/tmp/tmp12h4njk2']
[2026-05-04T02:15:19.264+0000] {standard_task_runner.py:88} INFO - Job 1060: Subtask check_market_open
[2026-05-04T02:15:19.337+0000] {task_command.py:423} INFO - Running <TaskInstance: fetch_market_data.check_market_open scheduled__2026-05-04T01:00:00+00:00 [running]> on host reddit-pipeline-vm
[2026-05-04T02:15:19.445+0000] {taskinstance.py:2480} INFO - Exporting env vars: AIRFLOW_CTX_DAG_OWNER='pipeline' AIRFLOW_CTX_DAG_ID='fetch_market_data' AIRFLOW_CTX_TASK_ID='check_market_open' AIRFLOW_CTX_EXECUTION_DATE='2026-05-04T01:00:00+00:00' AIRFLOW_CTX_TRY_NUMBER='1' AIRFLOW_CTX_DAG_RUN_ID='scheduled__2026-05-04T01:00:00+00:00'
[2026-05-04T02:15:19.463+0000] {sensors.py:45} INFO - Market open check at 2026-05-03 22:15 ET: False
[2026-05-04T02:15:19.488+0000] {taskinstance.py:2658} INFO - Rescheduling task, marking task as UP_FOR_RESCHEDULE
[2026-05-04T02:15:19.515+0000] {local_task_job_runner.py:234} INFO - Task exited with return code 0
[2026-05-04T02:15:19.554+0000] {taskinstance.py:3280} INFO - 0 downstream tasks scheduled from follow-on schedule check
[2026-05-04T02:30:20.720+0000] {taskinstance.py:1956} INFO - Dependencies all met for dep_context=non-requeueable deps ti=<TaskInstance: fetch_market_data.check_market_open scheduled__2026-05-04T01:00:00+00:00 [queued]>
[2026-05-04T02:30:20.727+0000] {taskinstance.py:1956} INFO - Dependencies all met for dep_context=requeueable deps ti=<TaskInstance: fetch_market_data.check_market_open scheduled__2026-05-04T01:00:00+00:00 [queued]>
[2026-05-04T02:30:20.728+0000] {taskinstance.py:2170} INFO - Starting attempt 1 of 3
[2026-05-04T02:30:20.737+0000] {taskinstance.py:2191} INFO - Executing <Task(MarketOpenSensor): check_market_open> on 2026-05-04 01:00:00+00:00
[2026-05-04T02:30:20.744+0000] {standard_task_runner.py:60} INFO - Started process 883623 to run task
[2026-05-04T02:30:20.748+0000] {standard_task_runner.py:87} INFO - Running: ['airflow', 'tasks', 'run', 'fetch_market_data', 'check_market_open', 'scheduled__2026-05-04T01:00:00+00:00', '--job-id', '1061', '--raw', '--subdir', 'DAGS_FOLDER/fetch_market_data.py', '--cfg-path', '/tmp/tmp1nu6u_2h']
[2026-05-04T02:30:20.750+0000] {standard_task_runner.py:88} INFO - Job 1061: Subtask check_market_open
[2026-05-04T02:30:20.823+0000] {task_command.py:423} INFO - Running <TaskInstance: fetch_market_data.check_market_open scheduled__2026-05-04T01:00:00+00:00 [running]> on host reddit-pipeline-vm
[2026-05-04T02:30:20.927+0000] {taskinstance.py:2480} INFO - Exporting env vars: AIRFLOW_CTX_DAG_OWNER='pipeline' AIRFLOW_CTX_DAG_ID='fetch_market_data' AIRFLOW_CTX_TASK_ID='check_market_open' AIRFLOW_CTX_EXECUTION_DATE='2026-05-04T01:00:00+00:00' AIRFLOW_CTX_TRY_NUMBER='1' AIRFLOW_CTX_DAG_RUN_ID='scheduled__2026-05-04T01:00:00+00:00'
[2026-05-04T02:30:20.944+0000] {sensors.py:45} INFO - Market open check at 2026-05-03 22:30 ET: False
[2026-05-04T02:30:20.969+0000] {taskinstance.py:2658} INFO - Rescheduling task, marking task as UP_FOR_RESCHEDULE
[2026-05-04T02:30:21.000+0000] {local_task_job_runner.py:234} INFO - Task exited with return code 0
[2026-05-04T02:30:21.039+0000] {taskinstance.py:3280} INFO - 0 downstream tasks scheduled from follow-on schedule check
[2026-05-04T02:45:22.261+0000] {taskinstance.py:1956} INFO - Dependencies all met for dep_context=non-requeueable deps ti=<TaskInstance: fetch_market_data.check_market_open scheduled__2026-05-04T01:00:00+00:00 [queued]>
[2026-05-04T02:45:22.268+0000] {taskinstance.py:1956} INFO - Dependencies all met for dep_context=requeueable deps ti=<TaskInstance: fetch_market_data.check_market_open scheduled__2026-05-04T01:00:00+00:00 [queued]>
[2026-05-04T02:45:22.268+0000] {taskinstance.py:2170} INFO - Starting attempt 1 of 3
[2026-05-04T02:45:22.278+0000] {taskinstance.py:2191} INFO - Executing <Task(MarketOpenSensor): check_market_open> on 2026-05-04 01:00:00+00:00
[2026-05-04T02:45:22.284+0000] {standard_task_runner.py:60} INFO - Started process 884377 to run task
[2026-05-04T02:45:22.287+0000] {standard_task_runner.py:87} INFO - Running: ['airflow', 'tasks', 'run', 'fetch_market_data', 'check_market_open', 'scheduled__2026-05-04T01:00:00+00:00', '--job-id', '1062', '--raw', '--subdir', 'DAGS_FOLDER/fetch_market_data.py', '--cfg-path', '/tmp/tmpse8k5frv']
[2026-05-04T02:45:22.289+0000] {standard_task_runner.py:88} INFO - Job 1062: Subtask check_market_open
[2026-05-04T02:45:22.361+0000] {task_command.py:423} INFO - Running <TaskInstance: fetch_market_data.check_market_open scheduled__2026-05-04T01:00:00+00:00 [running]> on host reddit-pipeline-vm
[2026-05-04T02:45:22.464+0000] {taskinstance.py:2480} INFO - Exporting env vars: AIRFLOW_CTX_DAG_OWNER='pipeline' AIRFLOW_CTX_DAG_ID='fetch_market_data' AIRFLOW_CTX_TASK_ID='check_market_open' AIRFLOW_CTX_EXECUTION_DATE='2026-05-04T01:00:00+00:00' AIRFLOW_CTX_TRY_NUMBER='1' AIRFLOW_CTX_DAG_RUN_ID='scheduled__2026-05-04T01:00:00+00:00'
[2026-05-04T02:45:22.481+0000] {sensors.py:45} INFO - Market open check at 2026-05-03 22:45 ET: False
[2026-05-04T02:45:22.507+0000] {taskinstance.py:2658} INFO - Rescheduling task, marking task as UP_FOR_RESCHEDULE
[2026-05-04T02:45:22.541+0000] {local_task_job_runner.py:234} INFO - Task exited with return code 0
[2026-05-04T02:45:22.580+0000] {taskinstance.py:3280} INFO - 0 downstream tasks scheduled from follow-on schedule check
[2026-05-04T03:00:23.905+0000] {taskinstance.py:1956} INFO - Dependencies all met for dep_context=non-requeueable deps ti=<TaskInstance: fetch_market_data.check_market_open scheduled__2026-05-04T01:00:00+00:00 [queued]>
[2026-05-04T03:00:23.912+0000] {taskinstance.py:1956} INFO - Dependencies all met for dep_context=requeueable deps ti=<TaskInstance: fetch_market_data.check_market_open scheduled__2026-05-04T01:00:00+00:00 [queued]>
[2026-05-04T03:00:23.913+0000] {taskinstance.py:2170} INFO - Starting attempt 1 of 3
[2026-05-04T03:00:23.922+0000] {taskinstance.py:2191} INFO - Executing <Task(MarketOpenSensor): check_market_open> on 2026-05-04 01:00:00+00:00
[2026-05-04T03:00:23.928+0000] {standard_task_runner.py:60} INFO - Started process 885092 to run task
[2026-05-04T03:00:23.932+0000] {standard_task_runner.py:87} INFO - Running: ['airflow', 'tasks', 'run', 'fetch_market_data', 'check_market_open', 'scheduled__2026-05-04T01:00:00+00:00', '--job-id', '1063', '--raw', '--subdir', 'DAGS_FOLDER/fetch_market_data.py', '--cfg-path', '/tmp/tmpkmp8ex0e']
[2026-05-04T03:00:23.934+0000] {standard_task_runner.py:88} INFO - Job 1063: Subtask check_market_open
[2026-05-04T03:00:24.007+0000] {task_command.py:423} INFO - Running <TaskInstance: fetch_market_data.check_market_open scheduled__2026-05-04T01:00:00+00:00 [running]> on host reddit-pipeline-vm
[2026-05-04T03:00:24.111+0000] {taskinstance.py:2480} INFO - Exporting env vars: AIRFLOW_CTX_DAG_OWNER='pipeline' AIRFLOW_CTX_DAG_ID='fetch_market_data' AIRFLOW_CTX_TASK_ID='check_market_open' AIRFLOW_CTX_EXECUTION_DATE='2026-05-04T01:00:00+00:00' AIRFLOW_CTX_TRY_NUMBER='1' AIRFLOW_CTX_DAG_RUN_ID='scheduled__2026-05-04T01:00:00+00:00'
[2026-05-04T03:00:24.128+0000] {sensors.py:45} INFO - Market open check at 2026-05-03 23:00 ET: False
[2026-05-04T03:00:24.128+0000] {taskinstance.py:2360} INFO - Sensor has timed out; run duration of 3606.098794 seconds exceeds the specified timeout of 3600.0.
[2026-05-04T03:00:24.144+0000] {taskinstance.py:1138} INFO - Marking task as SKIPPED. dag_id=fetch_market_data, task_id=check_market_open, execution_date=20260504T010000, start_date=20260504T030023, end_date=20260504T030024
[2026-05-04T03:00:24.184+0000] {local_task_job_runner.py:234} INFO - Task exited with return code 0
[2026-05-04T03:00:24.233+0000] {taskinstance.py:3280} INFO - 0 downstream tasks scheduled from follow-on schedule check
