[2026-05-11T06:00:54.038+0000] {taskinstance.py:1956} INFO - Dependencies all met for dep_context=non-requeueable deps ti=<TaskInstance: fetch_market_data.check_market_open scheduled__2026-05-11T05:00:00+00:00 [queued]>
[2026-05-11T06:00:54.046+0000] {taskinstance.py:1956} INFO - Dependencies all met for dep_context=requeueable deps ti=<TaskInstance: fetch_market_data.check_market_open scheduled__2026-05-11T05:00:00+00:00 [queued]>
[2026-05-11T06:00:54.047+0000] {taskinstance.py:2170} INFO - Starting attempt 1 of 3
[2026-05-11T06:00:54.061+0000] {taskinstance.py:2191} INFO - Executing <Task(MarketOpenSensor): check_market_open> on 2026-05-11 05:00:00+00:00
[2026-05-11T06:00:54.068+0000] {standard_task_runner.py:60} INFO - Started process 1477221 to run task
[2026-05-11T06:00:54.071+0000] {standard_task_runner.py:87} INFO - Running: ['airflow', 'tasks', 'run', 'fetch_market_data', 'check_market_open', 'scheduled__2026-05-11T05:00:00+00:00', '--job-id', '1796', '--raw', '--subdir', 'DAGS_FOLDER/fetch_market_data.py', '--cfg-path', '/tmp/tmpyhi2htt8']
[2026-05-11T06:00:54.073+0000] {standard_task_runner.py:88} INFO - Job 1796: Subtask check_market_open
[2026-05-11T06:00:54.141+0000] {task_command.py:423} INFO - Running <TaskInstance: fetch_market_data.check_market_open scheduled__2026-05-11T05:00:00+00:00 [running]> on host reddit-pipeline-vm
[2026-05-11T06:00:54.249+0000] {taskinstance.py:2480} INFO - Exporting env vars: AIRFLOW_CTX_DAG_OWNER='pipeline' AIRFLOW_CTX_DAG_ID='fetch_market_data' AIRFLOW_CTX_TASK_ID='check_market_open' AIRFLOW_CTX_EXECUTION_DATE='2026-05-11T05:00:00+00:00' AIRFLOW_CTX_TRY_NUMBER='1' AIRFLOW_CTX_DAG_RUN_ID='scheduled__2026-05-11T05:00:00+00:00'
[2026-05-11T06:00:54.266+0000] {sensors.py:45} INFO - Market open check at 2026-05-11 02:00 ET: False
[2026-05-11T06:00:54.293+0000] {taskinstance.py:2658} INFO - Rescheduling task, marking task as UP_FOR_RESCHEDULE
[2026-05-11T06:00:54.324+0000] {local_task_job_runner.py:234} INFO - Task exited with return code 0
[2026-05-11T06:00:54.362+0000] {taskinstance.py:3280} INFO - 0 downstream tasks scheduled from follow-on schedule check
[2026-05-11T06:15:55.529+0000] {taskinstance.py:1956} INFO - Dependencies all met for dep_context=non-requeueable deps ti=<TaskInstance: fetch_market_data.check_market_open scheduled__2026-05-11T05:00:00+00:00 [queued]>
[2026-05-11T06:15:55.538+0000] {taskinstance.py:1956} INFO - Dependencies all met for dep_context=requeueable deps ti=<TaskInstance: fetch_market_data.check_market_open scheduled__2026-05-11T05:00:00+00:00 [queued]>
[2026-05-11T06:15:55.539+0000] {taskinstance.py:2170} INFO - Starting attempt 1 of 3
[2026-05-11T06:15:55.553+0000] {taskinstance.py:2191} INFO - Executing <Task(MarketOpenSensor): check_market_open> on 2026-05-11 05:00:00+00:00
[2026-05-11T06:15:55.560+0000] {standard_task_runner.py:60} INFO - Started process 1478192 to run task
[2026-05-11T06:15:55.564+0000] {standard_task_runner.py:87} INFO - Running: ['airflow', 'tasks', 'run', 'fetch_market_data', 'check_market_open', 'scheduled__2026-05-11T05:00:00+00:00', '--job-id', '1797', '--raw', '--subdir', 'DAGS_FOLDER/fetch_market_data.py', '--cfg-path', '/tmp/tmpnzqv35by']
[2026-05-11T06:15:55.566+0000] {standard_task_runner.py:88} INFO - Job 1797: Subtask check_market_open
[2026-05-11T06:15:55.636+0000] {task_command.py:423} INFO - Running <TaskInstance: fetch_market_data.check_market_open scheduled__2026-05-11T05:00:00+00:00 [running]> on host reddit-pipeline-vm
[2026-05-11T06:15:55.740+0000] {taskinstance.py:2480} INFO - Exporting env vars: AIRFLOW_CTX_DAG_OWNER='pipeline' AIRFLOW_CTX_DAG_ID='fetch_market_data' AIRFLOW_CTX_TASK_ID='check_market_open' AIRFLOW_CTX_EXECUTION_DATE='2026-05-11T05:00:00+00:00' AIRFLOW_CTX_TRY_NUMBER='1' AIRFLOW_CTX_DAG_RUN_ID='scheduled__2026-05-11T05:00:00+00:00'
[2026-05-11T06:15:55.757+0000] {sensors.py:45} INFO - Market open check at 2026-05-11 02:15 ET: False
[2026-05-11T06:15:55.783+0000] {taskinstance.py:2658} INFO - Rescheduling task, marking task as UP_FOR_RESCHEDULE
[2026-05-11T06:15:55.816+0000] {local_task_job_runner.py:234} INFO - Task exited with return code 0
[2026-05-11T06:15:55.854+0000] {taskinstance.py:3280} INFO - 0 downstream tasks scheduled from follow-on schedule check
[2026-05-11T06:30:57.044+0000] {taskinstance.py:1956} INFO - Dependencies all met for dep_context=non-requeueable deps ti=<TaskInstance: fetch_market_data.check_market_open scheduled__2026-05-11T05:00:00+00:00 [queued]>
[2026-05-11T06:30:57.054+0000] {taskinstance.py:1956} INFO - Dependencies all met for dep_context=requeueable deps ti=<TaskInstance: fetch_market_data.check_market_open scheduled__2026-05-11T05:00:00+00:00 [queued]>
[2026-05-11T06:30:57.054+0000] {taskinstance.py:2170} INFO - Starting attempt 1 of 3
[2026-05-11T06:30:57.068+0000] {taskinstance.py:2191} INFO - Executing <Task(MarketOpenSensor): check_market_open> on 2026-05-11 05:00:00+00:00
[2026-05-11T06:30:57.076+0000] {standard_task_runner.py:60} INFO - Started process 1479214 to run task
[2026-05-11T06:30:57.080+0000] {standard_task_runner.py:87} INFO - Running: ['airflow', 'tasks', 'run', 'fetch_market_data', 'check_market_open', 'scheduled__2026-05-11T05:00:00+00:00', '--job-id', '1798', '--raw', '--subdir', 'DAGS_FOLDER/fetch_market_data.py', '--cfg-path', '/tmp/tmpj2qjo2xw']
[2026-05-11T06:30:57.082+0000] {standard_task_runner.py:88} INFO - Job 1798: Subtask check_market_open
[2026-05-11T06:30:57.163+0000] {task_command.py:423} INFO - Running <TaskInstance: fetch_market_data.check_market_open scheduled__2026-05-11T05:00:00+00:00 [running]> on host reddit-pipeline-vm
[2026-05-11T06:30:57.275+0000] {taskinstance.py:2480} INFO - Exporting env vars: AIRFLOW_CTX_DAG_OWNER='pipeline' AIRFLOW_CTX_DAG_ID='fetch_market_data' AIRFLOW_CTX_TASK_ID='check_market_open' AIRFLOW_CTX_EXECUTION_DATE='2026-05-11T05:00:00+00:00' AIRFLOW_CTX_TRY_NUMBER='1' AIRFLOW_CTX_DAG_RUN_ID='scheduled__2026-05-11T05:00:00+00:00'
[2026-05-11T06:30:57.293+0000] {sensors.py:45} INFO - Market open check at 2026-05-11 02:30 ET: False
[2026-05-11T06:30:57.320+0000] {taskinstance.py:2658} INFO - Rescheduling task, marking task as UP_FOR_RESCHEDULE
[2026-05-11T06:30:57.334+0000] {local_task_job_runner.py:234} INFO - Task exited with return code 0
[2026-05-11T06:30:57.385+0000] {taskinstance.py:3280} INFO - 0 downstream tasks scheduled from follow-on schedule check
[2026-05-11T06:45:58.611+0000] {taskinstance.py:1956} INFO - Dependencies all met for dep_context=non-requeueable deps ti=<TaskInstance: fetch_market_data.check_market_open scheduled__2026-05-11T05:00:00+00:00 [queued]>
[2026-05-11T06:45:58.619+0000] {taskinstance.py:1956} INFO - Dependencies all met for dep_context=requeueable deps ti=<TaskInstance: fetch_market_data.check_market_open scheduled__2026-05-11T05:00:00+00:00 [queued]>
[2026-05-11T06:45:58.619+0000] {taskinstance.py:2170} INFO - Starting attempt 1 of 3
[2026-05-11T06:45:58.632+0000] {taskinstance.py:2191} INFO - Executing <Task(MarketOpenSensor): check_market_open> on 2026-05-11 05:00:00+00:00
[2026-05-11T06:45:58.639+0000] {standard_task_runner.py:60} INFO - Started process 1480214 to run task
[2026-05-11T06:45:58.642+0000] {standard_task_runner.py:87} INFO - Running: ['airflow', 'tasks', 'run', 'fetch_market_data', 'check_market_open', 'scheduled__2026-05-11T05:00:00+00:00', '--job-id', '1799', '--raw', '--subdir', 'DAGS_FOLDER/fetch_market_data.py', '--cfg-path', '/tmp/tmptowgdtbo']
[2026-05-11T06:45:58.644+0000] {standard_task_runner.py:88} INFO - Job 1799: Subtask check_market_open
[2026-05-11T06:45:58.713+0000] {task_command.py:423} INFO - Running <TaskInstance: fetch_market_data.check_market_open scheduled__2026-05-11T05:00:00+00:00 [running]> on host reddit-pipeline-vm
[2026-05-11T06:45:58.816+0000] {taskinstance.py:2480} INFO - Exporting env vars: AIRFLOW_CTX_DAG_OWNER='pipeline' AIRFLOW_CTX_DAG_ID='fetch_market_data' AIRFLOW_CTX_TASK_ID='check_market_open' AIRFLOW_CTX_EXECUTION_DATE='2026-05-11T05:00:00+00:00' AIRFLOW_CTX_TRY_NUMBER='1' AIRFLOW_CTX_DAG_RUN_ID='scheduled__2026-05-11T05:00:00+00:00'
[2026-05-11T06:45:58.833+0000] {sensors.py:45} INFO - Market open check at 2026-05-11 02:45 ET: False
[2026-05-11T06:45:58.861+0000] {taskinstance.py:2658} INFO - Rescheduling task, marking task as UP_FOR_RESCHEDULE
[2026-05-11T06:45:58.896+0000] {local_task_job_runner.py:234} INFO - Task exited with return code 0
[2026-05-11T06:45:58.932+0000] {taskinstance.py:3280} INFO - 0 downstream tasks scheduled from follow-on schedule check
[2026-05-11T07:01:00.092+0000] {taskinstance.py:1956} INFO - Dependencies all met for dep_context=non-requeueable deps ti=<TaskInstance: fetch_market_data.check_market_open scheduled__2026-05-11T05:00:00+00:00 [queued]>
[2026-05-11T07:01:00.099+0000] {taskinstance.py:1956} INFO - Dependencies all met for dep_context=requeueable deps ti=<TaskInstance: fetch_market_data.check_market_open scheduled__2026-05-11T05:00:00+00:00 [queued]>
[2026-05-11T07:01:00.099+0000] {taskinstance.py:2170} INFO - Starting attempt 1 of 3
[2026-05-11T07:01:00.113+0000] {taskinstance.py:2191} INFO - Executing <Task(MarketOpenSensor): check_market_open> on 2026-05-11 05:00:00+00:00
[2026-05-11T07:01:00.120+0000] {standard_task_runner.py:60} INFO - Started process 1481172 to run task
[2026-05-11T07:01:00.124+0000] {standard_task_runner.py:87} INFO - Running: ['airflow', 'tasks', 'run', 'fetch_market_data', 'check_market_open', 'scheduled__2026-05-11T05:00:00+00:00', '--job-id', '1800', '--raw', '--subdir', 'DAGS_FOLDER/fetch_market_data.py', '--cfg-path', '/tmp/tmpkqnd672_']
[2026-05-11T07:01:00.127+0000] {standard_task_runner.py:88} INFO - Job 1800: Subtask check_market_open
[2026-05-11T07:01:00.199+0000] {task_command.py:423} INFO - Running <TaskInstance: fetch_market_data.check_market_open scheduled__2026-05-11T05:00:00+00:00 [running]> on host reddit-pipeline-vm
[2026-05-11T07:01:00.304+0000] {taskinstance.py:2480} INFO - Exporting env vars: AIRFLOW_CTX_DAG_OWNER='pipeline' AIRFLOW_CTX_DAG_ID='fetch_market_data' AIRFLOW_CTX_TASK_ID='check_market_open' AIRFLOW_CTX_EXECUTION_DATE='2026-05-11T05:00:00+00:00' AIRFLOW_CTX_TRY_NUMBER='1' AIRFLOW_CTX_DAG_RUN_ID='scheduled__2026-05-11T05:00:00+00:00'
[2026-05-11T07:01:00.320+0000] {sensors.py:45} INFO - Market open check at 2026-05-11 03:01 ET: False
[2026-05-11T07:01:00.320+0000] {taskinstance.py:2360} INFO - Sensor has timed out; run duration of 3606.146788 seconds exceeds the specified timeout of 3600.0.
[2026-05-11T07:01:00.336+0000] {taskinstance.py:1138} INFO - Marking task as SKIPPED. dag_id=fetch_market_data, task_id=check_market_open, execution_date=20260511T050000, start_date=20260511T070100, end_date=20260511T070100
[2026-05-11T07:01:00.377+0000] {local_task_job_runner.py:234} INFO - Task exited with return code 0
[2026-05-11T07:01:00.424+0000] {taskinstance.py:3280} INFO - 0 downstream tasks scheduled from follow-on schedule check
