[2026-05-11T05:00:45.093+0000] {taskinstance.py:1956} INFO - Dependencies all met for dep_context=non-requeueable deps ti=<TaskInstance: fetch_market_data.check_market_open scheduled__2026-05-11T04:00:00+00:00 [queued]>
[2026-05-11T05:00:45.101+0000] {taskinstance.py:1956} INFO - Dependencies all met for dep_context=requeueable deps ti=<TaskInstance: fetch_market_data.check_market_open scheduled__2026-05-11T04:00:00+00:00 [queued]>
[2026-05-11T05:00:45.102+0000] {taskinstance.py:2170} INFO - Starting attempt 1 of 3
[2026-05-11T05:00:45.115+0000] {taskinstance.py:2191} INFO - Executing <Task(MarketOpenSensor): check_market_open> on 2026-05-11 04:00:00+00:00
[2026-05-11T05:00:45.125+0000] {standard_task_runner.py:60} INFO - Started process 1472998 to run task
[2026-05-11T05:00:45.130+0000] {standard_task_runner.py:87} INFO - Running: ['airflow', 'tasks', 'run', 'fetch_market_data', 'check_market_open', 'scheduled__2026-05-11T04:00:00+00:00', '--job-id', '1791', '--raw', '--subdir', 'DAGS_FOLDER/fetch_market_data.py', '--cfg-path', '/tmp/tmp69m97at2']
[2026-05-11T05:00:45.133+0000] {standard_task_runner.py:88} INFO - Job 1791: Subtask check_market_open
[2026-05-11T05:00:45.217+0000] {task_command.py:423} INFO - Running <TaskInstance: fetch_market_data.check_market_open scheduled__2026-05-11T04:00:00+00:00 [running]> on host reddit-pipeline-vm
[2026-05-11T05:00:45.342+0000] {taskinstance.py:2480} INFO - Exporting env vars: AIRFLOW_CTX_DAG_OWNER='pipeline' AIRFLOW_CTX_DAG_ID='fetch_market_data' AIRFLOW_CTX_TASK_ID='check_market_open' AIRFLOW_CTX_EXECUTION_DATE='2026-05-11T04:00:00+00:00' AIRFLOW_CTX_TRY_NUMBER='1' AIRFLOW_CTX_DAG_RUN_ID='scheduled__2026-05-11T04:00:00+00:00'
[2026-05-11T05:00:45.362+0000] {sensors.py:45} INFO - Market open check at 2026-05-11 01:00 ET: False
[2026-05-11T05:00:45.394+0000] {taskinstance.py:2658} INFO - Rescheduling task, marking task as UP_FOR_RESCHEDULE
[2026-05-11T05:00:45.426+0000] {local_task_job_runner.py:234} INFO - Task exited with return code 0
[2026-05-11T05:00:45.465+0000] {taskinstance.py:3280} INFO - 0 downstream tasks scheduled from follow-on schedule check
[2026-05-11T05:15:46.622+0000] {taskinstance.py:1956} INFO - Dependencies all met for dep_context=non-requeueable deps ti=<TaskInstance: fetch_market_data.check_market_open scheduled__2026-05-11T04:00:00+00:00 [queued]>
[2026-05-11T05:15:46.631+0000] {taskinstance.py:1956} INFO - Dependencies all met for dep_context=requeueable deps ti=<TaskInstance: fetch_market_data.check_market_open scheduled__2026-05-11T04:00:00+00:00 [queued]>
[2026-05-11T05:15:46.632+0000] {taskinstance.py:2170} INFO - Starting attempt 1 of 3
[2026-05-11T05:15:46.646+0000] {taskinstance.py:2191} INFO - Executing <Task(MarketOpenSensor): check_market_open> on 2026-05-11 04:00:00+00:00
[2026-05-11T05:15:46.652+0000] {standard_task_runner.py:60} INFO - Started process 1474268 to run task
[2026-05-11T05:15:46.656+0000] {standard_task_runner.py:87} INFO - Running: ['airflow', 'tasks', 'run', 'fetch_market_data', 'check_market_open', 'scheduled__2026-05-11T04:00:00+00:00', '--job-id', '1792', '--raw', '--subdir', 'DAGS_FOLDER/fetch_market_data.py', '--cfg-path', '/tmp/tmpqhfwp_be']
[2026-05-11T05:15:46.658+0000] {standard_task_runner.py:88} INFO - Job 1792: Subtask check_market_open
[2026-05-11T05:15:46.726+0000] {task_command.py:423} INFO - Running <TaskInstance: fetch_market_data.check_market_open scheduled__2026-05-11T04:00:00+00:00 [running]> on host reddit-pipeline-vm
[2026-05-11T05:15:46.831+0000] {taskinstance.py:2480} INFO - Exporting env vars: AIRFLOW_CTX_DAG_OWNER='pipeline' AIRFLOW_CTX_DAG_ID='fetch_market_data' AIRFLOW_CTX_TASK_ID='check_market_open' AIRFLOW_CTX_EXECUTION_DATE='2026-05-11T04:00:00+00:00' AIRFLOW_CTX_TRY_NUMBER='1' AIRFLOW_CTX_DAG_RUN_ID='scheduled__2026-05-11T04:00:00+00:00'
[2026-05-11T05:15:46.848+0000] {sensors.py:45} INFO - Market open check at 2026-05-11 01:15 ET: False
[2026-05-11T05:15:46.874+0000] {taskinstance.py:2658} INFO - Rescheduling task, marking task as UP_FOR_RESCHEDULE
[2026-05-11T05:15:46.909+0000] {local_task_job_runner.py:234} INFO - Task exited with return code 0
[2026-05-11T05:15:46.947+0000] {taskinstance.py:3280} INFO - 0 downstream tasks scheduled from follow-on schedule check
[2026-05-11T05:30:48.292+0000] {taskinstance.py:1956} INFO - Dependencies all met for dep_context=non-requeueable deps ti=<TaskInstance: fetch_market_data.check_market_open scheduled__2026-05-11T04:00:00+00:00 [queued]>
[2026-05-11T05:30:48.301+0000] {taskinstance.py:1956} INFO - Dependencies all met for dep_context=requeueable deps ti=<TaskInstance: fetch_market_data.check_market_open scheduled__2026-05-11T04:00:00+00:00 [queued]>
[2026-05-11T05:30:48.301+0000] {taskinstance.py:2170} INFO - Starting attempt 1 of 3
[2026-05-11T05:30:48.314+0000] {taskinstance.py:2191} INFO - Executing <Task(MarketOpenSensor): check_market_open> on 2026-05-11 04:00:00+00:00
[2026-05-11T05:30:48.321+0000] {standard_task_runner.py:60} INFO - Started process 1475255 to run task
[2026-05-11T05:30:48.325+0000] {standard_task_runner.py:87} INFO - Running: ['airflow', 'tasks', 'run', 'fetch_market_data', 'check_market_open', 'scheduled__2026-05-11T04:00:00+00:00', '--job-id', '1793', '--raw', '--subdir', 'DAGS_FOLDER/fetch_market_data.py', '--cfg-path', '/tmp/tmp50shgerg']
[2026-05-11T05:30:48.327+0000] {standard_task_runner.py:88} INFO - Job 1793: Subtask check_market_open
[2026-05-11T05:30:48.401+0000] {task_command.py:423} INFO - Running <TaskInstance: fetch_market_data.check_market_open scheduled__2026-05-11T04:00:00+00:00 [running]> on host reddit-pipeline-vm
[2026-05-11T05:30:48.506+0000] {taskinstance.py:2480} INFO - Exporting env vars: AIRFLOW_CTX_DAG_OWNER='pipeline' AIRFLOW_CTX_DAG_ID='fetch_market_data' AIRFLOW_CTX_TASK_ID='check_market_open' AIRFLOW_CTX_EXECUTION_DATE='2026-05-11T04:00:00+00:00' AIRFLOW_CTX_TRY_NUMBER='1' AIRFLOW_CTX_DAG_RUN_ID='scheduled__2026-05-11T04:00:00+00:00'
[2026-05-11T05:30:48.523+0000] {sensors.py:45} INFO - Market open check at 2026-05-11 01:30 ET: False
[2026-05-11T05:30:48.553+0000] {taskinstance.py:2658} INFO - Rescheduling task, marking task as UP_FOR_RESCHEDULE
[2026-05-11T05:30:48.577+0000] {local_task_job_runner.py:234} INFO - Task exited with return code 0
[2026-05-11T05:30:48.616+0000] {taskinstance.py:3280} INFO - 0 downstream tasks scheduled from follow-on schedule check
[2026-05-11T05:45:49.677+0000] {taskinstance.py:1956} INFO - Dependencies all met for dep_context=non-requeueable deps ti=<TaskInstance: fetch_market_data.check_market_open scheduled__2026-05-11T04:00:00+00:00 [queued]>
[2026-05-11T05:45:49.687+0000] {taskinstance.py:1956} INFO - Dependencies all met for dep_context=requeueable deps ti=<TaskInstance: fetch_market_data.check_market_open scheduled__2026-05-11T04:00:00+00:00 [queued]>
[2026-05-11T05:45:49.687+0000] {taskinstance.py:2170} INFO - Starting attempt 1 of 3
[2026-05-11T05:45:49.701+0000] {taskinstance.py:2191} INFO - Executing <Task(MarketOpenSensor): check_market_open> on 2026-05-11 04:00:00+00:00
[2026-05-11T05:45:49.709+0000] {standard_task_runner.py:60} INFO - Started process 1476204 to run task
[2026-05-11T05:45:49.712+0000] {standard_task_runner.py:87} INFO - Running: ['airflow', 'tasks', 'run', 'fetch_market_data', 'check_market_open', 'scheduled__2026-05-11T04:00:00+00:00', '--job-id', '1794', '--raw', '--subdir', 'DAGS_FOLDER/fetch_market_data.py', '--cfg-path', '/tmp/tmps849e00z']
[2026-05-11T05:45:49.714+0000] {standard_task_runner.py:88} INFO - Job 1794: Subtask check_market_open
[2026-05-11T05:45:49.789+0000] {task_command.py:423} INFO - Running <TaskInstance: fetch_market_data.check_market_open scheduled__2026-05-11T04:00:00+00:00 [running]> on host reddit-pipeline-vm
[2026-05-11T05:45:49.898+0000] {taskinstance.py:2480} INFO - Exporting env vars: AIRFLOW_CTX_DAG_OWNER='pipeline' AIRFLOW_CTX_DAG_ID='fetch_market_data' AIRFLOW_CTX_TASK_ID='check_market_open' AIRFLOW_CTX_EXECUTION_DATE='2026-05-11T04:00:00+00:00' AIRFLOW_CTX_TRY_NUMBER='1' AIRFLOW_CTX_DAG_RUN_ID='scheduled__2026-05-11T04:00:00+00:00'
[2026-05-11T05:45:49.915+0000] {sensors.py:45} INFO - Market open check at 2026-05-11 01:45 ET: False
[2026-05-11T05:45:49.941+0000] {taskinstance.py:2658} INFO - Rescheduling task, marking task as UP_FOR_RESCHEDULE
[2026-05-11T05:45:49.965+0000] {local_task_job_runner.py:234} INFO - Task exited with return code 0
[2026-05-11T05:45:50.003+0000] {taskinstance.py:3280} INFO - 0 downstream tasks scheduled from follow-on schedule check
[2026-05-11T06:00:50.651+0000] {taskinstance.py:1956} INFO - Dependencies all met for dep_context=non-requeueable deps ti=<TaskInstance: fetch_market_data.check_market_open scheduled__2026-05-11T04:00:00+00:00 [queued]>
[2026-05-11T06:00:50.666+0000] {taskinstance.py:1956} INFO - Dependencies all met for dep_context=requeueable deps ti=<TaskInstance: fetch_market_data.check_market_open scheduled__2026-05-11T04:00:00+00:00 [queued]>
[2026-05-11T06:00:50.667+0000] {taskinstance.py:2170} INFO - Starting attempt 1 of 3
[2026-05-11T06:00:50.683+0000] {taskinstance.py:2191} INFO - Executing <Task(MarketOpenSensor): check_market_open> on 2026-05-11 04:00:00+00:00
[2026-05-11T06:00:50.690+0000] {standard_task_runner.py:60} INFO - Started process 1477194 to run task
[2026-05-11T06:00:50.694+0000] {standard_task_runner.py:87} INFO - Running: ['airflow', 'tasks', 'run', 'fetch_market_data', 'check_market_open', 'scheduled__2026-05-11T04:00:00+00:00', '--job-id', '1795', '--raw', '--subdir', 'DAGS_FOLDER/fetch_market_data.py', '--cfg-path', '/tmp/tmpz1jctv30']
[2026-05-11T06:00:50.696+0000] {standard_task_runner.py:88} INFO - Job 1795: Subtask check_market_open
[2026-05-11T06:00:50.769+0000] {task_command.py:423} INFO - Running <TaskInstance: fetch_market_data.check_market_open scheduled__2026-05-11T04:00:00+00:00 [running]> on host reddit-pipeline-vm
[2026-05-11T06:00:50.873+0000] {taskinstance.py:2480} INFO - Exporting env vars: AIRFLOW_CTX_DAG_OWNER='pipeline' AIRFLOW_CTX_DAG_ID='fetch_market_data' AIRFLOW_CTX_TASK_ID='check_market_open' AIRFLOW_CTX_EXECUTION_DATE='2026-05-11T04:00:00+00:00' AIRFLOW_CTX_TRY_NUMBER='1' AIRFLOW_CTX_DAG_RUN_ID='scheduled__2026-05-11T04:00:00+00:00'
[2026-05-11T06:00:50.889+0000] {sensors.py:45} INFO - Market open check at 2026-05-11 02:00 ET: False
[2026-05-11T06:00:50.889+0000] {taskinstance.py:2360} INFO - Sensor has timed out; run duration of 3605.637344 seconds exceeds the specified timeout of 3600.0.
[2026-05-11T06:00:50.905+0000] {taskinstance.py:1138} INFO - Marking task as SKIPPED. dag_id=fetch_market_data, task_id=check_market_open, execution_date=20260511T040000, start_date=20260511T060050, end_date=20260511T060050
[2026-05-11T06:00:50.946+0000] {local_task_job_runner.py:234} INFO - Task exited with return code 0
[2026-05-11T06:00:50.993+0000] {taskinstance.py:3280} INFO - 0 downstream tasks scheduled from follow-on schedule check
