[2026-05-08T04:01:10.199+0000] {taskinstance.py:1956} INFO - Dependencies all met for dep_context=non-requeueable deps ti=<TaskInstance: fetch_market_data.check_market_open scheduled__2026-05-08T03:00:00+00:00 [queued]>
[2026-05-08T04:01:10.207+0000] {taskinstance.py:1956} INFO - Dependencies all met for dep_context=requeueable deps ti=<TaskInstance: fetch_market_data.check_market_open scheduled__2026-05-08T03:00:00+00:00 [queued]>
[2026-05-08T04:01:10.207+0000] {taskinstance.py:2170} INFO - Starting attempt 1 of 3
[2026-05-08T04:01:10.220+0000] {taskinstance.py:2191} INFO - Executing <Task(MarketOpenSensor): check_market_open> on 2026-05-08 03:00:00+00:00
[2026-05-08T04:01:10.227+0000] {standard_task_runner.py:60} INFO - Started process 1181426 to run task
[2026-05-08T04:01:10.230+0000] {standard_task_runner.py:87} INFO - Running: ['airflow', 'tasks', 'run', 'fetch_market_data', 'check_market_open', 'scheduled__2026-05-08T03:00:00+00:00', '--job-id', '1622', '--raw', '--subdir', 'DAGS_FOLDER/fetch_market_data.py', '--cfg-path', '/tmp/tmp5i4y8cj2']
[2026-05-08T04:01:10.232+0000] {standard_task_runner.py:88} INFO - Job 1622: Subtask check_market_open
[2026-05-08T04:01:10.305+0000] {task_command.py:423} INFO - Running <TaskInstance: fetch_market_data.check_market_open scheduled__2026-05-08T03:00:00+00:00 [running]> on host reddit-pipeline-vm
[2026-05-08T04:01:10.413+0000] {taskinstance.py:2480} INFO - Exporting env vars: AIRFLOW_CTX_DAG_OWNER='pipeline' AIRFLOW_CTX_DAG_ID='fetch_market_data' AIRFLOW_CTX_TASK_ID='check_market_open' AIRFLOW_CTX_EXECUTION_DATE='2026-05-08T03:00:00+00:00' AIRFLOW_CTX_TRY_NUMBER='1' AIRFLOW_CTX_DAG_RUN_ID='scheduled__2026-05-08T03:00:00+00:00'
[2026-05-08T04:01:10.429+0000] {sensors.py:45} INFO - Market open check at 2026-05-08 00:01 ET: False
[2026-05-08T04:01:10.455+0000] {taskinstance.py:2658} INFO - Rescheduling task, marking task as UP_FOR_RESCHEDULE
[2026-05-08T04:01:10.483+0000] {local_task_job_runner.py:234} INFO - Task exited with return code 0
[2026-05-08T04:01:10.519+0000] {taskinstance.py:3280} INFO - 0 downstream tasks scheduled from follow-on schedule check
[2026-05-08T04:16:11.157+0000] {taskinstance.py:1956} INFO - Dependencies all met for dep_context=non-requeueable deps ti=<TaskInstance: fetch_market_data.check_market_open scheduled__2026-05-08T03:00:00+00:00 [queued]>
[2026-05-08T04:16:11.167+0000] {taskinstance.py:1956} INFO - Dependencies all met for dep_context=requeueable deps ti=<TaskInstance: fetch_market_data.check_market_open scheduled__2026-05-08T03:00:00+00:00 [queued]>
[2026-05-08T04:16:11.167+0000] {taskinstance.py:2170} INFO - Starting attempt 1 of 3
[2026-05-08T04:16:11.181+0000] {taskinstance.py:2191} INFO - Executing <Task(MarketOpenSensor): check_market_open> on 2026-05-08 03:00:00+00:00
[2026-05-08T04:16:11.188+0000] {standard_task_runner.py:60} INFO - Started process 1182431 to run task
[2026-05-08T04:16:11.192+0000] {standard_task_runner.py:87} INFO - Running: ['airflow', 'tasks', 'run', 'fetch_market_data', 'check_market_open', 'scheduled__2026-05-08T03:00:00+00:00', '--job-id', '1623', '--raw', '--subdir', 'DAGS_FOLDER/fetch_market_data.py', '--cfg-path', '/tmp/tmpld7ccrwi']
[2026-05-08T04:16:11.194+0000] {standard_task_runner.py:88} INFO - Job 1623: Subtask check_market_open
[2026-05-08T04:16:11.270+0000] {task_command.py:423} INFO - Running <TaskInstance: fetch_market_data.check_market_open scheduled__2026-05-08T03:00:00+00:00 [running]> on host reddit-pipeline-vm
[2026-05-08T04:16:11.379+0000] {taskinstance.py:2480} INFO - Exporting env vars: AIRFLOW_CTX_DAG_OWNER='pipeline' AIRFLOW_CTX_DAG_ID='fetch_market_data' AIRFLOW_CTX_TASK_ID='check_market_open' AIRFLOW_CTX_EXECUTION_DATE='2026-05-08T03:00:00+00:00' AIRFLOW_CTX_TRY_NUMBER='1' AIRFLOW_CTX_DAG_RUN_ID='scheduled__2026-05-08T03:00:00+00:00'
[2026-05-08T04:16:11.396+0000] {sensors.py:45} INFO - Market open check at 2026-05-08 00:16 ET: False
[2026-05-08T04:16:11.423+0000] {taskinstance.py:2658} INFO - Rescheduling task, marking task as UP_FOR_RESCHEDULE
[2026-05-08T04:16:11.445+0000] {local_task_job_runner.py:234} INFO - Task exited with return code 0
[2026-05-08T04:16:11.483+0000] {taskinstance.py:3280} INFO - 0 downstream tasks scheduled from follow-on schedule check
[2026-05-08T04:31:12.465+0000] {taskinstance.py:1956} INFO - Dependencies all met for dep_context=non-requeueable deps ti=<TaskInstance: fetch_market_data.check_market_open scheduled__2026-05-08T03:00:00+00:00 [queued]>
[2026-05-08T04:31:12.475+0000] {taskinstance.py:1956} INFO - Dependencies all met for dep_context=requeueable deps ti=<TaskInstance: fetch_market_data.check_market_open scheduled__2026-05-08T03:00:00+00:00 [queued]>
[2026-05-08T04:31:12.475+0000] {taskinstance.py:2170} INFO - Starting attempt 1 of 3
[2026-05-08T04:31:12.489+0000] {taskinstance.py:2191} INFO - Executing <Task(MarketOpenSensor): check_market_open> on 2026-05-08 03:00:00+00:00
[2026-05-08T04:31:12.496+0000] {standard_task_runner.py:60} INFO - Started process 1183429 to run task
[2026-05-08T04:31:12.500+0000] {standard_task_runner.py:87} INFO - Running: ['airflow', 'tasks', 'run', 'fetch_market_data', 'check_market_open', 'scheduled__2026-05-08T03:00:00+00:00', '--job-id', '1624', '--raw', '--subdir', 'DAGS_FOLDER/fetch_market_data.py', '--cfg-path', '/tmp/tmpssi9d2m1']
[2026-05-08T04:31:12.503+0000] {standard_task_runner.py:88} INFO - Job 1624: Subtask check_market_open
[2026-05-08T04:31:12.578+0000] {task_command.py:423} INFO - Running <TaskInstance: fetch_market_data.check_market_open scheduled__2026-05-08T03:00:00+00:00 [running]> on host reddit-pipeline-vm
[2026-05-08T04:31:12.688+0000] {taskinstance.py:2480} INFO - Exporting env vars: AIRFLOW_CTX_DAG_OWNER='pipeline' AIRFLOW_CTX_DAG_ID='fetch_market_data' AIRFLOW_CTX_TASK_ID='check_market_open' AIRFLOW_CTX_EXECUTION_DATE='2026-05-08T03:00:00+00:00' AIRFLOW_CTX_TRY_NUMBER='1' AIRFLOW_CTX_DAG_RUN_ID='scheduled__2026-05-08T03:00:00+00:00'
[2026-05-08T04:31:12.705+0000] {sensors.py:45} INFO - Market open check at 2026-05-08 00:31 ET: False
[2026-05-08T04:31:12.733+0000] {taskinstance.py:2658} INFO - Rescheduling task, marking task as UP_FOR_RESCHEDULE
[2026-05-08T04:31:12.752+0000] {local_task_job_runner.py:234} INFO - Task exited with return code 0
[2026-05-08T04:31:12.792+0000] {taskinstance.py:3280} INFO - 0 downstream tasks scheduled from follow-on schedule check
[2026-05-08T04:46:13.788+0000] {taskinstance.py:1956} INFO - Dependencies all met for dep_context=non-requeueable deps ti=<TaskInstance: fetch_market_data.check_market_open scheduled__2026-05-08T03:00:00+00:00 [queued]>
[2026-05-08T04:46:13.798+0000] {taskinstance.py:1956} INFO - Dependencies all met for dep_context=requeueable deps ti=<TaskInstance: fetch_market_data.check_market_open scheduled__2026-05-08T03:00:00+00:00 [queued]>
[2026-05-08T04:46:13.798+0000] {taskinstance.py:2170} INFO - Starting attempt 1 of 3
[2026-05-08T04:46:13.813+0000] {taskinstance.py:2191} INFO - Executing <Task(MarketOpenSensor): check_market_open> on 2026-05-08 03:00:00+00:00
[2026-05-08T04:46:13.822+0000] {standard_task_runner.py:60} INFO - Started process 1184435 to run task
[2026-05-08T04:46:13.826+0000] {standard_task_runner.py:87} INFO - Running: ['airflow', 'tasks', 'run', 'fetch_market_data', 'check_market_open', 'scheduled__2026-05-08T03:00:00+00:00', '--job-id', '1625', '--raw', '--subdir', 'DAGS_FOLDER/fetch_market_data.py', '--cfg-path', '/tmp/tmpseeiwbfg']
[2026-05-08T04:46:13.828+0000] {standard_task_runner.py:88} INFO - Job 1625: Subtask check_market_open
[2026-05-08T04:46:13.912+0000] {task_command.py:423} INFO - Running <TaskInstance: fetch_market_data.check_market_open scheduled__2026-05-08T03:00:00+00:00 [running]> on host reddit-pipeline-vm
[2026-05-08T04:46:14.029+0000] {taskinstance.py:2480} INFO - Exporting env vars: AIRFLOW_CTX_DAG_OWNER='pipeline' AIRFLOW_CTX_DAG_ID='fetch_market_data' AIRFLOW_CTX_TASK_ID='check_market_open' AIRFLOW_CTX_EXECUTION_DATE='2026-05-08T03:00:00+00:00' AIRFLOW_CTX_TRY_NUMBER='1' AIRFLOW_CTX_DAG_RUN_ID='scheduled__2026-05-08T03:00:00+00:00'
[2026-05-08T04:46:14.046+0000] {sensors.py:45} INFO - Market open check at 2026-05-08 00:46 ET: False
[2026-05-08T04:46:14.074+0000] {taskinstance.py:2658} INFO - Rescheduling task, marking task as UP_FOR_RESCHEDULE
[2026-05-08T04:46:14.122+0000] {local_task_job_runner.py:234} INFO - Task exited with return code 0
[2026-05-08T04:46:14.161+0000] {taskinstance.py:3280} INFO - 0 downstream tasks scheduled from follow-on schedule check
[2026-05-08T05:01:14.918+0000] {taskinstance.py:1956} INFO - Dependencies all met for dep_context=non-requeueable deps ti=<TaskInstance: fetch_market_data.check_market_open scheduled__2026-05-08T03:00:00+00:00 [queued]>
[2026-05-08T05:01:14.927+0000] {taskinstance.py:1956} INFO - Dependencies all met for dep_context=requeueable deps ti=<TaskInstance: fetch_market_data.check_market_open scheduled__2026-05-08T03:00:00+00:00 [queued]>
[2026-05-08T05:01:14.928+0000] {taskinstance.py:2170} INFO - Starting attempt 1 of 3
[2026-05-08T05:01:14.942+0000] {taskinstance.py:2191} INFO - Executing <Task(MarketOpenSensor): check_market_open> on 2026-05-08 03:00:00+00:00
[2026-05-08T05:01:14.948+0000] {standard_task_runner.py:60} INFO - Started process 1185428 to run task
[2026-05-08T05:01:14.952+0000] {standard_task_runner.py:87} INFO - Running: ['airflow', 'tasks', 'run', 'fetch_market_data', 'check_market_open', 'scheduled__2026-05-08T03:00:00+00:00', '--job-id', '1626', '--raw', '--subdir', 'DAGS_FOLDER/fetch_market_data.py', '--cfg-path', '/tmp/tmpy1uvdgqt']
[2026-05-08T05:01:14.954+0000] {standard_task_runner.py:88} INFO - Job 1626: Subtask check_market_open
[2026-05-08T05:01:15.032+0000] {task_command.py:423} INFO - Running <TaskInstance: fetch_market_data.check_market_open scheduled__2026-05-08T03:00:00+00:00 [running]> on host reddit-pipeline-vm
[2026-05-08T05:01:15.145+0000] {taskinstance.py:2480} INFO - Exporting env vars: AIRFLOW_CTX_DAG_OWNER='pipeline' AIRFLOW_CTX_DAG_ID='fetch_market_data' AIRFLOW_CTX_TASK_ID='check_market_open' AIRFLOW_CTX_EXECUTION_DATE='2026-05-08T03:00:00+00:00' AIRFLOW_CTX_TRY_NUMBER='1' AIRFLOW_CTX_DAG_RUN_ID='scheduled__2026-05-08T03:00:00+00:00'
[2026-05-08T05:01:15.162+0000] {sensors.py:45} INFO - Market open check at 2026-05-08 01:01 ET: False
[2026-05-08T05:01:15.163+0000] {taskinstance.py:2360} INFO - Sensor has timed out; run duration of 3604.826383 seconds exceeds the specified timeout of 3600.0.
[2026-05-08T05:01:15.180+0000] {taskinstance.py:1138} INFO - Marking task as SKIPPED. dag_id=fetch_market_data, task_id=check_market_open, execution_date=20260508T030000, start_date=20260508T050114, end_date=20260508T050115
[2026-05-08T05:01:15.205+0000] {local_task_job_runner.py:234} INFO - Task exited with return code 0
[2026-05-08T05:01:15.255+0000] {taskinstance.py:3280} INFO - 0 downstream tasks scheduled from follow-on schedule check
