[2026-04-30T19:15:11.915+0000] {taskinstance.py:1956} INFO - Dependencies all met for dep_context=non-requeueable deps ti=<TaskInstance: run_dbt_models.dbt_run manual__2026-04-30T19:15:11.334051+00:00 [queued]>
[2026-04-30T19:15:11.922+0000] {taskinstance.py:1956} INFO - Dependencies all met for dep_context=requeueable deps ti=<TaskInstance: run_dbt_models.dbt_run manual__2026-04-30T19:15:11.334051+00:00 [queued]>
[2026-04-30T19:15:11.922+0000] {taskinstance.py:2170} INFO - Starting attempt 1 of 2
[2026-04-30T19:15:11.934+0000] {taskinstance.py:2191} INFO - Executing <Task(BashOperator): dbt_run> on 2026-04-30 19:15:11.334051+00:00
[2026-04-30T19:15:11.939+0000] {standard_task_runner.py:60} INFO - Started process 622811 to run task
[2026-04-30T19:15:11.942+0000] {standard_task_runner.py:87} INFO - Running: ['airflow', 'tasks', 'run', 'run_dbt_models', 'dbt_run', 'manual__2026-04-30T19:15:11.334051+00:00', '--job-id', '139', '--raw', '--subdir', 'DAGS_FOLDER/run_dbt_models.py', '--cfg-path', '/tmp/tmp9bcmpwzp']
[2026-04-30T19:15:11.944+0000] {standard_task_runner.py:88} INFO - Job 139: Subtask dbt_run
[2026-04-30T19:15:12.020+0000] {task_command.py:423} INFO - Running <TaskInstance: run_dbt_models.dbt_run manual__2026-04-30T19:15:11.334051+00:00 [running]> on host reddit-pipeline-vm
[2026-04-30T19:15:12.138+0000] {taskinstance.py:2480} INFO - Exporting env vars: AIRFLOW_CTX_DAG_OWNER='pipeline' AIRFLOW_CTX_DAG_ID='run_dbt_models' AIRFLOW_CTX_TASK_ID='dbt_run' AIRFLOW_CTX_EXECUTION_DATE='2026-04-30T19:15:11.334051+00:00' AIRFLOW_CTX_TRY_NUMBER='1' AIRFLOW_CTX_DAG_RUN_ID='manual__2026-04-30T19:15:11.334051+00:00'
[2026-04-30T19:15:12.138+0000] {subprocess.py:63} INFO - Tmp dir root location: /tmp
[2026-04-30T19:15:12.139+0000] {subprocess.py:75} INFO - Running command: ['/usr/bin/bash', '-c', 'cd /home/ubuntu/github_repo/Stock-Market-Intelligence-Pipeline/dbt_project && /home/ubuntu/github_repo/Stock-Market-Intelligence-Pipeline/venv/bin/dbt run --profiles-dir /home/ubuntu/github_repo/Stock-Market-Intelligence-Pipeline/dbt_project']
[2026-04-30T19:15:12.150+0000] {subprocess.py:86} INFO - Output:
[2026-04-30T19:15:14.065+0000] {subprocess.py:93} INFO - [0m19:15:14  Running with dbt=1.7.0
[2026-04-30T19:15:14.318+0000] {subprocess.py:93} INFO - [0m19:15:14  Registered adapter: postgres=1.7.0
[2026-04-30T19:15:14.372+0000] {subprocess.py:93} INFO - [0m19:15:14  Found 5 models, 8 tests, 0 sources, 0 exposures, 0 metrics, 401 macros, 0 groups, 0 semantic models
[2026-04-30T19:15:14.375+0000] {subprocess.py:93} INFO - [0m19:15:14
[2026-04-30T19:15:14.510+0000] {subprocess.py:93} INFO - [0m19:15:14  Concurrency: 2 threads (target='dev')
[2026-04-30T19:15:14.512+0000] {subprocess.py:93} INFO - [0m19:15:14
[2026-04-30T19:15:14.514+0000] {subprocess.py:93} INFO - [0m19:15:14  1 of 5 START sql view model public_staging.stg_prices .......................... [RUN]
[2026-04-30T19:15:14.628+0000] {subprocess.py:93} INFO - [0m19:15:14  1 of 5 OK created sql view model public_staging.stg_prices ..................... [[32mCREATE VIEW[0m in 0.11s]
[2026-04-30T19:15:14.631+0000] {subprocess.py:93} INFO - [0m19:15:14  2 of 5 START sql view model public_staging.int_price_with_returns .............. [RUN]
[2026-04-30T19:15:14.686+0000] {subprocess.py:93} INFO - [0m19:15:14  2 of 5 OK created sql view model public_staging.int_price_with_returns ......... [[32mCREATE VIEW[0m in 0.05s]
[2026-04-30T19:15:14.687+0000] {subprocess.py:93} INFO - [0m19:15:14  3 of 5 START sql table model public.fact_prices ................................ [RUN]
[2026-04-30T19:15:14.787+0000] {subprocess.py:93} INFO - [0m19:15:14  3 of 5 OK created sql table model public.fact_prices ........................... [[32mSELECT 3549[0m in 0.10s]
[2026-04-30T19:15:14.788+0000] {subprocess.py:93} INFO - [0m19:15:14  4 of 5 START sql table model public.fact_indicators ............................ [RUN]
[2026-04-30T19:15:15.001+0000] {subprocess.py:93} INFO - [0m19:15:15  4 of 5 OK created sql table model public.fact_indicators ....................... [[32mSELECT 3549[0m in 0.21s]
[2026-04-30T19:15:15.002+0000] {subprocess.py:93} INFO - [0m19:15:15  5 of 5 START sql table model public.fact_alerts ................................ [RUN]
[2026-04-30T19:15:15.082+0000] {subprocess.py:93} INFO - [0m19:15:15  5 of 5 OK created sql table model public.fact_alerts ........................... [[32mSELECT 2034[0m in 0.08s]
[2026-04-30T19:15:15.104+0000] {subprocess.py:93} INFO - [0m19:15:15
[2026-04-30T19:15:15.104+0000] {subprocess.py:93} INFO - [0m19:15:15  Finished running 2 view models, 3 table models in 0 hours 0 minutes and 0.73 seconds (0.73s).
[2026-04-30T19:15:15.116+0000] {subprocess.py:93} INFO - [0m19:15:15
[2026-04-30T19:15:15.117+0000] {subprocess.py:93} INFO - [0m19:15:15  [32mCompleted successfully[0m
[2026-04-30T19:15:15.117+0000] {subprocess.py:93} INFO - [0m19:15:15
[2026-04-30T19:15:15.117+0000] {subprocess.py:93} INFO - [0m19:15:15  Done. PASS=5 WARN=0 ERROR=0 SKIP=0 TOTAL=5
[2026-04-30T19:15:16.907+0000] {subprocess.py:97} INFO - Command exited with return code 0
[2026-04-30T19:15:16.953+0000] {taskinstance.py:1138} INFO - Marking task as SUCCESS. dag_id=run_dbt_models, task_id=dbt_run, execution_date=20260430T191511, start_date=20260430T191511, end_date=20260430T191516
[2026-04-30T19:15:17.019+0000] {local_task_job_runner.py:234} INFO - Task exited with return code 0
[2026-04-30T19:15:17.047+0000] {taskinstance.py:3280} INFO - 1 downstream tasks scheduled from follow-on schedule check
