[2026-04-30T19:30:11.371+0000] {taskinstance.py:1956} INFO - Dependencies all met for dep_context=non-requeueable deps ti=<TaskInstance: run_dbt_models.dbt_run manual__2026-04-30T19:30:10.843592+00:00 [queued]>
[2026-04-30T19:30:11.378+0000] {taskinstance.py:1956} INFO - Dependencies all met for dep_context=requeueable deps ti=<TaskInstance: run_dbt_models.dbt_run manual__2026-04-30T19:30:10.843592+00:00 [queued]>
[2026-04-30T19:30:11.378+0000] {taskinstance.py:2170} INFO - Starting attempt 1 of 2
[2026-04-30T19:30:11.390+0000] {taskinstance.py:2191} INFO - Executing <Task(BashOperator): dbt_run> on 2026-04-30 19:30:10.843592+00:00
[2026-04-30T19:30:11.395+0000] {standard_task_runner.py:60} INFO - Started process 623859 to run task
[2026-04-30T19:30:11.398+0000] {standard_task_runner.py:87} INFO - Running: ['airflow', 'tasks', 'run', 'run_dbt_models', 'dbt_run', 'manual__2026-04-30T19:30:10.843592+00:00', '--job-id', '150', '--raw', '--subdir', 'DAGS_FOLDER/run_dbt_models.py', '--cfg-path', '/tmp/tmpdukr2jld']
[2026-04-30T19:30:11.399+0000] {standard_task_runner.py:88} INFO - Job 150: Subtask dbt_run
[2026-04-30T19:30:11.472+0000] {task_command.py:423} INFO - Running <TaskInstance: run_dbt_models.dbt_run manual__2026-04-30T19:30:10.843592+00:00 [running]> on host reddit-pipeline-vm
[2026-04-30T19:30:11.582+0000] {taskinstance.py:2480} INFO - Exporting env vars: AIRFLOW_CTX_DAG_OWNER='pipeline' AIRFLOW_CTX_DAG_ID='run_dbt_models' AIRFLOW_CTX_TASK_ID='dbt_run' AIRFLOW_CTX_EXECUTION_DATE='2026-04-30T19:30:10.843592+00:00' AIRFLOW_CTX_TRY_NUMBER='1' AIRFLOW_CTX_DAG_RUN_ID='manual__2026-04-30T19:30:10.843592+00:00'
[2026-04-30T19:30:11.583+0000] {subprocess.py:63} INFO - Tmp dir root location: /tmp
[2026-04-30T19:30:11.583+0000] {subprocess.py:75} INFO - Running command: ['/usr/bin/bash', '-c', 'cd /home/ubuntu/github_repo/Stock-Market-Intelligence-Pipeline/dbt_project && /home/ubuntu/github_repo/Stock-Market-Intelligence-Pipeline/venv/bin/dbt run --profiles-dir /home/ubuntu/github_repo/Stock-Market-Intelligence-Pipeline/dbt_project']
[2026-04-30T19:30:11.593+0000] {subprocess.py:86} INFO - Output:
[2026-04-30T19:30:13.357+0000] {subprocess.py:93} INFO - [0m19:30:13  Running with dbt=1.7.0
[2026-04-30T19:30:13.606+0000] {subprocess.py:93} INFO - [0m19:30:13  Registered adapter: postgres=1.7.0
[2026-04-30T19:30:13.655+0000] {subprocess.py:93} INFO - [0m19:30:13  Found 5 models, 8 tests, 0 sources, 0 exposures, 0 metrics, 401 macros, 0 groups, 0 semantic models
[2026-04-30T19:30:13.657+0000] {subprocess.py:93} INFO - [0m19:30:13
[2026-04-30T19:30:13.785+0000] {subprocess.py:93} INFO - [0m19:30:13  Concurrency: 2 threads (target='dev')
[2026-04-30T19:30:13.787+0000] {subprocess.py:93} INFO - [0m19:30:13
[2026-04-30T19:30:13.789+0000] {subprocess.py:93} INFO - [0m19:30:13  1 of 5 START sql view model public_staging.stg_prices .......................... [RUN]
[2026-04-30T19:30:13.896+0000] {subprocess.py:93} INFO - [0m19:30:13  1 of 5 OK created sql view model public_staging.stg_prices ..................... [[32mCREATE VIEW[0m in 0.11s]
[2026-04-30T19:30:13.899+0000] {subprocess.py:93} INFO - [0m19:30:13  2 of 5 START sql view model public_staging.int_price_with_returns .............. [RUN]
[2026-04-30T19:30:13.946+0000] {subprocess.py:93} INFO - [0m19:30:13  2 of 5 OK created sql view model public_staging.int_price_with_returns ......... [[32mCREATE VIEW[0m in 0.05s]
[2026-04-30T19:30:13.948+0000] {subprocess.py:93} INFO - [0m19:30:13  3 of 5 START sql table model public.fact_prices ................................ [RUN]
[2026-04-30T19:30:14.038+0000] {subprocess.py:93} INFO - [0m19:30:14  3 of 5 OK created sql table model public.fact_prices ........................... [[32mSELECT 3549[0m in 0.09s]
[2026-04-30T19:30:14.041+0000] {subprocess.py:93} INFO - [0m19:30:14  4 of 5 START sql table model public.fact_indicators ............................ [RUN]
[2026-04-30T19:30:14.228+0000] {subprocess.py:93} INFO - [0m19:30:14  4 of 5 OK created sql table model public.fact_indicators ....................... [[32mSELECT 3549[0m in 0.19s]
[2026-04-30T19:30:14.230+0000] {subprocess.py:93} INFO - [0m19:30:14  5 of 5 START sql table model public.fact_alerts ................................ [RUN]
[2026-04-30T19:30:14.306+0000] {subprocess.py:93} INFO - [0m19:30:14  5 of 5 OK created sql table model public.fact_alerts ........................... [[32mSELECT 2034[0m in 0.07s]
[2026-04-30T19:30:14.327+0000] {subprocess.py:93} INFO - [0m19:30:14
[2026-04-30T19:30:14.327+0000] {subprocess.py:93} INFO - [0m19:30:14  Finished running 2 view models, 3 table models in 0 hours 0 minutes and 0.67 seconds (0.67s).
[2026-04-30T19:30:14.337+0000] {subprocess.py:93} INFO - [0m19:30:14
[2026-04-30T19:30:14.337+0000] {subprocess.py:93} INFO - [0m19:30:14  [32mCompleted successfully[0m
[2026-04-30T19:30:14.338+0000] {subprocess.py:93} INFO - [0m19:30:14
[2026-04-30T19:30:14.338+0000] {subprocess.py:93} INFO - [0m19:30:14  Done. PASS=5 WARN=0 ERROR=0 SKIP=0 TOTAL=5
[2026-04-30T19:30:15.994+0000] {subprocess.py:97} INFO - Command exited with return code 0
[2026-04-30T19:30:16.039+0000] {taskinstance.py:1138} INFO - Marking task as SUCCESS. dag_id=run_dbt_models, task_id=dbt_run, execution_date=20260430T193010, start_date=20260430T193011, end_date=20260430T193016
[2026-04-30T19:30:16.065+0000] {local_task_job_runner.py:234} INFO - Task exited with return code 0
[2026-04-30T19:30:16.096+0000] {taskinstance.py:3280} INFO - 1 downstream tasks scheduled from follow-on schedule check
