[2026-05-07T00:00:25.578+0000] {taskinstance.py:1956} INFO - Dependencies all met for dep_context=non-requeueable deps ti=<TaskInstance: fetch_market_data.check_market_open scheduled__2026-05-06T23:00:00+00:00 [queued]>
[2026-05-07T00:00:25.584+0000] {taskinstance.py:1956} INFO - Dependencies all met for dep_context=requeueable deps ti=<TaskInstance: fetch_market_data.check_market_open scheduled__2026-05-06T23:00:00+00:00 [queued]>
[2026-05-07T00:00:25.585+0000] {taskinstance.py:2170} INFO - Starting attempt 1 of 3
[2026-05-07T00:00:25.596+0000] {taskinstance.py:2191} INFO - Executing <Task(MarketOpenSensor): check_market_open> on 2026-05-06 23:00:00+00:00
[2026-05-07T00:00:25.602+0000] {standard_task_runner.py:60} INFO - Started process 1067553 to run task
[2026-05-07T00:00:25.605+0000] {standard_task_runner.py:87} INFO - Running: ['airflow', 'tasks', 'run', 'fetch_market_data', 'check_market_open', 'scheduled__2026-05-06T23:00:00+00:00', '--job-id', '1438', '--raw', '--subdir', 'DAGS_FOLDER/fetch_market_data.py', '--cfg-path', '/tmp/tmplte3o9op']
[2026-05-07T00:00:25.607+0000] {standard_task_runner.py:88} INFO - Job 1438: Subtask check_market_open
[2026-05-07T00:00:25.672+0000] {task_command.py:423} INFO - Running <TaskInstance: fetch_market_data.check_market_open scheduled__2026-05-06T23:00:00+00:00 [running]> on host reddit-pipeline-vm
[2026-05-07T00:00:25.767+0000] {taskinstance.py:2480} INFO - Exporting env vars: AIRFLOW_CTX_DAG_OWNER='pipeline' AIRFLOW_CTX_DAG_ID='fetch_market_data' AIRFLOW_CTX_TASK_ID='check_market_open' AIRFLOW_CTX_EXECUTION_DATE='2026-05-06T23:00:00+00:00' AIRFLOW_CTX_TRY_NUMBER='1' AIRFLOW_CTX_DAG_RUN_ID='scheduled__2026-05-06T23:00:00+00:00'
[2026-05-07T00:00:25.782+0000] {sensors.py:45} INFO - Market open check at 2026-05-06 20:00 ET: False
[2026-05-07T00:00:25.804+0000] {taskinstance.py:2658} INFO - Rescheduling task, marking task as UP_FOR_RESCHEDULE
[2026-05-07T00:00:25.818+0000] {local_task_job_runner.py:234} INFO - Task exited with return code 0
[2026-05-07T00:00:25.852+0000] {taskinstance.py:3280} INFO - 0 downstream tasks scheduled from follow-on schedule check
[2026-05-07T00:15:26.622+0000] {taskinstance.py:1956} INFO - Dependencies all met for dep_context=non-requeueable deps ti=<TaskInstance: fetch_market_data.check_market_open scheduled__2026-05-06T23:00:00+00:00 [queued]>
[2026-05-07T00:15:26.631+0000] {taskinstance.py:1956} INFO - Dependencies all met for dep_context=requeueable deps ti=<TaskInstance: fetch_market_data.check_market_open scheduled__2026-05-06T23:00:00+00:00 [queued]>
[2026-05-07T00:15:26.632+0000] {taskinstance.py:2170} INFO - Starting attempt 1 of 3
[2026-05-07T00:15:26.647+0000] {taskinstance.py:2191} INFO - Executing <Task(MarketOpenSensor): check_market_open> on 2026-05-06 23:00:00+00:00
[2026-05-07T00:15:26.654+0000] {standard_task_runner.py:60} INFO - Started process 1068512 to run task
[2026-05-07T00:15:26.657+0000] {standard_task_runner.py:87} INFO - Running: ['airflow', 'tasks', 'run', 'fetch_market_data', 'check_market_open', 'scheduled__2026-05-06T23:00:00+00:00', '--job-id', '1439', '--raw', '--subdir', 'DAGS_FOLDER/fetch_market_data.py', '--cfg-path', '/tmp/tmp6lhmww7o']
[2026-05-07T00:15:26.660+0000] {standard_task_runner.py:88} INFO - Job 1439: Subtask check_market_open
[2026-05-07T00:15:26.738+0000] {task_command.py:423} INFO - Running <TaskInstance: fetch_market_data.check_market_open scheduled__2026-05-06T23:00:00+00:00 [running]> on host reddit-pipeline-vm
[2026-05-07T00:15:26.850+0000] {taskinstance.py:2480} INFO - Exporting env vars: AIRFLOW_CTX_DAG_OWNER='pipeline' AIRFLOW_CTX_DAG_ID='fetch_market_data' AIRFLOW_CTX_TASK_ID='check_market_open' AIRFLOW_CTX_EXECUTION_DATE='2026-05-06T23:00:00+00:00' AIRFLOW_CTX_TRY_NUMBER='1' AIRFLOW_CTX_DAG_RUN_ID='scheduled__2026-05-06T23:00:00+00:00'
[2026-05-07T00:15:26.867+0000] {sensors.py:45} INFO - Market open check at 2026-05-06 20:15 ET: False
[2026-05-07T00:15:26.896+0000] {taskinstance.py:2658} INFO - Rescheduling task, marking task as UP_FOR_RESCHEDULE
[2026-05-07T00:15:26.913+0000] {local_task_job_runner.py:234} INFO - Task exited with return code 0
[2026-05-07T00:15:26.951+0000] {taskinstance.py:3280} INFO - 0 downstream tasks scheduled from follow-on schedule check
[2026-05-07T00:30:27.934+0000] {taskinstance.py:1956} INFO - Dependencies all met for dep_context=non-requeueable deps ti=<TaskInstance: fetch_market_data.check_market_open scheduled__2026-05-06T23:00:00+00:00 [queued]>
[2026-05-07T00:30:27.943+0000] {taskinstance.py:1956} INFO - Dependencies all met for dep_context=requeueable deps ti=<TaskInstance: fetch_market_data.check_market_open scheduled__2026-05-06T23:00:00+00:00 [queued]>
[2026-05-07T00:30:27.944+0000] {taskinstance.py:2170} INFO - Starting attempt 1 of 3
[2026-05-07T00:30:27.958+0000] {taskinstance.py:2191} INFO - Executing <Task(MarketOpenSensor): check_market_open> on 2026-05-06 23:00:00+00:00
[2026-05-07T00:30:27.964+0000] {standard_task_runner.py:60} INFO - Started process 1069529 to run task
[2026-05-07T00:30:27.968+0000] {standard_task_runner.py:87} INFO - Running: ['airflow', 'tasks', 'run', 'fetch_market_data', 'check_market_open', 'scheduled__2026-05-06T23:00:00+00:00', '--job-id', '1440', '--raw', '--subdir', 'DAGS_FOLDER/fetch_market_data.py', '--cfg-path', '/tmp/tmp0j4t4z1h']
[2026-05-07T00:30:27.970+0000] {standard_task_runner.py:88} INFO - Job 1440: Subtask check_market_open
[2026-05-07T00:30:28.041+0000] {task_command.py:423} INFO - Running <TaskInstance: fetch_market_data.check_market_open scheduled__2026-05-06T23:00:00+00:00 [running]> on host reddit-pipeline-vm
[2026-05-07T00:30:28.150+0000] {taskinstance.py:2480} INFO - Exporting env vars: AIRFLOW_CTX_DAG_OWNER='pipeline' AIRFLOW_CTX_DAG_ID='fetch_market_data' AIRFLOW_CTX_TASK_ID='check_market_open' AIRFLOW_CTX_EXECUTION_DATE='2026-05-06T23:00:00+00:00' AIRFLOW_CTX_TRY_NUMBER='1' AIRFLOW_CTX_DAG_RUN_ID='scheduled__2026-05-06T23:00:00+00:00'
[2026-05-07T00:30:28.167+0000] {sensors.py:45} INFO - Market open check at 2026-05-06 20:30 ET: False
[2026-05-07T00:30:28.194+0000] {taskinstance.py:2658} INFO - Rescheduling task, marking task as UP_FOR_RESCHEDULE
[2026-05-07T00:30:28.220+0000] {local_task_job_runner.py:234} INFO - Task exited with return code 0
[2026-05-07T00:30:28.260+0000] {taskinstance.py:3280} INFO - 0 downstream tasks scheduled from follow-on schedule check
[2026-05-07T00:45:29.567+0000] {taskinstance.py:1956} INFO - Dependencies all met for dep_context=non-requeueable deps ti=<TaskInstance: fetch_market_data.check_market_open scheduled__2026-05-06T23:00:00+00:00 [queued]>
[2026-05-07T00:45:29.577+0000] {taskinstance.py:1956} INFO - Dependencies all met for dep_context=requeueable deps ti=<TaskInstance: fetch_market_data.check_market_open scheduled__2026-05-06T23:00:00+00:00 [queued]>
[2026-05-07T00:45:29.578+0000] {taskinstance.py:2170} INFO - Starting attempt 1 of 3
[2026-05-07T00:45:29.593+0000] {taskinstance.py:2191} INFO - Executing <Task(MarketOpenSensor): check_market_open> on 2026-05-06 23:00:00+00:00
[2026-05-07T00:45:29.600+0000] {standard_task_runner.py:60} INFO - Started process 1070524 to run task
[2026-05-07T00:45:29.604+0000] {standard_task_runner.py:87} INFO - Running: ['airflow', 'tasks', 'run', 'fetch_market_data', 'check_market_open', 'scheduled__2026-05-06T23:00:00+00:00', '--job-id', '1441', '--raw', '--subdir', 'DAGS_FOLDER/fetch_market_data.py', '--cfg-path', '/tmp/tmpmd_jta72']
[2026-05-07T00:45:29.606+0000] {standard_task_runner.py:88} INFO - Job 1441: Subtask check_market_open
[2026-05-07T00:45:29.682+0000] {task_command.py:423} INFO - Running <TaskInstance: fetch_market_data.check_market_open scheduled__2026-05-06T23:00:00+00:00 [running]> on host reddit-pipeline-vm
[2026-05-07T00:45:29.790+0000] {taskinstance.py:2480} INFO - Exporting env vars: AIRFLOW_CTX_DAG_OWNER='pipeline' AIRFLOW_CTX_DAG_ID='fetch_market_data' AIRFLOW_CTX_TASK_ID='check_market_open' AIRFLOW_CTX_EXECUTION_DATE='2026-05-06T23:00:00+00:00' AIRFLOW_CTX_TRY_NUMBER='1' AIRFLOW_CTX_DAG_RUN_ID='scheduled__2026-05-06T23:00:00+00:00'
[2026-05-07T00:45:29.807+0000] {sensors.py:45} INFO - Market open check at 2026-05-06 20:45 ET: False
[2026-05-07T00:45:29.835+0000] {taskinstance.py:2658} INFO - Rescheduling task, marking task as UP_FOR_RESCHEDULE
[2026-05-07T00:45:29.857+0000] {local_task_job_runner.py:234} INFO - Task exited with return code 0
[2026-05-07T00:45:29.895+0000] {taskinstance.py:3280} INFO - 0 downstream tasks scheduled from follow-on schedule check
[2026-05-07T01:00:31.313+0000] {taskinstance.py:1956} INFO - Dependencies all met for dep_context=non-requeueable deps ti=<TaskInstance: fetch_market_data.check_market_open scheduled__2026-05-06T23:00:00+00:00 [queued]>
[2026-05-07T01:00:31.323+0000] {taskinstance.py:1956} INFO - Dependencies all met for dep_context=requeueable deps ti=<TaskInstance: fetch_market_data.check_market_open scheduled__2026-05-06T23:00:00+00:00 [queued]>
[2026-05-07T01:00:31.323+0000] {taskinstance.py:2170} INFO - Starting attempt 1 of 3
[2026-05-07T01:00:31.337+0000] {taskinstance.py:2191} INFO - Executing <Task(MarketOpenSensor): check_market_open> on 2026-05-06 23:00:00+00:00
[2026-05-07T01:00:31.344+0000] {standard_task_runner.py:60} INFO - Started process 1071664 to run task
[2026-05-07T01:00:31.347+0000] {standard_task_runner.py:87} INFO - Running: ['airflow', 'tasks', 'run', 'fetch_market_data', 'check_market_open', 'scheduled__2026-05-06T23:00:00+00:00', '--job-id', '1442', '--raw', '--subdir', 'DAGS_FOLDER/fetch_market_data.py', '--cfg-path', '/tmp/tmpnxpuqv52']
[2026-05-07T01:00:31.350+0000] {standard_task_runner.py:88} INFO - Job 1442: Subtask check_market_open
[2026-05-07T01:00:31.422+0000] {task_command.py:423} INFO - Running <TaskInstance: fetch_market_data.check_market_open scheduled__2026-05-06T23:00:00+00:00 [running]> on host reddit-pipeline-vm
[2026-05-07T01:00:31.528+0000] {taskinstance.py:2480} INFO - Exporting env vars: AIRFLOW_CTX_DAG_OWNER='pipeline' AIRFLOW_CTX_DAG_ID='fetch_market_data' AIRFLOW_CTX_TASK_ID='check_market_open' AIRFLOW_CTX_EXECUTION_DATE='2026-05-06T23:00:00+00:00' AIRFLOW_CTX_TRY_NUMBER='1' AIRFLOW_CTX_DAG_RUN_ID='scheduled__2026-05-06T23:00:00+00:00'
[2026-05-07T01:00:31.545+0000] {sensors.py:45} INFO - Market open check at 2026-05-06 21:00 ET: False
[2026-05-07T01:00:31.545+0000] {taskinstance.py:2360} INFO - Sensor has timed out; run duration of 3605.843967 seconds exceeds the specified timeout of 3600.0.
[2026-05-07T01:00:31.561+0000] {taskinstance.py:1138} INFO - Marking task as SKIPPED. dag_id=fetch_market_data, task_id=check_market_open, execution_date=20260506T230000, start_date=20260507T010031, end_date=20260507T010031
[2026-05-07T01:00:31.600+0000] {local_task_job_runner.py:234} INFO - Task exited with return code 0
[2026-05-07T01:00:31.647+0000] {taskinstance.py:3280} INFO - 0 downstream tasks scheduled from follow-on schedule check
