[2026-05-12T09:01:46.712+0000] {taskinstance.py:1956} INFO - Dependencies all met for dep_context=non-requeueable deps ti=<TaskInstance: fetch_market_data.check_market_open scheduled__2026-05-12T08:00:00+00:00 [queued]>
[2026-05-12T09:01:46.718+0000] {taskinstance.py:1956} INFO - Dependencies all met for dep_context=requeueable deps ti=<TaskInstance: fetch_market_data.check_market_open scheduled__2026-05-12T08:00:00+00:00 [queued]>
[2026-05-12T09:01:46.719+0000] {taskinstance.py:2170} INFO - Starting attempt 1 of 3
[2026-05-12T09:01:46.731+0000] {taskinstance.py:2191} INFO - Executing <Task(MarketOpenSensor): check_market_open> on 2026-05-12 08:00:00+00:00
[2026-05-12T09:01:46.737+0000] {standard_task_runner.py:60} INFO - Started process 1584426 to run task
[2026-05-12T09:01:46.740+0000] {standard_task_runner.py:87} INFO - Running: ['airflow', 'tasks', 'run', 'fetch_market_data', 'check_market_open', 'scheduled__2026-05-12T08:00:00+00:00', '--job-id', '1975', '--raw', '--subdir', 'DAGS_FOLDER/fetch_market_data.py', '--cfg-path', '/tmp/tmpxda0l_qp']
[2026-05-12T09:01:46.742+0000] {standard_task_runner.py:88} INFO - Job 1975: Subtask check_market_open
[2026-05-12T09:01:46.808+0000] {task_command.py:423} INFO - Running <TaskInstance: fetch_market_data.check_market_open scheduled__2026-05-12T08:00:00+00:00 [running]> on host reddit-pipeline-vm
[2026-05-12T09:01:46.902+0000] {taskinstance.py:2480} INFO - Exporting env vars: AIRFLOW_CTX_DAG_OWNER='pipeline' AIRFLOW_CTX_DAG_ID='fetch_market_data' AIRFLOW_CTX_TASK_ID='check_market_open' AIRFLOW_CTX_EXECUTION_DATE='2026-05-12T08:00:00+00:00' AIRFLOW_CTX_TRY_NUMBER='1' AIRFLOW_CTX_DAG_RUN_ID='scheduled__2026-05-12T08:00:00+00:00'
[2026-05-12T09:01:46.916+0000] {sensors.py:45} INFO - Market open check at 2026-05-12 05:01 ET: False
[2026-05-12T09:01:46.938+0000] {taskinstance.py:2658} INFO - Rescheduling task, marking task as UP_FOR_RESCHEDULE
[2026-05-12T09:01:46.953+0000] {local_task_job_runner.py:234} INFO - Task exited with return code 0
[2026-05-12T09:01:46.986+0000] {taskinstance.py:3280} INFO - 0 downstream tasks scheduled from follow-on schedule check
[2026-05-12T09:16:48.341+0000] {taskinstance.py:1956} INFO - Dependencies all met for dep_context=non-requeueable deps ti=<TaskInstance: fetch_market_data.check_market_open scheduled__2026-05-12T08:00:00+00:00 [queued]>
[2026-05-12T09:16:48.349+0000] {taskinstance.py:1956} INFO - Dependencies all met for dep_context=requeueable deps ti=<TaskInstance: fetch_market_data.check_market_open scheduled__2026-05-12T08:00:00+00:00 [queued]>
[2026-05-12T09:16:48.350+0000] {taskinstance.py:2170} INFO - Starting attempt 1 of 3
[2026-05-12T09:16:48.363+0000] {taskinstance.py:2191} INFO - Executing <Task(MarketOpenSensor): check_market_open> on 2026-05-12 08:00:00+00:00
[2026-05-12T09:16:48.369+0000] {standard_task_runner.py:60} INFO - Started process 1585365 to run task
[2026-05-12T09:16:48.372+0000] {standard_task_runner.py:87} INFO - Running: ['airflow', 'tasks', 'run', 'fetch_market_data', 'check_market_open', 'scheduled__2026-05-12T08:00:00+00:00', '--job-id', '1976', '--raw', '--subdir', 'DAGS_FOLDER/fetch_market_data.py', '--cfg-path', '/tmp/tmpf3r1jnbu']
[2026-05-12T09:16:48.374+0000] {standard_task_runner.py:88} INFO - Job 1976: Subtask check_market_open
[2026-05-12T09:16:48.444+0000] {task_command.py:423} INFO - Running <TaskInstance: fetch_market_data.check_market_open scheduled__2026-05-12T08:00:00+00:00 [running]> on host reddit-pipeline-vm
[2026-05-12T09:16:48.546+0000] {taskinstance.py:2480} INFO - Exporting env vars: AIRFLOW_CTX_DAG_OWNER='pipeline' AIRFLOW_CTX_DAG_ID='fetch_market_data' AIRFLOW_CTX_TASK_ID='check_market_open' AIRFLOW_CTX_EXECUTION_DATE='2026-05-12T08:00:00+00:00' AIRFLOW_CTX_TRY_NUMBER='1' AIRFLOW_CTX_DAG_RUN_ID='scheduled__2026-05-12T08:00:00+00:00'
[2026-05-12T09:16:48.562+0000] {sensors.py:45} INFO - Market open check at 2026-05-12 05:16 ET: False
[2026-05-12T09:16:48.587+0000] {taskinstance.py:2658} INFO - Rescheduling task, marking task as UP_FOR_RESCHEDULE
[2026-05-12T09:16:48.629+0000] {local_task_job_runner.py:234} INFO - Task exited with return code 0
[2026-05-12T09:16:48.665+0000] {taskinstance.py:3280} INFO - 0 downstream tasks scheduled from follow-on schedule check
[2026-05-12T09:31:49.111+0000] {taskinstance.py:1956} INFO - Dependencies all met for dep_context=non-requeueable deps ti=<TaskInstance: fetch_market_data.check_market_open scheduled__2026-05-12T08:00:00+00:00 [queued]>
[2026-05-12T09:31:49.118+0000] {taskinstance.py:1956} INFO - Dependencies all met for dep_context=requeueable deps ti=<TaskInstance: fetch_market_data.check_market_open scheduled__2026-05-12T08:00:00+00:00 [queued]>
[2026-05-12T09:31:49.118+0000] {taskinstance.py:2170} INFO - Starting attempt 1 of 3
[2026-05-12T09:31:49.129+0000] {taskinstance.py:2191} INFO - Executing <Task(MarketOpenSensor): check_market_open> on 2026-05-12 08:00:00+00:00
[2026-05-12T09:31:49.135+0000] {standard_task_runner.py:60} INFO - Started process 1586328 to run task
[2026-05-12T09:31:49.138+0000] {standard_task_runner.py:87} INFO - Running: ['airflow', 'tasks', 'run', 'fetch_market_data', 'check_market_open', 'scheduled__2026-05-12T08:00:00+00:00', '--job-id', '1977', '--raw', '--subdir', 'DAGS_FOLDER/fetch_market_data.py', '--cfg-path', '/tmp/tmppa0qs17_']
[2026-05-12T09:31:49.140+0000] {standard_task_runner.py:88} INFO - Job 1977: Subtask check_market_open
[2026-05-12T09:31:49.202+0000] {task_command.py:423} INFO - Running <TaskInstance: fetch_market_data.check_market_open scheduled__2026-05-12T08:00:00+00:00 [running]> on host reddit-pipeline-vm
[2026-05-12T09:31:49.291+0000] {taskinstance.py:2480} INFO - Exporting env vars: AIRFLOW_CTX_DAG_OWNER='pipeline' AIRFLOW_CTX_DAG_ID='fetch_market_data' AIRFLOW_CTX_TASK_ID='check_market_open' AIRFLOW_CTX_EXECUTION_DATE='2026-05-12T08:00:00+00:00' AIRFLOW_CTX_TRY_NUMBER='1' AIRFLOW_CTX_DAG_RUN_ID='scheduled__2026-05-12T08:00:00+00:00'
[2026-05-12T09:31:49.305+0000] {sensors.py:45} INFO - Market open check at 2026-05-12 05:31 ET: False
[2026-05-12T09:31:49.327+0000] {taskinstance.py:2658} INFO - Rescheduling task, marking task as UP_FOR_RESCHEDULE
[2026-05-12T09:31:49.352+0000] {local_task_job_runner.py:234} INFO - Task exited with return code 0
[2026-05-12T09:31:49.383+0000] {taskinstance.py:3280} INFO - 0 downstream tasks scheduled from follow-on schedule check
[2026-05-12T09:46:50.646+0000] {taskinstance.py:1956} INFO - Dependencies all met for dep_context=non-requeueable deps ti=<TaskInstance: fetch_market_data.check_market_open scheduled__2026-05-12T08:00:00+00:00 [queued]>
[2026-05-12T09:46:50.653+0000] {taskinstance.py:1956} INFO - Dependencies all met for dep_context=requeueable deps ti=<TaskInstance: fetch_market_data.check_market_open scheduled__2026-05-12T08:00:00+00:00 [queued]>
[2026-05-12T09:46:50.654+0000] {taskinstance.py:2170} INFO - Starting attempt 1 of 3
[2026-05-12T09:46:50.665+0000] {taskinstance.py:2191} INFO - Executing <Task(MarketOpenSensor): check_market_open> on 2026-05-12 08:00:00+00:00
[2026-05-12T09:46:50.671+0000] {standard_task_runner.py:60} INFO - Started process 1587280 to run task
[2026-05-12T09:46:50.675+0000] {standard_task_runner.py:87} INFO - Running: ['airflow', 'tasks', 'run', 'fetch_market_data', 'check_market_open', 'scheduled__2026-05-12T08:00:00+00:00', '--job-id', '1978', '--raw', '--subdir', 'DAGS_FOLDER/fetch_market_data.py', '--cfg-path', '/tmp/tmp5n908z46']
[2026-05-12T09:46:50.677+0000] {standard_task_runner.py:88} INFO - Job 1978: Subtask check_market_open
[2026-05-12T09:46:50.740+0000] {task_command.py:423} INFO - Running <TaskInstance: fetch_market_data.check_market_open scheduled__2026-05-12T08:00:00+00:00 [running]> on host reddit-pipeline-vm
[2026-05-12T09:46:50.834+0000] {taskinstance.py:2480} INFO - Exporting env vars: AIRFLOW_CTX_DAG_OWNER='pipeline' AIRFLOW_CTX_DAG_ID='fetch_market_data' AIRFLOW_CTX_TASK_ID='check_market_open' AIRFLOW_CTX_EXECUTION_DATE='2026-05-12T08:00:00+00:00' AIRFLOW_CTX_TRY_NUMBER='1' AIRFLOW_CTX_DAG_RUN_ID='scheduled__2026-05-12T08:00:00+00:00'
[2026-05-12T09:46:50.849+0000] {sensors.py:45} INFO - Market open check at 2026-05-12 05:46 ET: False
[2026-05-12T09:46:50.872+0000] {taskinstance.py:2658} INFO - Rescheduling task, marking task as UP_FOR_RESCHEDULE
[2026-05-12T09:46:50.887+0000] {local_task_job_runner.py:234} INFO - Task exited with return code 0
[2026-05-12T09:46:50.921+0000] {taskinstance.py:3280} INFO - 0 downstream tasks scheduled from follow-on schedule check
[2026-05-12T10:01:51.537+0000] {taskinstance.py:1956} INFO - Dependencies all met for dep_context=non-requeueable deps ti=<TaskInstance: fetch_market_data.check_market_open scheduled__2026-05-12T08:00:00+00:00 [queued]>
[2026-05-12T10:01:51.544+0000] {taskinstance.py:1956} INFO - Dependencies all met for dep_context=requeueable deps ti=<TaskInstance: fetch_market_data.check_market_open scheduled__2026-05-12T08:00:00+00:00 [queued]>
[2026-05-12T10:01:51.544+0000] {taskinstance.py:2170} INFO - Starting attempt 1 of 3
[2026-05-12T10:01:51.556+0000] {taskinstance.py:2191} INFO - Executing <Task(MarketOpenSensor): check_market_open> on 2026-05-12 08:00:00+00:00
[2026-05-12T10:01:51.565+0000] {standard_task_runner.py:60} INFO - Started process 1588241 to run task
[2026-05-12T10:01:51.568+0000] {standard_task_runner.py:87} INFO - Running: ['airflow', 'tasks', 'run', 'fetch_market_data', 'check_market_open', 'scheduled__2026-05-12T08:00:00+00:00', '--job-id', '1979', '--raw', '--subdir', 'DAGS_FOLDER/fetch_market_data.py', '--cfg-path', '/tmp/tmpzg5wv8za']
[2026-05-12T10:01:51.570+0000] {standard_task_runner.py:88} INFO - Job 1979: Subtask check_market_open
[2026-05-12T10:01:51.637+0000] {task_command.py:423} INFO - Running <TaskInstance: fetch_market_data.check_market_open scheduled__2026-05-12T08:00:00+00:00 [running]> on host reddit-pipeline-vm
[2026-05-12T10:01:51.733+0000] {taskinstance.py:2480} INFO - Exporting env vars: AIRFLOW_CTX_DAG_OWNER='pipeline' AIRFLOW_CTX_DAG_ID='fetch_market_data' AIRFLOW_CTX_TASK_ID='check_market_open' AIRFLOW_CTX_EXECUTION_DATE='2026-05-12T08:00:00+00:00' AIRFLOW_CTX_TRY_NUMBER='1' AIRFLOW_CTX_DAG_RUN_ID='scheduled__2026-05-12T08:00:00+00:00'
[2026-05-12T10:01:51.748+0000] {sensors.py:45} INFO - Market open check at 2026-05-12 06:01 ET: False
[2026-05-12T10:01:51.748+0000] {taskinstance.py:2360} INFO - Sensor has timed out; run duration of 3604.911786 seconds exceeds the specified timeout of 3600.0.
[2026-05-12T10:01:51.763+0000] {taskinstance.py:1138} INFO - Marking task as SKIPPED. dag_id=fetch_market_data, task_id=check_market_open, execution_date=20260512T080000, start_date=20260512T100151, end_date=20260512T100151
[2026-05-12T10:01:51.781+0000] {local_task_job_runner.py:234} INFO - Task exited with return code 0
[2026-05-12T10:01:51.826+0000] {taskinstance.py:3280} INFO - 0 downstream tasks scheduled from follow-on schedule check
