[2026-05-04T15:00:12.910+0000] {taskinstance.py:1956} INFO - Dependencies all met for dep_context=non-requeueable deps ti=<TaskInstance: run_dbt_models.dbt_run manual__2026-05-04T15:00:12.388376+00:00 [queued]>
[2026-05-04T15:00:12.917+0000] {taskinstance.py:1956} INFO - Dependencies all met for dep_context=requeueable deps ti=<TaskInstance: run_dbt_models.dbt_run manual__2026-05-04T15:00:12.388376+00:00 [queued]>
[2026-05-04T15:00:12.917+0000] {taskinstance.py:2170} INFO - Starting attempt 1 of 2
[2026-05-04T15:00:12.929+0000] {taskinstance.py:2191} INFO - Executing <Task(BashOperator): dbt_run> on 2026-05-04 15:00:12.388376+00:00
[2026-05-04T15:00:12.934+0000] {standard_task_runner.py:60} INFO - Started process 922109 to run task
[2026-05-04T15:00:12.937+0000] {standard_task_runner.py:87} INFO - Running: ['airflow', 'tasks', 'run', 'run_dbt_models', 'dbt_run', 'manual__2026-05-04T15:00:12.388376+00:00', '--job-id', '1147', '--raw', '--subdir', 'DAGS_FOLDER/run_dbt_models.py', '--cfg-path', '/tmp/tmpuweu9gxt']
[2026-05-04T15:00:12.939+0000] {standard_task_runner.py:88} INFO - Job 1147: Subtask dbt_run
[2026-05-04T15:00:13.011+0000] {task_command.py:423} INFO - Running <TaskInstance: run_dbt_models.dbt_run manual__2026-05-04T15:00:12.388376+00:00 [running]> on host reddit-pipeline-vm
[2026-05-04T15:00:13.117+0000] {taskinstance.py:2480} INFO - Exporting env vars: AIRFLOW_CTX_DAG_OWNER='pipeline' AIRFLOW_CTX_DAG_ID='run_dbt_models' AIRFLOW_CTX_TASK_ID='dbt_run' AIRFLOW_CTX_EXECUTION_DATE='2026-05-04T15:00:12.388376+00:00' AIRFLOW_CTX_TRY_NUMBER='1' AIRFLOW_CTX_DAG_RUN_ID='manual__2026-05-04T15:00:12.388376+00:00'
[2026-05-04T15:00:13.118+0000] {subprocess.py:63} INFO - Tmp dir root location: /tmp
[2026-05-04T15:00:13.119+0000] {subprocess.py:75} INFO - Running command: ['/usr/bin/bash', '-c', 'cd /home/ubuntu/github_repo/Stock-Market-Intelligence-Pipeline/dbt_project && /home/ubuntu/github_repo/Stock-Market-Intelligence-Pipeline/venv/bin/dbt run --profiles-dir /home/ubuntu/github_repo/Stock-Market-Intelligence-Pipeline/dbt_project']
[2026-05-04T15:00:13.129+0000] {subprocess.py:86} INFO - Output:
[2026-05-04T15:00:14.898+0000] {subprocess.py:93} INFO - [0m15:00:14  Running with dbt=1.7.0
[2026-05-04T15:00:15.140+0000] {subprocess.py:93} INFO - [0m15:00:15  Registered adapter: postgres=1.7.0
[2026-05-04T15:00:15.189+0000] {subprocess.py:93} INFO - [0m15:00:15  Found 5 models, 8 tests, 0 sources, 0 exposures, 0 metrics, 401 macros, 0 groups, 0 semantic models
[2026-05-04T15:00:15.191+0000] {subprocess.py:93} INFO - [0m15:00:15
[2026-05-04T15:00:15.320+0000] {subprocess.py:93} INFO - [0m15:00:15  Concurrency: 2 threads (target='dev')
[2026-05-04T15:00:15.322+0000] {subprocess.py:93} INFO - [0m15:00:15
[2026-05-04T15:00:15.324+0000] {subprocess.py:93} INFO - [0m15:00:15  1 of 5 START sql view model public_staging.stg_prices .......................... [RUN]
[2026-05-04T15:00:15.431+0000] {subprocess.py:93} INFO - [0m15:00:15  1 of 5 OK created sql view model public_staging.stg_prices ..................... [[32mCREATE VIEW[0m in 0.11s]
[2026-05-04T15:00:15.433+0000] {subprocess.py:93} INFO - [0m15:00:15  2 of 5 START sql view model public_staging.int_price_with_returns .............. [RUN]
[2026-05-04T15:00:15.482+0000] {subprocess.py:93} INFO - [0m15:00:15  2 of 5 OK created sql view model public_staging.int_price_with_returns ......... [[32mCREATE VIEW[0m in 0.05s]
[2026-05-04T15:00:15.484+0000] {subprocess.py:93} INFO - [0m15:00:15  3 of 5 START sql table model public.fact_prices ................................ [RUN]
[2026-05-04T15:00:15.574+0000] {subprocess.py:93} INFO - [0m15:00:15  3 of 5 OK created sql table model public.fact_prices ........................... [[32mSELECT 3619[0m in 0.09s]
[2026-05-04T15:00:15.577+0000] {subprocess.py:93} INFO - [0m15:00:15  4 of 5 START sql table model public.fact_indicators ............................ [RUN]
[2026-05-04T15:00:15.770+0000] {subprocess.py:93} INFO - [0m15:00:15  4 of 5 OK created sql table model public.fact_indicators ....................... [[32mSELECT 3619[0m in 0.19s]
[2026-05-04T15:00:15.772+0000] {subprocess.py:93} INFO - [0m15:00:15  5 of 5 START sql table model public.fact_alerts ................................ [RUN]
[2026-05-04T15:00:15.852+0000] {subprocess.py:93} INFO - [0m15:00:15  5 of 5 OK created sql table model public.fact_alerts ........................... [[32mSELECT 2088[0m in 0.08s]
[2026-05-04T15:00:15.873+0000] {subprocess.py:93} INFO - [0m15:00:15
[2026-05-04T15:00:15.873+0000] {subprocess.py:93} INFO - [0m15:00:15  Finished running 2 view models, 3 table models in 0 hours 0 minutes and 0.68 seconds (0.68s).
[2026-05-04T15:00:15.890+0000] {subprocess.py:93} INFO - [0m15:00:15
[2026-05-04T15:00:15.891+0000] {subprocess.py:93} INFO - [0m15:00:15  [32mCompleted successfully[0m
[2026-05-04T15:00:15.891+0000] {subprocess.py:93} INFO - [0m15:00:15
[2026-05-04T15:00:15.891+0000] {subprocess.py:93} INFO - [0m15:00:15  Done. PASS=5 WARN=0 ERROR=0 SKIP=0 TOTAL=5
[2026-05-04T15:00:17.807+0000] {subprocess.py:97} INFO - Command exited with return code 0
[2026-05-04T15:00:17.854+0000] {taskinstance.py:1138} INFO - Marking task as SUCCESS. dag_id=run_dbt_models, task_id=dbt_run, execution_date=20260504T150012, start_date=20260504T150012, end_date=20260504T150017
[2026-05-04T15:00:17.887+0000] {local_task_job_runner.py:234} INFO - Task exited with return code 0
[2026-05-04T15:00:17.918+0000] {taskinstance.py:3280} INFO - 1 downstream tasks scheduled from follow-on schedule check
