[2026-05-01T06:15:24.375+0000] {taskinstance.py:1956} INFO - Dependencies all met for dep_context=non-requeueable deps ti=<TaskInstance: fetch_market_data.check_market_open scheduled__2026-05-01T06:00:00+00:00 [queued]>
[2026-05-01T06:15:24.382+0000] {taskinstance.py:1956} INFO - Dependencies all met for dep_context=requeueable deps ti=<TaskInstance: fetch_market_data.check_market_open scheduled__2026-05-01T06:00:00+00:00 [queued]>
[2026-05-01T06:15:24.382+0000] {taskinstance.py:2170} INFO - Starting attempt 1 of 3
[2026-05-01T06:15:24.392+0000] {taskinstance.py:2191} INFO - Executing <Task(MarketOpenSensor): check_market_open> on 2026-05-01 06:00:00+00:00
[2026-05-01T06:15:24.398+0000] {standard_task_runner.py:60} INFO - Started process 669740 to run task
[2026-05-01T06:15:24.402+0000] {standard_task_runner.py:87} INFO - Running: ['airflow', 'tasks', 'run', 'fetch_market_data', 'check_market_open', 'scheduled__2026-05-01T06:00:00+00:00', '--job-id', '798', '--raw', '--subdir', 'DAGS_FOLDER/fetch_market_data.py', '--cfg-path', '/tmp/tmpkmy2qfs8']
[2026-05-01T06:15:24.404+0000] {standard_task_runner.py:88} INFO - Job 798: Subtask check_market_open
[2026-05-01T06:15:24.480+0000] {task_command.py:423} INFO - Running <TaskInstance: fetch_market_data.check_market_open scheduled__2026-05-01T06:00:00+00:00 [running]> on host reddit-pipeline-vm
[2026-05-01T06:15:24.592+0000] {taskinstance.py:2480} INFO - Exporting env vars: AIRFLOW_CTX_DAG_OWNER='pipeline' AIRFLOW_CTX_DAG_ID='fetch_market_data' AIRFLOW_CTX_TASK_ID='check_market_open' AIRFLOW_CTX_EXECUTION_DATE='2026-05-01T06:00:00+00:00' AIRFLOW_CTX_TRY_NUMBER='1' AIRFLOW_CTX_DAG_RUN_ID='scheduled__2026-05-01T06:00:00+00:00'
[2026-05-01T06:15:24.610+0000] {sensors.py:45} INFO - Market open check at 2026-05-01 02:15 ET: False
[2026-05-01T06:15:24.636+0000] {taskinstance.py:2658} INFO - Rescheduling task, marking task as UP_FOR_RESCHEDULE
[2026-05-01T06:15:24.655+0000] {local_task_job_runner.py:234} INFO - Task exited with return code 0
[2026-05-01T06:15:24.695+0000] {taskinstance.py:3280} INFO - 0 downstream tasks scheduled from follow-on schedule check
[2026-05-01T06:16:25.965+0000] {taskinstance.py:1956} INFO - Dependencies all met for dep_context=non-requeueable deps ti=<TaskInstance: fetch_market_data.check_market_open scheduled__2026-05-01T06:00:00+00:00 [queued]>
[2026-05-01T06:16:25.972+0000] {taskinstance.py:1956} INFO - Dependencies all met for dep_context=requeueable deps ti=<TaskInstance: fetch_market_data.check_market_open scheduled__2026-05-01T06:00:00+00:00 [queued]>
[2026-05-01T06:16:25.972+0000] {taskinstance.py:2170} INFO - Starting attempt 1 of 3
[2026-05-01T06:16:25.982+0000] {taskinstance.py:2191} INFO - Executing <Task(MarketOpenSensor): check_market_open> on 2026-05-01 06:00:00+00:00
[2026-05-01T06:16:25.988+0000] {standard_task_runner.py:60} INFO - Started process 669810 to run task
[2026-05-01T06:16:25.991+0000] {standard_task_runner.py:87} INFO - Running: ['airflow', 'tasks', 'run', 'fetch_market_data', 'check_market_open', 'scheduled__2026-05-01T06:00:00+00:00', '--job-id', '799', '--raw', '--subdir', 'DAGS_FOLDER/fetch_market_data.py', '--cfg-path', '/tmp/tmp6n6d1c62']
[2026-05-01T06:16:25.993+0000] {standard_task_runner.py:88} INFO - Job 799: Subtask check_market_open
[2026-05-01T06:16:26.069+0000] {task_command.py:423} INFO - Running <TaskInstance: fetch_market_data.check_market_open scheduled__2026-05-01T06:00:00+00:00 [running]> on host reddit-pipeline-vm
[2026-05-01T06:16:26.180+0000] {taskinstance.py:2480} INFO - Exporting env vars: AIRFLOW_CTX_DAG_OWNER='pipeline' AIRFLOW_CTX_DAG_ID='fetch_market_data' AIRFLOW_CTX_TASK_ID='check_market_open' AIRFLOW_CTX_EXECUTION_DATE='2026-05-01T06:00:00+00:00' AIRFLOW_CTX_TRY_NUMBER='1' AIRFLOW_CTX_DAG_RUN_ID='scheduled__2026-05-01T06:00:00+00:00'
[2026-05-01T06:16:26.198+0000] {sensors.py:45} INFO - Market open check at 2026-05-01 02:16 ET: False
[2026-05-01T06:16:26.224+0000] {taskinstance.py:2658} INFO - Rescheduling task, marking task as UP_FOR_RESCHEDULE
[2026-05-01T06:16:26.245+0000] {local_task_job_runner.py:234} INFO - Task exited with return code 0
[2026-05-01T06:16:26.285+0000] {taskinstance.py:3280} INFO - 0 downstream tasks scheduled from follow-on schedule check
[2026-05-01T06:17:27.524+0000] {taskinstance.py:1956} INFO - Dependencies all met for dep_context=non-requeueable deps ti=<TaskInstance: fetch_market_data.check_market_open scheduled__2026-05-01T06:00:00+00:00 [queued]>
[2026-05-01T06:17:27.532+0000] {taskinstance.py:1956} INFO - Dependencies all met for dep_context=requeueable deps ti=<TaskInstance: fetch_market_data.check_market_open scheduled__2026-05-01T06:00:00+00:00 [queued]>
[2026-05-01T06:17:27.532+0000] {taskinstance.py:2170} INFO - Starting attempt 1 of 3
[2026-05-01T06:17:27.542+0000] {taskinstance.py:2191} INFO - Executing <Task(MarketOpenSensor): check_market_open> on 2026-05-01 06:00:00+00:00
[2026-05-01T06:17:27.548+0000] {standard_task_runner.py:60} INFO - Started process 669878 to run task
[2026-05-01T06:17:27.551+0000] {standard_task_runner.py:87} INFO - Running: ['airflow', 'tasks', 'run', 'fetch_market_data', 'check_market_open', 'scheduled__2026-05-01T06:00:00+00:00', '--job-id', '800', '--raw', '--subdir', 'DAGS_FOLDER/fetch_market_data.py', '--cfg-path', '/tmp/tmp0n5j8g_b']
[2026-05-01T06:17:27.553+0000] {standard_task_runner.py:88} INFO - Job 800: Subtask check_market_open
[2026-05-01T06:17:27.629+0000] {task_command.py:423} INFO - Running <TaskInstance: fetch_market_data.check_market_open scheduled__2026-05-01T06:00:00+00:00 [running]> on host reddit-pipeline-vm
[2026-05-01T06:17:27.737+0000] {taskinstance.py:2480} INFO - Exporting env vars: AIRFLOW_CTX_DAG_OWNER='pipeline' AIRFLOW_CTX_DAG_ID='fetch_market_data' AIRFLOW_CTX_TASK_ID='check_market_open' AIRFLOW_CTX_EXECUTION_DATE='2026-05-01T06:00:00+00:00' AIRFLOW_CTX_TRY_NUMBER='1' AIRFLOW_CTX_DAG_RUN_ID='scheduled__2026-05-01T06:00:00+00:00'
[2026-05-01T06:17:27.754+0000] {sensors.py:45} INFO - Market open check at 2026-05-01 02:17 ET: False
[2026-05-01T06:17:27.780+0000] {taskinstance.py:2658} INFO - Rescheduling task, marking task as UP_FOR_RESCHEDULE
[2026-05-01T06:17:27.805+0000] {local_task_job_runner.py:234} INFO - Task exited with return code 0
[2026-05-01T06:17:27.845+0000] {taskinstance.py:3280} INFO - 0 downstream tasks scheduled from follow-on schedule check
[2026-05-01T06:18:29.112+0000] {taskinstance.py:1956} INFO - Dependencies all met for dep_context=non-requeueable deps ti=<TaskInstance: fetch_market_data.check_market_open scheduled__2026-05-01T06:00:00+00:00 [queued]>
[2026-05-01T06:18:29.119+0000] {taskinstance.py:1956} INFO - Dependencies all met for dep_context=requeueable deps ti=<TaskInstance: fetch_market_data.check_market_open scheduled__2026-05-01T06:00:00+00:00 [queued]>
[2026-05-01T06:18:29.120+0000] {taskinstance.py:2170} INFO - Starting attempt 1 of 3
[2026-05-01T06:18:29.130+0000] {taskinstance.py:2191} INFO - Executing <Task(MarketOpenSensor): check_market_open> on 2026-05-01 06:00:00+00:00
[2026-05-01T06:18:29.136+0000] {standard_task_runner.py:60} INFO - Started process 669968 to run task
[2026-05-01T06:18:29.139+0000] {standard_task_runner.py:87} INFO - Running: ['airflow', 'tasks', 'run', 'fetch_market_data', 'check_market_open', 'scheduled__2026-05-01T06:00:00+00:00', '--job-id', '801', '--raw', '--subdir', 'DAGS_FOLDER/fetch_market_data.py', '--cfg-path', '/tmp/tmptyo5x6to']
[2026-05-01T06:18:29.142+0000] {standard_task_runner.py:88} INFO - Job 801: Subtask check_market_open
[2026-05-01T06:18:29.217+0000] {task_command.py:423} INFO - Running <TaskInstance: fetch_market_data.check_market_open scheduled__2026-05-01T06:00:00+00:00 [running]> on host reddit-pipeline-vm
[2026-05-01T06:18:29.325+0000] {taskinstance.py:2480} INFO - Exporting env vars: AIRFLOW_CTX_DAG_OWNER='pipeline' AIRFLOW_CTX_DAG_ID='fetch_market_data' AIRFLOW_CTX_TASK_ID='check_market_open' AIRFLOW_CTX_EXECUTION_DATE='2026-05-01T06:00:00+00:00' AIRFLOW_CTX_TRY_NUMBER='1' AIRFLOW_CTX_DAG_RUN_ID='scheduled__2026-05-01T06:00:00+00:00'
[2026-05-01T06:18:29.344+0000] {sensors.py:45} INFO - Market open check at 2026-05-01 02:18 ET: False
[2026-05-01T06:18:29.370+0000] {taskinstance.py:2658} INFO - Rescheduling task, marking task as UP_FOR_RESCHEDULE
[2026-05-01T06:18:29.393+0000] {local_task_job_runner.py:234} INFO - Task exited with return code 0
[2026-05-01T06:18:29.433+0000] {taskinstance.py:3280} INFO - 0 downstream tasks scheduled from follow-on schedule check
[2026-05-01T06:19:30.646+0000] {taskinstance.py:1956} INFO - Dependencies all met for dep_context=non-requeueable deps ti=<TaskInstance: fetch_market_data.check_market_open scheduled__2026-05-01T06:00:00+00:00 [queued]>
[2026-05-01T06:19:30.654+0000] {taskinstance.py:1956} INFO - Dependencies all met for dep_context=requeueable deps ti=<TaskInstance: fetch_market_data.check_market_open scheduled__2026-05-01T06:00:00+00:00 [queued]>
[2026-05-01T06:19:30.654+0000] {taskinstance.py:2170} INFO - Starting attempt 1 of 3
[2026-05-01T06:19:30.664+0000] {taskinstance.py:2191} INFO - Executing <Task(MarketOpenSensor): check_market_open> on 2026-05-01 06:00:00+00:00
[2026-05-01T06:19:30.670+0000] {standard_task_runner.py:60} INFO - Started process 670077 to run task
[2026-05-01T06:19:30.673+0000] {standard_task_runner.py:87} INFO - Running: ['airflow', 'tasks', 'run', 'fetch_market_data', 'check_market_open', 'scheduled__2026-05-01T06:00:00+00:00', '--job-id', '802', '--raw', '--subdir', 'DAGS_FOLDER/fetch_market_data.py', '--cfg-path', '/tmp/tmpstx262yq']
[2026-05-01T06:19:30.675+0000] {standard_task_runner.py:88} INFO - Job 802: Subtask check_market_open
[2026-05-01T06:19:30.755+0000] {task_command.py:423} INFO - Running <TaskInstance: fetch_market_data.check_market_open scheduled__2026-05-01T06:00:00+00:00 [running]> on host reddit-pipeline-vm
[2026-05-01T06:19:30.865+0000] {taskinstance.py:2480} INFO - Exporting env vars: AIRFLOW_CTX_DAG_OWNER='pipeline' AIRFLOW_CTX_DAG_ID='fetch_market_data' AIRFLOW_CTX_TASK_ID='check_market_open' AIRFLOW_CTX_EXECUTION_DATE='2026-05-01T06:00:00+00:00' AIRFLOW_CTX_TRY_NUMBER='1' AIRFLOW_CTX_DAG_RUN_ID='scheduled__2026-05-01T06:00:00+00:00'
[2026-05-01T06:19:30.883+0000] {sensors.py:45} INFO - Market open check at 2026-05-01 02:19 ET: False
[2026-05-01T06:19:30.909+0000] {taskinstance.py:2658} INFO - Rescheduling task, marking task as UP_FOR_RESCHEDULE
[2026-05-01T06:19:30.928+0000] {local_task_job_runner.py:234} INFO - Task exited with return code 0
[2026-05-01T06:19:30.968+0000] {taskinstance.py:3280} INFO - 0 downstream tasks scheduled from follow-on schedule check
[2026-05-01T06:20:32.054+0000] {taskinstance.py:1956} INFO - Dependencies all met for dep_context=non-requeueable deps ti=<TaskInstance: fetch_market_data.check_market_open scheduled__2026-05-01T06:00:00+00:00 [queued]>
[2026-05-01T06:20:32.062+0000] {taskinstance.py:1956} INFO - Dependencies all met for dep_context=requeueable deps ti=<TaskInstance: fetch_market_data.check_market_open scheduled__2026-05-01T06:00:00+00:00 [queued]>
[2026-05-01T06:20:32.062+0000] {taskinstance.py:2170} INFO - Starting attempt 1 of 3
[2026-05-01T06:20:32.072+0000] {taskinstance.py:2191} INFO - Executing <Task(MarketOpenSensor): check_market_open> on 2026-05-01 06:00:00+00:00
[2026-05-01T06:20:32.079+0000] {standard_task_runner.py:60} INFO - Started process 670155 to run task
[2026-05-01T06:20:32.083+0000] {standard_task_runner.py:87} INFO - Running: ['airflow', 'tasks', 'run', 'fetch_market_data', 'check_market_open', 'scheduled__2026-05-01T06:00:00+00:00', '--job-id', '803', '--raw', '--subdir', 'DAGS_FOLDER/fetch_market_data.py', '--cfg-path', '/tmp/tmpbseb7ubw']
[2026-05-01T06:20:32.085+0000] {standard_task_runner.py:88} INFO - Job 803: Subtask check_market_open
[2026-05-01T06:20:32.164+0000] {task_command.py:423} INFO - Running <TaskInstance: fetch_market_data.check_market_open scheduled__2026-05-01T06:00:00+00:00 [running]> on host reddit-pipeline-vm
[2026-05-01T06:20:32.272+0000] {taskinstance.py:2480} INFO - Exporting env vars: AIRFLOW_CTX_DAG_OWNER='pipeline' AIRFLOW_CTX_DAG_ID='fetch_market_data' AIRFLOW_CTX_TASK_ID='check_market_open' AIRFLOW_CTX_EXECUTION_DATE='2026-05-01T06:00:00+00:00' AIRFLOW_CTX_TRY_NUMBER='1' AIRFLOW_CTX_DAG_RUN_ID='scheduled__2026-05-01T06:00:00+00:00'
[2026-05-01T06:20:32.290+0000] {sensors.py:45} INFO - Market open check at 2026-05-01 02:20 ET: False
[2026-05-01T06:20:32.316+0000] {taskinstance.py:2658} INFO - Rescheduling task, marking task as UP_FOR_RESCHEDULE
[2026-05-01T06:20:32.336+0000] {local_task_job_runner.py:234} INFO - Task exited with return code 0
[2026-05-01T06:20:32.377+0000] {taskinstance.py:3280} INFO - 0 downstream tasks scheduled from follow-on schedule check
[2026-05-01T06:21:33.652+0000] {taskinstance.py:1956} INFO - Dependencies all met for dep_context=non-requeueable deps ti=<TaskInstance: fetch_market_data.check_market_open scheduled__2026-05-01T06:00:00+00:00 [queued]>
[2026-05-01T06:21:33.660+0000] {taskinstance.py:1956} INFO - Dependencies all met for dep_context=requeueable deps ti=<TaskInstance: fetch_market_data.check_market_open scheduled__2026-05-01T06:00:00+00:00 [queued]>
[2026-05-01T06:21:33.660+0000] {taskinstance.py:2170} INFO - Starting attempt 1 of 3
[2026-05-01T06:21:33.670+0000] {taskinstance.py:2191} INFO - Executing <Task(MarketOpenSensor): check_market_open> on 2026-05-01 06:00:00+00:00
[2026-05-01T06:21:33.677+0000] {standard_task_runner.py:60} INFO - Started process 670232 to run task
[2026-05-01T06:21:33.680+0000] {standard_task_runner.py:87} INFO - Running: ['airflow', 'tasks', 'run', 'fetch_market_data', 'check_market_open', 'scheduled__2026-05-01T06:00:00+00:00', '--job-id', '804', '--raw', '--subdir', 'DAGS_FOLDER/fetch_market_data.py', '--cfg-path', '/tmp/tmpjv5hcmjk']
[2026-05-01T06:21:33.682+0000] {standard_task_runner.py:88} INFO - Job 804: Subtask check_market_open
[2026-05-01T06:21:33.759+0000] {task_command.py:423} INFO - Running <TaskInstance: fetch_market_data.check_market_open scheduled__2026-05-01T06:00:00+00:00 [running]> on host reddit-pipeline-vm
[2026-05-01T06:21:33.868+0000] {taskinstance.py:2480} INFO - Exporting env vars: AIRFLOW_CTX_DAG_OWNER='pipeline' AIRFLOW_CTX_DAG_ID='fetch_market_data' AIRFLOW_CTX_TASK_ID='check_market_open' AIRFLOW_CTX_EXECUTION_DATE='2026-05-01T06:00:00+00:00' AIRFLOW_CTX_TRY_NUMBER='1' AIRFLOW_CTX_DAG_RUN_ID='scheduled__2026-05-01T06:00:00+00:00'
[2026-05-01T06:21:33.889+0000] {sensors.py:45} INFO - Market open check at 2026-05-01 02:21 ET: False
[2026-05-01T06:21:33.917+0000] {taskinstance.py:2658} INFO - Rescheduling task, marking task as UP_FOR_RESCHEDULE
[2026-05-01T06:21:33.934+0000] {local_task_job_runner.py:234} INFO - Task exited with return code 0
[2026-05-01T06:21:33.975+0000] {taskinstance.py:3280} INFO - 0 downstream tasks scheduled from follow-on schedule check
[2026-05-01T06:22:34.600+0000] {taskinstance.py:1956} INFO - Dependencies all met for dep_context=non-requeueable deps ti=<TaskInstance: fetch_market_data.check_market_open scheduled__2026-05-01T06:00:00+00:00 [queued]>
[2026-05-01T06:22:34.608+0000] {taskinstance.py:1956} INFO - Dependencies all met for dep_context=requeueable deps ti=<TaskInstance: fetch_market_data.check_market_open scheduled__2026-05-01T06:00:00+00:00 [queued]>
[2026-05-01T06:22:34.608+0000] {taskinstance.py:2170} INFO - Starting attempt 1 of 3
[2026-05-01T06:22:34.618+0000] {taskinstance.py:2191} INFO - Executing <Task(MarketOpenSensor): check_market_open> on 2026-05-01 06:00:00+00:00
[2026-05-01T06:22:34.624+0000] {standard_task_runner.py:60} INFO - Started process 670300 to run task
[2026-05-01T06:22:34.627+0000] {standard_task_runner.py:87} INFO - Running: ['airflow', 'tasks', 'run', 'fetch_market_data', 'check_market_open', 'scheduled__2026-05-01T06:00:00+00:00', '--job-id', '805', '--raw', '--subdir', 'DAGS_FOLDER/fetch_market_data.py', '--cfg-path', '/tmp/tmpgjd4jsn9']
[2026-05-01T06:22:34.629+0000] {standard_task_runner.py:88} INFO - Job 805: Subtask check_market_open
[2026-05-01T06:22:34.703+0000] {task_command.py:423} INFO - Running <TaskInstance: fetch_market_data.check_market_open scheduled__2026-05-01T06:00:00+00:00 [running]> on host reddit-pipeline-vm
[2026-05-01T06:22:34.811+0000] {taskinstance.py:2480} INFO - Exporting env vars: AIRFLOW_CTX_DAG_OWNER='pipeline' AIRFLOW_CTX_DAG_ID='fetch_market_data' AIRFLOW_CTX_TASK_ID='check_market_open' AIRFLOW_CTX_EXECUTION_DATE='2026-05-01T06:00:00+00:00' AIRFLOW_CTX_TRY_NUMBER='1' AIRFLOW_CTX_DAG_RUN_ID='scheduled__2026-05-01T06:00:00+00:00'
[2026-05-01T06:22:34.829+0000] {sensors.py:45} INFO - Market open check at 2026-05-01 02:22 ET: False
[2026-05-01T06:22:34.855+0000] {taskinstance.py:2658} INFO - Rescheduling task, marking task as UP_FOR_RESCHEDULE
[2026-05-01T06:22:34.880+0000] {local_task_job_runner.py:234} INFO - Task exited with return code 0
[2026-05-01T06:22:34.920+0000] {taskinstance.py:3280} INFO - 0 downstream tasks scheduled from follow-on schedule check
[2026-05-01T06:23:35.810+0000] {taskinstance.py:1956} INFO - Dependencies all met for dep_context=non-requeueable deps ti=<TaskInstance: fetch_market_data.check_market_open scheduled__2026-05-01T06:00:00+00:00 [queued]>
[2026-05-01T06:23:35.818+0000] {taskinstance.py:1956} INFO - Dependencies all met for dep_context=requeueable deps ti=<TaskInstance: fetch_market_data.check_market_open scheduled__2026-05-01T06:00:00+00:00 [queued]>
[2026-05-01T06:23:35.818+0000] {taskinstance.py:2170} INFO - Starting attempt 1 of 3
[2026-05-01T06:23:35.828+0000] {taskinstance.py:2191} INFO - Executing <Task(MarketOpenSensor): check_market_open> on 2026-05-01 06:00:00+00:00
[2026-05-01T06:23:35.834+0000] {standard_task_runner.py:60} INFO - Started process 670366 to run task
[2026-05-01T06:23:35.837+0000] {standard_task_runner.py:87} INFO - Running: ['airflow', 'tasks', 'run', 'fetch_market_data', 'check_market_open', 'scheduled__2026-05-01T06:00:00+00:00', '--job-id', '806', '--raw', '--subdir', 'DAGS_FOLDER/fetch_market_data.py', '--cfg-path', '/tmp/tmpm7_qixj5']
[2026-05-01T06:23:35.839+0000] {standard_task_runner.py:88} INFO - Job 806: Subtask check_market_open
[2026-05-01T06:23:35.914+0000] {task_command.py:423} INFO - Running <TaskInstance: fetch_market_data.check_market_open scheduled__2026-05-01T06:00:00+00:00 [running]> on host reddit-pipeline-vm
[2026-05-01T06:23:36.025+0000] {taskinstance.py:2480} INFO - Exporting env vars: AIRFLOW_CTX_DAG_OWNER='pipeline' AIRFLOW_CTX_DAG_ID='fetch_market_data' AIRFLOW_CTX_TASK_ID='check_market_open' AIRFLOW_CTX_EXECUTION_DATE='2026-05-01T06:00:00+00:00' AIRFLOW_CTX_TRY_NUMBER='1' AIRFLOW_CTX_DAG_RUN_ID='scheduled__2026-05-01T06:00:00+00:00'
[2026-05-01T06:23:36.044+0000] {sensors.py:45} INFO - Market open check at 2026-05-01 02:23 ET: False
[2026-05-01T06:23:36.071+0000] {taskinstance.py:2658} INFO - Rescheduling task, marking task as UP_FOR_RESCHEDULE
[2026-05-01T06:23:36.091+0000] {local_task_job_runner.py:234} INFO - Task exited with return code 0
[2026-05-01T06:23:36.132+0000] {taskinstance.py:3280} INFO - 0 downstream tasks scheduled from follow-on schedule check
[2026-05-01T06:24:37.014+0000] {taskinstance.py:1956} INFO - Dependencies all met for dep_context=non-requeueable deps ti=<TaskInstance: fetch_market_data.check_market_open scheduled__2026-05-01T06:00:00+00:00 [queued]>
[2026-05-01T06:24:37.021+0000] {taskinstance.py:1956} INFO - Dependencies all met for dep_context=requeueable deps ti=<TaskInstance: fetch_market_data.check_market_open scheduled__2026-05-01T06:00:00+00:00 [queued]>
[2026-05-01T06:24:37.022+0000] {taskinstance.py:2170} INFO - Starting attempt 1 of 3
[2026-05-01T06:24:37.031+0000] {taskinstance.py:2191} INFO - Executing <Task(MarketOpenSensor): check_market_open> on 2026-05-01 06:00:00+00:00
[2026-05-01T06:24:37.038+0000] {standard_task_runner.py:60} INFO - Started process 670435 to run task
[2026-05-01T06:24:37.041+0000] {standard_task_runner.py:87} INFO - Running: ['airflow', 'tasks', 'run', 'fetch_market_data', 'check_market_open', 'scheduled__2026-05-01T06:00:00+00:00', '--job-id', '807', '--raw', '--subdir', 'DAGS_FOLDER/fetch_market_data.py', '--cfg-path', '/tmp/tmpeuu2bwbc']
[2026-05-01T06:24:37.043+0000] {standard_task_runner.py:88} INFO - Job 807: Subtask check_market_open
[2026-05-01T06:24:37.118+0000] {task_command.py:423} INFO - Running <TaskInstance: fetch_market_data.check_market_open scheduled__2026-05-01T06:00:00+00:00 [running]> on host reddit-pipeline-vm
[2026-05-01T06:24:37.227+0000] {taskinstance.py:2480} INFO - Exporting env vars: AIRFLOW_CTX_DAG_OWNER='pipeline' AIRFLOW_CTX_DAG_ID='fetch_market_data' AIRFLOW_CTX_TASK_ID='check_market_open' AIRFLOW_CTX_EXECUTION_DATE='2026-05-01T06:00:00+00:00' AIRFLOW_CTX_TRY_NUMBER='1' AIRFLOW_CTX_DAG_RUN_ID='scheduled__2026-05-01T06:00:00+00:00'
[2026-05-01T06:24:37.245+0000] {sensors.py:45} INFO - Market open check at 2026-05-01 02:24 ET: False
[2026-05-01T06:24:37.271+0000] {taskinstance.py:2658} INFO - Rescheduling task, marking task as UP_FOR_RESCHEDULE
[2026-05-01T06:24:37.294+0000] {local_task_job_runner.py:234} INFO - Task exited with return code 0
[2026-05-01T06:24:37.333+0000] {taskinstance.py:3280} INFO - 0 downstream tasks scheduled from follow-on schedule check
[2026-05-01T06:25:38.218+0000] {taskinstance.py:1956} INFO - Dependencies all met for dep_context=non-requeueable deps ti=<TaskInstance: fetch_market_data.check_market_open scheduled__2026-05-01T06:00:00+00:00 [queued]>
[2026-05-01T06:25:38.225+0000] {taskinstance.py:1956} INFO - Dependencies all met for dep_context=requeueable deps ti=<TaskInstance: fetch_market_data.check_market_open scheduled__2026-05-01T06:00:00+00:00 [queued]>
[2026-05-01T06:25:38.225+0000] {taskinstance.py:2170} INFO - Starting attempt 1 of 3
[2026-05-01T06:25:38.235+0000] {taskinstance.py:2191} INFO - Executing <Task(MarketOpenSensor): check_market_open> on 2026-05-01 06:00:00+00:00
[2026-05-01T06:25:38.242+0000] {standard_task_runner.py:60} INFO - Started process 670507 to run task
[2026-05-01T06:25:38.245+0000] {standard_task_runner.py:87} INFO - Running: ['airflow', 'tasks', 'run', 'fetch_market_data', 'check_market_open', 'scheduled__2026-05-01T06:00:00+00:00', '--job-id', '808', '--raw', '--subdir', 'DAGS_FOLDER/fetch_market_data.py', '--cfg-path', '/tmp/tmp4drqx4kg']
[2026-05-01T06:25:38.247+0000] {standard_task_runner.py:88} INFO - Job 808: Subtask check_market_open
[2026-05-01T06:25:38.321+0000] {task_command.py:423} INFO - Running <TaskInstance: fetch_market_data.check_market_open scheduled__2026-05-01T06:00:00+00:00 [running]> on host reddit-pipeline-vm
[2026-05-01T06:25:38.429+0000] {taskinstance.py:2480} INFO - Exporting env vars: AIRFLOW_CTX_DAG_OWNER='pipeline' AIRFLOW_CTX_DAG_ID='fetch_market_data' AIRFLOW_CTX_TASK_ID='check_market_open' AIRFLOW_CTX_EXECUTION_DATE='2026-05-01T06:00:00+00:00' AIRFLOW_CTX_TRY_NUMBER='1' AIRFLOW_CTX_DAG_RUN_ID='scheduled__2026-05-01T06:00:00+00:00'
[2026-05-01T06:25:38.446+0000] {sensors.py:45} INFO - Market open check at 2026-05-01 02:25 ET: False
[2026-05-01T06:25:38.472+0000] {taskinstance.py:2658} INFO - Rescheduling task, marking task as UP_FOR_RESCHEDULE
[2026-05-01T06:25:38.498+0000] {local_task_job_runner.py:234} INFO - Task exited with return code 0
[2026-05-01T06:25:38.538+0000] {taskinstance.py:3280} INFO - 0 downstream tasks scheduled from follow-on schedule check
[2026-05-01T06:26:39.391+0000] {taskinstance.py:1956} INFO - Dependencies all met for dep_context=non-requeueable deps ti=<TaskInstance: fetch_market_data.check_market_open scheduled__2026-05-01T06:00:00+00:00 [queued]>
[2026-05-01T06:26:39.399+0000] {taskinstance.py:1956} INFO - Dependencies all met for dep_context=requeueable deps ti=<TaskInstance: fetch_market_data.check_market_open scheduled__2026-05-01T06:00:00+00:00 [queued]>
[2026-05-01T06:26:39.399+0000] {taskinstance.py:2170} INFO - Starting attempt 1 of 3
[2026-05-01T06:26:39.409+0000] {taskinstance.py:2191} INFO - Executing <Task(MarketOpenSensor): check_market_open> on 2026-05-01 06:00:00+00:00
[2026-05-01T06:26:39.416+0000] {standard_task_runner.py:60} INFO - Started process 670574 to run task
[2026-05-01T06:26:39.419+0000] {standard_task_runner.py:87} INFO - Running: ['airflow', 'tasks', 'run', 'fetch_market_data', 'check_market_open', 'scheduled__2026-05-01T06:00:00+00:00', '--job-id', '809', '--raw', '--subdir', 'DAGS_FOLDER/fetch_market_data.py', '--cfg-path', '/tmp/tmpnb81vx74']
[2026-05-01T06:26:39.421+0000] {standard_task_runner.py:88} INFO - Job 809: Subtask check_market_open
[2026-05-01T06:26:39.496+0000] {task_command.py:423} INFO - Running <TaskInstance: fetch_market_data.check_market_open scheduled__2026-05-01T06:00:00+00:00 [running]> on host reddit-pipeline-vm
[2026-05-01T06:26:39.606+0000] {taskinstance.py:2480} INFO - Exporting env vars: AIRFLOW_CTX_DAG_OWNER='pipeline' AIRFLOW_CTX_DAG_ID='fetch_market_data' AIRFLOW_CTX_TASK_ID='check_market_open' AIRFLOW_CTX_EXECUTION_DATE='2026-05-01T06:00:00+00:00' AIRFLOW_CTX_TRY_NUMBER='1' AIRFLOW_CTX_DAG_RUN_ID='scheduled__2026-05-01T06:00:00+00:00'
[2026-05-01T06:26:39.625+0000] {sensors.py:45} INFO - Market open check at 2026-05-01 02:26 ET: False
[2026-05-01T06:26:39.652+0000] {taskinstance.py:2658} INFO - Rescheduling task, marking task as UP_FOR_RESCHEDULE
[2026-05-01T06:26:39.672+0000] {local_task_job_runner.py:234} INFO - Task exited with return code 0
[2026-05-01T06:26:39.711+0000] {taskinstance.py:3280} INFO - 0 downstream tasks scheduled from follow-on schedule check
[2026-05-01T06:27:40.803+0000] {taskinstance.py:1956} INFO - Dependencies all met for dep_context=non-requeueable deps ti=<TaskInstance: fetch_market_data.check_market_open scheduled__2026-05-01T06:00:00+00:00 [queued]>
[2026-05-01T06:27:40.811+0000] {taskinstance.py:1956} INFO - Dependencies all met for dep_context=requeueable deps ti=<TaskInstance: fetch_market_data.check_market_open scheduled__2026-05-01T06:00:00+00:00 [queued]>
[2026-05-01T06:27:40.811+0000] {taskinstance.py:2170} INFO - Starting attempt 1 of 3
[2026-05-01T06:27:40.821+0000] {taskinstance.py:2191} INFO - Executing <Task(MarketOpenSensor): check_market_open> on 2026-05-01 06:00:00+00:00
[2026-05-01T06:27:40.827+0000] {standard_task_runner.py:60} INFO - Started process 670644 to run task
[2026-05-01T06:27:40.830+0000] {standard_task_runner.py:87} INFO - Running: ['airflow', 'tasks', 'run', 'fetch_market_data', 'check_market_open', 'scheduled__2026-05-01T06:00:00+00:00', '--job-id', '810', '--raw', '--subdir', 'DAGS_FOLDER/fetch_market_data.py', '--cfg-path', '/tmp/tmp6o_nzesh']
[2026-05-01T06:27:40.832+0000] {standard_task_runner.py:88} INFO - Job 810: Subtask check_market_open
[2026-05-01T06:27:40.907+0000] {task_command.py:423} INFO - Running <TaskInstance: fetch_market_data.check_market_open scheduled__2026-05-01T06:00:00+00:00 [running]> on host reddit-pipeline-vm
[2026-05-01T06:27:41.015+0000] {taskinstance.py:2480} INFO - Exporting env vars: AIRFLOW_CTX_DAG_OWNER='pipeline' AIRFLOW_CTX_DAG_ID='fetch_market_data' AIRFLOW_CTX_TASK_ID='check_market_open' AIRFLOW_CTX_EXECUTION_DATE='2026-05-01T06:00:00+00:00' AIRFLOW_CTX_TRY_NUMBER='1' AIRFLOW_CTX_DAG_RUN_ID='scheduled__2026-05-01T06:00:00+00:00'
[2026-05-01T06:27:41.033+0000] {sensors.py:45} INFO - Market open check at 2026-05-01 02:27 ET: False
[2026-05-01T06:27:41.059+0000] {taskinstance.py:2658} INFO - Rescheduling task, marking task as UP_FOR_RESCHEDULE
[2026-05-01T06:27:41.084+0000] {local_task_job_runner.py:234} INFO - Task exited with return code 0
[2026-05-01T06:27:41.124+0000] {taskinstance.py:3280} INFO - 0 downstream tasks scheduled from follow-on schedule check
[2026-05-01T06:28:42.413+0000] {taskinstance.py:1956} INFO - Dependencies all met for dep_context=non-requeueable deps ti=<TaskInstance: fetch_market_data.check_market_open scheduled__2026-05-01T06:00:00+00:00 [queued]>
[2026-05-01T06:28:42.421+0000] {taskinstance.py:1956} INFO - Dependencies all met for dep_context=requeueable deps ti=<TaskInstance: fetch_market_data.check_market_open scheduled__2026-05-01T06:00:00+00:00 [queued]>
[2026-05-01T06:28:42.421+0000] {taskinstance.py:2170} INFO - Starting attempt 1 of 3
[2026-05-01T06:28:42.431+0000] {taskinstance.py:2191} INFO - Executing <Task(MarketOpenSensor): check_market_open> on 2026-05-01 06:00:00+00:00
[2026-05-01T06:28:42.437+0000] {standard_task_runner.py:60} INFO - Started process 670708 to run task
[2026-05-01T06:28:42.441+0000] {standard_task_runner.py:87} INFO - Running: ['airflow', 'tasks', 'run', 'fetch_market_data', 'check_market_open', 'scheduled__2026-05-01T06:00:00+00:00', '--job-id', '811', '--raw', '--subdir', 'DAGS_FOLDER/fetch_market_data.py', '--cfg-path', '/tmp/tmp1qj_1u3v']
[2026-05-01T06:28:42.443+0000] {standard_task_runner.py:88} INFO - Job 811: Subtask check_market_open
[2026-05-01T06:28:42.518+0000] {task_command.py:423} INFO - Running <TaskInstance: fetch_market_data.check_market_open scheduled__2026-05-01T06:00:00+00:00 [running]> on host reddit-pipeline-vm
[2026-05-01T06:28:42.633+0000] {taskinstance.py:2480} INFO - Exporting env vars: AIRFLOW_CTX_DAG_OWNER='pipeline' AIRFLOW_CTX_DAG_ID='fetch_market_data' AIRFLOW_CTX_TASK_ID='check_market_open' AIRFLOW_CTX_EXECUTION_DATE='2026-05-01T06:00:00+00:00' AIRFLOW_CTX_TRY_NUMBER='1' AIRFLOW_CTX_DAG_RUN_ID='scheduled__2026-05-01T06:00:00+00:00'
[2026-05-01T06:28:42.652+0000] {sensors.py:45} INFO - Market open check at 2026-05-01 02:28 ET: False
[2026-05-01T06:28:42.679+0000] {taskinstance.py:2658} INFO - Rescheduling task, marking task as UP_FOR_RESCHEDULE
[2026-05-01T06:28:42.694+0000] {local_task_job_runner.py:234} INFO - Task exited with return code 0
[2026-05-01T06:28:42.735+0000] {taskinstance.py:3280} INFO - 0 downstream tasks scheduled from follow-on schedule check
[2026-05-01T06:29:43.396+0000] {taskinstance.py:1956} INFO - Dependencies all met for dep_context=non-requeueable deps ti=<TaskInstance: fetch_market_data.check_market_open scheduled__2026-05-01T06:00:00+00:00 [queued]>
[2026-05-01T06:29:43.403+0000] {taskinstance.py:1956} INFO - Dependencies all met for dep_context=requeueable deps ti=<TaskInstance: fetch_market_data.check_market_open scheduled__2026-05-01T06:00:00+00:00 [queued]>
[2026-05-01T06:29:43.403+0000] {taskinstance.py:2170} INFO - Starting attempt 1 of 3
[2026-05-01T06:29:43.413+0000] {taskinstance.py:2191} INFO - Executing <Task(MarketOpenSensor): check_market_open> on 2026-05-01 06:00:00+00:00
[2026-05-01T06:29:43.420+0000] {standard_task_runner.py:60} INFO - Started process 670783 to run task
[2026-05-01T06:29:43.423+0000] {standard_task_runner.py:87} INFO - Running: ['airflow', 'tasks', 'run', 'fetch_market_data', 'check_market_open', 'scheduled__2026-05-01T06:00:00+00:00', '--job-id', '812', '--raw', '--subdir', 'DAGS_FOLDER/fetch_market_data.py', '--cfg-path', '/tmp/tmplasrjhp3']
[2026-05-01T06:29:43.425+0000] {standard_task_runner.py:88} INFO - Job 812: Subtask check_market_open
[2026-05-01T06:29:43.501+0000] {task_command.py:423} INFO - Running <TaskInstance: fetch_market_data.check_market_open scheduled__2026-05-01T06:00:00+00:00 [running]> on host reddit-pipeline-vm
[2026-05-01T06:29:43.610+0000] {taskinstance.py:2480} INFO - Exporting env vars: AIRFLOW_CTX_DAG_OWNER='pipeline' AIRFLOW_CTX_DAG_ID='fetch_market_data' AIRFLOW_CTX_TASK_ID='check_market_open' AIRFLOW_CTX_EXECUTION_DATE='2026-05-01T06:00:00+00:00' AIRFLOW_CTX_TRY_NUMBER='1' AIRFLOW_CTX_DAG_RUN_ID='scheduled__2026-05-01T06:00:00+00:00'
[2026-05-01T06:29:43.627+0000] {sensors.py:45} INFO - Market open check at 2026-05-01 02:29 ET: False
[2026-05-01T06:29:43.653+0000] {taskinstance.py:2658} INFO - Rescheduling task, marking task as UP_FOR_RESCHEDULE
[2026-05-01T06:29:43.676+0000] {local_task_job_runner.py:234} INFO - Task exited with return code 0
[2026-05-01T06:29:43.716+0000] {taskinstance.py:3280} INFO - 0 downstream tasks scheduled from follow-on schedule check
[2026-05-01T06:30:44.727+0000] {taskinstance.py:1956} INFO - Dependencies all met for dep_context=non-requeueable deps ti=<TaskInstance: fetch_market_data.check_market_open scheduled__2026-05-01T06:00:00+00:00 [queued]>
[2026-05-01T06:30:44.734+0000] {taskinstance.py:1956} INFO - Dependencies all met for dep_context=requeueable deps ti=<TaskInstance: fetch_market_data.check_market_open scheduled__2026-05-01T06:00:00+00:00 [queued]>
[2026-05-01T06:30:44.735+0000] {taskinstance.py:2170} INFO - Starting attempt 1 of 3
[2026-05-01T06:30:44.744+0000] {taskinstance.py:2191} INFO - Executing <Task(MarketOpenSensor): check_market_open> on 2026-05-01 06:00:00+00:00
[2026-05-01T06:30:44.751+0000] {standard_task_runner.py:60} INFO - Started process 670908 to run task
[2026-05-01T06:30:44.755+0000] {standard_task_runner.py:87} INFO - Running: ['airflow', 'tasks', 'run', 'fetch_market_data', 'check_market_open', 'scheduled__2026-05-01T06:00:00+00:00', '--job-id', '813', '--raw', '--subdir', 'DAGS_FOLDER/fetch_market_data.py', '--cfg-path', '/tmp/tmpp6g8puk0']
[2026-05-01T06:30:44.756+0000] {standard_task_runner.py:88} INFO - Job 813: Subtask check_market_open
[2026-05-01T06:30:44.832+0000] {task_command.py:423} INFO - Running <TaskInstance: fetch_market_data.check_market_open scheduled__2026-05-01T06:00:00+00:00 [running]> on host reddit-pipeline-vm
[2026-05-01T06:30:44.940+0000] {taskinstance.py:2480} INFO - Exporting env vars: AIRFLOW_CTX_DAG_OWNER='pipeline' AIRFLOW_CTX_DAG_ID='fetch_market_data' AIRFLOW_CTX_TASK_ID='check_market_open' AIRFLOW_CTX_EXECUTION_DATE='2026-05-01T06:00:00+00:00' AIRFLOW_CTX_TRY_NUMBER='1' AIRFLOW_CTX_DAG_RUN_ID='scheduled__2026-05-01T06:00:00+00:00'
[2026-05-01T06:30:44.958+0000] {sensors.py:45} INFO - Market open check at 2026-05-01 02:30 ET: False
[2026-05-01T06:30:44.959+0000] {taskinstance.py:2698} ERROR - Task failed with exception
Traceback (most recent call last):
  File "/home/ubuntu/github_repo/Stock-Market-Intelligence-Pipeline/venv/lib/python3.11/site-packages/airflow/models/taskinstance.py", line 433, in _execute_task
    result = execute_callable(context=context, **execute_callable_kwargs)
             ^^^^^^^^^^^^^^^^^^^^^^^^^^^^^^^^^^^^^^^^^^^^^^^^^^^^^^^^^^^^
  File "/home/ubuntu/github_repo/Stock-Market-Intelligence-Pipeline/venv/lib/python3.11/site-packages/airflow/sensors/base.py", line 282, in execute
    raise AirflowSensorTimeout(message)
airflow.exceptions.AirflowSensorTimeout: Sensor has timed out; run duration of 920.444579 seconds exceeds the specified timeout of 900.0.
[2026-05-01T06:30:44.976+0000] {taskinstance.py:1138} INFO - Immediate failure requested. Marking task as FAILED. dag_id=fetch_market_data, task_id=check_market_open, execution_date=20260501T060000, start_date=20260501T063044, end_date=20260501T063044
[2026-05-01T06:30:44.985+0000] {standard_task_runner.py:107} ERROR - Failed to execute job 813 for task check_market_open (Sensor has timed out; run duration of 920.444579 seconds exceeds the specified timeout of 900.0.; 670908)
[2026-05-01T06:30:45.007+0000] {local_task_job_runner.py:234} INFO - Task exited with return code 1
[2026-05-01T06:30:45.056+0000] {taskinstance.py:3280} INFO - 0 downstream tasks scheduled from follow-on schedule check
