[2026-05-06T23:00:17.545+0000] {taskinstance.py:1956} INFO - Dependencies all met for dep_context=non-requeueable deps ti=<TaskInstance: fetch_market_data.check_market_open scheduled__2026-05-06T22:00:00+00:00 [queued]>
[2026-05-06T23:00:17.552+0000] {taskinstance.py:1956} INFO - Dependencies all met for dep_context=requeueable deps ti=<TaskInstance: fetch_market_data.check_market_open scheduled__2026-05-06T22:00:00+00:00 [queued]>
[2026-05-06T23:00:17.552+0000] {taskinstance.py:2170} INFO - Starting attempt 1 of 3
[2026-05-06T23:00:17.563+0000] {taskinstance.py:2191} INFO - Executing <Task(MarketOpenSensor): check_market_open> on 2026-05-06 22:00:00+00:00
[2026-05-06T23:00:17.569+0000] {standard_task_runner.py:60} INFO - Started process 1063486 to run task
[2026-05-06T23:00:17.573+0000] {standard_task_runner.py:87} INFO - Running: ['airflow', 'tasks', 'run', 'fetch_market_data', 'check_market_open', 'scheduled__2026-05-06T22:00:00+00:00', '--job-id', '1433', '--raw', '--subdir', 'DAGS_FOLDER/fetch_market_data.py', '--cfg-path', '/tmp/tmp7d_y_quc']
[2026-05-06T23:00:17.575+0000] {standard_task_runner.py:88} INFO - Job 1433: Subtask check_market_open
[2026-05-06T23:00:17.639+0000] {task_command.py:423} INFO - Running <TaskInstance: fetch_market_data.check_market_open scheduled__2026-05-06T22:00:00+00:00 [running]> on host reddit-pipeline-vm
[2026-05-06T23:00:17.737+0000] {taskinstance.py:2480} INFO - Exporting env vars: AIRFLOW_CTX_DAG_OWNER='pipeline' AIRFLOW_CTX_DAG_ID='fetch_market_data' AIRFLOW_CTX_TASK_ID='check_market_open' AIRFLOW_CTX_EXECUTION_DATE='2026-05-06T22:00:00+00:00' AIRFLOW_CTX_TRY_NUMBER='1' AIRFLOW_CTX_DAG_RUN_ID='scheduled__2026-05-06T22:00:00+00:00'
[2026-05-06T23:00:17.751+0000] {sensors.py:45} INFO - Market open check at 2026-05-06 19:00 ET: False
[2026-05-06T23:00:17.774+0000] {taskinstance.py:2658} INFO - Rescheduling task, marking task as UP_FOR_RESCHEDULE
[2026-05-06T23:00:17.785+0000] {local_task_job_runner.py:234} INFO - Task exited with return code 0
[2026-05-06T23:00:17.818+0000] {taskinstance.py:3280} INFO - 0 downstream tasks scheduled from follow-on schedule check
[2026-05-06T23:15:18.469+0000] {taskinstance.py:1956} INFO - Dependencies all met for dep_context=non-requeueable deps ti=<TaskInstance: fetch_market_data.check_market_open scheduled__2026-05-06T22:00:00+00:00 [queued]>
[2026-05-06T23:15:18.476+0000] {taskinstance.py:1956} INFO - Dependencies all met for dep_context=requeueable deps ti=<TaskInstance: fetch_market_data.check_market_open scheduled__2026-05-06T22:00:00+00:00 [queued]>
[2026-05-06T23:15:18.476+0000] {taskinstance.py:2170} INFO - Starting attempt 1 of 3
[2026-05-06T23:15:18.487+0000] {taskinstance.py:2191} INFO - Executing <Task(MarketOpenSensor): check_market_open> on 2026-05-06 22:00:00+00:00
[2026-05-06T23:15:18.494+0000] {standard_task_runner.py:60} INFO - Started process 1064464 to run task
[2026-05-06T23:15:18.497+0000] {standard_task_runner.py:87} INFO - Running: ['airflow', 'tasks', 'run', 'fetch_market_data', 'check_market_open', 'scheduled__2026-05-06T22:00:00+00:00', '--job-id', '1434', '--raw', '--subdir', 'DAGS_FOLDER/fetch_market_data.py', '--cfg-path', '/tmp/tmphygxm0bn']
[2026-05-06T23:15:18.499+0000] {standard_task_runner.py:88} INFO - Job 1434: Subtask check_market_open
[2026-05-06T23:15:18.562+0000] {task_command.py:423} INFO - Running <TaskInstance: fetch_market_data.check_market_open scheduled__2026-05-06T22:00:00+00:00 [running]> on host reddit-pipeline-vm
[2026-05-06T23:15:18.656+0000] {taskinstance.py:2480} INFO - Exporting env vars: AIRFLOW_CTX_DAG_OWNER='pipeline' AIRFLOW_CTX_DAG_ID='fetch_market_data' AIRFLOW_CTX_TASK_ID='check_market_open' AIRFLOW_CTX_EXECUTION_DATE='2026-05-06T22:00:00+00:00' AIRFLOW_CTX_TRY_NUMBER='1' AIRFLOW_CTX_DAG_RUN_ID='scheduled__2026-05-06T22:00:00+00:00'
[2026-05-06T23:15:18.672+0000] {sensors.py:45} INFO - Market open check at 2026-05-06 19:15 ET: False
[2026-05-06T23:15:18.695+0000] {taskinstance.py:2658} INFO - Rescheduling task, marking task as UP_FOR_RESCHEDULE
[2026-05-06T23:15:18.709+0000] {local_task_job_runner.py:234} INFO - Task exited with return code 0
[2026-05-06T23:15:18.743+0000] {taskinstance.py:3280} INFO - 0 downstream tasks scheduled from follow-on schedule check
[2026-05-06T23:30:19.973+0000] {taskinstance.py:1956} INFO - Dependencies all met for dep_context=non-requeueable deps ti=<TaskInstance: fetch_market_data.check_market_open scheduled__2026-05-06T22:00:00+00:00 [queued]>
[2026-05-06T23:30:19.980+0000] {taskinstance.py:1956} INFO - Dependencies all met for dep_context=requeueable deps ti=<TaskInstance: fetch_market_data.check_market_open scheduled__2026-05-06T22:00:00+00:00 [queued]>
[2026-05-06T23:30:19.980+0000] {taskinstance.py:2170} INFO - Starting attempt 1 of 3
[2026-05-06T23:30:19.992+0000] {taskinstance.py:2191} INFO - Executing <Task(MarketOpenSensor): check_market_open> on 2026-05-06 22:00:00+00:00
[2026-05-06T23:30:19.998+0000] {standard_task_runner.py:60} INFO - Started process 1065496 to run task
[2026-05-06T23:30:20.001+0000] {standard_task_runner.py:87} INFO - Running: ['airflow', 'tasks', 'run', 'fetch_market_data', 'check_market_open', 'scheduled__2026-05-06T22:00:00+00:00', '--job-id', '1435', '--raw', '--subdir', 'DAGS_FOLDER/fetch_market_data.py', '--cfg-path', '/tmp/tmpmhrs52jj']
[2026-05-06T23:30:20.003+0000] {standard_task_runner.py:88} INFO - Job 1435: Subtask check_market_open
[2026-05-06T23:30:20.068+0000] {task_command.py:423} INFO - Running <TaskInstance: fetch_market_data.check_market_open scheduled__2026-05-06T22:00:00+00:00 [running]> on host reddit-pipeline-vm
[2026-05-06T23:30:20.163+0000] {taskinstance.py:2480} INFO - Exporting env vars: AIRFLOW_CTX_DAG_OWNER='pipeline' AIRFLOW_CTX_DAG_ID='fetch_market_data' AIRFLOW_CTX_TASK_ID='check_market_open' AIRFLOW_CTX_EXECUTION_DATE='2026-05-06T22:00:00+00:00' AIRFLOW_CTX_TRY_NUMBER='1' AIRFLOW_CTX_DAG_RUN_ID='scheduled__2026-05-06T22:00:00+00:00'
[2026-05-06T23:30:20.178+0000] {sensors.py:45} INFO - Market open check at 2026-05-06 19:30 ET: False
[2026-05-06T23:30:20.200+0000] {taskinstance.py:2658} INFO - Rescheduling task, marking task as UP_FOR_RESCHEDULE
[2026-05-06T23:30:20.214+0000] {local_task_job_runner.py:234} INFO - Task exited with return code 0
[2026-05-06T23:30:20.248+0000] {taskinstance.py:3280} INFO - 0 downstream tasks scheduled from follow-on schedule check
[2026-05-06T23:45:21.612+0000] {taskinstance.py:1956} INFO - Dependencies all met for dep_context=non-requeueable deps ti=<TaskInstance: fetch_market_data.check_market_open scheduled__2026-05-06T22:00:00+00:00 [queued]>
[2026-05-06T23:45:21.619+0000] {taskinstance.py:1956} INFO - Dependencies all met for dep_context=requeueable deps ti=<TaskInstance: fetch_market_data.check_market_open scheduled__2026-05-06T22:00:00+00:00 [queued]>
[2026-05-06T23:45:21.620+0000] {taskinstance.py:2170} INFO - Starting attempt 1 of 3
[2026-05-06T23:45:21.631+0000] {taskinstance.py:2191} INFO - Executing <Task(MarketOpenSensor): check_market_open> on 2026-05-06 22:00:00+00:00
[2026-05-06T23:45:21.637+0000] {standard_task_runner.py:60} INFO - Started process 1066510 to run task
[2026-05-06T23:45:21.640+0000] {standard_task_runner.py:87} INFO - Running: ['airflow', 'tasks', 'run', 'fetch_market_data', 'check_market_open', 'scheduled__2026-05-06T22:00:00+00:00', '--job-id', '1436', '--raw', '--subdir', 'DAGS_FOLDER/fetch_market_data.py', '--cfg-path', '/tmp/tmplbw2xeew']
[2026-05-06T23:45:21.642+0000] {standard_task_runner.py:88} INFO - Job 1436: Subtask check_market_open
[2026-05-06T23:45:21.708+0000] {task_command.py:423} INFO - Running <TaskInstance: fetch_market_data.check_market_open scheduled__2026-05-06T22:00:00+00:00 [running]> on host reddit-pipeline-vm
[2026-05-06T23:45:21.800+0000] {taskinstance.py:2480} INFO - Exporting env vars: AIRFLOW_CTX_DAG_OWNER='pipeline' AIRFLOW_CTX_DAG_ID='fetch_market_data' AIRFLOW_CTX_TASK_ID='check_market_open' AIRFLOW_CTX_EXECUTION_DATE='2026-05-06T22:00:00+00:00' AIRFLOW_CTX_TRY_NUMBER='1' AIRFLOW_CTX_DAG_RUN_ID='scheduled__2026-05-06T22:00:00+00:00'
[2026-05-06T23:45:21.814+0000] {sensors.py:45} INFO - Market open check at 2026-05-06 19:45 ET: False
[2026-05-06T23:45:21.836+0000] {taskinstance.py:2658} INFO - Rescheduling task, marking task as UP_FOR_RESCHEDULE
[2026-05-06T23:45:21.853+0000] {local_task_job_runner.py:234} INFO - Task exited with return code 0
[2026-05-06T23:45:21.885+0000] {taskinstance.py:3280} INFO - 0 downstream tasks scheduled from follow-on schedule check
[2026-05-07T00:00:22.955+0000] {taskinstance.py:1956} INFO - Dependencies all met for dep_context=non-requeueable deps ti=<TaskInstance: fetch_market_data.check_market_open scheduled__2026-05-06T22:00:00+00:00 [queued]>
[2026-05-07T00:00:22.962+0000] {taskinstance.py:1956} INFO - Dependencies all met for dep_context=requeueable deps ti=<TaskInstance: fetch_market_data.check_market_open scheduled__2026-05-06T22:00:00+00:00 [queued]>
[2026-05-07T00:00:22.962+0000] {taskinstance.py:2170} INFO - Starting attempt 1 of 3
[2026-05-07T00:00:22.973+0000] {taskinstance.py:2191} INFO - Executing <Task(MarketOpenSensor): check_market_open> on 2026-05-06 22:00:00+00:00
[2026-05-07T00:00:22.979+0000] {standard_task_runner.py:60} INFO - Started process 1067525 to run task
[2026-05-07T00:00:22.983+0000] {standard_task_runner.py:87} INFO - Running: ['airflow', 'tasks', 'run', 'fetch_market_data', 'check_market_open', 'scheduled__2026-05-06T22:00:00+00:00', '--job-id', '1437', '--raw', '--subdir', 'DAGS_FOLDER/fetch_market_data.py', '--cfg-path', '/tmp/tmp7qxfram0']
[2026-05-07T00:00:22.984+0000] {standard_task_runner.py:88} INFO - Job 1437: Subtask check_market_open
[2026-05-07T00:00:23.049+0000] {task_command.py:423} INFO - Running <TaskInstance: fetch_market_data.check_market_open scheduled__2026-05-06T22:00:00+00:00 [running]> on host reddit-pipeline-vm
[2026-05-07T00:00:23.142+0000] {taskinstance.py:2480} INFO - Exporting env vars: AIRFLOW_CTX_DAG_OWNER='pipeline' AIRFLOW_CTX_DAG_ID='fetch_market_data' AIRFLOW_CTX_TASK_ID='check_market_open' AIRFLOW_CTX_EXECUTION_DATE='2026-05-06T22:00:00+00:00' AIRFLOW_CTX_TRY_NUMBER='1' AIRFLOW_CTX_DAG_RUN_ID='scheduled__2026-05-06T22:00:00+00:00'
[2026-05-07T00:00:23.158+0000] {sensors.py:45} INFO - Market open check at 2026-05-06 20:00 ET: False
[2026-05-07T00:00:23.158+0000] {taskinstance.py:2360} INFO - Sensor has timed out; run duration of 3605.490738 seconds exceeds the specified timeout of 3600.0.
[2026-05-07T00:00:23.173+0000] {taskinstance.py:1138} INFO - Marking task as SKIPPED. dag_id=fetch_market_data, task_id=check_market_open, execution_date=20260506T220000, start_date=20260507T000022, end_date=20260507T000023
[2026-05-07T00:00:23.196+0000] {local_task_job_runner.py:234} INFO - Task exited with return code 0
[2026-05-07T00:00:23.239+0000] {taskinstance.py:3280} INFO - 0 downstream tasks scheduled from follow-on schedule check
