[2026-05-07T14:00:24.957+0000] {taskinstance.py:1956} INFO - Dependencies all met for dep_context=non-requeueable deps ti=<TaskInstance: run_dbt_models.dbt_run manual__2026-05-07T14:00:24.403791+00:00 [queued]>
[2026-05-07T14:00:24.963+0000] {taskinstance.py:1956} INFO - Dependencies all met for dep_context=requeueable deps ti=<TaskInstance: run_dbt_models.dbt_run manual__2026-05-07T14:00:24.403791+00:00 [queued]>
[2026-05-07T14:00:24.964+0000] {taskinstance.py:2170} INFO - Starting attempt 1 of 2
[2026-05-07T14:00:24.975+0000] {taskinstance.py:2191} INFO - Executing <Task(BashOperator): dbt_run> on 2026-05-07 14:00:24.403791+00:00
[2026-05-07T14:00:24.979+0000] {standard_task_runner.py:60} INFO - Started process 1124484 to run task
[2026-05-07T14:00:24.982+0000] {standard_task_runner.py:87} INFO - Running: ['airflow', 'tasks', 'run', 'run_dbt_models', 'dbt_run', 'manual__2026-05-07T14:00:24.403791+00:00', '--job-id', '1525', '--raw', '--subdir', 'DAGS_FOLDER/run_dbt_models.py', '--cfg-path', '/tmp/tmp0a93r2ya']
[2026-05-07T14:00:24.984+0000] {standard_task_runner.py:88} INFO - Job 1525: Subtask dbt_run
[2026-05-07T14:00:25.048+0000] {task_command.py:423} INFO - Running <TaskInstance: run_dbt_models.dbt_run manual__2026-05-07T14:00:24.403791+00:00 [running]> on host reddit-pipeline-vm
[2026-05-07T14:00:25.143+0000] {taskinstance.py:2480} INFO - Exporting env vars: AIRFLOW_CTX_DAG_OWNER='pipeline' AIRFLOW_CTX_DAG_ID='run_dbt_models' AIRFLOW_CTX_TASK_ID='dbt_run' AIRFLOW_CTX_EXECUTION_DATE='2026-05-07T14:00:24.403791+00:00' AIRFLOW_CTX_TRY_NUMBER='1' AIRFLOW_CTX_DAG_RUN_ID='manual__2026-05-07T14:00:24.403791+00:00'
[2026-05-07T14:00:25.144+0000] {subprocess.py:63} INFO - Tmp dir root location: /tmp
[2026-05-07T14:00:25.144+0000] {subprocess.py:75} INFO - Running command: ['/usr/bin/bash', '-c', 'cd /home/ubuntu/github_repo/Stock-Market-Intelligence-Pipeline/dbt_project && /home/ubuntu/github_repo/Stock-Market-Intelligence-Pipeline/venv/bin/dbt run --profiles-dir /home/ubuntu/github_repo/Stock-Market-Intelligence-Pipeline/dbt_project']
[2026-05-07T14:00:25.154+0000] {subprocess.py:86} INFO - Output:
[2026-05-07T14:00:26.912+0000] {subprocess.py:93} INFO - [0m14:00:26  Running with dbt=1.7.0
[2026-05-07T14:00:27.155+0000] {subprocess.py:93} INFO - [0m14:00:27  Registered adapter: postgres=1.7.0
[2026-05-07T14:00:27.203+0000] {subprocess.py:93} INFO - [0m14:00:27  Found 5 models, 8 tests, 0 sources, 0 exposures, 0 metrics, 401 macros, 0 groups, 0 semantic models
[2026-05-07T14:00:27.206+0000] {subprocess.py:93} INFO - [0m14:00:27
[2026-05-07T14:00:27.312+0000] {subprocess.py:93} INFO - [0m14:00:27  Concurrency: 2 threads (target='dev')
[2026-05-07T14:00:27.314+0000] {subprocess.py:93} INFO - [0m14:00:27
[2026-05-07T14:00:27.316+0000] {subprocess.py:93} INFO - [0m14:00:27  1 of 5 START sql view model public_staging.stg_prices .......................... [RUN]
[2026-05-07T14:00:27.421+0000] {subprocess.py:93} INFO - [0m14:00:27  1 of 5 OK created sql view model public_staging.stg_prices ..................... [[32mCREATE VIEW[0m in 0.10s]
[2026-05-07T14:00:27.424+0000] {subprocess.py:93} INFO - [0m14:00:27  2 of 5 START sql view model public_staging.int_price_with_returns .............. [RUN]
[2026-05-07T14:00:27.469+0000] {subprocess.py:93} INFO - [0m14:00:27  2 of 5 OK created sql view model public_staging.int_price_with_returns ......... [[32mCREATE VIEW[0m in 0.04s]
[2026-05-07T14:00:27.471+0000] {subprocess.py:93} INFO - [0m14:00:27  3 of 5 START sql table model public.fact_prices ................................ [RUN]
[2026-05-07T14:00:27.555+0000] {subprocess.py:93} INFO - [0m14:00:27  3 of 5 OK created sql table model public.fact_prices ........................... [[32mSELECT 3759[0m in 0.08s]
[2026-05-07T14:00:27.557+0000] {subprocess.py:93} INFO - [0m14:00:27  4 of 5 START sql table model public.fact_indicators ............................ [RUN]
[2026-05-07T14:00:27.744+0000] {subprocess.py:93} INFO - [0m14:00:27  4 of 5 OK created sql table model public.fact_indicators ....................... [[32mSELECT 3759[0m in 0.19s]
[2026-05-07T14:00:27.749+0000] {subprocess.py:93} INFO - [0m14:00:27  5 of 5 START sql table model public.fact_alerts ................................ [RUN]
[2026-05-07T14:00:27.820+0000] {subprocess.py:93} INFO - [0m14:00:27  5 of 5 OK created sql table model public.fact_alerts ........................... [[32mSELECT 2149[0m in 0.07s]
[2026-05-07T14:00:27.839+0000] {subprocess.py:93} INFO - [0m14:00:27
[2026-05-07T14:00:27.839+0000] {subprocess.py:93} INFO - [0m14:00:27  Finished running 2 view models, 3 table models in 0 hours 0 minutes and 0.63 seconds (0.63s).
[2026-05-07T14:00:27.848+0000] {subprocess.py:93} INFO - [0m14:00:27
[2026-05-07T14:00:27.848+0000] {subprocess.py:93} INFO - [0m14:00:27  [32mCompleted successfully[0m
[2026-05-07T14:00:27.849+0000] {subprocess.py:93} INFO - [0m14:00:27
[2026-05-07T14:00:27.849+0000] {subprocess.py:93} INFO - [0m14:00:27  Done. PASS=5 WARN=0 ERROR=0 SKIP=0 TOTAL=5
[2026-05-07T14:00:29.352+0000] {subprocess.py:97} INFO - Command exited with return code 0
[2026-05-07T14:00:29.391+0000] {taskinstance.py:1138} INFO - Marking task as SUCCESS. dag_id=run_dbt_models, task_id=dbt_run, execution_date=20260507T140024, start_date=20260507T140024, end_date=20260507T140029
[2026-05-07T14:00:29.409+0000] {local_task_job_runner.py:234} INFO - Task exited with return code 0
[2026-05-07T14:00:29.436+0000] {taskinstance.py:3280} INFO - 1 downstream tasks scheduled from follow-on schedule check
