[2026-05-06T19:17:16.201+0000] {taskinstance.py:1956} INFO - Dependencies all met for dep_context=non-requeueable deps ti=<TaskInstance: run_dbt_models.dbt_run manual__2026-05-06T18:00:17.460435+00:00 [queued]>
[2026-05-06T19:17:16.207+0000] {taskinstance.py:1956} INFO - Dependencies all met for dep_context=requeueable deps ti=<TaskInstance: run_dbt_models.dbt_run manual__2026-05-06T18:00:17.460435+00:00 [queued]>
[2026-05-06T19:17:16.208+0000] {taskinstance.py:2170} INFO - Starting attempt 3 of 4
[2026-05-06T19:17:16.217+0000] {taskinstance.py:2191} INFO - Executing <Task(BashOperator): dbt_run> on 2026-05-06 18:00:17.460435+00:00
[2026-05-06T19:17:16.222+0000] {standard_task_runner.py:60} INFO - Started process 1048151 to run task
[2026-05-06T19:17:16.225+0000] {standard_task_runner.py:87} INFO - Running: ['airflow', 'tasks', 'run', 'run_dbt_models', 'dbt_run', 'manual__2026-05-06T18:00:17.460435+00:00', '--job-id', '1396', '--raw', '--subdir', 'DAGS_FOLDER/run_dbt_models.py', '--cfg-path', '/tmp/tmp7or2mnlp']
[2026-05-06T19:17:16.227+0000] {standard_task_runner.py:88} INFO - Job 1396: Subtask dbt_run
[2026-05-06T19:17:16.288+0000] {task_command.py:423} INFO - Running <TaskInstance: run_dbt_models.dbt_run manual__2026-05-06T18:00:17.460435+00:00 [running]> on host reddit-pipeline-vm
[2026-05-06T19:17:16.382+0000] {taskinstance.py:2480} INFO - Exporting env vars: AIRFLOW_CTX_DAG_OWNER='pipeline' AIRFLOW_CTX_DAG_ID='run_dbt_models' AIRFLOW_CTX_TASK_ID='dbt_run' AIRFLOW_CTX_EXECUTION_DATE='2026-05-06T18:00:17.460435+00:00' AIRFLOW_CTX_TRY_NUMBER='3' AIRFLOW_CTX_DAG_RUN_ID='manual__2026-05-06T18:00:17.460435+00:00'
[2026-05-06T19:17:16.383+0000] {subprocess.py:63} INFO - Tmp dir root location: /tmp
[2026-05-06T19:17:16.383+0000] {subprocess.py:75} INFO - Running command: ['/usr/bin/bash', '-c', 'cd /home/ubuntu/github_repo/Stock-Market-Intelligence-Pipeline/dbt_project && /home/ubuntu/github_repo/Stock-Market-Intelligence-Pipeline/venv/bin/dbt run --profiles-dir /home/ubuntu/github_repo/Stock-Market-Intelligence-Pipeline/dbt_project']
[2026-05-06T19:17:16.392+0000] {subprocess.py:86} INFO - Output:
[2026-05-06T19:17:18.134+0000] {subprocess.py:93} INFO - [0m19:17:18  Running with dbt=1.7.0
[2026-05-06T19:17:18.375+0000] {subprocess.py:93} INFO - [0m19:17:18  Registered adapter: postgres=1.7.0
[2026-05-06T19:17:18.420+0000] {subprocess.py:93} INFO - [0m19:17:18  Found 5 models, 8 tests, 0 sources, 0 exposures, 0 metrics, 401 macros, 0 groups, 0 semantic models
[2026-05-06T19:17:18.423+0000] {subprocess.py:93} INFO - [0m19:17:18
[2026-05-06T19:17:18.530+0000] {subprocess.py:93} INFO - [0m19:17:18  Concurrency: 2 threads (target='dev')
[2026-05-06T19:17:18.532+0000] {subprocess.py:93} INFO - [0m19:17:18
[2026-05-06T19:17:18.534+0000] {subprocess.py:93} INFO - [0m19:17:18  1 of 5 START sql view model public_staging.stg_prices .......................... [RUN]
[2026-05-06T19:17:18.637+0000] {subprocess.py:93} INFO - [0m19:17:18  1 of 5 OK created sql view model public_staging.stg_prices ..................... [[32mCREATE VIEW[0m in 0.10s]
[2026-05-06T19:17:18.639+0000] {subprocess.py:93} INFO - [0m19:17:18  2 of 5 START sql view model public_staging.int_price_with_returns .............. [RUN]
[2026-05-06T19:17:18.682+0000] {subprocess.py:93} INFO - [0m19:17:18  2 of 5 OK created sql view model public_staging.int_price_with_returns ......... [[32mCREATE VIEW[0m in 0.04s]
[2026-05-06T19:17:18.684+0000] {subprocess.py:93} INFO - [0m19:17:18  3 of 5 START sql table model public.fact_prices ................................ [RUN]
[2026-05-06T19:17:18.768+0000] {subprocess.py:93} INFO - [0m19:17:18  3 of 5 OK created sql table model public.fact_prices ........................... [[32mSELECT 3745[0m in 0.08s]
[2026-05-06T19:17:18.770+0000] {subprocess.py:93} INFO - [0m19:17:18  4 of 5 START sql table model public.fact_indicators ............................ [RUN]
[2026-05-06T19:17:18.949+0000] {subprocess.py:93} INFO - [0m19:17:18  4 of 5 OK created sql table model public.fact_indicators ....................... [[32mSELECT 3745[0m in 0.18s]
[2026-05-06T19:17:18.951+0000] {subprocess.py:93} INFO - [0m19:17:18  5 of 5 START sql table model public.fact_alerts ................................ [RUN]
[2026-05-06T19:17:19.030+0000] {subprocess.py:93} INFO - [0m19:17:19  5 of 5 OK created sql table model public.fact_alerts ........................... [[32mSELECT 2139[0m in 0.07s]
[2026-05-06T19:17:19.051+0000] {subprocess.py:93} INFO - [0m19:17:19
[2026-05-06T19:17:19.051+0000] {subprocess.py:93} INFO - [0m19:17:19  Finished running 2 view models, 3 table models in 0 hours 0 minutes and 0.63 seconds (0.63s).
[2026-05-06T19:17:19.075+0000] {subprocess.py:93} INFO - [0m19:17:19
[2026-05-06T19:17:19.076+0000] {subprocess.py:93} INFO - [0m19:17:19  [32mCompleted successfully[0m
[2026-05-06T19:17:19.076+0000] {subprocess.py:93} INFO - [0m19:17:19
[2026-05-06T19:17:19.080+0000] {subprocess.py:93} INFO - [0m19:17:19  Done. PASS=5 WARN=0 ERROR=0 SKIP=0 TOTAL=5
[2026-05-06T19:17:21.019+0000] {subprocess.py:97} INFO - Command exited with return code 0
[2026-05-06T19:17:21.061+0000] {taskinstance.py:1138} INFO - Marking task as SUCCESS. dag_id=run_dbt_models, task_id=dbt_run, execution_date=20260506T180017, start_date=20260506T191716, end_date=20260506T191721
[2026-05-06T19:17:21.097+0000] {local_task_job_runner.py:234} INFO - Task exited with return code 0
[2026-05-06T19:17:21.140+0000] {taskinstance.py:3280} INFO - 0 downstream tasks scheduled from follow-on schedule check
