[2026-05-12T13:32:30.285+0000] {taskinstance.py:1956} INFO - Dependencies all met for dep_context=non-requeueable deps ti=<TaskInstance: run_dbt_models.dbt_run manual__2026-05-12T13:32:29.721745+00:00 [queued]>
[2026-05-12T13:32:30.291+0000] {taskinstance.py:1956} INFO - Dependencies all met for dep_context=requeueable deps ti=<TaskInstance: run_dbt_models.dbt_run manual__2026-05-12T13:32:29.721745+00:00 [queued]>
[2026-05-12T13:32:30.291+0000] {taskinstance.py:2170} INFO - Starting attempt 1 of 2
[2026-05-12T13:32:30.301+0000] {taskinstance.py:2191} INFO - Executing <Task(BashOperator): dbt_run> on 2026-05-12 13:32:29.721745+00:00
[2026-05-12T13:32:30.305+0000] {standard_task_runner.py:60} INFO - Started process 1602518 to run task
[2026-05-12T13:32:30.309+0000] {standard_task_runner.py:87} INFO - Running: ['airflow', 'tasks', 'run', 'run_dbt_models', 'dbt_run', 'manual__2026-05-12T13:32:29.721745+00:00', '--job-id', '2006', '--raw', '--subdir', 'DAGS_FOLDER/run_dbt_models.py', '--cfg-path', '/tmp/tmpxqgv13gt']
[2026-05-12T13:32:30.311+0000] {standard_task_runner.py:88} INFO - Job 2006: Subtask dbt_run
[2026-05-12T13:32:30.370+0000] {task_command.py:423} INFO - Running <TaskInstance: run_dbt_models.dbt_run manual__2026-05-12T13:32:29.721745+00:00 [running]> on host reddit-pipeline-vm
[2026-05-12T13:32:30.464+0000] {taskinstance.py:2480} INFO - Exporting env vars: AIRFLOW_CTX_DAG_OWNER='pipeline' AIRFLOW_CTX_DAG_ID='run_dbt_models' AIRFLOW_CTX_TASK_ID='dbt_run' AIRFLOW_CTX_EXECUTION_DATE='2026-05-12T13:32:29.721745+00:00' AIRFLOW_CTX_TRY_NUMBER='1' AIRFLOW_CTX_DAG_RUN_ID='manual__2026-05-12T13:32:29.721745+00:00'
[2026-05-12T13:32:30.465+0000] {subprocess.py:63} INFO - Tmp dir root location: /tmp
[2026-05-12T13:32:30.466+0000] {subprocess.py:75} INFO - Running command: ['/usr/bin/bash', '-c', 'cd /home/ubuntu/github_repo/Stock-Market-Intelligence-Pipeline/dbt_project && /home/ubuntu/github_repo/Stock-Market-Intelligence-Pipeline/venv/bin/dbt run --profiles-dir /home/ubuntu/github_repo/Stock-Market-Intelligence-Pipeline/dbt_project']
[2026-05-12T13:32:30.474+0000] {subprocess.py:86} INFO - Output:
[2026-05-12T13:32:32.201+0000] {subprocess.py:93} INFO - [0m13:32:32  Running with dbt=1.7.0
[2026-05-12T13:32:32.437+0000] {subprocess.py:93} INFO - [0m13:32:32  Registered adapter: postgres=1.7.0
[2026-05-12T13:32:32.482+0000] {subprocess.py:93} INFO - [0m13:32:32  Found 5 models, 8 tests, 0 sources, 0 exposures, 0 metrics, 401 macros, 0 groups, 0 semantic models
[2026-05-12T13:32:32.484+0000] {subprocess.py:93} INFO - [0m13:32:32
[2026-05-12T13:32:32.586+0000] {subprocess.py:93} INFO - [0m13:32:32  Concurrency: 2 threads (target='dev')
[2026-05-12T13:32:32.587+0000] {subprocess.py:93} INFO - [0m13:32:32
[2026-05-12T13:32:32.589+0000] {subprocess.py:93} INFO - [0m13:32:32  1 of 5 START sql view model public_staging.stg_prices .......................... [RUN]
[2026-05-12T13:32:32.691+0000] {subprocess.py:93} INFO - [0m13:32:32  1 of 5 OK created sql view model public_staging.stg_prices ..................... [[32mCREATE VIEW[0m in 0.10s]
[2026-05-12T13:32:32.693+0000] {subprocess.py:93} INFO - [0m13:32:32  2 of 5 START sql view model public_staging.int_price_with_returns .............. [RUN]
[2026-05-12T13:32:32.736+0000] {subprocess.py:93} INFO - [0m13:32:32  2 of 5 OK created sql view model public_staging.int_price_with_returns ......... [[32mCREATE VIEW[0m in 0.04s]
[2026-05-12T13:32:32.737+0000] {subprocess.py:93} INFO - [0m13:32:32  3 of 5 START sql table model public.fact_prices ................................ [RUN]
[2026-05-12T13:32:32.826+0000] {subprocess.py:93} INFO - [0m13:32:32  3 of 5 OK created sql table model public.fact_prices ........................... [[32mSELECT 3906[0m in 0.09s]
[2026-05-12T13:32:32.829+0000] {subprocess.py:93} INFO - [0m13:32:32  4 of 5 START sql table model public.fact_indicators ............................ [RUN]
[2026-05-12T13:32:33.010+0000] {subprocess.py:93} INFO - [0m13:32:33  4 of 5 OK created sql table model public.fact_indicators ....................... [[32mSELECT 3906[0m in 0.18s]
[2026-05-12T13:32:33.012+0000] {subprocess.py:93} INFO - [0m13:32:33  5 of 5 START sql table model public.fact_alerts ................................ [RUN]
[2026-05-12T13:32:33.084+0000] {subprocess.py:93} INFO - [0m13:32:33  5 of 5 OK created sql table model public.fact_alerts ........................... [[32mSELECT 2251[0m in 0.07s]
[2026-05-12T13:32:33.104+0000] {subprocess.py:93} INFO - [0m13:32:33
[2026-05-12T13:32:33.104+0000] {subprocess.py:93} INFO - [0m13:32:33  Finished running 2 view models, 3 table models in 0 hours 0 minutes and 0.62 seconds (0.62s).
[2026-05-12T13:32:33.114+0000] {subprocess.py:93} INFO - [0m13:32:33
[2026-05-12T13:32:33.115+0000] {subprocess.py:93} INFO - [0m13:32:33  [32mCompleted successfully[0m
[2026-05-12T13:32:33.115+0000] {subprocess.py:93} INFO - [0m13:32:33
[2026-05-12T13:32:33.115+0000] {subprocess.py:93} INFO - [0m13:32:33  Done. PASS=5 WARN=0 ERROR=0 SKIP=0 TOTAL=5
[2026-05-12T13:32:34.734+0000] {subprocess.py:97} INFO - Command exited with return code 0
[2026-05-12T13:32:34.771+0000] {taskinstance.py:1138} INFO - Marking task as SUCCESS. dag_id=run_dbt_models, task_id=dbt_run, execution_date=20260512T133229, start_date=20260512T133230, end_date=20260512T133234
[2026-05-12T13:32:34.823+0000] {local_task_job_runner.py:234} INFO - Task exited with return code 0
[2026-05-12T13:32:34.850+0000] {taskinstance.py:3280} INFO - 1 downstream tasks scheduled from follow-on schedule check
