[2026-05-11T02:00:18.636+0000] {taskinstance.py:1956} INFO - Dependencies all met for dep_context=non-requeueable deps ti=<TaskInstance: fetch_market_data.check_market_open scheduled__2026-05-11T01:00:00+00:00 [queued]>
[2026-05-11T02:00:18.642+0000] {taskinstance.py:1956} INFO - Dependencies all met for dep_context=requeueable deps ti=<TaskInstance: fetch_market_data.check_market_open scheduled__2026-05-11T01:00:00+00:00 [queued]>
[2026-05-11T02:00:18.643+0000] {taskinstance.py:2170} INFO - Starting attempt 1 of 3
[2026-05-11T02:00:18.654+0000] {taskinstance.py:2191} INFO - Executing <Task(MarketOpenSensor): check_market_open> on 2026-05-11 01:00:00+00:00
[2026-05-11T02:00:18.660+0000] {standard_task_runner.py:60} INFO - Started process 1461098 to run task
[2026-05-11T02:00:18.663+0000] {standard_task_runner.py:87} INFO - Running: ['airflow', 'tasks', 'run', 'fetch_market_data', 'check_market_open', 'scheduled__2026-05-11T01:00:00+00:00', '--job-id', '1776', '--raw', '--subdir', 'DAGS_FOLDER/fetch_market_data.py', '--cfg-path', '/tmp/tmpgeaxojb7']
[2026-05-11T02:00:18.666+0000] {standard_task_runner.py:88} INFO - Job 1776: Subtask check_market_open
[2026-05-11T02:00:18.733+0000] {task_command.py:423} INFO - Running <TaskInstance: fetch_market_data.check_market_open scheduled__2026-05-11T01:00:00+00:00 [running]> on host reddit-pipeline-vm
[2026-05-11T02:00:18.830+0000] {taskinstance.py:2480} INFO - Exporting env vars: AIRFLOW_CTX_DAG_OWNER='pipeline' AIRFLOW_CTX_DAG_ID='fetch_market_data' AIRFLOW_CTX_TASK_ID='check_market_open' AIRFLOW_CTX_EXECUTION_DATE='2026-05-11T01:00:00+00:00' AIRFLOW_CTX_TRY_NUMBER='1' AIRFLOW_CTX_DAG_RUN_ID='scheduled__2026-05-11T01:00:00+00:00'
[2026-05-11T02:00:18.844+0000] {sensors.py:45} INFO - Market open check at 2026-05-10 22:00 ET: False
[2026-05-11T02:00:18.867+0000] {taskinstance.py:2658} INFO - Rescheduling task, marking task as UP_FOR_RESCHEDULE
[2026-05-11T02:00:18.876+0000] {local_task_job_runner.py:234} INFO - Task exited with return code 0
[2026-05-11T02:00:18.909+0000] {taskinstance.py:3280} INFO - 0 downstream tasks scheduled from follow-on schedule check
[2026-05-11T02:15:20.342+0000] {taskinstance.py:1956} INFO - Dependencies all met for dep_context=non-requeueable deps ti=<TaskInstance: fetch_market_data.check_market_open scheduled__2026-05-11T01:00:00+00:00 [queued]>
[2026-05-11T02:15:20.349+0000] {taskinstance.py:1956} INFO - Dependencies all met for dep_context=requeueable deps ti=<TaskInstance: fetch_market_data.check_market_open scheduled__2026-05-11T01:00:00+00:00 [queued]>
[2026-05-11T02:15:20.349+0000] {taskinstance.py:2170} INFO - Starting attempt 1 of 3
[2026-05-11T02:15:20.360+0000] {taskinstance.py:2191} INFO - Executing <Task(MarketOpenSensor): check_market_open> on 2026-05-11 01:00:00+00:00
[2026-05-11T02:15:20.370+0000] {standard_task_runner.py:60} INFO - Started process 1462081 to run task
[2026-05-11T02:15:20.375+0000] {standard_task_runner.py:87} INFO - Running: ['airflow', 'tasks', 'run', 'fetch_market_data', 'check_market_open', 'scheduled__2026-05-11T01:00:00+00:00', '--job-id', '1777', '--raw', '--subdir', 'DAGS_FOLDER/fetch_market_data.py', '--cfg-path', '/tmp/tmpfufawpd3']
[2026-05-11T02:15:20.377+0000] {standard_task_runner.py:88} INFO - Job 1777: Subtask check_market_open
[2026-05-11T02:15:20.448+0000] {task_command.py:423} INFO - Running <TaskInstance: fetch_market_data.check_market_open scheduled__2026-05-11T01:00:00+00:00 [running]> on host reddit-pipeline-vm
[2026-05-11T02:15:20.542+0000] {taskinstance.py:2480} INFO - Exporting env vars: AIRFLOW_CTX_DAG_OWNER='pipeline' AIRFLOW_CTX_DAG_ID='fetch_market_data' AIRFLOW_CTX_TASK_ID='check_market_open' AIRFLOW_CTX_EXECUTION_DATE='2026-05-11T01:00:00+00:00' AIRFLOW_CTX_TRY_NUMBER='1' AIRFLOW_CTX_DAG_RUN_ID='scheduled__2026-05-11T01:00:00+00:00'
[2026-05-11T02:15:20.557+0000] {sensors.py:45} INFO - Market open check at 2026-05-10 22:15 ET: False
[2026-05-11T02:15:20.581+0000] {taskinstance.py:2658} INFO - Rescheduling task, marking task as UP_FOR_RESCHEDULE
[2026-05-11T02:15:20.627+0000] {local_task_job_runner.py:234} INFO - Task exited with return code 0
[2026-05-11T02:15:20.661+0000] {taskinstance.py:3280} INFO - 0 downstream tasks scheduled from follow-on schedule check
[2026-05-11T02:30:21.988+0000] {taskinstance.py:1956} INFO - Dependencies all met for dep_context=non-requeueable deps ti=<TaskInstance: fetch_market_data.check_market_open scheduled__2026-05-11T01:00:00+00:00 [queued]>
[2026-05-11T02:30:21.995+0000] {taskinstance.py:1956} INFO - Dependencies all met for dep_context=requeueable deps ti=<TaskInstance: fetch_market_data.check_market_open scheduled__2026-05-11T01:00:00+00:00 [queued]>
[2026-05-11T02:30:21.995+0000] {taskinstance.py:2170} INFO - Starting attempt 1 of 3
[2026-05-11T02:30:22.006+0000] {taskinstance.py:2191} INFO - Executing <Task(MarketOpenSensor): check_market_open> on 2026-05-11 01:00:00+00:00
[2026-05-11T02:30:22.013+0000] {standard_task_runner.py:60} INFO - Started process 1463055 to run task
[2026-05-11T02:30:22.016+0000] {standard_task_runner.py:87} INFO - Running: ['airflow', 'tasks', 'run', 'fetch_market_data', 'check_market_open', 'scheduled__2026-05-11T01:00:00+00:00', '--job-id', '1778', '--raw', '--subdir', 'DAGS_FOLDER/fetch_market_data.py', '--cfg-path', '/tmp/tmp22xa50he']
[2026-05-11T02:30:22.018+0000] {standard_task_runner.py:88} INFO - Job 1778: Subtask check_market_open
[2026-05-11T02:30:22.082+0000] {task_command.py:423} INFO - Running <TaskInstance: fetch_market_data.check_market_open scheduled__2026-05-11T01:00:00+00:00 [running]> on host reddit-pipeline-vm
[2026-05-11T02:30:22.175+0000] {taskinstance.py:2480} INFO - Exporting env vars: AIRFLOW_CTX_DAG_OWNER='pipeline' AIRFLOW_CTX_DAG_ID='fetch_market_data' AIRFLOW_CTX_TASK_ID='check_market_open' AIRFLOW_CTX_EXECUTION_DATE='2026-05-11T01:00:00+00:00' AIRFLOW_CTX_TRY_NUMBER='1' AIRFLOW_CTX_DAG_RUN_ID='scheduled__2026-05-11T01:00:00+00:00'
[2026-05-11T02:30:22.189+0000] {sensors.py:45} INFO - Market open check at 2026-05-10 22:30 ET: False
[2026-05-11T02:30:22.211+0000] {taskinstance.py:2658} INFO - Rescheduling task, marking task as UP_FOR_RESCHEDULE
[2026-05-11T02:30:22.231+0000] {local_task_job_runner.py:234} INFO - Task exited with return code 0
[2026-05-11T02:30:22.264+0000] {taskinstance.py:3280} INFO - 0 downstream tasks scheduled from follow-on schedule check
[2026-05-11T02:45:23.083+0000] {taskinstance.py:1956} INFO - Dependencies all met for dep_context=non-requeueable deps ti=<TaskInstance: fetch_market_data.check_market_open scheduled__2026-05-11T01:00:00+00:00 [queued]>
[2026-05-11T02:45:23.090+0000] {taskinstance.py:1956} INFO - Dependencies all met for dep_context=requeueable deps ti=<TaskInstance: fetch_market_data.check_market_open scheduled__2026-05-11T01:00:00+00:00 [queued]>
[2026-05-11T02:45:23.090+0000] {taskinstance.py:2170} INFO - Starting attempt 1 of 3
[2026-05-11T02:45:23.103+0000] {taskinstance.py:2191} INFO - Executing <Task(MarketOpenSensor): check_market_open> on 2026-05-11 01:00:00+00:00
[2026-05-11T02:45:23.111+0000] {standard_task_runner.py:60} INFO - Started process 1464061 to run task
[2026-05-11T02:45:23.115+0000] {standard_task_runner.py:87} INFO - Running: ['airflow', 'tasks', 'run', 'fetch_market_data', 'check_market_open', 'scheduled__2026-05-11T01:00:00+00:00', '--job-id', '1779', '--raw', '--subdir', 'DAGS_FOLDER/fetch_market_data.py', '--cfg-path', '/tmp/tmp3mzmrg8v']
[2026-05-11T02:45:23.117+0000] {standard_task_runner.py:88} INFO - Job 1779: Subtask check_market_open
[2026-05-11T02:45:23.184+0000] {task_command.py:423} INFO - Running <TaskInstance: fetch_market_data.check_market_open scheduled__2026-05-11T01:00:00+00:00 [running]> on host reddit-pipeline-vm
[2026-05-11T02:45:23.276+0000] {taskinstance.py:2480} INFO - Exporting env vars: AIRFLOW_CTX_DAG_OWNER='pipeline' AIRFLOW_CTX_DAG_ID='fetch_market_data' AIRFLOW_CTX_TASK_ID='check_market_open' AIRFLOW_CTX_EXECUTION_DATE='2026-05-11T01:00:00+00:00' AIRFLOW_CTX_TRY_NUMBER='1' AIRFLOW_CTX_DAG_RUN_ID='scheduled__2026-05-11T01:00:00+00:00'
[2026-05-11T02:45:23.291+0000] {sensors.py:45} INFO - Market open check at 2026-05-10 22:45 ET: False
[2026-05-11T02:45:23.313+0000] {taskinstance.py:2658} INFO - Rescheduling task, marking task as UP_FOR_RESCHEDULE
[2026-05-11T02:45:23.328+0000] {local_task_job_runner.py:234} INFO - Task exited with return code 0
[2026-05-11T02:45:23.362+0000] {taskinstance.py:3280} INFO - 0 downstream tasks scheduled from follow-on schedule check
[2026-05-11T03:00:24.526+0000] {taskinstance.py:1956} INFO - Dependencies all met for dep_context=non-requeueable deps ti=<TaskInstance: fetch_market_data.check_market_open scheduled__2026-05-11T01:00:00+00:00 [queued]>
[2026-05-11T03:00:24.533+0000] {taskinstance.py:1956} INFO - Dependencies all met for dep_context=requeueable deps ti=<TaskInstance: fetch_market_data.check_market_open scheduled__2026-05-11T01:00:00+00:00 [queued]>
[2026-05-11T03:00:24.533+0000] {taskinstance.py:2170} INFO - Starting attempt 1 of 3
[2026-05-11T03:00:24.544+0000] {taskinstance.py:2191} INFO - Executing <Task(MarketOpenSensor): check_market_open> on 2026-05-11 01:00:00+00:00
[2026-05-11T03:00:24.551+0000] {standard_task_runner.py:60} INFO - Started process 1465049 to run task
[2026-05-11T03:00:24.554+0000] {standard_task_runner.py:87} INFO - Running: ['airflow', 'tasks', 'run', 'fetch_market_data', 'check_market_open', 'scheduled__2026-05-11T01:00:00+00:00', '--job-id', '1780', '--raw', '--subdir', 'DAGS_FOLDER/fetch_market_data.py', '--cfg-path', '/tmp/tmpaz_mzxn5']
[2026-05-11T03:00:24.556+0000] {standard_task_runner.py:88} INFO - Job 1780: Subtask check_market_open
[2026-05-11T03:00:24.619+0000] {task_command.py:423} INFO - Running <TaskInstance: fetch_market_data.check_market_open scheduled__2026-05-11T01:00:00+00:00 [running]> on host reddit-pipeline-vm
[2026-05-11T03:00:24.712+0000] {taskinstance.py:2480} INFO - Exporting env vars: AIRFLOW_CTX_DAG_OWNER='pipeline' AIRFLOW_CTX_DAG_ID='fetch_market_data' AIRFLOW_CTX_TASK_ID='check_market_open' AIRFLOW_CTX_EXECUTION_DATE='2026-05-11T01:00:00+00:00' AIRFLOW_CTX_TRY_NUMBER='1' AIRFLOW_CTX_DAG_RUN_ID='scheduled__2026-05-11T01:00:00+00:00'
[2026-05-11T03:00:24.727+0000] {sensors.py:45} INFO - Market open check at 2026-05-10 23:00 ET: False
[2026-05-11T03:00:24.727+0000] {taskinstance.py:2360} INFO - Sensor has timed out; run duration of 3605.966094 seconds exceeds the specified timeout of 3600.0.
[2026-05-11T03:00:24.741+0000] {taskinstance.py:1138} INFO - Marking task as SKIPPED. dag_id=fetch_market_data, task_id=check_market_open, execution_date=20260511T010000, start_date=20260511T030024, end_date=20260511T030024
[2026-05-11T03:00:24.770+0000] {local_task_job_runner.py:234} INFO - Task exited with return code 0
[2026-05-11T03:00:24.813+0000] {taskinstance.py:3280} INFO - 0 downstream tasks scheduled from follow-on schedule check
