[2026-04-30T18:53:38.327+0000] {taskinstance.py:1956} INFO - Dependencies all met for dep_context=non-requeueable deps ti=<TaskInstance: run_dbt_models.dbt_run manual__2026-04-30T18:53:37.799465+00:00 [queued]>
[2026-04-30T18:53:38.334+0000] {taskinstance.py:1956} INFO - Dependencies all met for dep_context=requeueable deps ti=<TaskInstance: run_dbt_models.dbt_run manual__2026-04-30T18:53:37.799465+00:00 [queued]>
[2026-04-30T18:53:38.334+0000] {taskinstance.py:2170} INFO - Starting attempt 1 of 2
[2026-04-30T18:53:38.347+0000] {taskinstance.py:2191} INFO - Executing <Task(BashOperator): dbt_run> on 2026-04-30 18:53:37.799465+00:00
[2026-04-30T18:53:38.356+0000] {standard_task_runner.py:60} INFO - Started process 620641 to run task
[2026-04-30T18:53:38.361+0000] {standard_task_runner.py:87} INFO - Running: ['airflow', 'tasks', 'run', 'run_dbt_models', 'dbt_run', 'manual__2026-04-30T18:53:37.799465+00:00', '--job-id', '94', '--raw', '--subdir', 'DAGS_FOLDER/run_dbt_models.py', '--cfg-path', '/tmp/tmpqr7kc9ks']
[2026-04-30T18:53:38.364+0000] {standard_task_runner.py:88} INFO - Job 94: Subtask dbt_run
[2026-04-30T18:53:38.457+0000] {task_command.py:423} INFO - Running <TaskInstance: run_dbt_models.dbt_run manual__2026-04-30T18:53:37.799465+00:00 [running]> on host reddit-pipeline-vm
[2026-04-30T18:53:38.580+0000] {taskinstance.py:2480} INFO - Exporting env vars: AIRFLOW_CTX_DAG_OWNER='pipeline' AIRFLOW_CTX_DAG_ID='run_dbt_models' AIRFLOW_CTX_TASK_ID='dbt_run' AIRFLOW_CTX_EXECUTION_DATE='2026-04-30T18:53:37.799465+00:00' AIRFLOW_CTX_TRY_NUMBER='1' AIRFLOW_CTX_DAG_RUN_ID='manual__2026-04-30T18:53:37.799465+00:00'
[2026-04-30T18:53:38.585+0000] {subprocess.py:63} INFO - Tmp dir root location: /tmp
[2026-04-30T18:53:38.585+0000] {subprocess.py:75} INFO - Running command: ['/usr/bin/bash', '-c', 'cd /home/ubuntu/github_repo/Stock-Market-Intelligence-Pipeline/dbt_project && /home/ubuntu/github_repo/Stock-Market-Intelligence-Pipeline/venv/bin/dbt run --profiles-dir /home/ubuntu/github_repo/Stock-Market-Intelligence-Pipeline/dbt_project']
[2026-04-30T18:53:38.599+0000] {subprocess.py:86} INFO - Output:
[2026-04-30T18:53:40.536+0000] {subprocess.py:93} INFO - [0m18:53:40  Running with dbt=1.7.0
[2026-04-30T18:53:40.789+0000] {subprocess.py:93} INFO - [0m18:53:40  Registered adapter: postgres=1.7.0
[2026-04-30T18:53:40.809+0000] {subprocess.py:93} INFO - [0m18:53:40  Unable to do partial parsing because profile has changed
[2026-04-30T18:53:41.830+0000] {subprocess.py:93} INFO - [0m18:53:41  Found 5 models, 8 tests, 0 sources, 0 exposures, 0 metrics, 401 macros, 0 groups, 0 semantic models
[2026-04-30T18:53:41.833+0000] {subprocess.py:93} INFO - [0m18:53:41
[2026-04-30T18:53:41.983+0000] {subprocess.py:93} INFO - [0m18:53:41  Concurrency: 2 threads (target='dev')
[2026-04-30T18:53:41.987+0000] {subprocess.py:93} INFO - [0m18:53:41
[2026-04-30T18:53:41.996+0000] {subprocess.py:93} INFO - [0m18:53:41  1 of 5 START sql view model public_staging.stg_prices .......................... [RUN]
[2026-04-30T18:53:42.168+0000] {subprocess.py:93} INFO - [0m18:53:42  1 of 5 OK created sql view model public_staging.stg_prices ..................... [[32mCREATE VIEW[0m in 0.16s]
[2026-04-30T18:53:42.171+0000] {subprocess.py:93} INFO - [0m18:53:42  2 of 5 START sql view model public_staging.int_price_with_returns .............. [RUN]
[2026-04-30T18:53:42.226+0000] {subprocess.py:93} INFO - [0m18:53:42  2 of 5 OK created sql view model public_staging.int_price_with_returns ......... [[32mCREATE VIEW[0m in 0.05s]
[2026-04-30T18:53:42.229+0000] {subprocess.py:93} INFO - [0m18:53:42  3 of 5 START sql table model public.fact_prices ................................ [RUN]
[2026-04-30T18:53:42.329+0000] {subprocess.py:93} INFO - [0m18:53:42  3 of 5 OK created sql table model public.fact_prices ........................... [[32mSELECT 3549[0m in 0.10s]
[2026-04-30T18:53:42.332+0000] {subprocess.py:93} INFO - [0m18:53:42  4 of 5 START sql table model public.fact_indicators ............................ [RUN]
[2026-04-30T18:53:42.460+0000] {subprocess.py:93} INFO - [0m18:53:42  4 of 5 OK created sql table model public.fact_indicators ....................... [[32mSELECT 3549[0m in 0.13s]
[2026-04-30T18:53:42.462+0000] {subprocess.py:93} INFO - [0m18:53:42  5 of 5 START sql table model public.fact_alerts ................................ [RUN]
[2026-04-30T18:53:42.558+0000] {subprocess.py:93} INFO - [0m18:53:42  5 of 5 OK created sql table model public.fact_alerts ........................... [[32mSELECT 2034[0m in 0.09s]
[2026-04-30T18:53:42.592+0000] {subprocess.py:93} INFO - [0m18:53:42
[2026-04-30T18:53:42.593+0000] {subprocess.py:93} INFO - [0m18:53:42  Finished running 2 view models, 3 table models in 0 hours 0 minutes and 0.76 seconds (0.76s).
[2026-04-30T18:53:42.607+0000] {subprocess.py:93} INFO - [0m18:53:42
[2026-04-30T18:53:42.608+0000] {subprocess.py:93} INFO - [0m18:53:42  [32mCompleted successfully[0m
[2026-04-30T18:53:42.609+0000] {subprocess.py:93} INFO - [0m18:53:42
[2026-04-30T18:53:42.609+0000] {subprocess.py:93} INFO - [0m18:53:42  Done. PASS=5 WARN=0 ERROR=0 SKIP=0 TOTAL=5
[2026-04-30T18:53:44.725+0000] {subprocess.py:97} INFO - Command exited with return code 0
[2026-04-30T18:53:44.776+0000] {taskinstance.py:1138} INFO - Marking task as SUCCESS. dag_id=run_dbt_models, task_id=dbt_run, execution_date=20260430T185337, start_date=20260430T185338, end_date=20260430T185344
[2026-04-30T18:53:44.829+0000] {local_task_job_runner.py:234} INFO - Task exited with return code 0
[2026-04-30T18:53:44.858+0000] {taskinstance.py:3280} INFO - 0 downstream tasks scheduled from follow-on schedule check
