[2026-05-05T03:00:50.969+0000] {taskinstance.py:1956} INFO - Dependencies all met for dep_context=non-requeueable deps ti=<TaskInstance: fetch_market_data.check_market_open scheduled__2026-05-05T02:00:00+00:00 [queued]>
[2026-05-05T03:00:50.977+0000] {taskinstance.py:1956} INFO - Dependencies all met for dep_context=requeueable deps ti=<TaskInstance: fetch_market_data.check_market_open scheduled__2026-05-05T02:00:00+00:00 [queued]>
[2026-05-05T03:00:50.977+0000] {taskinstance.py:2170} INFO - Starting attempt 1 of 3
[2026-05-05T03:00:50.990+0000] {taskinstance.py:2191} INFO - Executing <Task(MarketOpenSensor): check_market_open> on 2026-05-05 02:00:00+00:00
[2026-05-05T03:00:50.997+0000] {standard_task_runner.py:60} INFO - Started process 958722 to run task
[2026-05-05T03:00:51.001+0000] {standard_task_runner.py:87} INFO - Running: ['airflow', 'tasks', 'run', 'fetch_market_data', 'check_market_open', 'scheduled__2026-05-05T02:00:00+00:00', '--job-id', '1234', '--raw', '--subdir', 'DAGS_FOLDER/fetch_market_data.py', '--cfg-path', '/tmp/tmpki3zu0up']
[2026-05-05T03:00:51.003+0000] {standard_task_runner.py:88} INFO - Job 1234: Subtask check_market_open
[2026-05-05T03:00:51.088+0000] {task_command.py:423} INFO - Running <TaskInstance: fetch_market_data.check_market_open scheduled__2026-05-05T02:00:00+00:00 [running]> on host reddit-pipeline-vm
[2026-05-05T03:00:51.218+0000] {taskinstance.py:2480} INFO - Exporting env vars: AIRFLOW_CTX_DAG_OWNER='pipeline' AIRFLOW_CTX_DAG_ID='fetch_market_data' AIRFLOW_CTX_TASK_ID='check_market_open' AIRFLOW_CTX_EXECUTION_DATE='2026-05-05T02:00:00+00:00' AIRFLOW_CTX_TRY_NUMBER='1' AIRFLOW_CTX_DAG_RUN_ID='scheduled__2026-05-05T02:00:00+00:00'
[2026-05-05T03:00:51.238+0000] {sensors.py:45} INFO - Market open check at 2026-05-04 23:00 ET: False
[2026-05-05T03:00:51.268+0000] {taskinstance.py:2658} INFO - Rescheduling task, marking task as UP_FOR_RESCHEDULE
[2026-05-05T03:00:51.295+0000] {local_task_job_runner.py:234} INFO - Task exited with return code 0
[2026-05-05T03:00:51.341+0000] {taskinstance.py:3280} INFO - 0 downstream tasks scheduled from follow-on schedule check
[2026-05-05T03:15:52.252+0000] {taskinstance.py:1956} INFO - Dependencies all met for dep_context=non-requeueable deps ti=<TaskInstance: fetch_market_data.check_market_open scheduled__2026-05-05T02:00:00+00:00 [queued]>
[2026-05-05T03:15:52.262+0000] {taskinstance.py:1956} INFO - Dependencies all met for dep_context=requeueable deps ti=<TaskInstance: fetch_market_data.check_market_open scheduled__2026-05-05T02:00:00+00:00 [queued]>
[2026-05-05T03:15:52.262+0000] {taskinstance.py:2170} INFO - Starting attempt 1 of 3
[2026-05-05T03:15:52.274+0000] {taskinstance.py:2191} INFO - Executing <Task(MarketOpenSensor): check_market_open> on 2026-05-05 02:00:00+00:00
[2026-05-05T03:15:52.281+0000] {standard_task_runner.py:60} INFO - Started process 959476 to run task
[2026-05-05T03:15:52.284+0000] {standard_task_runner.py:87} INFO - Running: ['airflow', 'tasks', 'run', 'fetch_market_data', 'check_market_open', 'scheduled__2026-05-05T02:00:00+00:00', '--job-id', '1235', '--raw', '--subdir', 'DAGS_FOLDER/fetch_market_data.py', '--cfg-path', '/tmp/tmpn6zx1lrm']
[2026-05-05T03:15:52.287+0000] {standard_task_runner.py:88} INFO - Job 1235: Subtask check_market_open
[2026-05-05T03:15:52.370+0000] {task_command.py:423} INFO - Running <TaskInstance: fetch_market_data.check_market_open scheduled__2026-05-05T02:00:00+00:00 [running]> on host reddit-pipeline-vm
[2026-05-05T03:15:52.496+0000] {taskinstance.py:2480} INFO - Exporting env vars: AIRFLOW_CTX_DAG_OWNER='pipeline' AIRFLOW_CTX_DAG_ID='fetch_market_data' AIRFLOW_CTX_TASK_ID='check_market_open' AIRFLOW_CTX_EXECUTION_DATE='2026-05-05T02:00:00+00:00' AIRFLOW_CTX_TRY_NUMBER='1' AIRFLOW_CTX_DAG_RUN_ID='scheduled__2026-05-05T02:00:00+00:00'
[2026-05-05T03:15:52.516+0000] {sensors.py:45} INFO - Market open check at 2026-05-04 23:15 ET: False
[2026-05-05T03:15:52.547+0000] {taskinstance.py:2658} INFO - Rescheduling task, marking task as UP_FOR_RESCHEDULE
[2026-05-05T03:15:52.579+0000] {local_task_job_runner.py:234} INFO - Task exited with return code 0
[2026-05-05T03:15:52.625+0000] {taskinstance.py:3280} INFO - 0 downstream tasks scheduled from follow-on schedule check
[2026-05-05T03:30:53.468+0000] {taskinstance.py:1956} INFO - Dependencies all met for dep_context=non-requeueable deps ti=<TaskInstance: fetch_market_data.check_market_open scheduled__2026-05-05T02:00:00+00:00 [queued]>
[2026-05-05T03:30:53.477+0000] {taskinstance.py:1956} INFO - Dependencies all met for dep_context=requeueable deps ti=<TaskInstance: fetch_market_data.check_market_open scheduled__2026-05-05T02:00:00+00:00 [queued]>
[2026-05-05T03:30:53.478+0000] {taskinstance.py:2170} INFO - Starting attempt 1 of 3
[2026-05-05T03:30:53.489+0000] {taskinstance.py:2191} INFO - Executing <Task(MarketOpenSensor): check_market_open> on 2026-05-05 02:00:00+00:00
[2026-05-05T03:30:53.496+0000] {standard_task_runner.py:60} INFO - Started process 960218 to run task
[2026-05-05T03:30:53.500+0000] {standard_task_runner.py:87} INFO - Running: ['airflow', 'tasks', 'run', 'fetch_market_data', 'check_market_open', 'scheduled__2026-05-05T02:00:00+00:00', '--job-id', '1236', '--raw', '--subdir', 'DAGS_FOLDER/fetch_market_data.py', '--cfg-path', '/tmp/tmp2_dhvj7o']
[2026-05-05T03:30:53.502+0000] {standard_task_runner.py:88} INFO - Job 1236: Subtask check_market_open
[2026-05-05T03:30:53.588+0000] {task_command.py:423} INFO - Running <TaskInstance: fetch_market_data.check_market_open scheduled__2026-05-05T02:00:00+00:00 [running]> on host reddit-pipeline-vm
[2026-05-05T03:30:53.719+0000] {taskinstance.py:2480} INFO - Exporting env vars: AIRFLOW_CTX_DAG_OWNER='pipeline' AIRFLOW_CTX_DAG_ID='fetch_market_data' AIRFLOW_CTX_TASK_ID='check_market_open' AIRFLOW_CTX_EXECUTION_DATE='2026-05-05T02:00:00+00:00' AIRFLOW_CTX_TRY_NUMBER='1' AIRFLOW_CTX_DAG_RUN_ID='scheduled__2026-05-05T02:00:00+00:00'
[2026-05-05T03:30:53.739+0000] {sensors.py:45} INFO - Market open check at 2026-05-04 23:30 ET: False
[2026-05-05T03:30:53.769+0000] {taskinstance.py:2658} INFO - Rescheduling task, marking task as UP_FOR_RESCHEDULE
[2026-05-05T03:30:53.793+0000] {local_task_job_runner.py:234} INFO - Task exited with return code 0
[2026-05-05T03:30:53.838+0000] {taskinstance.py:3280} INFO - 0 downstream tasks scheduled from follow-on schedule check
[2026-05-05T03:45:54.573+0000] {taskinstance.py:1956} INFO - Dependencies all met for dep_context=non-requeueable deps ti=<TaskInstance: fetch_market_data.check_market_open scheduled__2026-05-05T02:00:00+00:00 [queued]>
[2026-05-05T03:45:54.583+0000] {taskinstance.py:1956} INFO - Dependencies all met for dep_context=requeueable deps ti=<TaskInstance: fetch_market_data.check_market_open scheduled__2026-05-05T02:00:00+00:00 [queued]>
[2026-05-05T03:45:54.583+0000] {taskinstance.py:2170} INFO - Starting attempt 1 of 3
[2026-05-05T03:45:54.595+0000] {taskinstance.py:2191} INFO - Executing <Task(MarketOpenSensor): check_market_open> on 2026-05-05 02:00:00+00:00
[2026-05-05T03:45:54.603+0000] {standard_task_runner.py:60} INFO - Started process 960964 to run task
[2026-05-05T03:45:54.606+0000] {standard_task_runner.py:87} INFO - Running: ['airflow', 'tasks', 'run', 'fetch_market_data', 'check_market_open', 'scheduled__2026-05-05T02:00:00+00:00', '--job-id', '1237', '--raw', '--subdir', 'DAGS_FOLDER/fetch_market_data.py', '--cfg-path', '/tmp/tmpp7ts3s6q']
[2026-05-05T03:45:54.608+0000] {standard_task_runner.py:88} INFO - Job 1237: Subtask check_market_open
[2026-05-05T03:45:54.694+0000] {task_command.py:423} INFO - Running <TaskInstance: fetch_market_data.check_market_open scheduled__2026-05-05T02:00:00+00:00 [running]> on host reddit-pipeline-vm
[2026-05-05T03:45:54.821+0000] {taskinstance.py:2480} INFO - Exporting env vars: AIRFLOW_CTX_DAG_OWNER='pipeline' AIRFLOW_CTX_DAG_ID='fetch_market_data' AIRFLOW_CTX_TASK_ID='check_market_open' AIRFLOW_CTX_EXECUTION_DATE='2026-05-05T02:00:00+00:00' AIRFLOW_CTX_TRY_NUMBER='1' AIRFLOW_CTX_DAG_RUN_ID='scheduled__2026-05-05T02:00:00+00:00'
[2026-05-05T03:45:54.841+0000] {sensors.py:45} INFO - Market open check at 2026-05-04 23:45 ET: False
[2026-05-05T03:45:54.871+0000] {taskinstance.py:2658} INFO - Rescheduling task, marking task as UP_FOR_RESCHEDULE
[2026-05-05T03:45:54.900+0000] {local_task_job_runner.py:234} INFO - Task exited with return code 0
[2026-05-05T03:45:54.946+0000] {taskinstance.py:3280} INFO - 0 downstream tasks scheduled from follow-on schedule check
[2026-05-05T04:00:56.543+0000] {taskinstance.py:1956} INFO - Dependencies all met for dep_context=non-requeueable deps ti=<TaskInstance: fetch_market_data.check_market_open scheduled__2026-05-05T02:00:00+00:00 [queued]>
[2026-05-05T04:00:56.553+0000] {taskinstance.py:1956} INFO - Dependencies all met for dep_context=requeueable deps ti=<TaskInstance: fetch_market_data.check_market_open scheduled__2026-05-05T02:00:00+00:00 [queued]>
[2026-05-05T04:00:56.554+0000] {taskinstance.py:2170} INFO - Starting attempt 1 of 3
[2026-05-05T04:00:56.567+0000] {taskinstance.py:2191} INFO - Executing <Task(MarketOpenSensor): check_market_open> on 2026-05-05 02:00:00+00:00
[2026-05-05T04:00:56.574+0000] {standard_task_runner.py:60} INFO - Started process 961734 to run task
[2026-05-05T04:00:56.577+0000] {standard_task_runner.py:87} INFO - Running: ['airflow', 'tasks', 'run', 'fetch_market_data', 'check_market_open', 'scheduled__2026-05-05T02:00:00+00:00', '--job-id', '1238', '--raw', '--subdir', 'DAGS_FOLDER/fetch_market_data.py', '--cfg-path', '/tmp/tmp6tz_vv8b']
[2026-05-05T04:00:56.580+0000] {standard_task_runner.py:88} INFO - Job 1238: Subtask check_market_open
[2026-05-05T04:00:56.667+0000] {task_command.py:423} INFO - Running <TaskInstance: fetch_market_data.check_market_open scheduled__2026-05-05T02:00:00+00:00 [running]> on host reddit-pipeline-vm
[2026-05-05T04:00:56.794+0000] {taskinstance.py:2480} INFO - Exporting env vars: AIRFLOW_CTX_DAG_OWNER='pipeline' AIRFLOW_CTX_DAG_ID='fetch_market_data' AIRFLOW_CTX_TASK_ID='check_market_open' AIRFLOW_CTX_EXECUTION_DATE='2026-05-05T02:00:00+00:00' AIRFLOW_CTX_TRY_NUMBER='1' AIRFLOW_CTX_DAG_RUN_ID='scheduled__2026-05-05T02:00:00+00:00'
[2026-05-05T04:00:56.815+0000] {sensors.py:45} INFO - Market open check at 2026-05-05 00:00 ET: False
[2026-05-05T04:00:56.815+0000] {taskinstance.py:2360} INFO - Sensor has timed out; run duration of 3605.68685 seconds exceeds the specified timeout of 3600.0.
[2026-05-05T04:00:56.835+0000] {taskinstance.py:1138} INFO - Marking task as SKIPPED. dag_id=fetch_market_data, task_id=check_market_open, execution_date=20260505T020000, start_date=20260505T040056, end_date=20260505T040056
[2026-05-05T04:00:56.873+0000] {local_task_job_runner.py:234} INFO - Task exited with return code 0
[2026-05-05T04:00:56.932+0000] {taskinstance.py:3280} INFO - 0 downstream tasks scheduled from follow-on schedule check
