[2026-05-04T00:00:01.476+0000] {taskinstance.py:1956} INFO - Dependencies all met for dep_context=non-requeueable deps ti=<TaskInstance: fetch_market_data.check_market_open scheduled__2026-05-01T23:00:00+00:00 [queued]>
[2026-05-04T00:00:01.483+0000] {taskinstance.py:1956} INFO - Dependencies all met for dep_context=requeueable deps ti=<TaskInstance: fetch_market_data.check_market_open scheduled__2026-05-01T23:00:00+00:00 [queued]>
[2026-05-04T00:00:01.483+0000] {taskinstance.py:2170} INFO - Starting attempt 1 of 3
[2026-05-04T00:00:01.493+0000] {taskinstance.py:2191} INFO - Executing <Task(MarketOpenSensor): check_market_open> on 2026-05-01 23:00:00+00:00
[2026-05-04T00:00:01.500+0000] {standard_task_runner.py:60} INFO - Started process 876147 to run task
[2026-05-04T00:00:01.504+0000] {standard_task_runner.py:87} INFO - Running: ['airflow', 'tasks', 'run', 'fetch_market_data', 'check_market_open', 'scheduled__2026-05-01T23:00:00+00:00', '--job-id', '1049', '--raw', '--subdir', 'DAGS_FOLDER/fetch_market_data.py', '--cfg-path', '/tmp/tmpltvmyhuv']
[2026-05-04T00:00:01.507+0000] {standard_task_runner.py:88} INFO - Job 1049: Subtask check_market_open
[2026-05-04T00:00:01.584+0000] {task_command.py:423} INFO - Running <TaskInstance: fetch_market_data.check_market_open scheduled__2026-05-01T23:00:00+00:00 [running]> on host reddit-pipeline-vm
[2026-05-04T00:00:01.697+0000] {taskinstance.py:2480} INFO - Exporting env vars: AIRFLOW_CTX_DAG_OWNER='pipeline' AIRFLOW_CTX_DAG_ID='fetch_market_data' AIRFLOW_CTX_TASK_ID='check_market_open' AIRFLOW_CTX_EXECUTION_DATE='2026-05-01T23:00:00+00:00' AIRFLOW_CTX_TRY_NUMBER='1' AIRFLOW_CTX_DAG_RUN_ID='scheduled__2026-05-01T23:00:00+00:00'
[2026-05-04T00:00:01.715+0000] {sensors.py:45} INFO - Market open check at 2026-05-03 20:00 ET: False
[2026-05-04T00:00:01.741+0000] {taskinstance.py:2658} INFO - Rescheduling task, marking task as UP_FOR_RESCHEDULE
[2026-05-04T00:00:01.759+0000] {local_task_job_runner.py:234} INFO - Task exited with return code 0
[2026-05-04T00:00:01.809+0000] {taskinstance.py:3280} INFO - 0 downstream tasks scheduled from follow-on schedule check
[2026-05-04T00:15:02.410+0000] {taskinstance.py:1956} INFO - Dependencies all met for dep_context=non-requeueable deps ti=<TaskInstance: fetch_market_data.check_market_open scheduled__2026-05-01T23:00:00+00:00 [queued]>
[2026-05-04T00:15:02.417+0000] {taskinstance.py:1956} INFO - Dependencies all met for dep_context=requeueable deps ti=<TaskInstance: fetch_market_data.check_market_open scheduled__2026-05-01T23:00:00+00:00 [queued]>
[2026-05-04T00:15:02.417+0000] {taskinstance.py:2170} INFO - Starting attempt 1 of 3
[2026-05-04T00:15:02.428+0000] {taskinstance.py:2191} INFO - Executing <Task(MarketOpenSensor): check_market_open> on 2026-05-01 23:00:00+00:00
[2026-05-04T00:15:02.434+0000] {standard_task_runner.py:60} INFO - Started process 876890 to run task
[2026-05-04T00:15:02.437+0000] {standard_task_runner.py:87} INFO - Running: ['airflow', 'tasks', 'run', 'fetch_market_data', 'check_market_open', 'scheduled__2026-05-01T23:00:00+00:00', '--job-id', '1050', '--raw', '--subdir', 'DAGS_FOLDER/fetch_market_data.py', '--cfg-path', '/tmp/tmpzdwwt6ga']
[2026-05-04T00:15:02.439+0000] {standard_task_runner.py:88} INFO - Job 1050: Subtask check_market_open
[2026-05-04T00:15:02.510+0000] {task_command.py:423} INFO - Running <TaskInstance: fetch_market_data.check_market_open scheduled__2026-05-01T23:00:00+00:00 [running]> on host reddit-pipeline-vm
[2026-05-04T00:15:02.611+0000] {taskinstance.py:2480} INFO - Exporting env vars: AIRFLOW_CTX_DAG_OWNER='pipeline' AIRFLOW_CTX_DAG_ID='fetch_market_data' AIRFLOW_CTX_TASK_ID='check_market_open' AIRFLOW_CTX_EXECUTION_DATE='2026-05-01T23:00:00+00:00' AIRFLOW_CTX_TRY_NUMBER='1' AIRFLOW_CTX_DAG_RUN_ID='scheduled__2026-05-01T23:00:00+00:00'
[2026-05-04T00:15:02.628+0000] {sensors.py:45} INFO - Market open check at 2026-05-03 20:15 ET: False
[2026-05-04T00:15:02.654+0000] {taskinstance.py:2658} INFO - Rescheduling task, marking task as UP_FOR_RESCHEDULE
[2026-05-04T00:15:02.690+0000] {local_task_job_runner.py:234} INFO - Task exited with return code 0
[2026-05-04T00:15:02.728+0000] {taskinstance.py:3280} INFO - 0 downstream tasks scheduled from follow-on schedule check
[2026-05-04T00:30:03.872+0000] {taskinstance.py:1956} INFO - Dependencies all met for dep_context=non-requeueable deps ti=<TaskInstance: fetch_market_data.check_market_open scheduled__2026-05-01T23:00:00+00:00 [queued]>
[2026-05-04T00:30:03.879+0000] {taskinstance.py:1956} INFO - Dependencies all met for dep_context=requeueable deps ti=<TaskInstance: fetch_market_data.check_market_open scheduled__2026-05-01T23:00:00+00:00 [queued]>
[2026-05-04T00:30:03.879+0000] {taskinstance.py:2170} INFO - Starting attempt 1 of 3
[2026-05-04T00:30:03.889+0000] {taskinstance.py:2191} INFO - Executing <Task(MarketOpenSensor): check_market_open> on 2026-05-01 23:00:00+00:00
[2026-05-04T00:30:03.896+0000] {standard_task_runner.py:60} INFO - Started process 877629 to run task
[2026-05-04T00:30:03.899+0000] {standard_task_runner.py:87} INFO - Running: ['airflow', 'tasks', 'run', 'fetch_market_data', 'check_market_open', 'scheduled__2026-05-01T23:00:00+00:00', '--job-id', '1051', '--raw', '--subdir', 'DAGS_FOLDER/fetch_market_data.py', '--cfg-path', '/tmp/tmpwua15uhl']
[2026-05-04T00:30:03.901+0000] {standard_task_runner.py:88} INFO - Job 1051: Subtask check_market_open
[2026-05-04T00:30:03.978+0000] {task_command.py:423} INFO - Running <TaskInstance: fetch_market_data.check_market_open scheduled__2026-05-01T23:00:00+00:00 [running]> on host reddit-pipeline-vm
[2026-05-04T00:30:04.085+0000] {taskinstance.py:2480} INFO - Exporting env vars: AIRFLOW_CTX_DAG_OWNER='pipeline' AIRFLOW_CTX_DAG_ID='fetch_market_data' AIRFLOW_CTX_TASK_ID='check_market_open' AIRFLOW_CTX_EXECUTION_DATE='2026-05-01T23:00:00+00:00' AIRFLOW_CTX_TRY_NUMBER='1' AIRFLOW_CTX_DAG_RUN_ID='scheduled__2026-05-01T23:00:00+00:00'
[2026-05-04T00:30:04.103+0000] {sensors.py:45} INFO - Market open check at 2026-05-03 20:30 ET: False
[2026-05-04T00:30:04.129+0000] {taskinstance.py:2658} INFO - Rescheduling task, marking task as UP_FOR_RESCHEDULE
[2026-05-04T00:30:04.153+0000] {local_task_job_runner.py:234} INFO - Task exited with return code 0
[2026-05-04T00:30:04.195+0000] {taskinstance.py:3280} INFO - 0 downstream tasks scheduled from follow-on schedule check
[2026-05-04T00:45:05.305+0000] {taskinstance.py:1956} INFO - Dependencies all met for dep_context=non-requeueable deps ti=<TaskInstance: fetch_market_data.check_market_open scheduled__2026-05-01T23:00:00+00:00 [queued]>
[2026-05-04T00:45:05.312+0000] {taskinstance.py:1956} INFO - Dependencies all met for dep_context=requeueable deps ti=<TaskInstance: fetch_market_data.check_market_open scheduled__2026-05-01T23:00:00+00:00 [queued]>
[2026-05-04T00:45:05.312+0000] {taskinstance.py:2170} INFO - Starting attempt 1 of 3
[2026-05-04T00:45:05.321+0000] {taskinstance.py:2191} INFO - Executing <Task(MarketOpenSensor): check_market_open> on 2026-05-01 23:00:00+00:00
[2026-05-04T00:45:05.328+0000] {standard_task_runner.py:60} INFO - Started process 878348 to run task
[2026-05-04T00:45:05.331+0000] {standard_task_runner.py:87} INFO - Running: ['airflow', 'tasks', 'run', 'fetch_market_data', 'check_market_open', 'scheduled__2026-05-01T23:00:00+00:00', '--job-id', '1052', '--raw', '--subdir', 'DAGS_FOLDER/fetch_market_data.py', '--cfg-path', '/tmp/tmpa31bz_bb']
[2026-05-04T00:45:05.333+0000] {standard_task_runner.py:88} INFO - Job 1052: Subtask check_market_open
[2026-05-04T00:45:05.404+0000] {task_command.py:423} INFO - Running <TaskInstance: fetch_market_data.check_market_open scheduled__2026-05-01T23:00:00+00:00 [running]> on host reddit-pipeline-vm
[2026-05-04T00:45:05.505+0000] {taskinstance.py:2480} INFO - Exporting env vars: AIRFLOW_CTX_DAG_OWNER='pipeline' AIRFLOW_CTX_DAG_ID='fetch_market_data' AIRFLOW_CTX_TASK_ID='check_market_open' AIRFLOW_CTX_EXECUTION_DATE='2026-05-01T23:00:00+00:00' AIRFLOW_CTX_TRY_NUMBER='1' AIRFLOW_CTX_DAG_RUN_ID='scheduled__2026-05-01T23:00:00+00:00'
[2026-05-04T00:45:05.522+0000] {sensors.py:45} INFO - Market open check at 2026-05-03 20:45 ET: False
[2026-05-04T00:45:05.546+0000] {taskinstance.py:2658} INFO - Rescheduling task, marking task as UP_FOR_RESCHEDULE
[2026-05-04T00:45:05.584+0000] {local_task_job_runner.py:234} INFO - Task exited with return code 0
[2026-05-04T00:45:05.623+0000] {taskinstance.py:3280} INFO - 0 downstream tasks scheduled from follow-on schedule check
[2026-05-04T01:00:06.647+0000] {taskinstance.py:1956} INFO - Dependencies all met for dep_context=non-requeueable deps ti=<TaskInstance: fetch_market_data.check_market_open scheduled__2026-05-01T23:00:00+00:00 [queued]>
[2026-05-04T01:00:06.653+0000] {taskinstance.py:1956} INFO - Dependencies all met for dep_context=requeueable deps ti=<TaskInstance: fetch_market_data.check_market_open scheduled__2026-05-01T23:00:00+00:00 [queued]>
[2026-05-04T01:00:06.654+0000] {taskinstance.py:2170} INFO - Starting attempt 1 of 3
[2026-05-04T01:00:06.663+0000] {taskinstance.py:2191} INFO - Executing <Task(MarketOpenSensor): check_market_open> on 2026-05-01 23:00:00+00:00
[2026-05-04T01:00:06.669+0000] {standard_task_runner.py:60} INFO - Started process 879090 to run task
[2026-05-04T01:00:06.672+0000] {standard_task_runner.py:87} INFO - Running: ['airflow', 'tasks', 'run', 'fetch_market_data', 'check_market_open', 'scheduled__2026-05-01T23:00:00+00:00', '--job-id', '1053', '--raw', '--subdir', 'DAGS_FOLDER/fetch_market_data.py', '--cfg-path', '/tmp/tmpxwtodsnn']
[2026-05-04T01:00:06.674+0000] {standard_task_runner.py:88} INFO - Job 1053: Subtask check_market_open
[2026-05-04T01:00:06.745+0000] {task_command.py:423} INFO - Running <TaskInstance: fetch_market_data.check_market_open scheduled__2026-05-01T23:00:00+00:00 [running]> on host reddit-pipeline-vm
[2026-05-04T01:00:06.847+0000] {taskinstance.py:2480} INFO - Exporting env vars: AIRFLOW_CTX_DAG_OWNER='pipeline' AIRFLOW_CTX_DAG_ID='fetch_market_data' AIRFLOW_CTX_TASK_ID='check_market_open' AIRFLOW_CTX_EXECUTION_DATE='2026-05-01T23:00:00+00:00' AIRFLOW_CTX_TRY_NUMBER='1' AIRFLOW_CTX_DAG_RUN_ID='scheduled__2026-05-01T23:00:00+00:00'
[2026-05-04T01:00:06.863+0000] {sensors.py:45} INFO - Market open check at 2026-05-03 21:00 ET: False
[2026-05-04T01:00:06.863+0000] {taskinstance.py:2360} INFO - Sensor has timed out; run duration of 3605.244805 seconds exceeds the specified timeout of 3600.0.
[2026-05-04T01:00:06.880+0000] {taskinstance.py:1138} INFO - Marking task as SKIPPED. dag_id=fetch_market_data, task_id=check_market_open, execution_date=20260501T230000, start_date=20260504T010006, end_date=20260504T010006
[2026-05-04T01:00:06.925+0000] {local_task_job_runner.py:234} INFO - Task exited with return code 0
[2026-05-04T01:00:06.973+0000] {taskinstance.py:3280} INFO - 0 downstream tasks scheduled from follow-on schedule check
