[2026-05-11T21:00:08.394+0000] {taskinstance.py:1956} INFO - Dependencies all met for dep_context=non-requeueable deps ti=<TaskInstance: fetch_market_data.check_market_open scheduled__2026-05-11T20:00:00+00:00 [queued]>
[2026-05-11T21:00:08.400+0000] {taskinstance.py:1956} INFO - Dependencies all met for dep_context=requeueable deps ti=<TaskInstance: fetch_market_data.check_market_open scheduled__2026-05-11T20:00:00+00:00 [queued]>
[2026-05-11T21:00:08.401+0000] {taskinstance.py:2170} INFO - Starting attempt 1 of 3
[2026-05-11T21:00:08.412+0000] {taskinstance.py:2191} INFO - Executing <Task(MarketOpenSensor): check_market_open> on 2026-05-11 20:00:00+00:00
[2026-05-11T21:00:08.418+0000] {standard_task_runner.py:60} INFO - Started process 1537395 to run task
[2026-05-11T21:00:08.422+0000] {standard_task_runner.py:87} INFO - Running: ['airflow', 'tasks', 'run', 'fetch_market_data', 'check_market_open', 'scheduled__2026-05-11T20:00:00+00:00', '--job-id', '1915', '--raw', '--subdir', 'DAGS_FOLDER/fetch_market_data.py', '--cfg-path', '/tmp/tmp8lqpvms9']
[2026-05-11T21:00:08.424+0000] {standard_task_runner.py:88} INFO - Job 1915: Subtask check_market_open
[2026-05-11T21:00:08.492+0000] {task_command.py:423} INFO - Running <TaskInstance: fetch_market_data.check_market_open scheduled__2026-05-11T20:00:00+00:00 [running]> on host reddit-pipeline-vm
[2026-05-11T21:00:08.593+0000] {taskinstance.py:2480} INFO - Exporting env vars: AIRFLOW_CTX_DAG_OWNER='pipeline' AIRFLOW_CTX_DAG_ID='fetch_market_data' AIRFLOW_CTX_TASK_ID='check_market_open' AIRFLOW_CTX_EXECUTION_DATE='2026-05-11T20:00:00+00:00' AIRFLOW_CTX_TRY_NUMBER='1' AIRFLOW_CTX_DAG_RUN_ID='scheduled__2026-05-11T20:00:00+00:00'
[2026-05-11T21:00:08.610+0000] {sensors.py:45} INFO - Market open check at 2026-05-11 17:00 ET: False
[2026-05-11T21:00:08.634+0000] {taskinstance.py:2658} INFO - Rescheduling task, marking task as UP_FOR_RESCHEDULE
[2026-05-11T21:00:08.678+0000] {local_task_job_runner.py:234} INFO - Task exited with return code 0
[2026-05-11T21:00:08.715+0000] {taskinstance.py:3280} INFO - 0 downstream tasks scheduled from follow-on schedule check
[2026-05-11T21:15:09.991+0000] {taskinstance.py:1956} INFO - Dependencies all met for dep_context=non-requeueable deps ti=<TaskInstance: fetch_market_data.check_market_open scheduled__2026-05-11T20:00:00+00:00 [queued]>
[2026-05-11T21:15:09.998+0000] {taskinstance.py:1956} INFO - Dependencies all met for dep_context=requeueable deps ti=<TaskInstance: fetch_market_data.check_market_open scheduled__2026-05-11T20:00:00+00:00 [queued]>
[2026-05-11T21:15:09.999+0000] {taskinstance.py:2170} INFO - Starting attempt 1 of 3
[2026-05-11T21:15:10.010+0000] {taskinstance.py:2191} INFO - Executing <Task(MarketOpenSensor): check_market_open> on 2026-05-11 20:00:00+00:00
[2026-05-11T21:15:10.018+0000] {standard_task_runner.py:60} INFO - Started process 1538351 to run task
[2026-05-11T21:15:10.021+0000] {standard_task_runner.py:87} INFO - Running: ['airflow', 'tasks', 'run', 'fetch_market_data', 'check_market_open', 'scheduled__2026-05-11T20:00:00+00:00', '--job-id', '1916', '--raw', '--subdir', 'DAGS_FOLDER/fetch_market_data.py', '--cfg-path', '/tmp/tmpw48x8sw_']
[2026-05-11T21:15:10.023+0000] {standard_task_runner.py:88} INFO - Job 1916: Subtask check_market_open
[2026-05-11T21:15:10.088+0000] {task_command.py:423} INFO - Running <TaskInstance: fetch_market_data.check_market_open scheduled__2026-05-11T20:00:00+00:00 [running]> on host reddit-pipeline-vm
[2026-05-11T21:15:10.181+0000] {taskinstance.py:2480} INFO - Exporting env vars: AIRFLOW_CTX_DAG_OWNER='pipeline' AIRFLOW_CTX_DAG_ID='fetch_market_data' AIRFLOW_CTX_TASK_ID='check_market_open' AIRFLOW_CTX_EXECUTION_DATE='2026-05-11T20:00:00+00:00' AIRFLOW_CTX_TRY_NUMBER='1' AIRFLOW_CTX_DAG_RUN_ID='scheduled__2026-05-11T20:00:00+00:00'
[2026-05-11T21:15:10.196+0000] {sensors.py:45} INFO - Market open check at 2026-05-11 17:15 ET: False
[2026-05-11T21:15:10.218+0000] {taskinstance.py:2658} INFO - Rescheduling task, marking task as UP_FOR_RESCHEDULE
[2026-05-11T21:15:10.234+0000] {local_task_job_runner.py:234} INFO - Task exited with return code 0
[2026-05-11T21:15:10.269+0000] {taskinstance.py:3280} INFO - 0 downstream tasks scheduled from follow-on schedule check
[2026-05-11T21:30:11.430+0000] {taskinstance.py:1956} INFO - Dependencies all met for dep_context=non-requeueable deps ti=<TaskInstance: fetch_market_data.check_market_open scheduled__2026-05-11T20:00:00+00:00 [queued]>
[2026-05-11T21:30:11.437+0000] {taskinstance.py:1956} INFO - Dependencies all met for dep_context=requeueable deps ti=<TaskInstance: fetch_market_data.check_market_open scheduled__2026-05-11T20:00:00+00:00 [queued]>
[2026-05-11T21:30:11.438+0000] {taskinstance.py:2170} INFO - Starting attempt 1 of 3
[2026-05-11T21:30:11.449+0000] {taskinstance.py:2191} INFO - Executing <Task(MarketOpenSensor): check_market_open> on 2026-05-11 20:00:00+00:00
[2026-05-11T21:30:11.455+0000] {standard_task_runner.py:60} INFO - Started process 1539315 to run task
[2026-05-11T21:30:11.458+0000] {standard_task_runner.py:87} INFO - Running: ['airflow', 'tasks', 'run', 'fetch_market_data', 'check_market_open', 'scheduled__2026-05-11T20:00:00+00:00', '--job-id', '1917', '--raw', '--subdir', 'DAGS_FOLDER/fetch_market_data.py', '--cfg-path', '/tmp/tmp_80y1us_']
[2026-05-11T21:30:11.460+0000] {standard_task_runner.py:88} INFO - Job 1917: Subtask check_market_open
[2026-05-11T21:30:11.525+0000] {task_command.py:423} INFO - Running <TaskInstance: fetch_market_data.check_market_open scheduled__2026-05-11T20:00:00+00:00 [running]> on host reddit-pipeline-vm
[2026-05-11T21:30:11.620+0000] {taskinstance.py:2480} INFO - Exporting env vars: AIRFLOW_CTX_DAG_OWNER='pipeline' AIRFLOW_CTX_DAG_ID='fetch_market_data' AIRFLOW_CTX_TASK_ID='check_market_open' AIRFLOW_CTX_EXECUTION_DATE='2026-05-11T20:00:00+00:00' AIRFLOW_CTX_TRY_NUMBER='1' AIRFLOW_CTX_DAG_RUN_ID='scheduled__2026-05-11T20:00:00+00:00'
[2026-05-11T21:30:11.635+0000] {sensors.py:45} INFO - Market open check at 2026-05-11 17:30 ET: False
[2026-05-11T21:30:11.658+0000] {taskinstance.py:2658} INFO - Rescheduling task, marking task as UP_FOR_RESCHEDULE
[2026-05-11T21:30:11.671+0000] {local_task_job_runner.py:234} INFO - Task exited with return code 0
[2026-05-11T21:30:11.705+0000] {taskinstance.py:3280} INFO - 0 downstream tasks scheduled from follow-on schedule check
[2026-05-11T21:45:13.187+0000] {taskinstance.py:1956} INFO - Dependencies all met for dep_context=non-requeueable deps ti=<TaskInstance: fetch_market_data.check_market_open scheduled__2026-05-11T20:00:00+00:00 [queued]>
[2026-05-11T21:45:13.194+0000] {taskinstance.py:1956} INFO - Dependencies all met for dep_context=requeueable deps ti=<TaskInstance: fetch_market_data.check_market_open scheduled__2026-05-11T20:00:00+00:00 [queued]>
[2026-05-11T21:45:13.194+0000] {taskinstance.py:2170} INFO - Starting attempt 1 of 3
[2026-05-11T21:45:13.206+0000] {taskinstance.py:2191} INFO - Executing <Task(MarketOpenSensor): check_market_open> on 2026-05-11 20:00:00+00:00
[2026-05-11T21:45:13.212+0000] {standard_task_runner.py:60} INFO - Started process 1540289 to run task
[2026-05-11T21:45:13.215+0000] {standard_task_runner.py:87} INFO - Running: ['airflow', 'tasks', 'run', 'fetch_market_data', 'check_market_open', 'scheduled__2026-05-11T20:00:00+00:00', '--job-id', '1918', '--raw', '--subdir', 'DAGS_FOLDER/fetch_market_data.py', '--cfg-path', '/tmp/tmppapd9oxh']
[2026-05-11T21:45:13.218+0000] {standard_task_runner.py:88} INFO - Job 1918: Subtask check_market_open
[2026-05-11T21:45:13.283+0000] {task_command.py:423} INFO - Running <TaskInstance: fetch_market_data.check_market_open scheduled__2026-05-11T20:00:00+00:00 [running]> on host reddit-pipeline-vm
[2026-05-11T21:45:13.377+0000] {taskinstance.py:2480} INFO - Exporting env vars: AIRFLOW_CTX_DAG_OWNER='pipeline' AIRFLOW_CTX_DAG_ID='fetch_market_data' AIRFLOW_CTX_TASK_ID='check_market_open' AIRFLOW_CTX_EXECUTION_DATE='2026-05-11T20:00:00+00:00' AIRFLOW_CTX_TRY_NUMBER='1' AIRFLOW_CTX_DAG_RUN_ID='scheduled__2026-05-11T20:00:00+00:00'
[2026-05-11T21:45:13.392+0000] {sensors.py:45} INFO - Market open check at 2026-05-11 17:45 ET: False
[2026-05-11T21:45:13.415+0000] {taskinstance.py:2658} INFO - Rescheduling task, marking task as UP_FOR_RESCHEDULE
[2026-05-11T21:45:13.428+0000] {local_task_job_runner.py:234} INFO - Task exited with return code 0
[2026-05-11T21:45:13.462+0000] {taskinstance.py:3280} INFO - 0 downstream tasks scheduled from follow-on schedule check
[2026-05-11T22:00:14.529+0000] {taskinstance.py:1956} INFO - Dependencies all met for dep_context=non-requeueable deps ti=<TaskInstance: fetch_market_data.check_market_open scheduled__2026-05-11T20:00:00+00:00 [queued]>
[2026-05-11T22:00:14.536+0000] {taskinstance.py:1956} INFO - Dependencies all met for dep_context=requeueable deps ti=<TaskInstance: fetch_market_data.check_market_open scheduled__2026-05-11T20:00:00+00:00 [queued]>
[2026-05-11T22:00:14.536+0000] {taskinstance.py:2170} INFO - Starting attempt 1 of 3
[2026-05-11T22:00:14.548+0000] {taskinstance.py:2191} INFO - Executing <Task(MarketOpenSensor): check_market_open> on 2026-05-11 20:00:00+00:00
[2026-05-11T22:00:14.554+0000] {standard_task_runner.py:60} INFO - Started process 1541264 to run task
[2026-05-11T22:00:14.557+0000] {standard_task_runner.py:87} INFO - Running: ['airflow', 'tasks', 'run', 'fetch_market_data', 'check_market_open', 'scheduled__2026-05-11T20:00:00+00:00', '--job-id', '1919', '--raw', '--subdir', 'DAGS_FOLDER/fetch_market_data.py', '--cfg-path', '/tmp/tmpn1pzihpf']
[2026-05-11T22:00:14.559+0000] {standard_task_runner.py:88} INFO - Job 1919: Subtask check_market_open
[2026-05-11T22:00:14.623+0000] {task_command.py:423} INFO - Running <TaskInstance: fetch_market_data.check_market_open scheduled__2026-05-11T20:00:00+00:00 [running]> on host reddit-pipeline-vm
[2026-05-11T22:00:14.713+0000] {taskinstance.py:2480} INFO - Exporting env vars: AIRFLOW_CTX_DAG_OWNER='pipeline' AIRFLOW_CTX_DAG_ID='fetch_market_data' AIRFLOW_CTX_TASK_ID='check_market_open' AIRFLOW_CTX_EXECUTION_DATE='2026-05-11T20:00:00+00:00' AIRFLOW_CTX_TRY_NUMBER='1' AIRFLOW_CTX_DAG_RUN_ID='scheduled__2026-05-11T20:00:00+00:00'
[2026-05-11T22:00:14.728+0000] {sensors.py:45} INFO - Market open check at 2026-05-11 18:00 ET: False
[2026-05-11T22:00:14.728+0000] {taskinstance.py:2360} INFO - Sensor has timed out; run duration of 3606.205082 seconds exceeds the specified timeout of 3600.0.
[2026-05-11T22:00:14.741+0000] {taskinstance.py:1138} INFO - Marking task as SKIPPED. dag_id=fetch_market_data, task_id=check_market_open, execution_date=20260511T200000, start_date=20260511T220014, end_date=20260511T220014
[2026-05-11T22:00:14.770+0000] {local_task_job_runner.py:234} INFO - Task exited with return code 0
[2026-05-11T22:00:14.813+0000] {taskinstance.py:3280} INFO - 0 downstream tasks scheduled from follow-on schedule check
