[2026-05-07T10:01:47.010+0000] {taskinstance.py:1956} INFO - Dependencies all met for dep_context=non-requeueable deps ti=<TaskInstance: fetch_market_data.check_market_open scheduled__2026-05-07T09:00:00+00:00 [queued]>
[2026-05-07T10:01:47.019+0000] {taskinstance.py:1956} INFO - Dependencies all met for dep_context=requeueable deps ti=<TaskInstance: fetch_market_data.check_market_open scheduled__2026-05-07T09:00:00+00:00 [queued]>
[2026-05-07T10:01:47.019+0000] {taskinstance.py:2170} INFO - Starting attempt 1 of 3
[2026-05-07T10:01:47.033+0000] {taskinstance.py:2191} INFO - Executing <Task(MarketOpenSensor): check_market_open> on 2026-05-07 09:00:00+00:00
[2026-05-07T10:01:47.040+0000] {standard_task_runner.py:60} INFO - Started process 1108523 to run task
[2026-05-07T10:01:47.045+0000] {standard_task_runner.py:87} INFO - Running: ['airflow', 'tasks', 'run', 'fetch_market_data', 'check_market_open', 'scheduled__2026-05-07T09:00:00+00:00', '--job-id', '1488', '--raw', '--subdir', 'DAGS_FOLDER/fetch_market_data.py', '--cfg-path', '/tmp/tmpuo65qsiv']
[2026-05-07T10:01:47.047+0000] {standard_task_runner.py:88} INFO - Job 1488: Subtask check_market_open
[2026-05-07T10:01:47.124+0000] {task_command.py:423} INFO - Running <TaskInstance: fetch_market_data.check_market_open scheduled__2026-05-07T09:00:00+00:00 [running]> on host reddit-pipeline-vm
[2026-05-07T10:01:47.242+0000] {taskinstance.py:2480} INFO - Exporting env vars: AIRFLOW_CTX_DAG_OWNER='pipeline' AIRFLOW_CTX_DAG_ID='fetch_market_data' AIRFLOW_CTX_TASK_ID='check_market_open' AIRFLOW_CTX_EXECUTION_DATE='2026-05-07T09:00:00+00:00' AIRFLOW_CTX_TRY_NUMBER='1' AIRFLOW_CTX_DAG_RUN_ID='scheduled__2026-05-07T09:00:00+00:00'
[2026-05-07T10:01:47.259+0000] {sensors.py:45} INFO - Market open check at 2026-05-07 06:01 ET: False
[2026-05-07T10:01:47.287+0000] {taskinstance.py:2658} INFO - Rescheduling task, marking task as UP_FOR_RESCHEDULE
[2026-05-07T10:01:47.302+0000] {local_task_job_runner.py:234} INFO - Task exited with return code 0
[2026-05-07T10:01:47.342+0000] {taskinstance.py:3280} INFO - 0 downstream tasks scheduled from follow-on schedule check
[2026-05-07T10:16:48.755+0000] {taskinstance.py:1956} INFO - Dependencies all met for dep_context=non-requeueable deps ti=<TaskInstance: fetch_market_data.check_market_open scheduled__2026-05-07T09:00:00+00:00 [queued]>
[2026-05-07T10:16:48.763+0000] {taskinstance.py:1956} INFO - Dependencies all met for dep_context=requeueable deps ti=<TaskInstance: fetch_market_data.check_market_open scheduled__2026-05-07T09:00:00+00:00 [queued]>
[2026-05-07T10:16:48.763+0000] {taskinstance.py:2170} INFO - Starting attempt 1 of 3
[2026-05-07T10:16:48.776+0000] {taskinstance.py:2191} INFO - Executing <Task(MarketOpenSensor): check_market_open> on 2026-05-07 09:00:00+00:00
[2026-05-07T10:16:48.782+0000] {standard_task_runner.py:60} INFO - Started process 1109482 to run task
[2026-05-07T10:16:48.786+0000] {standard_task_runner.py:87} INFO - Running: ['airflow', 'tasks', 'run', 'fetch_market_data', 'check_market_open', 'scheduled__2026-05-07T09:00:00+00:00', '--job-id', '1489', '--raw', '--subdir', 'DAGS_FOLDER/fetch_market_data.py', '--cfg-path', '/tmp/tmpimifm38t']
[2026-05-07T10:16:48.788+0000] {standard_task_runner.py:88} INFO - Job 1489: Subtask check_market_open
[2026-05-07T10:16:48.859+0000] {task_command.py:423} INFO - Running <TaskInstance: fetch_market_data.check_market_open scheduled__2026-05-07T09:00:00+00:00 [running]> on host reddit-pipeline-vm
[2026-05-07T10:16:48.961+0000] {taskinstance.py:2480} INFO - Exporting env vars: AIRFLOW_CTX_DAG_OWNER='pipeline' AIRFLOW_CTX_DAG_ID='fetch_market_data' AIRFLOW_CTX_TASK_ID='check_market_open' AIRFLOW_CTX_EXECUTION_DATE='2026-05-07T09:00:00+00:00' AIRFLOW_CTX_TRY_NUMBER='1' AIRFLOW_CTX_DAG_RUN_ID='scheduled__2026-05-07T09:00:00+00:00'
[2026-05-07T10:16:48.977+0000] {sensors.py:45} INFO - Market open check at 2026-05-07 06:16 ET: False
[2026-05-07T10:16:49.003+0000] {taskinstance.py:2658} INFO - Rescheduling task, marking task as UP_FOR_RESCHEDULE
[2026-05-07T10:16:49.040+0000] {local_task_job_runner.py:234} INFO - Task exited with return code 0
[2026-05-07T10:16:49.077+0000] {taskinstance.py:3280} INFO - 0 downstream tasks scheduled from follow-on schedule check
[2026-05-07T10:31:49.957+0000] {taskinstance.py:1956} INFO - Dependencies all met for dep_context=non-requeueable deps ti=<TaskInstance: fetch_market_data.check_market_open scheduled__2026-05-07T09:00:00+00:00 [queued]>
[2026-05-07T10:31:49.967+0000] {taskinstance.py:1956} INFO - Dependencies all met for dep_context=requeueable deps ti=<TaskInstance: fetch_market_data.check_market_open scheduled__2026-05-07T09:00:00+00:00 [queued]>
[2026-05-07T10:31:49.967+0000] {taskinstance.py:2170} INFO - Starting attempt 1 of 3
[2026-05-07T10:31:49.981+0000] {taskinstance.py:2191} INFO - Executing <Task(MarketOpenSensor): check_market_open> on 2026-05-07 09:00:00+00:00
[2026-05-07T10:31:49.988+0000] {standard_task_runner.py:60} INFO - Started process 1110467 to run task
[2026-05-07T10:31:49.991+0000] {standard_task_runner.py:87} INFO - Running: ['airflow', 'tasks', 'run', 'fetch_market_data', 'check_market_open', 'scheduled__2026-05-07T09:00:00+00:00', '--job-id', '1490', '--raw', '--subdir', 'DAGS_FOLDER/fetch_market_data.py', '--cfg-path', '/tmp/tmpgobhovfg']
[2026-05-07T10:31:49.993+0000] {standard_task_runner.py:88} INFO - Job 1490: Subtask check_market_open
[2026-05-07T10:31:50.068+0000] {task_command.py:423} INFO - Running <TaskInstance: fetch_market_data.check_market_open scheduled__2026-05-07T09:00:00+00:00 [running]> on host reddit-pipeline-vm
[2026-05-07T10:31:50.174+0000] {taskinstance.py:2480} INFO - Exporting env vars: AIRFLOW_CTX_DAG_OWNER='pipeline' AIRFLOW_CTX_DAG_ID='fetch_market_data' AIRFLOW_CTX_TASK_ID='check_market_open' AIRFLOW_CTX_EXECUTION_DATE='2026-05-07T09:00:00+00:00' AIRFLOW_CTX_TRY_NUMBER='1' AIRFLOW_CTX_DAG_RUN_ID='scheduled__2026-05-07T09:00:00+00:00'
[2026-05-07T10:31:50.190+0000] {sensors.py:45} INFO - Market open check at 2026-05-07 06:31 ET: False
[2026-05-07T10:31:50.215+0000] {taskinstance.py:2658} INFO - Rescheduling task, marking task as UP_FOR_RESCHEDULE
[2026-05-07T10:31:50.244+0000] {local_task_job_runner.py:234} INFO - Task exited with return code 0
[2026-05-07T10:31:50.282+0000] {taskinstance.py:3280} INFO - 0 downstream tasks scheduled from follow-on schedule check
[2026-05-07T10:46:51.122+0000] {taskinstance.py:1956} INFO - Dependencies all met for dep_context=non-requeueable deps ti=<TaskInstance: fetch_market_data.check_market_open scheduled__2026-05-07T09:00:00+00:00 [queued]>
[2026-05-07T10:46:51.129+0000] {taskinstance.py:1956} INFO - Dependencies all met for dep_context=requeueable deps ti=<TaskInstance: fetch_market_data.check_market_open scheduled__2026-05-07T09:00:00+00:00 [queued]>
[2026-05-07T10:46:51.130+0000] {taskinstance.py:2170} INFO - Starting attempt 1 of 3
[2026-05-07T10:46:51.142+0000] {taskinstance.py:2191} INFO - Executing <Task(MarketOpenSensor): check_market_open> on 2026-05-07 09:00:00+00:00
[2026-05-07T10:46:51.148+0000] {standard_task_runner.py:60} INFO - Started process 1111458 to run task
[2026-05-07T10:46:51.152+0000] {standard_task_runner.py:87} INFO - Running: ['airflow', 'tasks', 'run', 'fetch_market_data', 'check_market_open', 'scheduled__2026-05-07T09:00:00+00:00', '--job-id', '1491', '--raw', '--subdir', 'DAGS_FOLDER/fetch_market_data.py', '--cfg-path', '/tmp/tmpkyydvhas']
[2026-05-07T10:46:51.155+0000] {standard_task_runner.py:88} INFO - Job 1491: Subtask check_market_open
[2026-05-07T10:46:51.222+0000] {task_command.py:423} INFO - Running <TaskInstance: fetch_market_data.check_market_open scheduled__2026-05-07T09:00:00+00:00 [running]> on host reddit-pipeline-vm
[2026-05-07T10:46:51.323+0000] {taskinstance.py:2480} INFO - Exporting env vars: AIRFLOW_CTX_DAG_OWNER='pipeline' AIRFLOW_CTX_DAG_ID='fetch_market_data' AIRFLOW_CTX_TASK_ID='check_market_open' AIRFLOW_CTX_EXECUTION_DATE='2026-05-07T09:00:00+00:00' AIRFLOW_CTX_TRY_NUMBER='1' AIRFLOW_CTX_DAG_RUN_ID='scheduled__2026-05-07T09:00:00+00:00'
[2026-05-07T10:46:51.339+0000] {sensors.py:45} INFO - Market open check at 2026-05-07 06:46 ET: False
[2026-05-07T10:46:51.364+0000] {taskinstance.py:2658} INFO - Rescheduling task, marking task as UP_FOR_RESCHEDULE
[2026-05-07T10:46:51.408+0000] {local_task_job_runner.py:234} INFO - Task exited with return code 0
[2026-05-07T10:46:51.444+0000] {taskinstance.py:3280} INFO - 0 downstream tasks scheduled from follow-on schedule check
[2026-05-07T11:01:52.379+0000] {taskinstance.py:1956} INFO - Dependencies all met for dep_context=non-requeueable deps ti=<TaskInstance: fetch_market_data.check_market_open scheduled__2026-05-07T09:00:00+00:00 [queued]>
[2026-05-07T11:01:52.387+0000] {taskinstance.py:1956} INFO - Dependencies all met for dep_context=requeueable deps ti=<TaskInstance: fetch_market_data.check_market_open scheduled__2026-05-07T09:00:00+00:00 [queued]>
[2026-05-07T11:01:52.387+0000] {taskinstance.py:2170} INFO - Starting attempt 1 of 3
[2026-05-07T11:01:52.399+0000] {taskinstance.py:2191} INFO - Executing <Task(MarketOpenSensor): check_market_open> on 2026-05-07 09:00:00+00:00
[2026-05-07T11:01:52.406+0000] {standard_task_runner.py:60} INFO - Started process 1112444 to run task
[2026-05-07T11:01:52.409+0000] {standard_task_runner.py:87} INFO - Running: ['airflow', 'tasks', 'run', 'fetch_market_data', 'check_market_open', 'scheduled__2026-05-07T09:00:00+00:00', '--job-id', '1492', '--raw', '--subdir', 'DAGS_FOLDER/fetch_market_data.py', '--cfg-path', '/tmp/tmpdiy6yh08']
[2026-05-07T11:01:52.411+0000] {standard_task_runner.py:88} INFO - Job 1492: Subtask check_market_open
[2026-05-07T11:01:52.483+0000] {task_command.py:423} INFO - Running <TaskInstance: fetch_market_data.check_market_open scheduled__2026-05-07T09:00:00+00:00 [running]> on host reddit-pipeline-vm
[2026-05-07T11:01:52.583+0000] {taskinstance.py:2480} INFO - Exporting env vars: AIRFLOW_CTX_DAG_OWNER='pipeline' AIRFLOW_CTX_DAG_ID='fetch_market_data' AIRFLOW_CTX_TASK_ID='check_market_open' AIRFLOW_CTX_EXECUTION_DATE='2026-05-07T09:00:00+00:00' AIRFLOW_CTX_TRY_NUMBER='1' AIRFLOW_CTX_DAG_RUN_ID='scheduled__2026-05-07T09:00:00+00:00'
[2026-05-07T11:01:52.599+0000] {sensors.py:45} INFO - Market open check at 2026-05-07 07:01 ET: False
[2026-05-07T11:01:52.599+0000] {taskinstance.py:2360} INFO - Sensor has timed out; run duration of 3605.439282 seconds exceeds the specified timeout of 3600.0.
[2026-05-07T11:01:52.615+0000] {taskinstance.py:1138} INFO - Marking task as SKIPPED. dag_id=fetch_market_data, task_id=check_market_open, execution_date=20260507T090000, start_date=20260507T110152, end_date=20260507T110152
[2026-05-07T11:01:52.662+0000] {local_task_job_runner.py:234} INFO - Task exited with return code 0
[2026-05-07T11:01:52.707+0000] {taskinstance.py:3280} INFO - 0 downstream tasks scheduled from follow-on schedule check
