[2026-05-05T14:00:19.399+0000] {taskinstance.py:1956} INFO - Dependencies all met for dep_context=non-requeueable deps ti=<TaskInstance: run_dbt_models.dbt_run manual__2026-05-05T14:00:18.915508+00:00 [queued]>
[2026-05-05T14:00:19.408+0000] {taskinstance.py:1956} INFO - Dependencies all met for dep_context=requeueable deps ti=<TaskInstance: run_dbt_models.dbt_run manual__2026-05-05T14:00:18.915508+00:00 [queued]>
[2026-05-05T14:00:19.408+0000] {taskinstance.py:2170} INFO - Starting attempt 1 of 2
[2026-05-05T14:00:19.425+0000] {taskinstance.py:2191} INFO - Executing <Task(BashOperator): dbt_run> on 2026-05-05 14:00:18.915508+00:00
[2026-05-05T14:00:19.430+0000] {standard_task_runner.py:60} INFO - Started process 992174 to run task
[2026-05-05T14:00:19.434+0000] {standard_task_runner.py:87} INFO - Running: ['airflow', 'tasks', 'run', 'run_dbt_models', 'dbt_run', 'manual__2026-05-05T14:00:18.915508+00:00', '--job-id', '1306', '--raw', '--subdir', 'DAGS_FOLDER/run_dbt_models.py', '--cfg-path', '/tmp/tmp8yyfm_60']
[2026-05-05T14:00:19.436+0000] {standard_task_runner.py:88} INFO - Job 1306: Subtask dbt_run
[2026-05-05T14:00:19.516+0000] {task_command.py:423} INFO - Running <TaskInstance: run_dbt_models.dbt_run manual__2026-05-05T14:00:18.915508+00:00 [running]> on host reddit-pipeline-vm
[2026-05-05T14:00:19.636+0000] {taskinstance.py:2480} INFO - Exporting env vars: AIRFLOW_CTX_DAG_OWNER='pipeline' AIRFLOW_CTX_DAG_ID='run_dbt_models' AIRFLOW_CTX_TASK_ID='dbt_run' AIRFLOW_CTX_EXECUTION_DATE='2026-05-05T14:00:18.915508+00:00' AIRFLOW_CTX_TRY_NUMBER='1' AIRFLOW_CTX_DAG_RUN_ID='manual__2026-05-05T14:00:18.915508+00:00'
[2026-05-05T14:00:19.637+0000] {subprocess.py:63} INFO - Tmp dir root location: /tmp
[2026-05-05T14:00:19.638+0000] {subprocess.py:75} INFO - Running command: ['/usr/bin/bash', '-c', 'cd /home/ubuntu/github_repo/Stock-Market-Intelligence-Pipeline/dbt_project && /home/ubuntu/github_repo/Stock-Market-Intelligence-Pipeline/venv/bin/dbt run --profiles-dir /home/ubuntu/github_repo/Stock-Market-Intelligence-Pipeline/dbt_project']
[2026-05-05T14:00:19.649+0000] {subprocess.py:86} INFO - Output:
[2026-05-05T14:00:21.577+0000] {subprocess.py:93} INFO - [0m14:00:21  Running with dbt=1.7.0
[2026-05-05T14:00:21.833+0000] {subprocess.py:93} INFO - [0m14:00:21  Registered adapter: postgres=1.7.0
[2026-05-05T14:00:21.888+0000] {subprocess.py:93} INFO - [0m14:00:21  Found 5 models, 8 tests, 0 sources, 0 exposures, 0 metrics, 401 macros, 0 groups, 0 semantic models
[2026-05-05T14:00:21.891+0000] {subprocess.py:93} INFO - [0m14:00:21
[2026-05-05T14:00:22.030+0000] {subprocess.py:93} INFO - [0m14:00:22  Concurrency: 2 threads (target='dev')
[2026-05-05T14:00:22.032+0000] {subprocess.py:93} INFO - [0m14:00:22
[2026-05-05T14:00:22.035+0000] {subprocess.py:93} INFO - [0m14:00:22  1 of 5 START sql view model public_staging.stg_prices .......................... [RUN]
[2026-05-05T14:00:22.156+0000] {subprocess.py:93} INFO - [0m14:00:22  1 of 5 OK created sql view model public_staging.stg_prices ..................... [[32mCREATE VIEW[0m in 0.12s]
[2026-05-05T14:00:22.157+0000] {subprocess.py:93} INFO - [0m14:00:22  2 of 5 START sql view model public_staging.int_price_with_returns .............. [RUN]
[2026-05-05T14:00:22.215+0000] {subprocess.py:93} INFO - [0m14:00:22  2 of 5 OK created sql view model public_staging.int_price_with_returns ......... [[32mCREATE VIEW[0m in 0.06s]
[2026-05-05T14:00:22.218+0000] {subprocess.py:93} INFO - [0m14:00:22  3 of 5 START sql table model public.fact_prices ................................ [RUN]
[2026-05-05T14:00:22.319+0000] {subprocess.py:93} INFO - [0m14:00:22  3 of 5 OK created sql table model public.fact_prices ........................... [[32mSELECT 3661[0m in 0.10s]
[2026-05-05T14:00:22.321+0000] {subprocess.py:93} INFO - [0m14:00:22  4 of 5 START sql table model public.fact_indicators ............................ [RUN]
[2026-05-05T14:00:22.539+0000] {subprocess.py:93} INFO - [0m14:00:22  4 of 5 OK created sql table model public.fact_indicators ....................... [[32mSELECT 3661[0m in 0.22s]
[2026-05-05T14:00:22.541+0000] {subprocess.py:93} INFO - [0m14:00:22  5 of 5 START sql table model public.fact_alerts ................................ [RUN]
[2026-05-05T14:00:22.626+0000] {subprocess.py:93} INFO - [0m14:00:22  5 of 5 OK created sql table model public.fact_alerts ........................... [[32mSELECT 2101[0m in 0.08s]
[2026-05-05T14:00:22.647+0000] {subprocess.py:93} INFO - [0m14:00:22
[2026-05-05T14:00:22.648+0000] {subprocess.py:93} INFO - [0m14:00:22  Finished running 2 view models, 3 table models in 0 hours 0 minutes and 0.76 seconds (0.76s).
[2026-05-05T14:00:22.662+0000] {subprocess.py:93} INFO - [0m14:00:22
[2026-05-05T14:00:22.662+0000] {subprocess.py:93} INFO - [0m14:00:22  [32mCompleted successfully[0m
[2026-05-05T14:00:22.663+0000] {subprocess.py:93} INFO - [0m14:00:22
[2026-05-05T14:00:22.663+0000] {subprocess.py:93} INFO - [0m14:00:22  Done. PASS=5 WARN=0 ERROR=0 SKIP=0 TOTAL=5
[2026-05-05T14:00:24.674+0000] {subprocess.py:97} INFO - Command exited with return code 0
[2026-05-05T14:00:24.725+0000] {taskinstance.py:1138} INFO - Marking task as SUCCESS. dag_id=run_dbt_models, task_id=dbt_run, execution_date=20260505T140018, start_date=20260505T140019, end_date=20260505T140024
[2026-05-05T14:00:24.766+0000] {local_task_job_runner.py:234} INFO - Task exited with return code 0
[2026-05-05T14:00:24.796+0000] {taskinstance.py:3280} INFO - 1 downstream tasks scheduled from follow-on schedule check
