[2026-04-30T18:26:54.004+0000] {taskinstance.py:1956} INFO - Dependencies all met for dep_context=non-requeueable deps ti=<TaskInstance: fetch_market_data.ingest_GOOGL scheduled__2026-04-30T18:00:00+00:00 [queued]>
[2026-04-30T18:26:54.079+0000] {taskinstance.py:1956} INFO - Dependencies all met for dep_context=requeueable deps ti=<TaskInstance: fetch_market_data.ingest_GOOGL scheduled__2026-04-30T18:00:00+00:00 [queued]>
[2026-04-30T18:26:54.079+0000] {taskinstance.py:2170} INFO - Starting attempt 1 of 3
[2026-04-30T18:26:54.150+0000] {taskinstance.py:2191} INFO - Executing <Task(PythonOperator): ingest_GOOGL> on 2026-04-30 18:00:00+00:00
[2026-04-30T18:26:54.185+0000] {standard_task_runner.py:60} INFO - Started process 618461 to run task
[2026-04-30T18:26:54.200+0000] {standard_task_runner.py:87} INFO - Running: ['airflow', 'tasks', 'run', 'fetch_market_data', 'ingest_GOOGL', 'scheduled__2026-04-30T18:00:00+00:00', '--job-id', '55', '--raw', '--subdir', 'DAGS_FOLDER/fetch_market_data.py', '--cfg-path', '/tmp/tmpvu9comrd']
[2026-04-30T18:26:54.208+0000] {standard_task_runner.py:88} INFO - Job 55: Subtask ingest_GOOGL
[2026-04-30T18:26:54.555+0000] {task_command.py:423} INFO - Running <TaskInstance: fetch_market_data.ingest_GOOGL scheduled__2026-04-30T18:00:00+00:00 [running]> on host reddit-pipeline-vm
[2026-04-30T18:26:55.006+0000] {taskinstance.py:2480} INFO - Exporting env vars: AIRFLOW_CTX_DAG_OWNER='pipeline' AIRFLOW_CTX_DAG_ID='fetch_market_data' AIRFLOW_CTX_TASK_ID='ingest_GOOGL' AIRFLOW_CTX_EXECUTION_DATE='2026-04-30T18:00:00+00:00' AIRFLOW_CTX_TRY_NUMBER='1' AIRFLOW_CTX_DAG_RUN_ID='scheduled__2026-04-30T18:00:00+00:00'
[2026-04-30T18:26:55.019+0000] {fetch_ohlcv.py:260} INFO - [GOOGL] Starting ingest cycle.
[2026-04-30T18:26:55.080+0000] {fetch_ohlcv.py:267} INFO - [GOOGL] ticker_id=3, watermark=2026-04-29 18:30:00+00:00
[2026-04-30T18:26:55.836+0000] {fetch_ohlcv.py:118} INFO - GOOGL: calling Twelve Data — interval=1h, outputsize=90, watermark=2026-04-29 18:30:00+00:00
[2026-04-30T18:26:56.087+0000] {fetch_ohlcv.py:287} ERROR - [GOOGL] Ingest failed: Cannot pass a datetime or Timestamp with tzinfo with the tz parameter. Use tz_convert instead.
Traceback (most recent call last):
  File "/home/ubuntu/github_repo/Stock-Market-Intelligence-Pipeline/ingestion/fetch_ohlcv.py", line 269, in ingest_ticker
    df = fetch_bars(symbol, watermark)
         ^^^^^^^^^^^^^^^^^^^^^^^^^^^^^
  File "/home/ubuntu/github_repo/Stock-Market-Intelligence-Pipeline/ingestion/fetch_ohlcv.py", line 182, in fetch_bars
    watermark_ts = pd.Timestamp(watermark, tz="UTC")
                   ^^^^^^^^^^^^^^^^^^^^^^^^^^^^^^^^^
  File "pandas/_libs/tslibs/timestamps.pyx", line 2728, in pandas._libs.tslibs.timestamps.Timestamp.__new__
ValueError: Cannot pass a datetime or Timestamp with tzinfo with the tz parameter. Use tz_convert instead.
[2026-04-30T18:26:56.094+0000] {taskinstance.py:2698} ERROR - Task failed with exception
Traceback (most recent call last):
  File "/home/ubuntu/github_repo/Stock-Market-Intelligence-Pipeline/venv/lib/python3.11/site-packages/airflow/models/taskinstance.py", line 433, in _execute_task
    result = execute_callable(context=context, **execute_callable_kwargs)
             ^^^^^^^^^^^^^^^^^^^^^^^^^^^^^^^^^^^^^^^^^^^^^^^^^^^^^^^^^^^^
  File "/home/ubuntu/github_repo/Stock-Market-Intelligence-Pipeline/venv/lib/python3.11/site-packages/airflow/operators/python.py", line 199, in execute
    return_value = self.execute_callable()
                   ^^^^^^^^^^^^^^^^^^^^^^^
  File "/home/ubuntu/github_repo/Stock-Market-Intelligence-Pipeline/venv/lib/python3.11/site-packages/airflow/operators/python.py", line 216, in execute_callable
    return self.python_callable(*self.op_args, **self.op_kwargs)
           ^^^^^^^^^^^^^^^^^^^^^^^^^^^^^^^^^^^^^^^^^^^^^^^^^^^^^
  File "/home/ubuntu/github_repo/Stock-Market-Intelligence-Pipeline/dags/fetch_market_data.py", line 58, in _run
    result = ingest_ticker(symbol)
             ^^^^^^^^^^^^^^^^^^^^^
  File "/home/ubuntu/github_repo/Stock-Market-Intelligence-Pipeline/ingestion/fetch_ohlcv.py", line 269, in ingest_ticker
    df = fetch_bars(symbol, watermark)
         ^^^^^^^^^^^^^^^^^^^^^^^^^^^^^
  File "/home/ubuntu/github_repo/Stock-Market-Intelligence-Pipeline/ingestion/fetch_ohlcv.py", line 182, in fetch_bars
    watermark_ts = pd.Timestamp(watermark, tz="UTC")
                   ^^^^^^^^^^^^^^^^^^^^^^^^^^^^^^^^^
  File "pandas/_libs/tslibs/timestamps.pyx", line 2728, in pandas._libs.tslibs.timestamps.Timestamp.__new__
ValueError: Cannot pass a datetime or Timestamp with tzinfo with the tz parameter. Use tz_convert instead.
[2026-04-30T18:26:56.125+0000] {taskinstance.py:1138} INFO - Marking task as UP_FOR_RETRY. dag_id=fetch_market_data, task_id=ingest_GOOGL, execution_date=20260430T180000, start_date=20260430T182654, end_date=20260430T182656
[2026-04-30T18:26:56.141+0000] {standard_task_runner.py:107} ERROR - Failed to execute job 55 for task ingest_GOOGL (Cannot pass a datetime or Timestamp with tzinfo with the tz parameter. Use tz_convert instead.; 618461)
[2026-04-30T18:26:56.225+0000] {local_task_job_runner.py:234} INFO - Task exited with return code 1
[2026-04-30T18:26:56.359+0000] {taskinstance.py:3280} INFO - 0 downstream tasks scheduled from follow-on schedule check
