[2026-05-11T18:00:17.736+0000] {taskinstance.py:1956} INFO - Dependencies all met for dep_context=non-requeueable deps ti=<TaskInstance: run_dbt_models.dbt_run manual__2026-05-11T18:00:16.988815+00:00 [queued]>
[2026-05-11T18:00:17.743+0000] {taskinstance.py:1956} INFO - Dependencies all met for dep_context=requeueable deps ti=<TaskInstance: run_dbt_models.dbt_run manual__2026-05-11T18:00:16.988815+00:00 [queued]>
[2026-05-11T18:00:17.743+0000] {taskinstance.py:2170} INFO - Starting attempt 1 of 2
[2026-05-11T18:00:17.753+0000] {taskinstance.py:2191} INFO - Executing <Task(BashOperator): dbt_run> on 2026-05-11 18:00:16.988815+00:00
[2026-05-11T18:00:17.758+0000] {standard_task_runner.py:60} INFO - Started process 1525513 to run task
[2026-05-11T18:00:17.761+0000] {standard_task_runner.py:87} INFO - Running: ['airflow', 'tasks', 'run', 'run_dbt_models', 'dbt_run', 'manual__2026-05-11T18:00:16.988815+00:00', '--job-id', '1897', '--raw', '--subdir', 'DAGS_FOLDER/run_dbt_models.py', '--cfg-path', '/tmp/tmpgn18dep7']
[2026-05-11T18:00:17.763+0000] {standard_task_runner.py:88} INFO - Job 1897: Subtask dbt_run
[2026-05-11T18:00:17.825+0000] {task_command.py:423} INFO - Running <TaskInstance: run_dbt_models.dbt_run manual__2026-05-11T18:00:16.988815+00:00 [running]> on host reddit-pipeline-vm
[2026-05-11T18:00:17.921+0000] {taskinstance.py:2480} INFO - Exporting env vars: AIRFLOW_CTX_DAG_OWNER='pipeline' AIRFLOW_CTX_DAG_ID='run_dbt_models' AIRFLOW_CTX_TASK_ID='dbt_run' AIRFLOW_CTX_EXECUTION_DATE='2026-05-11T18:00:16.988815+00:00' AIRFLOW_CTX_TRY_NUMBER='1' AIRFLOW_CTX_DAG_RUN_ID='manual__2026-05-11T18:00:16.988815+00:00'
[2026-05-11T18:00:17.922+0000] {subprocess.py:63} INFO - Tmp dir root location: /tmp
[2026-05-11T18:00:17.923+0000] {subprocess.py:75} INFO - Running command: ['/usr/bin/bash', '-c', 'cd /home/ubuntu/github_repo/Stock-Market-Intelligence-Pipeline/dbt_project && /home/ubuntu/github_repo/Stock-Market-Intelligence-Pipeline/venv/bin/dbt run --profiles-dir /home/ubuntu/github_repo/Stock-Market-Intelligence-Pipeline/dbt_project']
[2026-05-11T18:00:17.932+0000] {subprocess.py:86} INFO - Output:
[2026-05-11T18:00:19.672+0000] {subprocess.py:93} INFO - [0m18:00:19  Running with dbt=1.7.0
[2026-05-11T18:00:19.910+0000] {subprocess.py:93} INFO - [0m18:00:19  Registered adapter: postgres=1.7.0
[2026-05-11T18:00:19.954+0000] {subprocess.py:93} INFO - [0m18:00:19  Found 5 models, 8 tests, 0 sources, 0 exposures, 0 metrics, 401 macros, 0 groups, 0 semantic models
[2026-05-11T18:00:19.956+0000] {subprocess.py:93} INFO - [0m18:00:19
[2026-05-11T18:00:20.059+0000] {subprocess.py:93} INFO - [0m18:00:20  Concurrency: 2 threads (target='dev')
[2026-05-11T18:00:20.061+0000] {subprocess.py:93} INFO - [0m18:00:20
[2026-05-11T18:00:20.063+0000] {subprocess.py:93} INFO - [0m18:00:20  1 of 5 START sql view model public_staging.stg_prices .......................... [RUN]
[2026-05-11T18:00:20.165+0000] {subprocess.py:93} INFO - [0m18:00:20  1 of 5 OK created sql view model public_staging.stg_prices ..................... [[32mCREATE VIEW[0m in 0.10s]
[2026-05-11T18:00:20.168+0000] {subprocess.py:93} INFO - [0m18:00:20  2 of 5 START sql view model public_staging.int_price_with_returns .............. [RUN]
[2026-05-11T18:00:20.211+0000] {subprocess.py:93} INFO - [0m18:00:20  2 of 5 OK created sql view model public_staging.int_price_with_returns ......... [[32mCREATE VIEW[0m in 0.04s]
[2026-05-11T18:00:20.213+0000] {subprocess.py:93} INFO - [0m18:00:20  3 of 5 START sql table model public.fact_prices ................................ [RUN]
[2026-05-11T18:00:20.298+0000] {subprocess.py:93} INFO - [0m18:00:20  3 of 5 OK created sql table model public.fact_prices ........................... [[32mSELECT 3885[0m in 0.08s]
[2026-05-11T18:00:20.300+0000] {subprocess.py:93} INFO - [0m18:00:20  4 of 5 START sql table model public.fact_indicators ............................ [RUN]
[2026-05-11T18:00:20.485+0000] {subprocess.py:93} INFO - [0m18:00:20  4 of 5 OK created sql table model public.fact_indicators ....................... [[32mSELECT 3885[0m in 0.18s]
[2026-05-11T18:00:20.487+0000] {subprocess.py:93} INFO - [0m18:00:20  5 of 5 START sql table model public.fact_alerts ................................ [RUN]
[2026-05-11T18:00:20.560+0000] {subprocess.py:93} INFO - [0m18:00:20  5 of 5 OK created sql table model public.fact_alerts ........................... [[32mSELECT 2231[0m in 0.07s]
[2026-05-11T18:00:20.578+0000] {subprocess.py:93} INFO - [0m18:00:20
[2026-05-11T18:00:20.578+0000] {subprocess.py:93} INFO - [0m18:00:20  Finished running 2 view models, 3 table models in 0 hours 0 minutes and 0.62 seconds (0.62s).
[2026-05-11T18:00:20.587+0000] {subprocess.py:93} INFO - [0m18:00:20
[2026-05-11T18:00:20.587+0000] {subprocess.py:93} INFO - [0m18:00:20  [32mCompleted successfully[0m
[2026-05-11T18:00:20.587+0000] {subprocess.py:93} INFO - [0m18:00:20
[2026-05-11T18:00:20.588+0000] {subprocess.py:93} INFO - [0m18:00:20  Done. PASS=5 WARN=0 ERROR=0 SKIP=0 TOTAL=5
[2026-05-11T18:00:22.369+0000] {subprocess.py:97} INFO - Command exited with return code 0
[2026-05-11T18:00:22.408+0000] {taskinstance.py:1138} INFO - Marking task as SUCCESS. dag_id=run_dbt_models, task_id=dbt_run, execution_date=20260511T180016, start_date=20260511T180017, end_date=20260511T180022
[2026-05-11T18:00:22.429+0000] {local_task_job_runner.py:234} INFO - Task exited with return code 0
[2026-05-11T18:00:22.456+0000] {taskinstance.py:3280} INFO - 1 downstream tasks scheduled from follow-on schedule check
