[2026-05-12T04:01:06.490+0000] {taskinstance.py:1956} INFO - Dependencies all met for dep_context=non-requeueable deps ti=<TaskInstance: fetch_market_data.check_market_open scheduled__2026-05-12T03:00:00+00:00 [queued]>
[2026-05-12T04:01:06.499+0000] {taskinstance.py:1956} INFO - Dependencies all met for dep_context=requeueable deps ti=<TaskInstance: fetch_market_data.check_market_open scheduled__2026-05-12T03:00:00+00:00 [queued]>
[2026-05-12T04:01:06.500+0000] {taskinstance.py:2170} INFO - Starting attempt 1 of 3
[2026-05-12T04:01:06.517+0000] {taskinstance.py:2191} INFO - Executing <Task(MarketOpenSensor): check_market_open> on 2026-05-12 03:00:00+00:00
[2026-05-12T04:01:06.524+0000] {standard_task_runner.py:60} INFO - Started process 1564961 to run task
[2026-05-12T04:01:06.527+0000] {standard_task_runner.py:87} INFO - Running: ['airflow', 'tasks', 'run', 'fetch_market_data', 'check_market_open', 'scheduled__2026-05-12T03:00:00+00:00', '--job-id', '1950', '--raw', '--subdir', 'DAGS_FOLDER/fetch_market_data.py', '--cfg-path', '/tmp/tmpkktspelw']
[2026-05-12T04:01:06.530+0000] {standard_task_runner.py:88} INFO - Job 1950: Subtask check_market_open
[2026-05-12T04:01:06.606+0000] {task_command.py:423} INFO - Running <TaskInstance: fetch_market_data.check_market_open scheduled__2026-05-12T03:00:00+00:00 [running]> on host reddit-pipeline-vm
[2026-05-12T04:01:06.721+0000] {taskinstance.py:2480} INFO - Exporting env vars: AIRFLOW_CTX_DAG_OWNER='pipeline' AIRFLOW_CTX_DAG_ID='fetch_market_data' AIRFLOW_CTX_TASK_ID='check_market_open' AIRFLOW_CTX_EXECUTION_DATE='2026-05-12T03:00:00+00:00' AIRFLOW_CTX_TRY_NUMBER='1' AIRFLOW_CTX_DAG_RUN_ID='scheduled__2026-05-12T03:00:00+00:00'
[2026-05-12T04:01:06.740+0000] {sensors.py:45} INFO - Market open check at 2026-05-12 00:01 ET: False
[2026-05-12T04:01:06.769+0000] {taskinstance.py:2658} INFO - Rescheduling task, marking task as UP_FOR_RESCHEDULE
[2026-05-12T04:01:06.782+0000] {local_task_job_runner.py:234} INFO - Task exited with return code 0
[2026-05-12T04:01:06.820+0000] {taskinstance.py:3280} INFO - 0 downstream tasks scheduled from follow-on schedule check
[2026-05-12T04:16:07.442+0000] {taskinstance.py:1956} INFO - Dependencies all met for dep_context=non-requeueable deps ti=<TaskInstance: fetch_market_data.check_market_open scheduled__2026-05-12T03:00:00+00:00 [queued]>
[2026-05-12T04:16:07.450+0000] {taskinstance.py:1956} INFO - Dependencies all met for dep_context=requeueable deps ti=<TaskInstance: fetch_market_data.check_market_open scheduled__2026-05-12T03:00:00+00:00 [queued]>
[2026-05-12T04:16:07.450+0000] {taskinstance.py:2170} INFO - Starting attempt 1 of 3
[2026-05-12T04:16:07.461+0000] {taskinstance.py:2191} INFO - Executing <Task(MarketOpenSensor): check_market_open> on 2026-05-12 03:00:00+00:00
[2026-05-12T04:16:07.467+0000] {standard_task_runner.py:60} INFO - Started process 1565934 to run task
[2026-05-12T04:16:07.470+0000] {standard_task_runner.py:87} INFO - Running: ['airflow', 'tasks', 'run', 'fetch_market_data', 'check_market_open', 'scheduled__2026-05-12T03:00:00+00:00', '--job-id', '1951', '--raw', '--subdir', 'DAGS_FOLDER/fetch_market_data.py', '--cfg-path', '/tmp/tmpz5fc982x']
[2026-05-12T04:16:07.472+0000] {standard_task_runner.py:88} INFO - Job 1951: Subtask check_market_open
[2026-05-12T04:16:07.537+0000] {task_command.py:423} INFO - Running <TaskInstance: fetch_market_data.check_market_open scheduled__2026-05-12T03:00:00+00:00 [running]> on host reddit-pipeline-vm
[2026-05-12T04:16:07.629+0000] {taskinstance.py:2480} INFO - Exporting env vars: AIRFLOW_CTX_DAG_OWNER='pipeline' AIRFLOW_CTX_DAG_ID='fetch_market_data' AIRFLOW_CTX_TASK_ID='check_market_open' AIRFLOW_CTX_EXECUTION_DATE='2026-05-12T03:00:00+00:00' AIRFLOW_CTX_TRY_NUMBER='1' AIRFLOW_CTX_DAG_RUN_ID='scheduled__2026-05-12T03:00:00+00:00'
[2026-05-12T04:16:07.643+0000] {sensors.py:45} INFO - Market open check at 2026-05-12 00:16 ET: False
[2026-05-12T04:16:07.665+0000] {taskinstance.py:2658} INFO - Rescheduling task, marking task as UP_FOR_RESCHEDULE
[2026-05-12T04:16:07.685+0000] {local_task_job_runner.py:234} INFO - Task exited with return code 0
[2026-05-12T04:16:07.718+0000] {taskinstance.py:3280} INFO - 0 downstream tasks scheduled from follow-on schedule check
[2026-05-12T04:31:08.303+0000] {taskinstance.py:1956} INFO - Dependencies all met for dep_context=non-requeueable deps ti=<TaskInstance: fetch_market_data.check_market_open scheduled__2026-05-12T03:00:00+00:00 [queued]>
[2026-05-12T04:31:08.311+0000] {taskinstance.py:1956} INFO - Dependencies all met for dep_context=requeueable deps ti=<TaskInstance: fetch_market_data.check_market_open scheduled__2026-05-12T03:00:00+00:00 [queued]>
[2026-05-12T04:31:08.311+0000] {taskinstance.py:2170} INFO - Starting attempt 1 of 3
[2026-05-12T04:31:08.322+0000] {taskinstance.py:2191} INFO - Executing <Task(MarketOpenSensor): check_market_open> on 2026-05-12 03:00:00+00:00
[2026-05-12T04:31:08.329+0000] {standard_task_runner.py:60} INFO - Started process 1566895 to run task
[2026-05-12T04:31:08.334+0000] {standard_task_runner.py:87} INFO - Running: ['airflow', 'tasks', 'run', 'fetch_market_data', 'check_market_open', 'scheduled__2026-05-12T03:00:00+00:00', '--job-id', '1952', '--raw', '--subdir', 'DAGS_FOLDER/fetch_market_data.py', '--cfg-path', '/tmp/tmphvu7fovo']
[2026-05-12T04:31:08.336+0000] {standard_task_runner.py:88} INFO - Job 1952: Subtask check_market_open
[2026-05-12T04:31:08.400+0000] {task_command.py:423} INFO - Running <TaskInstance: fetch_market_data.check_market_open scheduled__2026-05-12T03:00:00+00:00 [running]> on host reddit-pipeline-vm
[2026-05-12T04:31:08.492+0000] {taskinstance.py:2480} INFO - Exporting env vars: AIRFLOW_CTX_DAG_OWNER='pipeline' AIRFLOW_CTX_DAG_ID='fetch_market_data' AIRFLOW_CTX_TASK_ID='check_market_open' AIRFLOW_CTX_EXECUTION_DATE='2026-05-12T03:00:00+00:00' AIRFLOW_CTX_TRY_NUMBER='1' AIRFLOW_CTX_DAG_RUN_ID='scheduled__2026-05-12T03:00:00+00:00'
[2026-05-12T04:31:08.507+0000] {sensors.py:45} INFO - Market open check at 2026-05-12 00:31 ET: False
[2026-05-12T04:31:08.529+0000] {taskinstance.py:2658} INFO - Rescheduling task, marking task as UP_FOR_RESCHEDULE
[2026-05-12T04:31:08.546+0000] {local_task_job_runner.py:234} INFO - Task exited with return code 0
[2026-05-12T04:31:08.579+0000] {taskinstance.py:3280} INFO - 0 downstream tasks scheduled from follow-on schedule check
[2026-05-12T04:46:09.936+0000] {taskinstance.py:1956} INFO - Dependencies all met for dep_context=non-requeueable deps ti=<TaskInstance: fetch_market_data.check_market_open scheduled__2026-05-12T03:00:00+00:00 [queued]>
[2026-05-12T04:46:09.943+0000] {taskinstance.py:1956} INFO - Dependencies all met for dep_context=requeueable deps ti=<TaskInstance: fetch_market_data.check_market_open scheduled__2026-05-12T03:00:00+00:00 [queued]>
[2026-05-12T04:46:09.943+0000] {taskinstance.py:2170} INFO - Starting attempt 1 of 3
[2026-05-12T04:46:09.955+0000] {taskinstance.py:2191} INFO - Executing <Task(MarketOpenSensor): check_market_open> on 2026-05-12 03:00:00+00:00
[2026-05-12T04:46:09.961+0000] {standard_task_runner.py:60} INFO - Started process 1567877 to run task
[2026-05-12T04:46:09.964+0000] {standard_task_runner.py:87} INFO - Running: ['airflow', 'tasks', 'run', 'fetch_market_data', 'check_market_open', 'scheduled__2026-05-12T03:00:00+00:00', '--job-id', '1953', '--raw', '--subdir', 'DAGS_FOLDER/fetch_market_data.py', '--cfg-path', '/tmp/tmpb6tcjhq7']
[2026-05-12T04:46:09.966+0000] {standard_task_runner.py:88} INFO - Job 1953: Subtask check_market_open
[2026-05-12T04:46:10.031+0000] {task_command.py:423} INFO - Running <TaskInstance: fetch_market_data.check_market_open scheduled__2026-05-12T03:00:00+00:00 [running]> on host reddit-pipeline-vm
[2026-05-12T04:46:10.121+0000] {taskinstance.py:2480} INFO - Exporting env vars: AIRFLOW_CTX_DAG_OWNER='pipeline' AIRFLOW_CTX_DAG_ID='fetch_market_data' AIRFLOW_CTX_TASK_ID='check_market_open' AIRFLOW_CTX_EXECUTION_DATE='2026-05-12T03:00:00+00:00' AIRFLOW_CTX_TRY_NUMBER='1' AIRFLOW_CTX_DAG_RUN_ID='scheduled__2026-05-12T03:00:00+00:00'
[2026-05-12T04:46:10.135+0000] {sensors.py:45} INFO - Market open check at 2026-05-12 00:46 ET: False
[2026-05-12T04:46:10.157+0000] {taskinstance.py:2658} INFO - Rescheduling task, marking task as UP_FOR_RESCHEDULE
[2026-05-12T04:46:10.179+0000] {local_task_job_runner.py:234} INFO - Task exited with return code 0
[2026-05-12T04:46:10.211+0000] {taskinstance.py:3280} INFO - 0 downstream tasks scheduled from follow-on schedule check
[2026-05-12T05:01:10.933+0000] {taskinstance.py:1956} INFO - Dependencies all met for dep_context=non-requeueable deps ti=<TaskInstance: fetch_market_data.check_market_open scheduled__2026-05-12T03:00:00+00:00 [queued]>
[2026-05-12T05:01:10.943+0000] {taskinstance.py:1956} INFO - Dependencies all met for dep_context=requeueable deps ti=<TaskInstance: fetch_market_data.check_market_open scheduled__2026-05-12T03:00:00+00:00 [queued]>
[2026-05-12T05:01:10.943+0000] {taskinstance.py:2170} INFO - Starting attempt 1 of 3
[2026-05-12T05:01:10.958+0000] {taskinstance.py:2191} INFO - Executing <Task(MarketOpenSensor): check_market_open> on 2026-05-12 03:00:00+00:00
[2026-05-12T05:01:10.965+0000] {standard_task_runner.py:60} INFO - Started process 1568833 to run task
[2026-05-12T05:01:10.969+0000] {standard_task_runner.py:87} INFO - Running: ['airflow', 'tasks', 'run', 'fetch_market_data', 'check_market_open', 'scheduled__2026-05-12T03:00:00+00:00', '--job-id', '1954', '--raw', '--subdir', 'DAGS_FOLDER/fetch_market_data.py', '--cfg-path', '/tmp/tmpwsubv4ew']
[2026-05-12T05:01:10.971+0000] {standard_task_runner.py:88} INFO - Job 1954: Subtask check_market_open
[2026-05-12T05:01:11.049+0000] {task_command.py:423} INFO - Running <TaskInstance: fetch_market_data.check_market_open scheduled__2026-05-12T03:00:00+00:00 [running]> on host reddit-pipeline-vm
[2026-05-12T05:01:11.160+0000] {taskinstance.py:2480} INFO - Exporting env vars: AIRFLOW_CTX_DAG_OWNER='pipeline' AIRFLOW_CTX_DAG_ID='fetch_market_data' AIRFLOW_CTX_TASK_ID='check_market_open' AIRFLOW_CTX_EXECUTION_DATE='2026-05-12T03:00:00+00:00' AIRFLOW_CTX_TRY_NUMBER='1' AIRFLOW_CTX_DAG_RUN_ID='scheduled__2026-05-12T03:00:00+00:00'
[2026-05-12T05:01:11.178+0000] {sensors.py:45} INFO - Market open check at 2026-05-12 01:01 ET: False
[2026-05-12T05:01:11.178+0000] {taskinstance.py:2360} INFO - Sensor has timed out; run duration of 3604.538411 seconds exceeds the specified timeout of 3600.0.
[2026-05-12T05:01:11.194+0000] {taskinstance.py:1138} INFO - Marking task as SKIPPED. dag_id=fetch_market_data, task_id=check_market_open, execution_date=20260512T030000, start_date=20260512T050110, end_date=20260512T050111
[2026-05-12T05:01:11.223+0000] {local_task_job_runner.py:234} INFO - Task exited with return code 0
[2026-05-12T05:01:11.273+0000] {taskinstance.py:3280} INFO - 0 downstream tasks scheduled from follow-on schedule check
