[2026-04-30T21:31:56.589+0000] {taskinstance.py:1956} INFO - Dependencies all met for dep_context=non-requeueable deps ti=<TaskInstance: fetch_market_data.check_market_open scheduled__2026-04-30T21:15:00+00:00 [queued]>
[2026-04-30T21:31:56.596+0000] {taskinstance.py:1956} INFO - Dependencies all met for dep_context=requeueable deps ti=<TaskInstance: fetch_market_data.check_market_open scheduled__2026-04-30T21:15:00+00:00 [queued]>
[2026-04-30T21:31:56.596+0000] {taskinstance.py:2170} INFO - Starting attempt 1 of 3
[2026-04-30T21:31:56.606+0000] {taskinstance.py:2191} INFO - Executing <Task(MarketOpenSensor): check_market_open> on 2026-04-30 21:15:00+00:00
[2026-04-30T21:31:56.613+0000] {standard_task_runner.py:60} INFO - Started process 632213 to run task
[2026-04-30T21:31:56.620+0000] {standard_task_runner.py:87} INFO - Running: ['airflow', 'tasks', 'run', 'fetch_market_data', 'check_market_open', 'scheduled__2026-04-30T21:15:00+00:00', '--job-id', '254', '--raw', '--subdir', 'DAGS_FOLDER/fetch_market_data.py', '--cfg-path', '/tmp/tmp7212zqcl']
[2026-04-30T21:31:56.623+0000] {standard_task_runner.py:88} INFO - Job 254: Subtask check_market_open
[2026-04-30T21:31:56.704+0000] {task_command.py:423} INFO - Running <TaskInstance: fetch_market_data.check_market_open scheduled__2026-04-30T21:15:00+00:00 [running]> on host reddit-pipeline-vm
[2026-04-30T21:31:56.837+0000] {taskinstance.py:2480} INFO - Exporting env vars: AIRFLOW_CTX_DAG_OWNER='pipeline' AIRFLOW_CTX_DAG_ID='fetch_market_data' AIRFLOW_CTX_TASK_ID='check_market_open' AIRFLOW_CTX_EXECUTION_DATE='2026-04-30T21:15:00+00:00' AIRFLOW_CTX_TRY_NUMBER='1' AIRFLOW_CTX_DAG_RUN_ID='scheduled__2026-04-30T21:15:00+00:00'
[2026-04-30T21:31:56.858+0000] {sensors.py:45} INFO - Market open check at 2026-04-30 17:31 ET: False
[2026-04-30T21:31:56.884+0000] {taskinstance.py:2658} INFO - Rescheduling task, marking task as UP_FOR_RESCHEDULE
[2026-04-30T21:31:56.916+0000] {local_task_job_runner.py:234} INFO - Task exited with return code 0
[2026-04-30T21:31:56.958+0000] {taskinstance.py:3280} INFO - 0 downstream tasks scheduled from follow-on schedule check
[2026-04-30T21:32:57.953+0000] {taskinstance.py:1956} INFO - Dependencies all met for dep_context=non-requeueable deps ti=<TaskInstance: fetch_market_data.check_market_open scheduled__2026-04-30T21:15:00+00:00 [queued]>
[2026-04-30T21:32:57.966+0000] {taskinstance.py:1956} INFO - Dependencies all met for dep_context=requeueable deps ti=<TaskInstance: fetch_market_data.check_market_open scheduled__2026-04-30T21:15:00+00:00 [queued]>
[2026-04-30T21:32:57.966+0000] {taskinstance.py:2170} INFO - Starting attempt 1 of 3
[2026-04-30T21:32:57.990+0000] {taskinstance.py:2191} INFO - Executing <Task(MarketOpenSensor): check_market_open> on 2026-04-30 21:15:00+00:00
[2026-04-30T21:32:58.005+0000] {standard_task_runner.py:60} INFO - Started process 632296 to run task
[2026-04-30T21:32:58.009+0000] {standard_task_runner.py:87} INFO - Running: ['airflow', 'tasks', 'run', 'fetch_market_data', 'check_market_open', 'scheduled__2026-04-30T21:15:00+00:00', '--job-id', '255', '--raw', '--subdir', 'DAGS_FOLDER/fetch_market_data.py', '--cfg-path', '/tmp/tmp1pojz04o']
[2026-04-30T21:32:58.011+0000] {standard_task_runner.py:88} INFO - Job 255: Subtask check_market_open
[2026-04-30T21:32:58.095+0000] {task_command.py:423} INFO - Running <TaskInstance: fetch_market_data.check_market_open scheduled__2026-04-30T21:15:00+00:00 [running]> on host reddit-pipeline-vm
[2026-04-30T21:32:58.216+0000] {taskinstance.py:2480} INFO - Exporting env vars: AIRFLOW_CTX_DAG_OWNER='pipeline' AIRFLOW_CTX_DAG_ID='fetch_market_data' AIRFLOW_CTX_TASK_ID='check_market_open' AIRFLOW_CTX_EXECUTION_DATE='2026-04-30T21:15:00+00:00' AIRFLOW_CTX_TRY_NUMBER='1' AIRFLOW_CTX_DAG_RUN_ID='scheduled__2026-04-30T21:15:00+00:00'
[2026-04-30T21:32:58.235+0000] {sensors.py:45} INFO - Market open check at 2026-04-30 17:32 ET: False
[2026-04-30T21:32:58.266+0000] {taskinstance.py:2658} INFO - Rescheduling task, marking task as UP_FOR_RESCHEDULE
[2026-04-30T21:32:58.306+0000] {local_task_job_runner.py:234} INFO - Task exited with return code 0
[2026-04-30T21:32:58.347+0000] {taskinstance.py:3280} INFO - 0 downstream tasks scheduled from follow-on schedule check
[2026-04-30T21:33:59.553+0000] {taskinstance.py:1956} INFO - Dependencies all met for dep_context=non-requeueable deps ti=<TaskInstance: fetch_market_data.check_market_open scheduled__2026-04-30T21:15:00+00:00 [queued]>
[2026-04-30T21:33:59.563+0000] {taskinstance.py:1956} INFO - Dependencies all met for dep_context=requeueable deps ti=<TaskInstance: fetch_market_data.check_market_open scheduled__2026-04-30T21:15:00+00:00 [queued]>
[2026-04-30T21:33:59.564+0000] {taskinstance.py:2170} INFO - Starting attempt 1 of 3
[2026-04-30T21:33:59.575+0000] {taskinstance.py:2191} INFO - Executing <Task(MarketOpenSensor): check_market_open> on 2026-04-30 21:15:00+00:00
[2026-04-30T21:33:59.585+0000] {standard_task_runner.py:60} INFO - Started process 632362 to run task
[2026-04-30T21:33:59.591+0000] {standard_task_runner.py:87} INFO - Running: ['airflow', 'tasks', 'run', 'fetch_market_data', 'check_market_open', 'scheduled__2026-04-30T21:15:00+00:00', '--job-id', '256', '--raw', '--subdir', 'DAGS_FOLDER/fetch_market_data.py', '--cfg-path', '/tmp/tmp7n7bxo47']
[2026-04-30T21:33:59.593+0000] {standard_task_runner.py:88} INFO - Job 256: Subtask check_market_open
[2026-04-30T21:33:59.677+0000] {task_command.py:423} INFO - Running <TaskInstance: fetch_market_data.check_market_open scheduled__2026-04-30T21:15:00+00:00 [running]> on host reddit-pipeline-vm
[2026-04-30T21:33:59.793+0000] {taskinstance.py:2480} INFO - Exporting env vars: AIRFLOW_CTX_DAG_OWNER='pipeline' AIRFLOW_CTX_DAG_ID='fetch_market_data' AIRFLOW_CTX_TASK_ID='check_market_open' AIRFLOW_CTX_EXECUTION_DATE='2026-04-30T21:15:00+00:00' AIRFLOW_CTX_TRY_NUMBER='1' AIRFLOW_CTX_DAG_RUN_ID='scheduled__2026-04-30T21:15:00+00:00'
[2026-04-30T21:33:59.811+0000] {sensors.py:45} INFO - Market open check at 2026-04-30 17:33 ET: False
[2026-04-30T21:33:59.837+0000] {taskinstance.py:2658} INFO - Rescheduling task, marking task as UP_FOR_RESCHEDULE
[2026-04-30T21:33:59.883+0000] {local_task_job_runner.py:234} INFO - Task exited with return code 0
[2026-04-30T21:33:59.923+0000] {taskinstance.py:3280} INFO - 0 downstream tasks scheduled from follow-on schedule check
[2026-04-30T21:35:00.723+0000] {taskinstance.py:1956} INFO - Dependencies all met for dep_context=non-requeueable deps ti=<TaskInstance: fetch_market_data.check_market_open scheduled__2026-04-30T21:15:00+00:00 [queued]>
[2026-04-30T21:35:00.731+0000] {taskinstance.py:1956} INFO - Dependencies all met for dep_context=requeueable deps ti=<TaskInstance: fetch_market_data.check_market_open scheduled__2026-04-30T21:15:00+00:00 [queued]>
[2026-04-30T21:35:00.731+0000] {taskinstance.py:2170} INFO - Starting attempt 1 of 3
[2026-04-30T21:35:00.742+0000] {taskinstance.py:2191} INFO - Executing <Task(MarketOpenSensor): check_market_open> on 2026-04-30 21:15:00+00:00
[2026-04-30T21:35:00.752+0000] {standard_task_runner.py:60} INFO - Started process 632432 to run task
[2026-04-30T21:35:00.757+0000] {standard_task_runner.py:87} INFO - Running: ['airflow', 'tasks', 'run', 'fetch_market_data', 'check_market_open', 'scheduled__2026-04-30T21:15:00+00:00', '--job-id', '257', '--raw', '--subdir', 'DAGS_FOLDER/fetch_market_data.py', '--cfg-path', '/tmp/tmpgoo9snrd']
[2026-04-30T21:35:00.761+0000] {standard_task_runner.py:88} INFO - Job 257: Subtask check_market_open
[2026-04-30T21:35:00.844+0000] {task_command.py:423} INFO - Running <TaskInstance: fetch_market_data.check_market_open scheduled__2026-04-30T21:15:00+00:00 [running]> on host reddit-pipeline-vm
[2026-04-30T21:35:00.969+0000] {taskinstance.py:2480} INFO - Exporting env vars: AIRFLOW_CTX_DAG_OWNER='pipeline' AIRFLOW_CTX_DAG_ID='fetch_market_data' AIRFLOW_CTX_TASK_ID='check_market_open' AIRFLOW_CTX_EXECUTION_DATE='2026-04-30T21:15:00+00:00' AIRFLOW_CTX_TRY_NUMBER='1' AIRFLOW_CTX_DAG_RUN_ID='scheduled__2026-04-30T21:15:00+00:00'
[2026-04-30T21:35:00.992+0000] {sensors.py:45} INFO - Market open check at 2026-04-30 17:35 ET: False
[2026-04-30T21:35:01.019+0000] {taskinstance.py:2658} INFO - Rescheduling task, marking task as UP_FOR_RESCHEDULE
[2026-04-30T21:35:01.064+0000] {local_task_job_runner.py:234} INFO - Task exited with return code 0
[2026-04-30T21:35:01.106+0000] {taskinstance.py:3280} INFO - 0 downstream tasks scheduled from follow-on schedule check
[2026-04-30T21:36:01.766+0000] {taskinstance.py:1956} INFO - Dependencies all met for dep_context=non-requeueable deps ti=<TaskInstance: fetch_market_data.check_market_open scheduled__2026-04-30T21:15:00+00:00 [queued]>
[2026-04-30T21:36:01.774+0000] {taskinstance.py:1956} INFO - Dependencies all met for dep_context=requeueable deps ti=<TaskInstance: fetch_market_data.check_market_open scheduled__2026-04-30T21:15:00+00:00 [queued]>
[2026-04-30T21:36:01.774+0000] {taskinstance.py:2170} INFO - Starting attempt 1 of 3
[2026-04-30T21:36:01.786+0000] {taskinstance.py:2191} INFO - Executing <Task(MarketOpenSensor): check_market_open> on 2026-04-30 21:15:00+00:00
[2026-04-30T21:36:01.795+0000] {standard_task_runner.py:60} INFO - Started process 632502 to run task
[2026-04-30T21:36:01.801+0000] {standard_task_runner.py:87} INFO - Running: ['airflow', 'tasks', 'run', 'fetch_market_data', 'check_market_open', 'scheduled__2026-04-30T21:15:00+00:00', '--job-id', '258', '--raw', '--subdir', 'DAGS_FOLDER/fetch_market_data.py', '--cfg-path', '/tmp/tmpuajvijom']
[2026-04-30T21:36:01.803+0000] {standard_task_runner.py:88} INFO - Job 258: Subtask check_market_open
[2026-04-30T21:36:01.920+0000] {task_command.py:423} INFO - Running <TaskInstance: fetch_market_data.check_market_open scheduled__2026-04-30T21:15:00+00:00 [running]> on host reddit-pipeline-vm
[2026-04-30T21:36:02.043+0000] {taskinstance.py:2480} INFO - Exporting env vars: AIRFLOW_CTX_DAG_OWNER='pipeline' AIRFLOW_CTX_DAG_ID='fetch_market_data' AIRFLOW_CTX_TASK_ID='check_market_open' AIRFLOW_CTX_EXECUTION_DATE='2026-04-30T21:15:00+00:00' AIRFLOW_CTX_TRY_NUMBER='1' AIRFLOW_CTX_DAG_RUN_ID='scheduled__2026-04-30T21:15:00+00:00'
[2026-04-30T21:36:02.063+0000] {sensors.py:45} INFO - Market open check at 2026-04-30 17:36 ET: False
[2026-04-30T21:36:02.091+0000] {taskinstance.py:2658} INFO - Rescheduling task, marking task as UP_FOR_RESCHEDULE
[2026-04-30T21:36:02.134+0000] {local_task_job_runner.py:234} INFO - Task exited with return code 0
[2026-04-30T21:36:02.175+0000] {taskinstance.py:3280} INFO - 0 downstream tasks scheduled from follow-on schedule check
[2026-04-30T21:37:02.927+0000] {taskinstance.py:1956} INFO - Dependencies all met for dep_context=non-requeueable deps ti=<TaskInstance: fetch_market_data.check_market_open scheduled__2026-04-30T21:15:00+00:00 [queued]>
[2026-04-30T21:37:02.935+0000] {taskinstance.py:1956} INFO - Dependencies all met for dep_context=requeueable deps ti=<TaskInstance: fetch_market_data.check_market_open scheduled__2026-04-30T21:15:00+00:00 [queued]>
[2026-04-30T21:37:02.935+0000] {taskinstance.py:2170} INFO - Starting attempt 1 of 3
[2026-04-30T21:37:02.945+0000] {taskinstance.py:2191} INFO - Executing <Task(MarketOpenSensor): check_market_open> on 2026-04-30 21:15:00+00:00
[2026-04-30T21:37:02.951+0000] {standard_task_runner.py:60} INFO - Started process 632567 to run task
[2026-04-30T21:37:02.954+0000] {standard_task_runner.py:87} INFO - Running: ['airflow', 'tasks', 'run', 'fetch_market_data', 'check_market_open', 'scheduled__2026-04-30T21:15:00+00:00', '--job-id', '259', '--raw', '--subdir', 'DAGS_FOLDER/fetch_market_data.py', '--cfg-path', '/tmp/tmprd4ynprr']
[2026-04-30T21:37:02.956+0000] {standard_task_runner.py:88} INFO - Job 259: Subtask check_market_open
[2026-04-30T21:37:03.032+0000] {task_command.py:423} INFO - Running <TaskInstance: fetch_market_data.check_market_open scheduled__2026-04-30T21:15:00+00:00 [running]> on host reddit-pipeline-vm
[2026-04-30T21:37:03.159+0000] {taskinstance.py:2480} INFO - Exporting env vars: AIRFLOW_CTX_DAG_OWNER='pipeline' AIRFLOW_CTX_DAG_ID='fetch_market_data' AIRFLOW_CTX_TASK_ID='check_market_open' AIRFLOW_CTX_EXECUTION_DATE='2026-04-30T21:15:00+00:00' AIRFLOW_CTX_TRY_NUMBER='1' AIRFLOW_CTX_DAG_RUN_ID='scheduled__2026-04-30T21:15:00+00:00'
[2026-04-30T21:37:03.180+0000] {sensors.py:45} INFO - Market open check at 2026-04-30 17:37 ET: False
[2026-04-30T21:37:03.211+0000] {taskinstance.py:2658} INFO - Rescheduling task, marking task as UP_FOR_RESCHEDULE
[2026-04-30T21:37:03.250+0000] {local_task_job_runner.py:234} INFO - Task exited with return code 0
[2026-04-30T21:37:03.292+0000] {taskinstance.py:3280} INFO - 0 downstream tasks scheduled from follow-on schedule check
[2026-04-30T21:38:04.220+0000] {taskinstance.py:1956} INFO - Dependencies all met for dep_context=non-requeueable deps ti=<TaskInstance: fetch_market_data.check_market_open scheduled__2026-04-30T21:15:00+00:00 [queued]>
[2026-04-30T21:38:04.227+0000] {taskinstance.py:1956} INFO - Dependencies all met for dep_context=requeueable deps ti=<TaskInstance: fetch_market_data.check_market_open scheduled__2026-04-30T21:15:00+00:00 [queued]>
[2026-04-30T21:38:04.227+0000] {taskinstance.py:2170} INFO - Starting attempt 1 of 3
[2026-04-30T21:38:04.237+0000] {taskinstance.py:2191} INFO - Executing <Task(MarketOpenSensor): check_market_open> on 2026-04-30 21:15:00+00:00
[2026-04-30T21:38:04.243+0000] {standard_task_runner.py:60} INFO - Started process 632633 to run task
[2026-04-30T21:38:04.246+0000] {standard_task_runner.py:87} INFO - Running: ['airflow', 'tasks', 'run', 'fetch_market_data', 'check_market_open', 'scheduled__2026-04-30T21:15:00+00:00', '--job-id', '260', '--raw', '--subdir', 'DAGS_FOLDER/fetch_market_data.py', '--cfg-path', '/tmp/tmpxhfzgagn']
[2026-04-30T21:38:04.248+0000] {standard_task_runner.py:88} INFO - Job 260: Subtask check_market_open
[2026-04-30T21:38:04.322+0000] {task_command.py:423} INFO - Running <TaskInstance: fetch_market_data.check_market_open scheduled__2026-04-30T21:15:00+00:00 [running]> on host reddit-pipeline-vm
[2026-04-30T21:38:04.441+0000] {taskinstance.py:2480} INFO - Exporting env vars: AIRFLOW_CTX_DAG_OWNER='pipeline' AIRFLOW_CTX_DAG_ID='fetch_market_data' AIRFLOW_CTX_TASK_ID='check_market_open' AIRFLOW_CTX_EXECUTION_DATE='2026-04-30T21:15:00+00:00' AIRFLOW_CTX_TRY_NUMBER='1' AIRFLOW_CTX_DAG_RUN_ID='scheduled__2026-04-30T21:15:00+00:00'
[2026-04-30T21:38:04.462+0000] {sensors.py:45} INFO - Market open check at 2026-04-30 17:38 ET: False
[2026-04-30T21:38:04.488+0000] {taskinstance.py:2658} INFO - Rescheduling task, marking task as UP_FOR_RESCHEDULE
[2026-04-30T21:38:04.501+0000] {local_task_job_runner.py:234} INFO - Task exited with return code 0
[2026-04-30T21:38:04.541+0000] {taskinstance.py:3280} INFO - 0 downstream tasks scheduled from follow-on schedule check
[2026-04-30T21:39:05.236+0000] {taskinstance.py:1956} INFO - Dependencies all met for dep_context=non-requeueable deps ti=<TaskInstance: fetch_market_data.check_market_open scheduled__2026-04-30T21:15:00+00:00 [queued]>
[2026-04-30T21:39:05.243+0000] {taskinstance.py:1956} INFO - Dependencies all met for dep_context=requeueable deps ti=<TaskInstance: fetch_market_data.check_market_open scheduled__2026-04-30T21:15:00+00:00 [queued]>
[2026-04-30T21:39:05.243+0000] {taskinstance.py:2170} INFO - Starting attempt 1 of 3
[2026-04-30T21:39:05.253+0000] {taskinstance.py:2191} INFO - Executing <Task(MarketOpenSensor): check_market_open> on 2026-04-30 21:15:00+00:00
[2026-04-30T21:39:05.259+0000] {standard_task_runner.py:60} INFO - Started process 632707 to run task
[2026-04-30T21:39:05.263+0000] {standard_task_runner.py:87} INFO - Running: ['airflow', 'tasks', 'run', 'fetch_market_data', 'check_market_open', 'scheduled__2026-04-30T21:15:00+00:00', '--job-id', '261', '--raw', '--subdir', 'DAGS_FOLDER/fetch_market_data.py', '--cfg-path', '/tmp/tmpnxux8vvb']
[2026-04-30T21:39:05.265+0000] {standard_task_runner.py:88} INFO - Job 261: Subtask check_market_open
[2026-04-30T21:39:05.339+0000] {task_command.py:423} INFO - Running <TaskInstance: fetch_market_data.check_market_open scheduled__2026-04-30T21:15:00+00:00 [running]> on host reddit-pipeline-vm
[2026-04-30T21:39:05.447+0000] {taskinstance.py:2480} INFO - Exporting env vars: AIRFLOW_CTX_DAG_OWNER='pipeline' AIRFLOW_CTX_DAG_ID='fetch_market_data' AIRFLOW_CTX_TASK_ID='check_market_open' AIRFLOW_CTX_EXECUTION_DATE='2026-04-30T21:15:00+00:00' AIRFLOW_CTX_TRY_NUMBER='1' AIRFLOW_CTX_DAG_RUN_ID='scheduled__2026-04-30T21:15:00+00:00'
[2026-04-30T21:39:05.464+0000] {sensors.py:45} INFO - Market open check at 2026-04-30 17:39 ET: False
[2026-04-30T21:39:05.490+0000] {taskinstance.py:2658} INFO - Rescheduling task, marking task as UP_FOR_RESCHEDULE
[2026-04-30T21:39:05.516+0000] {local_task_job_runner.py:234} INFO - Task exited with return code 0
[2026-04-30T21:39:05.556+0000] {taskinstance.py:3280} INFO - 0 downstream tasks scheduled from follow-on schedule check
[2026-04-30T21:40:06.723+0000] {taskinstance.py:1956} INFO - Dependencies all met for dep_context=non-requeueable deps ti=<TaskInstance: fetch_market_data.check_market_open scheduled__2026-04-30T21:15:00+00:00 [queued]>
[2026-04-30T21:40:06.730+0000] {taskinstance.py:1956} INFO - Dependencies all met for dep_context=requeueable deps ti=<TaskInstance: fetch_market_data.check_market_open scheduled__2026-04-30T21:15:00+00:00 [queued]>
[2026-04-30T21:40:06.730+0000] {taskinstance.py:2170} INFO - Starting attempt 1 of 3
[2026-04-30T21:40:06.740+0000] {taskinstance.py:2191} INFO - Executing <Task(MarketOpenSensor): check_market_open> on 2026-04-30 21:15:00+00:00
[2026-04-30T21:40:06.746+0000] {standard_task_runner.py:60} INFO - Started process 632780 to run task
[2026-04-30T21:40:06.750+0000] {standard_task_runner.py:87} INFO - Running: ['airflow', 'tasks', 'run', 'fetch_market_data', 'check_market_open', 'scheduled__2026-04-30T21:15:00+00:00', '--job-id', '262', '--raw', '--subdir', 'DAGS_FOLDER/fetch_market_data.py', '--cfg-path', '/tmp/tmp9c3ia9ds']
[2026-04-30T21:40:06.752+0000] {standard_task_runner.py:88} INFO - Job 262: Subtask check_market_open
[2026-04-30T21:40:06.828+0000] {task_command.py:423} INFO - Running <TaskInstance: fetch_market_data.check_market_open scheduled__2026-04-30T21:15:00+00:00 [running]> on host reddit-pipeline-vm
[2026-04-30T21:40:06.935+0000] {taskinstance.py:2480} INFO - Exporting env vars: AIRFLOW_CTX_DAG_OWNER='pipeline' AIRFLOW_CTX_DAG_ID='fetch_market_data' AIRFLOW_CTX_TASK_ID='check_market_open' AIRFLOW_CTX_EXECUTION_DATE='2026-04-30T21:15:00+00:00' AIRFLOW_CTX_TRY_NUMBER='1' AIRFLOW_CTX_DAG_RUN_ID='scheduled__2026-04-30T21:15:00+00:00'
[2026-04-30T21:40:06.953+0000] {sensors.py:45} INFO - Market open check at 2026-04-30 17:40 ET: False
[2026-04-30T21:40:06.979+0000] {taskinstance.py:2658} INFO - Rescheduling task, marking task as UP_FOR_RESCHEDULE
[2026-04-30T21:40:07.002+0000] {local_task_job_runner.py:234} INFO - Task exited with return code 0
[2026-04-30T21:40:07.042+0000] {taskinstance.py:3280} INFO - 0 downstream tasks scheduled from follow-on schedule check
[2026-04-30T21:41:08.295+0000] {taskinstance.py:1956} INFO - Dependencies all met for dep_context=non-requeueable deps ti=<TaskInstance: fetch_market_data.check_market_open scheduled__2026-04-30T21:15:00+00:00 [queued]>
[2026-04-30T21:41:08.302+0000] {taskinstance.py:1956} INFO - Dependencies all met for dep_context=requeueable deps ti=<TaskInstance: fetch_market_data.check_market_open scheduled__2026-04-30T21:15:00+00:00 [queued]>
[2026-04-30T21:41:08.302+0000] {taskinstance.py:2170} INFO - Starting attempt 1 of 3
[2026-04-30T21:41:08.312+0000] {taskinstance.py:2191} INFO - Executing <Task(MarketOpenSensor): check_market_open> on 2026-04-30 21:15:00+00:00
[2026-04-30T21:41:08.318+0000] {standard_task_runner.py:60} INFO - Started process 632856 to run task
[2026-04-30T21:41:08.321+0000] {standard_task_runner.py:87} INFO - Running: ['airflow', 'tasks', 'run', 'fetch_market_data', 'check_market_open', 'scheduled__2026-04-30T21:15:00+00:00', '--job-id', '263', '--raw', '--subdir', 'DAGS_FOLDER/fetch_market_data.py', '--cfg-path', '/tmp/tmp12p7jse3']
[2026-04-30T21:41:08.324+0000] {standard_task_runner.py:88} INFO - Job 263: Subtask check_market_open
[2026-04-30T21:41:08.399+0000] {task_command.py:423} INFO - Running <TaskInstance: fetch_market_data.check_market_open scheduled__2026-04-30T21:15:00+00:00 [running]> on host reddit-pipeline-vm
[2026-04-30T21:41:08.506+0000] {taskinstance.py:2480} INFO - Exporting env vars: AIRFLOW_CTX_DAG_OWNER='pipeline' AIRFLOW_CTX_DAG_ID='fetch_market_data' AIRFLOW_CTX_TASK_ID='check_market_open' AIRFLOW_CTX_EXECUTION_DATE='2026-04-30T21:15:00+00:00' AIRFLOW_CTX_TRY_NUMBER='1' AIRFLOW_CTX_DAG_RUN_ID='scheduled__2026-04-30T21:15:00+00:00'
[2026-04-30T21:41:08.524+0000] {sensors.py:45} INFO - Market open check at 2026-04-30 17:41 ET: False
[2026-04-30T21:41:08.551+0000] {taskinstance.py:2658} INFO - Rescheduling task, marking task as UP_FOR_RESCHEDULE
[2026-04-30T21:41:08.575+0000] {local_task_job_runner.py:234} INFO - Task exited with return code 0
[2026-04-30T21:41:08.615+0000] {taskinstance.py:3280} INFO - 0 downstream tasks scheduled from follow-on schedule check
[2026-04-30T21:42:09.819+0000] {taskinstance.py:1956} INFO - Dependencies all met for dep_context=non-requeueable deps ti=<TaskInstance: fetch_market_data.check_market_open scheduled__2026-04-30T21:15:00+00:00 [queued]>
[2026-04-30T21:42:09.826+0000] {taskinstance.py:1956} INFO - Dependencies all met for dep_context=requeueable deps ti=<TaskInstance: fetch_market_data.check_market_open scheduled__2026-04-30T21:15:00+00:00 [queued]>
[2026-04-30T21:42:09.826+0000] {taskinstance.py:2170} INFO - Starting attempt 1 of 3
[2026-04-30T21:42:09.836+0000] {taskinstance.py:2191} INFO - Executing <Task(MarketOpenSensor): check_market_open> on 2026-04-30 21:15:00+00:00
[2026-04-30T21:42:09.843+0000] {standard_task_runner.py:60} INFO - Started process 632930 to run task
[2026-04-30T21:42:09.847+0000] {standard_task_runner.py:87} INFO - Running: ['airflow', 'tasks', 'run', 'fetch_market_data', 'check_market_open', 'scheduled__2026-04-30T21:15:00+00:00', '--job-id', '264', '--raw', '--subdir', 'DAGS_FOLDER/fetch_market_data.py', '--cfg-path', '/tmp/tmpnvw7lmf6']
[2026-04-30T21:42:09.849+0000] {standard_task_runner.py:88} INFO - Job 264: Subtask check_market_open
[2026-04-30T21:42:09.924+0000] {task_command.py:423} INFO - Running <TaskInstance: fetch_market_data.check_market_open scheduled__2026-04-30T21:15:00+00:00 [running]> on host reddit-pipeline-vm
[2026-04-30T21:42:10.032+0000] {taskinstance.py:2480} INFO - Exporting env vars: AIRFLOW_CTX_DAG_OWNER='pipeline' AIRFLOW_CTX_DAG_ID='fetch_market_data' AIRFLOW_CTX_TASK_ID='check_market_open' AIRFLOW_CTX_EXECUTION_DATE='2026-04-30T21:15:00+00:00' AIRFLOW_CTX_TRY_NUMBER='1' AIRFLOW_CTX_DAG_RUN_ID='scheduled__2026-04-30T21:15:00+00:00'
[2026-04-30T21:42:10.050+0000] {sensors.py:45} INFO - Market open check at 2026-04-30 17:42 ET: False
[2026-04-30T21:42:10.090+0000] {taskinstance.py:2658} INFO - Rescheduling task, marking task as UP_FOR_RESCHEDULE
[2026-04-30T21:42:10.140+0000] {local_task_job_runner.py:234} INFO - Task exited with return code 0
[2026-04-30T21:42:10.186+0000] {taskinstance.py:3280} INFO - 0 downstream tasks scheduled from follow-on schedule check
[2026-04-30T21:43:11.025+0000] {taskinstance.py:1956} INFO - Dependencies all met for dep_context=non-requeueable deps ti=<TaskInstance: fetch_market_data.check_market_open scheduled__2026-04-30T21:15:00+00:00 [queued]>
[2026-04-30T21:43:11.032+0000] {taskinstance.py:1956} INFO - Dependencies all met for dep_context=requeueable deps ti=<TaskInstance: fetch_market_data.check_market_open scheduled__2026-04-30T21:15:00+00:00 [queued]>
[2026-04-30T21:43:11.033+0000] {taskinstance.py:2170} INFO - Starting attempt 1 of 3
[2026-04-30T21:43:11.042+0000] {taskinstance.py:2191} INFO - Executing <Task(MarketOpenSensor): check_market_open> on 2026-04-30 21:15:00+00:00
[2026-04-30T21:43:11.050+0000] {standard_task_runner.py:60} INFO - Started process 633000 to run task
[2026-04-30T21:43:11.053+0000] {standard_task_runner.py:87} INFO - Running: ['airflow', 'tasks', 'run', 'fetch_market_data', 'check_market_open', 'scheduled__2026-04-30T21:15:00+00:00', '--job-id', '265', '--raw', '--subdir', 'DAGS_FOLDER/fetch_market_data.py', '--cfg-path', '/tmp/tmph7fez8_j']
[2026-04-30T21:43:11.055+0000] {standard_task_runner.py:88} INFO - Job 265: Subtask check_market_open
[2026-04-30T21:43:11.131+0000] {task_command.py:423} INFO - Running <TaskInstance: fetch_market_data.check_market_open scheduled__2026-04-30T21:15:00+00:00 [running]> on host reddit-pipeline-vm
[2026-04-30T21:43:11.240+0000] {taskinstance.py:2480} INFO - Exporting env vars: AIRFLOW_CTX_DAG_OWNER='pipeline' AIRFLOW_CTX_DAG_ID='fetch_market_data' AIRFLOW_CTX_TASK_ID='check_market_open' AIRFLOW_CTX_EXECUTION_DATE='2026-04-30T21:15:00+00:00' AIRFLOW_CTX_TRY_NUMBER='1' AIRFLOW_CTX_DAG_RUN_ID='scheduled__2026-04-30T21:15:00+00:00'
[2026-04-30T21:43:11.260+0000] {sensors.py:45} INFO - Market open check at 2026-04-30 17:43 ET: False
[2026-04-30T21:43:11.288+0000] {taskinstance.py:2658} INFO - Rescheduling task, marking task as UP_FOR_RESCHEDULE
[2026-04-30T21:43:11.306+0000] {local_task_job_runner.py:234} INFO - Task exited with return code 0
[2026-04-30T21:43:11.380+0000] {taskinstance.py:3280} INFO - 0 downstream tasks scheduled from follow-on schedule check
[2026-04-30T21:44:12.237+0000] {taskinstance.py:1956} INFO - Dependencies all met for dep_context=non-requeueable deps ti=<TaskInstance: fetch_market_data.check_market_open scheduled__2026-04-30T21:15:00+00:00 [queued]>
[2026-04-30T21:44:12.245+0000] {taskinstance.py:1956} INFO - Dependencies all met for dep_context=requeueable deps ti=<TaskInstance: fetch_market_data.check_market_open scheduled__2026-04-30T21:15:00+00:00 [queued]>
[2026-04-30T21:44:12.245+0000] {taskinstance.py:2170} INFO - Starting attempt 1 of 3
[2026-04-30T21:44:12.257+0000] {taskinstance.py:2191} INFO - Executing <Task(MarketOpenSensor): check_market_open> on 2026-04-30 21:15:00+00:00
[2026-04-30T21:44:12.263+0000] {standard_task_runner.py:60} INFO - Started process 633065 to run task
[2026-04-30T21:44:12.269+0000] {standard_task_runner.py:87} INFO - Running: ['airflow', 'tasks', 'run', 'fetch_market_data', 'check_market_open', 'scheduled__2026-04-30T21:15:00+00:00', '--job-id', '266', '--raw', '--subdir', 'DAGS_FOLDER/fetch_market_data.py', '--cfg-path', '/tmp/tmp53qwnhca']
[2026-04-30T21:44:12.272+0000] {standard_task_runner.py:88} INFO - Job 266: Subtask check_market_open
[2026-04-30T21:44:12.350+0000] {task_command.py:423} INFO - Running <TaskInstance: fetch_market_data.check_market_open scheduled__2026-04-30T21:15:00+00:00 [running]> on host reddit-pipeline-vm
[2026-04-30T21:44:12.460+0000] {taskinstance.py:2480} INFO - Exporting env vars: AIRFLOW_CTX_DAG_OWNER='pipeline' AIRFLOW_CTX_DAG_ID='fetch_market_data' AIRFLOW_CTX_TASK_ID='check_market_open' AIRFLOW_CTX_EXECUTION_DATE='2026-04-30T21:15:00+00:00' AIRFLOW_CTX_TRY_NUMBER='1' AIRFLOW_CTX_DAG_RUN_ID='scheduled__2026-04-30T21:15:00+00:00'
[2026-04-30T21:44:12.478+0000] {sensors.py:45} INFO - Market open check at 2026-04-30 17:44 ET: False
[2026-04-30T21:44:12.503+0000] {taskinstance.py:2658} INFO - Rescheduling task, marking task as UP_FOR_RESCHEDULE
[2026-04-30T21:44:12.523+0000] {local_task_job_runner.py:234} INFO - Task exited with return code 0
[2026-04-30T21:44:12.564+0000] {taskinstance.py:3280} INFO - 0 downstream tasks scheduled from follow-on schedule check
[2026-04-30T21:45:13.383+0000] {taskinstance.py:1956} INFO - Dependencies all met for dep_context=non-requeueable deps ti=<TaskInstance: fetch_market_data.check_market_open scheduled__2026-04-30T21:15:00+00:00 [queued]>
[2026-04-30T21:45:13.390+0000] {taskinstance.py:1956} INFO - Dependencies all met for dep_context=requeueable deps ti=<TaskInstance: fetch_market_data.check_market_open scheduled__2026-04-30T21:15:00+00:00 [queued]>
[2026-04-30T21:45:13.391+0000] {taskinstance.py:2170} INFO - Starting attempt 1 of 3
[2026-04-30T21:45:13.400+0000] {taskinstance.py:2191} INFO - Executing <Task(MarketOpenSensor): check_market_open> on 2026-04-30 21:15:00+00:00
[2026-04-30T21:45:13.407+0000] {standard_task_runner.py:60} INFO - Started process 633136 to run task
[2026-04-30T21:45:13.410+0000] {standard_task_runner.py:87} INFO - Running: ['airflow', 'tasks', 'run', 'fetch_market_data', 'check_market_open', 'scheduled__2026-04-30T21:15:00+00:00', '--job-id', '267', '--raw', '--subdir', 'DAGS_FOLDER/fetch_market_data.py', '--cfg-path', '/tmp/tmp6w3w3iwv']
[2026-04-30T21:45:13.412+0000] {standard_task_runner.py:88} INFO - Job 267: Subtask check_market_open
[2026-04-30T21:45:13.485+0000] {task_command.py:423} INFO - Running <TaskInstance: fetch_market_data.check_market_open scheduled__2026-04-30T21:15:00+00:00 [running]> on host reddit-pipeline-vm
[2026-04-30T21:45:13.595+0000] {taskinstance.py:2480} INFO - Exporting env vars: AIRFLOW_CTX_DAG_OWNER='pipeline' AIRFLOW_CTX_DAG_ID='fetch_market_data' AIRFLOW_CTX_TASK_ID='check_market_open' AIRFLOW_CTX_EXECUTION_DATE='2026-04-30T21:15:00+00:00' AIRFLOW_CTX_TRY_NUMBER='1' AIRFLOW_CTX_DAG_RUN_ID='scheduled__2026-04-30T21:15:00+00:00'
[2026-04-30T21:45:13.613+0000] {sensors.py:45} INFO - Market open check at 2026-04-30 17:45 ET: False
[2026-04-30T21:45:13.639+0000] {taskinstance.py:2658} INFO - Rescheduling task, marking task as UP_FOR_RESCHEDULE
[2026-04-30T21:45:13.664+0000] {local_task_job_runner.py:234} INFO - Task exited with return code 0
[2026-04-30T21:45:13.703+0000] {taskinstance.py:3280} INFO - 0 downstream tasks scheduled from follow-on schedule check
[2026-04-30T21:46:14.977+0000] {taskinstance.py:1956} INFO - Dependencies all met for dep_context=non-requeueable deps ti=<TaskInstance: fetch_market_data.check_market_open scheduled__2026-04-30T21:15:00+00:00 [queued]>
[2026-04-30T21:46:14.984+0000] {taskinstance.py:1956} INFO - Dependencies all met for dep_context=requeueable deps ti=<TaskInstance: fetch_market_data.check_market_open scheduled__2026-04-30T21:15:00+00:00 [queued]>
[2026-04-30T21:46:14.985+0000] {taskinstance.py:2170} INFO - Starting attempt 1 of 3
[2026-04-30T21:46:14.994+0000] {taskinstance.py:2191} INFO - Executing <Task(MarketOpenSensor): check_market_open> on 2026-04-30 21:15:00+00:00
[2026-04-30T21:46:15.001+0000] {standard_task_runner.py:60} INFO - Started process 633204 to run task
[2026-04-30T21:46:15.004+0000] {standard_task_runner.py:87} INFO - Running: ['airflow', 'tasks', 'run', 'fetch_market_data', 'check_market_open', 'scheduled__2026-04-30T21:15:00+00:00', '--job-id', '268', '--raw', '--subdir', 'DAGS_FOLDER/fetch_market_data.py', '--cfg-path', '/tmp/tmpkwv2kj98']
[2026-04-30T21:46:15.006+0000] {standard_task_runner.py:88} INFO - Job 268: Subtask check_market_open
[2026-04-30T21:46:15.089+0000] {task_command.py:423} INFO - Running <TaskInstance: fetch_market_data.check_market_open scheduled__2026-04-30T21:15:00+00:00 [running]> on host reddit-pipeline-vm
[2026-04-30T21:46:15.209+0000] {taskinstance.py:2480} INFO - Exporting env vars: AIRFLOW_CTX_DAG_OWNER='pipeline' AIRFLOW_CTX_DAG_ID='fetch_market_data' AIRFLOW_CTX_TASK_ID='check_market_open' AIRFLOW_CTX_EXECUTION_DATE='2026-04-30T21:15:00+00:00' AIRFLOW_CTX_TRY_NUMBER='1' AIRFLOW_CTX_DAG_RUN_ID='scheduled__2026-04-30T21:15:00+00:00'
[2026-04-30T21:46:15.228+0000] {sensors.py:45} INFO - Market open check at 2026-04-30 17:46 ET: False
[2026-04-30T21:46:15.256+0000] {taskinstance.py:2658} INFO - Rescheduling task, marking task as UP_FOR_RESCHEDULE
[2026-04-30T21:46:15.297+0000] {local_task_job_runner.py:234} INFO - Task exited with return code 0
[2026-04-30T21:46:15.337+0000] {taskinstance.py:3280} INFO - 0 downstream tasks scheduled from follow-on schedule check
[2026-04-30T21:47:16.592+0000] {taskinstance.py:1956} INFO - Dependencies all met for dep_context=non-requeueable deps ti=<TaskInstance: fetch_market_data.check_market_open scheduled__2026-04-30T21:15:00+00:00 [queued]>
[2026-04-30T21:47:16.600+0000] {taskinstance.py:1956} INFO - Dependencies all met for dep_context=requeueable deps ti=<TaskInstance: fetch_market_data.check_market_open scheduled__2026-04-30T21:15:00+00:00 [queued]>
[2026-04-30T21:47:16.600+0000] {taskinstance.py:2170} INFO - Starting attempt 1 of 3
[2026-04-30T21:47:16.612+0000] {taskinstance.py:2191} INFO - Executing <Task(MarketOpenSensor): check_market_open> on 2026-04-30 21:15:00+00:00
[2026-04-30T21:47:16.620+0000] {standard_task_runner.py:60} INFO - Started process 633278 to run task
[2026-04-30T21:47:16.625+0000] {standard_task_runner.py:87} INFO - Running: ['airflow', 'tasks', 'run', 'fetch_market_data', 'check_market_open', 'scheduled__2026-04-30T21:15:00+00:00', '--job-id', '269', '--raw', '--subdir', 'DAGS_FOLDER/fetch_market_data.py', '--cfg-path', '/tmp/tmp1pri5bvm']
[2026-04-30T21:47:16.629+0000] {standard_task_runner.py:88} INFO - Job 269: Subtask check_market_open
[2026-04-30T21:47:16.712+0000] {task_command.py:423} INFO - Running <TaskInstance: fetch_market_data.check_market_open scheduled__2026-04-30T21:15:00+00:00 [running]> on host reddit-pipeline-vm
[2026-04-30T21:47:16.835+0000] {taskinstance.py:2480} INFO - Exporting env vars: AIRFLOW_CTX_DAG_OWNER='pipeline' AIRFLOW_CTX_DAG_ID='fetch_market_data' AIRFLOW_CTX_TASK_ID='check_market_open' AIRFLOW_CTX_EXECUTION_DATE='2026-04-30T21:15:00+00:00' AIRFLOW_CTX_TRY_NUMBER='1' AIRFLOW_CTX_DAG_RUN_ID='scheduled__2026-04-30T21:15:00+00:00'
[2026-04-30T21:47:16.853+0000] {sensors.py:45} INFO - Market open check at 2026-04-30 17:47 ET: False
[2026-04-30T21:47:16.854+0000] {taskinstance.py:2698} ERROR - Task failed with exception
Traceback (most recent call last):
  File "/home/ubuntu/github_repo/Stock-Market-Intelligence-Pipeline/venv/lib/python3.11/site-packages/airflow/models/taskinstance.py", line 433, in _execute_task
    result = execute_callable(context=context, **execute_callable_kwargs)
             ^^^^^^^^^^^^^^^^^^^^^^^^^^^^^^^^^^^^^^^^^^^^^^^^^^^^^^^^^^^^
  File "/home/ubuntu/github_repo/Stock-Market-Intelligence-Pipeline/venv/lib/python3.11/site-packages/airflow/sensors/base.py", line 282, in execute
    raise AirflowSensorTimeout(message)
airflow.exceptions.AirflowSensorTimeout: Sensor has timed out; run duration of 920.102938 seconds exceeds the specified timeout of 900.0.
[2026-04-30T21:47:16.871+0000] {taskinstance.py:1138} INFO - Immediate failure requested. Marking task as FAILED. dag_id=fetch_market_data, task_id=check_market_open, execution_date=20260430T211500, start_date=20260430T214716, end_date=20260430T214716
[2026-04-30T21:47:16.880+0000] {standard_task_runner.py:107} ERROR - Failed to execute job 269 for task check_market_open (Sensor has timed out; run duration of 920.102938 seconds exceeds the specified timeout of 900.0.; 633278)
[2026-04-30T21:47:16.923+0000] {local_task_job_runner.py:234} INFO - Task exited with return code 1
[2026-04-30T21:47:16.972+0000] {taskinstance.py:3280} INFO - 0 downstream tasks scheduled from follow-on schedule check
