[2026-05-01T19:03:00.608+0000] {taskinstance.py:1956} INFO - Dependencies all met for dep_context=non-requeueable deps ti=<TaskInstance: run_dbt_models.dbt_run manual__2026-05-01T15:00:14.085776+00:00 [queued]>
[2026-05-01T19:03:00.636+0000] {taskinstance.py:1956} INFO - Dependencies all met for dep_context=requeueable deps ti=<TaskInstance: run_dbt_models.dbt_run manual__2026-05-01T15:00:14.085776+00:00 [queued]>
[2026-05-01T19:03:00.636+0000] {taskinstance.py:2170} INFO - Starting attempt 1 of 2
[2026-05-01T19:03:00.673+0000] {taskinstance.py:2191} INFO - Executing <Task(BashOperator): dbt_run> on 2026-05-01 15:00:14.085776+00:00
[2026-05-01T19:03:00.691+0000] {standard_task_runner.py:60} INFO - Started process 712944 to run task
[2026-05-01T19:03:00.703+0000] {standard_task_runner.py:87} INFO - Running: ['airflow', 'tasks', 'run', 'run_dbt_models', 'dbt_run', 'manual__2026-05-01T15:00:14.085776+00:00', '--job-id', '1012', '--raw', '--subdir', 'DAGS_FOLDER/run_dbt_models.py', '--cfg-path', '/tmp/tmppuin4gd0']
[2026-05-01T19:03:00.713+0000] {standard_task_runner.py:88} INFO - Job 1012: Subtask dbt_run
[2026-05-01T19:03:00.909+0000] {task_command.py:423} INFO - Running <TaskInstance: run_dbt_models.dbt_run manual__2026-05-01T15:00:14.085776+00:00 [running]> on host reddit-pipeline-vm
[2026-05-01T19:03:01.202+0000] {taskinstance.py:2480} INFO - Exporting env vars: AIRFLOW_CTX_DAG_OWNER='pipeline' AIRFLOW_CTX_DAG_ID='run_dbt_models' AIRFLOW_CTX_TASK_ID='dbt_run' AIRFLOW_CTX_EXECUTION_DATE='2026-05-01T15:00:14.085776+00:00' AIRFLOW_CTX_TRY_NUMBER='1' AIRFLOW_CTX_DAG_RUN_ID='manual__2026-05-01T15:00:14.085776+00:00'
[2026-05-01T19:03:01.203+0000] {subprocess.py:63} INFO - Tmp dir root location: /tmp
[2026-05-01T19:03:01.209+0000] {subprocess.py:75} INFO - Running command: ['/usr/bin/bash', '-c', 'cd /home/ubuntu/github_repo/Stock-Market-Intelligence-Pipeline/dbt_project && /home/ubuntu/github_repo/Stock-Market-Intelligence-Pipeline/venv/bin/dbt run --profiles-dir /home/ubuntu/github_repo/Stock-Market-Intelligence-Pipeline/dbt_project']
[2026-05-01T19:03:01.247+0000] {subprocess.py:86} INFO - Output:
[2026-05-01T19:03:07.845+0000] {subprocess.py:93} INFO - [0m19:03:07  Running with dbt=1.7.0
[2026-05-01T19:03:08.633+0000] {subprocess.py:93} INFO - [0m19:03:08  Registered adapter: postgres=1.7.0
[2026-05-01T19:03:08.847+0000] {subprocess.py:93} INFO - [0m19:03:08  Found 5 models, 8 tests, 0 sources, 0 exposures, 0 metrics, 401 macros, 0 groups, 0 semantic models
[2026-05-01T19:03:08.853+0000] {subprocess.py:93} INFO - [0m19:03:08
[2026-05-01T19:03:09.433+0000] {subprocess.py:93} INFO - [0m19:03:09  Concurrency: 2 threads (target='dev')
[2026-05-01T19:03:09.433+0000] {subprocess.py:93} INFO - [0m19:03:09
[2026-05-01T19:03:09.457+0000] {subprocess.py:93} INFO - [0m19:03:09  1 of 5 START sql view model public_staging.stg_prices .......................... [RUN]
[2026-05-01T19:03:10.115+0000] {subprocess.py:93} INFO - [0m19:03:10  1 of 5 OK created sql view model public_staging.stg_prices ..................... [[32mCREATE VIEW[0m in 0.64s]
[2026-05-01T19:03:10.125+0000] {subprocess.py:93} INFO - [0m19:03:10  2 of 5 START sql view model public_staging.int_price_with_returns .............. [RUN]
[2026-05-01T19:03:10.308+0000] {subprocess.py:93} INFO - [0m19:03:10  2 of 5 ERROR creating sql view model public_staging.int_price_with_returns ..... [[31mERROR[0m in 0.18s]
[2026-05-01T19:03:10.319+0000] {subprocess.py:93} INFO - [0m19:03:10  3 of 5 SKIP relation public.fact_prices ........................................ [[33mSKIP[0m]
[2026-05-01T19:03:10.323+0000] {subprocess.py:93} INFO - [0m19:03:10  4 of 5 SKIP relation public.fact_indicators .................................... [[33mSKIP[0m]
[2026-05-01T19:03:10.328+0000] {subprocess.py:93} INFO - [0m19:03:10  5 of 5 SKIP relation public.fact_alerts ........................................ [[33mSKIP[0m]
[2026-05-01T19:03:10.392+0000] {subprocess.py:93} INFO - [0m19:03:10
[2026-05-01T19:03:10.392+0000] {subprocess.py:93} INFO - [0m19:03:10  Finished running 2 view models, 3 table models in 0 hours 0 minutes and 1.54 seconds (1.54s).
[2026-05-01T19:03:10.429+0000] {subprocess.py:93} INFO - [0m19:03:10
[2026-05-01T19:03:10.430+0000] {subprocess.py:93} INFO - [0m19:03:10  [31mCompleted with 1 error and 0 warnings:[0m
[2026-05-01T19:03:10.430+0000] {subprocess.py:93} INFO - [0m19:03:10
[2026-05-01T19:03:10.430+0000] {subprocess.py:93} INFO - [0m19:03:10    Database Error in model int_price_with_returns (models/intermediate/int_price_with_returns.sql)
[2026-05-01T19:03:10.430+0000] {subprocess.py:93} INFO -   relation "public_staging.int_price_with_returns" does not exist
[2026-05-01T19:03:10.430+0000] {subprocess.py:93} INFO -   compiled Code at target/run/market_pipeline/models/intermediate/int_price_with_returns.sql
[2026-05-01T19:03:10.436+0000] {subprocess.py:93} INFO - [0m19:03:10
[2026-05-01T19:03:10.436+0000] {subprocess.py:93} INFO - [0m19:03:10  Done. PASS=1 WARN=0 ERROR=1 SKIP=3 TOTAL=5
[2026-05-01T19:03:12.279+0000] {subprocess.py:97} INFO - Command exited with return code 1
[2026-05-01T19:03:12.334+0000] {taskinstance.py:2698} ERROR - Task failed with exception
Traceback (most recent call last):
  File "/home/ubuntu/github_repo/Stock-Market-Intelligence-Pipeline/venv/lib/python3.11/site-packages/airflow/models/taskinstance.py", line 433, in _execute_task
    result = execute_callable(context=context, **execute_callable_kwargs)
             ^^^^^^^^^^^^^^^^^^^^^^^^^^^^^^^^^^^^^^^^^^^^^^^^^^^^^^^^^^^^
  File "/home/ubuntu/github_repo/Stock-Market-Intelligence-Pipeline/venv/lib/python3.11/site-packages/airflow/operators/bash.py", line 212, in execute
    raise AirflowException(
airflow.exceptions.AirflowException: Bash command failed. The command returned a non-zero exit code 1.
[2026-05-01T19:03:12.344+0000] {taskinstance.py:1138} INFO - Marking task as UP_FOR_RETRY. dag_id=run_dbt_models, task_id=dbt_run, execution_date=20260501T150014, start_date=20260501T190300, end_date=20260501T190312
[2026-05-01T19:03:12.396+0000] {standard_task_runner.py:107} ERROR - Failed to execute job 1012 for task dbt_run (Bash command failed. The command returned a non-zero exit code 1.; 712944)
[2026-05-01T19:03:12.454+0000] {local_task_job_runner.py:234} INFO - Task exited with return code 1
[2026-05-01T19:03:12.508+0000] {taskinstance.py:3280} INFO - 0 downstream tasks scheduled from follow-on schedule check
