[2026-05-01T19:05:24.144+0000] {taskinstance.py:1956} INFO - Dependencies all met for dep_context=non-requeueable deps ti=<TaskInstance: run_dbt_models.dbt_run manual__2026-05-01T15:00:14.085776+00:00 [queued]>
[2026-05-01T19:05:24.150+0000] {taskinstance.py:1956} INFO - Dependencies all met for dep_context=requeueable deps ti=<TaskInstance: run_dbt_models.dbt_run manual__2026-05-01T15:00:14.085776+00:00 [queued]>
[2026-05-01T19:05:24.151+0000] {taskinstance.py:2170} INFO - Starting attempt 2 of 3
[2026-05-01T19:05:24.163+0000] {taskinstance.py:2191} INFO - Executing <Task(BashOperator): dbt_run> on 2026-05-01 15:00:14.085776+00:00
[2026-05-01T19:05:24.171+0000] {standard_task_runner.py:60} INFO - Started process 713349 to run task
[2026-05-01T19:05:24.177+0000] {standard_task_runner.py:87} INFO - Running: ['airflow', 'tasks', 'run', 'run_dbt_models', 'dbt_run', 'manual__2026-05-01T15:00:14.085776+00:00', '--job-id', '1020', '--raw', '--subdir', 'DAGS_FOLDER/run_dbt_models.py', '--cfg-path', '/tmp/tmpo9t_irh_']
[2026-05-01T19:05:24.179+0000] {standard_task_runner.py:88} INFO - Job 1020: Subtask dbt_run
[2026-05-01T19:05:24.258+0000] {task_command.py:423} INFO - Running <TaskInstance: run_dbt_models.dbt_run manual__2026-05-01T15:00:14.085776+00:00 [running]> on host reddit-pipeline-vm
[2026-05-01T19:05:24.373+0000] {taskinstance.py:2480} INFO - Exporting env vars: AIRFLOW_CTX_DAG_OWNER='pipeline' AIRFLOW_CTX_DAG_ID='run_dbt_models' AIRFLOW_CTX_TASK_ID='dbt_run' AIRFLOW_CTX_EXECUTION_DATE='2026-05-01T15:00:14.085776+00:00' AIRFLOW_CTX_TRY_NUMBER='2' AIRFLOW_CTX_DAG_RUN_ID='manual__2026-05-01T15:00:14.085776+00:00'
[2026-05-01T19:05:24.374+0000] {subprocess.py:63} INFO - Tmp dir root location: /tmp
[2026-05-01T19:05:24.374+0000] {subprocess.py:75} INFO - Running command: ['/usr/bin/bash', '-c', 'cd /home/ubuntu/github_repo/Stock-Market-Intelligence-Pipeline/dbt_project && /home/ubuntu/github_repo/Stock-Market-Intelligence-Pipeline/venv/bin/dbt run --profiles-dir /home/ubuntu/github_repo/Stock-Market-Intelligence-Pipeline/dbt_project']
[2026-05-01T19:05:24.383+0000] {subprocess.py:86} INFO - Output:
[2026-05-01T19:05:26.222+0000] {subprocess.py:93} INFO - [0m19:05:26  Running with dbt=1.7.0
[2026-05-01T19:05:26.490+0000] {subprocess.py:93} INFO - [0m19:05:26  Registered adapter: postgres=1.7.0
[2026-05-01T19:05:26.544+0000] {subprocess.py:93} INFO - [0m19:05:26  Found 5 models, 8 tests, 0 sources, 0 exposures, 0 metrics, 401 macros, 0 groups, 0 semantic models
[2026-05-01T19:05:26.546+0000] {subprocess.py:93} INFO - [0m19:05:26
[2026-05-01T19:05:26.686+0000] {subprocess.py:93} INFO - [0m19:05:26  Concurrency: 2 threads (target='dev')
[2026-05-01T19:05:26.687+0000] {subprocess.py:93} INFO - [0m19:05:26
[2026-05-01T19:05:26.690+0000] {subprocess.py:93} INFO - [0m19:05:26  1 of 5 START sql view model public_staging.stg_prices .......................... [RUN]
[2026-05-01T19:05:26.800+0000] {subprocess.py:93} INFO - [0m19:05:26  1 of 5 OK created sql view model public_staging.stg_prices ..................... [[32mCREATE VIEW[0m in 0.11s]
[2026-05-01T19:05:26.802+0000] {subprocess.py:93} INFO - [0m19:05:26  2 of 5 START sql view model public_staging.int_price_with_returns .............. [RUN]
[2026-05-01T19:05:26.851+0000] {subprocess.py:93} INFO - [0m19:05:26  2 of 5 OK created sql view model public_staging.int_price_with_returns ......... [[32mCREATE VIEW[0m in 0.05s]
[2026-05-01T19:05:26.853+0000] {subprocess.py:93} INFO - [0m19:05:26  3 of 5 START sql table model public.fact_prices ................................ [RUN]
[2026-05-01T19:05:26.944+0000] {subprocess.py:93} INFO - [0m19:05:26  3 of 5 OK created sql table model public.fact_prices ........................... [[32mSELECT 3598[0m in 0.09s]
[2026-05-01T19:05:26.946+0000] {subprocess.py:93} INFO - [0m19:05:26  4 of 5 START sql table model public.fact_indicators ............................ [RUN]
[2026-05-01T19:05:27.130+0000] {subprocess.py:93} INFO - [0m19:05:27  4 of 5 OK created sql table model public.fact_indicators ....................... [[32mSELECT 3598[0m in 0.18s]
[2026-05-01T19:05:27.133+0000] {subprocess.py:93} INFO - [0m19:05:27  5 of 5 START sql table model public.fact_alerts ................................ [RUN]
[2026-05-01T19:05:27.212+0000] {subprocess.py:93} INFO - [0m19:05:27  5 of 5 OK created sql table model public.fact_alerts ........................... [[32mSELECT 2074[0m in 0.08s]
[2026-05-01T19:05:27.235+0000] {subprocess.py:93} INFO - [0m19:05:27
[2026-05-01T19:05:27.235+0000] {subprocess.py:93} INFO - [0m19:05:27  Finished running 2 view models, 3 table models in 0 hours 0 minutes and 0.69 seconds (0.69s).
[2026-05-01T19:05:27.245+0000] {subprocess.py:93} INFO - [0m19:05:27
[2026-05-01T19:05:27.247+0000] {subprocess.py:93} INFO - [0m19:05:27  [32mCompleted successfully[0m
[2026-05-01T19:05:27.248+0000] {subprocess.py:93} INFO - [0m19:05:27
[2026-05-01T19:05:27.248+0000] {subprocess.py:93} INFO - [0m19:05:27  Done. PASS=5 WARN=0 ERROR=0 SKIP=0 TOTAL=5
[2026-05-01T19:05:28.821+0000] {subprocess.py:97} INFO - Command exited with return code 0
[2026-05-01T19:05:28.867+0000] {taskinstance.py:1138} INFO - Marking task as SUCCESS. dag_id=run_dbt_models, task_id=dbt_run, execution_date=20260501T150014, start_date=20260501T190524, end_date=20260501T190528
[2026-05-01T19:05:28.898+0000] {local_task_job_runner.py:234} INFO - Task exited with return code 0
[2026-05-01T19:05:28.929+0000] {taskinstance.py:3280} INFO - 1 downstream tasks scheduled from follow-on schedule check
