[2026-05-07T13:02:11.067+0000] {taskinstance.py:1956} INFO - Dependencies all met for dep_context=non-requeueable deps ti=<TaskInstance: fetch_market_data.check_market_open scheduled__2026-05-07T12:00:00+00:00 [queued]>
[2026-05-07T13:02:11.074+0000] {taskinstance.py:1956} INFO - Dependencies all met for dep_context=requeueable deps ti=<TaskInstance: fetch_market_data.check_market_open scheduled__2026-05-07T12:00:00+00:00 [queued]>
[2026-05-07T13:02:11.075+0000] {taskinstance.py:2170} INFO - Starting attempt 1 of 3
[2026-05-07T13:02:11.087+0000] {taskinstance.py:2191} INFO - Executing <Task(MarketOpenSensor): check_market_open> on 2026-05-07 12:00:00+00:00
[2026-05-07T13:02:11.096+0000] {standard_task_runner.py:60} INFO - Started process 1120267 to run task
[2026-05-07T13:02:11.100+0000] {standard_task_runner.py:87} INFO - Running: ['airflow', 'tasks', 'run', 'fetch_market_data', 'check_market_open', 'scheduled__2026-05-07T12:00:00+00:00', '--job-id', '1503', '--raw', '--subdir', 'DAGS_FOLDER/fetch_market_data.py', '--cfg-path', '/tmp/tmpojaioz13']
[2026-05-07T13:02:11.102+0000] {standard_task_runner.py:88} INFO - Job 1503: Subtask check_market_open
[2026-05-07T13:02:11.169+0000] {task_command.py:423} INFO - Running <TaskInstance: fetch_market_data.check_market_open scheduled__2026-05-07T12:00:00+00:00 [running]> on host reddit-pipeline-vm
[2026-05-07T13:02:11.274+0000] {taskinstance.py:2480} INFO - Exporting env vars: AIRFLOW_CTX_DAG_OWNER='pipeline' AIRFLOW_CTX_DAG_ID='fetch_market_data' AIRFLOW_CTX_TASK_ID='check_market_open' AIRFLOW_CTX_EXECUTION_DATE='2026-05-07T12:00:00+00:00' AIRFLOW_CTX_TRY_NUMBER='1' AIRFLOW_CTX_DAG_RUN_ID='scheduled__2026-05-07T12:00:00+00:00'
[2026-05-07T13:02:11.289+0000] {sensors.py:45} INFO - Market open check at 2026-05-07 09:02 ET: False
[2026-05-07T13:02:11.317+0000] {taskinstance.py:2658} INFO - Rescheduling task, marking task as UP_FOR_RESCHEDULE
[2026-05-07T13:02:11.353+0000] {local_task_job_runner.py:234} INFO - Task exited with return code 0
[2026-05-07T13:02:11.389+0000] {taskinstance.py:3280} INFO - 0 downstream tasks scheduled from follow-on schedule check
[2026-05-07T13:17:12.710+0000] {taskinstance.py:1956} INFO - Dependencies all met for dep_context=non-requeueable deps ti=<TaskInstance: fetch_market_data.check_market_open scheduled__2026-05-07T12:00:00+00:00 [queued]>
[2026-05-07T13:17:12.721+0000] {taskinstance.py:1956} INFO - Dependencies all met for dep_context=requeueable deps ti=<TaskInstance: fetch_market_data.check_market_open scheduled__2026-05-07T12:00:00+00:00 [queued]>
[2026-05-07T13:17:12.721+0000] {taskinstance.py:2170} INFO - Starting attempt 1 of 3
[2026-05-07T13:17:12.735+0000] {taskinstance.py:2191} INFO - Executing <Task(MarketOpenSensor): check_market_open> on 2026-05-07 12:00:00+00:00
[2026-05-07T13:17:12.742+0000] {standard_task_runner.py:60} INFO - Started process 1121248 to run task
[2026-05-07T13:17:12.746+0000] {standard_task_runner.py:87} INFO - Running: ['airflow', 'tasks', 'run', 'fetch_market_data', 'check_market_open', 'scheduled__2026-05-07T12:00:00+00:00', '--job-id', '1504', '--raw', '--subdir', 'DAGS_FOLDER/fetch_market_data.py', '--cfg-path', '/tmp/tmp_2rjm_nk']
[2026-05-07T13:17:12.748+0000] {standard_task_runner.py:88} INFO - Job 1504: Subtask check_market_open
[2026-05-07T13:17:12.823+0000] {task_command.py:423} INFO - Running <TaskInstance: fetch_market_data.check_market_open scheduled__2026-05-07T12:00:00+00:00 [running]> on host reddit-pipeline-vm
[2026-05-07T13:17:12.934+0000] {taskinstance.py:2480} INFO - Exporting env vars: AIRFLOW_CTX_DAG_OWNER='pipeline' AIRFLOW_CTX_DAG_ID='fetch_market_data' AIRFLOW_CTX_TASK_ID='check_market_open' AIRFLOW_CTX_EXECUTION_DATE='2026-05-07T12:00:00+00:00' AIRFLOW_CTX_TRY_NUMBER='1' AIRFLOW_CTX_DAG_RUN_ID='scheduled__2026-05-07T12:00:00+00:00'
[2026-05-07T13:17:12.952+0000] {sensors.py:45} INFO - Market open check at 2026-05-07 09:17 ET: False
[2026-05-07T13:17:12.980+0000] {taskinstance.py:2658} INFO - Rescheduling task, marking task as UP_FOR_RESCHEDULE
[2026-05-07T13:17:12.999+0000] {local_task_job_runner.py:234} INFO - Task exited with return code 0
[2026-05-07T13:17:13.040+0000] {taskinstance.py:3280} INFO - 0 downstream tasks scheduled from follow-on schedule check
[2026-05-07T13:32:13.826+0000] {taskinstance.py:1956} INFO - Dependencies all met for dep_context=non-requeueable deps ti=<TaskInstance: fetch_market_data.check_market_open scheduled__2026-05-07T12:00:00+00:00 [queued]>
[2026-05-07T13:32:13.834+0000] {taskinstance.py:1956} INFO - Dependencies all met for dep_context=requeueable deps ti=<TaskInstance: fetch_market_data.check_market_open scheduled__2026-05-07T12:00:00+00:00 [queued]>
[2026-05-07T13:32:13.835+0000] {taskinstance.py:2170} INFO - Starting attempt 1 of 3
[2026-05-07T13:32:13.848+0000] {taskinstance.py:2191} INFO - Executing <Task(MarketOpenSensor): check_market_open> on 2026-05-07 12:00:00+00:00
[2026-05-07T13:32:13.854+0000] {standard_task_runner.py:60} INFO - Started process 1122221 to run task
[2026-05-07T13:32:13.858+0000] {standard_task_runner.py:87} INFO - Running: ['airflow', 'tasks', 'run', 'fetch_market_data', 'check_market_open', 'scheduled__2026-05-07T12:00:00+00:00', '--job-id', '1505', '--raw', '--subdir', 'DAGS_FOLDER/fetch_market_data.py', '--cfg-path', '/tmp/tmpcn7vn0op']
[2026-05-07T13:32:13.860+0000] {standard_task_runner.py:88} INFO - Job 1505: Subtask check_market_open
[2026-05-07T13:32:13.933+0000] {task_command.py:423} INFO - Running <TaskInstance: fetch_market_data.check_market_open scheduled__2026-05-07T12:00:00+00:00 [running]> on host reddit-pipeline-vm
[2026-05-07T13:32:14.034+0000] {taskinstance.py:2480} INFO - Exporting env vars: AIRFLOW_CTX_DAG_OWNER='pipeline' AIRFLOW_CTX_DAG_ID='fetch_market_data' AIRFLOW_CTX_TASK_ID='check_market_open' AIRFLOW_CTX_EXECUTION_DATE='2026-05-07T12:00:00+00:00' AIRFLOW_CTX_TRY_NUMBER='1' AIRFLOW_CTX_DAG_RUN_ID='scheduled__2026-05-07T12:00:00+00:00'
[2026-05-07T13:32:14.052+0000] {sensors.py:45} INFO - Market open check at 2026-05-07 09:32 ET: True
[2026-05-07T13:32:14.052+0000] {base.py:295} INFO - Success criteria met. Exiting.
[2026-05-07T13:32:14.068+0000] {taskinstance.py:1138} INFO - Marking task as SUCCESS. dag_id=fetch_market_data, task_id=check_market_open, execution_date=20260507T120000, start_date=20260507T133213, end_date=20260507T133214
[2026-05-07T13:32:14.112+0000] {local_task_job_runner.py:234} INFO - Task exited with return code 0
[2026-05-07T13:32:14.160+0000] {taskinstance.py:3280} INFO - 7 downstream tasks scheduled from follow-on schedule check
