[2026-05-04T08:01:10.408+0000] {taskinstance.py:1956} INFO - Dependencies all met for dep_context=non-requeueable deps ti=<TaskInstance: fetch_market_data.check_market_open scheduled__2026-05-04T07:00:00+00:00 [queued]>
[2026-05-04T08:01:10.415+0000] {taskinstance.py:1956} INFO - Dependencies all met for dep_context=requeueable deps ti=<TaskInstance: fetch_market_data.check_market_open scheduled__2026-05-04T07:00:00+00:00 [queued]>
[2026-05-04T08:01:10.415+0000] {taskinstance.py:2170} INFO - Starting attempt 1 of 3
[2026-05-04T08:01:10.427+0000] {taskinstance.py:2191} INFO - Executing <Task(MarketOpenSensor): check_market_open> on 2026-05-04 07:00:00+00:00
[2026-05-04T08:01:10.434+0000] {standard_task_runner.py:60} INFO - Started process 900677 to run task
[2026-05-04T08:01:10.440+0000] {standard_task_runner.py:87} INFO - Running: ['airflow', 'tasks', 'run', 'fetch_market_data', 'check_market_open', 'scheduled__2026-05-04T07:00:00+00:00', '--job-id', '1089', '--raw', '--subdir', 'DAGS_FOLDER/fetch_market_data.py', '--cfg-path', '/tmp/tmp3rzlko66']
[2026-05-04T08:01:10.442+0000] {standard_task_runner.py:88} INFO - Job 1089: Subtask check_market_open
[2026-05-04T08:01:10.523+0000] {task_command.py:423} INFO - Running <TaskInstance: fetch_market_data.check_market_open scheduled__2026-05-04T07:00:00+00:00 [running]> on host reddit-pipeline-vm
[2026-05-04T08:01:10.638+0000] {taskinstance.py:2480} INFO - Exporting env vars: AIRFLOW_CTX_DAG_OWNER='pipeline' AIRFLOW_CTX_DAG_ID='fetch_market_data' AIRFLOW_CTX_TASK_ID='check_market_open' AIRFLOW_CTX_EXECUTION_DATE='2026-05-04T07:00:00+00:00' AIRFLOW_CTX_TRY_NUMBER='1' AIRFLOW_CTX_DAG_RUN_ID='scheduled__2026-05-04T07:00:00+00:00'
[2026-05-04T08:01:10.656+0000] {sensors.py:45} INFO - Market open check at 2026-05-04 04:01 ET: False
[2026-05-04T08:01:10.682+0000] {taskinstance.py:2658} INFO - Rescheduling task, marking task as UP_FOR_RESCHEDULE
[2026-05-04T08:01:10.694+0000] {local_task_job_runner.py:234} INFO - Task exited with return code 0
[2026-05-04T08:01:10.734+0000] {taskinstance.py:3280} INFO - 0 downstream tasks scheduled from follow-on schedule check
[2026-05-04T08:16:12.048+0000] {taskinstance.py:1956} INFO - Dependencies all met for dep_context=non-requeueable deps ti=<TaskInstance: fetch_market_data.check_market_open scheduled__2026-05-04T07:00:00+00:00 [queued]>
[2026-05-04T08:16:12.055+0000] {taskinstance.py:1956} INFO - Dependencies all met for dep_context=requeueable deps ti=<TaskInstance: fetch_market_data.check_market_open scheduled__2026-05-04T07:00:00+00:00 [queued]>
[2026-05-04T08:16:12.056+0000] {taskinstance.py:2170} INFO - Starting attempt 1 of 3
[2026-05-04T08:16:12.066+0000] {taskinstance.py:2191} INFO - Executing <Task(MarketOpenSensor): check_market_open> on 2026-05-04 07:00:00+00:00
[2026-05-04T08:16:12.072+0000] {standard_task_runner.py:60} INFO - Started process 901431 to run task
[2026-05-04T08:16:12.076+0000] {standard_task_runner.py:87} INFO - Running: ['airflow', 'tasks', 'run', 'fetch_market_data', 'check_market_open', 'scheduled__2026-05-04T07:00:00+00:00', '--job-id', '1090', '--raw', '--subdir', 'DAGS_FOLDER/fetch_market_data.py', '--cfg-path', '/tmp/tmpivigwqzb']
[2026-05-04T08:16:12.078+0000] {standard_task_runner.py:88} INFO - Job 1090: Subtask check_market_open
[2026-05-04T08:16:12.158+0000] {task_command.py:423} INFO - Running <TaskInstance: fetch_market_data.check_market_open scheduled__2026-05-04T07:00:00+00:00 [running]> on host reddit-pipeline-vm
[2026-05-04T08:16:12.276+0000] {taskinstance.py:2480} INFO - Exporting env vars: AIRFLOW_CTX_DAG_OWNER='pipeline' AIRFLOW_CTX_DAG_ID='fetch_market_data' AIRFLOW_CTX_TASK_ID='check_market_open' AIRFLOW_CTX_EXECUTION_DATE='2026-05-04T07:00:00+00:00' AIRFLOW_CTX_TRY_NUMBER='1' AIRFLOW_CTX_DAG_RUN_ID='scheduled__2026-05-04T07:00:00+00:00'
[2026-05-04T08:16:12.295+0000] {sensors.py:45} INFO - Market open check at 2026-05-04 04:16 ET: False
[2026-05-04T08:16:12.325+0000] {taskinstance.py:2658} INFO - Rescheduling task, marking task as UP_FOR_RESCHEDULE
[2026-05-04T08:16:12.370+0000] {local_task_job_runner.py:234} INFO - Task exited with return code 0
[2026-05-04T08:16:12.414+0000] {taskinstance.py:3280} INFO - 0 downstream tasks scheduled from follow-on schedule check
[2026-05-04T08:31:13.323+0000] {taskinstance.py:1956} INFO - Dependencies all met for dep_context=non-requeueable deps ti=<TaskInstance: fetch_market_data.check_market_open scheduled__2026-05-04T07:00:00+00:00 [queued]>
[2026-05-04T08:31:13.333+0000] {taskinstance.py:1956} INFO - Dependencies all met for dep_context=requeueable deps ti=<TaskInstance: fetch_market_data.check_market_open scheduled__2026-05-04T07:00:00+00:00 [queued]>
[2026-05-04T08:31:13.333+0000] {taskinstance.py:2170} INFO - Starting attempt 1 of 3
[2026-05-04T08:31:13.345+0000] {taskinstance.py:2191} INFO - Executing <Task(MarketOpenSensor): check_market_open> on 2026-05-04 07:00:00+00:00
[2026-05-04T08:31:13.351+0000] {standard_task_runner.py:60} INFO - Started process 902200 to run task
[2026-05-04T08:31:13.355+0000] {standard_task_runner.py:87} INFO - Running: ['airflow', 'tasks', 'run', 'fetch_market_data', 'check_market_open', 'scheduled__2026-05-04T07:00:00+00:00', '--job-id', '1091', '--raw', '--subdir', 'DAGS_FOLDER/fetch_market_data.py', '--cfg-path', '/tmp/tmpahprtxye']
[2026-05-04T08:31:13.357+0000] {standard_task_runner.py:88} INFO - Job 1091: Subtask check_market_open
[2026-05-04T08:31:13.438+0000] {task_command.py:423} INFO - Running <TaskInstance: fetch_market_data.check_market_open scheduled__2026-05-04T07:00:00+00:00 [running]> on host reddit-pipeline-vm
[2026-05-04T08:31:13.560+0000] {taskinstance.py:2480} INFO - Exporting env vars: AIRFLOW_CTX_DAG_OWNER='pipeline' AIRFLOW_CTX_DAG_ID='fetch_market_data' AIRFLOW_CTX_TASK_ID='check_market_open' AIRFLOW_CTX_EXECUTION_DATE='2026-05-04T07:00:00+00:00' AIRFLOW_CTX_TRY_NUMBER='1' AIRFLOW_CTX_DAG_RUN_ID='scheduled__2026-05-04T07:00:00+00:00'
[2026-05-04T08:31:13.581+0000] {sensors.py:45} INFO - Market open check at 2026-05-04 04:31 ET: False
[2026-05-04T08:31:13.615+0000] {taskinstance.py:2658} INFO - Rescheduling task, marking task as UP_FOR_RESCHEDULE
[2026-05-04T08:31:13.648+0000] {local_task_job_runner.py:234} INFO - Task exited with return code 0
[2026-05-04T08:31:13.691+0000] {taskinstance.py:3280} INFO - 0 downstream tasks scheduled from follow-on schedule check
[2026-05-04T08:46:15.125+0000] {taskinstance.py:1956} INFO - Dependencies all met for dep_context=non-requeueable deps ti=<TaskInstance: fetch_market_data.check_market_open scheduled__2026-05-04T07:00:00+00:00 [queued]>
[2026-05-04T08:46:15.133+0000] {taskinstance.py:1956} INFO - Dependencies all met for dep_context=requeueable deps ti=<TaskInstance: fetch_market_data.check_market_open scheduled__2026-05-04T07:00:00+00:00 [queued]>
[2026-05-04T08:46:15.133+0000] {taskinstance.py:2170} INFO - Starting attempt 1 of 3
[2026-05-04T08:46:15.143+0000] {taskinstance.py:2191} INFO - Executing <Task(MarketOpenSensor): check_market_open> on 2026-05-04 07:00:00+00:00
[2026-05-04T08:46:15.150+0000] {standard_task_runner.py:60} INFO - Started process 902941 to run task
[2026-05-04T08:46:15.153+0000] {standard_task_runner.py:87} INFO - Running: ['airflow', 'tasks', 'run', 'fetch_market_data', 'check_market_open', 'scheduled__2026-05-04T07:00:00+00:00', '--job-id', '1092', '--raw', '--subdir', 'DAGS_FOLDER/fetch_market_data.py', '--cfg-path', '/tmp/tmpwr5iewn_']
[2026-05-04T08:46:15.156+0000] {standard_task_runner.py:88} INFO - Job 1092: Subtask check_market_open
[2026-05-04T08:46:15.236+0000] {task_command.py:423} INFO - Running <TaskInstance: fetch_market_data.check_market_open scheduled__2026-05-04T07:00:00+00:00 [running]> on host reddit-pipeline-vm
[2026-05-04T08:46:15.352+0000] {taskinstance.py:2480} INFO - Exporting env vars: AIRFLOW_CTX_DAG_OWNER='pipeline' AIRFLOW_CTX_DAG_ID='fetch_market_data' AIRFLOW_CTX_TASK_ID='check_market_open' AIRFLOW_CTX_EXECUTION_DATE='2026-05-04T07:00:00+00:00' AIRFLOW_CTX_TRY_NUMBER='1' AIRFLOW_CTX_DAG_RUN_ID='scheduled__2026-05-04T07:00:00+00:00'
[2026-05-04T08:46:15.372+0000] {sensors.py:45} INFO - Market open check at 2026-05-04 04:46 ET: False
[2026-05-04T08:46:15.400+0000] {taskinstance.py:2658} INFO - Rescheduling task, marking task as UP_FOR_RESCHEDULE
[2026-05-04T08:46:15.409+0000] {local_task_job_runner.py:234} INFO - Task exited with return code 0
[2026-05-04T08:46:15.452+0000] {taskinstance.py:3280} INFO - 0 downstream tasks scheduled from follow-on schedule check
[2026-05-04T09:01:16.294+0000] {taskinstance.py:1956} INFO - Dependencies all met for dep_context=non-requeueable deps ti=<TaskInstance: fetch_market_data.check_market_open scheduled__2026-05-04T07:00:00+00:00 [queued]>
[2026-05-04T09:01:16.303+0000] {taskinstance.py:1956} INFO - Dependencies all met for dep_context=requeueable deps ti=<TaskInstance: fetch_market_data.check_market_open scheduled__2026-05-04T07:00:00+00:00 [queued]>
[2026-05-04T09:01:16.303+0000] {taskinstance.py:2170} INFO - Starting attempt 1 of 3
[2026-05-04T09:01:16.315+0000] {taskinstance.py:2191} INFO - Executing <Task(MarketOpenSensor): check_market_open> on 2026-05-04 07:00:00+00:00
[2026-05-04T09:01:16.321+0000] {standard_task_runner.py:60} INFO - Started process 903685 to run task
[2026-05-04T09:01:16.325+0000] {standard_task_runner.py:87} INFO - Running: ['airflow', 'tasks', 'run', 'fetch_market_data', 'check_market_open', 'scheduled__2026-05-04T07:00:00+00:00', '--job-id', '1093', '--raw', '--subdir', 'DAGS_FOLDER/fetch_market_data.py', '--cfg-path', '/tmp/tmp1plqqn0m']
[2026-05-04T09:01:16.327+0000] {standard_task_runner.py:88} INFO - Job 1093: Subtask check_market_open
[2026-05-04T09:01:16.407+0000] {task_command.py:423} INFO - Running <TaskInstance: fetch_market_data.check_market_open scheduled__2026-05-04T07:00:00+00:00 [running]> on host reddit-pipeline-vm
[2026-05-04T09:01:16.525+0000] {taskinstance.py:2480} INFO - Exporting env vars: AIRFLOW_CTX_DAG_OWNER='pipeline' AIRFLOW_CTX_DAG_ID='fetch_market_data' AIRFLOW_CTX_TASK_ID='check_market_open' AIRFLOW_CTX_EXECUTION_DATE='2026-05-04T07:00:00+00:00' AIRFLOW_CTX_TRY_NUMBER='1' AIRFLOW_CTX_DAG_RUN_ID='scheduled__2026-05-04T07:00:00+00:00'
[2026-05-04T09:01:16.545+0000] {sensors.py:45} INFO - Market open check at 2026-05-04 05:01 ET: False
[2026-05-04T09:01:16.545+0000] {taskinstance.py:2360} INFO - Sensor has timed out; run duration of 3605.987374 seconds exceeds the specified timeout of 3600.0.
[2026-05-04T09:01:16.563+0000] {taskinstance.py:1138} INFO - Marking task as SKIPPED. dag_id=fetch_market_data, task_id=check_market_open, execution_date=20260504T070000, start_date=20260504T090116, end_date=20260504T090116
[2026-05-04T09:01:16.619+0000] {local_task_job_runner.py:234} INFO - Task exited with return code 0
[2026-05-04T09:01:16.672+0000] {taskinstance.py:3280} INFO - 0 downstream tasks scheduled from follow-on schedule check
