[2026-05-01T05:44:37.091+0000] {taskinstance.py:1956} INFO - Dependencies all met for dep_context=non-requeueable deps ti=<TaskInstance: fetch_market_data.check_market_open scheduled__2026-05-01T05:15:00+00:00 [queued]>
[2026-05-01T05:44:37.097+0000] {taskinstance.py:1956} INFO - Dependencies all met for dep_context=requeueable deps ti=<TaskInstance: fetch_market_data.check_market_open scheduled__2026-05-01T05:15:00+00:00 [queued]>
[2026-05-01T05:44:37.098+0000] {taskinstance.py:2170} INFO - Starting attempt 1 of 3
[2026-05-01T05:44:37.108+0000] {taskinstance.py:2191} INFO - Executing <Task(MarketOpenSensor): check_market_open> on 2026-05-01 05:15:00+00:00
[2026-05-01T05:44:37.117+0000] {standard_task_runner.py:60} INFO - Started process 667445 to run task
[2026-05-01T05:44:37.121+0000] {standard_task_runner.py:87} INFO - Running: ['airflow', 'tasks', 'run', 'fetch_market_data', 'check_market_open', 'scheduled__2026-05-01T05:15:00+00:00', '--job-id', '766', '--raw', '--subdir', 'DAGS_FOLDER/fetch_market_data.py', '--cfg-path', '/tmp/tmp340uzp8i']
[2026-05-01T05:44:37.123+0000] {standard_task_runner.py:88} INFO - Job 766: Subtask check_market_open
[2026-05-01T05:44:37.199+0000] {task_command.py:423} INFO - Running <TaskInstance: fetch_market_data.check_market_open scheduled__2026-05-01T05:15:00+00:00 [running]> on host reddit-pipeline-vm
[2026-05-01T05:44:37.318+0000] {taskinstance.py:2480} INFO - Exporting env vars: AIRFLOW_CTX_DAG_OWNER='pipeline' AIRFLOW_CTX_DAG_ID='fetch_market_data' AIRFLOW_CTX_TASK_ID='check_market_open' AIRFLOW_CTX_EXECUTION_DATE='2026-05-01T05:15:00+00:00' AIRFLOW_CTX_TRY_NUMBER='1' AIRFLOW_CTX_DAG_RUN_ID='scheduled__2026-05-01T05:15:00+00:00'
[2026-05-01T05:44:37.339+0000] {sensors.py:45} INFO - Market open check at 2026-05-01 01:44 ET: False
[2026-05-01T05:44:37.368+0000] {taskinstance.py:2658} INFO - Rescheduling task, marking task as UP_FOR_RESCHEDULE
[2026-05-01T05:44:37.416+0000] {local_task_job_runner.py:234} INFO - Task exited with return code 0
[2026-05-01T05:44:37.457+0000] {taskinstance.py:3280} INFO - 0 downstream tasks scheduled from follow-on schedule check
[2026-05-01T05:45:38.487+0000] {taskinstance.py:1956} INFO - Dependencies all met for dep_context=non-requeueable deps ti=<TaskInstance: fetch_market_data.check_market_open scheduled__2026-05-01T05:15:00+00:00 [queued]>
[2026-05-01T05:45:38.494+0000] {taskinstance.py:1956} INFO - Dependencies all met for dep_context=requeueable deps ti=<TaskInstance: fetch_market_data.check_market_open scheduled__2026-05-01T05:15:00+00:00 [queued]>
[2026-05-01T05:45:38.494+0000] {taskinstance.py:2170} INFO - Starting attempt 1 of 3
[2026-05-01T05:45:38.504+0000] {taskinstance.py:2191} INFO - Executing <Task(MarketOpenSensor): check_market_open> on 2026-05-01 05:15:00+00:00
[2026-05-01T05:45:38.510+0000] {standard_task_runner.py:60} INFO - Started process 667517 to run task
[2026-05-01T05:45:38.513+0000] {standard_task_runner.py:87} INFO - Running: ['airflow', 'tasks', 'run', 'fetch_market_data', 'check_market_open', 'scheduled__2026-05-01T05:15:00+00:00', '--job-id', '767', '--raw', '--subdir', 'DAGS_FOLDER/fetch_market_data.py', '--cfg-path', '/tmp/tmp7qq6oagp']
[2026-05-01T05:45:38.516+0000] {standard_task_runner.py:88} INFO - Job 767: Subtask check_market_open
[2026-05-01T05:45:38.590+0000] {task_command.py:423} INFO - Running <TaskInstance: fetch_market_data.check_market_open scheduled__2026-05-01T05:15:00+00:00 [running]> on host reddit-pipeline-vm
[2026-05-01T05:45:38.698+0000] {taskinstance.py:2480} INFO - Exporting env vars: AIRFLOW_CTX_DAG_OWNER='pipeline' AIRFLOW_CTX_DAG_ID='fetch_market_data' AIRFLOW_CTX_TASK_ID='check_market_open' AIRFLOW_CTX_EXECUTION_DATE='2026-05-01T05:15:00+00:00' AIRFLOW_CTX_TRY_NUMBER='1' AIRFLOW_CTX_DAG_RUN_ID='scheduled__2026-05-01T05:15:00+00:00'
[2026-05-01T05:45:38.715+0000] {sensors.py:45} INFO - Market open check at 2026-05-01 01:45 ET: False
[2026-05-01T05:45:38.741+0000] {taskinstance.py:2658} INFO - Rescheduling task, marking task as UP_FOR_RESCHEDULE
[2026-05-01T05:45:38.766+0000] {local_task_job_runner.py:234} INFO - Task exited with return code 0
[2026-05-01T05:45:38.805+0000] {taskinstance.py:3280} INFO - 0 downstream tasks scheduled from follow-on schedule check
[2026-05-01T05:46:40.166+0000] {taskinstance.py:1956} INFO - Dependencies all met for dep_context=non-requeueable deps ti=<TaskInstance: fetch_market_data.check_market_open scheduled__2026-05-01T05:15:00+00:00 [queued]>
[2026-05-01T05:46:40.174+0000] {taskinstance.py:1956} INFO - Dependencies all met for dep_context=requeueable deps ti=<TaskInstance: fetch_market_data.check_market_open scheduled__2026-05-01T05:15:00+00:00 [queued]>
[2026-05-01T05:46:40.174+0000] {taskinstance.py:2170} INFO - Starting attempt 1 of 3
[2026-05-01T05:46:40.184+0000] {taskinstance.py:2191} INFO - Executing <Task(MarketOpenSensor): check_market_open> on 2026-05-01 05:15:00+00:00
[2026-05-01T05:46:40.190+0000] {standard_task_runner.py:60} INFO - Started process 667589 to run task
[2026-05-01T05:46:40.193+0000] {standard_task_runner.py:87} INFO - Running: ['airflow', 'tasks', 'run', 'fetch_market_data', 'check_market_open', 'scheduled__2026-05-01T05:15:00+00:00', '--job-id', '768', '--raw', '--subdir', 'DAGS_FOLDER/fetch_market_data.py', '--cfg-path', '/tmp/tmpwztmdanr']
[2026-05-01T05:46:40.195+0000] {standard_task_runner.py:88} INFO - Job 768: Subtask check_market_open
[2026-05-01T05:46:40.274+0000] {task_command.py:423} INFO - Running <TaskInstance: fetch_market_data.check_market_open scheduled__2026-05-01T05:15:00+00:00 [running]> on host reddit-pipeline-vm
[2026-05-01T05:46:40.384+0000] {taskinstance.py:2480} INFO - Exporting env vars: AIRFLOW_CTX_DAG_OWNER='pipeline' AIRFLOW_CTX_DAG_ID='fetch_market_data' AIRFLOW_CTX_TASK_ID='check_market_open' AIRFLOW_CTX_EXECUTION_DATE='2026-05-01T05:15:00+00:00' AIRFLOW_CTX_TRY_NUMBER='1' AIRFLOW_CTX_DAG_RUN_ID='scheduled__2026-05-01T05:15:00+00:00'
[2026-05-01T05:46:40.402+0000] {sensors.py:45} INFO - Market open check at 2026-05-01 01:46 ET: False
[2026-05-01T05:46:40.428+0000] {taskinstance.py:2658} INFO - Rescheduling task, marking task as UP_FOR_RESCHEDULE
[2026-05-01T05:46:40.447+0000] {local_task_job_runner.py:234} INFO - Task exited with return code 0
[2026-05-01T05:46:40.487+0000] {taskinstance.py:3280} INFO - 0 downstream tasks scheduled from follow-on schedule check
[2026-05-01T05:47:41.740+0000] {taskinstance.py:1956} INFO - Dependencies all met for dep_context=non-requeueable deps ti=<TaskInstance: fetch_market_data.check_market_open scheduled__2026-05-01T05:15:00+00:00 [queued]>
[2026-05-01T05:47:41.748+0000] {taskinstance.py:1956} INFO - Dependencies all met for dep_context=requeueable deps ti=<TaskInstance: fetch_market_data.check_market_open scheduled__2026-05-01T05:15:00+00:00 [queued]>
[2026-05-01T05:47:41.748+0000] {taskinstance.py:2170} INFO - Starting attempt 1 of 3
[2026-05-01T05:47:41.758+0000] {taskinstance.py:2191} INFO - Executing <Task(MarketOpenSensor): check_market_open> on 2026-05-01 05:15:00+00:00
[2026-05-01T05:47:41.764+0000] {standard_task_runner.py:60} INFO - Started process 667656 to run task
[2026-05-01T05:47:41.767+0000] {standard_task_runner.py:87} INFO - Running: ['airflow', 'tasks', 'run', 'fetch_market_data', 'check_market_open', 'scheduled__2026-05-01T05:15:00+00:00', '--job-id', '769', '--raw', '--subdir', 'DAGS_FOLDER/fetch_market_data.py', '--cfg-path', '/tmp/tmpo9rkug1d']
[2026-05-01T05:47:41.769+0000] {standard_task_runner.py:88} INFO - Job 769: Subtask check_market_open
[2026-05-01T05:47:41.843+0000] {task_command.py:423} INFO - Running <TaskInstance: fetch_market_data.check_market_open scheduled__2026-05-01T05:15:00+00:00 [running]> on host reddit-pipeline-vm
[2026-05-01T05:47:41.950+0000] {taskinstance.py:2480} INFO - Exporting env vars: AIRFLOW_CTX_DAG_OWNER='pipeline' AIRFLOW_CTX_DAG_ID='fetch_market_data' AIRFLOW_CTX_TASK_ID='check_market_open' AIRFLOW_CTX_EXECUTION_DATE='2026-05-01T05:15:00+00:00' AIRFLOW_CTX_TRY_NUMBER='1' AIRFLOW_CTX_DAG_RUN_ID='scheduled__2026-05-01T05:15:00+00:00'
[2026-05-01T05:47:41.968+0000] {sensors.py:45} INFO - Market open check at 2026-05-01 01:47 ET: False
[2026-05-01T05:47:41.994+0000] {taskinstance.py:2658} INFO - Rescheduling task, marking task as UP_FOR_RESCHEDULE
[2026-05-01T05:47:42.020+0000] {local_task_job_runner.py:234} INFO - Task exited with return code 0
[2026-05-01T05:47:42.060+0000] {taskinstance.py:3280} INFO - 0 downstream tasks scheduled from follow-on schedule check
[2026-05-01T05:48:43.314+0000] {taskinstance.py:1956} INFO - Dependencies all met for dep_context=non-requeueable deps ti=<TaskInstance: fetch_market_data.check_market_open scheduled__2026-05-01T05:15:00+00:00 [queued]>
[2026-05-01T05:48:43.321+0000] {taskinstance.py:1956} INFO - Dependencies all met for dep_context=requeueable deps ti=<TaskInstance: fetch_market_data.check_market_open scheduled__2026-05-01T05:15:00+00:00 [queued]>
[2026-05-01T05:48:43.322+0000] {taskinstance.py:2170} INFO - Starting attempt 1 of 3
[2026-05-01T05:48:43.332+0000] {taskinstance.py:2191} INFO - Executing <Task(MarketOpenSensor): check_market_open> on 2026-05-01 05:15:00+00:00
[2026-05-01T05:48:43.338+0000] {standard_task_runner.py:60} INFO - Started process 667722 to run task
[2026-05-01T05:48:43.342+0000] {standard_task_runner.py:87} INFO - Running: ['airflow', 'tasks', 'run', 'fetch_market_data', 'check_market_open', 'scheduled__2026-05-01T05:15:00+00:00', '--job-id', '770', '--raw', '--subdir', 'DAGS_FOLDER/fetch_market_data.py', '--cfg-path', '/tmp/tmpxtndbnj8']
[2026-05-01T05:48:43.344+0000] {standard_task_runner.py:88} INFO - Job 770: Subtask check_market_open
[2026-05-01T05:48:43.420+0000] {task_command.py:423} INFO - Running <TaskInstance: fetch_market_data.check_market_open scheduled__2026-05-01T05:15:00+00:00 [running]> on host reddit-pipeline-vm
[2026-05-01T05:48:43.528+0000] {taskinstance.py:2480} INFO - Exporting env vars: AIRFLOW_CTX_DAG_OWNER='pipeline' AIRFLOW_CTX_DAG_ID='fetch_market_data' AIRFLOW_CTX_TASK_ID='check_market_open' AIRFLOW_CTX_EXECUTION_DATE='2026-05-01T05:15:00+00:00' AIRFLOW_CTX_TRY_NUMBER='1' AIRFLOW_CTX_DAG_RUN_ID='scheduled__2026-05-01T05:15:00+00:00'
[2026-05-01T05:48:43.546+0000] {sensors.py:45} INFO - Market open check at 2026-05-01 01:48 ET: False
[2026-05-01T05:48:43.573+0000] {taskinstance.py:2658} INFO - Rescheduling task, marking task as UP_FOR_RESCHEDULE
[2026-05-01T05:48:43.596+0000] {local_task_job_runner.py:234} INFO - Task exited with return code 0
[2026-05-01T05:48:43.636+0000] {taskinstance.py:3280} INFO - 0 downstream tasks scheduled from follow-on schedule check
[2026-05-01T05:49:44.352+0000] {taskinstance.py:1956} INFO - Dependencies all met for dep_context=non-requeueable deps ti=<TaskInstance: fetch_market_data.check_market_open scheduled__2026-05-01T05:15:00+00:00 [queued]>
[2026-05-01T05:49:44.359+0000] {taskinstance.py:1956} INFO - Dependencies all met for dep_context=requeueable deps ti=<TaskInstance: fetch_market_data.check_market_open scheduled__2026-05-01T05:15:00+00:00 [queued]>
[2026-05-01T05:49:44.359+0000] {taskinstance.py:2170} INFO - Starting attempt 1 of 3
[2026-05-01T05:49:44.369+0000] {taskinstance.py:2191} INFO - Executing <Task(MarketOpenSensor): check_market_open> on 2026-05-01 05:15:00+00:00
[2026-05-01T05:49:44.376+0000] {standard_task_runner.py:60} INFO - Started process 667793 to run task
[2026-05-01T05:49:44.379+0000] {standard_task_runner.py:87} INFO - Running: ['airflow', 'tasks', 'run', 'fetch_market_data', 'check_market_open', 'scheduled__2026-05-01T05:15:00+00:00', '--job-id', '771', '--raw', '--subdir', 'DAGS_FOLDER/fetch_market_data.py', '--cfg-path', '/tmp/tmph7usnl0o']
[2026-05-01T05:49:44.381+0000] {standard_task_runner.py:88} INFO - Job 771: Subtask check_market_open
[2026-05-01T05:49:44.457+0000] {task_command.py:423} INFO - Running <TaskInstance: fetch_market_data.check_market_open scheduled__2026-05-01T05:15:00+00:00 [running]> on host reddit-pipeline-vm
[2026-05-01T05:49:44.564+0000] {taskinstance.py:2480} INFO - Exporting env vars: AIRFLOW_CTX_DAG_OWNER='pipeline' AIRFLOW_CTX_DAG_ID='fetch_market_data' AIRFLOW_CTX_TASK_ID='check_market_open' AIRFLOW_CTX_EXECUTION_DATE='2026-05-01T05:15:00+00:00' AIRFLOW_CTX_TRY_NUMBER='1' AIRFLOW_CTX_DAG_RUN_ID='scheduled__2026-05-01T05:15:00+00:00'
[2026-05-01T05:49:44.582+0000] {sensors.py:45} INFO - Market open check at 2026-05-01 01:49 ET: False
[2026-05-01T05:49:44.608+0000] {taskinstance.py:2658} INFO - Rescheduling task, marking task as UP_FOR_RESCHEDULE
[2026-05-01T05:49:44.633+0000] {local_task_job_runner.py:234} INFO - Task exited with return code 0
[2026-05-01T05:49:44.673+0000] {taskinstance.py:3280} INFO - 0 downstream tasks scheduled from follow-on schedule check
[2026-05-01T05:50:45.563+0000] {taskinstance.py:1956} INFO - Dependencies all met for dep_context=non-requeueable deps ti=<TaskInstance: fetch_market_data.check_market_open scheduled__2026-05-01T05:15:00+00:00 [queued]>
[2026-05-01T05:50:45.571+0000] {taskinstance.py:1956} INFO - Dependencies all met for dep_context=requeueable deps ti=<TaskInstance: fetch_market_data.check_market_open scheduled__2026-05-01T05:15:00+00:00 [queued]>
[2026-05-01T05:50:45.571+0000] {taskinstance.py:2170} INFO - Starting attempt 1 of 3
[2026-05-01T05:50:45.581+0000] {taskinstance.py:2191} INFO - Executing <Task(MarketOpenSensor): check_market_open> on 2026-05-01 05:15:00+00:00
[2026-05-01T05:50:45.588+0000] {standard_task_runner.py:60} INFO - Started process 667859 to run task
[2026-05-01T05:50:45.591+0000] {standard_task_runner.py:87} INFO - Running: ['airflow', 'tasks', 'run', 'fetch_market_data', 'check_market_open', 'scheduled__2026-05-01T05:15:00+00:00', '--job-id', '772', '--raw', '--subdir', 'DAGS_FOLDER/fetch_market_data.py', '--cfg-path', '/tmp/tmpzkkebug0']
[2026-05-01T05:50:45.593+0000] {standard_task_runner.py:88} INFO - Job 772: Subtask check_market_open
[2026-05-01T05:50:45.668+0000] {task_command.py:423} INFO - Running <TaskInstance: fetch_market_data.check_market_open scheduled__2026-05-01T05:15:00+00:00 [running]> on host reddit-pipeline-vm
[2026-05-01T05:50:45.785+0000] {taskinstance.py:2480} INFO - Exporting env vars: AIRFLOW_CTX_DAG_OWNER='pipeline' AIRFLOW_CTX_DAG_ID='fetch_market_data' AIRFLOW_CTX_TASK_ID='check_market_open' AIRFLOW_CTX_EXECUTION_DATE='2026-05-01T05:15:00+00:00' AIRFLOW_CTX_TRY_NUMBER='1' AIRFLOW_CTX_DAG_RUN_ID='scheduled__2026-05-01T05:15:00+00:00'
[2026-05-01T05:50:45.803+0000] {sensors.py:45} INFO - Market open check at 2026-05-01 01:50 ET: False
[2026-05-01T05:50:45.831+0000] {taskinstance.py:2658} INFO - Rescheduling task, marking task as UP_FOR_RESCHEDULE
[2026-05-01T05:50:45.845+0000] {local_task_job_runner.py:234} INFO - Task exited with return code 0
[2026-05-01T05:50:45.886+0000] {taskinstance.py:3280} INFO - 0 downstream tasks scheduled from follow-on schedule check
[2026-05-01T05:51:46.759+0000] {taskinstance.py:1956} INFO - Dependencies all met for dep_context=non-requeueable deps ti=<TaskInstance: fetch_market_data.check_market_open scheduled__2026-05-01T05:15:00+00:00 [queued]>
[2026-05-01T05:51:46.766+0000] {taskinstance.py:1956} INFO - Dependencies all met for dep_context=requeueable deps ti=<TaskInstance: fetch_market_data.check_market_open scheduled__2026-05-01T05:15:00+00:00 [queued]>
[2026-05-01T05:51:46.766+0000] {taskinstance.py:2170} INFO - Starting attempt 1 of 3
[2026-05-01T05:51:46.776+0000] {taskinstance.py:2191} INFO - Executing <Task(MarketOpenSensor): check_market_open> on 2026-05-01 05:15:00+00:00
[2026-05-01T05:51:46.782+0000] {standard_task_runner.py:60} INFO - Started process 667929 to run task
[2026-05-01T05:51:46.786+0000] {standard_task_runner.py:87} INFO - Running: ['airflow', 'tasks', 'run', 'fetch_market_data', 'check_market_open', 'scheduled__2026-05-01T05:15:00+00:00', '--job-id', '773', '--raw', '--subdir', 'DAGS_FOLDER/fetch_market_data.py', '--cfg-path', '/tmp/tmp111qbvmz']
[2026-05-01T05:51:46.788+0000] {standard_task_runner.py:88} INFO - Job 773: Subtask check_market_open
[2026-05-01T05:51:46.863+0000] {task_command.py:423} INFO - Running <TaskInstance: fetch_market_data.check_market_open scheduled__2026-05-01T05:15:00+00:00 [running]> on host reddit-pipeline-vm
[2026-05-01T05:51:46.972+0000] {taskinstance.py:2480} INFO - Exporting env vars: AIRFLOW_CTX_DAG_OWNER='pipeline' AIRFLOW_CTX_DAG_ID='fetch_market_data' AIRFLOW_CTX_TASK_ID='check_market_open' AIRFLOW_CTX_EXECUTION_DATE='2026-05-01T05:15:00+00:00' AIRFLOW_CTX_TRY_NUMBER='1' AIRFLOW_CTX_DAG_RUN_ID='scheduled__2026-05-01T05:15:00+00:00'
[2026-05-01T05:51:46.989+0000] {sensors.py:45} INFO - Market open check at 2026-05-01 01:51 ET: False
[2026-05-01T05:51:47.015+0000] {taskinstance.py:2658} INFO - Rescheduling task, marking task as UP_FOR_RESCHEDULE
[2026-05-01T05:51:47.038+0000] {local_task_job_runner.py:234} INFO - Task exited with return code 0
[2026-05-01T05:51:47.080+0000] {taskinstance.py:3280} INFO - 0 downstream tasks scheduled from follow-on schedule check
[2026-05-01T05:52:48.475+0000] {taskinstance.py:1956} INFO - Dependencies all met for dep_context=non-requeueable deps ti=<TaskInstance: fetch_market_data.check_market_open scheduled__2026-05-01T05:15:00+00:00 [queued]>
[2026-05-01T05:52:48.483+0000] {taskinstance.py:1956} INFO - Dependencies all met for dep_context=requeueable deps ti=<TaskInstance: fetch_market_data.check_market_open scheduled__2026-05-01T05:15:00+00:00 [queued]>
[2026-05-01T05:52:48.483+0000] {taskinstance.py:2170} INFO - Starting attempt 1 of 3
[2026-05-01T05:52:48.493+0000] {taskinstance.py:2191} INFO - Executing <Task(MarketOpenSensor): check_market_open> on 2026-05-01 05:15:00+00:00
[2026-05-01T05:52:48.500+0000] {standard_task_runner.py:60} INFO - Started process 668007 to run task
[2026-05-01T05:52:48.503+0000] {standard_task_runner.py:87} INFO - Running: ['airflow', 'tasks', 'run', 'fetch_market_data', 'check_market_open', 'scheduled__2026-05-01T05:15:00+00:00', '--job-id', '774', '--raw', '--subdir', 'DAGS_FOLDER/fetch_market_data.py', '--cfg-path', '/tmp/tmpryel2sfz']
[2026-05-01T05:52:48.505+0000] {standard_task_runner.py:88} INFO - Job 774: Subtask check_market_open
[2026-05-01T05:52:48.581+0000] {task_command.py:423} INFO - Running <TaskInstance: fetch_market_data.check_market_open scheduled__2026-05-01T05:15:00+00:00 [running]> on host reddit-pipeline-vm
[2026-05-01T05:52:48.691+0000] {taskinstance.py:2480} INFO - Exporting env vars: AIRFLOW_CTX_DAG_OWNER='pipeline' AIRFLOW_CTX_DAG_ID='fetch_market_data' AIRFLOW_CTX_TASK_ID='check_market_open' AIRFLOW_CTX_EXECUTION_DATE='2026-05-01T05:15:00+00:00' AIRFLOW_CTX_TRY_NUMBER='1' AIRFLOW_CTX_DAG_RUN_ID='scheduled__2026-05-01T05:15:00+00:00'
[2026-05-01T05:52:48.709+0000] {sensors.py:45} INFO - Market open check at 2026-05-01 01:52 ET: False
[2026-05-01T05:52:48.735+0000] {taskinstance.py:2658} INFO - Rescheduling task, marking task as UP_FOR_RESCHEDULE
[2026-05-01T05:52:48.756+0000] {local_task_job_runner.py:234} INFO - Task exited with return code 0
[2026-05-01T05:52:48.797+0000] {taskinstance.py:3280} INFO - 0 downstream tasks scheduled from follow-on schedule check
[2026-05-01T05:53:50.008+0000] {taskinstance.py:1956} INFO - Dependencies all met for dep_context=non-requeueable deps ti=<TaskInstance: fetch_market_data.check_market_open scheduled__2026-05-01T05:15:00+00:00 [queued]>
[2026-05-01T05:53:50.015+0000] {taskinstance.py:1956} INFO - Dependencies all met for dep_context=requeueable deps ti=<TaskInstance: fetch_market_data.check_market_open scheduled__2026-05-01T05:15:00+00:00 [queued]>
[2026-05-01T05:53:50.016+0000] {taskinstance.py:2170} INFO - Starting attempt 1 of 3
[2026-05-01T05:53:50.025+0000] {taskinstance.py:2191} INFO - Executing <Task(MarketOpenSensor): check_market_open> on 2026-05-01 05:15:00+00:00
[2026-05-01T05:53:50.032+0000] {standard_task_runner.py:60} INFO - Started process 668075 to run task
[2026-05-01T05:53:50.035+0000] {standard_task_runner.py:87} INFO - Running: ['airflow', 'tasks', 'run', 'fetch_market_data', 'check_market_open', 'scheduled__2026-05-01T05:15:00+00:00', '--job-id', '775', '--raw', '--subdir', 'DAGS_FOLDER/fetch_market_data.py', '--cfg-path', '/tmp/tmpv15e55f3']
[2026-05-01T05:53:50.037+0000] {standard_task_runner.py:88} INFO - Job 775: Subtask check_market_open
[2026-05-01T05:53:50.114+0000] {task_command.py:423} INFO - Running <TaskInstance: fetch_market_data.check_market_open scheduled__2026-05-01T05:15:00+00:00 [running]> on host reddit-pipeline-vm
[2026-05-01T05:53:50.223+0000] {taskinstance.py:2480} INFO - Exporting env vars: AIRFLOW_CTX_DAG_OWNER='pipeline' AIRFLOW_CTX_DAG_ID='fetch_market_data' AIRFLOW_CTX_TASK_ID='check_market_open' AIRFLOW_CTX_EXECUTION_DATE='2026-05-01T05:15:00+00:00' AIRFLOW_CTX_TRY_NUMBER='1' AIRFLOW_CTX_DAG_RUN_ID='scheduled__2026-05-01T05:15:00+00:00'
[2026-05-01T05:53:50.241+0000] {sensors.py:45} INFO - Market open check at 2026-05-01 01:53 ET: False
[2026-05-01T05:53:50.267+0000] {taskinstance.py:2658} INFO - Rescheduling task, marking task as UP_FOR_RESCHEDULE
[2026-05-01T05:53:50.288+0000] {local_task_job_runner.py:234} INFO - Task exited with return code 0
[2026-05-01T05:53:50.328+0000] {taskinstance.py:3280} INFO - 0 downstream tasks scheduled from follow-on schedule check
[2026-05-01T05:54:51.578+0000] {taskinstance.py:1956} INFO - Dependencies all met for dep_context=non-requeueable deps ti=<TaskInstance: fetch_market_data.check_market_open scheduled__2026-05-01T05:15:00+00:00 [queued]>
[2026-05-01T05:54:51.585+0000] {taskinstance.py:1956} INFO - Dependencies all met for dep_context=requeueable deps ti=<TaskInstance: fetch_market_data.check_market_open scheduled__2026-05-01T05:15:00+00:00 [queued]>
[2026-05-01T05:54:51.585+0000] {taskinstance.py:2170} INFO - Starting attempt 1 of 3
[2026-05-01T05:54:51.595+0000] {taskinstance.py:2191} INFO - Executing <Task(MarketOpenSensor): check_market_open> on 2026-05-01 05:15:00+00:00
[2026-05-01T05:54:51.601+0000] {standard_task_runner.py:60} INFO - Started process 668147 to run task
[2026-05-01T05:54:51.605+0000] {standard_task_runner.py:87} INFO - Running: ['airflow', 'tasks', 'run', 'fetch_market_data', 'check_market_open', 'scheduled__2026-05-01T05:15:00+00:00', '--job-id', '776', '--raw', '--subdir', 'DAGS_FOLDER/fetch_market_data.py', '--cfg-path', '/tmp/tmpowgysxe7']
[2026-05-01T05:54:51.607+0000] {standard_task_runner.py:88} INFO - Job 776: Subtask check_market_open
[2026-05-01T05:54:51.682+0000] {task_command.py:423} INFO - Running <TaskInstance: fetch_market_data.check_market_open scheduled__2026-05-01T05:15:00+00:00 [running]> on host reddit-pipeline-vm
[2026-05-01T05:54:51.790+0000] {taskinstance.py:2480} INFO - Exporting env vars: AIRFLOW_CTX_DAG_OWNER='pipeline' AIRFLOW_CTX_DAG_ID='fetch_market_data' AIRFLOW_CTX_TASK_ID='check_market_open' AIRFLOW_CTX_EXECUTION_DATE='2026-05-01T05:15:00+00:00' AIRFLOW_CTX_TRY_NUMBER='1' AIRFLOW_CTX_DAG_RUN_ID='scheduled__2026-05-01T05:15:00+00:00'
[2026-05-01T05:54:51.807+0000] {sensors.py:45} INFO - Market open check at 2026-05-01 01:54 ET: False
[2026-05-01T05:54:51.833+0000] {taskinstance.py:2658} INFO - Rescheduling task, marking task as UP_FOR_RESCHEDULE
[2026-05-01T05:54:51.859+0000] {local_task_job_runner.py:234} INFO - Task exited with return code 0
[2026-05-01T05:54:51.899+0000] {taskinstance.py:3280} INFO - 0 downstream tasks scheduled from follow-on schedule check
[2026-05-01T05:55:53.159+0000] {taskinstance.py:1956} INFO - Dependencies all met for dep_context=non-requeueable deps ti=<TaskInstance: fetch_market_data.check_market_open scheduled__2026-05-01T05:15:00+00:00 [queued]>
[2026-05-01T05:55:53.167+0000] {taskinstance.py:1956} INFO - Dependencies all met for dep_context=requeueable deps ti=<TaskInstance: fetch_market_data.check_market_open scheduled__2026-05-01T05:15:00+00:00 [queued]>
[2026-05-01T05:55:53.167+0000] {taskinstance.py:2170} INFO - Starting attempt 1 of 3
[2026-05-01T05:55:53.177+0000] {taskinstance.py:2191} INFO - Executing <Task(MarketOpenSensor): check_market_open> on 2026-05-01 05:15:00+00:00
[2026-05-01T05:55:53.183+0000] {standard_task_runner.py:60} INFO - Started process 668214 to run task
[2026-05-01T05:55:53.186+0000] {standard_task_runner.py:87} INFO - Running: ['airflow', 'tasks', 'run', 'fetch_market_data', 'check_market_open', 'scheduled__2026-05-01T05:15:00+00:00', '--job-id', '777', '--raw', '--subdir', 'DAGS_FOLDER/fetch_market_data.py', '--cfg-path', '/tmp/tmphrnc21li']
[2026-05-01T05:55:53.188+0000] {standard_task_runner.py:88} INFO - Job 777: Subtask check_market_open
[2026-05-01T05:55:53.266+0000] {task_command.py:423} INFO - Running <TaskInstance: fetch_market_data.check_market_open scheduled__2026-05-01T05:15:00+00:00 [running]> on host reddit-pipeline-vm
[2026-05-01T05:55:53.373+0000] {taskinstance.py:2480} INFO - Exporting env vars: AIRFLOW_CTX_DAG_OWNER='pipeline' AIRFLOW_CTX_DAG_ID='fetch_market_data' AIRFLOW_CTX_TASK_ID='check_market_open' AIRFLOW_CTX_EXECUTION_DATE='2026-05-01T05:15:00+00:00' AIRFLOW_CTX_TRY_NUMBER='1' AIRFLOW_CTX_DAG_RUN_ID='scheduled__2026-05-01T05:15:00+00:00'
[2026-05-01T05:55:53.391+0000] {sensors.py:45} INFO - Market open check at 2026-05-01 01:55 ET: False
[2026-05-01T05:55:53.417+0000] {taskinstance.py:2658} INFO - Rescheduling task, marking task as UP_FOR_RESCHEDULE
[2026-05-01T05:55:53.442+0000] {local_task_job_runner.py:234} INFO - Task exited with return code 0
[2026-05-01T05:55:53.484+0000] {taskinstance.py:3280} INFO - 0 downstream tasks scheduled from follow-on schedule check
[2026-05-01T05:56:54.531+0000] {taskinstance.py:1956} INFO - Dependencies all met for dep_context=non-requeueable deps ti=<TaskInstance: fetch_market_data.check_market_open scheduled__2026-05-01T05:15:00+00:00 [queued]>
[2026-05-01T05:56:54.538+0000] {taskinstance.py:1956} INFO - Dependencies all met for dep_context=requeueable deps ti=<TaskInstance: fetch_market_data.check_market_open scheduled__2026-05-01T05:15:00+00:00 [queued]>
[2026-05-01T05:56:54.538+0000] {taskinstance.py:2170} INFO - Starting attempt 1 of 3
[2026-05-01T05:56:54.548+0000] {taskinstance.py:2191} INFO - Executing <Task(MarketOpenSensor): check_market_open> on 2026-05-01 05:15:00+00:00
[2026-05-01T05:56:54.555+0000] {standard_task_runner.py:60} INFO - Started process 668423 to run task
[2026-05-01T05:56:54.558+0000] {standard_task_runner.py:87} INFO - Running: ['airflow', 'tasks', 'run', 'fetch_market_data', 'check_market_open', 'scheduled__2026-05-01T05:15:00+00:00', '--job-id', '778', '--raw', '--subdir', 'DAGS_FOLDER/fetch_market_data.py', '--cfg-path', '/tmp/tmpixysmth5']
[2026-05-01T05:56:54.560+0000] {standard_task_runner.py:88} INFO - Job 778: Subtask check_market_open
[2026-05-01T05:56:54.637+0000] {task_command.py:423} INFO - Running <TaskInstance: fetch_market_data.check_market_open scheduled__2026-05-01T05:15:00+00:00 [running]> on host reddit-pipeline-vm
[2026-05-01T05:56:54.752+0000] {taskinstance.py:2480} INFO - Exporting env vars: AIRFLOW_CTX_DAG_OWNER='pipeline' AIRFLOW_CTX_DAG_ID='fetch_market_data' AIRFLOW_CTX_TASK_ID='check_market_open' AIRFLOW_CTX_EXECUTION_DATE='2026-05-01T05:15:00+00:00' AIRFLOW_CTX_TRY_NUMBER='1' AIRFLOW_CTX_DAG_RUN_ID='scheduled__2026-05-01T05:15:00+00:00'
[2026-05-01T05:56:54.771+0000] {sensors.py:45} INFO - Market open check at 2026-05-01 01:56 ET: False
[2026-05-01T05:56:54.800+0000] {taskinstance.py:2658} INFO - Rescheduling task, marking task as UP_FOR_RESCHEDULE
[2026-05-01T05:56:54.812+0000] {local_task_job_runner.py:234} INFO - Task exited with return code 0
[2026-05-01T05:56:54.852+0000] {taskinstance.py:3280} INFO - 0 downstream tasks scheduled from follow-on schedule check
[2026-05-01T05:57:55.575+0000] {taskinstance.py:1956} INFO - Dependencies all met for dep_context=non-requeueable deps ti=<TaskInstance: fetch_market_data.check_market_open scheduled__2026-05-01T05:15:00+00:00 [queued]>
[2026-05-01T05:57:55.583+0000] {taskinstance.py:1956} INFO - Dependencies all met for dep_context=requeueable deps ti=<TaskInstance: fetch_market_data.check_market_open scheduled__2026-05-01T05:15:00+00:00 [queued]>
[2026-05-01T05:57:55.583+0000] {taskinstance.py:2170} INFO - Starting attempt 1 of 3
[2026-05-01T05:57:55.593+0000] {taskinstance.py:2191} INFO - Executing <Task(MarketOpenSensor): check_market_open> on 2026-05-01 05:15:00+00:00
[2026-05-01T05:57:55.599+0000] {standard_task_runner.py:60} INFO - Started process 668514 to run task
[2026-05-01T05:57:55.603+0000] {standard_task_runner.py:87} INFO - Running: ['airflow', 'tasks', 'run', 'fetch_market_data', 'check_market_open', 'scheduled__2026-05-01T05:15:00+00:00', '--job-id', '779', '--raw', '--subdir', 'DAGS_FOLDER/fetch_market_data.py', '--cfg-path', '/tmp/tmp_p0n2p6g']
[2026-05-01T05:57:55.605+0000] {standard_task_runner.py:88} INFO - Job 779: Subtask check_market_open
[2026-05-01T05:57:55.680+0000] {task_command.py:423} INFO - Running <TaskInstance: fetch_market_data.check_market_open scheduled__2026-05-01T05:15:00+00:00 [running]> on host reddit-pipeline-vm
[2026-05-01T05:57:55.787+0000] {taskinstance.py:2480} INFO - Exporting env vars: AIRFLOW_CTX_DAG_OWNER='pipeline' AIRFLOW_CTX_DAG_ID='fetch_market_data' AIRFLOW_CTX_TASK_ID='check_market_open' AIRFLOW_CTX_EXECUTION_DATE='2026-05-01T05:15:00+00:00' AIRFLOW_CTX_TRY_NUMBER='1' AIRFLOW_CTX_DAG_RUN_ID='scheduled__2026-05-01T05:15:00+00:00'
[2026-05-01T05:57:55.805+0000] {sensors.py:45} INFO - Market open check at 2026-05-01 01:57 ET: False
[2026-05-01T05:57:55.831+0000] {taskinstance.py:2658} INFO - Rescheduling task, marking task as UP_FOR_RESCHEDULE
[2026-05-01T05:57:55.855+0000] {local_task_job_runner.py:234} INFO - Task exited with return code 0
[2026-05-01T05:57:55.895+0000] {taskinstance.py:3280} INFO - 0 downstream tasks scheduled from follow-on schedule check
[2026-05-01T05:58:56.876+0000] {taskinstance.py:1956} INFO - Dependencies all met for dep_context=non-requeueable deps ti=<TaskInstance: fetch_market_data.check_market_open scheduled__2026-05-01T05:15:00+00:00 [queued]>
[2026-05-01T05:58:56.884+0000] {taskinstance.py:1956} INFO - Dependencies all met for dep_context=requeueable deps ti=<TaskInstance: fetch_market_data.check_market_open scheduled__2026-05-01T05:15:00+00:00 [queued]>
[2026-05-01T05:58:56.884+0000] {taskinstance.py:2170} INFO - Starting attempt 1 of 3
[2026-05-01T05:58:56.894+0000] {taskinstance.py:2191} INFO - Executing <Task(MarketOpenSensor): check_market_open> on 2026-05-01 05:15:00+00:00
[2026-05-01T05:58:56.900+0000] {standard_task_runner.py:60} INFO - Started process 668580 to run task
[2026-05-01T05:58:56.903+0000] {standard_task_runner.py:87} INFO - Running: ['airflow', 'tasks', 'run', 'fetch_market_data', 'check_market_open', 'scheduled__2026-05-01T05:15:00+00:00', '--job-id', '780', '--raw', '--subdir', 'DAGS_FOLDER/fetch_market_data.py', '--cfg-path', '/tmp/tmpm2s_a5f_']
[2026-05-01T05:58:56.905+0000] {standard_task_runner.py:88} INFO - Job 780: Subtask check_market_open
[2026-05-01T05:58:56.981+0000] {task_command.py:423} INFO - Running <TaskInstance: fetch_market_data.check_market_open scheduled__2026-05-01T05:15:00+00:00 [running]> on host reddit-pipeline-vm
[2026-05-01T05:58:57.090+0000] {taskinstance.py:2480} INFO - Exporting env vars: AIRFLOW_CTX_DAG_OWNER='pipeline' AIRFLOW_CTX_DAG_ID='fetch_market_data' AIRFLOW_CTX_TASK_ID='check_market_open' AIRFLOW_CTX_EXECUTION_DATE='2026-05-01T05:15:00+00:00' AIRFLOW_CTX_TRY_NUMBER='1' AIRFLOW_CTX_DAG_RUN_ID='scheduled__2026-05-01T05:15:00+00:00'
[2026-05-01T05:58:57.108+0000] {sensors.py:45} INFO - Market open check at 2026-05-01 01:58 ET: False
[2026-05-01T05:58:57.134+0000] {taskinstance.py:2658} INFO - Rescheduling task, marking task as UP_FOR_RESCHEDULE
[2026-05-01T05:58:57.156+0000] {local_task_job_runner.py:234} INFO - Task exited with return code 0
[2026-05-01T05:58:57.196+0000] {taskinstance.py:3280} INFO - 0 downstream tasks scheduled from follow-on schedule check
[2026-05-01T05:59:58.219+0000] {taskinstance.py:1956} INFO - Dependencies all met for dep_context=non-requeueable deps ti=<TaskInstance: fetch_market_data.check_market_open scheduled__2026-05-01T05:15:00+00:00 [queued]>
[2026-05-01T05:59:58.226+0000] {taskinstance.py:1956} INFO - Dependencies all met for dep_context=requeueable deps ti=<TaskInstance: fetch_market_data.check_market_open scheduled__2026-05-01T05:15:00+00:00 [queued]>
[2026-05-01T05:59:58.226+0000] {taskinstance.py:2170} INFO - Starting attempt 1 of 3
[2026-05-01T05:59:58.236+0000] {taskinstance.py:2191} INFO - Executing <Task(MarketOpenSensor): check_market_open> on 2026-05-01 05:15:00+00:00
[2026-05-01T05:59:58.243+0000] {standard_task_runner.py:60} INFO - Started process 668651 to run task
[2026-05-01T05:59:58.246+0000] {standard_task_runner.py:87} INFO - Running: ['airflow', 'tasks', 'run', 'fetch_market_data', 'check_market_open', 'scheduled__2026-05-01T05:15:00+00:00', '--job-id', '781', '--raw', '--subdir', 'DAGS_FOLDER/fetch_market_data.py', '--cfg-path', '/tmp/tmp8pdpch2p']
[2026-05-01T05:59:58.248+0000] {standard_task_runner.py:88} INFO - Job 781: Subtask check_market_open
[2026-05-01T05:59:58.322+0000] {task_command.py:423} INFO - Running <TaskInstance: fetch_market_data.check_market_open scheduled__2026-05-01T05:15:00+00:00 [running]> on host reddit-pipeline-vm
[2026-05-01T05:59:58.430+0000] {taskinstance.py:2480} INFO - Exporting env vars: AIRFLOW_CTX_DAG_OWNER='pipeline' AIRFLOW_CTX_DAG_ID='fetch_market_data' AIRFLOW_CTX_TASK_ID='check_market_open' AIRFLOW_CTX_EXECUTION_DATE='2026-05-01T05:15:00+00:00' AIRFLOW_CTX_TRY_NUMBER='1' AIRFLOW_CTX_DAG_RUN_ID='scheduled__2026-05-01T05:15:00+00:00'
[2026-05-01T05:59:58.448+0000] {sensors.py:45} INFO - Market open check at 2026-05-01 01:59 ET: False
[2026-05-01T05:59:58.448+0000] {taskinstance.py:2698} ERROR - Task failed with exception
Traceback (most recent call last):
  File "/home/ubuntu/github_repo/Stock-Market-Intelligence-Pipeline/venv/lib/python3.11/site-packages/airflow/models/taskinstance.py", line 433, in _execute_task
    result = execute_callable(context=context, **execute_callable_kwargs)
             ^^^^^^^^^^^^^^^^^^^^^^^^^^^^^^^^^^^^^^^^^^^^^^^^^^^^^^^^^^^^
  File "/home/ubuntu/github_repo/Stock-Market-Intelligence-Pipeline/venv/lib/python3.11/site-packages/airflow/sensors/base.py", line 282, in execute
    raise AirflowSensorTimeout(message)
airflow.exceptions.AirflowSensorTimeout: Sensor has timed out; run duration of 921.212214 seconds exceeds the specified timeout of 900.0.
[2026-05-01T05:59:58.466+0000] {taskinstance.py:1138} INFO - Immediate failure requested. Marking task as FAILED. dag_id=fetch_market_data, task_id=check_market_open, execution_date=20260501T051500, start_date=20260501T055958, end_date=20260501T055958
[2026-05-01T05:59:58.475+0000] {standard_task_runner.py:107} ERROR - Failed to execute job 781 for task check_market_open (Sensor has timed out; run duration of 921.212214 seconds exceeds the specified timeout of 900.0.; 668651)
[2026-05-01T05:59:58.499+0000] {local_task_job_runner.py:234} INFO - Task exited with return code 1
[2026-05-01T05:59:58.547+0000] {taskinstance.py:3280} INFO - 0 downstream tasks scheduled from follow-on schedule check
