[2026-05-01T05:29:14.759+0000] {taskinstance.py:1956} INFO - Dependencies all met for dep_context=non-requeueable deps ti=<TaskInstance: fetch_market_data.check_market_open scheduled__2026-05-01T05:00:00+00:00 [queued]>
[2026-05-01T05:29:14.766+0000] {taskinstance.py:1956} INFO - Dependencies all met for dep_context=requeueable deps ti=<TaskInstance: fetch_market_data.check_market_open scheduled__2026-05-01T05:00:00+00:00 [queued]>
[2026-05-01T05:29:14.766+0000] {taskinstance.py:2170} INFO - Starting attempt 1 of 3
[2026-05-01T05:29:14.776+0000] {taskinstance.py:2191} INFO - Executing <Task(MarketOpenSensor): check_market_open> on 2026-05-01 05:00:00+00:00
[2026-05-01T05:29:14.782+0000] {standard_task_runner.py:60} INFO - Started process 666386 to run task
[2026-05-01T05:29:14.785+0000] {standard_task_runner.py:87} INFO - Running: ['airflow', 'tasks', 'run', 'fetch_market_data', 'check_market_open', 'scheduled__2026-05-01T05:00:00+00:00', '--job-id', '750', '--raw', '--subdir', 'DAGS_FOLDER/fetch_market_data.py', '--cfg-path', '/tmp/tmpjiztnkre']
[2026-05-01T05:29:14.787+0000] {standard_task_runner.py:88} INFO - Job 750: Subtask check_market_open
[2026-05-01T05:29:14.863+0000] {task_command.py:423} INFO - Running <TaskInstance: fetch_market_data.check_market_open scheduled__2026-05-01T05:00:00+00:00 [running]> on host reddit-pipeline-vm
[2026-05-01T05:29:14.976+0000] {taskinstance.py:2480} INFO - Exporting env vars: AIRFLOW_CTX_DAG_OWNER='pipeline' AIRFLOW_CTX_DAG_ID='fetch_market_data' AIRFLOW_CTX_TASK_ID='check_market_open' AIRFLOW_CTX_EXECUTION_DATE='2026-05-01T05:00:00+00:00' AIRFLOW_CTX_TRY_NUMBER='1' AIRFLOW_CTX_DAG_RUN_ID='scheduled__2026-05-01T05:00:00+00:00'
[2026-05-01T05:29:14.994+0000] {sensors.py:45} INFO - Market open check at 2026-05-01 01:29 ET: False
[2026-05-01T05:29:15.020+0000] {taskinstance.py:2658} INFO - Rescheduling task, marking task as UP_FOR_RESCHEDULE
[2026-05-01T05:29:15.039+0000] {local_task_job_runner.py:234} INFO - Task exited with return code 0
[2026-05-01T05:29:15.079+0000] {taskinstance.py:3280} INFO - 0 downstream tasks scheduled from follow-on schedule check
[2026-05-01T05:30:16.342+0000] {taskinstance.py:1956} INFO - Dependencies all met for dep_context=non-requeueable deps ti=<TaskInstance: fetch_market_data.check_market_open scheduled__2026-05-01T05:00:00+00:00 [queued]>
[2026-05-01T05:30:16.350+0000] {taskinstance.py:1956} INFO - Dependencies all met for dep_context=requeueable deps ti=<TaskInstance: fetch_market_data.check_market_open scheduled__2026-05-01T05:00:00+00:00 [queued]>
[2026-05-01T05:30:16.350+0000] {taskinstance.py:2170} INFO - Starting attempt 1 of 3
[2026-05-01T05:30:16.360+0000] {taskinstance.py:2191} INFO - Executing <Task(MarketOpenSensor): check_market_open> on 2026-05-01 05:00:00+00:00
[2026-05-01T05:30:16.366+0000] {standard_task_runner.py:60} INFO - Started process 666457 to run task
[2026-05-01T05:30:16.369+0000] {standard_task_runner.py:87} INFO - Running: ['airflow', 'tasks', 'run', 'fetch_market_data', 'check_market_open', 'scheduled__2026-05-01T05:00:00+00:00', '--job-id', '751', '--raw', '--subdir', 'DAGS_FOLDER/fetch_market_data.py', '--cfg-path', '/tmp/tmpj0om41nv']
[2026-05-01T05:30:16.371+0000] {standard_task_runner.py:88} INFO - Job 751: Subtask check_market_open
[2026-05-01T05:30:16.447+0000] {task_command.py:423} INFO - Running <TaskInstance: fetch_market_data.check_market_open scheduled__2026-05-01T05:00:00+00:00 [running]> on host reddit-pipeline-vm
[2026-05-01T05:30:16.556+0000] {taskinstance.py:2480} INFO - Exporting env vars: AIRFLOW_CTX_DAG_OWNER='pipeline' AIRFLOW_CTX_DAG_ID='fetch_market_data' AIRFLOW_CTX_TASK_ID='check_market_open' AIRFLOW_CTX_EXECUTION_DATE='2026-05-01T05:00:00+00:00' AIRFLOW_CTX_TRY_NUMBER='1' AIRFLOW_CTX_DAG_RUN_ID='scheduled__2026-05-01T05:00:00+00:00'
[2026-05-01T05:30:16.573+0000] {sensors.py:45} INFO - Market open check at 2026-05-01 01:30 ET: False
[2026-05-01T05:30:16.600+0000] {taskinstance.py:2658} INFO - Rescheduling task, marking task as UP_FOR_RESCHEDULE
[2026-05-01T05:30:16.623+0000] {local_task_job_runner.py:234} INFO - Task exited with return code 0
[2026-05-01T05:30:16.663+0000] {taskinstance.py:3280} INFO - 0 downstream tasks scheduled from follow-on schedule check
[2026-05-01T05:31:17.946+0000] {taskinstance.py:1956} INFO - Dependencies all met for dep_context=non-requeueable deps ti=<TaskInstance: fetch_market_data.check_market_open scheduled__2026-05-01T05:00:00+00:00 [queued]>
[2026-05-01T05:31:17.953+0000] {taskinstance.py:1956} INFO - Dependencies all met for dep_context=requeueable deps ti=<TaskInstance: fetch_market_data.check_market_open scheduled__2026-05-01T05:00:00+00:00 [queued]>
[2026-05-01T05:31:17.953+0000] {taskinstance.py:2170} INFO - Starting attempt 1 of 3
[2026-05-01T05:31:17.963+0000] {taskinstance.py:2191} INFO - Executing <Task(MarketOpenSensor): check_market_open> on 2026-05-01 05:00:00+00:00
[2026-05-01T05:31:17.969+0000] {standard_task_runner.py:60} INFO - Started process 666536 to run task
[2026-05-01T05:31:17.973+0000] {standard_task_runner.py:87} INFO - Running: ['airflow', 'tasks', 'run', 'fetch_market_data', 'check_market_open', 'scheduled__2026-05-01T05:00:00+00:00', '--job-id', '752', '--raw', '--subdir', 'DAGS_FOLDER/fetch_market_data.py', '--cfg-path', '/tmp/tmpn58e9khj']
[2026-05-01T05:31:17.975+0000] {standard_task_runner.py:88} INFO - Job 752: Subtask check_market_open
[2026-05-01T05:31:18.050+0000] {task_command.py:423} INFO - Running <TaskInstance: fetch_market_data.check_market_open scheduled__2026-05-01T05:00:00+00:00 [running]> on host reddit-pipeline-vm
[2026-05-01T05:31:18.164+0000] {taskinstance.py:2480} INFO - Exporting env vars: AIRFLOW_CTX_DAG_OWNER='pipeline' AIRFLOW_CTX_DAG_ID='fetch_market_data' AIRFLOW_CTX_TASK_ID='check_market_open' AIRFLOW_CTX_EXECUTION_DATE='2026-05-01T05:00:00+00:00' AIRFLOW_CTX_TRY_NUMBER='1' AIRFLOW_CTX_DAG_RUN_ID='scheduled__2026-05-01T05:00:00+00:00'
[2026-05-01T05:31:18.182+0000] {sensors.py:45} INFO - Market open check at 2026-05-01 01:31 ET: False
[2026-05-01T05:31:18.208+0000] {taskinstance.py:2658} INFO - Rescheduling task, marking task as UP_FOR_RESCHEDULE
[2026-05-01T05:31:18.225+0000] {local_task_job_runner.py:234} INFO - Task exited with return code 0
[2026-05-01T05:31:18.266+0000] {taskinstance.py:3280} INFO - 0 downstream tasks scheduled from follow-on schedule check
[2026-05-01T05:32:19.256+0000] {taskinstance.py:1956} INFO - Dependencies all met for dep_context=non-requeueable deps ti=<TaskInstance: fetch_market_data.check_market_open scheduled__2026-05-01T05:00:00+00:00 [queued]>
[2026-05-01T05:32:19.263+0000] {taskinstance.py:1956} INFO - Dependencies all met for dep_context=requeueable deps ti=<TaskInstance: fetch_market_data.check_market_open scheduled__2026-05-01T05:00:00+00:00 [queued]>
[2026-05-01T05:32:19.263+0000] {taskinstance.py:2170} INFO - Starting attempt 1 of 3
[2026-05-01T05:32:19.273+0000] {taskinstance.py:2191} INFO - Executing <Task(MarketOpenSensor): check_market_open> on 2026-05-01 05:00:00+00:00
[2026-05-01T05:32:19.279+0000] {standard_task_runner.py:60} INFO - Started process 666604 to run task
[2026-05-01T05:32:19.282+0000] {standard_task_runner.py:87} INFO - Running: ['airflow', 'tasks', 'run', 'fetch_market_data', 'check_market_open', 'scheduled__2026-05-01T05:00:00+00:00', '--job-id', '753', '--raw', '--subdir', 'DAGS_FOLDER/fetch_market_data.py', '--cfg-path', '/tmp/tmpi_ex3ykw']
[2026-05-01T05:32:19.284+0000] {standard_task_runner.py:88} INFO - Job 753: Subtask check_market_open
[2026-05-01T05:32:19.361+0000] {task_command.py:423} INFO - Running <TaskInstance: fetch_market_data.check_market_open scheduled__2026-05-01T05:00:00+00:00 [running]> on host reddit-pipeline-vm
[2026-05-01T05:32:19.472+0000] {taskinstance.py:2480} INFO - Exporting env vars: AIRFLOW_CTX_DAG_OWNER='pipeline' AIRFLOW_CTX_DAG_ID='fetch_market_data' AIRFLOW_CTX_TASK_ID='check_market_open' AIRFLOW_CTX_EXECUTION_DATE='2026-05-01T05:00:00+00:00' AIRFLOW_CTX_TRY_NUMBER='1' AIRFLOW_CTX_DAG_RUN_ID='scheduled__2026-05-01T05:00:00+00:00'
[2026-05-01T05:32:19.490+0000] {sensors.py:45} INFO - Market open check at 2026-05-01 01:32 ET: False
[2026-05-01T05:32:19.516+0000] {taskinstance.py:2658} INFO - Rescheduling task, marking task as UP_FOR_RESCHEDULE
[2026-05-01T05:32:19.536+0000] {local_task_job_runner.py:234} INFO - Task exited with return code 0
[2026-05-01T05:32:19.577+0000] {taskinstance.py:3280} INFO - 0 downstream tasks scheduled from follow-on schedule check
[2026-05-01T05:33:20.137+0000] {taskinstance.py:1956} INFO - Dependencies all met for dep_context=non-requeueable deps ti=<TaskInstance: fetch_market_data.check_market_open scheduled__2026-05-01T05:00:00+00:00 [queued]>
[2026-05-01T05:33:20.144+0000] {taskinstance.py:1956} INFO - Dependencies all met for dep_context=requeueable deps ti=<TaskInstance: fetch_market_data.check_market_open scheduled__2026-05-01T05:00:00+00:00 [queued]>
[2026-05-01T05:33:20.144+0000] {taskinstance.py:2170} INFO - Starting attempt 1 of 3
[2026-05-01T05:33:20.154+0000] {taskinstance.py:2191} INFO - Executing <Task(MarketOpenSensor): check_market_open> on 2026-05-01 05:00:00+00:00
[2026-05-01T05:33:20.160+0000] {standard_task_runner.py:60} INFO - Started process 666668 to run task
[2026-05-01T05:33:20.165+0000] {standard_task_runner.py:87} INFO - Running: ['airflow', 'tasks', 'run', 'fetch_market_data', 'check_market_open', 'scheduled__2026-05-01T05:00:00+00:00', '--job-id', '754', '--raw', '--subdir', 'DAGS_FOLDER/fetch_market_data.py', '--cfg-path', '/tmp/tmp0soeb0dn']
[2026-05-01T05:33:20.167+0000] {standard_task_runner.py:88} INFO - Job 754: Subtask check_market_open
[2026-05-01T05:33:20.242+0000] {task_command.py:423} INFO - Running <TaskInstance: fetch_market_data.check_market_open scheduled__2026-05-01T05:00:00+00:00 [running]> on host reddit-pipeline-vm
[2026-05-01T05:33:20.351+0000] {taskinstance.py:2480} INFO - Exporting env vars: AIRFLOW_CTX_DAG_OWNER='pipeline' AIRFLOW_CTX_DAG_ID='fetch_market_data' AIRFLOW_CTX_TASK_ID='check_market_open' AIRFLOW_CTX_EXECUTION_DATE='2026-05-01T05:00:00+00:00' AIRFLOW_CTX_TRY_NUMBER='1' AIRFLOW_CTX_DAG_RUN_ID='scheduled__2026-05-01T05:00:00+00:00'
[2026-05-01T05:33:20.370+0000] {sensors.py:45} INFO - Market open check at 2026-05-01 01:33 ET: False
[2026-05-01T05:33:20.396+0000] {taskinstance.py:2658} INFO - Rescheduling task, marking task as UP_FOR_RESCHEDULE
[2026-05-01T05:33:20.417+0000] {local_task_job_runner.py:234} INFO - Task exited with return code 0
[2026-05-01T05:33:20.457+0000] {taskinstance.py:3280} INFO - 0 downstream tasks scheduled from follow-on schedule check
[2026-05-01T05:34:21.225+0000] {taskinstance.py:1956} INFO - Dependencies all met for dep_context=non-requeueable deps ti=<TaskInstance: fetch_market_data.check_market_open scheduled__2026-05-01T05:00:00+00:00 [queued]>
[2026-05-01T05:34:21.233+0000] {taskinstance.py:1956} INFO - Dependencies all met for dep_context=requeueable deps ti=<TaskInstance: fetch_market_data.check_market_open scheduled__2026-05-01T05:00:00+00:00 [queued]>
[2026-05-01T05:34:21.233+0000] {taskinstance.py:2170} INFO - Starting attempt 1 of 3
[2026-05-01T05:34:21.243+0000] {taskinstance.py:2191} INFO - Executing <Task(MarketOpenSensor): check_market_open> on 2026-05-01 05:00:00+00:00
[2026-05-01T05:34:21.249+0000] {standard_task_runner.py:60} INFO - Started process 666738 to run task
[2026-05-01T05:34:21.252+0000] {standard_task_runner.py:87} INFO - Running: ['airflow', 'tasks', 'run', 'fetch_market_data', 'check_market_open', 'scheduled__2026-05-01T05:00:00+00:00', '--job-id', '755', '--raw', '--subdir', 'DAGS_FOLDER/fetch_market_data.py', '--cfg-path', '/tmp/tmpr78us54x']
[2026-05-01T05:34:21.254+0000] {standard_task_runner.py:88} INFO - Job 755: Subtask check_market_open
[2026-05-01T05:34:21.329+0000] {task_command.py:423} INFO - Running <TaskInstance: fetch_market_data.check_market_open scheduled__2026-05-01T05:00:00+00:00 [running]> on host reddit-pipeline-vm
[2026-05-01T05:34:21.436+0000] {taskinstance.py:2480} INFO - Exporting env vars: AIRFLOW_CTX_DAG_OWNER='pipeline' AIRFLOW_CTX_DAG_ID='fetch_market_data' AIRFLOW_CTX_TASK_ID='check_market_open' AIRFLOW_CTX_EXECUTION_DATE='2026-05-01T05:00:00+00:00' AIRFLOW_CTX_TRY_NUMBER='1' AIRFLOW_CTX_DAG_RUN_ID='scheduled__2026-05-01T05:00:00+00:00'
[2026-05-01T05:34:21.454+0000] {sensors.py:45} INFO - Market open check at 2026-05-01 01:34 ET: False
[2026-05-01T05:34:21.480+0000] {taskinstance.py:2658} INFO - Rescheduling task, marking task as UP_FOR_RESCHEDULE
[2026-05-01T05:34:21.505+0000] {local_task_job_runner.py:234} INFO - Task exited with return code 0
[2026-05-01T05:34:21.545+0000] {taskinstance.py:3280} INFO - 0 downstream tasks scheduled from follow-on schedule check
[2026-05-01T05:35:22.300+0000] {taskinstance.py:1956} INFO - Dependencies all met for dep_context=non-requeueable deps ti=<TaskInstance: fetch_market_data.check_market_open scheduled__2026-05-01T05:00:00+00:00 [queued]>
[2026-05-01T05:35:22.307+0000] {taskinstance.py:1956} INFO - Dependencies all met for dep_context=requeueable deps ti=<TaskInstance: fetch_market_data.check_market_open scheduled__2026-05-01T05:00:00+00:00 [queued]>
[2026-05-01T05:35:22.307+0000] {taskinstance.py:2170} INFO - Starting attempt 1 of 3
[2026-05-01T05:35:22.317+0000] {taskinstance.py:2191} INFO - Executing <Task(MarketOpenSensor): check_market_open> on 2026-05-01 05:00:00+00:00
[2026-05-01T05:35:22.324+0000] {standard_task_runner.py:60} INFO - Started process 666802 to run task
[2026-05-01T05:35:22.327+0000] {standard_task_runner.py:87} INFO - Running: ['airflow', 'tasks', 'run', 'fetch_market_data', 'check_market_open', 'scheduled__2026-05-01T05:00:00+00:00', '--job-id', '756', '--raw', '--subdir', 'DAGS_FOLDER/fetch_market_data.py', '--cfg-path', '/tmp/tmpuwtusbxp']
[2026-05-01T05:35:22.329+0000] {standard_task_runner.py:88} INFO - Job 756: Subtask check_market_open
[2026-05-01T05:35:22.404+0000] {task_command.py:423} INFO - Running <TaskInstance: fetch_market_data.check_market_open scheduled__2026-05-01T05:00:00+00:00 [running]> on host reddit-pipeline-vm
[2026-05-01T05:35:22.515+0000] {taskinstance.py:2480} INFO - Exporting env vars: AIRFLOW_CTX_DAG_OWNER='pipeline' AIRFLOW_CTX_DAG_ID='fetch_market_data' AIRFLOW_CTX_TASK_ID='check_market_open' AIRFLOW_CTX_EXECUTION_DATE='2026-05-01T05:00:00+00:00' AIRFLOW_CTX_TRY_NUMBER='1' AIRFLOW_CTX_DAG_RUN_ID='scheduled__2026-05-01T05:00:00+00:00'
[2026-05-01T05:35:22.536+0000] {sensors.py:45} INFO - Market open check at 2026-05-01 01:35 ET: False
[2026-05-01T05:35:22.564+0000] {taskinstance.py:2658} INFO - Rescheduling task, marking task as UP_FOR_RESCHEDULE
[2026-05-01T05:35:22.582+0000] {local_task_job_runner.py:234} INFO - Task exited with return code 0
[2026-05-01T05:35:22.622+0000] {taskinstance.py:3280} INFO - 0 downstream tasks scheduled from follow-on schedule check
[2026-05-01T05:36:23.387+0000] {taskinstance.py:1956} INFO - Dependencies all met for dep_context=non-requeueable deps ti=<TaskInstance: fetch_market_data.check_market_open scheduled__2026-05-01T05:00:00+00:00 [queued]>
[2026-05-01T05:36:23.395+0000] {taskinstance.py:1956} INFO - Dependencies all met for dep_context=requeueable deps ti=<TaskInstance: fetch_market_data.check_market_open scheduled__2026-05-01T05:00:00+00:00 [queued]>
[2026-05-01T05:36:23.395+0000] {taskinstance.py:2170} INFO - Starting attempt 1 of 3
[2026-05-01T05:36:23.405+0000] {taskinstance.py:2191} INFO - Executing <Task(MarketOpenSensor): check_market_open> on 2026-05-01 05:00:00+00:00
[2026-05-01T05:36:23.411+0000] {standard_task_runner.py:60} INFO - Started process 666874 to run task
[2026-05-01T05:36:23.415+0000] {standard_task_runner.py:87} INFO - Running: ['airflow', 'tasks', 'run', 'fetch_market_data', 'check_market_open', 'scheduled__2026-05-01T05:00:00+00:00', '--job-id', '757', '--raw', '--subdir', 'DAGS_FOLDER/fetch_market_data.py', '--cfg-path', '/tmp/tmpao60s4iy']
[2026-05-01T05:36:23.417+0000] {standard_task_runner.py:88} INFO - Job 757: Subtask check_market_open
[2026-05-01T05:36:23.492+0000] {task_command.py:423} INFO - Running <TaskInstance: fetch_market_data.check_market_open scheduled__2026-05-01T05:00:00+00:00 [running]> on host reddit-pipeline-vm
[2026-05-01T05:36:23.601+0000] {taskinstance.py:2480} INFO - Exporting env vars: AIRFLOW_CTX_DAG_OWNER='pipeline' AIRFLOW_CTX_DAG_ID='fetch_market_data' AIRFLOW_CTX_TASK_ID='check_market_open' AIRFLOW_CTX_EXECUTION_DATE='2026-05-01T05:00:00+00:00' AIRFLOW_CTX_TRY_NUMBER='1' AIRFLOW_CTX_DAG_RUN_ID='scheduled__2026-05-01T05:00:00+00:00'
[2026-05-01T05:36:23.619+0000] {sensors.py:45} INFO - Market open check at 2026-05-01 01:36 ET: False
[2026-05-01T05:36:23.645+0000] {taskinstance.py:2658} INFO - Rescheduling task, marking task as UP_FOR_RESCHEDULE
[2026-05-01T05:36:23.667+0000] {local_task_job_runner.py:234} INFO - Task exited with return code 0
[2026-05-01T05:36:23.708+0000] {taskinstance.py:3280} INFO - 0 downstream tasks scheduled from follow-on schedule check
[2026-05-01T05:37:25.187+0000] {taskinstance.py:1956} INFO - Dependencies all met for dep_context=non-requeueable deps ti=<TaskInstance: fetch_market_data.check_market_open scheduled__2026-05-01T05:00:00+00:00 [queued]>
[2026-05-01T05:37:25.195+0000] {taskinstance.py:1956} INFO - Dependencies all met for dep_context=requeueable deps ti=<TaskInstance: fetch_market_data.check_market_open scheduled__2026-05-01T05:00:00+00:00 [queued]>
[2026-05-01T05:37:25.195+0000] {taskinstance.py:2170} INFO - Starting attempt 1 of 3
[2026-05-01T05:37:25.205+0000] {taskinstance.py:2191} INFO - Executing <Task(MarketOpenSensor): check_market_open> on 2026-05-01 05:00:00+00:00
[2026-05-01T05:37:25.211+0000] {standard_task_runner.py:60} INFO - Started process 666939 to run task
[2026-05-01T05:37:25.214+0000] {standard_task_runner.py:87} INFO - Running: ['airflow', 'tasks', 'run', 'fetch_market_data', 'check_market_open', 'scheduled__2026-05-01T05:00:00+00:00', '--job-id', '758', '--raw', '--subdir', 'DAGS_FOLDER/fetch_market_data.py', '--cfg-path', '/tmp/tmpwthlepcc']
[2026-05-01T05:37:25.216+0000] {standard_task_runner.py:88} INFO - Job 758: Subtask check_market_open
[2026-05-01T05:37:25.291+0000] {task_command.py:423} INFO - Running <TaskInstance: fetch_market_data.check_market_open scheduled__2026-05-01T05:00:00+00:00 [running]> on host reddit-pipeline-vm
[2026-05-01T05:37:25.399+0000] {taskinstance.py:2480} INFO - Exporting env vars: AIRFLOW_CTX_DAG_OWNER='pipeline' AIRFLOW_CTX_DAG_ID='fetch_market_data' AIRFLOW_CTX_TASK_ID='check_market_open' AIRFLOW_CTX_EXECUTION_DATE='2026-05-01T05:00:00+00:00' AIRFLOW_CTX_TRY_NUMBER='1' AIRFLOW_CTX_DAG_RUN_ID='scheduled__2026-05-01T05:00:00+00:00'
[2026-05-01T05:37:25.416+0000] {sensors.py:45} INFO - Market open check at 2026-05-01 01:37 ET: False
[2026-05-01T05:37:25.442+0000] {taskinstance.py:2658} INFO - Rescheduling task, marking task as UP_FOR_RESCHEDULE
[2026-05-01T05:37:25.467+0000] {local_task_job_runner.py:234} INFO - Task exited with return code 0
[2026-05-01T05:37:25.506+0000] {taskinstance.py:3280} INFO - 0 downstream tasks scheduled from follow-on schedule check
[2026-05-01T05:38:26.802+0000] {taskinstance.py:1956} INFO - Dependencies all met for dep_context=non-requeueable deps ti=<TaskInstance: fetch_market_data.check_market_open scheduled__2026-05-01T05:00:00+00:00 [queued]>
[2026-05-01T05:38:26.809+0000] {taskinstance.py:1956} INFO - Dependencies all met for dep_context=requeueable deps ti=<TaskInstance: fetch_market_data.check_market_open scheduled__2026-05-01T05:00:00+00:00 [queued]>
[2026-05-01T05:38:26.810+0000] {taskinstance.py:2170} INFO - Starting attempt 1 of 3
[2026-05-01T05:38:26.820+0000] {taskinstance.py:2191} INFO - Executing <Task(MarketOpenSensor): check_market_open> on 2026-05-01 05:00:00+00:00
[2026-05-01T05:38:26.826+0000] {standard_task_runner.py:60} INFO - Started process 667007 to run task
[2026-05-01T05:38:26.829+0000] {standard_task_runner.py:87} INFO - Running: ['airflow', 'tasks', 'run', 'fetch_market_data', 'check_market_open', 'scheduled__2026-05-01T05:00:00+00:00', '--job-id', '759', '--raw', '--subdir', 'DAGS_FOLDER/fetch_market_data.py', '--cfg-path', '/tmp/tmprnpn9omv']
[2026-05-01T05:38:26.831+0000] {standard_task_runner.py:88} INFO - Job 759: Subtask check_market_open
[2026-05-01T05:38:26.907+0000] {task_command.py:423} INFO - Running <TaskInstance: fetch_market_data.check_market_open scheduled__2026-05-01T05:00:00+00:00 [running]> on host reddit-pipeline-vm
[2026-05-01T05:38:27.021+0000] {taskinstance.py:2480} INFO - Exporting env vars: AIRFLOW_CTX_DAG_OWNER='pipeline' AIRFLOW_CTX_DAG_ID='fetch_market_data' AIRFLOW_CTX_TASK_ID='check_market_open' AIRFLOW_CTX_EXECUTION_DATE='2026-05-01T05:00:00+00:00' AIRFLOW_CTX_TRY_NUMBER='1' AIRFLOW_CTX_DAG_RUN_ID='scheduled__2026-05-01T05:00:00+00:00'
[2026-05-01T05:38:27.040+0000] {sensors.py:45} INFO - Market open check at 2026-05-01 01:38 ET: False
[2026-05-01T05:38:27.066+0000] {taskinstance.py:2658} INFO - Rescheduling task, marking task as UP_FOR_RESCHEDULE
[2026-05-01T05:38:27.084+0000] {local_task_job_runner.py:234} INFO - Task exited with return code 0
[2026-05-01T05:38:27.125+0000] {taskinstance.py:3280} INFO - 0 downstream tasks scheduled from follow-on schedule check
[2026-05-01T05:39:27.631+0000] {taskinstance.py:1956} INFO - Dependencies all met for dep_context=non-requeueable deps ti=<TaskInstance: fetch_market_data.check_market_open scheduled__2026-05-01T05:00:00+00:00 [queued]>
[2026-05-01T05:39:27.639+0000] {taskinstance.py:1956} INFO - Dependencies all met for dep_context=requeueable deps ti=<TaskInstance: fetch_market_data.check_market_open scheduled__2026-05-01T05:00:00+00:00 [queued]>
[2026-05-01T05:39:27.640+0000] {taskinstance.py:2170} INFO - Starting attempt 1 of 3
[2026-05-01T05:39:27.650+0000] {taskinstance.py:2191} INFO - Executing <Task(MarketOpenSensor): check_market_open> on 2026-05-01 05:00:00+00:00
[2026-05-01T05:39:27.656+0000] {standard_task_runner.py:60} INFO - Started process 667076 to run task
[2026-05-01T05:39:27.659+0000] {standard_task_runner.py:87} INFO - Running: ['airflow', 'tasks', 'run', 'fetch_market_data', 'check_market_open', 'scheduled__2026-05-01T05:00:00+00:00', '--job-id', '760', '--raw', '--subdir', 'DAGS_FOLDER/fetch_market_data.py', '--cfg-path', '/tmp/tmp81zjhcu7']
[2026-05-01T05:39:27.661+0000] {standard_task_runner.py:88} INFO - Job 760: Subtask check_market_open
[2026-05-01T05:39:27.738+0000] {task_command.py:423} INFO - Running <TaskInstance: fetch_market_data.check_market_open scheduled__2026-05-01T05:00:00+00:00 [running]> on host reddit-pipeline-vm
[2026-05-01T05:39:27.846+0000] {taskinstance.py:2480} INFO - Exporting env vars: AIRFLOW_CTX_DAG_OWNER='pipeline' AIRFLOW_CTX_DAG_ID='fetch_market_data' AIRFLOW_CTX_TASK_ID='check_market_open' AIRFLOW_CTX_EXECUTION_DATE='2026-05-01T05:00:00+00:00' AIRFLOW_CTX_TRY_NUMBER='1' AIRFLOW_CTX_DAG_RUN_ID='scheduled__2026-05-01T05:00:00+00:00'
[2026-05-01T05:39:27.864+0000] {sensors.py:45} INFO - Market open check at 2026-05-01 01:39 ET: False
[2026-05-01T05:39:27.890+0000] {taskinstance.py:2658} INFO - Rescheduling task, marking task as UP_FOR_RESCHEDULE
[2026-05-01T05:39:27.912+0000] {local_task_job_runner.py:234} INFO - Task exited with return code 0
[2026-05-01T05:39:27.952+0000] {taskinstance.py:3280} INFO - 0 downstream tasks scheduled from follow-on schedule check
[2026-05-01T05:40:28.853+0000] {taskinstance.py:1956} INFO - Dependencies all met for dep_context=non-requeueable deps ti=<TaskInstance: fetch_market_data.check_market_open scheduled__2026-05-01T05:00:00+00:00 [queued]>
[2026-05-01T05:40:28.860+0000] {taskinstance.py:1956} INFO - Dependencies all met for dep_context=requeueable deps ti=<TaskInstance: fetch_market_data.check_market_open scheduled__2026-05-01T05:00:00+00:00 [queued]>
[2026-05-01T05:40:28.860+0000] {taskinstance.py:2170} INFO - Starting attempt 1 of 3
[2026-05-01T05:40:28.870+0000] {taskinstance.py:2191} INFO - Executing <Task(MarketOpenSensor): check_market_open> on 2026-05-01 05:00:00+00:00
[2026-05-01T05:40:28.876+0000] {standard_task_runner.py:60} INFO - Started process 667146 to run task
[2026-05-01T05:40:28.880+0000] {standard_task_runner.py:87} INFO - Running: ['airflow', 'tasks', 'run', 'fetch_market_data', 'check_market_open', 'scheduled__2026-05-01T05:00:00+00:00', '--job-id', '761', '--raw', '--subdir', 'DAGS_FOLDER/fetch_market_data.py', '--cfg-path', '/tmp/tmplv6p9kvl']
[2026-05-01T05:40:28.882+0000] {standard_task_runner.py:88} INFO - Job 761: Subtask check_market_open
[2026-05-01T05:40:28.956+0000] {task_command.py:423} INFO - Running <TaskInstance: fetch_market_data.check_market_open scheduled__2026-05-01T05:00:00+00:00 [running]> on host reddit-pipeline-vm
[2026-05-01T05:40:29.064+0000] {taskinstance.py:2480} INFO - Exporting env vars: AIRFLOW_CTX_DAG_OWNER='pipeline' AIRFLOW_CTX_DAG_ID='fetch_market_data' AIRFLOW_CTX_TASK_ID='check_market_open' AIRFLOW_CTX_EXECUTION_DATE='2026-05-01T05:00:00+00:00' AIRFLOW_CTX_TRY_NUMBER='1' AIRFLOW_CTX_DAG_RUN_ID='scheduled__2026-05-01T05:00:00+00:00'
[2026-05-01T05:40:29.082+0000] {sensors.py:45} INFO - Market open check at 2026-05-01 01:40 ET: False
[2026-05-01T05:40:29.108+0000] {taskinstance.py:2658} INFO - Rescheduling task, marking task as UP_FOR_RESCHEDULE
[2026-05-01T05:40:29.132+0000] {local_task_job_runner.py:234} INFO - Task exited with return code 0
[2026-05-01T05:40:29.172+0000] {taskinstance.py:3280} INFO - 0 downstream tasks scheduled from follow-on schedule check
[2026-05-01T05:41:30.059+0000] {taskinstance.py:1956} INFO - Dependencies all met for dep_context=non-requeueable deps ti=<TaskInstance: fetch_market_data.check_market_open scheduled__2026-05-01T05:00:00+00:00 [queued]>
[2026-05-01T05:41:30.067+0000] {taskinstance.py:1956} INFO - Dependencies all met for dep_context=requeueable deps ti=<TaskInstance: fetch_market_data.check_market_open scheduled__2026-05-01T05:00:00+00:00 [queued]>
[2026-05-01T05:41:30.067+0000] {taskinstance.py:2170} INFO - Starting attempt 1 of 3
[2026-05-01T05:41:30.077+0000] {taskinstance.py:2191} INFO - Executing <Task(MarketOpenSensor): check_market_open> on 2026-05-01 05:00:00+00:00
[2026-05-01T05:41:30.084+0000] {standard_task_runner.py:60} INFO - Started process 667223 to run task
[2026-05-01T05:41:30.087+0000] {standard_task_runner.py:87} INFO - Running: ['airflow', 'tasks', 'run', 'fetch_market_data', 'check_market_open', 'scheduled__2026-05-01T05:00:00+00:00', '--job-id', '762', '--raw', '--subdir', 'DAGS_FOLDER/fetch_market_data.py', '--cfg-path', '/tmp/tmp2ff_uh96']
[2026-05-01T05:41:30.089+0000] {standard_task_runner.py:88} INFO - Job 762: Subtask check_market_open
[2026-05-01T05:41:30.165+0000] {task_command.py:423} INFO - Running <TaskInstance: fetch_market_data.check_market_open scheduled__2026-05-01T05:00:00+00:00 [running]> on host reddit-pipeline-vm
[2026-05-01T05:41:30.276+0000] {taskinstance.py:2480} INFO - Exporting env vars: AIRFLOW_CTX_DAG_OWNER='pipeline' AIRFLOW_CTX_DAG_ID='fetch_market_data' AIRFLOW_CTX_TASK_ID='check_market_open' AIRFLOW_CTX_EXECUTION_DATE='2026-05-01T05:00:00+00:00' AIRFLOW_CTX_TRY_NUMBER='1' AIRFLOW_CTX_DAG_RUN_ID='scheduled__2026-05-01T05:00:00+00:00'
[2026-05-01T05:41:30.294+0000] {sensors.py:45} INFO - Market open check at 2026-05-01 01:41 ET: False
[2026-05-01T05:41:30.321+0000] {taskinstance.py:2658} INFO - Rescheduling task, marking task as UP_FOR_RESCHEDULE
[2026-05-01T05:41:30.340+0000] {local_task_job_runner.py:234} INFO - Task exited with return code 0
[2026-05-01T05:41:30.381+0000] {taskinstance.py:3280} INFO - 0 downstream tasks scheduled from follow-on schedule check
[2026-05-01T05:42:31.233+0000] {taskinstance.py:1956} INFO - Dependencies all met for dep_context=non-requeueable deps ti=<TaskInstance: fetch_market_data.check_market_open scheduled__2026-05-01T05:00:00+00:00 [queued]>
[2026-05-01T05:42:31.241+0000] {taskinstance.py:1956} INFO - Dependencies all met for dep_context=requeueable deps ti=<TaskInstance: fetch_market_data.check_market_open scheduled__2026-05-01T05:00:00+00:00 [queued]>
[2026-05-01T05:42:31.241+0000] {taskinstance.py:2170} INFO - Starting attempt 1 of 3
[2026-05-01T05:42:31.251+0000] {taskinstance.py:2191} INFO - Executing <Task(MarketOpenSensor): check_market_open> on 2026-05-01 05:00:00+00:00
[2026-05-01T05:42:31.260+0000] {standard_task_runner.py:60} INFO - Started process 667289 to run task
[2026-05-01T05:42:31.265+0000] {standard_task_runner.py:87} INFO - Running: ['airflow', 'tasks', 'run', 'fetch_market_data', 'check_market_open', 'scheduled__2026-05-01T05:00:00+00:00', '--job-id', '763', '--raw', '--subdir', 'DAGS_FOLDER/fetch_market_data.py', '--cfg-path', '/tmp/tmpehfi0mhd']
[2026-05-01T05:42:31.267+0000] {standard_task_runner.py:88} INFO - Job 763: Subtask check_market_open
[2026-05-01T05:42:31.342+0000] {task_command.py:423} INFO - Running <TaskInstance: fetch_market_data.check_market_open scheduled__2026-05-01T05:00:00+00:00 [running]> on host reddit-pipeline-vm
[2026-05-01T05:42:31.451+0000] {taskinstance.py:2480} INFO - Exporting env vars: AIRFLOW_CTX_DAG_OWNER='pipeline' AIRFLOW_CTX_DAG_ID='fetch_market_data' AIRFLOW_CTX_TASK_ID='check_market_open' AIRFLOW_CTX_EXECUTION_DATE='2026-05-01T05:00:00+00:00' AIRFLOW_CTX_TRY_NUMBER='1' AIRFLOW_CTX_DAG_RUN_ID='scheduled__2026-05-01T05:00:00+00:00'
[2026-05-01T05:42:31.468+0000] {sensors.py:45} INFO - Market open check at 2026-05-01 01:42 ET: False
[2026-05-01T05:42:31.494+0000] {taskinstance.py:2658} INFO - Rescheduling task, marking task as UP_FOR_RESCHEDULE
[2026-05-01T05:42:31.520+0000] {local_task_job_runner.py:234} INFO - Task exited with return code 0
[2026-05-01T05:42:31.559+0000] {taskinstance.py:3280} INFO - 0 downstream tasks scheduled from follow-on schedule check
[2026-05-01T05:43:32.078+0000] {taskinstance.py:1956} INFO - Dependencies all met for dep_context=non-requeueable deps ti=<TaskInstance: fetch_market_data.check_market_open scheduled__2026-05-01T05:00:00+00:00 [queued]>
[2026-05-01T05:43:32.086+0000] {taskinstance.py:1956} INFO - Dependencies all met for dep_context=requeueable deps ti=<TaskInstance: fetch_market_data.check_market_open scheduled__2026-05-01T05:00:00+00:00 [queued]>
[2026-05-01T05:43:32.086+0000] {taskinstance.py:2170} INFO - Starting attempt 1 of 3
[2026-05-01T05:43:32.096+0000] {taskinstance.py:2191} INFO - Executing <Task(MarketOpenSensor): check_market_open> on 2026-05-01 05:00:00+00:00
[2026-05-01T05:43:32.103+0000] {standard_task_runner.py:60} INFO - Started process 667357 to run task
[2026-05-01T05:43:32.106+0000] {standard_task_runner.py:87} INFO - Running: ['airflow', 'tasks', 'run', 'fetch_market_data', 'check_market_open', 'scheduled__2026-05-01T05:00:00+00:00', '--job-id', '764', '--raw', '--subdir', 'DAGS_FOLDER/fetch_market_data.py', '--cfg-path', '/tmp/tmpwceqoa69']
[2026-05-01T05:43:32.108+0000] {standard_task_runner.py:88} INFO - Job 764: Subtask check_market_open
[2026-05-01T05:43:32.183+0000] {task_command.py:423} INFO - Running <TaskInstance: fetch_market_data.check_market_open scheduled__2026-05-01T05:00:00+00:00 [running]> on host reddit-pipeline-vm
[2026-05-01T05:43:32.291+0000] {taskinstance.py:2480} INFO - Exporting env vars: AIRFLOW_CTX_DAG_OWNER='pipeline' AIRFLOW_CTX_DAG_ID='fetch_market_data' AIRFLOW_CTX_TASK_ID='check_market_open' AIRFLOW_CTX_EXECUTION_DATE='2026-05-01T05:00:00+00:00' AIRFLOW_CTX_TRY_NUMBER='1' AIRFLOW_CTX_DAG_RUN_ID='scheduled__2026-05-01T05:00:00+00:00'
[2026-05-01T05:43:32.308+0000] {sensors.py:45} INFO - Market open check at 2026-05-01 01:43 ET: False
[2026-05-01T05:43:32.334+0000] {taskinstance.py:2658} INFO - Rescheduling task, marking task as UP_FOR_RESCHEDULE
[2026-05-01T05:43:32.359+0000] {local_task_job_runner.py:234} INFO - Task exited with return code 0
[2026-05-01T05:43:32.398+0000] {taskinstance.py:3280} INFO - 0 downstream tasks scheduled from follow-on schedule check
[2026-05-01T05:44:33.904+0000] {taskinstance.py:1956} INFO - Dependencies all met for dep_context=non-requeueable deps ti=<TaskInstance: fetch_market_data.check_market_open scheduled__2026-05-01T05:00:00+00:00 [queued]>
[2026-05-01T05:44:33.912+0000] {taskinstance.py:1956} INFO - Dependencies all met for dep_context=requeueable deps ti=<TaskInstance: fetch_market_data.check_market_open scheduled__2026-05-01T05:00:00+00:00 [queued]>
[2026-05-01T05:44:33.912+0000] {taskinstance.py:2170} INFO - Starting attempt 1 of 3
[2026-05-01T05:44:33.922+0000] {taskinstance.py:2191} INFO - Executing <Task(MarketOpenSensor): check_market_open> on 2026-05-01 05:00:00+00:00
[2026-05-01T05:44:33.928+0000] {standard_task_runner.py:60} INFO - Started process 667423 to run task
[2026-05-01T05:44:33.931+0000] {standard_task_runner.py:87} INFO - Running: ['airflow', 'tasks', 'run', 'fetch_market_data', 'check_market_open', 'scheduled__2026-05-01T05:00:00+00:00', '--job-id', '765', '--raw', '--subdir', 'DAGS_FOLDER/fetch_market_data.py', '--cfg-path', '/tmp/tmpcx266dh0']
[2026-05-01T05:44:33.933+0000] {standard_task_runner.py:88} INFO - Job 765: Subtask check_market_open
[2026-05-01T05:44:34.007+0000] {task_command.py:423} INFO - Running <TaskInstance: fetch_market_data.check_market_open scheduled__2026-05-01T05:00:00+00:00 [running]> on host reddit-pipeline-vm
[2026-05-01T05:44:34.117+0000] {taskinstance.py:2480} INFO - Exporting env vars: AIRFLOW_CTX_DAG_OWNER='pipeline' AIRFLOW_CTX_DAG_ID='fetch_market_data' AIRFLOW_CTX_TASK_ID='check_market_open' AIRFLOW_CTX_EXECUTION_DATE='2026-05-01T05:00:00+00:00' AIRFLOW_CTX_TRY_NUMBER='1' AIRFLOW_CTX_DAG_RUN_ID='scheduled__2026-05-01T05:00:00+00:00'
[2026-05-01T05:44:34.136+0000] {sensors.py:45} INFO - Market open check at 2026-05-01 01:44 ET: False
[2026-05-01T05:44:34.136+0000] {taskinstance.py:2698} ERROR - Task failed with exception
Traceback (most recent call last):
  File "/home/ubuntu/github_repo/Stock-Market-Intelligence-Pipeline/venv/lib/python3.11/site-packages/airflow/models/taskinstance.py", line 433, in _execute_task
    result = execute_callable(context=context, **execute_callable_kwargs)
             ^^^^^^^^^^^^^^^^^^^^^^^^^^^^^^^^^^^^^^^^^^^^^^^^^^^^^^^^^^^^
  File "/home/ubuntu/github_repo/Stock-Market-Intelligence-Pipeline/venv/lib/python3.11/site-packages/airflow/sensors/base.py", line 282, in execute
    raise AirflowSensorTimeout(message)
airflow.exceptions.AirflowSensorTimeout: Sensor has timed out; run duration of 919.237272 seconds exceeds the specified timeout of 900.0.
[2026-05-01T05:44:34.153+0000] {taskinstance.py:1138} INFO - Immediate failure requested. Marking task as FAILED. dag_id=fetch_market_data, task_id=check_market_open, execution_date=20260501T050000, start_date=20260501T054433, end_date=20260501T054434
[2026-05-01T05:44:34.163+0000] {standard_task_runner.py:107} ERROR - Failed to execute job 765 for task check_market_open (Sensor has timed out; run duration of 919.237272 seconds exceeds the specified timeout of 900.0.; 667423)
[2026-05-01T05:44:34.184+0000] {local_task_job_runner.py:234} INFO - Task exited with return code 1
[2026-05-01T05:44:34.234+0000] {taskinstance.py:3280} INFO - 0 downstream tasks scheduled from follow-on schedule check
