[2026-05-11T16:00:18.280+0000] {taskinstance.py:1956} INFO - Dependencies all met for dep_context=non-requeueable deps ti=<TaskInstance: run_dbt_models.dbt_run manual__2026-05-11T16:00:17.719223+00:00 [queued]>
[2026-05-11T16:00:18.286+0000] {taskinstance.py:1956} INFO - Dependencies all met for dep_context=requeueable deps ti=<TaskInstance: run_dbt_models.dbt_run manual__2026-05-11T16:00:17.719223+00:00 [queued]>
[2026-05-11T16:00:18.287+0000] {taskinstance.py:2170} INFO - Starting attempt 1 of 2
[2026-05-11T16:00:18.297+0000] {taskinstance.py:2191} INFO - Executing <Task(BashOperator): dbt_run> on 2026-05-11 16:00:17.719223+00:00
[2026-05-11T16:00:18.301+0000] {standard_task_runner.py:60} INFO - Started process 1517494 to run task
[2026-05-11T16:00:18.304+0000] {standard_task_runner.py:87} INFO - Running: ['airflow', 'tasks', 'run', 'run_dbt_models', 'dbt_run', 'manual__2026-05-11T16:00:17.719223+00:00', '--job-id', '1875', '--raw', '--subdir', 'DAGS_FOLDER/run_dbt_models.py', '--cfg-path', '/tmp/tmpvtd4b_ou']
[2026-05-11T16:00:18.307+0000] {standard_task_runner.py:88} INFO - Job 1875: Subtask dbt_run
[2026-05-11T16:00:18.369+0000] {task_command.py:423} INFO - Running <TaskInstance: run_dbt_models.dbt_run manual__2026-05-11T16:00:17.719223+00:00 [running]> on host reddit-pipeline-vm
[2026-05-11T16:00:18.467+0000] {taskinstance.py:2480} INFO - Exporting env vars: AIRFLOW_CTX_DAG_OWNER='pipeline' AIRFLOW_CTX_DAG_ID='run_dbt_models' AIRFLOW_CTX_TASK_ID='dbt_run' AIRFLOW_CTX_EXECUTION_DATE='2026-05-11T16:00:17.719223+00:00' AIRFLOW_CTX_TRY_NUMBER='1' AIRFLOW_CTX_DAG_RUN_ID='manual__2026-05-11T16:00:17.719223+00:00'
[2026-05-11T16:00:18.467+0000] {subprocess.py:63} INFO - Tmp dir root location: /tmp
[2026-05-11T16:00:18.468+0000] {subprocess.py:75} INFO - Running command: ['/usr/bin/bash', '-c', 'cd /home/ubuntu/github_repo/Stock-Market-Intelligence-Pipeline/dbt_project && /home/ubuntu/github_repo/Stock-Market-Intelligence-Pipeline/venv/bin/dbt run --profiles-dir /home/ubuntu/github_repo/Stock-Market-Intelligence-Pipeline/dbt_project']
[2026-05-11T16:00:18.477+0000] {subprocess.py:86} INFO - Output:
[2026-05-11T16:00:20.283+0000] {subprocess.py:93} INFO - [0m16:00:20  Running with dbt=1.7.0
[2026-05-11T16:00:20.527+0000] {subprocess.py:93} INFO - [0m16:00:20  Registered adapter: postgres=1.7.0
[2026-05-11T16:00:20.571+0000] {subprocess.py:93} INFO - [0m16:00:20  Found 5 models, 8 tests, 0 sources, 0 exposures, 0 metrics, 401 macros, 0 groups, 0 semantic models
[2026-05-11T16:00:20.574+0000] {subprocess.py:93} INFO - [0m16:00:20
[2026-05-11T16:00:20.702+0000] {subprocess.py:93} INFO - [0m16:00:20  Concurrency: 2 threads (target='dev')
[2026-05-11T16:00:20.703+0000] {subprocess.py:93} INFO - [0m16:00:20
[2026-05-11T16:00:20.706+0000] {subprocess.py:93} INFO - [0m16:00:20  1 of 5 START sql view model public_staging.stg_prices .......................... [RUN]
[2026-05-11T16:00:20.811+0000] {subprocess.py:93} INFO - [0m16:00:20  1 of 5 OK created sql view model public_staging.stg_prices ..................... [[32mCREATE VIEW[0m in 0.10s]
[2026-05-11T16:00:20.814+0000] {subprocess.py:93} INFO - [0m16:00:20  2 of 5 START sql view model public_staging.int_price_with_returns .............. [RUN]
[2026-05-11T16:00:20.861+0000] {subprocess.py:93} INFO - [0m16:00:20  2 of 5 OK created sql view model public_staging.int_price_with_returns ......... [[32mCREATE VIEW[0m in 0.04s]
[2026-05-11T16:00:20.864+0000] {subprocess.py:93} INFO - [0m16:00:20  3 of 5 START sql table model public.fact_prices ................................ [RUN]
[2026-05-11T16:00:20.954+0000] {subprocess.py:93} INFO - [0m16:00:20  3 of 5 OK created sql table model public.fact_prices ........................... [[32mSELECT 3871[0m in 0.09s]
[2026-05-11T16:00:20.956+0000] {subprocess.py:93} INFO - [0m16:00:20  4 of 5 START sql table model public.fact_indicators ............................ [RUN]
[2026-05-11T16:00:21.157+0000] {subprocess.py:93} INFO - [0m16:00:21  4 of 5 OK created sql table model public.fact_indicators ....................... [[32mSELECT 3871[0m in 0.20s]
[2026-05-11T16:00:21.161+0000] {subprocess.py:93} INFO - [0m16:00:21  5 of 5 START sql table model public.fact_alerts ................................ [RUN]
[2026-05-11T16:00:21.236+0000] {subprocess.py:93} INFO - [0m16:00:21  5 of 5 OK created sql table model public.fact_alerts ........................... [[32mSELECT 2222[0m in 0.07s]
[2026-05-11T16:00:21.258+0000] {subprocess.py:93} INFO - [0m16:00:21
[2026-05-11T16:00:21.258+0000] {subprocess.py:93} INFO - [0m16:00:21  Finished running 2 view models, 3 table models in 0 hours 0 minutes and 0.68 seconds (0.68s).
[2026-05-11T16:00:21.268+0000] {subprocess.py:93} INFO - [0m16:00:21
[2026-05-11T16:00:21.269+0000] {subprocess.py:93} INFO - [0m16:00:21  [32mCompleted successfully[0m
[2026-05-11T16:00:21.270+0000] {subprocess.py:93} INFO - [0m16:00:21
[2026-05-11T16:00:21.270+0000] {subprocess.py:93} INFO - [0m16:00:21  Done. PASS=5 WARN=0 ERROR=0 SKIP=0 TOTAL=5
[2026-05-11T16:00:22.972+0000] {subprocess.py:97} INFO - Command exited with return code 0
[2026-05-11T16:00:23.016+0000] {taskinstance.py:1138} INFO - Marking task as SUCCESS. dag_id=run_dbt_models, task_id=dbt_run, execution_date=20260511T160017, start_date=20260511T160018, end_date=20260511T160023
[2026-05-11T16:00:23.073+0000] {local_task_job_runner.py:234} INFO - Task exited with return code 0
[2026-05-11T16:00:23.100+0000] {taskinstance.py:3280} INFO - 1 downstream tasks scheduled from follow-on schedule check
