[2026-05-07T04:00:58.660+0000] {taskinstance.py:1956} INFO - Dependencies all met for dep_context=non-requeueable deps ti=<TaskInstance: fetch_market_data.check_market_open scheduled__2026-05-07T03:00:00+00:00 [queued]>
[2026-05-07T04:00:58.669+0000] {taskinstance.py:1956} INFO - Dependencies all met for dep_context=requeueable deps ti=<TaskInstance: fetch_market_data.check_market_open scheduled__2026-05-07T03:00:00+00:00 [queued]>
[2026-05-07T04:00:58.670+0000] {taskinstance.py:2170} INFO - Starting attempt 1 of 3
[2026-05-07T04:00:58.685+0000] {taskinstance.py:2191} INFO - Executing <Task(MarketOpenSensor): check_market_open> on 2026-05-07 03:00:00+00:00
[2026-05-07T04:00:58.692+0000] {standard_task_runner.py:60} INFO - Started process 1084376 to run task
[2026-05-07T04:00:58.696+0000] {standard_task_runner.py:87} INFO - Running: ['airflow', 'tasks', 'run', 'fetch_market_data', 'check_market_open', 'scheduled__2026-05-07T03:00:00+00:00', '--job-id', '1458', '--raw', '--subdir', 'DAGS_FOLDER/fetch_market_data.py', '--cfg-path', '/tmp/tmprob33f_6']
[2026-05-07T04:00:58.699+0000] {standard_task_runner.py:88} INFO - Job 1458: Subtask check_market_open
[2026-05-07T04:00:58.777+0000] {task_command.py:423} INFO - Running <TaskInstance: fetch_market_data.check_market_open scheduled__2026-05-07T03:00:00+00:00 [running]> on host reddit-pipeline-vm
[2026-05-07T04:00:58.894+0000] {taskinstance.py:2480} INFO - Exporting env vars: AIRFLOW_CTX_DAG_OWNER='pipeline' AIRFLOW_CTX_DAG_ID='fetch_market_data' AIRFLOW_CTX_TASK_ID='check_market_open' AIRFLOW_CTX_EXECUTION_DATE='2026-05-07T03:00:00+00:00' AIRFLOW_CTX_TRY_NUMBER='1' AIRFLOW_CTX_DAG_RUN_ID='scheduled__2026-05-07T03:00:00+00:00'
[2026-05-07T04:00:58.912+0000] {sensors.py:45} INFO - Market open check at 2026-05-07 00:00 ET: False
[2026-05-07T04:00:58.941+0000] {taskinstance.py:2658} INFO - Rescheduling task, marking task as UP_FOR_RESCHEDULE
[2026-05-07T04:00:58.990+0000] {local_task_job_runner.py:234} INFO - Task exited with return code 0
[2026-05-07T04:00:59.031+0000] {taskinstance.py:3280} INFO - 0 downstream tasks scheduled from follow-on schedule check
[2026-05-07T04:15:59.794+0000] {taskinstance.py:1956} INFO - Dependencies all met for dep_context=non-requeueable deps ti=<TaskInstance: fetch_market_data.check_market_open scheduled__2026-05-07T03:00:00+00:00 [queued]>
[2026-05-07T04:15:59.805+0000] {taskinstance.py:1956} INFO - Dependencies all met for dep_context=requeueable deps ti=<TaskInstance: fetch_market_data.check_market_open scheduled__2026-05-07T03:00:00+00:00 [queued]>
[2026-05-07T04:15:59.805+0000] {taskinstance.py:2170} INFO - Starting attempt 1 of 3
[2026-05-07T04:15:59.826+0000] {taskinstance.py:2191} INFO - Executing <Task(MarketOpenSensor): check_market_open> on 2026-05-07 03:00:00+00:00
[2026-05-07T04:15:59.834+0000] {standard_task_runner.py:60} INFO - Started process 1085333 to run task
[2026-05-07T04:15:59.838+0000] {standard_task_runner.py:87} INFO - Running: ['airflow', 'tasks', 'run', 'fetch_market_data', 'check_market_open', 'scheduled__2026-05-07T03:00:00+00:00', '--job-id', '1459', '--raw', '--subdir', 'DAGS_FOLDER/fetch_market_data.py', '--cfg-path', '/tmp/tmptu553mju']
[2026-05-07T04:15:59.841+0000] {standard_task_runner.py:88} INFO - Job 1459: Subtask check_market_open
[2026-05-07T04:15:59.920+0000] {task_command.py:423} INFO - Running <TaskInstance: fetch_market_data.check_market_open scheduled__2026-05-07T03:00:00+00:00 [running]> on host reddit-pipeline-vm
[2026-05-07T04:16:00.036+0000] {taskinstance.py:2480} INFO - Exporting env vars: AIRFLOW_CTX_DAG_OWNER='pipeline' AIRFLOW_CTX_DAG_ID='fetch_market_data' AIRFLOW_CTX_TASK_ID='check_market_open' AIRFLOW_CTX_EXECUTION_DATE='2026-05-07T03:00:00+00:00' AIRFLOW_CTX_TRY_NUMBER='1' AIRFLOW_CTX_DAG_RUN_ID='scheduled__2026-05-07T03:00:00+00:00'
[2026-05-07T04:16:00.054+0000] {sensors.py:45} INFO - Market open check at 2026-05-07 00:16 ET: False
[2026-05-07T04:16:00.081+0000] {taskinstance.py:2658} INFO - Rescheduling task, marking task as UP_FOR_RESCHEDULE
[2026-05-07T04:16:00.095+0000] {local_task_job_runner.py:234} INFO - Task exited with return code 0
[2026-05-07T04:16:00.133+0000] {taskinstance.py:3280} INFO - 0 downstream tasks scheduled from follow-on schedule check
[2026-05-07T04:31:00.971+0000] {taskinstance.py:1956} INFO - Dependencies all met for dep_context=non-requeueable deps ti=<TaskInstance: fetch_market_data.check_market_open scheduled__2026-05-07T03:00:00+00:00 [queued]>
[2026-05-07T04:31:00.980+0000] {taskinstance.py:1956} INFO - Dependencies all met for dep_context=requeueable deps ti=<TaskInstance: fetch_market_data.check_market_open scheduled__2026-05-07T03:00:00+00:00 [queued]>
[2026-05-07T04:31:00.981+0000] {taskinstance.py:2170} INFO - Starting attempt 1 of 3
[2026-05-07T04:31:00.995+0000] {taskinstance.py:2191} INFO - Executing <Task(MarketOpenSensor): check_market_open> on 2026-05-07 03:00:00+00:00
[2026-05-07T04:31:01.002+0000] {standard_task_runner.py:60} INFO - Started process 1086354 to run task
[2026-05-07T04:31:01.005+0000] {standard_task_runner.py:87} INFO - Running: ['airflow', 'tasks', 'run', 'fetch_market_data', 'check_market_open', 'scheduled__2026-05-07T03:00:00+00:00', '--job-id', '1460', '--raw', '--subdir', 'DAGS_FOLDER/fetch_market_data.py', '--cfg-path', '/tmp/tmp8yme3zc3']
[2026-05-07T04:31:01.008+0000] {standard_task_runner.py:88} INFO - Job 1460: Subtask check_market_open
[2026-05-07T04:31:01.083+0000] {task_command.py:423} INFO - Running <TaskInstance: fetch_market_data.check_market_open scheduled__2026-05-07T03:00:00+00:00 [running]> on host reddit-pipeline-vm
[2026-05-07T04:31:01.194+0000] {taskinstance.py:2480} INFO - Exporting env vars: AIRFLOW_CTX_DAG_OWNER='pipeline' AIRFLOW_CTX_DAG_ID='fetch_market_data' AIRFLOW_CTX_TASK_ID='check_market_open' AIRFLOW_CTX_EXECUTION_DATE='2026-05-07T03:00:00+00:00' AIRFLOW_CTX_TRY_NUMBER='1' AIRFLOW_CTX_DAG_RUN_ID='scheduled__2026-05-07T03:00:00+00:00'
[2026-05-07T04:31:01.211+0000] {sensors.py:45} INFO - Market open check at 2026-05-07 00:31 ET: False
[2026-05-07T04:31:01.240+0000] {taskinstance.py:2658} INFO - Rescheduling task, marking task as UP_FOR_RESCHEDULE
[2026-05-07T04:31:01.264+0000] {local_task_job_runner.py:234} INFO - Task exited with return code 0
[2026-05-07T04:31:01.302+0000] {taskinstance.py:3280} INFO - 0 downstream tasks scheduled from follow-on schedule check
[2026-05-07T04:46:01.838+0000] {taskinstance.py:1956} INFO - Dependencies all met for dep_context=non-requeueable deps ti=<TaskInstance: fetch_market_data.check_market_open scheduled__2026-05-07T03:00:00+00:00 [queued]>
[2026-05-07T04:46:01.848+0000] {taskinstance.py:1956} INFO - Dependencies all met for dep_context=requeueable deps ti=<TaskInstance: fetch_market_data.check_market_open scheduled__2026-05-07T03:00:00+00:00 [queued]>
[2026-05-07T04:46:01.848+0000] {taskinstance.py:2170} INFO - Starting attempt 1 of 3
[2026-05-07T04:46:01.862+0000] {taskinstance.py:2191} INFO - Executing <Task(MarketOpenSensor): check_market_open> on 2026-05-07 03:00:00+00:00
[2026-05-07T04:46:01.870+0000] {standard_task_runner.py:60} INFO - Started process 1087316 to run task
[2026-05-07T04:46:01.873+0000] {standard_task_runner.py:87} INFO - Running: ['airflow', 'tasks', 'run', 'fetch_market_data', 'check_market_open', 'scheduled__2026-05-07T03:00:00+00:00', '--job-id', '1461', '--raw', '--subdir', 'DAGS_FOLDER/fetch_market_data.py', '--cfg-path', '/tmp/tmpaxf4jxi4']
[2026-05-07T04:46:01.875+0000] {standard_task_runner.py:88} INFO - Job 1461: Subtask check_market_open
[2026-05-07T04:46:01.947+0000] {task_command.py:423} INFO - Running <TaskInstance: fetch_market_data.check_market_open scheduled__2026-05-07T03:00:00+00:00 [running]> on host reddit-pipeline-vm
[2026-05-07T04:46:02.063+0000] {taskinstance.py:2480} INFO - Exporting env vars: AIRFLOW_CTX_DAG_OWNER='pipeline' AIRFLOW_CTX_DAG_ID='fetch_market_data' AIRFLOW_CTX_TASK_ID='check_market_open' AIRFLOW_CTX_EXECUTION_DATE='2026-05-07T03:00:00+00:00' AIRFLOW_CTX_TRY_NUMBER='1' AIRFLOW_CTX_DAG_RUN_ID='scheduled__2026-05-07T03:00:00+00:00'
[2026-05-07T04:46:02.081+0000] {sensors.py:45} INFO - Market open check at 2026-05-07 00:46 ET: False
[2026-05-07T04:46:02.110+0000] {taskinstance.py:2658} INFO - Rescheduling task, marking task as UP_FOR_RESCHEDULE
[2026-05-07T04:46:02.127+0000] {local_task_job_runner.py:234} INFO - Task exited with return code 0
[2026-05-07T04:46:02.166+0000] {taskinstance.py:3280} INFO - 0 downstream tasks scheduled from follow-on schedule check
[2026-05-07T05:01:02.811+0000] {taskinstance.py:1956} INFO - Dependencies all met for dep_context=non-requeueable deps ti=<TaskInstance: fetch_market_data.check_market_open scheduled__2026-05-07T03:00:00+00:00 [queued]>
[2026-05-07T05:01:02.826+0000] {taskinstance.py:1956} INFO - Dependencies all met for dep_context=requeueable deps ti=<TaskInstance: fetch_market_data.check_market_open scheduled__2026-05-07T03:00:00+00:00 [queued]>
[2026-05-07T05:01:02.827+0000] {taskinstance.py:2170} INFO - Starting attempt 1 of 3
[2026-05-07T05:01:02.859+0000] {taskinstance.py:2191} INFO - Executing <Task(MarketOpenSensor): check_market_open> on 2026-05-07 03:00:00+00:00
[2026-05-07T05:01:02.868+0000] {standard_task_runner.py:60} INFO - Started process 1088285 to run task
[2026-05-07T05:01:02.873+0000] {standard_task_runner.py:87} INFO - Running: ['airflow', 'tasks', 'run', 'fetch_market_data', 'check_market_open', 'scheduled__2026-05-07T03:00:00+00:00', '--job-id', '1462', '--raw', '--subdir', 'DAGS_FOLDER/fetch_market_data.py', '--cfg-path', '/tmp/tmp2xm71gvl']
[2026-05-07T05:01:02.875+0000] {standard_task_runner.py:88} INFO - Job 1462: Subtask check_market_open
[2026-05-07T05:01:02.953+0000] {task_command.py:423} INFO - Running <TaskInstance: fetch_market_data.check_market_open scheduled__2026-05-07T03:00:00+00:00 [running]> on host reddit-pipeline-vm
[2026-05-07T05:01:03.071+0000] {taskinstance.py:2480} INFO - Exporting env vars: AIRFLOW_CTX_DAG_OWNER='pipeline' AIRFLOW_CTX_DAG_ID='fetch_market_data' AIRFLOW_CTX_TASK_ID='check_market_open' AIRFLOW_CTX_EXECUTION_DATE='2026-05-07T03:00:00+00:00' AIRFLOW_CTX_TRY_NUMBER='1' AIRFLOW_CTX_DAG_RUN_ID='scheduled__2026-05-07T03:00:00+00:00'
[2026-05-07T05:01:03.090+0000] {sensors.py:45} INFO - Market open check at 2026-05-07 01:01 ET: False
[2026-05-07T05:01:03.090+0000] {taskinstance.py:2360} INFO - Sensor has timed out; run duration of 3604.278451 seconds exceeds the specified timeout of 3600.0.
[2026-05-07T05:01:03.112+0000] {taskinstance.py:1138} INFO - Marking task as SKIPPED. dag_id=fetch_market_data, task_id=check_market_open, execution_date=20260507T030000, start_date=20260507T050102, end_date=20260507T050103
[2026-05-07T05:01:03.169+0000] {local_task_job_runner.py:234} INFO - Task exited with return code 0
[2026-05-07T05:01:03.218+0000] {taskinstance.py:3280} INFO - 0 downstream tasks scheduled from follow-on schedule check
